2660
1127
532
9785
8260
8493
1060
5725
7260
5240
6122
1915
9777
8075
2060
7423
6896
8019
3235
6277
5397
9544
160
5885
4263
368
1266
2894
7607
8159
5702
3402
6433
9611
5759
618
6121
9526
6579
8664
5738
4621
2278
8736
8039
3298
3493
7325
6245
6907
9656
1477
6611
410
3618
9026
8549
9971
5892
4080
9560
9948
4092
3141
2077
100
9175
6235
9172
1826
1511
3075
2719
9467
9892
2040
7913
7321
1239
8683
2445
2793
3036
8028
3959
6914
192
8923
9744
7258
9146
3054
3881
9762
8622
2910
1089
6505
8946
801
6157
4361
3095
5940
2493
9734
3122
3263
8565
1601
6743
4296
3849
6400
8335
5165
5614
2964
3150
8778
2286
7757
6137
4607
2244
8166
1520
2044
9956
9690
8217
1054
4056
7702
5532
8932
3248
2923
1547
6906
8861
9870
963
5797
3987
7215
108
8227
1973
9434
3931
2873
747
5452
5257
4507
8296
157
7334
9145
4055
4611
5022
2020
5252
9671
1038
8084
1911
479
3147
5010
9931
7571
1476
2452
2392
6237
800
1979
8433
5658
7118
8787
1564
4493
3742
3194
2633
2382
9131
8694
3195
9296
1934
4739
8852
7707
7331
9648
791
4020
7923
9966
4127
9880
2409
4700
3376
7738
3914
1400
2649
6796
883
1739
432
4985
5158
5058
4414
957
4908
7426
7484
3222
1175
814
9976
8948
6488
1588
9333
6412
7463
2366
6824
3317
8088
2522
8416
7950
3787
6378
9635
248
8393
7320
3509
4255
5882
2024
7651
8596
5364
5071
6038
9125
235
7660
9004
6172
2001
2967
9035
9471
5260
9970
5815
4103
3709
5717
6699
7040
2859
7791
6429
561
7727
1143
5174
5569
4281
4343
1284
3160
8170
5862
9953
2739
3736
9591
5231
79
1453
9994
1972
904
5405
5549
3106
7200
2749
6631
142
5564
4147
6892
4455
3696
8936
5462
280
243
1681
2112
7980
1069
2188
7245
710
8234
9621
7800
3378
8003
5151
8100
8063
4426
7193
4647
6243
3593
4039
2530
4040
5064
5337
3582
6258
5417
9978
7225
2095
143
875
1096
6305
7228
7155
8927
6145
931
7649
3500
6221
1428
4944
5951
804
1699
5143
8695
4792
1294
5756
2682
9878
5357
1595
3427
1761
6932
684
4250
4895
7888
4722
8581
2753
6174
1169
8786
5975
5850
1790
5087
270
2939
3361
2099
7963
3870
6504
4875
4221
9524
585
1800
3554
5012
3431
6754
4085
4029
8939
1447
7595
699
7781
7599
1634
4819
4162
5066
6196
4645
4783
4018
6541
1545
4253
4816
9728
4635
7207
9946
6056
766
4108
9094
6709
7573
1094
2616
8303
8836
1421
8194
7278
3789
1658
8078
5944
5487
7859
5667
8387
9178
4349
9110
3066
2679
3166
5969
8513
9186
9959
5371
3340
8142
4036
2131
2691
9787
212
9933
7138
1760
5511
4241
6457
1274
3488
371
8666
5159
6063
7161
8709
287
5443
9832
7499
647
2241
8132
6749
3478
9391
7399
7616
2524
8035
6147
8937
8807
9137
6886
5766
7119
3640
8712
7313
3643
9876
5385
5954
4224
9239
3037
2758
3148
8884
6255
790
9348
6198
1367
7953
1596
8641
9636
3751
1965
3677
8423
1841
3227
1580
8435
5267
6382
2402
9050
210
1132
8246
4345
2756
8753
9373
7716
4137
1214
2457
8770
879
3321
1555
4226
307
7968
4124
7976
7682
6320
3328
9873
3698
6551
4847
4918
3971
9385
3034
8826
6042
5585
9566
231
5062
5746
4417
8275
7833
9584
1178
6127
6108
3313
7809
4358
4886
7112
2388
4723
3611
2441
5722
4451
9461
8822
6153
3668
7050
2174
876
6453
5304
7227
6718
9624
44
5213
482
4342
9819
4540
2398
4086
2232
6994
568
7384
9470
2145
9555
7591
5133
9620
1257
8378
677
7799
3548
5821
6050
999
2346
8893
385
7413
2181
9023
3599
8675
4249
5118
5225
6702
8484
1417
9164
8619
1771
5512
2623
8040
671
511
2479
3319
3352
3056
3149
842
4568
9126
3022
9767
6476
7083
4976
617
2751
4307
2970
4768
3779
2041
1357
1995
1113
4650
5467
612
8007
4403
9091
1362
7019
3876
544
833
1627
1313
1188
4062
9064
2992
2449
3299
3372
6189
9691
1813
8372
3883
4350
1794
6588
5068
6708
4987
2720
2732
7918
4916
4453
9087
2151
6373
5916
8062
1107
8363
430
7656
7566
184
3560
3592
4513
7028
5705
1586
5602
3287
1238
829
3476
9855
593
969
705
4276
7264
9510
9249
9623
1192
6376
4377
3219
1929
5901
5106
1265
4631
7103
4986
2773
3951
1163
7989
5927
1698
5219
3624
6888
7441
6955
8087
9581
5427
1566
4061
763
3774
9046
4664
7709
4120
2475
5637
4831
5621
8816
5104
3734
9201
7935
5271
3644
8282
7632
3183
5065
1241
7622
5876
3010
1807
4873
8252
9223
9115
5958
1327
9127
1804
1609
1053
7176
7504
3591
2965
7668
2191
730
7946
9736
4397
9630
2685
7722
6436
7425
8468
2472
9393
31
5503
620
3836
9717
5442
3945
3021
3651
6248
9697
9073
2817
1416
1521
5479
1
9856
2240
971
3937
3726
4977
1833
133
9323
1359
6799
5142
3961
6430
6139
2202
8924
7284
8391
8274
9340
2167
2420
4423
6214
8092
1411
3524
3859
99
6698
4006
6832
8754
665
1408
8345
5275
5594
6322
4760
2170
1469
4524
5840
1106
619
3906
9595
8690
4326
1503
4748
7175
9809
689
1092
7382
7015
6340
936
1058
2767
6801
3125
4088
1834
7990
2273
745
6669
8978
429
3409
9180
7539
9585
1967
2635
7999
9576
9687
6930
14
7594
7026
7855
6585
3746
3535
4861
8379
428
7952
7274
6307
5500
9915
7038
4680
2190
7823
9154
2950
7226
2347
1738
356
9577
4449
5177
1348
9903
3969
1484
6872
4478
5543
5440
4953
236
8603
5162
515
7031
7545
2338
8642
2678
9435
1071
6125
9076
1256
6092
601
4302
3450
1439
3081
2955
1795
4531
5119
9619
2495
2606
7476
4758
3119
7868
9713
2951
30
5919
1193
2990
2245
4261
2428
7172
5171
3237
3137
9344
692
165
5161
555
1281
5363
9208
9466
9934
1766
8625
6422
8841
7763
347
5635
8067
3722
7440
5675
3583
83
4501
3196
8471
1270
7000
3465
8902
4443
2608
8364
9629
9957
2680
9082
82
2883
2100
787
8162
7157
637
5603
780
6070
3872
4152
9240
5284
6730
9650
5817
5572
9679
7715
6015
7422
4684
7014
135
3813
7875
6166
4814
4273
9836
6584
1039
6279
8799
792
696
7316
1700
6238
9160
4182
6746
5262
8355
1014
239
9634
7178
6264
8164
3135
8081
1816
939
986
587
8331
1063
2641
476
3545
2364
7736
2794
7617
551
5406
4663
690
4924
317
8348
7981
8585
209
5308
9551
8172
3462
5306
3743
1185
7246
4385
5253
1764
4482
1264
4285
8919
9606
2473
5391
5679
274
6162
4798
1514
5845
8749
3051
2431
9866
1383
2196
5700
8340
4394
9638
3434
5853
6633
3482
6982
1626
4942
1936
9764
1500
9205
2361
7644
7342
6434
3786
8304
1100
4867
7394
9382
7285
2744
4305
5358
2906
3042
5099
4687
5226
9985
4413
6290
3852
4551
864
4651
8553
7084
9751
6308
4979
2169
4298
2741
9955
6593
3758
3600
1130
3846
5163
6168
7371
6765
9123
2135
6889
676
8291
7472
8842
1953
7217
4743
4386
1116
8074
5843
9702
8417
8080
8614
8219
4964
7787
3357
7356
6079
5888
5136
9883
1772
9789
4966
3925
6734
5893
6988
8959
8775
8373
5590
7957
2454
1754
898
1896
3355
1940
4115
5061
1317
7151
7674
6951
6392
8747
260
3854
2288
7471
7294
9352
6567
5200
8449
2331
2626
6543
3934
913
7509
6676
4164
3419
3873
803
519
7167
208
5092
2610
1252
1835
9504
5800
8830
9089
5987
8365
6563
3904
3155
5044
1007
3330
3267
5187
3542
9627
1812
8665
4151
32
8780
1762
2013
2320
6719
2104
9426
2726
1184
6991
7442
9797
1183
254
4025
5567
6203
6680
8476
1118
2869
8094
7220
4923
40
3539
1639
7583
6072
917
5599
4376
6530
5834
6733
5941
2509
9722
2500
7737
378
7673
1536
7396
1004
9445
746
8698
3326
3513
291
70
8715
8853
8285
9230
2847
5287
9664
1115
2903
3730
8324
4102
8605
4054
42
8743
3913
2253
9247
5721
1325
5754
3300
5110
6150
7637
7229
3078
6001
8803
6365
4035
4812
3878
7362
5938
4991
2980
5222
3104
71
8558
8221
6053
5496
9752
6640
9601
5763
360
3895
8193
444
8685
784
2947
5799
4389
4652
5491
1217
1398
9447
7453
8332
9987
96
9456
2710
9016
4047
5402
9264
2556
3540
7996
4539
382
224
8149
2806
3903
2211
121
8703
541
9483
6753
735
2092
6016
1854
4450
725
2718
7311
5715
2183
8616
2246
9292
348
5997
3752
901
4266
9908
1730
4674
1524
5538
1458
4382
954
6130
8044
3960
4688
6521
8891
6299
7830
8576
559
1122
9600
5573
109
2820
5359
3387
654
2481
1138
9012
8212
9586
8456
4804
4229
4922
2534
9451
7789
8781
1245
7596
4945
7433
4941
3467
560
3993
2577
3485
2957
2411
5924
2487
5400
1818
7043
4843
5872
2019
6325
1625
3519
5672
7344
4799
2638
5636
7949
101
4679
7948
8189
9851
4715
9231
8943
6618
604
7108
623
5208
1707
626
6715
5714
1368
3448
9375
7209
3929
8102
6689
1805
2300
3178
8536
8481
8739
7240
1676
572
3877
7370
2397
9414
5617
1957
1272
7929
6212
3714
4721
4571
7924
26
5642
1774
539
3745
386
6996
3084
1565
8367
5852
7885
5974
1378
9659
8878
4885
5577
6295
5506
2922
1575
5209
7705
631
1196
9540
7613
2123
9295
2298
3702
1006
302
3356
5047
8632
8310
8635
7805
421
7068
6546
9364
5539
2919
9107
3405
7239
4351
6284
7874
6842
4969
7464
6933
9703
9332
404
7276
3124
2128
299
5360
9945
6820
9999
5802
4933
8163
9973
807
6361
1921
4565
5640
1246
6136
5352
220
1612
2460
7721
3331
9113
1525
6800
7304
9003
9853
1869
3358
3486
9053
5634
9589
1956
1017
2523
178
4919
3991
9245
2238
5810
4192
7982
8450
2727
5168
6838
1930
6159
1616
7447
9092
8682
6462
3495
9911
4517
6963
5832
2845
8916
6670
7482
3224
1306
2160
5632
8216
1150
5424
918
3369
3963
9346
8323
6283
4740
721
8461
1732
2312
7942
9406
5093
226
3367
1574
5531
859
7391
1483
5595
504
4174
3322
5486
5502
8531
7049
2333
4322
7828
392
4603
8727
1697
9986
7351
4213
7852
5762
4252
3039
8538
951
4528
558
8182
1549
6171
4114
321
9291
7455
4811
5622
2595
5516
4258
1430
6882
8352
8086
4619
7113
2503
6656
1005
1578
8013
5769
7032
2410
2914
9358
8886
6447
7286
4629
4211
6739
8791
1568
4003
5887
2469
8233
8406
8466
238
5548
974
6357
3167
7793
7289
9781
9215
111
9151
9221
2008
8390
3782
3957
3381
1456
7044
575
2631
9612
2354
7658
5742
2943
8821
8382
4121
289
9217
370
9353
7190
1753
2958
9135
9818
5100
8097
5657
188
7389
8224
7701
9147
2713
9761
6576
4575
8146
6452
8439
3985
1689
9027
6448
2702
9708
4997
1687
2037
6528
1062
7065
6076
6583
8984
2105
4014
2327
5459
3269
2791
8971
8386
9936
9407
362
3156
3107
7328
51
485
7906
7886
2892
4719
9227
2591
7359
1070
5188
2908
1881
9877
9363
5886
3364
3805
2669
622
2456
2442
9493
7751
848
6012
625
9122
315
4627
3468
2940
3590
4961
3477
598
9669
1322
4793
1231
9002
8442
757
5890
2986
8571
8473
7086
240
2760
6185
9195
7341
4150
4363
7415
9498
7700
4408
6098
4869
8131
1282
2565
5964
6642
6697
3671
5444
7445
4007
2264
5606
9271
1316
3093
7732
7188
7352
3577
9232
1859
6369
3543
8662
9599
2646
5198
5784
9610
3669
2359
107
1496
1036
8133
6931
5437
8966
5529
8388
6666
2788
8699
9229
8344
9213
2722
9051
2371
4599
8128
8680
3241
6574
5979
989
3251
6409
5668
1451
2140
8317
2356
8757
7122
4311
4485
6135
530
4129
932
7182
6919
8977
1289
7843
1585
6013
3002
1867
2899
4246
8645
9733
6478
7563
6781
2318
8055
6992
4898
6880
5809
4639
8090
9779
8590
2819
2251
9203
7972
1019
4160
8262
1403
6164
6285
9727
7807
3373
2489
4932
9109
6767
6742
7936
2386
9425
9673
7756
8650
9715
7039
984
3168
1468
1248
2404
7811
958
6385
9874
816
4582
6998
9979
5393
1920
5792
1173
8341
5338
4948
6474
7073
8186
4562
4084
8847
5017
9489
9342
375
7329
2880
3917
326
5932
5305
2043
1704
4096
4447
4874
1030
8980
6494
3804
1720
2292
7273
6176
8211
6848
9844
9895
9403
2686
4840
6236
722
8412
7792
6414
3461
538
860
1384
5687
582
553
9044
3433
5190
6602
1963
2360
1288
9571
1861
9408
1046
9748
9265
4622
9900
7036
867
6250
6440
6099
1891
1631
4762
412
9119
7310
2088
3366
2881
3820
4564
4600
5025
4140
6970
8597
6324
8859
4556
5555
9377
4094
8981
7630
4826
6152
5265
9189
4225
8651
1884
434
2889
2755
7659
9839
9372
1752
4371
3785
3562
1822
4589
1980
2444
9200
3186
7966
6358
8320
5367
2395
3234
4894
8824
2458
2571
2228
4469
3976
1222
2647
8191
141
1310
8684
9602
8101
5895
1591
469
4850
6570
5448
7606
6538
9731
4303
4346
5926
7780
1492
1628
3900
3832
7076
5302
5349
5453
4474
2042
1584
4456
9484
6986
6852
9326
4749
9631
1499
3370
2438
5038
5090
5775
3455
2281
4580
9891
9302
902
8953
2176
3406
41
8851
9962
7092
9794
6763
4196
7069
5959
396
4071
2072
2857
9136
9383
3140
7056
343
5081
6788
5992
5239
7380
7775
4206
9281
2693
4331
8660
6791
477
589
5107
534
4042
1486
2323
6664
2341
4441
3811
9167
8124
1079
6725
5075
4034
4636
5563
851
2447
6497
4939
4505
5269
8037
3915
6451
6123
2334
9575
5268
6944
7355
3721
5767
2559
3719
4138
8835
2563
4123
3893
1136
3460
8915
3473
3638
5140
6114
6227
2315
6291
1858
2972
4489
7214
1273
6813
3475
129
2235
4960
5847
2158
2643
5663
832
6865
2664
4375
3874
3760
258
5248
1792
5450
1111
3306
657
9103
3345
8785
7692
1301
9427
7927
320
6751
7438
334
3718
2231
3910
1366
9531
5126
5233
2252
1505
9460
3660
7635
8339
1319
5255
4497
4126
3989
1446
6878
9316
5138
7589
8687
8326
6286
3847
8578
5653
9226
8023
5650
7907
9009
72
9897
8208
6191
1041
7080
4588
2593
4109
8639
9256
9394
8812
7506
1610
146
4818
3770
3382
591
4555
5696
7216
8187
145
1849
2659
3882
7392
5125
3371
5788
2498
6229
2849
8692
1356
5556
1939
8112
5430
3617
8321
5290
1561
1044
8832
2126
4824
9974
5523
7368
2784
6863
9910
4112
9928
9614
7909
7197
1391
6389
6836
9449
2575
8796
1334
8572
2296
741
5552
6073
4000
4013
3972
4087
4610
4242
6773
3833
4614
4848
720
6211
2504
4288
281
9308
5172
9922
9349
3898
9556
6359
5522
571
4602
1649
4347
4446
2602
6925
1223
6353
9846
1765
3068
9723
2828
2424
7150
854
3027
4649
3035
1672
8293
4243
7851
7710
9310
5870
9807
492
2165
4436
1074
4820
2483
4994
4713
3871
4359
2580
9867
9366
1709
4461
874
2887
639
900
7378
5170
5362
3240
3190
8591
9441
5094
5351
3012
2370
6106
9539
2470
5953
4854
8225
1278
5409
6213
5560
3000
6113
5835
9452
9944
7233
9771
6041
3117
1824
5647
6107
7486
6021
4486
4956
1353
1637
3681
1374
98
2673
2960
6995
2373
7282
8514
5758
34
4750
5310
1102
6922
7905
5317
1204
916
6518
4929
8975
3701
3851
9301
2063
7987
6557
67
5551
7788
9129
964
6199
2179
8214
6184
4653
9311
2186
1080
7686
5169
7550
3875
4372
7930
8697
405
670
822
8475
3680
5673
6167
9490
8006
9062
1243
9927
3001
2715
709
9840
3556
4637
5074
6311
586
9150
4125
3443
6953
3537
5616
9705
714
7074
3100
2548
8369
2496
2418
4304
6133
5902
2295
5931
9710
5546
8801
5734
1191
8545
9863
2946
3992
8992
3243
1808
4726
5963
8488
3334
4737
2797
6890
3869
5122
3163
1776
6610
6980
531
8511
1460
1341
8243
1154
9947
6637
6600
2855
8879
5844
5084
6651
6200
2177
90
1081
3866
4312
7694
6798
1497
8409
9507
817
9043
290
8982
9902
2406
1156
4655
9920
7554
7536
2987
5896
6318
4825
1064
407
1987
5069
9500
5760
5580
1638
144
5194
2937
7101
6660
4068
5345
8176
1110
1174
8863
6439
1785
204
956
4594
2856
6293
7600
8527
8138
9857
9954
8868
278
180
8082
4856
366
3177
3557
339
6976
4519
4177
4419
6915
4624
8530
6748
4278
1821
5227
4879
9235
3569
2665
5433
1507
7095
7755
9430
7337
3265
1480
9675
5344
3685
7836
4618
7750
8061
1903
2163
4871
8554
9681
4352
6519
6961
8017
1234
7428
113
6275
8833
438
1851
2294
8306
7196
5080
7041
3046
5666
3252
5753
5131
3489
3492
8072
5768
388
9993
7655
6868
6634
9052
1197
1082
6977
9824
8407
3368
4802
3422
5794
151
9919
748
4751
5578
5281
6687
2459
4049
206
2173
5856
7619
4428
4410
7403
5157
4729
4630
5309
4065
9735
5676
5234
664
91
1409
1290
5014
8425
446
6794
8947
4100
2272
9459
2655
2299
719
2844
2308
115
5274
3720
1314
6910
759
8292
8
6067
2725
197
1724
4280
7110
8862
349
6498
5703
8021
2214
938
6885
863
1139
4550
5401
3102
4172
577
4487
3393
2792
2097
2782
3199
86
4076
186
4203
9647
4181
2324
4368
8667
5348
1061
7538
1898
2823
1142
4548
1097
9462
5369
8205
7376
843
8052
5256
6536
2068
4009
3008
8126
4032
1582
8657
3799
995
1338
2716
8738
8892
2164
4778
5488
9031
7986
1059
9525
9652
6267
2676
9
5586
7340
4790
9288
1328
1581
4855
6577
6869
1871
1977
4747
8342
6608
3596
2439
9173
8195
9111
3215
884
915
1530
2705
3238
6177
6323
3525
8231
7961
1293
4695
6650
9224
9351
6729
7945
4197
425
4158
565
3424
2615
6112
9845
4012
7770
1457
5897
6559
2936
5648
5332
8570
2491
7687
4890
3658
6945
911
7288
8941
679
8617
6874
5291
8027
2721
3686
4696
8848
4370
2002
1777
5838
4877
257
7822
5238
4378
6850
9905
5456
9790
8270
2668
305
8239
1133
3979
2218
7841
921
2884
5059
4101
9054
9258
1847
6636
458
2850
4640
2514
9514
2684
8944
9077
1422
8871
9714
933
2675
952
8952
9881
3067
3907
336
8106
6089
4709
899
2425
9527
5376
4846
3316
3780
1075
6131
5115
9494
9374
3193
5507
2108
3077
2807
2658
4230
3741
6685
390
394
2427
2997
156
3112
81
1085
650
9074
1124
7354
8510
9768
6844
6957
7158
3995
924
3158
7803
4532
6404
2535
131
18
3559
9529
7457
6571
1056
5193
5499
4830
1320
8814
4134
9668
3273
3309
4294
5096
8083
4437
8881
7626
3821
9554
5220
3918
3375
3333
2769
25
4289
9330
4714
4472
7480
4235
8896
376
8612
3498
5670
836
5971
7010
6352
3063
5412
3510
5095
3233
1981
2834
6336
2237
2363
8931
9997
5913
9801
491
5481
9835
5334
3756
1126
6273
3040
1701
4982
4228
7023
7541
4105
7973
656
3887
2229
1199
9088
7928
6690
3096
7133
9423
3641
7061
1146
6160
8109
5055
3547
3656
6403
5356
1669
8533
4444
6246
8033
8209
1194
7418
1412
2956
1227
6720
2492
1449
4817
7592
4863
4021
6847
4590
4390
7931
9041
2627
861
3131
472
2365
4876
3028
5303
218
1562
8441
7460
1784
9060
655
3025
9328
2818
1431
4091
6384
9432
6672
4227
1897
649
9475
9132
510
3187
7232
1727
20
1852
8447
1114
8192
7647
3631
4889
1961
7891
8720
8905
7975
7798
2576
8024
4832
9412
6759
1543
3481
9523
4796
2339
967
1758
3412
152
2139
1657
1454
2343
4605
43
3245
9056
2221
7676
6655
9615
1526
8432
1744
2555
4329
8838
1349
9660
3958
6496
4865
9019
6471
7420
2737
758
8230
6477
5925
9686
9244
3072
6841
6659
7194
1876
4970
1866
855
9535
182
9354
1186
810
6599
2780
4596
4398
3860
4207
5004
1843
9080
5434
8714
734
1546
3694
8279
9257
1355
9446
5460
2628
36
5791
7252
4512
1207
5867
4658
808
7689
7574
8744
9712
5807
2066
4752
773
9984
2434
4686
961
7163
5980
4380
4656
1537
8095
4775
9901
288
5476
8258
6881
812
3637
6787
573
5207
21
3943
3129
6197
1095
5837
6789
52
2549
9272
1351
2692
4344
8174
4395
1209
1275
8620
437
3133
5790
776
994
1443
3159
5011
4427
6745
9719
4530
6535
2450
6514
4975
8222
5723
7336
8933
9700
9179
7894
5241
6516
3713
9096
2938
1837
3223
9273
862
5879
314
2430
9075
3766
7301
2062
5381
7021
2953
2133
5008
4828
395
5221
155
6090
1815
6810
313
849
1269
5326
4638
3070
857
4623
1385
9275
7315
8422
2667
8526
3561
9278
3226
8563
606
7857
5806
8994
9343
7467
2471
5295
9849
9192
2239
8057
8798
1853
3634
1729
6897
8942
1240
8383
2778
3293
6020
5596
4998
8631
1308
9068
6417
666
4470
7306
5831
5431
4921
4406
4764
9072
7552
6962
5372
2983
1922
4518
1260
3983
6601
6329
1865
8202
2878
3311
6658
2870
3415
1181
1592
4822
7520
9298
2911
2121
3421
9720
332
5429
2079
4515
8464
2533
8776
985
5581
7772
3981
7941
3654
8257
7318
4938
49
1034
6614
150
9817
7761
1717
5970
8153
7016
624
8880
9191
4604
1519
4914
5557
6175
4454
6232
3076
4168
3834
3863
5605
9289
7268
5526
6526
5399
3801
1286
1147
5045
5576
9969
2822
1863
739
6116
5988
3108
9010
7765
8054
502
6522
2977
4198
9013
881
3830
3791
6472
6330
2876
7516
9838
22
9219
8228
4483
9802
4880
443
1621
1952
1135
8156
2309
5713
9007
2
1232
7766
4770
8244
8256
5224
9803
2124
9424
5042
9570
4913
7126
1806
9481
4325
4864
8542
7921
8350
1554
6793
6575
4316
7168
3930
6564
7332
885
7411
1706
6278
6803
1035
1255
6205
3394
5972
845
267
6468
1296
1840
2624
7208
3469
7640
1057
9319
1459
2032
3404
9246
1670
445
1611
2517
4957
1615
1856
1280
2147
1864
1493
1195
3377
4516
7820
4852
9916
8593
7749
29
3344
8343
5708
919
1410
1346
4332
3116
7333
1380
6769
6662
1352
8123
6183
455
2618
8015
6981
6093
8544
5789
4535
5466
352
4171
529
5776
7443
5863
3896
7725
8158
7726
1437
8677
5077
2285
5124
393
1659
5851
3256
9318
8060
6673
5116
6475
755
105
2304
528
6694
1261
5296
8710
2462
6812
4585
5510
6110
8721
3579
2900
3230
9410
5428
7184
8139
1215
1467
3564
8316
6714
5571
4321
5251
9607
1726
6909
4833
6818
5297
5057
5811
2367
7052
8630
2270
4081
5150
4
8169
2589
3259
9597
380
5628
8073
5536
545
9827
5098
1666
414
6899
7146
6008
7280
9093
8515
6761
1850
6075
8550
8347
4934
9390
4384
4191
5864
6540
2171
3550
5778
8889
9661
9416
8368
7675
237
2765
4274
3006
3964
3242
736
8337
2259
1065
7035
1251
9594
9458
9613
8867
1013
3400
4511
6254
2419
7754
3091
7263
5484
9670
9952
5489
1253
4256
4543
9950
1742
1415
4090
275
9749
3351
1573
4958
1523
2336
2637
7081
7866
7871
596
3935
5005
8901
9516
3262
5855
6158
8654
1365
4369
2709
2592
9102
6479
1360
7124
7319
3672
2477
6758
5946
838
3283
9502
2064
6501
5313
1225
2070
1969
1788
1606
9899
122
6244
4660
5629
3282
8839
68
4362
5470
7075
6855
3204
9420
6438
2771
7269
8308
1024
329
1168
6597
7470
9546
7951
578
8850
9482
9079
5123
7408
6344
175
9645
3739
7063
5509
7381
2743
6104
9283
7556
3152
2882
5089
6134
1208
928
4682
7688
9211
8860
3210
5782
8722
6627
3837
1635
7777
3511
7109
7385
7967
3413
9608
9569
2740
6629
2260
1049
8415
5945
3032
5135
7555
5288
3295
194
5695
4295
3101
9081
2605
195
2378
7241
2730
2387
5111
6118
1844
5993
8452
5550
9337
5720
4915
858
6973
3451
6304
9176
6188
6395
3700
2006
8374
7971
5701
4773
7292
8912
499
6480
3260
3626
2558
8825
9823
7454
1369
9888
652
6744
1481
6653
8197
8968
6883
8070
7251
6683
9949
4173
8898
9756
2994
3136
5236
9783
8119
7718
3639
5446
5420
2768
4051
4155
431
4809
2536
3480
2455
2061
3338
6415
2929
9040
5827
5101
2437
2098
6231
5245
8210
7027
3053
6490
9313
740
3975
4185
8800
5861
8180
6423
7586
402
6064
4746
1354
7358
4995
337
7034
114
7943
7639
9730
7202
373
9515
5461
1594
3858
5336
4458
2468
4917
3705
2711
8346
8795
5283
7988
6805
5966
9558
6569
7994
464
9796
5598
1842
4755
6667
5798
8629
6802
8823
3589
9197
4011
5325
8991
2220
5164
9362
6502
4159
2157
3723
6082
908
732
2552
27
1723
3094
4558
1633
3304
1292
8621
4720
962
9321
331
1361
794
1675
9578
1472
9580
522
4730
8498
7704
3727
5745
8053
6019
3879
4498
3047
8404
4772
4883
9121
3928
9788
3474
2407
821
4504
5145
3349
7465
3584
9810
3807
693
3436
2805
5610
338
7132
9791
381
3612
4199
128
9183
5669
3710
6084
5031
6732
8661
1819
9140
3080
9168
2525
688
6312
8517
646
4544
3749
1802
4735
9564
4481
19
2058
4767
6587
6772
3446
8577
8723
1009
2683
1513
9320
1710
6346
4431
2485
9968
3740
2728
8917
8483
4260
9241
9285
3773
8014
5474
3016
2774
5842
2284
2325
6493
5340
770
783
7004
4464
6706
2026
478
1688
7210
9826
9437
615
3315
948
3867
8951
4643
8930
8573
3541
3464
3800
4662
227
946
7786
6178
1686
3953
1358
1713
2217
7842
58
8497
7166
6615
6717
9618
3748
1590
6402
8732
5579
6334
7303
1445
4668
8809
1076
6380
6766
9960
3659
4407
873
7897
9864
6281
5407
3835
169
9120
811
914
8819
4066
7503
2736
2537
4683
1418
1078
9199
2597
1857
8402
7570
9726
9772
7604
7914
1331
8478
2074
8105
8305
7257
3735
9290
2596
7018
4016
1394
9644
5189
978
6169
7960
1937
4264
5757
4494
309
6971
3921
9270
2089
1779
831
2138
2625
3041
1665
988
3693
9061
7962
8091
9306
3294
7058
7919
6204
4641
4445
1287
4613
3347
1671
9356
3388
2103
6029
1941
3097
5019
6902
8949
8504
7714
6146
1224
4745
9683
8005
8805
4424
5398
2014
7959
5289
6947
5301
3899
1432
7514
2051
7346
244
7017
6554
6913
2770
824
8437
5451
4111
3950
7741
4937
7895
1793
4552
2067
4905
3217
7892
6684
828
94
7459
7529
4439
3676
5559
997
5477
4853
4232
9709
9279
5623
4669
3922
1370
9000
9428
923
4110
7483
1161
57
9059
4015
480
5665
2269
7048
1998
4143
4234
344
7154
9893
1907
6427
5144
5772
797
6508
8459
6686
5113
6356
4936
8104
2212
470
5178
5761
8890
8313
5900
7187
744
9495
318
6143
9760
3192
5825
9262
1814
7774
8772
6580
1757
9095
5833
7631
3855
6542
602
6060
7933
3250
708
5858
1712
9297
416
8499
9816
3430
9141
1397
3549
9830
1103
751
7992
2872
4839
7653
1210
1692
3604
2786
7860
4183
4845
3466
8290
3164
1623
125
3471
6895
3445
3253
6949
1985
5698
629
6459
7087
4381
5508
8696
546
5939
6431
2349
7170
5469
3530
2200
3838
284
2604
2996
9926
2389
4536
2362
1783
2276
6265
7569
1235
1055
9499
8575
2205
8185
5692
5114
8389
4788
6665
6696
8338
8938
2201
2340
2027
3268
6057
8537
8556
5465
6831
1187
8669
943
5540
1894
4849
3622
9958
7883
6837
3270
3924
3325
9858
8679
7831
616
687
8203
7424
9941
4907
3864
2935
8465
9628
7806
880
785
2075
2084
2421
7322
2305
8311
6256
8380
7078
2017
8460
7500
2811
136
6242
5060
3009
8552
9314
8242
888
5733
6539
5730
9457
982
5299
2917
1016
3229
3264
2263
1470
1032
5217
8249
4420
9355
3274
8207
7562
1769
1134
8255
7733
2734
1873
7540
3214
7461
6091
3271
3636
4665
193
9707
8501
3980
1347
6128
2390
4145
1512
5662
9765
2848
2224
6645
9530
2835
8945
940
4694
1176
5202
2539
8844
3003
7808
1145
4357
847
9666
9465
6052
5535
8136
6039
5587
6225
8655
8618
7253
5841
8742
1902
6644
4742
4954
7338
9662
6688
9255
4167
65
6784
6443
4577
4468
9193
3665
909
6695
5780
815
2508
1517
1721
211
6467
5485
5911
2357
3275
4059
161
1870
8956
7393
6372
3952
2858
4279
300
9862
4208
9875
1003
6368
2488
2478
3296
7742
7299
1045
4776
4492
9259
7873
5597
7448
1485
200
8245
6513
6815
5331
4215
8165
5656
5497
7469
7849
358
2401
9982
1144
6954
798
1510
1340
1213
7748
4432
9829
2129
1875
2490
2234
3691
2989
6115
5678
1925
1916
2213
276
9099
6607
8236
110
2505
7559
3892
4583
2127
2144
3690
8120
7758
9293
191
507
5732
3744
8470
8492
7543
2216
3342
1491
9464
9811
9778
7699
508
1548
3426
4673
3029
5728
594
8804
5411
4379
7624
1202
6727
1066
949
5600
7760
3308
1705
2825
8777
703
4705
5378
2902
2590
8974
5002
4048
9350
7348
5103
8085
3580
9134
4612
5316
45
2405
2175
4725
8283
9745
8555
2513
7496
3030
2993
8856
5078
7106
2322
6259
8914
9814
5777
4779
3552
6367
7046
5869
4435
9486
8734
8118
8302
1438
5583
6916
5475
23
8858
7893
4736
6532
6821
3144
7186
6652
3757
4689
5805
5041
6997
7581
5649
8528
6548
6858
1489
1015
729
9165
6450
6823
9639
3608
7379
5957
4293
2988
7627
9861
3383
5620
4573
5686
526
715
3043
8512
9646
9869
8307
7769
2025
603
9388
3954
4364
7474
6087
4821
4967
327
4927
7429
3050
7548
8735
5751
1022
894
7247
5230
9521
8462
3420
3670
3453
9798
9450
166
7059
4829
6149
8505
1885
9533
2622
1533
4644
202
8129
7295
4625
635
2871
7478
1971
7856
3346
6337
5276
7091
6405
8266
8030
3597
7693
4188
4617
6589
8453
9963
1020
2076
6117
9643
1846
4681
7402
9740
6692
8300
1829
4050
9633
6523
8702
7645
2180
2764
9550
3452
5659
4574
285
8728
35
2380
3784
4754
266
1604
4176
4503
5001
1025
3504
1068
2141
9057
4075
3812
8873
5182
1798
5179
8636
2461
3977
7477
1820
1125
2543
5736
6435
2149
8259
5740
6985
8566
3320
435
3438
4336
5727
4525
5375
1037
8147
3064
8782
3778
9454
2868
600
3996
3506
3683
5638
2307
3824
5079
9117
8333
2975
8961
4214
4161
460
5828
7810
4374
8141
7339
9912
5955
3154
4308
4878
4950
813
9718
8583
3662
6565
9754
3527
9106
6179
8213
119
3620
7446
7829
9477
1478
6253
7985
3609
8069
8436
9640
6861
2311
5366
3120
9207
6678
7507
4287
8356
8602
5480
7009
5604
2527
7956
24
6294
3810
3019
3020
6446
3161
7013
7691
4063
6596
2012
1945
5986
9274
8178
7305
1487
2656
6939
325
7419
277
1042
3970
8843
4223
3565
3573
256
2115
5204
9282
2303
5561
4448
4421
7546
9417
5394
7410
6928
7105
4471
324
2816
1031
8253
1722
9153
9347
660
3932
1571
9429
853
3647
7922
9218
695
7366
6342
50
7174
6297
7330
3939
4841
3363
3664
4823
9894
6485
9813
8888
7230
1550
977
9443
6632
1617
9415
8309
844
2193
7553
9741
1741
786
7910
8634
2463
6190
5661
2611
1390
6929
5521
5223
4118
4973
6298
1318
5968
9345
7813
2851
9022
5197
8428
8226
2511
7669
9379
1531
4597
2118
1644
4275
1387
6302
6590
761
8908
1364
7462
8157
2159
3703
2203
5293
5374
8381
4805
190
980
5355
9312
427
680
4017
2717
6776
2662
137
1027
3880
1602
126
6094
1778
7029
9063
9990
433
8671
5873
5752
7723
6370
7680
630
7234
6411
8522
1407
9609
7367
930
937
7784
8396
7495
5747
9503
3157
6747
7290
8401
6260
2540
7079
5839
486
5984
1735
8263
7579
7643
1201
4701
1589
1817
3605
6239
850
8134
2355
4835
3181
1782
7995
5083
9438
5350
1931
3772
8640
9753
1247
1129
992
3113
1868
4572
5990
6394
1363
3004
6464
6622
6207
4480
2867
2004
3531
7213
1419
8562
4052
1344
4781
5891
457
704
9904
9453
9171
4194
7012
5849
8366
8482
8741
7236
4200
9152
1101
633
7008
2554
9104
613
7612
953
7224
2053
9433
2763
4578
1001
6604
5505
4672
3890
3403
5250
6941
7524
8763
2619
514
8987
7593
7203
9455
1913
426
9202
3927
7532
7343
8508
9267
8820
4678
2984
8181
2396
9401
9854
9419
3673
4920
3763
9142
3534
7398
7218
7608
4955
196
8267
6186
5341
367
6282
6058
7920
4037
9704
6002
7327
2316
7657
1563
2015
4968
5848
1376
9786
8089
3011
5748
673
1504
9032
7782
1189
926
7024
1890
7819
1684
2603
6327
2117
6705
890
1597
4803
8018
3754
6786
7489
2601
2703
5286
9590
5154
361
1159
834
5996
1991
4098
7609
8419
7729
250
3706
3089
8656
5082
3456
3246
7222
1488
2085
6313
5387
461
4943
6507
7219
3576
2136
7767
5914
4989
9174
6033
8569
1120
5688
1683
6416
3348
3538
750
6923
9701
5218
3202
3803
6289
441
4254
4301
4615
3118
4186
9682
7621
642
1567
7863
8568
7901
7662
8678
1542
263
3411
6778
6560
9212
6740
9034
7882
8503
9868
1490
523
7386
2384
2161
8179
9588
3332
3494
251
6301
9505
8408
6261
76
6668
8451
4093
3520
264
1279
5818
9890
7291
682
1750
1345
6969
5528
5196
4130
1831
9069
691
5929
1254
8357
1667
1149
9906
6628
9304
3110
4744
4393
6009
1855
2924
9029
2733
1552
8410
3341
9561
496
7551
5865
3625
2971
9980
8198
7641
1978
7007
2841
8607
7911
6566
6964
5392
4262
2054
743
5343
7665
2704
2155
7493
2578
7887
7979
5373
4661
1599
6233
1587
9105
9977
5063
8875
4570
5342
659
584
7752
7696
7940
6226
9641
2529
7179
7664
6399
7708
2545
9036
9887
6119
8469
556
5439
6827
4670
2330
7204
5933
5152
3502
6756
1737
7360
1912
3856
1463
2541
7610
3623
2029
882
1405
500
6573
4601
5652
7934
1508
37
2081
628
4330
2663
5923
8681
7519
2109
711
2642
3205
6938
7297
9243
4244
4777
4354
5212
7323
7590
3327
6105
9421
8688
6809
6397
6691
2759
3254
3365
335
4704
7
9317
1695
1108
537
2168
5285
9889
7082
674
7434
2256
2408
7094
9365
8093
4271
3806
7387
8784
9939
9698
4598
4782
7062
7326
9479
7512
4620
4193
621
6561
5273
5591
6537
7160
9804
3392
3555
9694
8600
3536
4323
265
4043
6860
6142
8237
5626
3566
8384
4078
5615
7111
9162
6071
5998
4978
6499
4089
2706
6280
1878
6138
4318
8056
4292
9812
2570
5514
5300
2735
1429
7324
1624
2209
4491
2482
8998
7350
1498
1955
7501
223
4952
450
5311
6044
1050
3057
2904
1435
8183
9098
8935
7605
1975
1440
8628
4201
7254
1233
1047
6903
7713
6529
9209
3712
449
4703
4216
5976
5711
104
9252
8438
116
2467
1300
7771
6721
6483
1466
7938
1152
6701
6410
7677
8463
3792
6445
8370
7969
8615
7848
9964
8375
8201
8584
2961
3447
5183
8200
9837
2827
8328
3109
3831
3483
1104
3209
3759
1789
2332
9198
5009
4926
3069
1205
9739
3497
6738
9879
5254
2885
8065
5575
1479
7764
4001
5408
3439
3661
3407
970
8624
1436
3909
9404
3546
9542
2879
524
947
353
2949
2629
271
8920
2153
2436
389
6737
767
8454
4499
4690
5645
1553
2009
1781
2585
9474
6617
1947
4219
3753
681
7395
4060
6492
6762
6777
6792
7272
6856
3775
9070
5796
6757
1651
5795
5121
3635
809
3280
6163
5160
9898
8989
1900
6942
4247
3286
3841
7684
4553
6891
1959
2519
298
3526
942
8792
5588
6209
4433
5027
7679
6288
2429
6724
3479
2057
6884
8802
9300
9782
9028
4579
2353
5608
1668
7695
3188
3666
2394
7180
9688
4136
4587
9538
7242
4300
4634
6864
2433
10
8560
7603
5229
6224
2688
3490
8148
6550
4716
8676
1743
6371
5903
1414
7374
8764
3303
3563
207
5601
5117
8064
8327
5023
442
7858
7531
1395
7832
2033
5884
7877
5544
4753
576
5232
8855
8686
8190
7816
1992
6779
53
889
3645
3984
8534
9674
9937
9284
6441
827
6811
4490
3385
6935
1674
7129
839
2630
9672
9251
4592
5328
2645
5773
9676
7148
3176
9574
4070
5660
7681
5282
9657
9925
2729
2687
3085
9553
84
5816
4416
6807
3055
7620
8411
9177
2945
5020
3442
1099
2277
1333
805
4691
3212
6345
9400
9444
8713
4178
1540
6218
4157
7100
6704
2184
7055
2348
2035
6046
7850
9386
3607
9266
6037
6605
1474
1305
1652
8539
6309
199
716
3098
4632
4028
6215
7768
823
6797
7030
3203
4415
9397
4180
3285
2648
5609
4328
2377
7970
9654
4388
1825
5030
6722
5910
9254
8264
8108
9820
1711
506
4355
7104
5671
4166
1892
3232
9565
7053
9038
1000
4595
965
7199
3277
6975
5414
706
5053
4697
7279
2130
2985
8652
5246
5320
5846
1452
2826
6081
1229
4930
5707
5558
1924
7051
6018
1874
9795
6965
4541
6051
8403
233
297
4128
9058
2632
5263
3997
4609
2653
6262
3663
4272
1664
447
2959
959
4971
4440
8042
2122
1860
2810
513
701
2119
1342
1883
9280
3049
2291
2526
198
9100
4593
7033
3380
466
8140
147
865
4324
8045
6819
9938
8869
8582
7248
4888
1983
891
9696
1943
3551
1787
3408
8010
5995
5091
1949
2697
6300
3567
3708
2752
2484
3947
2086
7270
9800
5554
5801
3923
7993
401
359
8769
3432
8330
8788
2651
2005
7731
8036
4022
2375
6241
1848
2723
5365
550
968
7259
4473
6151
2800
6040
6349
1570
4925
2798
2464
2934
3444
4484
4248
7025
1226
6795
9086
2059
9268
2599
4724
4910
4313
8768
5210
9399
5270
3657
661
9220
5981
2351
4999
9380
8670
8806
3697
1297
1948
580
3642
9157
8204
6515
6918
4887
7939
4765
9402
341
6049
5991
5003
5167
840
9522
3587
935
543
3310
2113
9018
3249
8121
2197
6967
316
9815
8633
1954
3678
731
7861
8385
1167
6351
1021
5389
3079
4500
7867
2829
4072
8502
7275
1087
4488
3889
4038
7797
8964
9238
1166
1518
369
8963
9537
9729
4866
1180
5242
669
8050
4616
4005
8897
1291
3769
8589
1645
8689
1515
8658
3920
1882
9695
5292
1077
73
9329
3942
1756
7293
1832
7954
9568
4657
1982
8161
6616
8322
1600
3897
5525
3725
6854
8813
6647
5729
2474
498
5947
4608
5130
5347
4411
3339
548
6240
1402
9338
1935
2831
2809
4237
9411
8358
2448
8177
4992
13
9872
8929
2021
4892
6195
1598
4231
5036
2557
5173
7521
3827
7672
97
509
5519
5361
9158
1164
4154
8271
4870
6024
7835
8588
1267
2423
2426
9101
1051
9737
2230
8446
2255
9663
3905
1680
9037
303
9519
462
4931
2018
818
9395
3848
6257
4522
7926
4002
7265
1691
1086
2052
7719
473
4399
1375
9520
9387
5822
3501
1759
282
1389
3312
987
2962
7137
9972
117
6822
1796
6413
2146
777
2358
9511
261
581
6407
5201
4460
4549
1250
1295
2417
2617
1558
3138
6047
830
4463
9536
7900
1908
6675
6700
6066
2824
4434
8405
9020
2612
6442
8251
2860
5067
5247
6061
5694
323
4508
38
1427
6348
5277
5898
7221
2236
547
1471
5464
9001
3793
7206
5383
2840
177
241
9506
7283
1117
4341
2247
1877
2863
7671
1285
8547
2991
4387
2905
3602
6007
7615
5719
3401
6466
9593
2973
5812
7932
9083
825
3458
1569
7444
3171
5043
1640
3781
6426
738
3087
1535
2507
5264
6449
7361
6849
59
2944
8000
5999
1799
2132
3615
4712
2562
2954
3797
4452
3198
8894
5690
1646
7623
5704
9808
5192
1090
8043
6500
1655
9405
2094
7006
3508
3038
8643
6059
2754
4780
7983
2550
8725
7349
5141
7542
8254
1242
3105
269
6220
4195
2391
4148
7815
3682
415
2208
283
4291
6638
7937
9341
6386
5689
62
505
185
8167
2385
5056
8995
6843
9327
8426
5770
6364
9680
9339
6069
1330
8395
950
1506
5537
8960
6707
85
9975
7530
5783
2640
8872
8144
8808
2796
468
9626
1960
2261
2096
6043
8009
6619
3114
7997
2607
8336
6310
5298
7404
8693
2864
4409
249
2206
1220
1905
3236
1572
3814
2093
1262
8151
4057
5677
1694
8012
354
17
8673
471
6984
7421
413
6022
6194
8900
5641
2501
9370
7577
1502
8899
12
8008
1830
6603
9287
4236
9357
7479
7629
8594
8509
5259
7515
6846
1002
6912
5962
6486
411
7054
4757
3816
5314
459
765
2865
3840
7098
6032
6271
242
2189
4906
9008
2813
6418
8909
2982
6338
8116
9222
1797
8494
8472
5533
5329
5697
4069
3278
5765
3515
7611
2045
6335
9517
8828
5370
4245
4557
3457
1889
8160
1148
5824
4537
4717
6156
5967
1964
4868
1768
4904
5000
4401
2916
219
920
4900
1393
7173
533
723
4509
6347
6161
301
5562
3423
6080
7518
2712
4566
717
1613
4267
7116
4996
753
7159
3585
5618
9261
8248
2039
4963
7991
1335
3005
8532
2776
501
1886
4648
6062
1052
9182
2969
775
9598
2204
3823
8011
7107
8154
3601
7307
5960
6983
69
9825
6853
3598
2572
8059
7567
1984
7436
7077
6927
1648
4286
9769
3127
7884
3314
7872
1731
2337
5643
8771
9166
6510
3886
3343
6249
9116
6713
6120
2374
9413
8315
2023
2569
8767
2412
6103
872
7102
4297
6102
4476
4218
1544
1177
5520
123
4576
6141
5006
4299
6180
4175
9596
8238
167
8032
189
2368
176
9528
6086
2283
2636
7141
724
1539
2787
9658
8114
3086
3454
3180
2000
3440
1786
9918
5149
7314
3998
4283
5473
74
826
3728
9678
2250
6331
5912
4731
4858
2242
9233
1994
2567
5978
3809
6247
9468
7565
2082
2192
2038
3289
9325
1336
2698
6862
5184
3522
5322
1350
7773
2172
3732
5743
3574
1577
7944
5630
3425
5982
6268
8516
2083
8707
3652
3323
8706
3926
1093
793
5922
6461
1703
700
3386
6752
9833
8559
8455
2757
6424
9998
1141
713
651
868
7998
2544
2258
3024
1679
8525
8150
3940
5874
75
8818
3391
6028
3764
9665
172
3228
8745
8601
4706
311
3061
6517
8223
5436
8837
6703
2265
3088
5280
7089
4902
7899
1988
3817
5744
4496
8440
6648
806
4675
1212
3815
3276
7450
9324
9440
7618
2738
3974
3819
3729
1605
8489
7456
8546
1559
3389
5693
3868
4190
542
4896
3949
4990
5139
7372
5235
1923
7296
1216
5949
1740
333
6328
9196
5819
4495
1993
6111
2510
7192
7488
5404
6216
1989
6509
4339
2690
903
5948
6287
5774
756
295
2226
8430
1171
2101
6681
7164
374
8986
1528
448
2310
7485
8731
9605
1845
7149
5883
6223
8031
1332
1593
3395
1198
5206
9828
2248
153
8988
4988
179
9161
4149
2451
6829
8849
7136
245
6814
9418
3266
3123
3428
9463
4862
9843
6921
4881
2416
4806
9909
8969
4462
8002
4430
7517
340
2314
6165
1556
3335
9286
9015
8535
5909
9929
5070
2661
8750
4270
4903
372
1153
8865
9913
1641
4732
6077
3033
9725
6578
2644
4083
7001
319
312
1968
5787
2650
3082
201
6065
4067
9389
7144
9049
9689
5724
5565
610
351
7654
4457
7890
6770
9138
7511
2233
6124
9992
4119
7628
87
9988
7889
4741
9549
4309
7375
6004
2779
9253
171
4872
490
9747
2852
7795
7047
7785
5108
3071
7066
4033
7261
8579
1880
8361
9711
2815
3948
4169
322
3986
2918
4320
3111
8445
5382
1450
2766
5823
3553
5934
2897
5312
7724
3684
2862
3337
9378
7904
6406
3777
7353
7533
4962
365
7287
3808
5515
1088
4591
5438
1763
8646
5718
3305
8299
7490
6383
454
7915
2893
3629
8586
981
9677
64
597
6716
2329
4980
5472
4205
3912
8810
4808
6017
6
1926
2344
3499
9746
778
9806
9371
8592
9935
6332
7345
8294
7045
4506
15
8318
8972
9155
5654
5786
4477
6545
1326
1277
7824
7427
8724
8096
3990
2198
9940
2073
8496
1719
3842
9190
6598
6083
1131
228
5680
8026
6572
3211
6270
5542
8817
6487
9336
3441
5808
308
4184
5691
6816
6735
5180
8281
9501
5132
5983
2995
8297
2518
8957
6552
6657
6363
6531
2148
6871
484
6419
4041
8107
9133
5380
7547
3398
222
173
536
9112
7064
5449
8068
6437
6940
8413
3788
6491
764
3151
2223
5644
4693
5985
6379
2542
3044
5037
9642
5463
4282
7625
8218
7670
1312
1716
8500
2154
8022
5266
6553
8648
3329
5915
9822
5388
1773
3750
1343
7363
2745
910
1433
6228
6594
4526
8811
6679
2071
5781
1219
7804
272
9148
5049
106
9361
675
6387
5478
6109
2080
7743
4666
7451
2920
9699
9896
2400
7796
7735
8261
3257
4834
549
3484
3165
2853
2326
2832
3845
203
4290
5032
3737
1258
3521
1879
3142
9932
6454
6924
7244
2195
5905
1715
6674
9793
8827
6421
9545
3956
9169
9492
607
6326
7776
8507
6968
2568
9763
9334
279
9651
2335
3699
6768
8046
259
7821
733
9277
4633
7794
5639
2262
5868
820
6959
9579
8066
5973
483
1618
7189
1560
2227
3247
6362
6132
213
3606
7984
4202
6956
7162
1636
5321
2803
7099
1324
6736
9225
9567
6830
5315
8175
1557
5994
6408
9236
5749
3139
4023
3231
2830
3429
6723
6276
1392
2968
8760
7746
3891
3843
2978
2152
6481
5211
3472
2672
6469
78
2731
8925
8457
3145
7201
4122
3074
4734
3707
7309
5961
6036
7191
8351
7020
6034
3514
4340
3399
3648
4984
1895
8626
5203
2909
9991
2695
4310
5977
707
452
2634
33
9860
1654
2271
9071
9276
3134
592
870
2287
8543
7416
4815
1827
5513
1745
7634
8910
8359
5651
503
4718
7711
2114
120
5956
9496
8540
2808
4132
2561
1465
5205
6027
6170
9859
6943
8762
9149
4800
7435
2065
7734
5033
8599
5989
1157
9303
7134
11
3632
6549
5127
8474
4857
3885
7212
2116
8115
7281
1976
9048
8049
3362
4534
627
2761
6710
4031
7417
5785
1067
895
658
5051
8748
6000
4170
7093
9792
3621
1424
2125
517
8506
6096
9943
5166
5764
2249
8903
3946
5016
9472
5518
6894
6867
2274
6006
7667
8025
4893
2107
2003
7401
1084
3416
8567
2422
1828
2620
7390
4981
9758
6568
6343
7964
7400
7183
1462
6780
9309
2345
2942
9508
7853
1809
9422
3529
8904
1630
9616
2317
3861
996
4027
1661
7534
7147
2609
6845
9216
3962
9884
6390
5379
929
2515
4733
998
3767
2110
4334
1404
7697
7557
5936
2976
8269
6463
5435
4392
5354
6503
9024
158
5942
7717
5432
8857
590
6893
4842
6828
2579
6859
5146
7739
2837
6444
1461
4813
887
4010
3449
4567
5624
3586
8312
1810
7601
5685
5607
3354
5646
5627
9360
2275
2963
7730
2502
2078
9842
2842
6630
7070
5493
7903
6097
7271
6806
4187
8840
8247
3221
9967
2034
7142
8434
7120
9260
6148
1516
4827
7165
6192
4306
8329
4144
7397
6181
5804
1951
4667
6948
1112
6905
7449
9011
4935
8362
7690
1974
2056
4771
8794
7510
8277
7096
6908
406
5199
7825
4502
2775
563
644
7347
1073
1373
4699
9562
3938
7878
9942
2677
3503
7223
4045
8188
5457
6898
9065
979
5191
802
6782
8876
3414
5216
3692
4315
8424
9518
1529
6693
9548
423
4153
1271
7114
8708
5935
8235
3017
3614
7527
7759
2207
2143
9587
1734
5346
7598
9951
2948
2696
934
9305
9995
8759
6455
8272
7481
310
422
5584
7300
4844
8041
955
852
2789
4314
6936
3581
2520
7652
9742
3862
8232
6958
7369
6314
216
3755
2047
5455
5836
9322
1228
527
4058
3396
3616
7568
3496
1714
6482
8143
5517
8613
6764
2694
46
3007
525
7502
8353
4692
846
7473
7090
4909
4099
9583
3060
424
1475
7256
9014
2342
3191
2480
5498
2048
588
124
7917
9693
8955
5750
583
3174
5612
4082
8701
4317
4442
1413
8940
6934
6826
8793
1423
9622
4095
4581
4026
4217
1990
3207
4546
9005
9805
6144
5447
7057
6296
467
5085
6129
2369
77
246
7844
5854
7128
7712
5441
4425
5664
2091
9847
8421
8286
8206
63
2532
6068
8113
8718
6649
5215
2913
7262
5007
9684
1040
7452
672
9124
1647
1377
1012
8761
9042
569
2915
7783
2282
1140
2581
9834
3844
7525
1534
1718
3999
4514
8985
6835
1650
2516
3628
5741
1906
7642
2777
4024
3901
4947
6026
5128
2587
4396
1155
2440
6458
5937
8587
7839
3153
9214
1928
138
2055
4004
3189
4761
5681
5454
6840
3968
9706
7152
2907
564
6219
8418
5495
2746
6851
905
636
2111
754
5814
4418
2941
7121
1315
7312
1165
1010
9750
7912
4859
6230
7549
8653
357
148
643
1962
3013
4561
4510
9914
8674
409
2854
7412
5228
7139
4928
6989
6952
896
2839
893
5918
8751
9315
8638
8130
3794
5035
9592
4951
6154
3197
8548
3594
2199
5120
819
5771
1218
3201
88
9485
5735
605
718
8289
8866
3143
7487
6206
7745
8733
7879
8155
2802
1304
6783
9469
377
1986
8746
3132
2194
5148
1914
2670
7706
8990
6623
8606
5395
4131
4959
5021
3018
7802
3390
6005
6625
1033
5631
1299
6234
9436
7523
7042
9181
3679
4797
5416
7171
728
1780
3570
9886
6825
6003
7544
8845
7522
6524
1339
2762
2243
7685
6677
6760
2921
2178
3911
3633
9114
3532
3239
5026
8058
5541
2162
6350
2225
9396
1337
5237
5040
4606
5013
2521
9163
7965
3768
2156
3206
1371
8609
3790
3410
1909
5820
2875
4135
7614
5684
1696
8729
6506
4333
1501
134
3418
9090
7181
667
3944
8135
8598
164
5504
1473
4097
4586
5418
8400
2538
4257
2120
1179
9653
7955
4940
4547
869
3796
2465
5830
6187
2210
252
3916
4337
5813
5716
5294
9848
3795
397
3747
2586
4654
5755
4019
1495
2413
2069
4459
6904
579
9604
6272
5875
3818
5877
6875
4319
9448
28
567
9210
9359
8079
5102
1656
3715
4554
8918
698
5421
9983
403
772
3291
5243
8691
6624
8490
4353
2383
1736
2010
6126
2546
489
5534
2674
1685
5501
5471
4479
2999
2443
174
8325
4545
4142
726
6621
8392
7266
4212
5633
4404
8215
3417
9917
2566
3092
6887
3857
6974
181
4077
570
5490
5592
9732
9885
8349
9882
3279
7211
5024
2050
925
456
7169
5272
4538
9118
7022
2877
2895
4756
5908
922
7661
9170
5871
6014
6263
2372
6388
2932
7494
2701
5468
4763
6489
1441
3724
774
6960
8038
3360
2666
8962
5073
1023
8034
205
4983
3052
7432
9692
3936
9559
8954
2435
3073
4405
4422
8608
2588
4946
9572
8574
5339
562
2022
5553
7582
7364
4993
1386
8529
8376
7864
5568
796
1583
5390
4106
3288
1420
3902
6473
7902
5712
8797
4795
6401
4685
973
9513
7298
866
80
1702
7958
1494
1803
4210
9965
6470
6654
1888
6839
4438
8967
1893
897
5335
2790
2671
3090
782
2182
234
4277
273
5682
1608
7528
5137
8996
3491
8906
4882
8604
595
3516
6155
1747
1236
9603
8273
6460
7575
2874
5333
7177
8479
4677
7801
6646
3850
4475
6534
3318
2403
1746
5881
5829
8268
554
5699
8557
4116
9831
7834
6544
5153
296
4787
8001
8726
3650
118
1137
1211
8647
906
2890
3379
2707
641
408
6425
7037
7308
8220
2254
7231
3982
6354
771
3558
5368
1444
6045
3717
7597
9716
4367
4838
9108
2497
8580
7572
5483
4269
9431
7947
6035
4523
9084
1382
540
229
4467
8173
346
5904
2652
5018
9307
4836
1323
1123
6055
4209
4759
9047
9487
5917
9242
1917
686
2584
3031
6917
2981
2499
2833
632
752
1303
2930
3908
2289
907
95
2783
6901
779
2301
6391
3674
1302
4259
3463
6303
3374
6547
3487
6317
7845
4284
7650
7817
8668
3220
1607
2087
1677
5880
2654
912
3128
552
4238
2639
5426
9632
5423
6972
3687
9757
8099
7002
6377
9721
6465
2187
8740
8467
8029
668
9156
9237
4527
5396
2137
1263
2215
8815
2393
5422
2812
5566
6592
3839
7790
3059
2795
66
1541
521
232
9773
5048
1406
1839
3967
6626
3130
1448
2030
6484
7365
2302
2297
1642
9541
2446
1029
9852
8240
230
3297
5175
6774
8431
3336
9743
8394
1919
8524
3973
1190
4949
10000
4801
5710
8448
8663
16
140
8627
6266
6920
993
1018
6609
8298
6375
685
89
3045
9509
9534
8420
4891
1098
8730
9025
7558
3829
878
3023
8950
6360
4412
9667
7130
7854
512
749
5593
8913
3675
2724
1307
6591
7250
2700
8048
3146
1887
7238
3595
557
475
1482
9774
6682
9770
8125
3965
1043
8354
9532
7430
6355
8110
481
4046
7646
6101
8983
8846
8004
163
3048
1399
9685
9473
9017
4671
7663
5859
3568
292
5034
5155
7243
8716
678
1551
871
3359
3353
9780
3588
9439
6432
6274
8523
5494
3185
2466
3738
4030
1823
1660
9021
8360
7405
6775
7862
268
7249
9228
518
1426
6095
5112
2699
9030
6315
8541
7869
1791
9996
3765
4676
6011
6381
5482
5410
5097
5793
1464
3208
159
8184
8877
1966
6100
5415
5674
9188
8766
5803
487
9139
9547
3324
2891
6074
7916
9367
1918
3761
614
6808
9478
8700
4360
2931
991
183
6339
1904
4222
8199
6374
645
7145
8295
3175
8287
1950
5619
2560
56
9039
6661
4769
4791
4204
5524
3301
1158
8864
2016
4465
2598
6873
4189
4563
3518
4113
8443
5899
440
566
2998
3865
9234
1011
7414
3459
1725
2219
4708
8717
7431
8874
5613
3572
6900
3826
9655
7267
4628
7578
7698
8779
7492
8117
8934
9476
5052
400
4356
6025
5731
6857
3603
4074
9582
6726
3026
4366
9184
330
9924
1170
214
2846
9409
5353
2928
3099
7576
5857
3533
9055
634
8152
350
8854
4560
4912
8444
5527
5105
2150
5655
61
7560
9381
9067
9799
6202
7880
2574
6558
3015
8928
3255
6030
8020
7648
7255
1620
3978
2494
737
762
1455
4786
4053
2046
2898
1775
3121
5570
48
6620
7437
7580
2781
8051
1311
9006
4911
1276
3689
1749
7237
9841
2583
3281
6398
9480
4429
7847
8241
5214
221
5894
4702
1767
6978
8719
4972
8756
1946
1958
2102
1230
2582
4784
4348
9488
8773
7865
1538
60
9097
1996
5318
768
2886
9398
599
286
7143
4899
5076
990
7535
7870
1999
2506
3307
9263
1083
4569
9369
495
3258
3244
7135
8371
8704
7060
8280
399
1237
5015
5878
972
306
7198
8993
2888
6054
8637
7357
5906
8137
648
8831
7537
5950
3272
7388
6586
4383
6456
9865
6366
47
837
9563
420
8973
6834
6420
7123
4327
6525
7277
3384
6582
6817
1379
7407
7140
886
168
132
6750
6217
1910
5039
215
7513
2614
7475
5625
5147
8047
5195
6088
8790
3507
7468
6527
6937
398
1442
4008
8414
2748
8288
304
9143
8016
8071
1970
5028
1872
8314
2838
3716
1026
139
7497
1372
8229
3888
5176
7235
7584
439
8921
6222
4220
7205
5181
4466
7838
8958
2573
5279
9204
5425
2821
2547
8145
6755
5726
5072
3290
3172
8672
795
2350
1128
9491
3505
8518
383
1938
387
1770
4707
8127
7827
149
8278
2319
8196
8999
5327
3397
8485
474
7977
3653
5952
5889
877
5445
1933
2926
1690
4165
8774
4774
8882
2801
4785
2952
7195
5530
7666
9299
6639
4559
494
225
9981
5965
1862
3058
8399
3783
9821
4860
488
8997
8491
2399
7840
2031
3014
8755
609
54
9923
162
2376
3292
3302
102
8883
638
769
7117
8265
7747
5323
2804
9144
463
4402
6870
6078
1663
4079
1673
3776
497
8659
5384
2799
7125
8098
1811
9368
2293
3213
3802
9442
3062
5319
6251
6911
1755
8429
4837
892
6269
2613
451
9331
2750
3825
3919
1629
2772
7335
6804
7837
9930
9637
2528
4728
7683
7638
6511
2381
9187
9085
4141
4626
8111
1008
170
712
9775
4642
5186
2290
5907
7636
7383
742
640
6999
6712
2090
9617
7185
355
8834
2007
5574
9961
3798
4239
2266
8477
945
2621
5547
4529
8397
1434
6635
9269
7740
9766
1997
3966
9850
8979
608
6876
2486
976
1619
4659
4974
8711
262
3571
1396
7585
9128
6562
6292
9392
3994
8870
1329
7744
2843
5928
5611
8907
6879
7131
6428
683
1298
5261
7779
3733
5589
2185
4884
4851
1091
799
9759
3544
6555
9384
3853
4521
9784
8926
516
2925
966
363
7703
6926
3988
7115
6393
6252
417
2747
4738
8103
760
1381
127
6946
3470
5866
7085
1388
697
1283
1579
3218
4711
4156
2268
3704
1151
3610
7678
4533
2321
5088
7908
4698
7526
3771
5419
856
8077
9066
4766
5492
6641
253
9078
8644
4789
3655
8284
8895
8561
2785
2476
8911
4646
6663
92
6201
2551
3261
8752
6316
662
6728
4240
2708
4400
7067
1028
8564
7561
2933
2166
1632
9376
1259
8076
1576
7373
7458
1200
3613
6512
2901
7491
7898
1942
419
5278
8377
7896
93
379
694
8495
7156
5582
8480
7881
4104
255
2714
841
9738
5050
3162
7814
4064
2861
4179
7097
3523
8427
3828
364
9250
1708
2142
4965
2681
7127
702
7602
8885
293
5377
1401
9543
4268
4335
7978
4265
9921
2313
9294
2352
3667
2257
4520
6711
2966
6031
3435
1527
465
927
5109
1119
1172
5134
6866
7011
9497
2106
6321
4901
3619
6833
2594
2531
3575
3627
8250
6333
5737
8758
8887
5545
6193
3216
4373
4710
6396
2553
2600
3762
8519
7812
574
9989
8829
1522
1748
1927
3528
6306
4807
8705
4044
5920
9552
9335
5403
5386
6173
960
5921
4251
39
7072
103
7778
1801
2512
8458
6612
1309
4073
6987
2379
983
2267
9871
7088
1603
9557
3103
5029
8171
2432
1206
6979
384
2280
6341
1072
4146
2564
8610
835
520
8965
436
8398
5779
1932
7633
2036
1643
9206
1221
154
55
7406
2866
342
2222
2927
7753
6990
391
1203
9907
2028
3711
6993
5739
3065
1509
9248
3179
345
7377
5046
4338
6606
8765
5
3170
5156
5706
7564
1425
453
789
1693
3630
3512
8520
2011
7974
8623
130
8970
5413
7153
5330
2979
5054
1678
8783
8595
4117
5683
6495
9045
8976
6520
8521
2415
1249
7498
8922
6731
1105
7818
2689
294
4107
8611
1733
1244
3284
8334
6613
1321
2814
1682
4542
4391
7071
2453
4365
9573
781
5258
3200
493
1622
9185
5249
6182
5185
112
1653
8168
788
6208
3646
8789
1160
3822
7762
5826
5244
1048
3169
8551
3894
7466
187
9649
3884
1901
9724
6950
6023
3517
7439
4133
4727
1162
6556
4584
3933
7005
6771
9512
8737
5129
8319
3173
663
2912
6877
4794
7302
1899
611
4163
1614
5930
6319
217
5709
7003
8122
7588
3115
2279
3941
653
2657
6966
3182
2414
418
1944
2134
1728
247
6790
6140
1268
1838
4810
941
975
6595
5324
9755
9033
7925
4233
7505
6210
3688
1109
1751
535
8486
5458
7826
5860
8276
6741
6785
2306
2836
1836
6643
3649
1182
3731
3083
7508
7720
3225
6533
2742
8301
3184
3
3437
5943
3695
1121
7846
1662
2049
4139
3578
328
6085
9194
8649
7728
9159
6010
727
4897
944
7409
3126
2328
2974
3350
7876
3955
6581
7587
5086
5307
9776
9130
1532
2896
8487
9625
6671
6048
7317
