4792
6998
9475
9518
4417
1397
2335
8894
4564
9145
5341
4801
7687
5689
4549
4434
3732
6696
5747
925
3101
3992
884
54
6092
1064
9728
6343
5938
5182
5255
5130
750
2766
2037
6726
3908
5368
563
4629
4418
3455
1710
4805
6376
782
6792
8707
930
8659
3311
5734
6854
6783
7219
2465
5600
2700
4425
602
6397
4392
96
5883
52
7989
8814
9418
1376
6953
1570
5092
6834
8317
220
9890
8025
4858
7924
4999
9915
5744
7506
2358
1307
9878
1956
3644
7832
4192
1563
7146
1323
7514
7633
7867
8551
6151
7165
2949
6539
5930
9721
9842
3477
2140
465
6979
9819
4018
5517
8876
3393
5447
4671
8001
4948
1294
1393
3906
1688
5075
5065
596
6344
8792
2613
9494
6675
7114
7141
6946
3086
8481
3930
8905
803
4046
7145
4580
3998
6943
3590
7519
1662
3586
2879
7668
9893
4348
1145
1736
1841
1165
5522
8897
398
5874
7406
7780
3121
2199
4493
4532
3418
7630
9046
3515
7739
2281
4315
6662
158
5618
5902
2929
6773
7679
8347
6503
5862
6883
802
9412
1107
8479
1118
5665
3846
4258
5833
8598
5791
4313
5763
7099
2476
5780
6038
4345
3793
3183
8858
1547
5295
858
7382
8983
1214
8402
7707
8625
4339
904
1162
2230
359
9112
9016
8890
4246
7817
2356
8392
9433
3340
148
3980
2515
4324
8171
259
833
7054
689
6708
7583
7669
8482
8797
8571
9218
3834
7562
4647
5679
3843
9242
8945
4536
2172
7157
1354
1788
7447
2872
68
8815
9914
4364
7638
9189
2827
2112
4373
9657
4161
8704
6090
1131
8899
6975
9292
8449
140
5915
8495
9587
9187
7038
8721
541
8902
2602
4900
1743
2024
5710
5621
7539
4992
5814
8464
9119
9122
8458
4237
8242
3466
3356
7572
8374
7764
4950
4354
4303
441
8605
5860
917
1865
1678
5472
8583
6771
387
9071
5993
1805
5990
8976
1051
9691
4480
7788
6609
495
4758
7946
5597
4558
6938
4261
8752
6656
4430
7329
4494
5818
6669
1292
4381
9924
8940
8101
4162
8182
4369
1811
7317
8853
5508
6602
7890
8967
157
9579
6470
1462
8364
9194
4653
1400
1223
5333
822
1248
8002
6008
2694
6880
8702
6071
76
9231
600
2451
5903
908
1536
4412
2544
6908
3331
8167
3207
3903
9976
7063
9507
5965
4842
8316
2030
5118
7570
8233
7434
14
7744
5921
4714
1411
9564
8418
8076
6684
899
2945
4655
8690
3460
9643
975
7869
3568
1191
5026
2264
8616
2080
5322
8886
8476
4017
1432
2917
9326
7708
3868
8532
1494
7487
989
1104
7507
247
2173
1287
5487
4994
1099
9757
673
4014
2804
8760
575
8785
2225
6346
6262
4222
8637
132
5457
2404
1080
8773
4256
5984
7046
1988
8054
7518
9581
6105
6481
6274
3987
1932
7113
2405
6202
3276
1760
9316
479
2664
4914
5033
2099
5096
9647
3659
9380
6894
505
520
5514
6396
1061
1914
3707
1646
9398
9346
3369
2443
6451
1012
637
5183
6126
2825
6621
8485
6350
603
7221
3747
2459
6088
4210
6015
4041
5452
2887
1161
2293
869
5412
7375
3288
4455
6050
1860
7075
881
2950
1368
136
87
5085
1363
7805
2432
7300
6547
3119
6766
3717
5893
9943
4224
1515
9293
6417
8656
5608
7991
3013
5825
1721
6059
6150
6791
3877
639
6845
4355
8997
848
3849
1614
4091
1157
374
5263
855
9745
5453
2456
139
8306
508
3090
7776
8024
1724
7308
2713
5104
8863
4533
2481
9502
3123
3304
420
3832
8337
3857
8908
752
2196
9348
2679
8465
1006
3787
2434
5330
5357
5469
5768
7363
2226
8350
9599
408
9469
7272
4944
878
7268
210
8712
841
641
4473
6504
1169
2624
9333
7076
7575
7675
2662
6944
8225
8420
3827
5102
8319
3901
9209
8331
3362
9708
618
1927
8695
5422
9048
3611
7852
2234
1403
1168
2609
5198
8864
4305
4775
4712
3236
8507
6155
5822
4692
1755
697
2424
4589
2460
49
9035
8525
4751
2567
9474
472
8554
8216
6278
1097
2661
5962
9920
2368
7605
7474
2976
5966
2690
8819
8327
3359
4287
1629
161
4736
6737
5215
354
6310
2079
9910
4414
347
1770
4180
7012
525
2992
7777
3144
9066
4174
5839
7589
6930
7463
3916
795
5976
9395
759
4830
7504
4542
3926
153
3329
8962
229
8299
9431
2951
7312
7355
3265
9755
7874
2858
3522
1147
5722
9382
9337
1644
7897
6004
7639
5421
7391
4016
7790
6782
7760
9961
9334
5697
487
32
3889
183
4500
7168
208
8105
1525
7238
1427
5589
680
6651
5573
7201
7105
5409
1396
6544
4220
2323
7608
4459
2096
285
1186
5273
2059
4096
3730
5980
9215
9068
4831
2531
3794
7444
9786
7723
4402
6390
4056
8530
6928
7948
170
3270
3306
383
9267
8080
7859
4534
3867
7815
7900
3125
6040
6429
5386
9008
97
2549
627
8104
1863
3230
9511
2504
425
5900
663
1562
6932
8953
6402
9144
3752
4069
9899
4996
3213
9909
5225
6509
8848
1604
6872
7611
8718
6452
6063
6378
1700
7830
3591
8497
4468
9290
6453
1581
7812
634
6494
4487
386
6286
7740
5507
5420
4465
4650
3902
1142
6605
2880
8798
3326
5264
6488
3248
4726
886
9039
6722
9809
3023
9661
6947
109
5328
3449
6163
4125
6757
3165
8412
9939
8522
4108
1605
3039
2785
2678
9932
3221
635
608
2097
6184
9530
4462
2202
7034
5532
5857
2630
2311
9822
5079
2616
240
3672
1332
4757
2355
9555
6581
2784
2655
6339
8083
8371
5414
6711
9258
783
4819
685
9425
5425
1680
1768
2297
7827
9299
1421
3668
5364
775
2517
5286
8384
6472
2918
9684
171
3696
1931
9005
3273
1395
2001
8184
5460
7203
9663
3316
7269
4404
3484
825
5454
6734
4159
6214
236
677
9928
1910
4292
5851
3553
6926
6884
9109
3938
2509
2252
3652
7689
7416
2600
7811
1640
3862
2479
3520
4423
889
5347
9305
4109
6569
5201
4754
2051
7979
6767
1514
4171
3295
6550
316
7031
9898
9716
4916
8033
7405
5742
3184
4453
5257
4875
7226
8102
8774
1666
9091
3726
4452
6988
9390
5038
7110
8118
6819
9481
437
9888
435
4461
9342
845
293
4295
6832
6412
2357
2238
1829
3283
6445
3754
5379
3817
1016
3562
4394
2753
4927
5513
5982
4852
7771
2309
36
6981
8723
7418
3017
9403
8589
7358
6984
8970
1844
7486
6298
2730
6697
4523
5951
1810
1335
1036
3684
8910
7011
3385
384
3349
2989
9758
6003
9886
3145
3940
4436
851
7858
6103
1204
4691
73
2026
8199
2994
1545
5448
2174
1440
957
9437
7047
7719
7702
7246
8324
9028
4932
2586
2835
8834
5359
7048
4945
9297
9881
3951
6018
6077
1102
6203
3873
4371
1689
4077
6919
8662
9347
1893
4601
7846
8622
2573
1330
6619
9099
3617
7016
2666
3891
4316
1774
3764
4299
3242
8716
4748
175
1308
9541
3277
4537
498
6836
1642
4311
2884
4848
8611
1983
744
2310
2188
3724
7281
6821
6174
9063
5911
893
5603
4301
9252
9846
9328
9654
9539
2876
1271
5764
5977
9949
1742
964
9121
5626
7653
9572
377
2763
6492
9520
7321
7541
4225
9323
5601
531
3244
1957
1461
2389
995
3422
6997
4966
342
5187
4649
2870
2737
9515
5843
2391
3084
3863
6466
2371
4232
6130
3619
2748
7071
471
978
9933
8190
3343
4071
2516
9229
282
3188
6583
8121
9076
8189
6232
8336
3302
5997
4331
6728
2211
3015
2000
8194
5864
4300
690
8094
9181
6042
6426
7710
4267
4958
117
9838
6460
3607
586
7725
9196
8849
2287
7769
1898
9788
9660
4302
9464
5640
903
9665
587
835
4970
9288
576
4954
1246
1193
7781
152
2997
5044
8450
3745
8672
1221
611
3024
3199
9799
3467
176
1384
2120
4114
3946
1679
9171
2867
4609
2316
9969
9679
9177
7173
5375
5324
88
9769
4306
7550
8536
753
7959
8012
7806
491
6867
5646
2767
6976
3473
1958
3428
4054
9901
5123
9003
8417
8203
5015
4156
6678
9092
9704
1905
7932
4075
5935
1855
8469
8921
9266
9766
8509
428
4105
4160
4030
7365
8131
3537
1182
4895
9228
9843
7926
1387
3072
7978
6540
9157
4020
1117
7207
4689
3166
5759
7833
8783
5475
7489
5887
9762
7414
486
1465
5637
8056
5631
1058
2435
4454
7565
9859
2594
57
9510
573
5929
3810
4517
3124
8569
9310
1173
4485
5230
7496
7084
2142
440
5781
2958
2998
9789
6080
8896
4441
6535
74
1557
4972
5091
10000
5305
2127
1633
8379
936
9488
8535
8818
8006
581
8144
63
2334
4335
4139
4177
7211
8440
7862
177
5695
9664
9150
4015
7354
7352
7208
8345
7654
898
9687
3776
3148
7538
9781
1139
8748
1638
7838
8106
2396
42
4278
9483
228
9692
9608
8064
7021
6516
1037
8272
738
2716
820
5025
8862
7284
8079
4820
624
9900
6623
3353
1319
6403
8619
7320
721
8452
4456
4083
2802
6560
7834
9108
3413
7192
4571
4119
891
4516
8328
2702
5752
8029
5623
3044
7795
1391
5108
9370
2542
5116
6
5654
1832
8478
477
4181
1573
5261
6931
5712
6084
2141
6257
1255
7681
5550
811
7987
368
3154
2073
2650
4787
2952
3666
4823
6120
4607
9882
5070
6967
53
3805
6744
6752
3847
9818
5224
8916
7768
8652
7677
3911
1189
1355
6225
9556
5686
298
7123
9773
9311
3135
5314
6911
3461
5345
1450
8561
9307
558
7773
6927
6691
6743
1987
577
9116
3910
1412
6139
5395
2163
5765
8338
9024
7825
7718
1085
8093
6794
8753
2963
3574
1681
8120
3131
5445
5614
7690
3967
6830
9512
8996
2122
6633
1915
6572
4163
7461
3227
5077
2957
5348
8078
3020
9855
6546
2150
2046
9540
502
4677
5036
9713
2615
9247
4272
8720
3222
3882
223
8173
1691
791
2258
7729
1075
2464
6754
5000
765
3680
9689
6435
6175
5950
1771
5970
1986
583
5622
224
5293
2795
6157
1259
777
8933
2471
6870
8553
1520
8567
5501
21
9744
5937
8912
1698
7789
6812
8467
8994
3984
527
271
1637
9381
8220
6942
3448
6993
332
838
8267
1009
7596
4137
3839
9357
4113
2190
5627
4185
665
4343
2298
8675
2810
2292
2146
8436
2022
4588
6655
5901
9159
5890
2203
4098
6758
1434
7491
7433
8743
8518
7265
6034
244
9719
5797
9751
7930
8343
3209
8142
9947
3721
3952
4706
7184
6362
1483
456
5819
5841
352
9669
3959
5702
9536
1852
1600
681
3114
4310
534
9551
6486
3036
5194
7095
2010
3115
4635
1172
361
4118
5289
6283
3604
7217
2962
6688
1509
9439
4445
6506
4153
1288
3407
5714
4007
912
8775
3582
7657
8295
2098
5365
8827
5745
2923
8164
1109
594
1822
1824
4825
9968
2579
4850
9670
9378
7928
569
4615
3472
6242
6094
1877
2895
2078
2407
9118
5180
2775
9176
4431
9243
640
729
4457
6405
5754
2893
1177
8816
5418
1837
7585
5985
6882
6600
5886
7357
9725
3421
324
4395
8085
1331
3278
5628
2345
5569
4656
8887
6921
2053
3534
6462
598
7490
348
2261
9729
1705
9221
3399
2562
9796
5034
265
675
9760
9603
6784
7803
7126
1454
5613
3216
5699
9761
4591
370
6508
9850
5151
430
2021
3858
7899
1444
9222
5491
1586
3656
1114
7376
7559
5509
9605
7181
6102
9241
6072
9463
2692
6479
6322
2016
7697
8183
2058
5913
286
4697
2382
4847
333
2828
3317
3819
836
3298
6449
9031
3152
9095
9385
4737
325
6342
9279
1093
5317
6060
694
7004
6195
4525
2128
2547
4471
1508
7872
9908
2344
6212
2969
2441
5099
6164
2776
190
3026
7606
2402
127
3164
2510
5538
5308
3567
3667
5828
3509
72
2236
6886
2712
6827
9526
8574
5478
6638
5799
6849
6590
9614
3654
9845
9740
4685
2596
212
5499
8808
2508
2598
4524
3602
7810
382
3172
6851
4708
7567
5168
2473
1042
3603
5716
6303
8060
617
9645
3735
4390
3322
178
235
3678
745
5363
4594
6464
6753
4627
2836
8480
6480
9375
188
3674
4410
7244
4086
6924
6672
8014
5943
2725
2427
2241
9360
2727
929
7993
2722
2286
1704
6361
2321
7488
8875
3430
9283
1155
9919
7061
4624
2752
1266
3386
553
6564
2119
6366
3756
8683
2340
1713
2299
6640
7561
6235
6654
5647
9544
9620
4816
1490
4001
1136
8901
238
1622
9362
5087
1357
6721
105
9925
4277
5011
4134
9753
1243
7807
5385
2304
8218
7314
7445
6772
6646
6315
6706
9631
8882
7411
2589
1260
7868
643
5440
9226
938
9336
4285
2125
6826
1265
3605
2362
6370
6430
202
1592
1530
1420
4223
6515
3459
2670
1269
6201
5275
3066
2940
9734
1850
2035
1258
20
459
7337
1060
5156
4579
6667
6177
7180
6817
7801
1632
8388
2696
4318
4218
9083
2928
8011
5872
4260
5270
3225
2349
4178
8236
4978
8934
3457
4235
5602
6306
7888
3174
3416
4512
1471
6925
9321
9479
5236
4942
3408
2644
692
7361
8360
8514
3081
610
4885
5668
2705
7855
4486
746
7658
9130
6011
7426
5941
7188
4140
5248
131
1804
7857
8202
5443
1654
2574
2948
5004
2200
4605
974
5720
7823
7934
33
5579
9592
1970
8442
2337
8857
1510
1451
8937
480
2564
4026
5329
7050
2739
6739
9889
3699
4926
5658
2977
2550
2482
1655
6527
203
9248
9833
9133
6703
4822
2329
3390
4415
5451
915
2439
3511
8524
8572
4090
2285
4467
4935
6948
5837
2296
7861
1095
1069
9354
2370
2276
4323
3503
3994
1806
5606
9600
6363
9006
6532
6081
8786
9160
5810
7734
9570
776
2570
9752
1885
1268
1285
1580
6906
4406
9270
8089
8355
2498
8624
1920
2801
7187
3966
39
937
4937
2548
2965
7392
3412
7094
2572
3018
3841
9259
7526
1776
5024
2398
135
3536
2815
8941
3325
9870
2067
2106
7958
8179
626
1125
303
7547
4719
1506
2783
3334
4541
9417
3410
3012
6693
388
1946
1197
5140
3097
454
1845
3829
5040
7262
2808
1234
5486
5836
1569
6497
9836
9632
4362
8304
4971
2669
2697
9726
3554
5542
60
6909
1859
4138
6804
4987
1556
9582
78
2235
7929
4231
4149
8855
8832
2383
8736
6167
2558
58
4058
1361
8489
3579
4811
7125
1163
2347
8537
1498
4518
1160
59
896
1587
7041
9050
2313
8575
5369
601
1947
1732
2907
1608
3161
945
1842
6555
5160
9040
8341
1425
5007
8380
1122
7610
6972
3606
5127
6440
6454
3321
1343
7509
4602
2914
9826
3739
2158
7074
7439
4446
9339
313
5048
9350
554
501
877
1486
8365
2191
8453
4186
2765
8411
5327
4167
7412
8762
9706
8443
9269
5128
1876
1329
7573
552
6351
9284
3137
9239
9201
5170
6045
1333
7420
1312
6275
6843
187
6512
2924
8799
5229
7313
7214
1853
7644
3679
7736
1126
2253
4032
1010
3976
4868
9863
9062
8909
3092
166
1561
3368
6336
9073
5809
5504
9626
1537
5200
9190
6839
9493
3953
956
8521
5540
861
6899
1038
5552
7010
8655
250
5784
8459
4611
9204
2448
1937
3815
9883
3375
3246
8378
4478
8293
4631
801
6001
1763
9476
987
2175
7839
84
3729
6589
8511
1825
3374
2047
9597
7077
9067
9569
1375
2717
2814
9394
7043
1026
4449
9126
1767
5496
3736
4824
1690
2430
8717
7253
7501
4382
8356
2745
9529
6033
5590
6323
709
4053
7040
4259
6855
9680
1571
4117
4420
5017
2674
7523
7276
607
4197
3943
7942
107
4959
2633
7149
859
6220
6725
4495
5281
314
1035
8077
6365
2873
2386
1318
5502
7847
1187
8640
292
5713
1718
6612
493
2406
5681
6584
8891
8730
3160
3546
7005
9244
6407
3314
9958
5172
7732
8544
1290
3102
335
3519
1765
7024
7285
7261
7891
9075
9887
7009
4660
7064
8396
6922
5897
564
8499
8722
5284
8287
5154
6636
3848
5987
8961
2390
3646
9628
1991
9671
9938
4906
3043
5489
5009
6779
7988
3979
2710
7609
3578
4100
1733
5634
3210
4039
8888
3993
6457
4511
2090
6053
9036
9983
7160
4695
3789
391
6032
9633
2718
3332
4437
8918
8989
2849
6940
214
8172
6217
8065
8067
1152
6418
6022
4351
3599
5060
5551
3616
8370
2543
8309
8020
449
7454
1279
6048
638
9500
9125
6475
5834
8972
8563
2246
6518
883
4317
2530
7259
4204
55
2972
3415
3129
5525
7849
711
5355
483
8243
2619
4836
648
3664
4194
1599
6044
124
1399
4460
5227
3818
5783
4783
9434
4721
7142
1394
3111
6677
308
2032
8939
9351
2511
837
1110
9902
9604
7578
3691
1460
6985
5083
3588
1020
3370
4810
4645
6720
5141
3243
9088
8498
5947
7699
9854
4389
2088
6897
7
9989
1665
8959
2320
4170
6182
4000
9152
701
2966
1386
6732
2111
4889
1132
3237
2121
3995
6962
6027
5356
7967
1130
2039
3572
1619
2575
7120
9677
1457
4179
4055
4956
2400
5342
5724
7396
972
2597
4207
6260
7065
4899
4851
4777
9639
2170
3807
2364
7266
7880
812
1631
9785
1874
2450
5729
2831
5558
6705
1583
8739
717
7688
297
7135
9617
7278
741
6197
4750
6542
5402
4003
651
1664
8217
9285
9367
4789
5776
4878
538
7006
71
7735
1220
8292
3253
3598
3589
4700
3404
7851
4173
8778
3423
3712
1156
5717
8809
8043
5749
9217
367
1651
7380
511
7055
7007
9401
2970
4963
5012
2411
1846
9715
7190
2656
6787
8263
7737
6014
3749
4280
7554
1249
5715
9678
2332
5700
3335
5046
548
2029
5789
5088
5197
9304
3450
8823
981
2280
5663
2580
280
3746
5090
8063
6125
1772
3126
6719
6977
3220
5853
3963
6394
4849
6956
2954
3634
7453
1890
9056
731
5723
8546
840
7319
9435
1795
4483
4569
3004
7371
4774
291
704
2181
1304
5527
289
9997
4398
2595
6256
7629
1676
794
5064
7250
1344
1731
9147
6253
1459
2023
7483
1373
2844
7197
895
1995
9037
1936
3999
743
3468
4732
9393
3075
1823
1164
1078
5162
405
8103
3196
4813
18
8296
4604
6078
914
5690
816
6246
5577
947
7107
5500
8564
6991
9965
5169
9770
8617
5687
2822
51
4070
1408
35
9406
7797
3427
69
5960
4064
3294
8406
6423
4832
8879
8995
2438
9318
7594
2155
9668
2267
5738
849
8763
1879
2136
4578
1047
7364
6799
6122
3292
2229
8116
6117
1019
2677
5143
1962
5372
6750
4670
3883
6358
7236
3067
7301
4965
2782
8593
8493
1961
7299
4061
6491
7741
7829
7972
7473
8872
7500
130
6736
5233
6596
358
8438
8668
509
1762
9407
4680
1284
1040
7724
9982
9611
3791
8448
2164
2049
5210
7092
6770
2563
7650
6377
3631
5288
3424
4769
6061
6714
5537
588
6026
1083
3803
8156
6701
5262
6321
1635
7564
2467
1612
6255
3669
3701
819
451
6213
7636
8952
1969
808
3037
8856
9166
6137
8978
2587
767
6659
9428
8788
222
6458
1978
1797
7254
4943
1148
378
4227
3671
8114
4800
9451
1018
7802
5344
5928
6957
4784
1601
3778
2412
3447
8421
3031
2973
3193
3683
7481
1544
5086
7836
6559
3988
5047
8009
2468
7081
2738
7240
6613
5495
1380
7374
962
1671
2240
9278
6335
5394
8036
5376
2018
67
7730
8665
2147
8860
5704
8992
3300
1094
7465
860
7360
1694
2859
9455
5657
9081
2489
8351
3564
8877
1896
646
3312
3971
4175
8550
3580
2881
272
3217
7721
2902
4435
418
4603
4641
6759
8201
2338
4724
9595
7990
3142
3445
9314
6221
1926
7388
2706
1428
6109
1546
2926
4865
5241
395
9652
9585
4646
2353
5252
5218
3643
2934
7837
2360
334
7159
2152
1538
103
9000
4005
1613
2502
7822
979
4799
7336
3297
1353
1445
1070
3500
8506
8353
4788
7588
3499
8977
8390
9077
4475
1661
5610
2444
5039
5676
2582
7367
4530
9129
2922
9153
6528
3127
536
7381
4466
8146
5158
5174
3010
951
1529
9927
9384
7400
4376
3159
7968
2685
1310
4779
2455
8609
5586
7748
2273
6273
9710
1513
5671
5854
526
4336
2569
3728
7385
9029
5707
1196
6653
7291
5719
8606
7943
6193
7293
1659
6610
5315
8212
4910
8021
761
4329
5936
2082
2726
3955
4694
8168
4688
2684
6334
5761
9139
3099
319
7170
739
3320
4347
2942
1338
6288
7648
6093
1741
64
4399
5415
5641
1374
4106
6204
9642
4619
1675
9945
9733
2555
1345
9010
322
5683
3488
4921
4853
1135
4951
4357
3609
9101
6024
9651
2250
2913
6119
7517
1209
3825
7618
3595
4403
34
5894
5696
591
5986
3156
7307
6548
2193
4111
2868
5125
2330
1884
6717
8926
8744
7115
2462
1108
7398
8294
7863
7286
932
2824
2638
8679
5488
718
3376
9004
2709
4112
8166
5961
8700
8375
8603
2397
6645
5030
6709
5207
3766
9422
3085
50
466
7019
389
6914
9571
4839
3218
29
4426
4074
9026
7410
6129
4981
9609
7356
201
6128
8211
5298
3527
6180
4432
9978
2642
4718
8878
2486
2607
8308
9727
9232
9496
9461
7914
2020
9777
5163
4309
4897
4193
671
8372
3983
1645
735
4955
7243
5382
3670
2632
16
6399
6760
7480
1267
6729
1901
6409
6934
7341
6136
431
2301
3103
8200
7528
9335
9238
8914
2419
7892
3426
4047
5223
3005
8500
4458
6353
9151
3132
1484
1751
9207
4922
7298
3138
7876
3621
5101
7079
8126
9748
3801
8692
8429
7947
3571
9763
7270
6643
1615
7220
4029
3434
4135
818
4586
5547
5411
5543
2393
667
5124
92
8831
4251
3618
5432
4059
7632
9754
8870
2002
5396
5782
5461
1532
9233
5362
7950
142
754
1311
276
44
8873
7106
9090
3070
6375
927
6889
1976
9055
3552
9538
2233
9834
6065
8214
6443
5638
7230
5650
3713
5766
3566
7029
7895
1180
5430
6958
9251
4806
5957
6513
5053
6391
7459
7139
8340
5171
5191
4387
4988
658
7440
7995
3535
5598
5074
4613
1277
2446
1477
2428
9635
260
4952
2143
8836
7819
4233
3864
258
7749
7225
9638
4555
1719
8366
8490
6680
4608
4136
7742
1272
7956
4133
2429
24
5185
6384
6295
8618
5110
1750
6236
7017
6127
3104
7620
1321
1455
8543
4238
3913
6328
6593
3702
9087
2145
6367
8446
7625
3932
6837
8274
7566
5575
7495
8586
4307
3786
7471
6820
9735
2529
1558
9227
9591
8428
5134
9627
813
8741
8207
9699
2317
317
1975
8642
6895
1250
5919
1735
3153
3693
9702
5656
8988
125
1423
8769
9653
7116
1777
5740
4797
4359
4049
6806
3274
3327
6437
7036
2520
1963
7058
3695
8280
3381
4881
9985
7775
7256
360
1809
1745
7886
7331
1222
6591
942
799
5433
2461
6169
9465
7593
9263
3741
5939
274
4780
7949
3351
7549
4464
7191
768
9501
6187
9955
5790
8177
8538
294
2259
7289
2797
5774
7479
4169
9588
6994
2882
584
5306
2399
2933
4190
4930
7035
5898
977
4882
5098
6901
4262
2956
4492
3437
7425
2093
9164
7264
3233
6724
5548
5994
6043
9798
4176
2675
7088
1226
6142
4829
5812
1588
2946
9811
1072
3513
7359
6844
6079
3981
8141
4036
5371
8776
4538
7952
8219
1079
6124
3919
4583
920
8729
6318
2683
7494
4643
5895
5726
5387
7628
1339
1889
3561
5580
631
6465
3871
8627
1349
5132
2772
8946
162
1491
7419
2838
7651
5353
582
4690
9841
2769
2084
7974
4884
1875
1720
2100
5748
337
629
7955
830
4308
9235
3363
126
1504
1493
3007
6742
7977
1231
4745
4148
8750
6741
9892
2760
4659
3060
8409
402
1276
6622
7763
7053
5560
8349
6116
3991
5868
6665
5031
8689
4519
613
879
7032
295
3600
169
6536
3485
1346
1518
9178
6842
6178
3364
7961
2475
1907
7906
9718
8607
7306
9730
1616
6270
7156
279
9918
9234
7794
6231
5052
146
6031
834
3240
551
5217
1211
3122
9685
4990
1919
1773
4821
9615
5205
331
4275
1682
1847
8074
7328
7985
5212
5698
3771
2659
2576
2646
6505
5693
6822
1274
4642
205
1787
7568
8596
9921
7704
4557
7970
529
8235
3058
2110
2986
7369
7992
9851
9931
6154
4929
3238
4544
1814
5945
9110
6269
6319
7527
967
3990
6692
3414
4931
6316
789
7671
4639
1174
4595
2137
2116
574
3532
9298
2551
5195
5219
6337
8947
9774
3258
695
5645
2040
5008
246
4401
7591
4214
8821
5660
2777
8110
3925
1120
9352
8227
6055
7917
1748
5062
7384
7999
7326
6473
9450
6813
4734
9303
8153
1548
1864
1951
4367
1227
4547
7645
9996
4623
1722
6531
7493
5703
9861
9849
1071
111
1029
4332
5545
3637
47
4867
7643
623
8610
8310
1007
1365
9537
9697
7402
4575
4845
4998
4556
8148
7666
8758
6788
5243
2818
6285
9880
7070
2853
2488
597
6910
2585
7870
5340
118
5254
8667
8919
8475
3021
7305
6866
3436
7966
8620
5235
4733
4366
6875
8197
578
9480
309
4034
8491
8170
1076
8621
442
6670
8473
419
4043
3169
1758
8835
1309
9885
9002
5297
6801
1992
724
4023
7372
1233
3214
5139
8301
416
336
406
6774
7603
7166
8805
8592
4908
3441
8232
843
907
2381
2501
1849
5397
1641
7674
6579
2682
4085
6936
4188
1603
3446
4855
7703
6327
5974
2803
6374
9644
3813
3388
8099
1360
6738
5855
1034
725
3784
4447
3831
2284
9866
5479
5192
3117
8801
4239
6965
2649
2937
5265
1154
6825
853
2974
1441
8048
702
5231
9148
7332
3682
3531
6789
9867
8705
8386
2537
839
5361
7206
7370
1881
7280
281
2877
6245
9552
998
6511
267
8125
9282
3517
8231
8424
7436
5785
2681
2695
5035
2743
1077
6918
9532
2811
7127
3689
1473
5561
1790
9032
2620
1159
5370
2394
2631
8008
1305
6608
8782
7525
7330
528
9835
2092
474
101
5691
7647
2584
1088
8570
4212
3676
9984
8081
3181
1648
1474
3594
7346
6118
9586
653
5732
2365
1328
2210
4983
7621
3538
4396
6258
2500
5400
7478
7199
1989
7059
1242
7672
8613
8333
9049
3792
9495
2843
6567
25
5556
2003
8517
7498
6898
9237
8556
9584
1205
1702
1752
1503
9534
5029
79
6421
7248
6712
9971
2179
219
6565
7154
4370
2266
6185
6648
1761
1909
9249
2553
3212
7766
7438
5081
6311
5332
9341
5063
5563
2420
1594
3432
5066
3772
8673
6978
9444
6887
5109
234
2050
7179
2628
9566
1550
3826
2115
4250
6823
1607
8334
9658
6352
1712
5746
4521
4764
9731
8472
2208
1559
3391
2938
9011
149
2307
6835
7351
561
3264
5804
8004
8468
1013
6420
4528
305
5456
1170
7998
4818
6673
6683
1591
9365
3192
7470
9990
9388
9097
9312
1757
5611
2248
4863
7022
4349
3836
9701
5080
9724
9772
8223
3155
3082
544
8258
7202
4265
5135
3575
1534
9420
5351
1101
9240
6955
4699
8027
300
3280
8273
4146
11
3861
8015
9355
3284
885
1379
8447
8140
1149
916
2627
7193
8259
5796
9970
8859
6276
6156
7310
1470
5617
1293
8960
5399
7090
9524
5948
7037
1611
3709
1261
7920
4298
4
7000
9426
2005
2791
7233
5082
7747
3548
1935
9817
3402
2265
1203
1807
3239
4429
7765
159
1303
468
9656
9273
8578
94
9775
8358
5832
8441
8552
921
8904
9681
8534
6689
7143
688
7938
1084
4123
9807
4268
5346
633
2546
9054
2135
450
3650
6571
2927
2668
345
3336
1543
3950
4097
991
3879
1207
2182
8833
8003
7162
8843
4203
4344
946
2232
9478
7172
424
8381
8966
9952
5459
9294
9429
4678
423
5184
7756
2260
3040
5059
1262
2105
5119
2688
1446
5244
133
9813
3059
5161
943
8666
7816
8204
7720
2126
8954
9065
7918
9542
268
1201
8023
815
6893
7460
194
9211
320
616
4183
7245
7249
1579
823
1153
4640
9998
6138
1668
443
9508
5434
9059
6349
5664
6210
3492
757
4288
672
6501
865
6563
4363
3479
3158
9195
4195
9549
7841
4585
7224
1430
6012
1017
9847
237
2864
2494
3063
8852
1185
2274
1133
4913
3054
5581
4894
4568
5203
4600
8915
4338
5423
6091
8990
2160
8545
8046
243
6996
1955
2231
1340
3000
7164
1306
7984
8268
7415
9804
6161
5835
5694
3344
7322
17
6406
740
4385
6810
9830
513
1843
1024
8191
1298
5175
7196
3147
3547
545
7290
3760
4274
8868
1171
7100
8949
9332
6296
5670
1424
9486
5889
6191
3837
1706
1238
4817
1585
4702
9482
1950
6483
7722
1066
4869
7194
7386
4715
9033
4636
4201
189
3150
6627
8850
4346
6096
3105
1785
2375
1422
27
1870
5071
5523
7962
1032
8038
736
6530
5468
6369
1930
4735
7288
5824
4716
7592
6189
5655
5505
5220
5303
8791
8512
7177
2408
2759
9064
6049
3109
5388
8648
6903
2982
1448
6905
866
3978
8726
1252
5442
6238
7451
1968
2789
6299
8117
5484
7325
1121
8205
970
6803
2578
7251
6718
150
3186
9876
7537
5051
6635
4826
2519
1649
8466
4887
3118
7887
6858
1554
8911
1900
6293
7169
155
2421
9980
1371
5793
4252
1111
8807
1096
2303
7695
113
3403
1921
2622
521
5213
9353
8249
719
4428
3395
6735
4024
715
7093
3268
2915
2318
2590
7062
3681
6902
5858
7239
227
728
4273
8682
6166
6461
7448
8135
8661
3308
4448
6196
5282
1041
1466
9891
6900
3597
5584
3454
3226
8602
6990
9683
5942
2967
5648
6490
6305
9165
6411
3686
2733
8322
2673
901
7464
3387
9808
5164
1653
1684
7617
2723
3008
8985
4073
8192
2855
9322
5269
2247
5739
4560
7535
4587
3215
2166
9183
6485
9459
8044
8186
4372
875
7818
3806
2506
7791
7174
8312
5111
1789
9778
7025
3887
1359
8810
9134
6347
5829
7673
8938
2007
4289
5728
8971
5925
8558
1686
5944
3573
720
7102
3706
7767
6982
8740
5904
5771
7599
38
4752
5480
8541
2237
9191
3610
3977
3397
7258
1667
4499
4815
8112
8051
7216
7347
5571
1685
4968
4506
5529
6301
3262
2183
3663
3957
6716
3223
5274
1553
6168
4264
3296
4271
4924
726
6644
570
4279
8503
5360
6968
5737
1972
6385
7210
3949
4491
800
5920
2425
2469
1709
5381
9612
4384
19
6415
2102
2107
6634
30
8999
5755
3116
5121
253
8794
3777
788
6056
7393
4444
8213
6549
1050
3228
1922
6664
7282
4628
2300
8968
164
1385
233
5018
6387
2132
7163
6047
8134
3409
2523
8320
8871
3198
2714
2167
2635
4946
1418
3269
2648
8318
5633
9695
868
1210
453
707
7468
7683
6028
2771
7097
9161
760
3291
7430
7595
1756
2156
3915
2108
5678
4552
2278
650
9783
6029
2751
2257
6805
2186
3692
6233
4570
6016
4812
9747
1628
4276
1575
9057
6329
6762
7155
4610
5888
3626
4939
9634
9105
7449
9712
2206
10
1967
2991
4270
3929
4507
410
6190
9280
758
5684
3429
1984
7800
7935
1747
7122
1057
3406
9356
7845
1753
1792
1803
6685
5179
7510
215
6869
7150
9213
911
5094
3612
3439
5006
5877
6025
9206
7634
3937
4442
1627
9522
6160
9768
4840
730
6410
8651
1993
6850
8209
7520
8013
1291
3443
8650
1519
5126
3474
5673
8005
593
8413
41
3711
4143
4846
2452
9027
1793
8278
8165
8844
7028
102
2401
5497
5927
4248
8861
9193
3528
9140
2830
6244
8254
5001
5778
8313
396
824
3551
2336
5959
394
3881
4563
4717
482
9331
460
533
5975
8087
8136
9200
3905
9831
9427
8163
9561
1906
4781
1358
6730
2908
7904
457
1326
3569
9100
392
2680
3200
165
1240
37
9784
2663
5105
6046
7096
7069
2919
3342
3163
8113
8653
6632
4028
6537
6230
7252
8250
7682
2896
5940
6131
4896
4612
3860
1940
2959
1551
8646
2556
642
2228
2540
515
492
6676
1572
5554
8314
2187
2787
6192
5568
2178
5845
9935
3028
4393
3100
8806
7477
5636
4554
2447
3518
7512
1516
4903
7413
8759
7577
4057
2756
2129
1739
2348
6041
7753
7403
3931
3914
1447
1552
1033
7353
7302
6649
3025
2846
550
4451
5823
4155
6702
3899
2377
4291
5562
1092
6829
5474
371
6892
2220
3725
8582
5879
407
2920
4489
8195
7407
3935
6282
2842
7761
7882
5481
9986
5115
7417
1867
1838
8096
585
9720
8401
3968
6017
3483
2133
9359
7670
2854
5278
4378
1366
4798
7754
8010
3939
6861
8984
2618
4807
5553
1479
6598
7607
8129
2672
4408
657
9750
8725
8684
4936
6538
7660
8275
5377
6186
108
4374
4121
8658
2027
8030
7335
1660
9583
8492
488
997
5211
3918
8138
6364
7685
2472
8210
7927
5441
7183
61
4870
3888
9607
1499
1766
9084
5827
1055
9415
7762
7542
8975
5811
4582
2886
9884
8344
1129
5659
3049
5159
7283
7799
5644
734
8240
7446
8523
2935
1091
888
6309
6891
2478
5426
7884
6476
6165
6308
8597
1206
4514
3907
1337
1202
2906
4405
934
7128
3665
6695
2118
4562
2458
9338
8058
2643
1794
5882
2792
2189
192
4122
7996
1854
1456
9589
3065
8303
3194
9255
7751
5706
5084
8408
1786
1128
2652
6811
5863
8577
622
6510
1894
6381
9988
992
3234
1908
9567
9086
2721
3173
5129
5419
2891
4559
3271
7726
8895
2491
953
7551
8770
1478
8845
6332
9079
6761
2025
5463
2944
2470
5216
1407
181
3490
5838
7779
1212
4297
8045
2180
5831
6980
5464
2148
8026
2083
7684
8022
1696
4828
1818
4219
2209
7910
1856
1492
77
473
5352
3373
3149
1098
1998
5624
4380
5136
7315
1325
9127
5142
2571
4051
8847
2436
7267
2061
1528
6450
9210
4379
9707
8377
2327
100
7401
481
6517
827
7204
785
4743
8830
3245
7342
2577
9169
8426
4505
4654
2983
2379
5876
6616
3828
3890
1540
1886
144
2985
5117
3211
5249
2979
3168
9991
5826
4481
6051
9895
8073
1918
5093
5150
4739
1228
5186
952
5428
232
1022
3677
1464
3030
1449
3252
1699
809
4236
182
7712
5021
2860
3319
3559
6556
3365
3892
1858
6521
797
784
4208
6498
3986
1476
8907
6340
5384
5455
3112
6617
4127
5910
1658
2794
3079
1500
160
4365
9872
7124
5544
3050
3093
8591
3494
1595
994
1081
5769
6359
1873
1236
6380
7153
8098
7458
9618
8764
9959
2930
8636
8075
3874
2256
8754
2901
2214
4796
9923
9137
8663
2372
3451
2413
1980
7820
7140
1224
1438
2333
3231
6086
9504
2744
7743
5891
9816
3051
1348
1467
9565
2131
6607
4933
8580
7692
9593
6073
1341
2559
8234
7728
8987
7108
6062
346
1192
7757
9545
4052
484
1567
8376
1388
7008
9446
5122
5599
1004
6888
436
448
1985
5730
3034
6611
7390
7229
290
3266
4886
5153
2925
8584
9268
3091
8936
6264
8055
8315
8159
826
5816
2781
6973
9874
6313
2837
3041
9182
4076
225
5437
1531
4241
8471
5032
6146
8034
2796
3954
400
315
4240
3961
959
4199
1913
318
666
1143
670
5946
1025
5482
9471
4229
1404
1247
6383
114
3286
7309
3146
5020
3893
619
8540
3235
4633
1468
3360
7531
7813
369
8691
8281
8282
7975
264
9257
9548
463
6471
4341
7940
749
716
3705
1270
4184
4327
3688
8539
2813
6713
2123
894
9743
8963
5546
8092
3357
1707
6469
3783
7649
5953
737
2485
2442
3347
2354
710
7971
200
8751
2658
1282
5528
8393
7915
1839
8119
3128
6923
5992
7273
8270
6790
4962
4322
5446
9577
9045
9175
6279
8082
7232
2410
2034
7601
363
6879
1065
1888
2075
3372
3633
6115
8925
2798
4776
3761
2995
6176
755
5148
1928
4247
6507
9741
1899
4200
7027
8423
4472
8841
2192
7117
4102
6251
9442
5652
8965
4352
8016
5309
7292
660
7185
3405
1977
8771
5954
2566
195
6172
966
7913
7242
5808
8382
1672
7502
8462
5731
7546
3795
8175
8559
4513
5988
9703
1941
3640
4131
7925
3505
6802
7476
9103
9930
8128
5772
5649
1239
5299
8288
9020
5615
8900
2707
7508
5972
7030
2614
2889
887
5403
7951
4746
4856
6357
2820
3313
3904
1048
1044
4191
7101
3997
6915
7976
4144
5932
6159
2144
9528
6769
2734
327
2899
700
5559
4130
4995
6215
2932
7616
3401
644
1683
9484
3809
9424
2984
8780
9096
8670
3973
1144
4488
4213
3775
7770
5520
5952
3417
6838
1769
8527
5307
2521
1945
6793
6524
9202
2063
3945
1892
1194
1549
278
3089
3933
6300
6818
2457
5226
7808
2816
7641
3167
4794
5787
2388
4644
4934
647
3944
7911
3456
4566
8601
7366
9875
409
5131
4290
2149
7540
4761
1723
6586
2909
3009
4879
1090
4767
5380
2754
4874
7134
1402
7228
9142
2651
8405
8198
6064
3743
4198
3187
6499
9844
589
4919
9138
4596
1315
3022
679
2218
6808
3463
9198
5202
7545
4975
7383
9764
8560
3143
3345
6100
7296
7136
3525
7973
6833
4626
8215
373
8387
9281
1816
1965
923
5222
7772
9409
9672
8070
714
1443
2159
5516
9862
662
9655
5323
3996
4843
4982
6037
4531
3875
8111
3134
8422
2878
8920
1021
3465
3501
13
6920
8434
9111
6249
2848
9022
3438
9082
3358
9487
6069
1314
1127
4035
414
1981
5350
3392
9368
4048
5557
8803
198
4722
3675
7455
4880
955
4989
6828
615
4652
1313
6456
4681
847
2735
2625
2990
4976
7427
5294
9034
3563
9738
6815
1063
5595
9445
3852
8632
3620
2165
4790
8427
7835
7785
3384
9636
3480
3587
3440
8528
5526
5069
6986
154
497
4263
4665
7727
3556
3661
9379
8737
7908
5313
8361
8180
8158
8246
3176
5436
4540
8285
5095
9325
8253
2980
56
9447
4079
2806
699
1524
6525
350
9491
2667
8238
5471
6625
6413
6949
4857
1015
3510
6873
6066
4529
5905
4762
2768
9489
4709
4747
723
3261
5493
5909
8208
787
7198
2805
1377
543
9170
8746
1891
1560
3844
9317
7579
8817
7138
7343
6896
1011
6266
1225
3487
4802
2961
180
7089
5998
86
3928
6628
747
9999
2955
6885
8529
6463
8796
3190
8696
1582
7576
5616
3812
507
8414
4833
2898
1431
5510
4368
8416
5258
6599
9640
8017
1372
1670
5106
3870
8169
6259
5983
5016
2076
3750
9759
5912
3885
2212
8839
4782
1342
5736
7389
9289
2341
2361
3636
2557
62
9203
7698
8838
1389
4019
9440
6386
8496
70
5813
9966
6964
3649
1218
9296
762
7916
9154
7821
3120
9543
8410
6679
9517
4597
6287
3110
8654
8927
8842
1415
5374
8346
8917
40
4006
2496
832
6500
9174
1677
5934
8123
3502
2757
9411
8139
7042
2012
8454
2346
5343
3958
993
7931
4808
9180
4063
7954
2654
6960
9912
2720
3740
6216
1904
9389
3083
2221
6620
4576
5750
9852
8019
2466
5583
5711
3002
4738
3032
2215
7121
604
5677
4293
372
4964
2699
3622
3731
8874
5490
433
3057
9698
3350
6267
5245
5642
8931
6756
3299
6933
4755
506
4286
3095
5981
8520
4062
4050
1320
8865
8483
9723
8781
2343
5408
5240
5914
3475
4501
9637
514
7612
2245
4561
6694
1526
8307
5669
9790
7534
7902
8756
5926
3703
4147
5144
2041
1049
961
5193
8599
2823
3763
2094
8256
1115
7119
5770
664
8404
6626
7235
5054
5067
5741
1964
990
1791
5596
9387
2251
89
1997
5450
8883
6312
1912
9973
1725
9275
6112
9650
542
5725
9397
6520
6067
3062
5756
8824
3662
8147
1382
6890
9376
1074
119
7889
8757
4226
9366
996
1256
708
557
4662
206
555
518
2289
221
8800
9613
8930
5999
9832
5283
769
5133
3651
4104
7083
8565
779
2249
2821
2484
7944
393
9106
1140
3878
8150
3180
9448
7655
2384
9199
1673
4319
8
376
9212
3061
9979
1433
9853
288
1190
6433
8484
2104
3900
2812
9136
1062
287
4038
8149
6690
6529
7556
2422
2711
9573
5807
4509
9276
7543
2306
5287
8825
7344
8391
6289
3333
5188
8956
6795
8562
355
814
1882
5512
9185
3279
5612
174
261
9803
1971
4616
2541
5145
7133
3524
8061
6314
8290
2736
8470
4152
2077
7659
6749
4424
9301
5609
8533
4490
3884
2770
3255
470
567
7701
3047
9262
2445
5304
6796
4844
3140
9954
8991
4244
1497
5805
8477
986
4866
5792
8132
5100
1944
2139
5856
9053
5866
983
8373
3523
3719
2856
4862
8066
3069
9492
7571
4328
3608
8787
3769
7472
7676
8059
8604
3162
7598
2114
1656
9623
8510
5674
4255
6326
1442
6917
4284
9143
4504
4350
5620
7297
7213
8369
9230
3956
1230
9824
4577
5865
9383
5973
4281
6502
8053
7395
8502
1489
3482
1119
5849
8893
6108
7085
2403
8206
1301
9993
512
255
8942
8505
871
9629
2453
1596
2740
9810
2939
1053
3260
8623
8924
7875
5312
2198
9117
4413
4584
8352
5331
5401
8039
5494
902
3970
9467
478
5867
2162
8767
4657
939
3596
6271
3921
6000
3625
1799
1295
9497
2055
9391
6023
8615
6987
7078
4484
1475
7548
6133
7560
804
6162
9630
817
3790
8779
2645
7824
1281
6853
9594
9756
381
8581
2153
216
4257
1198
6775
1158
4067
6425
6459
7533
4893
9074
2874
1942
4625
6408
9009
6781
2042
3920
6660
6561
4182
1717
2433
321
9184
5234
4729
6389
2621
4877
2374
3698
5049
9992
3411
6585
683
2217
8733
6284
5022
2184
9219
3797
2691
185
4142
9812
8455
3512
1244
7903
2640
2568
366
9179
4296
4707
7969
1137
5290
328
8359
8115
3038
1367
5592
8678
9128
4872
7804
464
7860
5050
5300
8444
7665
6562
6416
6541
3842
1574
3250
7189
5967
1517
8224
461
1639
500
3425
7883
9779
4730
503
7907
9792
8828
3544
193
9739
5625
5692
3254
3064
3869
4304
1251
7894
6181
8362
8486
4089
3718
5435
5885
7327
3330
8958
3287
3974
7482
4973
6860
7497
4124
5958
284
2350
81
7205
1045
3001
9905
5366
5335
5189
7437
6290
4510
7696
3046
8708
9438
4221
668
5120
3352
8419
353
9676
1934
3570
2834
8892
1217
7466
3838
7394
5878
3788
5013
2817
5535
7965
1982
1414
1
7013
9546
8178
9553
7452
6268
3759
2044
807
4778
6171
828
6419
1183
6592
3530
1409
5968
1347
5846
906
1647
8526
7441
3074
8557
6482
530
4196
9369
2066
6227
931
7176
1522
2201
6671
9800
4158
8445
4701
3476
8699
3808
7792
3557
9274
6121
2653
2857
6148
9995
8706
8241
1112
2514
2750
3068
852
9527
976
2314
364
9432
8713
676
7664
6816
5076
3489
1848
2288
3767
2395
890
5801
3053
6019
4025
5675
9358
5325
1784
6519
8881
2532
4841
412
2839
9509
5097
7963
9061
9123
9519
1199
4254
9940
2161
8998
9682
5336
1834
9364
5871
6304
6099
9780
8394
3872
9405
4548
7885
2747
5407
2423
9972
2014
4009
2583
8790
6333
137
6436
9557
4010
971
2305
3802
356
5157
304
6969
7678
2324
7953
2262
2660
7182
3880
4905
8261
7428
4388
3690
9042
5404
9085
156
3917
8943
4013
1327
4044
9690
6941
5800
1100
8587
8504
922
9550
4668
3630
5884
3814
742
28
6261
8731
6865
1167
1781
748
5852
2931
9466
8674
6398
6841
7854
4756
3201
3453
9416
9473
4356
924
6254
7195
4269
5061
226
4421
4103
9791
404
2254
6575
4337
7209
1778
5708
2943
5465
7755
5798
1808
3491
9308
9673
6747
9070
5251
9521
1241
3108
4228
6206
2603
1861
6554
7714
8339
1113
6852
7158
9624
4795
8932
7130
1232
1979
7339
8734
4375
857
9795
489
6354
9374
8244
256
3533
8677
4503
4422
3
1737
8590
9814
7663
4809
1485
6140
5431
2708
6629
6272
3444
8145
1606
343
4911
2863
8634
6999
2975
6179
4803
7898
4081
7694
1275
4664
1458
2038
9377
2366
6577
5916
5338
91
5429
9060
9186
1866
5667
3700
5923
7746
3912
8151
8516
8357
6297
9962
2060
4661
2086
9107
7716
562
3897
485
1916
4947
4340
7072
7333
3866
9793
5271
8451
2592
4068
3800
2205
6243
4980
2637
7338
434
9742
3816
6368
4002
1999
1008
5204
4572
242
793
6039
3076
8088
8513
6152
8630
3934
2593
9343
4386
2011
1730
4088
3804
3197
6292
5564
5138
5320
7178
6687
122
5506
5266
6847
2916
8456
3431
8264
2755
5922
231
9533
8745
5045
3715
4042
365
7144
4673
1195
9694
1589
4634
831
1938
3077
9575
4985
6588
2719
4151
5043
6438
9578
4072
3035
2380
5393
1469
7941
9737
7640
6871
4915
5933
3219
524
6331
3133
1911
7600
7844
6074
6422
5449
241
876
9490
1917
7921
7828
6618
8430
5339
2657
8869
1862
4696
4358
8031
8698
2495
2054
2207
3263
7587
3850
9014
6432
2279
9848
5354
713
846
5228
1273
8461
5413
3744
9840
1488
7912
6188
9821
2326
8229
6224
8608
8400
4835
2085
8784
5485
6686
6020
8594
141
2295
6382
2176
4166
984
2535
2852
9015
7877
5850
897
4907
129
7003
6005
8761
2545
3182
6338
1521
7826
9146
7137
2177
8403
806
2378
7499
4476
3493
9987
3658
9717
2904
9649
3629
7475
3506
568
5705
1316
5515
1590
7856
8162
3936
5635
3853
9253
4463
1840
494
882
606
6209
3170
9135
7152
8595
8742
8181
2113
1952
138
9514
2611
3003
9363
4334
31
1300
3202
519
7745
8251
6768
5666
4497
3195
2774
6237
3087
8108
2043
2089
1796
7522
8950
1453
5253
9319
9094
1429
1953
1364
982
4120
1923
8697
8133
7247
4918
3565
9098
7304
5190
1754
3540
5653
7287
8657
8154
560
2103
7033
8867
7842
8711
2581
9216
5268
7793
4768
5815
9568
8906
7350
5206
770
539
3581
8629
2809
3497
8519
2
8719
8342
532
490
1351
9525
5639
7602
7986
4917
980
7051
5795
6097
5875
659
1482
4498
7161
9516
6522
1663
3396
6952
3442
7086
9860
4674
7893
1868
1352
8555
7615
2185
5576
3753
1869
3338
6147
9327
6797
7362
2875
8297
7323
8840
3545
6431
4618
7964
8300
2629
7215
6523
6356
1030
8326
4187
3464
439
2418
722
7167
7104
9373
6682
2634
3471
614
4550
1523
1597
6526
6009
9864
3694
7574
1116
8612
9929
3354
2339
1851
5806
6595
926
7109
6937
5821
2604
417
6325
9686
5760
1435
2826
93
5057
7848
4614
5058
6089
3985
9414
8903
7586
7129
6036
5405
2376
6954
3157
3042
5873
9188
3653
8028
5979
5078
2197
2068
1714
6966
3107
1463
209
2833
5718
3495
2062
5167
6234
8311
1902
4282
8302
9102
6006
2788
1609
9964
6427
9324
6424
3478
2790
9468
2636
7263
2741
6780
1728
6650
8701
9413
3592
8793
4728
2194
8820
2912
9286
3481
928
2518
6199
3307
6764
5582
1398
1487
4450
475
4925
3969
7349
3508
6170
8548
1779
6568
9662
5337
312
2840
9825
8885
8032
8049
6123
2885
4753
2987
3096
4045
95
9894
9113
7626
7783
7521
3601
3361
1392
4675
4543
1278
1178
9946
7014
7015
445
5406
1652
7850
3584
682
3139
2905
8050
2454
1505
9858
2008
905
3539
4838
2865
65
9771
5963
4928
4078
1087
5978
6970
7060
1625
1188
3420
1501
8728
1620
6173
3516
3583
7881
9797
1245
179
2512
7896
4253
3577
6570
6241
123
8664
4526
8948
9696
9019
1878
8768
7511
3346
7706
968
3830
2561
6401
6807
7311
2689
1687
3624
4710
870
1578
7798
3859
1283
4470
8271
3822
8687
649
5392
7957
4620
2216
705
1815
5358
5995
6134
5417
1924
1507
8160
4814
5661
6207
7044
9250
8018
5572
510
4094
455
3141
3281
6971
4092
620
579
7467
411
7529
973
1602
299
8979
3078
6218
2291
8671
4479
2676
7462
1801
5605
1775
1621
4565
5239
7865
8573
3927
7731
7469
6330
9596
678
8457
2474
4482
6113
8974
5427
4095
2647
4967
1819
6158
1082
3303
4065
7590
7622
599
421
7057
781
1746
1539
438
842
3052
3232
7316
691
5473
6558
7667
9897
5533
5311
168
7624
4211
7623
8425
9937
5632
2483
6205
8109
6007
3151
3923
4698
9801
143
547
338
8837
9272
7234
9038
3685
2947
6950
8072
2331
3755
2244
1437
1871
8383
6229
7045
6594
3647
6959
5291
134
9513
6824
9001
4165
4953
6545
2888
9419
8265
9277
4189
3896
1302
3496
9457
1002
8239
3821
522
9576
8703
6101
4940
1176
9616
5349
5416
6302
5027
9485
9460
277
2463
9017
4115
4101
8095
2687
9877
4266
5630
9223
3272
26
2617
3106
9309
6907
4416
2780
1566
918
2409
7662
6439
6661
4957
3941
4890
204
1703
8248
1297
3710
1715
2065
7843
2732
3241
4242
8460
9225
3585
4704
8363
1481
9069
8127
862
8826
1005
5259
6733
128
2606
7853
9021
4888
540
230
6723
1933
5956
2807
2271
5530
3029
6674
5072
8542
3470
75
798
7073
9648
8069
3016
2031
3738
4474
1056
6085
5519
1039
6226
1711
669
7597
7399
3708
9458
432
4892
9975
9873
4107
306
5541
9913
8547
4438
6280
311
7705
2138
5114
4084
6574
1833
3289
703
6495
2505
8633
3526
8463
9957
6862
4325
2701
8884
1436
2101
5023
2431
4938
252
2064
9399
7983
2591
8889
8185
2499
3247
5964
9903
5955
6496
8000
5232
1280
266
8298
2275
6912
2536
283
82
4759
186
6624
4353
9907
4864
4763
7905
4744
5869
2282
326
5112
9558
9675
1836
2671
5570
4969
6448
3171
9141
8944
6800
444
1208
8260
1565
6514
5727
1027
1960
572
8279
147
2910
3824
4984
4407
7981
7786
1334
3820
1708
1948
9562
9906
4960
9072
8305
8639
3856
1577
4377
796
9926
6857
4740
5775
2168
3435
2911
9449
7513
2528
7709
6021
8040
6281
1827
254
8395
6877
5721
565
7939
2213
4891
4617
8714
4409
6388
3324
1990
9580
4360
2524
296
940
2223
1253
5221
3019
8724
7717
4941
5073
8257
269
8749
263
5996
6748
3638
7379
8329
9782
422
2087
7936
4902
6745
1215
4920
9934
1254
5310
5682
2028
4520
6208
45
1903
1929
988
8474
4527
7945
6083
8647
872
9080
6642
8973
427
1410
829
2342
3251
257
245
7866
6111
9714
5292
1175
733
7378
7700
6200
6404
9441
8330
2724
3389
462
7796
8193
8245
6707
4986
4040
167
3529
5549
5767
9477
8269
341
9693
4314
5321
4682
4496
2779
3185
935
4749
9452
5503
4397
8035
6668
9879
7260
8435
8969
2437
401
4827
3894
7218
2069
2270
5055
6778
1584
9462
8811
7456
3835
5591
6441
7082
985
329
5629
9746
2130
9089
8176
6951
9236
4648
4683
2686
7614
7557
960
949
5859
4168
8052
349
2526
5906
2565
4574
7661
249
80
8951
3613
248
3798
1512
4573
9208
8981
2171
3179
4904
7409
6658
4027
535
2941
9967
191
6291
3071
9994
821
1693
8230
595
3045
9402
1023
4672
6785
7642
2387
1336
5470
5924
9776
4333
9767
8854
9192
5214
6248
6467
1943
6400
1237
446
5005
7782
2272
6731
4621
3293
7997
3796
6107
4439
5751
4209
1324
556
4679
8614
6641
6222
3055
7324
1089
8321
7552
2036
7237
9167
3558
2761
6444
9563
6710
3972
5238
1780
6755
1630
2981
5113
5477
23
8576
6776
3348
1406
6240
8122
2283
2850
7112
4400
9058
4785
3206
5037
7713
7368
751
8626
496
6252
3378
2829
537
6652
4551
1813
4667
3982
5803
786
390
1059
9421
7275
4711
8766
9941
4342
3498
5680
9344
9472
7020
6468
9868
4202
4622
6395
6814
4590
262
5424
1826
2522
426
339
6929
172
5777
4793
1973
1800
9392
5786
4923
4765
4132
2599
5844
3419
7693
4249
2308
2004
4666
6434
375
8439
6070
4773
3452
5367
7635
1650
7039
3697
571
5892
3751
4539
3318
6666
2414
8789
1996
1568
4080
3768
8802
9320
104
1740
9953
5137
8107
5316
403
1828
3714
116
4082
9917
9025
2052
5458
9554
1994
698
3377
4786
7937
5588
4860
8898
7814
4443
1783
9749
7318
1417
9815
3175
3507
2057
1511
1138
1052
4771
8137
46
4433
2490
4033
9396
790
7582
3189
5277
8047
2154
6114
4606
5619
9047
9948
9625
9023
8804
2369
654
1749
1179
687
8494
2890
7103
9787
5969
2845
549
763
3593
8252
5672
3056
4469
8385
7303
7759
2503
3773
8880
301
5566
1151
3948
3080
8284
7212
6002
5847
6916
1106
6228
780
4791
1727
8669
2157
2487
106
196
6058
9408
7778
6052
9802
9120
1897
5439
5267
9700
8735
1959
693
6580
4440
7553
7758
6223
9857
6446
4150
3615
1317
3687
6601
3541
5908
6265
8501
7878
5567
7442
9436
6639
7294
7584
773
5389
9295
6846
2786
4172
9330
7255
5107
1322
9260
1213
1439
2894
8057
3073
9044
652
5604
2552
4535
3094
3898
5208
7018
4974
6859
8007
6106
5643
5651
8964
4502
1535
3854
999
2367
6576
1623
5462
3229
1598
6566
2728
4477
5276
6442
1419
516
6597
6863
8276
5518
1883
3855
2861
686
8649
9271
9224
5152
2417
8929
1669
6840
3876
7524
7784
9674
4912
4321
1401
9404
3632
7613
8710
3645
1383
1610
6961
112
1759
5177
6477
3780
7373
184
5165
1184
7424
7879
9621
1738
1043
4157
469
3208
8325
9688
5378
4391
6582
3136
6087
9172
6740
275
7080
9345
4383
4021
3305
7423
3315
965
772
4598
6681
7175
2013
5028
7503
913
5524
2665
5899
9132
3722
7056
4883
6715
2608
7555
3851
5476
3704
2762
6219
15
3542
1031
8091
197
4012
3639
5383
1028
5003
844
523
4742
8286
8487
4553
3088
9547
7279
2758
9149
5149
7994
1726
3623
5931
357
5574
6379
4961
2773
4008
6487
9641
5319
5685
1821
7148
1426
12
9820
6489
3224
7516
5521
9256
6341
7049
3379
1105
9131
9254
7052
9264
2971
9956
7131
7738
3942
6110
864
8795
1257
8986
1216
2477
1001
9306
1695
1618
5019
1954
4693
3673
792
8161
1949
3048
3113
7563
4720
3964
1146
3033
3734
1046
4129
867
5146
1350
6247
6010
6143
850
7691
5585
6614
3462
2493
625
8368
7147
9963
2416
9828
302
4031
5701
7067
467
4651
9646
6145
7604
2841
9261
8155
2641
9329
3886
3177
3635
8152
6414
8266
9456
5438
3723
6935
1555
9944
3770
1564
6183
5861
771
6913
2328
3371
9220
8660
6615
6360
8037
6478
9839
4901
2999
9163
9155
9313
6765
7581
251
2903
9622
6746
6392
98
379
1835
9574
399
674
9736
5830
5334
3337
2533
2268
1390
415
5842
9619
3027
85
9470
4243
5607
2601
8923
1527
2883
4145
5536
9823
5991
2319
7637
1643
4949
2539
9041
3737
3727
873
199
9124
2869
1634
3922
1123
6250
6474
9158
6657
1068
612
4320
380
3290
5260
2892
5280
7274
8813
2006
580
3757
1356
6995
2095
4060
2749
1229
2290
7569
9936
9705
7809
3366
7733
2778
3962
6533
2513
963
2964
3267
3380
6551
3733
6153
66
6149
7544
1925
4361
1636
9361
6057
2527
1480
2312
3275
3823
5410
7960
2302
8335
8062
2588
3398
7422
3014
3785
7652
3011
6945
5256
504
5534
3742
7432
6553
9896
2832
727
8174
1413
6294
9606
4215
3323
2497
8247
1067
9794
1593
6876
8928
3989
7387
6484
2045
3549
9950
4411
4216
8747
9340
5199
6552
330
7068
1181
307
9977
2799
115
8097
7774
9443
2219
7098
8367
6992
6075
1502
6751
6831
6974
2729
5880
6317
3960
3628
2091
7334
2242
6194
8566
362
9560
7457
1286
4312
9871
5166
4128
9291
8644
3782
1378
6035
8957
476
5498
9287
7171
7980
6606
1235
4687
8084
2953
9904
2351
1812
6345
3394
9300
774
5285
3657
810
8277
5917
4164
7223
1086
4741
5492
7711
661
3748
4581
1966
8829
3924
2009
9659
8071
3310
1495
3660
3355
5398
8732
4979
6727
1000
4217
6983
764
590
8415
8568
2315
880
8332
8846
4427
6630
6573
6647
3249
2440
8090
2269
9372
4861
1416
2534
323
6989
43
6663
7377
7627
5758
2204
3203
546
632
8772
8755
3504
3975
2015
2263
2605
2554
4993
909
1150
1472
8980
9499
8228
8354
3774
7871
7580
3811
4126
7840
2070
3006
5918
9114
1817
217
1872
3543
630
8124
9829
9805
5907
8437
1657
910
3521
9007
1887
5089
7200
9765
4658
7087
5242
7404
413
9602
8283
628
6493
3469
2243
7431
7001
8433
4116
696
9922
4330
5817
4977
9246
2019
6307
6699
8645
1802
9531
6447
9709
1734
5848
2978
310
6428
863
9865
5466
2195
4686
8196
2698
1820
9173
8531
8068
6135
4876
3947
6054
6263
6098
7787
3550
6798
3716
4087
7345
712
4873
7450
1362
2800
8221
2793
7656
8289
2017
6809
8851
5820
2626
8323
3205
732
5181
1296
1744
5802
2227
2921
5444
8488
7002
8432
8993
6076
1880
5593
4638
2610
2819
340
8765
7408
2352
3178
5949
8588
1289
9371
3301
5250
1141
1798
7023
2325
7750
4630
4663
9667
8709
4022
4669
2048
4567
9214
7295
969
3341
4676
1533
3433
2277
3765
4141
3328
5709
8255
2507
3720
8822
151
8188
397
4725
2704
5511
8641
5735
5209
2056
2081
6587
7066
4854
2996
2426
9942
3400
2693
8628
4419
7277
8600
1452
958
5971
4508
99
4859
8715
805
8585
2988
2373
8686
9454
5840
3865
1576
9911
5587
656
9722
447
3833
5391
6603
8688
609
4066
8226
213
7831
1003
2764
5896
9559
2538
7340
6239
3367
3514
3781
9410
1263
8041
7532
5373
6355
3655
9601
2862
5155
4760
90
1617
3282
9205
5176
7923
1134
9349
3257
4593
5881
1830
4546
4154
211
8982
5173
8187
8348
6604
5688
1729
385
2169
5279
7619
9052
4834
6534
5147
2363
5531
5002
7421
5753
7536
2897
9916
3648
8508
6777
6939
8291
429
6455
1381
1496
3285
1782
6013
4804
6277
3641
6132
559
5014
6637
5788
5779
7231
4522
5390
1054
3895
6904
5
7515
5296
1701
5247
7222
6198
6878
5555
2968
273
7901
2480
3098
8812
5302
5042
6141
2492
6324
4713
8643
145
9386
2746
2715
8262
4909
4011
6320
1624
5467
2294
8635
5578
636
1166
9610
7397
9506
8935
706
5178
7864
7271
2993
9030
6373
6874
7484
6786
4991
7443
9302
5989
8397
1541
83
3576
8693
9505
919
4898
8407
458
1974
2074
110
645
3642
5056
3845
7505
9981
4766
9
1124
3555
6864
7752
4515
3840
4234
9245
7530
5757
6868
1405
9535
4731
2871
9012
6763
5870
3627
4294
8680
8579
2124
7435
5326
756
7186
5773
8157
9732
163
856
7241
1073
517
3799
9666
5762
941
5662
5301
351
8100
7680
9503
3191
1219
9711
9974
9400
5565
6393
499
8042
9168
2960
8086
3965
6848
9951
4245
6030
954
6856
592
8399
766
2936
7686
4099
9315
944
3130
9960
2560
8727
6704
5237
4637
173
5483
3614
4004
4206
9043
1716
5539
9018
3256
7982
1103
621
207
5733
4772
854
7151
6211
7909
2742
3486
3560
7933
6578
7111
7631
6698
4632
2255
2847
4703
6557
3762
2900
6881
1674
1264
7873
4684
8681
2222
7118
7715
1831
2449
8549
3779
5743
1939
2239
3758
9827
6095
4837
4770
4326
8685
9523
8922
1370
950
4110
9078
9104
3383
2392
5272
2525
5041
9013
1692
5068
892
7558
9856
900
2109
8389
5010
4230
7091
6104
2639
9590
605
933
2851
1200
2359
655
1764
948
8515
7646
2322
6372
8237
2731
452
874
9598
6068
3339
121
9093
6543
3204
9430
566
4723
8777
2385
7429
2612
9423
2072
7227
5196
8955
2117
1542
8143
9115
1697
9162
239
7919
2151
3909
22
2134
8694
8130
7257
3259
7492
1014
1857
5794
684
7132
7485
3309
7026
6144
7348
5594
8631
9837
5246
3382
120
2033
778
1369
2623
4545
8398
8222
48
4871
9051
4592
4599
3458
4997
8431
1626
8738
7922
8676
2703
2866
9453
4727
2415
5318
1895
4205
6700
9869
6348
4093
9265
4283
6963
6082
8866
8638
344
9156
9197
2071
1299
6631
8913
4705
9498
4037
270
2224
218
6371
9806
5103
