3244
7455
2408
6378
2575
1111
335
6476
2187
6296
5147
3440
8275
7139
3349
7440
6167
9797
3339
4933
8248
4964
4850
9277
5083
8158
2332
8368
3958
4633
6049
5287
2602
1186
966
4438
1431
5586
1653
5384
9855
582
1628
1303
7583
4377
1059
8029
4007
3540
2352
330
883
9049
2273
4631
9805
9060
9079
4704
9100
6711
4366
2750
6250
5555
9315
9824
4691
4286
387
5656
4415
2524
1661
1565
1225
9447
4457
4433
7145
5208
2336
4311
5318
5950
8680
8053
2780
588
9987
7233
3125
7005
9092
4962
5222
168
3491
2979
3683
5842
1235
342
1041
3191
7184
5085
8507
2882
5764
6421
4530
7622
5377
3173
1169
2469
5814
2429
6170
5652
5288
2443
1942
4919
3387
3354
9897
7799
8167
826
2383
2032
9479
2169
6104
7057
4794
4211
8442
7506
5004
893
4196
300
8581
6622
838
6193
1264
8168
9746
4506
176
4711
1224
4282
7082
5687
8366
1762
9804
5637
3388
3081
9006
3040
3219
1662
6359
5499
5304
550
9678
120
6195
4861
8906
4191
5507
6517
3253
2749
7428
167
7189
481
9194
7537
3445
8444
4185
730
2110
8590
1751
4737
8103
6749
3401
5307
5136
9147
460
2664
2215
940
9584
4599
8568
7959
1069
6740
1415
8482
3759
2418
1698
2852
2843
4728
2513
7486
3127
4027
4526
9922
6944
5405
3309
9486
4655
7745
7787
7460
6272
7607
8005
9403
5424
8670
3574
8580
2916
7584
4976
9023
1332
1446
8410
530
9970
8071
3607
7998
1959
3471
8751
6555
973
2645
4638
3223
6708
2735
1829
628
7658
4790
5877
3898
3231
2504
1776
5071
6943
9710
8914
1318
4472
498
241
4261
3685
2841
6282
3239
3000
25
9440
4141
1634
3782
5092
7969
1219
867
6237
6158
3206
3833
8681
1614
9764
5053
6945
1149
1031
3586
7546
8543
8182
6524
4023
5484
8737
5895
9644
5523
5780
8987
9565
2082
2494
9593
3177
2450
8601
2373
2059
7260
3926
6111
5081
965
5948
3260
2514
2482
4605
3578
4041
4955
9276
6887
6213
6320
8862
7422
8312
2959
7037
1853
6614
5581
3655
8701
2003
6225
9059
1766
511
9384
2466
5625
4923
1288
3128
4452
5518
453
5942
8750
3311
5508
7333
1937
808
9756
8123
7280
8774
38
6512
8257
8892
9955
3324
5042
5283
2477
8432
1846
5383
9232
1024
5532
367
8104
1833
5155
3938
345
2950
7064
2370
8121
8403
4078
5720
3611
4781
4363
8516
8385
9418
5662
2052
150
4081
4511
2837
7988
1349
7971
1237
5453
1159
6690
4527
234
2036
1691
1888
3511
1820
6922
718
2353
794
7682
4298
2796
924
5446
830
1193
4665
291
1269
8600
2924
7416
9113
9213
3101
1316
8722
9847
1920
1501
7041
1841
6697
2693
7869
2991
4971
8241
6940
2904
6205
7286
7411
8250
502
889
5502
5665
8525
6133
2561
9399
15
42
2368
6246
837
9388
5391
1506
7465
216
4068
5344
9279
2536
2970
3329
3877
2387
9386
6249
3099
8485
3895
363
4813
1348
5920
2818
9722
9841
3929
631
6239
944
527
9311
1422
4155
2689
3070
1576
9407
5711
4371
6381
4119
1900
6200
8783
4275
4285
2164
2453
8451
5655
9793
2507
6014
2998
7156
4022
490
6988
5330
3393
836
9275
7665
1389
4647
7916
9178
3937
6646
1076
2415
1568
6604
2586
8268
1037
7564
4524
7445
7061
7277
8381
8888
9212
7459
1413
338
4202
3134
2076
8985
4550
5501
4101
9164
7632
556
1734
7919
416
9627
9244
7638
9017
3512
2320
8980
5285
1923
420
5201
6481
1635
4465
3730
1994
183
4972
1246
4116
8426
2529
6092
425
3576
5078
2328
9576
2928
1509
8826
8122
5211
2838
2183
7775
4181
9958
1761
4937
9537
1308
493
9352
6183
8191
6393
9634
7718
2594
2492
5697
2014
5938
1248
5271
1500
3947
6015
8210
2823
6516
7301
6503
5496
4103
7306
3881
6929
2793
2703
5675
3060
2545
4579
5633
6442
7570
9240
1257
8019
6589
9786
5977
4842
3766
4641
7009
5592
8083
7467
7268
5807
2009
1775
5068
9267
4815
3395
5361
3114
8159
8428
3113
5249
2759
5857
2471
5379
3763
4663
1803
5492
3016
9061
7443
6086
7963
7721
5779
9550
7505
2936
8978
8509
5985
3365
7397
4637
7681
8688
5643
4558
9621
4390
6142
9304
8911
1656
8109
5474
2234
4874
6121
5368
3757
4690
3320
9772
7407
7928
7421
5743
5137
3878
6326
116
9758
5718
6868
2941
9592
2658
4179
2890
9876
2613
1434
2454
8748
8813
8000
2741
2474
8028
108
7327
5836
3062
1153
7738
1560
901
9604
3710
447
6923
3046
4102
4214
9398
6304
7806
4418
7724
7989
3073
627
2777
7740
5600
2483
1370
4344
8383
1452
2077
5362
680
2350
7667
6816
3327
3005
8043
2184
3502
5610
2661
200
6244
5473
9358
9282
3411
194
2531
8465
4587
5094
8194
6046
4042
6938
4050
6276
7854
548
7157
3848
6540
5305
2455
1885
915
5549
897
6406
3083
1381
5826
2988
6847
2511
6820
3610
835
6561
8854
1136
1017
3526
69
8493
9166
2402
605
1906
3089
1408
6186
5612
3739
5087
7224
4777
3093
8374
5336
3545
3020
67
4409
978
971
7808
2587
6647
5278
8449
8689
8084
1611
4545
5437
9635
5936
1294
3837
4063
9853
8637
2543
7102
5008
34
3157
8916
458
1231
1793
2198
9603
9946
9614
19
1144
513
8464
5033
4031
5590
1791
244
5411
1147
7096
1757
5755
2877
1607
1361
162
9878
8496
2208
8848
849
4910
8695
8421
1709
7949
2382
294
6696
4628
2111
7221
6054
7490
781
3275
8338
602
7608
7937
2168
6991
641
1511
3661
7550
7498
5957
3831
9877
5009
741
9010
8221
3024
9250
1559
5489
3805
3650
7316
3120
8234
636
5922
2772
6079
2791
877
2108
6166
1660
5464
9808
8677
5822
8401
4333
4441
9570
6757
8475
8644
7978
9789
5793
5327
5597
2875
848
5216
9268
2544
945
121
7004
2347
6368
9519
2129
6462
7633
187
4015
2762
1444
3441
7703
2276
239
4459
9509
762
5931
1472
8433
6908
6341
1200
7259
8864
8163
7858
5614
9436
1301
4744
5106
1714
7307
7629
9645
3673
8656
6318
6960
9908
8270
3095
1067
5946
5565
5011
5192
1881
7810
8602
8429
8352
3595
60
6390
2565
2335
5817
3577
3447
3632
2870
4402
6327
5631
5641
3405
5025
7152
5434
9354
8983
2045
3974
235
4012
4087
192
2911
8617
7412
7262
7710
8253
475
1864
3363
8895
2894
9566
7680
7379
81
8566
1480
5584
7941
6596
8710
1290
285
8827
1962
8551
2422
9641
4811
172
4494
2983
9859
7243
7923
949
2340
3434
9372
6066
23
6174
2895
141
1362
9134
5266
1574
541
4316
2672
4562
4576
2865
7846
4400
8486
5028
9157
3098
3279
2156
5806
6267
3714
7036
8665
4262
9128
5110
4381
6122
6010
568
8920
5823
991
3887
6553
2500
4309
7370
5001
4796
7671
3111
8286
3094
4157
327
2038
957
2041
1035
3864
5599
824
4589
8578
2379
6731
7393
8362
2700
111
7086
5684
3496
3200
3251
1830
3646
5196
1802
8675
6297
9949
5244
6070
1098
7175
5077
8931
4496
5819
7737
7587
61
5762
9601
9823
7841
8211
7686
5647
4207
4188
1573
3331
8908
3980
4139
4509
4004
8031
8026
2512
3901
1015
2343
1759
8075
5602
426
9720
499
6776
459
9227
3195
4828
1566
760
9406
8271
1100
2233
4616
2952
4698
3322
6523
816
5091
8611
1341
7744
9430
9197
8857
1258
9752
5194
1528
4611
9821
7430
8527
6091
4150
1535
2854
4017
9286
8166
7619
5120
8682
2221
4789
9676
400
2509
4259
8201
8398
5696
8
9857
4277
1701
6514
7640
1519
7968
5701
5846
9082
6509
8762
9365
4322
629
2976
175
7427
6300
7651
6383
6693
8918
757
692
9744
1240
414
6551
5178
4386
7961
8011
5961
4642
1476
1215
753
3039
755
6042
8903
7513
1719
46
723
2902
5757
6497
736
2649
5714
2879
4388
6557
4975
5510
4147
7344
2615
3371
3741
6822
2707
6414
6286
4799
5805
8356
7388
5274
3169
6624
6273
5232
9700
8517
3428
8431
6211
8192
5046
3008
3504
3494
9159
2056
4098
8018
9356
3015
3345
4353
8812
735
869
3762
707
1212
5835
9901
304
7029
929
5118
4907
7042
2092
9141
5072
2430
3513
9750
2411
8140
2099
789
9683
3360
1326
4675
2761
8447
5923
5029
5688
4523
2619
6394
898
5744
3951
1064
3715
3537
6855
7216
2147
9456
9712
8434
7052
5447
7149
5297
8749
9258
1403
7335
854
7047
4002
3775
9045
4774
3943
4032
2921
3444
8597
6958
2330
4370
864
4716
2975
784
1421
2305
748
6356
4852
8206
3241
7090
7075
2188
1956
993
5550
3695
861
4979
3800
7726
9316
2571
2152
8549
607
5524
3107
9648
5533
7867
1534
726
8925
3165
8556
6187
8768
630
8298
7469
6313
4094
9075
3675
6773
2389
1932
3821
1003
413
4574
7205
7462
7361
4674
8614
2084
9200
886
246
3123
7899
2256
1494
3377
6712
9463
3657
3538
7220
3856
3131
8110
7934
6666
4398
6215
3048
526
4898
4983
2721
3792
8003
3960
4585
2317
4030
2102
9308
2138
3429
8263
3276
7727
6420
7802
6616
5337
8579
2161
8819
7386
9148
930
9963
9831
7458
3798
9941
2764
4635
7137
8563
7936
8164
30
5027
1298
7566
2809
7318
7772
6315
1395
383
8554
7519
71
1080
8890
2901
1786
6455
4217
1338
865
1354
2949
4838
1411
3088
3482
7856
2743
8343
3566
1673
7581
8629
5818
7130
4189
4563
4482
4773
8973
5262
3891
9461
5582
8133
8924
1128
472
8090
8934
7530
399
4014
6109
1715
7176
8321
9296
4052
6814
1204
1009
2333
3397
5426
1748
5668
2385
1292
2491
7975
9098
450
9704
8242
2790
5158
3423
5791
6521
8825
4413
5955
9947
9531
8765
177
7172
5831
1315
5258
9118
1598
7678
9348
9412
6916
2560
9892
3918
4028
1996
2668
5829
509
2145
862
8032
4373
2813
912
5037
9206
3738
5850
251
4714
8798
2325
6400
385
9873
5308
9551
7677
9115
9888
1180
9854
1977
4292
3803
690
326
7053
7535
5414
9655
756
2245
6619
6120
6792
8608
7111
1517
8522
2770
3616
562
6123
4559
6701
2942
7881
3277
6603
4844
953
3935
1177
4725
7390
5491
4064
7861
8302
1436
7575
3764
3904
4504
2982
5830
3920
1189
1505
3417
4694
9383
2652
1874
5944
7113
2883
6623
4583
3843
485
3544
5239
2630
646
5101
5504
7996
7529
6598
2503
6975
809
3274
668
8742
94
8818
1563
1645
9819
2592
7965
266
8619
923
6522
4697
5917
270
817
9778
4393
2154
7160
9727
3911
779
7365
9188
703
4460
5935
4066
2241
8639
4488
295
2782
1482
8237
7363
810
3385
2338
9247
8219
5430
678
6824
5399
6704
5261
884
3138
9762
9605
3505
688
7706
8443
3590
1254
9457
1065
1922
9948
3688
2834
2653
1282
2914
2480
159
9066
3978
1706
5629
3977
1499
8686
2710
4669
2533
6656
5967
7452
9735
9933
1589
3626
5979
4974
6751
7889
2120
6145
899
5627
202
247
7276
7346
9274
4288
6621
8488
4829
977
6290
6465
8097
1201
5679
4552
7110
3754
9109
9961
1925
3555
3885
1514
411
4821
8838
3543
8303
8173
5422
4567
3756
9912
5824
4848
9697
8467
2757
3591
7201
198
2597
5864
5452
7673
6766
1768
3890
9660
7815
1856
5387
9791
8494
1402
4680
7734
3723
3687
2044
5840
9907
5259
1843
7135
5243
5465
6526
3939
9950
6787
9138
7494
6492
3857
3492
4243
9968
5096
9174
4394
9552
595
4337
4969
4336
4011
1629
8674
9596
9363
1164
6433
9278
2984
1150
368
9541
9081
1330
5548
8393
2769
7616
56
7905
5075
14
9209
210
9825
7776
3883
4878
8198
2201
7237
9788
3523
6028
8700
8072
8137
9021
8789
7115
4493
9826
3399
8001
5768
4804
6097
5954
847
571
1387
856
2309
7805
9707
9939
3214
303
3176
2170
8699
3337
3796
185
4792
140
4986
1739
7549
9903
1198
7604
6884
7457
7525
9893
633
3700
5197
2063
9875
4293
7062
4186
5088
2211
684
8901
6742
2457
8102
6506
1218
3814
4634
7783
5894
3342
2259
4932
2252
4244
4953
4810
6917
5778
3587
1267
5347
4887
4266
5109
4723
4137
3370
1058
9564
1931
9307
1623
7337
9929
3442
1910
8942
4622
8713
6874
2683
6248
8142
5844
9320
6344
78
1151
1170
6974
2398
6490
8740
9302
954
9505
8730
8636
456
2624
2280
3514
6984
3476
2478
5394
1160
8595
3240
2620
6966
3907
9077
9679
6992
9618
1997
1966
7147
2828
5111
9326
6547
8815
4858
305
7073
5021
9368
6052
2939
1737
5562
3818
9918
1914
9341
5476
6461
2412
5103
386
6866
8505
5710
1985
673
585
2413
2141
3844
3225
9553
2193
4662
5708
1428
365
3771
4446
531
7146
8310
5598
956
5574
9402
2819
4334
2035
9989
1654
4557
9002
8706
9285
1659
7538
6494
7188
9309
2486
7107
4706
932
4901
7471
5620
3257
4515
7845
722
6371
5373
7079
131
5061
7395
7814
107
4403
4927
4061
6317
7839
398
3160
7516
3307
7496
5438
3437
7615
9936
5282
1221
191
3694
6191
3288
6451
9018
3719
2173
6330
7851
2912
5317
9419
5672
6538
3519
2667
3259
2069
7352
5673
917
9295
9252
1266
9183
3961
1092
4708
5875
6035
8470
3261
8897
1226
2096
8786
3049
4356
2701
8821
1989
3909
3343
7541
3922
1154
7367
2185
5609
8896
6184
2896
9575
8325
8587
3936
7303
6863
3500
8778
9429
3637
7213
9890
2446
8792
180
5016
2628
3133
9185
2037
7342
1417
9238
6179
1287
6583
4659
6449
4593
788
226
3807
5605
537
9954
4249
7900
7614
6935
8473
115
6699
5789
2968
7759
3733
49
2666
9452
6470
6752
6345
2112
7551
4500
6747
5751
4943
2817
5166
4197
1627
7751
9137
9559
5482
9445
5413
4649
9259
1886
5802
8308
4520
5260
404
7329
2020
9035
7504
5358
4442
583
1279
2493
5312
4660
4945
394
9801
8045
970
3211
3126
9567
5539
4128
815
4687
6435
419
2577
5659
6931
2676
3776
3786
1022
8583
866
4505
4788
7565
9273
9262
7728
5049
5604
5649
6096
6228
9099
3658
9175
8009
7343
5060
4194
9091
4280
4235
6584
8652
3770
4109
9530
6590
5048
1143
7823
146
1682
2933
1392
6036
7974
2995
4107
8779
1455
5218
4681
5429
682
8202
8406
9680
5537
2767
6542
9042
8278
2448
8010
2505
2419
8744
8171
6171
6627
5999
711
6986
3581
8690
9895
6468
1562
9976
6322
2416
3752
9299
427
9988
1901
4424
181
1450
8922
5558
7652
4080
5328
8810
7212
8959
3986
2775
8307
8836
4273
9774
671
6785
1145
8976
3350
8035
1583
855
6788
7610
4264
4884
7325
3768
4577
3972
3063
512
4331
5153
7231
3372
3478
5215
2778
5568
454
7514
8132
113
2289
1199
9378
63
2136
4938
4981
4892
479
7599
2563
5069
8139
7310
4551
7645
5311
2520
3640
734
2101
6595
253
9606
3421
7340
2977
4889
9072
3868
4093
5235
5184
922
6478
9731
7993
6463
6789
4800
3296
8454
5370
1649
9473
463
3925
895
9911
5867
2134
5885
7275
3627
3778
93
6251
9647
3140
7372
9617
2033
8240
9055
8841
2423
1522
5112
8051
316
9557
1593
9249
8780
4089
9718
6473
281
709
277
165
8524
5997
328
9776
3422
5117
5798
7676
1342
4379
4814
2603
1771
7642
2556
8036
1443
1974
1206
518
7886
9524
2239
943
1587
8353
2271
7322
8184
990
3452
3334
7685
6258
5253
2206
764
2431
2722
77
9201
8850
4419
5560
9298
8900
4643
9393
7591
6882
3932
5393
2535
9482
1572
1544
1720
7105
4564
504
2008
5615
3472
7245
1816
3619
4896
48
96
9181
3520
2694
5355
1008
3066
1380
264
7359
8950
6288
349
12
6969
3867
5210
8520
1310
7291
3007
2195
9233
8131
7349
3592
657
4088
8222
4958
9544
8627
4793
4762
3704
2075
2270
9997
4761
2923
9599
5108
5783
8727
3085
3599
4719
5398
169
7008
2356
3732
7840
1948
2781
5987
6413
1230
9215
4489
1537
3268
287
825
9670
5351
7736
7502
4717
6770
1046
3579
658
799
4361
8968
5144
2284
4990
9130
7571
546
1179
2487
3141
5891
9703
1729
9469
5409
3306
547
5213
5497
5360
1884
7223
5334
3283
2538
5148
6467
2742
7209
4351
1984
9248
4466
538
2853
35
8100
9510
3914
3941
7749
6235
8837
5417
576
3380
8245
559
1630
7472
9623
4451
672
7116
4546
9952
9163
1406
2810
9424
9692
4502
1945
5294
9192
3221
7543
433
1012
4474
5886
4984
1746
6328
2081
2428
8866
9102
7784
529
2744
4315
8958
6629
1285
7313
7439
4921
5023
7355
8723
9501
4978
6642
8252
9114
2573
163
6570
18
4893
7070
3156
8188
8080
7735
8267
4989
6848
233
6702
5000
6895
806
5686
1052
1077
1650
2274
9625
9839
6871
4256
128
733
616
3052
3680
445
9568
488
5758
5788
1249
4771
7778
2989
6556
7769
1358
5827
9669
4192
2116
2657
5657
8945
4436
8871
7101
5737
549
9725
3996
593
4830
6062
3330
4320
6144
5986
7136
7050
7983
4939
5856
6367
4006
6686
1818
6471
4661
2007
4571
8491
9229
8441
3256
7122
9842
8115
3558
9588
3709
6253
6915
7534
7040
1745
1652
8726
9607
6901
5968
11
1705
8921
3638
2002
904
5214
7007
2371
1232
5661
5019
5520
7016
3967
3326
1013
7476
3002
5804
6278
2691
4477
8460
9022
1935
3124
4218
9097
8402
7760
8725
6321
8471
5472
9580
7827
8755
2467
4985
4143
6396
1871
8479
1969
4507
8860
9691
5890
6404
2109
6139
1675
7347
9945
2498
5331
4730
6252
8828
2848
9548
6607
644
8638
565
7409
1493
9891
4565
7820
2191
7958
8226
5444
5457
5206
3605
7151
6829
8572
3930
7354
3919
3804
8020
7244
4807
5163
5603
4167
130
2050
3975
507
6110
336
2714
5691
7661
4170
1416
6507
1902
566
4296
8112
8965
8791
9931
9263
3233
464
2329
8349
1721
7942
9088
9905
2808
9156
7557
9050
297
2719
3369
6331
5073
478
1253
5837
2629
293
9818
6098
6346
6256
5981
4734
4405
4602
2934
1788
7521
6342
2798
4072
5594
3609
6365
7214
2066
8613
1619
2150
5407
9990
6088
7265
6021
152
8510
6261
6721
7511
8974
5315
5122
3748
8874
9926
3834
2679
2266
9632
5699
6427
2103
4444
6684
3601
8098
5949
5084
1345
3378
9556
1039
4426
558
9101
724
572
981
136
8370
3593
2553
1335
3035
7414
1105
2372
4779
4824
4827
6716
1377
6962
4837
8500
3100
7423
332
8592
2186
1121
6979
4479
3522
3184
1903
3823
256
2301
8088
8049
7097
64
618
5939
9427
2122
9495
7636
9928
1216
6370
5322
7119
6637
4508
2247
3475
9032
4387
3435
3381
79
1256
214
3573
6529
7148
5870
6112
9422
1953
7876
8006
2626
3882
8830
1526
4225
8999
2578
6698
1826
2960
4808
1508
2451
3968
9404
5712
1000
3247
7807
6505
2584
4886
350
5188
3923
339
1184
5927
3313
7353
5233
7003
4683
1835
946
5926
2621
52
1815
7926
2965
5403
5956
6685
1440
2733
3542
6738
83
3696
560
5290
4940
1546
5225
292
8377
9069
8913
89
3323
8576
2146
9705
1620
9506
5093
9324
2297
1612
7761
5408
9866
6657
4481
3110
9693
3379
5769
8515
5735
2581
3174
6466
9190
4862
6795
5006
4560
2632
4890
7914
8704
4142
371
8717
9636
357
8501
1539
2359
6064
2283
4766
9615
2319
5640
9582
8808
1463
6259
465
4754
6620
8337
7010
9272
3635
7606
9070
729
8119
4036
9176
6460
8185
5511
3811
8696
5267
174
4757
9332
1875
8739
7112
8105
5269
8092
857
9611
2755
3702
2133
8295
4741
2499
1272
4512
2681
9960
2881
3150
5759
6164
278
7285
2425
1570
8846
8273
7526
9902
68
6405
5530
4495
7304
9111
8658
3446
7747
2167
7992
2216
9894
5933
5792
4054
3104
6741
54
8037
5363
2897
5152
1622
4670
906
8606
2237
710
7023
9915
2907
4561
3376
9910
555
1324
1459
8584
8021
7952
5171
2646
6893
9234
5994
6985
7140
8218
7909
4013
201
5860
275
7646
8623
379
1567
259
443
1688
3023
871
858
3971
7668
5874
3051
3563
4129
5039
6375
4432
6508
1731
1983
8328
589
4168
8698
9337
50
7592
4673
4338
569
8476
1728
3567
6715
217
6611
8378
878
3747
1683
1617
3998
7593
6084
101
6876
1529
1190
7375
6432
7206
8982
6119
1192
5348
6717
7922
612
3352
3282
8081
9451
5941
8364
3413
4529
3414
8531
7826
7621
1275
9255
4538
5889
5563
4952
2260
3793
8574
2220
6638
7230
614
380
903
3712
5423
7235
2479
6753
7002
9863
5828
7756
1680
8979
4156
3532
5005
1947
596
2502
7634
4406
5381
3061
5940
4825
2579
7025
4609
87
1641
770
7315
4251
7475
1284
4284
6805
1579
737
4882
2812
701
3861
3507
5654
3151
9442
6730
138
6772
4082
5613
3528
3287
1483
540
8438
72
5268
8052
5873
7828
2625
1578
5505
2257
7103
2010
2410
1952
8305
5760
9547
2
3142
7181
8255
2951
8427
3270
7960
228
7766
2087
3812
4079
3053
6053
5623
9280
747
4347
6661
1350
16
5443
6397
7588
9145
7480
7195
5514
4369
5131
306
679
2296
7232
2682
6927
4905
6643
7650
5167
4805
7574
92
4618
3827
5551
4300
9040
3928
8732
2918
5727
1023
7417
2851
9008
5169
5402
9160
3663
4746
3531
4763
6254
7418
8300
2470
773
3136
7637
3679
5219
4362
2570
4590
7939
8350
8279
7282
6672
9682
5116
3589
5811
1556
4536
1577
1695
5104
8230
851
6719
580
2495
9434
3454
5559
8905
2079
8899
171
2910
9084
9554
1515
950
9887
892
1155
9886
5717
4973
1971
7943
2760
9653
2889
4776
7782
8462
2358
4448
5024
8311
193
2925
5503
2596
1359
9846
4672
1141
6894
6515
4525
6441
9428
2938
5380
1239
6918
8291
3497
9935
3790
240
3404
4287
9089
9269
4568
1331
8296
738
4865
8662
88
647
7489
6815
188
7548
6181
4705
73
959
392
8016
9191
8804
8154
8027
1034
3596
4062
6020
4724
8787
793
4540
5180
3090
8375
9770
3879
4374
6669
4060
2339
4267
9664
3196
1049
2708
5865
212
5466
3667
2692
5733
8775
8523
1708
9661
9715
6044
6600
9502
5976
41
3301
2783
5395
282
6415
3217
5190
1375
7451
2055
9353
5179
1542
4411
4133
5730
4396
3018
5165
1896
5838
9785
3058
6487
2231
8306
8986
2859
1938
3880
740
4269
2696
208
7627
100
7698
2132
6030
7270
6457
8666
4473
841
7948
184
8382
2864
9126
7284
7527
9237
5468
8971
9431
8790
1669
3949
5458
8632
625
173
3571
3606
4294
9783
3409
5851
2590
3336
2677
8062
9865
7795
2190
2300
905
4055
2440
6939
3193
4003
9369
6301
3828
6335
3187
6804
8859
2747
2061
8607
8277
2053
5880
7264
491
5022
5553
9861
1176
1753
6683
9475
2893
2947
7825
846
8993
5007
3855
1115
4440
6446
5509
5958
2557
9053
6428
3064
9076
6768
4091
3075
6017
6630
9205
9814
7396
384
752
9671
8878
2648
3962
9828
2073
382
2255
125
8991
919
8738
7653
8048
4753
5250
9784
4614
396
5924
5825
5601
7408
4992
4330
2888
916
9909
3456
2392
7246
7067
4727
7729
4324
7631
4177
6687
3603
769
3406
2607
1854
1495
8469
2107
2609
6242
9633
4684
317
3508
2200
1470
4209
5199
7524
9687
6564
5126
6222
1113
9462
6037
8946
6720
8685
4947
2872
1020
5070
7478
352
8555
8411
554
4941
5815
2799
8673
1181
3091
9543
4592
9323
6447
5100
5595
6613
6147
4752
57
3106
6878
2588
5185
5803
6563
3183
791
8873
5858
134
2472
702
5689
7768
268
7419
1043
390
3455
6266
1088
2090
354
7083
2937
6407
746
6793
6012
4152
5749
3588
7812
2736
4601
9224
6221
4317
7507
9376
6831
8952
8149
8490
8534
6994
7208
1707
7630
1866
4873
870
5800
1769
9400
2740
7932
2898
7444
3697
9131
8947
2439
590
8361
2943
8354
2476
7987
9747
5692
4026
1703
594
4935
700
6227
236
4578
5325
1312
7872
204
951
1410
3439
721
2013
2401
3238
9832
9478
1401
9816
3789
2155
8459
3557
9283
6412
2433
2212
3222
6149
8573
7257
5628
7389
7576
6550
8880
5127
6398
1068
1437
7938
1794
8609
4365
8944
2971
5952
8077
2089
802
6072
2530
8405
2675
7684
6314
1524
2407
9468
7063
8628
333
9925
1540
8059
6178
9387
3670
9343
1979
5998
4182
273
4626
9243
545
2605
8125
563
5441
9103
6689
4543
6188
2342
1394
1624
2258
3402
2393
5145
4783
9047
4721
6338
5745
6845
4809
8340
8834
97
4223
3684
3515
5911
135
4174
1172
3963
1907
1175
6176
1276
2207
7154
8624
5231
9011
5645
9658
3001
6813
7556
3026
2569
3830
9942
5097
2627
3560
5371
6790
2501
7032
4468
3154
6775
1467
4076
7013
6444
9943
3230
2485
4949
8066
3584
9052
9806
2217
1243
3529
2249
3536
2331
1905
8800
3087
7239
2554
5812
7497
6664
9654
4619
9736
2919
2713
6976
6946
3226
8293
7447
3813
771
8147
6655
1270
6818
1378
5728
462
6733
4689
6641
933
6659
5897
3394
5143
3232
2765
1632
5801
1317
8989
4735
9347
8108
8562
5323
222
2248
3037
1993
5138
6417
6964
13
2523
3711
522
8594
8865
6950
3902
9303
3677
262
2377
8086
3826
4715
7044
1736
6782
1339
5753
422
4033
5298
5500
9751
4987
7368
2465
3278
2285
6152
655
5498
1606
8359
6531
2074
2253
8705
3146
1337
8943
3286
2042
4136
179
487
4348
9129
1904
6135
457
574
8932
4486
8970
6150
6653
6771
7123
9767
3487
7182
4929
8228
1811
552
2814
4265
231
5566
6844
7582
772
9681
1373
8160
8186
5531
7402
8116
4049
4621
6634
5765
8962
65
8068
7879
8733
9562
8280
5975
5151
1468
7509
9721
4319
938
9
6377
2599
7997
6552
2695
8930
5635
1464
8472
343
7321
9590
9135
161
7623
8831
4342
5794
6737
2525
6423
4140
2519
5432
3973
2057
8559
24
9333
5281
1658
5124
7292
8413
70
5694
6445
1899
2097
3443
3228
3649
3077
3990
5055
1063
7542
9726
8671
8404
8061
1840
2484
4911
403
6223
642
7448
7021
7338
8448
3364
9837
1384
2282
2633
2776
2662
7719
6236
8332
3243
1520
2964
5228
6263
224
6632
2752
4531
705
8351
5506
9497
2835
4606
7229
5079
3180
4902
542
7026
850
6760
8483
3294
7162
9962
6474
2054
7336
3913
3078
3872
9777
4144
1127
1842
8365
2345
2367
4668
6309
9665
402
2751
7699
2686
9900
7970
1005
4112
44
196
1095
3888
6210
3651
6860
544
8400
6518
5624
2606
4039
7006
5051
8663
9610
9699
3600
7836
418
7580
1140
1090
5389
999
3668
5992
1679
8981
3760
1320
8853
8582
3954
331
9595
1371
1700
2384
6090
3548
7278
4722
4221
6496
6735
8877
9860
8492
4845
6382
6019
1603
8521
1376
2461
9745
5910
2496
4199
1749
5183
6511
648
8856
6214
2031
3298
6803
8538
8634
7853
26
7106
3096
8260
1710
7746
744
8760
9377
888
4654
6006
2566
8495
9711
1868
3300
8852
3562
2375
245
9723
2094
2380
4913
3356
834
5695
1171
8190
7711
8552
1250
1740
604
4097
6450
8963
7038
4278
2684
2303
3119
3266
446
1732
8537
2816
9765
4586
8635
3852
3994
5450
1306
9373
8643
4279
1400
1595
7072
7648
8716
3966
1222
3448
5671
7660
6858
844
1036
3410
5396
1586
2321
53
2281
5896
7601
5105
6953
610
8113
9898
9598
8458
2706
9261
6500
8489
8040
9245
9411
1130
4541
6061
2846
2863
9025
975
3033
2660
5220
480
7742
7670
1262
8758
8333
2978
9573
5522
7474
6591
8939
5460
2641
5212
9980
4491
7781
2080
4427
7309
7558
7705
9057
8038
1877
3321
9409
7350
6154
8535
1893
3132
597
3208
8796
8545
6543
7896
9754
5346
7762
1081
7426
223
8265
6241
7539
1146
7966
4184
6569
1813
2640
1954
715
7320
6157
4857
650
9975
7109
4043
4414
8904
1158
206
6095
7164
5773
6002
1217
7984
2731
8876
2404
5230
7857
4894
7947
5726
5781
5326
578
2860
7618
3636
1474
220
1693
4843
6099
1352
5904
713
6175
8647
2298
9628
4169
9335
3547
267
4997
8076
5953
902
4860
4429
395
1445
2831
7078
3991
4607
4057
4573
7215
2354
827
1681
2589
4453
3460
1590
9484
3271
8024
4739
6892
3317
958
1711
3281
9591
3721
9516
4991
8399
1382
7171
6293
8145
6018
5302
2444
1353
2424
5763
5914
4201
3148
9374
2643
3308
1202
2224
4769
1521
4158
5943
8702
5843
7791
8870
1311
7222
2275
7732
7035
348
5770
4297
2604
9672
9498
7569
5966
7981
3252
5677
6799
7357
8232
5335
6189
4685
7377
5141
8736
9673
2766
1061
6229
9503
3097
6580
3116
4385
7964
3737
2417
7885
1040
9748
288
839
9007
8044
7763
3629
6343
1087
8346
9078
9314
6008
4000
7294
391
6436
4867
8771
8129
2797
6453
1668
5306
2432
9571
9737
448
3265
4676
3291
8687
7281
3839
4877
8558
466
2935
8529
6043
967
9086
6736
1717
7559
6914
106
7796
8961
7602
7692
8067
5114
6366
9235
9153
6045
9465
6520
4040
8348
6262
2958
8518
9287
8729
551
3284
1118
5876
2824
5516
3495
3916
5385
8082
3959
2583
4803
3305
5404
3130
3509
3485
3398
7024
7868
8940
362
7211
2232
2209
6784
1209
2324
1774
8203
6811
3030
4299
6013
9851
7563
8497
5767
4636
6113
6631
2532
1582
1066
9054
7523
4383
7017
3201
4528
9838
437
761
3952
5849
2732
1047
8156
3681
4569
9189
4019
5412
4823
9977
1191
4178
6485
9288
3310
2600
1913
4797
4056
3780
3267
1571
6329
4455
8645
859
2635
1234
9327
7515
7953
6247
6034
9844
7120
4853
5674
6185
8114
1364
697
5386
9773
9549
5527
2314
6705
1426
1988
7302
8823
7748
1555
6819
5573
8239
8174
421
6264
5133
372
2636
9629
9366
9202
6458
2614
4051
1860
3643
5937
6778
1101
3815
732
1126
2915
5367
6454
1730
1265
2226
5062
833
1188
7487
5209
7644
5493
1027
7720
1245
7702
8967
8169
1554
5439
803
1699
5043
6809
515
5181
74
5782
1016
3069
6769
1862
6810
586
8288
9116
1796
7635
918
2639
1131
686
6849
501
9344
4464
3245
6089
822
7381
6388
1129
9448
6541
6498
9317
9355
6232
667
3
99
5113
998
2159
1784
6973
1368
876
1357
9984
3549
8832
7662
7666
3171
9203
6965
2690
5579
1949
3858
1002
5847
557
3501
1313
8770
4447
2124
59
2745
3906
5321
3499
3809
6271
8964
1859
3055
5909
9995
5041
9796
7415
3105
7398
2720
5517
1322
6728
5420
2990
1451
8884
8474
7373
5736
7873
8091
3897
4846
829
1879
248
417
6495
5086
1369
7126
8541
9662
410
5912
4018
4959
8868
3484
6763
8536
7951
8657
8445
9073
4851
6861
5962
8357
2012
9161
7179
9800
1011
8207
4059
5475
766
3987
3781
2140
5372
7094
6640
1911
6837
4748
1504
2718
199
137
9346
1344
8215
4106
6289
3299
5255
2680
1469
9574
6115
7617
6903
6024
1810
8148
117
1405
2537
7908
1722
2308
269
5
1404
9944
6298
2746
6483
8243
3865
6987
9289
3224
6510
8885
5978
4130
654
8867
6665
9792
4461
2785
9290
9065
5160
9481
9370
8146
9260
1271
5907
1929
9869
9172
2182
9779
9357
9587
4909
7425
6758
4175
8106
7890
1078
9504
4382
9973
3481
1594
2516
2213
9024
6800
5154
2705
3955
1383
4095
9150
6978
318
3521
7134
8915
3630
4908
6588
2078
8569
1834
5540
263
302
1109
9177
1233
4891
3569
301
2397
3506
9058
4566
4100
2521
3617
622
9413
9198
7180
7501
4349
5390
5187
5252
7561
9517
4533
1763
3092
6703
5799
7170
6706
7127
5606
5207
6493
2043
997
8153
1512
3420
4073
4961
2360
6491
8953
1541
1210
6870
2240
1851
1360
86
8124
8718
7764
1479
1409
3289
9795
254
3517
7973
8388
3884
6126
2157
4069
5121
3749
937
3045
3664
7258
8664
9394
4203
5375
3582
4709
1244
7797
2475
9379
6862
4544
9874
6639
9195
2427
495
7046
955
3639
3533
1430
4839
2497
6710
9256
320
9367
8872
3332
4
1604
8039
2192
7049
7612
3838
9884
6169
1919
6571
6941
579
1227
5702
763
1091
7712
6299
4239
598
9444
7818
5162
7328
8196
6954
4314
1372
2246
6983
9872
5772
8238
7860
5013
8499
6907
7517
4534
6374
6722
2642
567
1194
3682
7491
6411
2034
6592
7450
5277
7312
2047
5820
3469
5746
8347
7153
8423
1696
4416
4308
4075
4153
9525
6369
3686
9360
9738
5273
4835
9446
9834
6472
4645
5611
7595
3361
5869
9450
8456
4395
1328
600
8575
5229
6879
3765
8640
7464
6083
6065
2946
6891
8384
2655
5076
9467
8376
4510
603
3713
5639
1439
8313
8127
6489
651
1644
5742
2878
9728
5918
4756
7979
9896
3403
1963
5161
4016
4899
7382
6129
3874
8095
8648
6852
7957
3534
8784
7901
3396
1545
1032
3779
8793
2807
3614
7163
1887
8977
503
9483
5263
1670
5868
2550
969
1238
1742
2671
5930
4872
5479
7866
7816
2541
4950
7454
8938
6361
8162
4187
1780
2437
9597
1030
7339
754
9016
8118
3642
7485
2711
4613
4431
2272
4161
5299
7813
1260
6488
296
7664
7167
9217
2825
5338
9769
5470
9127
2019
3137
4375
2526
6925
2067
7482
9437
7069
2348
2311
5198
9121
3783
5140
4065
2857
9969
6812
3498
968
5898
1951
9689
129
7011
1001
9953
5301
2858
4918
609
9957
2488
2688
3905
6645
5345
3467
7655
8863
519
7227
1466
1391
109
5066
5787
8794
5525
6774
7838
7468
9048
1961
1960
2142
1325
1532
3758
5454
2944
2730
9151
1687
9382
660
6025
8728
5626
7193
55
7560
2712
3117
8759
6452
8244
3835
7326
3870
4521
4996
4648
5519
4439
4652
7598
7470
2756
4768
6194
4236
900
4281
3924
1798
2363
9674
6425
2678
2994
6156
5785
8331
5650
6707
3335
308
3799
8161
3017
6534
112
7217
1321
8553
8285
2753
4671
787
7371
7433
2987
2421
4822
7287
4246
1033
6676
853
656
9555
8189
1912
728
9794
4702
1636
1513
6902
8503
2449
2230
6755
9154
3527
1549
6864
6609
3665
2022
4328
6743
32
6005
5750
8294
4467
6151
1968
4863
435
8661
7187
355
2312
1196
3263
4378
1672
5195
2323
3203
7118
2650
5365
5888
494
4656
5634
1277
9140
2754
6050
8997
4291
353
8894
1686
4664
323
5593
1187
9488
8415
9889
8820
8984
9351
5972
6980
4831
9230
5164
6729
9771
4501
2562
1895
9028
7234
3850
7887
1343
9336
4204
4928
9667
984
9110
3483
3227
4535
535
444
4780
2388
2400
8937
9646
7950
6885
4632
22
160
5469
7743
8992
144
2729
4499
8642
896
1503
3249
1601
7133
3773
3466
7405
6056
3303
7225
9527
4254
9717
8833
2717
9265
601
7099
7893
4417
1278
4951
1414
2836
508
2460
6207
1289
2784
8481
9041
2723
8795
5388
7033
4077
7242
2709
7579
7131
8621
5883
9090
818
5567
8372
7918
5570
7463
8290
2903
6292
5459
6148
8213
592
606
6628
3453
9220
5832
1293
9930
727
3436
9713
4965
5040
7585
561
7713
2235
1323
4944
7910
9349
8063
8457
5646
6756
6401
1831
2236
2576
7410
2160
2832
7693
3014
6679
649
5596
7624
6713
5204
8335
4025
9389
496
2029
8788
4608
310
6883
2802
3716
5556
720
6392
774
2021
8526
5332
7567
8683
6900
3012
2279
7413
3706
1297
4228
6549
3910
1014
227
1861
9830
1423
1585
2758
5587
8550
1845
4471
1685
3071
6840
7314
7552
3769
5247
8334
7332
3561
7832
6872
388
8847
5442
9716
1551
7248
8694
9226
6535
4696
4547
4624
1133
7689
3541
7165
6128
2174
6011
6910
2072
6898
7138
9921
4397
1336
6734
9522
3970
6625
8387
6833
7204
5669
9563
3149
1792
620
1608
6599
4162
8886
5343
3788
7236
5036
1965
8373
8344
4462
5057
9257
9983
577
8165
1848
7819
9763
2868
5554
7031
3817
9539
4046
9708
881
8461
696
6525
6287
4841
7034
6692
4653
2068
4245
9817
3202
3524
4010
102
4166
8056
8424
1613
8175
6416
6644
1255
9650
7401
3851
8287
907
1435
8176
6305
6480
962
1655
7590
1580
8073
9439
7446
8266
8060
4364
7483
9325
4542
3042
105
5576
9196
1878
7589
5017
2468
1591
8233
4982
7065
3942
7001
7124
1605
3407
4931
8396
5995
4532
8363
2973
8152
7625
1538
2203
2473
7859
5583
9620
6001
346
7108
9733
5892
436
7400
4340
6007
4600
4443
4912
5157
8394
2876
4195
3318
5919
8330
6905
8264
4190
3510
5740
4160
8773
3218
8669
4437
6838
1801
3559
3745
8646
6567
252
3824
3181
9112
3672
7725
2871
3993
8078
5477
215
9476
6180
5300
2855
6230
775
3346
8540
6777
4021
434
1575
7935
3820
5916
4900
4312
474
1770
8741
6240
1055
1530
4553
4358
6853
4215
489
9579
3860
7051
8379
5130
1021
1646
3583
7376
7994
6761
9934
6143
2638
9768
2930
1117
5908
7186
739
9734
9030
1957
3450
8324
9330
6709
7495
3948
3489
6153
9856
1296
4770
7829
4071
2445
9443
2771
6418
3383
7707
9822
6528
4304
1490
6448
9416
7177
9996
6843
2442
9743
1263
274
5934
4519
6038
6048
6617
2931
619
9508
3197
7058
158
6727
2787
2095
4729
7847
5050
9381
5292
6339
6437
5026
8205
8513
7431
4548
8204
1797
8418
1610
2210
2997
8720
2811
1727
6351
351
7925
2205
7555
9063
6275
36
3722
6347
3426
2546
1356
3295
3740
3580
9132
1609
8094
6255
5272
982
5766
3382
543
2361
1291
5168
8487
7870
6559
3129
5821
5156
3246
5723
4998
2006
8811
6022
3338
6724
524
1074
6786
3794
6269
7141
2194
1072
4206
796
2704
4237
985
4154
2291
4596
1946
4435
9675
7792
3418
7785
8046
2559
6350
5032
3192
9642
6652
7155
6352
4408
9581
780
9009
8320
1690
4869
3351
9136
2829
3162
9222
7356
765
4149
5786
3465
2227
5134
3038
6477
3315
4802
2805
8292
821
3076
319
4487
3367
4701
5483
4163
2821
1073
2909
1007
2462
6725
5433
6140
5245
9656
2016
3546
4123
2362
4483
6137
7080
1663
1110
7620
2845
925
1671
3969
7716
4492
3464
520
9940
1823
7269
9033
9883
27
6745
1667
2518
6334
4617
4253
6155
1038
7383
3729
9119
8408
5139
6947
9029
2005
7701
3982
6291
9087
5324
7311
4325
1647
432
1897
8869
4712
1197
9532
2149
3461
324
7995
8745
4313
9305
8881
9037
7649
5128
3355
7991
927
783
3431
6779
5415
3703
8588
6399
5552
8797
1283
237
4122
1724
5709
4736
3213
8756
7921
1987
5357
5320
2327
2026
6996
6464
8995
6456
5775
4513
9694
5973
5577
2623
4514
8605
8679
2967
203
9666
4173
1872
467
7904
6602
2548
6873
1825
4263
7510
4924
9432
7432
5295
6106
6539
812
9706
2405
9417
1588
4856
9840
4868
6836
608
5451
797
8468
3166
7185
6618
8246
3438
4755
4946
3056
1970
6220
4603
751
7878
5265
5848
6662
5176
3633
461
6886
6762
4058
3572
8407
615
9652
312
3801
3272
1781
1664
373
9663
8111
2420
8956
9375
9701
5915
8502
7159
9600
9719
6920
8767
1174
8289
7252
4250
8936
6402
2004
8417
8050
5777
875
2945
3013
500
1485
5580
7000
5044
9454
1104
1071
9056
2158
9281
807
1075
4786
7190
7508
7299
2269
4029
8323
517
8023
6078
9938
5251
4165
3172
7755
3353
7203
3728
5690
1597
1419
8926
6897
1808
3112
6316
3122
8752
4718
8585
4085
4220
8274
122
9868
6948
1716
7098
9225
2288
9732
4658
8144
1365
6310
6332
6360
7752
9466
347
8435
8181
2647
1447
6429
3425
2115
4598
1754
6576
584
8714
8715
8002
2508
9031
6989
9003
7609
2391
8909
2891
76
9790
4922
3622
3615
6654
5630
9093
9168
1618
3375
7060
7266
6667
3011
1713
939
8951
4132
8225
8805
6349
9991
9913
3995
8065
790
7767
6257
5445
948
2406
6906
3215
7085
9992
9848
33
4146
3859
6674
2580
393
5494
8389
8314
8840
261
6127
2386
9899
1772
5644
9184
9219
621
9845
62
1850
6997
9698
7536
743
1252
6744
8591
8948
5884
7656
5366
5951
103
3304
1484
4131
7739
6074
4276
3412
5651
5619
7288
7663
6071
7324
5480
4295
2452
4391
5557
1458
9362
798
6961
6355
5578
5932
3620
5547
3810
3462
539
5667
7197
1631
9951
7263
1779
230
6067
4760
2932
5002
5682
5638
3390
9117
3473
1704
5810
6206
952
7790
2225
2313
8996
2441
3451
5663
7022
4759
4135
8631
9971
1807
9920
3797
2251
6854
868
7863
3984
4549
3674
510
1208
5054
5859
7628
5928
6633
7741
7380
8933
7512
8990
4171
2702
8719
3893
3917
694
1510
1828
2517
4067
8891
7930
4517
9254
7594
5881
9753
7039
3829
2612
5095
5543
7289
9401
5310
5125
1333
8030
6649
5929
8822
7577
51
1584
811
9578
4090
7387
4767
1847
309
6459
4758
7317
7089
719
2337
2738
7532
7442
6880
9690
2218
6238
2585
5172
358
6337
3164
3357
3189
4412
6527
5756
7161
6934
9916
2598
1857
6165
3384
7924
307
6582
1340
7929
221
5410
8667
7834
2262
683
845
9334
8724
1314
653
6004
9105
5816
6357
4651
819
1536
2071
9520
1665
8498
3463
9545
3691
1894
708
5678
2558
813
2886
1865
1648
3145
5965
6680
276
8178
874
3168
8912
1616
7121
145
5175
7562
8358
979
3669
8539
2083
5721
7547
9986
6932
4224
1744
2725
3182
360
2572
2447
3102
4384
1461
3647
3212
9359
6324
2698
5397
4008
4747
7690
1471
1928
47
7330
442
4048
9038
4475
2651
2842
4820
8799
9471
7254
8776
6851
205
7654
4151
1986
2929
37
8141
5436
6003
9729
1424
2601
4720
3753
1236
430
880
8544
4920
695
4503
4713
5058
2435
6869
3029
8949
1596
6999
5314
3044
21
4268
5435
8193
6626
8217
3985
9613
1407
3671
8954
8616
2105
7392
2117
2637
2126
6502
2727
438
9626
4595
6363
6026
5289
9459
4345
4126
4840
3699
4904
9702
3613
7915
9477
5150
9870
1804
2697
6612
1465
1873
7192
5564
2840
3708
8879
5725
676
9408
5052
2739
90
7789
891
7586
5703
5488
989
6955
3628
1944
6536
1891
7250
523
5173
3777
2948
4456
7822
5713
9906
3269
4707
9345
2656
9560
9421
2618
6443
7441
6434
1393
9312
9858
2390
7954
645
3624
3648
9657
2552
283
1079
7788
7911
6881
9122
271
6389
1738
8409
1492
8941
4219
6764
7765
5018
3755
801
8802
7054
6575
9392
1599
7865
909
8367
5186
8858
4343
1497
5174
5839
6970
4980
634
5293
7940
2228
325
4306
2351
5478
4326
85
1637
9956
1795
5719
9485
1242
1936
9643
6806
9291
5729
5240
1156
3427
9850
7605
7435
6545
5693
6311
5528
4301
3503
745
5237
7059
5485
9521
570
1782
5747
6859
8187
4352
5706
8096
7821
7709
9803
9322
6821
9616
6995
428
6387
8824
5738
4229
5256
7647
1300
3250
2027
3486
9811
9297
3953
7143
9714
9080
2515
1640
2064
3139
2070
714
8519
5189
9820
6105
139
4610
5242
3059
5341
2106
7871
4198
4936
5903
4497
9500
8898
2555
9967
8672
6033
704
8577
3490
9397
3645
9013
2223
6340
9923
2438
2369
1852
8998
6069
7071
4883
3022
9651
3032
4389
6606
8437
4230
5003
6650
9709
2540
218
3047
5099
1839
1827
6548
8506
6103
8041
5286
6780
9423
1475
4392
6951
7305
1097
7528
9781
9684
8708
8013
2113
1909
1726
2617
8136
8183
9455
1134
4321
4044
9919
5887
9169
82
1132
6746
5774
8480
6835
2304
5448
484
6807
6279
5428
6681
6723
7253
2885
1800
5902
5098
6875
8557
6677
961
7297
1114
6926
8747
431
4114
3143
4339
4127
1487
1161
4009
1178
2659
8754
6678
5495
1329
3556
1082
1765
4421
6424
3416
5546
6319
1094
6132
8425
6192
6798
6218
8004
2172
4290
4688
5238
4826
5047
7573
6308
7773
8055
8893
8697
468
8138
3170
3701
1643
1547
9044
9438
5754
5463
3653
2568
1783
3152
1858
3043
471
3067
7990
9518
6579
7917
258
4428
6537
119
6274
9507
514
1743
4731
8304
7076
39
3802
2892
6032
6482
8150
7849
7803
1777
3264
3720
5899
4335
1211
260
6280
3654
4798
3408
8326
8835
3468
8463
4749
6199
5771
6695
1822
3302
2426
716
804
1010
3135
960
6243
4588
17
8064
7809
84
9144
1086
1152
9199
8655
3072
8814
7449
1516
814
1760
2088
7503
9338
5056
4327
6896
6029
3082
5515
5234
3598
8651
3550
5731
980
8074
91
5205
8625
7639
8301
5063
9331
4172
4581
6928
4833
5715
8195
1305
9193
6574
8882
3659
1939
7240
4751
7518
9594
5989
6911
5257
7196
2593
3314
1281
776
423
2549
4258
5031
9542
9026
7722
8630
7862
5431
3235
2131
4750
8299
4970
2121
8707
9534
2884
9301
1882
640
5276
7855
5353
8177
2144
6438
1388
3319
9749
6546
449
5841
3742
9493
9640
4639
9740
2178
9104
7611
2955
611
6027
3825
8318
910
2307
5067
7903
2673
3242
6224
3693
8070
7283
5193
5246
7238
941
3285
8282
2867
3718
3019
8809
2788
2974
8231
1496
2822
9589
6834
1558
9812
632
983
9914
1048
2302
118
1621
322
6073
155
6080
5658
2908
3392
8151
1397
8058
7399
8254
6268
9583
4355
8917
6364
6754
7907
4518
7733
963
5129
8397
3604
2143
8220
1304
8014
659
3597
5980
5342
3292
666
3791
8223
4234
6828
5680
424
1438
8807
2030
7913
9064
2956
5617
2018
2456
6060
1531
3656
2773
2795
3258
8806
7596
1799
110
334
9981
9630
1477
2926
4646
4629
8395
8126
7436
9569
8615
1694
1773
4785
238
8315
7351
6808
8712
5182
7830
7183
7600
9836
75
1821
4425
9242
4765
7626
1755
1689
3080
3118
1045
6691
4591
2839
9208
2046
8247
6325
2130
5020
3237
5419
2334
2086
1756
142
623
2093
3025
942
6856
9787
525
8883
5982
3965
6663
879
8711
2123
6117
5653
2196
9014
381
2344
6082
842
8763
7902
4772
5854
8322
3341
7817
1735
2582
3894
8227
148
2567
1449
1427
2806
5471
2547
7473
1943
2189
9526
3751
249
976
1666
8929
638
2104
4183
4916
2315
1050
1883
2616
5223
6102
7200
2318
7986
6924
1934
3293
8414
2049
1972
98
4740
1124
994
7894
8339
1125
3999
9207
9001
626
7643
2957
5664
6942
6281
7166
9096
7028
8678
9414
7092
8561
2039
5064
3690
3065
5401
6544
2238
9798
3750
6554
4458
5632
6899
3333
6136
6093
7972
4260
7771
2506
6759
7786
2180
375
5102
9182
4205
6182
5142
7850
8955
8851
8571
5963
4329
1096
6283
31
9180
8235
9782
4226
3207
698
4956
4960
689
7568
2148
9405
9426
7597
8764
587
6694
9974
7074
7
4650
4227
8281
8256
4640
5797
3631
3886
2202
506
3155
4208
6386
9133
7128
6937
3940
7882
3178
7835
7300
4070
2242
913
298
5045
8087
3391
3518
1741
2856
1168
685
6063
6635
8345
2278
3743
2763
2316
4903
7345
8533
3424
4582
4047
2349
3585
3845
2830
9813
1817
5542
3903
7095
8380
7274
6141
8693
8743
6904
3945
873
290
9871
1367
2954
5862
9306
473
9852
7683
5622
1638
4310
1166
3229
3908
8844
4359
4271
5284
9239
5666
7084
800
7394
3027
1273
9512
3254
4401
8419
9937
3079
6830
9835
337
9214
6739
4866
7271
9241
2171
7659
8416
7694
3988
439
1702
8283
1677
9993
4478
6161
1523
3103
5707
156
8803
6023
1602
9843
6208
6353
3717
9639
7544
1940
58
8342
5313
1089
272
5350
9533
6303
407
1433
4476
2981
9998
2229
1849
4575
3474
6802
8753
2250
8155
9300
4216
2663
3869
4584
8649
3957
5776
2669
5990
831
4948
3602
931
717
9528
3736
2774
9810
9120
7018
9390
3676
4819
9585
9380
2900
9742
6373
7420
7493
8593
3819
6912
9067
5879
5853
4994
9211
4879
7088
6956
9766
7956
3744
4612
8012
3983
3836
3488
5572
3108
4445
8089
6714
5123
2326
5456
6532
5080
1412
8033
8477
9739
5132
4968
7358
8596
3459
4376
2789
6190
4954
1898
4930
5705
4255
4303
5722
4993
6572
4818
2199
3570
4745
9284
7757
4625
5203
872
8777
6358
6039
6380
9622
1976
9350
4084
243
9152
712
706
4145
1085
7801
9535
2528
9994
4222
4117
7384
4537
149
284
9266
7068
6439
1533
2244
4914
409
361
315
4449
344
2734
3204
5991
3028
1964
1120
2980
329
4200
7714
5834
1678
3161
1933
5861
4615
3795
6748
5319
4692
2574
2166
5882
1491
8564
7228
9538
3477
3564
5969
7674
8618
7880
9371
3621
7241
7247
2294
2861
2913
8422
114
1142
2610
2551
1355
80
7864
1006
1488
2961
6977
3660
8902
9074
170
3634
9095
3841
9167
7499
564
7360
6867
5893
1824
8212
1867
1259
1025
8766
6057
1274
9882
823
7603
4407
8603
8446
5461
3004
8047
1135
7142
143
211
5569
5704
4360
9170
1241
2219
9499
4875
1639
4247
9523
4274
6670
2917
7898
7888
359
1346
3325
8093
9464
7100
7999
4092
7207
8570
4925
1203
3449
6673
7779
9340
6041
5970
126
4346
840
3866
6585
7012
7804
4248
7479
9979
3163
3734
151
921
2833
2176
4917
4888
6134
3853
9364
7477
8057
3774
5089
8455
7374
8022
3552
2137
5900
4784
3899
1385
255
5015
1764
5309
2011
3209
1123
9068
4104
1676
7488
5959
5119
7169
5217
4241
8504
4881
1733
5681
6431
154
477
5526
2850
4469
8772
1814
8843
286
8927
5177
1112
3198
6615
4942
6486
1183
1070
4034
8229
3842
7770
9015
5784
7056
4193
6568
2922
2277
195
2674
4038
5588
9071
9985
3806
1060
7117
9730
3273
8412
9536
3074
5906
429
3551
29
5521
2015
624
9420
4849
7531
7087
7125
8928
6403
3666
1327
9474
1684
6562
6972
6783
553
8861
2906
6108
4963
2290
805
7484
7043
5813
9862
3234
9864
890
9339
6312
1247
7798
6533
8598
6085
731
5316
4422
2611
1106
7962
1442
9755
6202
8957
1955
7844
1157
7554
2539
7750
6354
2357
9210
2268
4083
828
4399
643
4572
3594
1366
4666
3190
3854
6198
6968
5648
5700
8560
4580
974
1990
4045
6131
9318
5660
1398
5296
1165
9965
7391
483
7366
2214
8128
4630
6125
452
1863
8390
8654
1042
9083
7150
8099
476
7132
1473
6162
7267
9293
4252
3873
1420
6827
9927
9514
5359
3915
8845
5149
1185
7293
3692
4420
8450
8612
5790
3725
2264
1812
6865
6323
5544
4484
8079
9515
1229
3480
3430
9978
6636
8327
7641
1182
9051
2000
482
521
4305
3785
7319
6058
6842
9039
5683
3992
321
7967
6608
7883
4516
3368
213
3625
6610
2062
5796
8589
8341
8610
9173
6921
795
6841
1268
6408
1967
1908
7403
5406
1981
397
147
7015
6385
4817
5224
2534
2179
4995
3210
209
8069
6890
2017
5065
3896
164
2028
4556
9624
3340
9695
5618
1280
4118
5030
6484
3678
9492
257
1561
3726
7429
5974
6
3761
9494
914
5115
7218
786
6971
3153
2403
1973
8659
1750
3297
5535
8817
2801
7081
1518
3900
2699
3931
2165
280
6016
6173
677
988
1548
6998
1051
6168
9608
2100
6658
6333
7290
5983
3389
4111
6295
4743
166
5236
693
5462
8276
2862
2815
6823
5486
6718
7754
6081
8355
9802
8371
5221
225
4148
2374
1998
7191
5724
7296
9253
5872
7774
341
9223
2880
7669
3618
2940
5170
6919
127
6277
4454
5676
675
5833
3662
289
767
470
2139
9472
7348
4480
852
5808
935
7842
2792
157
7066
4242
1950
1334
8017
1478
6114
1978
992
7437
5270
7897
6302
182
4240
639
6888
6265
887
4485
7461
7249
2127
8966
3847
1029
4120
2436
6294
6055
8528
5440
3167
7522
8262
3220
6009
3373
219
2048
5481
1309
7020
3362
9490
3205
1927
6075
7927
8731
4999
4213
1926
9139
1498
6234
2306
8034
8633
4332
7613
4855
1386
2874
6177
8172
9425
3981
133
2114
6794
2953
9460
6671
6586
4434
492
5541
8660
8392
10000
6216
7173
8360
665
4099
6578
3036
3525
6419
3057
4257
1553
3199
6959
4024
2396
7675
9496
1918
9361
7696
2395
4885
3054
2966
8208
9321
8875
9529
637
4732
2489
4318
996
573
1213
8101
669
5418
8994
1028
2254
7261
3479
28
1286
6077
5352
908
4806
1844
6479
5913
3921
1625
1980
3021
1351
9612
2972
5575
9561
6601
8855
6850
3432
3530
3727
9216
2222
1550
5339
4816
9999
1723
8170
9815
265
6348
4450
7730
9487
6981
1527
7758
8269
5636
1163
1083
4880
3415
1214
9917
1569
1600
5901
6560
8910
6797
5863
1251
9807
7194
5329
4238
5947
7077
8135
6750
9966
8007
9964
1056
1915
8650
6791
4210
7279
6087
9881
7453
1137
2118
9829
9546
2869
3316
7708
1941
364
3216
742
5364
2962
7679
4699
7824
1995
1220
8746
8975
9000
8054
5425
7331
1044
5275
2887
8369
9540
8258
311
1767
6558
894
4323
8923
1223
5146
8466
5964
7691
2608
4115
2542
2023
6426
5014
3862
3386
4086
8309
3347
3034
1122
5241
3772
7700
1921
132
725
5340
197
7104
9125
7723
1390
2510
5291
4096
2522
3186
123
9761
9292
3849
2644
8547
8209
2800
1057
6116
9329
3147
8143
2394
5487
7753
9435
8042
7114
207
3010
4812
5280
6270
6675
9685
6565
8622
4966
674
3767
5795
1564
8703
7793
5416
4934
8842
6410
3724
9251
599
1992
9246
7255
2177
2058
6587
4176
4854
2346
8130
8849
8546
2905
8532
4380
1167
7672
7210
8317
8420
5945
8960
3009
9231
4620
4915
8641
7129
2310
7434
8586
4404
2687
8386
3109
5589
5159
5354
9649
8907
8391
2381
3976
7144
7298
10
8180
8453
8452
759
5741
6100
3912
3255
4594
415
9034
7048
6839
8734
4678
8316
8839
7794
1103
1880
9433
1991
6231
7019
5752
7877
6051
9867
4430
7852
1363
3115
3086
6469
5303
8709
8969
9036
9972
750
378
9470
5591
6475
8236
1657
440
3875
6196
9043
4778
5534
1790
9294
7369
516
9932
5984
1429
9637
6284
1119
9491
2378
4644
4787
534
4555
4110
7933
1432
1453
1697
5392
9631
2051
3784
7843
8781
2243
5421
7688
3927
7884
7715
3248
9879
1379
7687
2286
663
3568
2299
2322
7251
9724
2899
1785
3652
5010
1148
6440
7055
2025
1489
7520
785
5716
5685
3262
8107
3144
1633
6233
1552
6307
7027
5382
3158
7945
9313
2261
1890
6909
1004
7533
4368
7946
699
7404
3787
7944
4113
2985
6577
6068
3623
9062
7976
3121
1958
6159
1876
7833
1454
2622
1615
3889
7931
2803
6000
2665
4357
2135
4180
9959
9158
3185
1747
934
4470
4124
2715
4897
299
987
1108
2490
2716
9441
2992
2728
8120
6846
9511
3031
4270
9264
389
314
4035
681
1162
2292
6982
7378
6203
7030
5561
2197
1855
2969
5248
3950
3944
4764
1481
7912
3989
9577
376
3832
2993
9146
4005
1457
3084
5376
7424
7323
7466
8430
6226
6059
8887
8829
860
3358
1778
7572
2527
7980
4001
6930
5512
9236
412
9342
7695
3946
7014
2409
8935
6573
4679
964
4832
9880
2670
6857
9310
6594
2849
356
5734
2151
9162
405
9019
7256
4164
3458
5536
8735
370
8565
7334
9270
1319
9757
40
9558
1093
4703
9046
6832
1441
661
8721
3816
7273
6889
8284
2399
8620
9165
8085
5585
242
2768
5855
662
5279
9449
2631
9027
820
6219
5059
8692
4738
5739
6651
6076
1642
8199
3188
5732
5871
5074
3290
1869
7199
4121
1916
486
6197
6913
995
6993
6285
8117
4871
635
2654
8251
9904
2827
9760
1116
5761
5571
4232
3516
4801
3003
4233
3050
5349
4695
6499
575
469
3707
6825
6957
232
5200
6163
3328
5513
6384
2414
7492
1712
8200
7295
4791
2820
1307
9106
4623
5993
9020
3366
451
6209
972
8604
3493
1674
104
6260
7892
5642
7906
6767
4367
2098
9827
5202
8691
153
2119
9489
6204
8761
9602
1692
5400
4020
5467
4307
6732
2181
1870
3863
5529
5878
1930
6933
455
7545
1026
2464
7219
4423
6031
5809
6519
5925
4159
5369
8676
369
9396
6952
3612
6682
687
8668
5852
7158
5748
2996
5227
7837
250
9799
652
3159
3179
7341
2634
591
2024
1173
6781
8889
2986
2685
9142
5845
2355
20
2365
1347
4522
6688
6826
6409
6040
1837
2481
9005
3280
9638
9780
9228
532
2162
2091
5490
9572
5698
5866
9124
377
4700
2125
4667
4463
6513
5034
366
2295
7811
9586
95
3933
1295
3956
3846
7657
3644
7955
1302
1084
2463
9221
8319
7874
9741
8179
5082
6967
3641
186
1448
5107
9924
5971
6336
4283
4906
7985
5616
2779
8249
4410
1261
8988
581
4864
6801
5905
2737
7364
1805
778
4604
401
9513
832
3808
4627
7481
3705
5264
7091
8329
4354
2726
6530
8015
178
4053
1507
6593
7362
863
2364
4302
5191
6362
66
4372
1396
4272
2748
1651
4876
6949
1102
7977
1889
5226
8512
6877
1207
1
1418
9328
9085
5135
2458
8197
2065
6726
3470
2804
9155
4682
3041
5988
8548
5996
8478
2263
2786
3554
1718
6130
3822
9004
6379
3312
124
1557
7848
6372
9982
3871
8259
6936
7198
7717
5090
3689
5333
43
5378
758
2040
3731
9458
6376
4554
4350
5356
5670
8801
2085
8484
6765
6605
6817
1806
4105
3006
1758
4289
8757
1062
1502
1836
6124
6597
3419
1787
4967
6430
5921
4782
3979
2366
7202
6668
792
8782
1205
9480
1460
749
3175
4037
3374
9218
2794
2844
768
4490
4231
782
8972
4138
9143
2341
9108
986
6217
7168
1892
9204
8134
4341
9410
6501
9385
8336
408
1228
4742
8436
8261
9453
6047
6118
4570
3344
2128
2920
936
1819
2927
613
8626
4775
3553
6107
7540
5538
2826
7831
6146
9775
7982
4733
229
2060
2204
6306
1138
2265
5449
7800
1789
1486
6660
1018
8769
9668
7731
7895
3539
1752
2963
1053
3997
2595
7226
1999
4870
7272
777
1456
6700
4657
8542
7178
6504
1139
3236
928
8508
2999
4834
8684
7045
3575
9179
9659
6172
6212
9107
6160
920
9391
9686
8297
3746
6391
3840
4988
6201
528
4926
536
5012
8816
1054
1399
8511
4977
4895
3400
7697
9688
2293
882
3876
8440
3194
6245
5035
926
1019
313
664
8025
6581
9677
9885
9271
7308
670
1374
2434
374
9696
7438
9809
8653
4108
7891
1809
885
5455
4498
6990
4074
8514
7385
2287
4795
9012
1838
1917
4847
9171
7553
2591
617
843
4686
4859
279
1107
2376
7174
505
4836
1525
5545
8214
9415
2175
1581
7578
9319
497
4539
5427
691
9186
3735
1626
3433
3964
6963
9849
2866
4726
2459
2163
7780
8530
5960
2873
6648
7093
1462
8224
7406
1975
2001
4957
911
8599
5608
5621
6422
3565
1832
4597
441
4125
9187
4134
3698
1299
2724
1099
6395
9759
2267
9149
7704
8216
9619
340
9123
3359
9609
5254
6094
5607
6101
1982
533
3934
8567
4710
3535
6796
8919
45
7500
190
7456
6138
8272
3348
2564
2153
5038
3892
3068
8785
7875
1543
2847
8157
3608
3457
189
4212
406
9094
6566
1924
7920
8439
5374
7777
9395
1592
947
1425
4693
1195
4677
8008
9833
1725
