8318
5780
2806
5846
8
7220
8964
7422
8917
8918
5710
5604
4420
9598
3508
8059
4094
4792
8655
8587
3672
7670
5734
3974
8915
3871
3462
3337
2027
7953
3738
7175
552
4241
1145
1595
9642
4257
9040
3968
1477
7905
3667
7506
3172
4661
9441
3121
5788
9912
6017
1184
7091
5857
2132
3202
2058
3519
5538
2479
8673
1278
3650
1197
6651
6283
7736
3617
9049
2216
5886
9670
1799
9090
9921
5398
4220
9657
7024
5965
9037
7077
3664
3033
321
3938
1188
5431
5592
2455
1227
4222
1366
6697
9180
6062
5698
9602
3127
4992
6478
4723
7992
3481
813
5070
5859
1897
1500
5792
41
2015
1539
5359
6393
4429
5314
1667
6980
4793
4357
3261
977
5030
1535
6324
9421
6501
1881
4115
9415
9944
3131
3442
1923
4283
8990
1738
1735
794
9410
1272
2511
4108
4467
9515
9303
8602
5885
7341
8429
7042
680
4341
9856
7738
887
8264
1910
6579
6369
59
1058
519
2761
1402
9815
5678
2730
277
8219
4601
8251
5816
6220
3372
7025
4669
1156
2608
9919
8021
1741
8911
6774
418
6779
9516
3878
3421
5087
9545
8019
8027
6136
8784
9086
5590
1032
5525
5377
6237
9885
9636
6389
8266
3073
8020
3272
7813
1946
9067
3668
3556
4388
1258
3082
6099
779
7572
8146
3704
9821
7574
4223
3992
2729
4648
2718
6802
5733
9849
5877
6363
5505
1718
4808
4947
3654
52
6295
1776
2982
168
305
7887
9061
7812
572
4520
3565
5580
6358
473
7158
4574
5109
4129
7016
6625
8535
7395
9741
9203
4356
3221
6951
7663
9699
7294
9026
7597
1909
4211
4320
2519
1739
6716
8652
2314
1838
3901
4995
1
4120
5333
9799
5153
6065
626
4031
4210
173
2708
8078
1989
3340
4532
7967
8097
3991
8368
2603
3328
2446
6919
9740
2638
4495
1089
6426
7162
6725
4199
2694
6394
8262
7102
581
5544
9951
9068
8026
4144
4983
5852
2449
4091
254
701
9751
3833
1048
8313
8773
7925
6552
2450
7727
4685
2579
5209
7648
5632
5203
7745
7291
7461
4642
5100
9852
4942
9332
8864
6733
9493
8516
9711
7404
5493
1332
561
1656
6688
9923
4268
6917
7722
5855
9858
9823
6196
7997
9750
7921
117
8906
3966
713
2419
9503
5867
9304
2480
8920
592
6817
2953
4591
1082
6544
8590
4668
8718
9423
2808
5640
288
5627
4437
7532
503
9658
8704
8667
7898
8543
967
2275
9429
5957
2956
8567
4483
501
9267
8788
718
6634
3043
9190
8992
4179
9836
7432
8135
2076
5488
8795
2350
3429
2751
8201
6727
146
4791
4466
6660
1636
4178
1589
3163
9201
3236
5926
1179
7764
9351
8958
8461
9714
7592
2383
3155
2860
9911
1473
1919
6675
1250
3477
6530
9978
2023
1817
1790
304
4535
8813
9307
6286
6063
4400
6886
2476
9057
2946
2043
7195
8888
4950
4811
1570
7184
6960
8274
9214
2169
9240
2122
1276
6668
9001
7311
2690
5596
607
666
1643
1318
3528
9628
2258
3032
4256
8397
5356
8845
4915
3446
605
1284
6728
1021
306
5765
5964
3805
7676
6822
3819
7414
9000
8376
2735
4085
8863
7589
8684
7372
7031
9116
1349
9113
6989
1425
6858
9008
1878
5900
3630
2142
7712
6801
2651
4852
6102
3177
7262
3953
3059
6390
1571
4502
1770
4530
8250
6370
7883
4319
8291
2187
867
4716
4117
3364
5098
4430
8727
8465
9399
5116
3474
6611
2813
7932
7805
3644
3056
9433
3663
7293
6547
4392
2874
1176
6240
9374
1339
6630
8683
7732
219
1465
5059
5146
6428
816
1468
5963
4471
2435
9968
5181
1564
7440
2096
6908
8013
172
144
5426
6965
3891
3920
8941
5661
1480
4909
780
1497
6818
4583
9826
2376
4207
310
6612
8599
4308
1606
606
5387
8172
9659
4754
8071
5506
5300
2099
1474
5443
3306
1733
1384
2642
6031
3673
3877
4190
9685
5304
4296
941
9744
963
6159
6454
654
7408
4458
6742
9948
1935
2135
8153
6456
9991
133
909
4787
8254
5079
2864
1972
188
4103
1725
8879
1243
4683
2681
7249
4783
5786
4638
4184
7981
1802
5117
1882
8476
2986
6321
1111
6775
6554
4399
456
3022
5090
8754
3472
4979
4875
4440
7554
8011
9006
209
4826
471
4997
778
5190
8971
224
6701
608
1749
266
8816
171
8721
9342
7502
3349
7679
1171
5619
6923
4380
5391
4572
9687
2933
8631
7624
8854
4623
992
9242
2974
3521
5502
8848
3071
2516
2992
3038
3397
8263
1843
5722
3563
1992
1527
823
3777
4394
6932
746
7674
7064
7329
2200
513
971
2847
774
2702
7054
6401
8408
4119
5064
8414
8938
9412
5667
1916
707
1459
9522
2971
4643
2054
6841
9130
7922
1904
7110
9051
9487
806
3480
5287
9713
8648
1370
1268
6170
5774
8335
8084
7367
1355
9299
674
6756
712
554
9846
6399
7986
7434
1720
2765
3139
2472
8500
5172
9631
100
5570
8378
4468
731
2722
4036
3213
4607
1038
1772
3750
809
5276
623
9334
5040
9907
5884
5587
83
3210
8999
5445
7701
4113
7960
8632
5016
1980
7545
3343
2605
7377
9638
8526
3434
3608
1554
8370
4330
2691
4061
7763
7111
9874
895
8498
9082
6179
9393
3471
9591
4921
637
1532
2416
6480
88
9761
8255
5393
5301
226
9078
7746
5702
8099
7949
9013
2656
3098
1677
6995
4603
7542
4265
4136
2040
3253
7160
8534
2263
8302
5042
3432
3318
1865
3746
1090
5694
3389
8731
8975
3465
4453
4659
5385
5456
1041
6621
7540
4069
9695
8634
6192
9362
2414
6329
9753
3112
1553
927
2800
401
3319
6535
1102
4403
6562
9004
5498
2447
107
7359
3791
2775
5233
9693
7139
4111
5442
6628
7893
7109
432
2744
6144
6622
5083
2481
2458
7056
5481
8261
814
4416
3705
5992
2059
3332
903
8724
4384
374
4478
729
3334
5688
6797
2118
8807
6172
2898
8063
268
2022
9530
2281
4564
567
1646
3352
7060
1220
560
4391
6274
2904
6090
1466
5724
7157
2646
3310
951
2429
4175
2084
2101
7223
3149
7678
3276
8776
4781
1680
5799
8708
1079
344
5121
8523
658
9443
2682
2921
6375
3594
6641
4605
8682
8936
4145
4343
9406
4073
6550
9776
2066
9778
8336
1421
3996
7124
5485
9980
1740
5115
8809
3566
6360
9587
2822
2795
1422
314
3371
431
3561
7996
128
3388
9293
3857
1289
9906
8267
9666
9500
6441
5015
7522
1385
7018
878
2558
1822
9929
1876
2607
1163
9579
2882
8184
3520
1331
8205
8286
3800
5326
8505
5253
8412
1722
7692
6717
681
7236
6860
5860
5286
4452
7792
6763
8045
5055
3622
1336
6042
9580
8625
5358
1256
1063
7225
9134
624
178
9801
4689
660
9811
4301
980
4020
7646
4435
500
6345
8457
5839
9162
182
6147
9491
6056
6820
4245
1499
8357
8326
9618
5221
6615
2849
6479
4926
7833
9847
9727
2093
6644
9901
808
4066
6599
5308
5236
395
759
5818
3336
3898
8149
9827
8430
8638
2576
9218
2257
8124
9820
8527
570
9120
9260
8624
9099
1375
6424
1590
7886
4824
3589
5978
7364
1870
143
9764
7378
5535
3051
9246
3886
6432
4860
1376
526
6537
2964
1051
2583
8393
7379
2345
372
6261
3330
9007
1007
568
9646
1233
1077
3215
6942
4158
8866
3587
6149
3694
1087
6018
510
2098
467
1752
9089
479
3107
9508
335
7325
3128
7163
156
7779
7917
2369
508
8620
5567
4494
4025
8010
1132
8778
6838
7272
31
6016
4156
9206
8338
4326
3406
9139
8633
6829
353
2672
6487
8981
2421
2456
2513
6724
434
7700
3985
3892
2278
7817
4446
9034
74
6091
9853
5258
8691
9749
2903
9622
5568
1781
2926
6781
8746
2126
7713
2885
6054
8436
1099
7586
7482
5254
6909
67
1124
1191
56
8916
6217
105
8310
5742
7296
6267
4503
1438
6376
5466
7304
1367
5089
4188
7159
5597
5389
4633
8584
7480
93
3268
5615
1226
518
7989
9313
6693
1288
7687
2295
1242
8230
9045
8977
8849
4910
4267
9865
9417
5932
8440
7600
3741
4820
9125
2326
7191
968
9468
5049
947
6894
9574
9187
8969
1107
8553
9167
5727
5919
9931
3416
9737
6106
9568
9581
9152
149
4823
8763
7435
5396
5351
6459
9893
6981
3546
1310
2173
699
8529
6950
245
9502
4289
8603
1586
2387
3117
872
5444
2019
2024
7873
9390
9779
7235
5713
8988
6241
8052
6465
2175
3398
1417
8619
9096
8054
2801
9478
332
1848
3995
8333
3763
3011
6249
4200
7421
1461
9748
421
6785
8386
1808
672
7135
4733
9585
2929
9747
339
5058
7089
2139
6776
3813
1529
7131
7199
1190
7866
848
1608
6293
5252
214
9736
6377
9995
8857
1967
7079
9328
3278
4511
7483
6669
6749
3592
3963
3247
9269
3824
4068
5354
6633
3702
1982
2231
1622
1854
2633
2997
588
7876
6034
7748
1993
4885
1796
8080
4382
5662
2196
4608
9079
787
934
868
3641
217
5891
7669
8986
2783
384
9465
1361
8241
5977
8186
6431
284
7940
603
187
3882
5165
1122
1559
4309
1094
6503
8079
3716
1591
3774
6404
4390
184
2288
2881
1690
3475
5599
9832
938
5177
5365
7808
5676
6796
9696
3866
2848
6440
3464
5043
4313
3136
9138
1641
190
9448
9954
9428
1195
7691
2870
1285
2727
4912
2434
6895
5054
9629
6335
8610
4675
3742
1955
1701
287
6922
9672
340
3845
5285
8173
2283
7985
9765
7871
7255
1610
1173
6541
6373
1216
5005
5801
4353
400
7650
9507
7467
5673
7829
3937
8710
6304
553
1439
7052
5341
406
6162
3586
7611
4699
7464
1130
7730
7068
7607
2357
7081
8818
634
1238
8400
5036
6792
1514
4587
6638
2105
2657
7485
1078
7138
2226
3296
1300
9950
5468
6944
9226
7612
8131
4360
5889
3279
8749
2889
1150
3399
5496
7768
2494
1008
5789
5554
9069
6706
2355
9728
2526
646
6821
1893
3335
8898
7270
2809
185
6448
613
5887
3645
6301
9020
6289
3815
6096
1430
9337
1340
5215
5212
5298
7306
2253
6586
7836
5073
1613
1777
3402
9241
7919
6911
5830
9419
4770
987
4193
7431
3076
1713
2684
2111
4790
4252
9588
5802
9986
5306
4047
1712
694
1403
126
6910
8598
9124
9166
8257
7641
7644
2352
645
1530
2029
9569
5737
6665
2443
6735
9343
1413
9182
9335
3933
5247
3152
6542
6906
3653
3259
9767
1095
1301
8753
3042
1294
5471
2766
8074
8694
5454
4364
1214
790
5895
3181
9052
4585
7415
8182
6397
295
9460
1072
8768
4438
3007
4192
9185
2536
8317
6349
2166
3949
2331
940
811
6131
1951
2582
9763
9359
7656
4739
2773
5092
9087
5384
2527
6783
8189
8616
8719
2300
8882
3316
6048
8856
4561
1062
1334
595
529
3369
1715
5021
3537
6967
9135
610
3952
2368
7036
9294
6636
4367
5763
5179
4949
9161
2433
197
5810
4231
2343
958
6206
4038
8820
2635
9280
191
1321
1851
6926
1251
9271
9665
8211
670
2316
1573
124
4001
3896
590
6798
9864
466
7874
5184
9988
7346
7499
8693
7677
1360
9683
7497
7487
2689
6165
1053
7151
4329
2442
1743
72
1598
3034
4848
8622
930
1981
838
9213
458
8197
5605
5425
7120
1357
5305
973
9445
3425
9181
9243
3097
3183
8661
1903
6755
1273
1235
1619
324
8087
9527
9839
2229
1193
2798
6398
7913
6366
9401
9168
7407
1747
966
3001
5637
3282
5644
2710
2993
4806
2075
9095
2149
846
2247
2905
7518
913
8650
4510
6328
3053
1531
8570
4472
2951
4396
2615
5849
8443
6223
4324
5966
7552
9071
6458
6405
8627
1017
3832
262
385
4650
2183
6484
5163
2621
2006
9632
5500
6038
4247
4099
7804
452
9745
7538
6310
2339
8167
609
9546
5141
6455
1599
1181
1806
4027
9492
2742
2514
9472
3910
4426
3647
536
1412
3516
7253
7915
6656
1758
1230
2404
7911
1945
3661
6828
2823
564
1418
389
1467
9996
876
5460
6726
6333
7824
5775
6587
580
4138
9623
8605
9915
1125
1506
5464
6583
4544
8538
4644
6571
7095
2250
4281
7358
8105
783
9895
4742
2116
631
6411
1013
6251
3690
5188
8034
4327
3855
469
8103
3074
3109
6845
1457
8150
6076
1158
3802
5682
9368
3806
2927
8359
5152
2529
9245
9282
4975
4451
6553
8174
6790
3696
9681
8644
4936
1949
6032
7777
5738
6861
1436
186
8942
675
7217
6221
4649
7418
1304
2170
8494
8112
9943
43
317
819
5408
4032
4968
4401
3065
8874
3090
4480
4102
546
4618
2767
6526
2302
3014
7194
1640
6087
2814
1108
1308
8460
7884
6952
6425
1114
8216
3687
5856
8463
4209
2317
662
6438
2047
9377
8076
7105
2568
145
7173
8824
9513
4053
985
3718
825
1794
3192
7448
9505
2679
5370
8381
1407
6629
4905
3298
7984
9349
6666
3256
3865
9036
2665
7169
2589
7453
44
1635
8581
6116
4681
4332
2983
1495
619
5461
1494
6812
2067
7273
6460
2372
7820
534
7238
141
3064
4049
455
7193
6887
7289
135
6882
1689
3351
4965
859
6488
9559
1126
6202
6616
3945
2935
1813
110
7251
5576
3271
2353
3144
4762
8932
3732
8954
5147
2451
8329
7475
2412
104
7988
6166
9654
2171
1076
8328
845
1932
1686
535
1271
6312
5961
5817
38
7822
8252
881
3288
8452
2133
4442
3616
9633
6956
8702
5848
7923
1358
8137
9773
2678
9394
8810
7987
3685
3238
6835
4338
1657
4370
175
8889
8690
7864
9857
4985
9348
8853
5668
3917
9341
2610
1239
4829
5173
9284
549
4550
6974
2045
3186
7246
6993
6327
442
9196
5937
4419
8416
3513
6262
3366
9117
360
1672
4616
898
6823
3275
2181
8908
6645
9680
4755
8792
6857
4490
1812
9984
6548
5086
6060
663
1929
4545
5584
6595
3164
1023
6613
8993
5645
2309
4590
8793
9652
9710
9453
3908
6578
6549
1386
1006
6195
9990
5332
6215
6040
7226
9132
9480
7112
8384
4295
232
4051
5422
2026
3946
3140
1067
1915
3808
8715
7828
2731
235
8022
9375
9592
1837
3374
1526
127
5622
6978
884
8875
4662
9891
8358
7126
5679
4937
1518
3016
2778
6230
8043
1314
6079
6834
3822
6569
9164
1116
8228
2153
6080
9708
2844
4072
8056
5265
7402
399
3216
459
3194
7979
7559
3752
1971
2274
6642
8455
6740
8221
2137
9953
81
7366
7452
7904
7498
3287
6264
1075
6178
7901
7328
8669
6890
9112
7703
7814
2641
7609
6565
7846
3295
4729
6135
7405
1085
92
3712
3079
4141
6015
9676
4070
6341
4736
3621
9872
7706
2947
9506
4358
6677
3089
9520
7398
5991
4383
8742
9426
4579
1249
9975
476
3897
2107
575
6510
5927
7583
4547
6928
7569
4081
4740
5255
443
1322
4352
1519
7731
8364
2032
2723
8129
7389
9917
4752
4021
7916
427
7531
946
5906
8503
6759
8473
2840
2001
4555
265
9232
926
4079
4255
826
4570
9220
9903
1512
8712
939
4726
9290
5028
8392
4785
7305
8160
2528
700
3169
6233
3308
32
3178
3798
6662
242
7835
5355
5843
2755
728
703
7852
6528
435
3154
6181
3479
8039
1841
2279
2987
5349
6979
7412
3312
5
3804
7292
6696
2121
5976
8585
330
8692
4376
4700
7478
9862
2394
8410
2311
9145
9504
8725
8237
1789
8158
108
8783
9407
4920
6231
5519
3731
2482
2648
1819
7083
2698
2537
5186
6280
3739
4459
6434
1060
6720
8350
2957
5716
7975
302
803
892
7178
53
7796
5703
1185
6161
8642
891
5972
2499
2041
3988
1771
5312
8806
6603
7339
5316
97
1490
7982
2598
7181
294
6269
2910
4161
1456
3469
5674
1787
5573
960
1626
4133
5145
7930
8730
8512
8157
1034
7399
4142
1703
36
7290
136
8867
2136
7481
761
2816
4932
8349
3557
7030
710
873
6601
2143
4432
3478
9081
1052
9101
9062
1133
179
4177
8231
4444
5752
9850
577
815
3611
4250
6753
4417
2606
9590
6236
3320
1614
4486
9880
9192
1399
6794
8181
252
329
6072
505
6191
5390
515
5111
7117
7535
4041
1261
7990
6019
6589
6186
1775
3552
5336
9796
9678
9910
6100
4537
1391
3440
542
7495
5507
8525
2249
1428
3940
8517
2088
9391
2073
3348
850
472
6266
9700
9317
3601
6810
4299
1721
1137
8421
3849
3094
1106
6103
4054
4229
3309
4916
5419
9367
362
7853
8000
9577
3168
4492
382
9555
3447
912
2460
8207
4714
7890
243
3545
6214
9432
738
1830
5825
6694
6064
9102
1175
9818
6239
9647
5407
7040
8887
6229
2409
2726
9808
8930
7133
2100
3559
6121
6396
9697
7787
333
444
3523
5182
7005
4869
6711
3379
3522
4876
5998
7062
1660
9014
7636
1694
8471
5185
9807
1759
9987
9933
4434
3365
3957
7153
3214
1797
7351
7685
3353
9336
9424
1891
1392
2230
2596
426
2114
9729
5750
8532
3570
1450
5462
8130
4505
6876
5960
5993
8425
6381
919
7451
163
7391
9191
9572
8502
9992
4710
4711
6708
7885
7301
3390
3745
8098
2106
9902
5325
2197
9136
380
1975
1671
4098
5588
2374
1969
3450
5130
1524
8066
4233
4543
8229
7857
9614
6719
8949
9718
3403
6493
1167
2747
9098
3918
9641
9365
6284
4901
5231
419
9983
3776
1785
215
4959
8134
9012
5530
470
5448
3159
9935
6760
3123
451
4431
8077
5433
7507
7842
4243
2430
7179
229
4655
7954
2117
4931
6443
9400
7647
7115
1509
894
8374
7248
5268
3027
3134
6476
5874
8448
4008
4849
1447
8968
7527
3628
3550
2091
1730
9065
1894
4167
5170
2663
6151
5428
3826
7316
7931
6831
2670
1810
3906
5386
7473
5491
6246
3666
6305
7514
3391
8175
99
440
925
9544
4589
327
9739
6540
2498
4055
8892
7309
9054
4725
9228
6
7104
1536
328
2208
2471
671
370
5842
5699
3248
8224
5487
4636
9072
1475
1159
9058
7806
4694
565
4835
8031
6723
8161
4116
5470
6498
2939
7041
2299
8304
2695
5726
5892
6277
3456
842
7838
3467
8390
6825
7061
3483
3129
7336
1483
9887
337
7501
4523
6309
1826
1198
8101
800
1612
1374
9238
9085
2737
4665
3345
5420
4713
3711
7087
6859
1411
7523
9449
1609
5693
942
2585
9927
6617
4895
4191
3931
6169
6938
8321
4774
1926
7132
6584
7707
4378
7330
7267
2880
5666
766
2969
5251
6803
8152
3047
7022
2319
7282
7605
3373
7617
7411
7671
6624
1016
9104
2875
6234
1485
8014
2707
2354
8434
8511
8164
1152
8515
445
3759
2892
1420
5257
9389
3182
9216
3339
3200
9494
1534
34
2500
8009
7649
6095
7269
8382
7019
720
9123
1664
6494
5910
6639
9525
3341
3607
6865
8118
5072
94
4500
4349
9920
7694
8907
7094
6664
8202
7021
1542
7491
5278
6969
9202
9150
5754
9316
8524
1645
5697
4090
21
9025
2896
562
8007
9346
2559
1344
7626
1454
7945
9813
4536
3408
9295
3956
3839
1779
747
7360
5417
2336
5555
3916
2308
7176
275
7918
1157
9189
9314
4813
3581
8316
6415
2944
3693
5158
6652
5962
8208
1236
6023
3466
5840
9785
7171
354
5430
3659
669
7343
5264
7831
4938
9479
6171
4527
4856
250
1964
5772
1472
483
8133
4707
7599
2020
2347
204
5804
9425
6596
3733
5220
7276
1814
9743
3970
7585
6051
6805
273
3967
7783
4883
5516
1791
303
7433
7672
9578
4982
4328
6955
4566
7859
4017
7145
9046
9783
5982
6999
3305
5691
5025
1597
3825
7303
9106
8036
5880
9634
870
3593
5261
3958
5912
5458
9451
3151
4567
721
7369
7479
3417
7667
558
7470
3862
2012
115
5169
7444
4311
8555
4227
9966
8953
632
2893
3052
4951
6676
125
301
28
5123
8422
9414
8665
1112
548
851
3764
5811
7471
6778
3491
7015
727
3359
8967
3062
2077
7385
2674
1388
1707
3823
8541
4363
6940
2758
915
8989
9519
7684
8787
2549
1257
3547
8744
9720
3888
3977
5695
6263
1414
5366
7862
3793
865
5805
4615
8485
5571
8637
7059
8962
5869
9064
4037
6590
9435
4896
683
7724
8582
1080
347
8506
6691
1751
2518
7244
6029
1348
2546
5094
1105
8815
1674
1624
1312
4692
5751
9109
7486
2781
4836
3783
1445
9016
2401
1121
9977
3549
8113
3751
7268
9382
352
5854
3066
5023
7581
404
2464
7286
8668
2888
6313
7840
2562
5039
1628
3333
78
3870
900
1658
3175
3091
7536
7533
4331
7631
3540
4622
7786
1044
2159
8560
2038
9762
2669
5367
4150
1330
6268
8937
6279
4118
1337
1574
4208
8780
6258
2028
8797
4337
4841
2405
8002
853
4810
6907
5455
8194
1208
7855
2292
7978
1593
9797
1913
4803
4855
7878
7275
5279
763
8850
8068
5192
474
4884
7934
4962
488
331
3769
5050
9802
2204
1352
2538
4927
5214
4043
7513
79
9620
7150
5671
1224
8750
1688
3951
5819
3482
1299
7976
7815
1863
8341
7971
1765
2256
7689
8305
7741
7211
1820
1083
7383
9521
861
9272
3629
4345
8005
8994
3643
7950
1449
4389
73
2984
6306
3108
4372
8647
8249
4731
2013
9312
4796
2365
1234
4973
7425
991
3063
1780
283
7218
6058
6282
4999
5291
1548
8748
6074
6160
2998
7956
7652
6646
68
5369
4892
7035
2554
6539
726
6317
7863
4009
1976
1400
2804
6891
1396
5401
3903
1426
997
4234
5725
3532
3757
296
3189
7623
2850
6330
3197
7443
7043
231
3461
3624
7297
2211
4104
8597
1678
5532
8662
3613
3679
4304
2266
1178
6715
2305
101
6631
9703
3068
8594
3635
4005
1291
9837
9231
5457
1415
1746
2177
9694
4415
392
6563
540
8546
642
6078
4064
7156
7182
2174
6982
9053
4074
7215
2199
7263
7
4427
2035
7575
7761
5836
587
3451
5871
6647
6421
1998
9376
5000
8456
424
9286
8562
6975
5350
6406
2639
7509
2102
1383
2002
4990
4939
8306
3790
1491
6591
2734
2210
4312
604
3392
2673
1423
2474
9154
777
1970
1784
7837
6718
6658
7696
4705
7093
2640
8501
5794
8799
1692
9114
5164
4879
4067
4727
4112
933
8040
4679
2031
1886
8375
5959
279
2791
2625
918
4414
5299
6721
6789
5541
4244
2706
799
449
9470
9643
6593
6077
907
8060
2193
8169
237
8658
3148
9372
1575
9770
2545
4571
2859
7456
1827
7827
2444
585
6070
6105
5618
860
3344
739
7213
4026
1985
7548
1577
6883
1927
6849
24
2009
69
3531
6627
7635
7843
3212
9511
9732
8356
8388
3057
9469
4652
3884
1918
4894
8454
4499
5550
4967
6580
9653
5361
7825
8489
5773
7899
3978
9900
377
137
4593
1844
3571
1561
3544
4251
1708
6422
8902
2530
4018
4913
8966
7555
1693
2397
5503
1001
6856
3779
767
4610
8128
2700
2320
3883
8025
2618
3145
4033
150
5118
3853
7073
7562
5812
1245
1811
5014
2252
7430
7392
1958
8601
8154
5883
893
8729
7310
3289
4865
5631
820
2488
9554
2637
6224
2172
1140
1948
6559
591
2243
4929
8868
3095
5037
6315
8163
8462
7695
6714
9446
1997
4187
9936
5696
2079
3205
5657
2886
2664
1222
2366
1092
8406
3623
4181
7371
857
2601
7241
6741
9888
7118
8940
4012
2675
4847
1940
319
2876
233
8441
4159
86
1274
4221
3198
2852
7993
741
2235
7564
8636
1410
6209
8377
2976
46
4688
6145
9925
3598
4040
4944
228
4873
3905
8081
425
2062
1681
9463
5533
4877
3735
165
7582
6130
7466
3600
6754
4168
9517
6712
8290
1726
1727
8170
8573
7312
2072
1345
1010
9529
6707
8580
8093
5060
6946
5099
3801
6674
1724
4759
3642
8458
6655
3454
6574
2222
7116
1101
5289
3860
7125
170
18
9418
945
9806
9486
3106
6461
1704
3084
8922
725
2733
7716
1673
9289
9833
1458
4507
8540
2217
9645
4612
8717
2508
4498
1201
1471
6207
541
3525
7784
6419
5161
2962
9972
4624
3612
8698
1050
5437
3747
6388
5791
2388
3603
7525
4056
6278
5795
7686
4140
1061
8948
3
3902
5746
7728
9118
4246
522
246
8330
193
6354
5922
8342
1406
4134
4148
5620
5642
9537
5527
244
6700
2818
1662
5735
3591
8643
962
3632
2652
5296
5731
308
9682
6482
8141
509
8069
8913
9664
8244
2792
5547
641
7743
8556
3124
5167
2322
4215
8168
5879
3242
1429
6323
993
2759
5232
1069
2426
2340
9276
9353
6047
1020
6337
1117
3455
2821
9701
7347
5175
65
5344
2547
4592
5400
4861
6780
3510
2975
7643
9379
4096
7755
6347
9961
2303
2507
5556
4477
696
7970
4640
7839
3099
5499
9613
2940
7416
1661
260
4205
2380
2797
576
8812
8162
1567
6104
2837
5126
9605
1246
6517
4121
6769
9690
5873
192
4381
4325
7966
9308
1753
9452
9822
4677
9601
8822
3899
667
7446
2362
7232
9084
3415
5626
3386
4782
4805
659
4930
7266
4342
4280
2825
1134
3049
7256
8100
8798
7288
730
4976
4272
805
6649
2570
7778
5283
8649
1036
177
411
4135
9300
8819
733
8240
563
492
6319
7279
923
611
5915
4906
4809
3780
625
9318
7742
6248
3670
7177
1816
1346
1714
7549
7012
6734
7517
1068
4404
7546
6355
8233
5933
4274
3303
3579
461
4924
7134
9593
1154
7198
9866
7058
23
6873
2119
4125
7252
3013
1225
8826
889
1263
556
9264
1389
5745
4696
4421
4684
5410
5204
2912
4645
6811
1957
4686
7819
6519
1584
6761
9188
9928
11
8053
8677
6915
3514
5638
1382
5684
974
3697
4298
2762
3190
1104
5101
656
8459
6247
8589
8496
9035
9447
1186
8143
5595
3785
3867
152
5159
6176
1710
750
2918
9982
506
299
1205
8275
5011
3686
5808
4882
2923
8923
3026
3811
7762
9011
9514
7344
5949
8588
4552
7998
5824
5785
3150
812
142
3302
2296
2861
7658
8276
1204
9360
3206
772
5392
732
5082
4539
3135
5939
6168
579
2185
7511
1448
4708
9454
9257
6346
6365
8442
286
8847
7788
7318
6880
5046
6643
8348
7563
9176
9698
8700
6326
1192
9434
3885
9860
2685
3077
6497
2440
7032
6888
77
160
8347
782
6991
4344
6402
4576
3280
5056
35
2599
3947
1557
810
9597
4439
5360
5784
8142
8420
338
1481
1097
9967
5292
5928
1309
4333
9495
4030
9722
6457
7588
7908
676
9998
4406
4672
4287
2237
3114
4757
5207
8561
8737
2569
6732
9370
3942
950
3714
2338
3762
1632
3008
2632
9717
4602
9247
6129
9958
2042
4433
9325
131
6485
3002
1778
9969
922
8790
4629
6445
386
874
6109
9489
5266
6007
1213
3627
6536
7791
8373
1394
5012
8626
9160
1670
5834
1409
1091
839
2752
450
5706
7809
855
7393
1505
2934
869
9557
2294
679
1215
7615
4110
944
6881
5097
4556
7642
1884
3689
6253
8935
2768
3890
1353
8675
841
3495
5946
2622
9156
9319
760
9369
9457
9838
8165
9784
1146
9630
3842
1874
1290
6722
6637
7143
9655
9510
7601
5319
840
7637
3760
5548
3609
8872
1872
5651
502
8836
640
2709
5718
239
6414
7909
2949
1607
9018
2150
1022
836
3671
7693
1326
2086
3861
2906
3430
1717
9350
2103
7074
755
5328
1247
2902
4660
1941
1572
3075
7888
2660
9121
2820
3375
3012
5578
5607
3180
7090
8083
2473
1968
8761
2052
2509
5423
7570
4743
4902
8621
5374
4977
8299
3449
1867
2128
1977
6575
6491
7477
8862
7963
931
1576
5127
3234
8579
5769
7345
4339
7196
5483
7231
2728
7357
1892
9843
7715
109
5379
5281
6227
3257
7332
7447
9306
4651
5740
1283
8764
9305
3639
928
4518
9626
9475
8438
1037
3538
932
7775
4904
2753
4213
7278
3028
7201
7375
2053
1728
4972
7439
4254
3463
4418
4625
9563
5402
9157
4526
1172
6242
8413
3484
9648
9355
2644
9197
1009
537
7465
2979
147
9074
2573
6994
5557
9916
5311
6336
6529
2386
5432
5815
7243
1834
4943
1015
7847
282
8171
2016
6985
5782
4750
7591
9724
2552
8365
9384
4933
7896
6022
3596
4375
9624
978
3378
9861
9976
8877
9692
4351
7889
2628
208
9186
5132
983
4196
2334
9383
25
2553
9195
843
2833
6710
4955
3426
281
4013
9702
9786
9298
2239
5031
7875
8239
2287
5238
9076
1582
9263
6338
4482
8121
8707
4487
722
3994
207
3534
1925
2129
692
6111
5577
3796
936
5882
7299
8550
1543
594
9222
5744
1287
2285
8855
1120
7048
1379
3267
6436
2968
6259
2399
5334
757
4230
462
2828
199
5575
516
4797
2203
4397
6004
5589
4028
2794
2154
5914
355
4373
771
1123
7816
7952
2914
9333
4751
5948
3582
7927
8394
4744
4428
7848
258
1255
2899
8196
9947
5143
3874
6127
3285
1463
5984
75
557
9329
8663
4673
269
3290
924
366
4236
5063
517
1489
6671
7458
3414
7216
2039
6864
8670
2995
5827
8303
4278
9310
3648
5658
2919
5438
220
4052
9070
6500
7315
1455
7113
4989
9795
5243
9063
7128
1550
2240
9440
6228
3558
4611
4857
3982
9673
2636
4833
3165
7342
3380
2194
218
309
8608
5997
9908
6871
6177
6996
1281
3255
2120
6012
4712
5574
4898
5621
4746
315
446
4195
9830
118
4474
689
1875
745
2948
6470
3244
3070
2671
5497
4314
4371
972
1335
8785
1035
1507
5066
9964
4411
5921
138
6772
2602
3665
6632
5787
1888
5845
2160
4095
9635
8236
297
6573
4488
1873
2384
7382
5755
3574
5335
2269
578
3554
5378
5477
113
2124
3120
8823
4219
569
2623
9327
8322
6784
1889
9484
9730
5140
6566
1716
2591
4846
5870
9283
8843
8871
6585
9338
216
644
6189
2492
2819
9651
9285
8586
9456
1902
5564
765
4582
6768
5603
5345
7558
4562
5798
271
6340
4717
9979
5446
1655
6173
2046
2025
2943
3225
8592
7593
1700
2587
7894
9059
3976
7524
9934
6925
6869
272
8065
290
7348
9542
8987
6009
8354
8548
189
8096
6308
3602
7013
1742
6068
8716
7417
600
4794
6897
890
3092
3778
7760
1642
1639
4948
9794
8674
4599
5069
6912
1280
8108
5472
5256
5313
5224
9402
8324
4046
7800
6830
9639
2721
8215
2486
8481
7240
6083
5936
4843
7141
2793
2085
1508
5133
2069
9146
5509
3161
5768
8355
7811
9230
3363
4935
8095
834
8334
2966
6379
5154
6138
5081
4189
3228
7302
4958
9616
8905
3869
9388
9111
4106
4850
4496
325
9855
6075
4010
3660
7512
5996
5372
4657
8116
1372
737
7662
4473
1207
614
5903
6467
5413
5142
19
2242
9595
4137
3058
8223
2811
9411
223
4775
363
7361
8839
7468
6180
4778
5758
1833
9679
9566
5229
1419
3081
255
6739
6853
6961
9178
70
4678
132
4653
398
6044
5893
8947
8711
3695
5643
4239
8952
7747
9250
9248
7254
2441
274
7720
5473
555
5955
6276
1045
6962
4854
7057
1839
9092
1446
5537
2802
1328
6813
9973
4448
2080
2763
9237
2564
7441
3900
3999
6356
6523
8837
7697
3018
6140
6963
5681
9110
5242
7781
7774
5858
3218
2817
3105
8092
4456
3313
334
5404
9841
8466
5262
6959
7688
9842
2520
5381
9439
1795
8127
7180
4722
1793
8840
3387
6555
3709
8345
1341
2887
7767
4288
3515
1264
3618
3498
3376
3176
3445
4878
1737
7790
520
2805
1153
155
2686
5412
1620
5139
4270
2213
278
715
4080
2147
1836
8243
2924
8796
2057
1563
3879
2928
2014
3922
3518
6418
8067
2005
4984
8910
6442
8288
6777
7983
5898
9268
6020
7037
4479
5080
4786
5352
7051
9725
8072
2524
2462
7897
8258
2379
6108
6680
9398
6364
2184
2158
708
9309
4987
5091
5907
4425
6747
8284
9851
2575
7049
9005
1033
2854
1858
183
4964
114
8671
4858
4837
2897
267
5144
7675
4617
5234
6933
1144
2130
71
1397
7380
8204
5510
1565
8829
40
2841
9558
5331
2712
3924
6272
4517
8801
3015
5168
9757
2739
6782
9430
3315
1756
8646
6128
533
1847
9548
6532
6556
9462
1960
5980
103
5770
3675
6525
7882
7577
717
7964
9436
3771
8070
5240
3277
7749
9804
3975
8214
4821
9834
8282
9144
5441
9599
5479
2244
2262
4704
559
2335
8536
8786
9573
9800
5217
6947
6533
3381
5136
9003
8873
5495
3311
6011
7101
5649
6913
8075
5076
3072
4872
8876
4408
7959
3919
3230
7204
5807
5166
8943
2478
2784
6939
3321
6391
7803
8187
2829
373
6984
365
6604
628
7698
6918
2807
3485
5529
3424
8869
1558
6966
2853
7242
5652
665
9564
6929
901
709
5973
5821
8391
5484
1416
3755
7020
2745
6122
8283
8931
1329
6610
5339
3346
45
4465
5826
8919
2688
6218
5837
7754
1302
8497
8654
768
1629
2620
1434
6437
714
174
4732
2769
4630
8308
5273
82
8222
6092
2390
5920
3401
5935
6002
9483
3818
2392
6067
8024
6252
8073
8595
1066
612
5743
6826
7388
371
3831
4264
3035
6352
8372
2152
9278
402
633
8156
4956
1424
8886
5685
6970
12
3614
4639
3005
6804
98
5085
2415
2873
8830
5103
650
9945
6977
9033
6964
4228
6199
4565
6914
1782
4035
8896
4764
5106
349
5329
1493
9397
2522
4998
9204
9540
2697
9497
2544
2667
1296
1342
1585
5449
8961
4249
9960
5003
9755
5888
9482
4529
5707
4863
4988
6581
3987
7319
3036
2307
9875
2614
5149
7526
6588
1161
2662
8925
2483
5779
3984
9481
1987
8185
2359
5235
8722
1653
4584
5104
8033
8559
7958
7258
1638
8198
6976
1885
7943
6400
4469
6502
2008
4763
5368
8023
2782
8802
9949
914
3710
1492
8247
4214
8265
5501
7007
702
1522
9531
3530
994
8972
8151
5027
2548
4076
3502
5006
9899
318
3708
1663
5409
5122
200
2532
2333
9450
7071
682
2713
6971
3875
1871
7185
2611
6730
7521
6474
7939
9459
2830
4275
2512
6197
9042
9940
8428
5125
1683
1131
4971
6193
8890
835
1513
489
1634
6255
952
5609
8226
4277
9607
9234
9608
4656
4845
6212
7462
7170
2146
9198
9884
9909
2505
5908
8016
2869
4132
2917
7413
4874
4632
7203
3061
2286
6190
9147
1252
3637
4164
1936
1462
6657
3894
8451
5521
1669
7561
2061
8225
5540
2980
3923
2891
6683
969
5732
5989
1959
1934
5523
130
3859
441
8435
4039
1119
4143
3539
7307
852
2653
1877
6201
3041
5636
1832
4086
5219
6182
6836
291
8314
2878
7655
8687
3836
4966
7011
4122
7920
7121
7457
6469
2565
5951
4476
7250
5526
2110
8723
3100
6152
5342
4917
4212
6412
5680
9405
6771
822
9207
4580
1809
2977
6602
9600
4996
3864
970
5018
5803
3384
4423
1831
685
6614
6275
5518
5796
5566
1305
37
1588
6395
9686
7729
4174
8085
2391
7856
877
2457
1003
4006
2720
1199
1398
8177
4701
9258
4871
316
5271
6471
9356
6010
2555
7608
551
3419
3677
1842
1217
4827
6194
8259
9170
9296
527
9038
8206
5194
5853
8049
7553
6998
8487
8398
1528
1943
2785
9431
5320
7142
7711
9200
3358
8371
905
6143
818
3006
617
4506
7947
3997
2010
5284
2467
4154
1845
5515
416
8593
8495
1029
1350
6325
3003
630
6292
7595
270
1687
817
3829
3792
5348
9528
7212
3086
6899
4318
1698
7202
4157
4911
1295
4004
8697
6506
2003
5896
2475
2214
1369
4697
948
9768
5660
4139
5616
3576
3314
2162
6362
2344
2996
5918
3841
2937
8469
8180
3356
2310
8858
7419
9552
6342
6515
8924
4945
6153
6847
4687
8006
358
3669
5180
9442
9689
8630
2241
3797
2378
6698
3744
2613
3439
3555
4300
2788
2855
7354
5317
4769
5672
1437
7717
979
8841
5591
7699
2495
7773
8166
8756
5200
4379
7719
8106
6893
6807
4538
4475
5077
1381
8701
4621
4130
7496
1691
6084
8423
1209
648
602
9831
6035
153
5561
4368
5581
196
4831
8827
711
5476
5263
956
3529
1313
4986
2393
9
5546
6751
4149
497
8488
5205
3428
417
3955
7004
2360
5971
8998
4866
4078
6316
9819
7977
9236
1555
856
2248
5453
7596
4693
4422
8248
3010
4667
3217
9311
9556
5987
1835
5820
7394
9706
2437
2411
3636
3441
5375
8352
1783
3998
6709
5881
4784
6117
2034
9395
5851
7560
2936
7027
8217
4773
6702
8446
5478
690
7323
5138
4828
1047
3044
3209
5492
9339
7639
8273
4162
5260
3437
8179
1745
6155
5474
668
4204
1093
7356
3979
2246
5953
4734
9553
5024
4501
2711
2989
9518
8770
1706
6889
7739
693
4709
2265
7166
9712
1055
6527
9420
6787
2504
9209
9381
8522
9889
6243
1965
677
7154
9019
2941
574
8640
5905
6167
2955
3610
6112
2715
7008
9396
9886
8825
5148
2932
6331
2050
6577
9141
4226
989
984
4606
8109
1792
3331
1196
3590
4862
9009
6409
9148
866
8606
4075
6417
4635
33
4461
7872
2048
7489
9108
2617
7751
390
687
1880
8544
1510
2270
4042
9403
6451
3126
4377
7096
6265
4706
9756
6509
4088
4216
7604
8639
8210
8645
2233
7322
6900
6545
7188
2463
4436
1297
998
1306
9050
2484
5831
6294
2165
4059
6839
6558
1995
2812
4980
5053
480
6990
6538
8542
3914
5629
9810
8480
1311
9879
8312
1973
5572
5199
9604
8623
3965
3133
6053
3132
6245
2655
7753
6464
3724
7119
5007
2895
3111
1275
2141
3286
3662
106
3039
3893
8720
3241
2259
7237
8591
6057
7200
8699
6374
8745
3505
832
8547
2839
1611
4303
7556
6943
9914
5048
8583
2990
4489
3260
6840
3017
4818
3787
312
8301
8325
3496
9512
1633
4340
9455
4348
5586
3104
2332
9324
742
2367
227
9771
6620
164
3083
412
6640
9759
7634
2705
1917
7598
3292
2127
1682
6619
4361
4903
2315
788
405
6650
66
51
3021
7222
8119
4981
2428
770
8242
5250
1956
599
4546
8568
8769
8903
293
4646
6903
1395
3569
9738
2164
1031
8320
3350
7484
409
7206
7721
7907
847
1583
8572
7821
7929
5675
4127
4573
3588
2750
2095
4780
9962
716
5760
1665
9956
4276
3224
3803
5514
2942
4398
7614
2276
7938
5198
5459
4747
1404
2503
6986
7066
7055
8518
885
7544
6382
9301
1766
6597
7284
3239
544
8389
8401
8234
8199
261
1488
5230
7205
833
7895
139
2810
7961
4952
904
1065
2417
7210
6119
4258
7802
1855
1378
9275
9777
378
7660
9662
4171
9787
3548
7490
2884
2609
8970
7050
6795
8885
4974
4114
15
2060
6430
7327
166
9171
1433
7580
8510
8946
4485
9526
2191
5701
2452
7794
4045
5560
3789
7088
4123
724
3526
2215
8409
5553
5757
995
6626
4840
5244
2180
886
7274
6322
9288
858
5641
7257
5909
4058
615
8641
2693
2970
6142
6623
8656
3640
8268
3357
6866
2525
1338
394
7287
7640
60
7547
2842
84
5838
7165
9105
6238
4203
4151
1286
7590
7765
6948
7039
9027
6244
5114
1362
723
1807
9386
2108
3166
3748
7127
364
3418
9032
5297
3678
3252
7500
5968
8951
10
8437
8253
6416
5970
8733
9640
789
5610
2364
9028
463
8395
7710
6055
8245
3646
1566
6618
2883
6824
8193
651
8030
5542
4569
8657
6005
5975
2477
6561
4978
9775
6134
4676
6256
7849
6663
3981
6850
7619
5034
3411
203
5876
2666
9444
345
2965
2313
986
1011
5403
691
6705
9183
5067
8115
9254
1269
8125
4355
158
4424
2036
4554
2408
2068
9496
5267
9119
538
8686
9731
3972
4273
6475
3493
9790
2604
2271
6392
917
9707
6800
4493
1377
3488
202
4575
5539
8779
9981
3715
9509
1587
9485
4170
7510
3584
8051
6444
8959
4941
2396
9543
2186
8921
7752
6150
3794
5714
8089
5705
9208
8287
1343
7374
7261
6120
8808
5227
9612
7034
4481
7396
7259
1317
9488
6447
3338
897
1541
5380
5602
3688
3567
9107
3509
1732
9103
6737
8183
5447
531
2757
7298
9584
5078
414
7880
7228
7877
7234
4305
9716
9015
3497
1064
7681
2420
1265
5193
8296
3060
9606
4771
1719
3283
627
3046
9467
1115
6210
4354
1515
1890
7114
3856
195
6420
9093
7865
2824
7936
7265
807
6348
7355
410
3838
1254
9798
9780
5721
7906
6154
429
7520
9840
953
7106
2872
8804
9867
2858
5648
4889
3655
695
359
8973
2125
8396
4262
3626
4548
8064
3360
5739
8899
9471
1005
921
3293
9438
8191
9056
2960
1861
1086
7390
1442
7995
2866
9570
8140
4893
3368
2273
4100
8775
5415
2168
2227
6870
4016
1128
6250
3204
5901
9571
1129
4760
5394
5543
8017
2856
7638
1883
3102
3116
1734
5793
1019
4832
5222
8470
3452
8369
8012
5383
5001
7625
735
4322
7530
8978
9788
3125
9994
13
3599
495
5890
3249
3103
4674
5421
2151
2736
2649
1182
4524
5872
5450
1860
122
5068
5894
4463
7149
7826
4628
27
2349
584
1240
4534
8758
5382
8618
4172
8479
6361
6483
4163
4839
5558
2845
9560
9302
5594
300
6113
7972
589
1347
3921
8734
2699
5749
9541
9754
1260
982
3876
6472
8492
3093
9031
2089
4235
1212
159
2293
9952
2272
3684
6132
1502
2134
8713
7962
8928
5545
9211
6516
1754
9030
3964
719
367
6307
1113
8360
413
3273
9963
8004
6164
9721
2104
4050
9149
2704
4291
5582
6024
4528
4663
6290
1675
2556
6296
3031
2301
864
9809
6086
7933
3729
9094
1999
8001
9215
2531
910
1818
3560
3220
3167
6281
3243
1644
1757
9227
1206
7566
1018
6097
981
4197
4484
8578
102
3024
9358
3191
4613
6546
4165
8293
4173
8367
9128
4637
9859
8861
2065
8834
9326
1479
5019
4044
7543
2112
3807
3262
8407
8220
3385
1994
1914
8614
9538
7789
6765
2291
7937
6137
381
5467
9873
4822
201
7740
3767
7942
3342
148
5981
5486
4991
2201
3936
2373
6088
9957
2815
95
5322
3115
4741
7854
3284
6878
8803
2382
1760
181
5531
7017
4749
8474
2972
5290
9674
8565
5318
7714
8838
7579
7951
4604
3158
9621
5868
8212
7152
6433
6499
3281
1911
5259
8444
1974
2282
7551
2650
5095
9656
1762
5833
4393
5650
3713
4647
5865
7851
5958
176
5878
7928
6607
8508
2264
5009
3436
5593
781
6953
6815
2453
5183
423
5195
1666
3930
2506
1947
6156
2862
1118
8781
7622
7818
7010
4126
9345
697
6081
1174
9330
6654
2584
120
8596
3597
343
2961
8145
6288
5954
2375
8483
20
6069
3235
8270
4658
7003
6174
2403
8509
7910
5465
3173
6833
6673
6125
2438
4413
3929
6204
797
6983
1621
8575
7948
6403
2470
8678
346
6359
6332
3873
6429
1907
8362
1039
6496
7098
5942
2985
3266
7097
3770
673
990
7594
2521
7067
8203
336
5406
2212
6071
3226
2422
436
1470
1546
5211
6954
7628
396
3631
1786
493
5862
485
6653
2588
453
6972
6758
655
8900
2497
3658
8123
3536
8504
7403
3130
2572
796
351
7860
8111
9719
1380
8132
7718
5171
5990
5248
1966
5985
4899
1325
3232
5353
9723
1187
1650
7567
5508
6368
4092
2083
2298
3625
7423
2879
2044
5137
2398
3585
4897
3354
1846
3681
322
7557
7576
5717
705
7708
4271
6082
7657
5524
5388
2534
7902
2777
6750
3638
9905
7994
1937
1028
6158
547
4310
238
1750
7187
7832
2790
7137
2
8468
8844
4867
1853
9297
6788
5940
2385
2094
5938
6254
862
4107
5850
2280
4464
6008
8499
4779
9904
5663
2206
3245
7324
9576
8411
3728
9532
7665
1723
8327
7850
664
6066
2337
6427
7449
1866
5656
5119
2754
3651
87
5226
4237
6557
6659
3572
2167
2991
6598
9184
5720
6921
2724
9863
5052
2260
9023
1460
6757
3361
2907
1702
7892
1405
3050
9938
6842
3045
9897
8344
2776
1223
996
8032
1984
9217
9644
6495
9582
9930
3577
7702
1533
4957
1496
4825
4412
734
8295
134
5302
2799
7571
3840
3535
9002
8379
9769
2851
3727
7009
1277
629
2037
6667
5288
7673
8351
3122
7334
1988
4766
4864
4963
6183
5395
3837
1155
2741
4641
9363
3307
3551
3201
6045
9172
965
5399
4551
8950
3096
3317
8139
6001
29
4097
5931
8955
2323
3294
7174
616
4176
1147
6520
507
2626
3960
1071
1901
8232
9892
5520
6958
4201
8424
6350
7769
5108
9461
1293
7550
6846
1365
9596
4961
4347
2371
4048
9223
5917
911
8383
7810
1030
9073
6378
2400
4600
2771
3846
9416
2624
8467
4359
3405
3143
7429
9589
8380
9774
4868
9684
1605
379
582
6146
2063
2580
6124
6695
249
2018
9158
4395
433
8821
3700
4533
4185
9281
6879
4954
2868
6609
8453
2490
8086
7735
2871
2485
460
2560
112
2945
323
5753
6592
8791
1356
5806
5956
7381
7705
7044
48
9882
162
2267
4620
9024
8909
2439
2645
8029
8136
3412
1451
9617
2542
2074
8939
1798
8755
3487
9179
1647
2436
2424
198
8569
5197
4083
5690
1552
7277
6791
4063
9704
1482
2954
8343
357
528
3229
6927
598
7723
5747
3219
8482
4182
1773
2358
4169
1755
896
9688
2224
512
3324
3085
7618
8833
2341
1825
5715
4559
481
2182
9663
6648
2363
793
1081
4800
7776
9021
3088
8094
6762
3019
4702
6905
883
1631
7362
2586
3184
1200
6257
6028
8766
6505
8346
4776
2738
4553
7337
3913
9619
8431
2913
9534
9366
4323
8297
9814
9083
5687
3619
1699
2877
9199
3595
6572
3781
3682
7144
6446
9868
9274
1939
2123
2827
3355
3004
7459
2517
9575
7455
1938
6344
2297
5504
5756
212
4815
3040
784
7384
5771
2843
6303
2329
1906
5061
1990
6786
7136
2543
2658
3969
2389
4691
298
151
5528
8842
2786
225
2692
3788
7999
5902
9829
5761
8126
3986
2779
2113
1231
9385
8997
7409
2581
2097
1232
5187
1623
5176
6896
906
4260
26
2179
5790
1435
5709
7881
8337
9473
543
9373
7973
2764
465
3674
786
8427
5841
8760
6037
2051
3160
3264
4888
8800
2668
4105
3211
6567
1183
4410
4634
3911
8404
1769
1601
8178
6039
2306
8552
1659
5994
4880
1194
2418
2973
5924
7651
2594
7771
9611
5923
3850
4695
2595
5864
2327
7578
9143
7442
8238
478
3821
8979
9244
9789
8738
571
9735
2574
5569
3362
9017
7602
22
3490
5823
2732
7472
5424
688
6930
6799
3113
9746
7968
7122
1581
2865
9458
6049
5759
6343
8285
2351
3948
9726
6085
7221
9999
9344
8765
3736
8493
5494
2176
2988
8445
5950
1649
7331
1203
3652
9265
3533
4900
6383
7633
9734
831
2188
5766
1084
2348
9194
3604
9022
6729
2577
3971
8982
6713
9535
4666
7161
1443
6175
4101
7844
7189
2597
8533
7944
1696
1594
744
3993
8315
2312
4598
7047
9437
6114
8090
403
8612
8660
3578
3370
3087
3269
4715
4664
2144
8415
8447
9066
8339
4680
9047
678
5074
140
8914
6463
2109
4509
1953
2496
1088
7974
2255
5517
6205
804
4504
8190
8574
7504
6027
8159
3400
5452
3512
6187
5249
5728
5340
5270
2863
1469
2774
438
3246
9127
5065
8008
4801
8050
8926
6564
5762
4908
7208
6816
8117
5797
415
657
8957
1823
3863
3541
6901
4671
8319
9793
9378
7955
205
4194
4887
8528
6302
9408
5045
1070
121
8521
4022
7080
6935
6235
8148
1000
7903
6380
1162
3740
1327
1363
2163
4302
454
2523
3583
6635
9357
6026
9256
4306
5057
2714
5156
3291
8891
9474
5692
7370
6682
5552
8852
8895
2115
447
4540
5439
1523
1627
5093
3240
7338
9392
3188
8600
4690
1014
3141
8551
8688
2082
3730
2289
5832
6453
6139
2030
5711
9252
2195
7410
5952
5022
4804
7365
7450
9691
8771
8292
5223
5778
2571
2920
6808
959
7841
8945
596
206
8681
6407
1549
6216
8983
1373
8477
7155
457
3457
348
263
6473
475
8672
1630
4166
4735
2489
3973
8114
9844
58
5162
6226
4525
8635
6534
2743
7353
4789
5280
7264
5712
8298
9705
9985
42
8102
4131
6000
3553
3078
4563
1617
5124
8628
251
9115
8213
5113
5364
5600
89
5435
55
9262
6827
3367
9501
4738
1202
2619
6061
5809
9270
9997
2238
4065
775
2007
521
4859
7340
9650
7006
5700
2406
7349
5225
1829
6687
976
167
2994
4720
2218
9409
4819
5601
1651
5559
1478
6089
8246
4449
8996
6884
3772
3274
6107
7690
5110
902
1177
1616
2749
3895
4753
6213
8107
5324
9881
5107
4514
477
9817
7326
3473
6208
9586
7082
3162
7668
8048
4549
2198
439
1219
1390
5945
1986
5373
4155
4577
1096
3943
6339
7474
6188
2092
3928
8706
7436
5084
9955
4297
7333
2081
8901
1444
1169
6450
1279
3989
6934
2284
8894
5427
649
8387
5689
8728
5062
5475
6837
1282
3961
1578
9221
2049
7807
3721
91
3703
8703
9249
9340
5783
3620
4285
6531
961
7573
8743
2659
1262
4286
342
3396
748
8484
289
8965
9371
8507
5463
4758
8679
9939
8566
57
2328
8549
821
3773
6413
7654
964
706
6844
1864
3737
5655
8539
3683
4128
6524
5346
240
6661
7725
9320
8851
3707
4914
5029
643
8464
514
9413
3722
801
1804
6198
9239
3786
2090
908
3433
4594
4153
2687
5202
3768
8752
2381
1110
1551
3851
5480
4002
6872
393
597
2677
7488
1768
882
7941
1900
3765
7147
3054
5323
7868
1151
3410
7230
3223
8927
3438
7376
2634
1241
8709
3524
6704
2245
4761
4180
5047
573
2156
2631
1432
5414
3067
4844
539
8736
2377
9993
3858
3701
6957
6314
7460
8278
8519
2748
7065
2578
2155
9782
2410
762
1307
1164
9946
6608
704
1815
1922
3915
3944
3119
90
7935
3254
4703
5128
9464
3941
3980
1592
2908
2502
484
5633
4765
3506
6692
6041
9824
9498
8530
652
3810
1729
7033
6684
5665
6731
5174
4261
2719
5536
2277
3634
6931
6570
1368
3231
8058
7733
3852
7002
6013
2468
1221
5075
6093
8514
7682
5201
6384
5129
8870
213
5272
2725
5071
85
3814
6371
9989
5551
4023
2205
9155
6489
422
2318
5583
8192
8478
2445
9422
8893
4317
6744
9937
2461
8659
5614
5294
4508
4460
4186
6738
4457
4870
9791
879
3138
280
4542
8577
8195
1695
7214
8696
7621
2370
4282
5934
6273
7363
2967
3413
3749
5913
4224
6511
2427
1253
6052
4315
5303
236
6219
1298
5418
1912
8055
2448
9205
356
4455
1801
5343
4386
769
7785
4993
9477
3927
9752
1545
6746
111
3499
4925
1562
8513
9625
4728
6043
4263
1244
2268
4447
96
9137
511
5748
5995
4627
8794
7300
3404
4619
9539
9667
3725
4595
2402
8956
4816
3507
8759
6868
2413
9565
7541
5206
2466
7186
2836
7683
8933
8120
5482
9173
8323
6512
828
4834
4748
1887
7664
9627
8985
6184
2004
1142
9772
1637
5120
6439
1042
8028
4259
4581
4558
3427
4578
4838
5026
3754
9781
8545
8912
6937
4928
5844
2930
4626
7861
7758
7914
2064
7086
4409
7026
6462
3069
341
4772
7606
7239
9010
9661
7428
1143
6670
4062
3409
1596
1920
5338
7247
468
2616
1002
773
7494
169
5669
888
635
7869
180
8831
3680
4084
5639
4919
3322
4470
6766
6133
9044
8537
2055
1537
2407
1556
123
5490
5436
9567
6582
407
5654
8035
8747
8615
3394
3470
17
3382
157
6819
802
4557
2838
234
3854
4923
1364
8576
5943
7229
2140
3633
871
7659
5904
7969
6809
3383
844
9871
2011
194
7528
3990
5967
653
1427
8617
3489
3347
4057
1933
3657
5275
8777
9466
1498
1237
4795
5178
5579
3187
753
49
8726
1850
6685
9323
7704
5327
9273
5847
1859
2832
487
9869
7427
776
5293
8281
3817
3847
6225
849
1401
8418
9742
5969
6098
76
1905
3844
1962
5032
8859
8739
4491
2533
1476
1148
4093
523
1303
5767
3030
3327
8490
4802
1323
1040
2683
7437
428
9805
369
6163
8960
4011
311
8044
4953
7793
9894
6351
3147
6748
2459
292
4029
9733
3146
4369
7085
3207
2033
3494
9490
3500
1484
1211
9322
1270
9792
9041
2423
8767
5044
8881
6736
5038
5911
5102
6600
792
1054
3834
8897
2740
525
3719
3377
7867
1098
6699
253
5930
8061
9675
7759
3880
3174
1354
50
8880
8417
5664
5925
3926
4014
2236
5630
5429
3939
4365
464
8361
2654
2431
4799
3543
3142
5875
8155
6123
1580
9279
1761
7492
6916
1520
8104
4077
5191
4560
2916
2911
361
9387
5218
7965
8774
3828
7870
1210
7454
3304
9760
2324
9898
9932
2131
6686
8705
3009
758
3157
4946
9060
2789
7858
6490
1393
3156
8057
9669
3835
8944
3393
6855
9174
636
6690
3761
6270
3110
8038
2950
6059
6514
9523
6285
9942
5135
532
1849
8385
9924
1056
2952
2703
661
2425
2465
4737
3904
8475
3887
4003
2254
3395
1991
8260
5362
490
1248
499
9922
5371
9126
7565
2999
1684
8995
8991
3476
837
6854
1046
5210
8757
7190
4522
5489
6832
6291
1544
5986
9970
9845
8811
6867
9883
3029
764
6793
5013
7726
1979
3954
6200
6679
6605
9043
1763
698
9812
4293
5628
9854
4516
957
8772
8609
4807
8865
3250
4853
7245
5105
8520
5563
3932
9965
6222
3153
7539
8629
8279
9088
3422
5764
494
5245
2787
3809
3037
5216
4817
6924
3527
2251
9427
63
2510
7757
9315
7603
2209
6936
586
7420
6743
9896
6014
3208
545
2491
4798
2701
3025
8789
9277
8366
1504
1100
2612
1709
7613
3492
5376
8805
954
7926
5008
875
8689
7123
988
5309
7798
7505
3137
2780
1218
1315
4
5983
5565
9609
3504
3758
5863
4279
3959
3726
326
9225
6507
4586
4609
7406
4217
5151
6025
2454
4269
3179
7192
8332
3717
9615
7463
7108
4060
222
313
3699
8122
2221
8426
1963
1359
7029
9210
5274
2540
247
116
1525
863
4994
7519
5155
8088
8405
8828
754
3048
4238
1803
2567
5814
2563
9153
4721
3251
1896
3323
4698
2938
618
8680
5228
7023
5719
4886
4082
1568
257
5659
1711
6452
7632
408
6522
1731
3575
7281
6468
1931
6703
1600
791
2202
4654
4350
6902
2157
7014
3542
6298
3706
6477
8235
3420
1441
368
1004
5282
1440
6046
8256
1371
530
5999
9219
1517
3431
8604
3753
9918
1521
6287
620
3848
4515
6353
1103
6508
3692
7168
7001
1267
3055
3023
9354
3935
9637
2161
899
7737
9129
3000
5511
6689
9870
7503
935
6606
6385
5585
4124
3564
1868
5866
639
6806
5522
7515
1229
5929
80
1511
7469
1679
7076
6898
8138
1057
4387
9404
3118
6862
3962
6521
2138
9142
7271
3265
9169
1805
3734
9048
5988
8676
3329
7224
430
8433
7167
1767
3649
9380
7140
4521
6852
8695
1141
1954
2857
2000
2592
1166
8976
7072
4830
7368
8280
2535
8571
5310
8860
8814
1924
8558
2760
9292
7627
5033
8331
6843
7084
2501
6101
1828
2017
830
7516
4814
5670
1764
2831
9715
8450
8782
3756
5321
4266
6767
6678
3889
3615
320
5237
4881
6945
5440
7352
1043
6466
4568
1705
3199
3185
4242
9165
6745
9649
4335
929
5608
6848
7308
4513
486
7295
1856
4969
2696
8486
2469
2225
1387
8607
210
9671
491
550
3605
4891
916
8714
5160
7069
256
5704
387
2346
2056
5416
9524
482
3775
8015
259
9825
5635
5899
5800
1026
1170
7445
7782
8147
3301
4183
7103
4294
1501
7645
943
7129
2261
1074
7653
7630
6551
7078
3170
4768
1538
1942
6773
4253
6513
4407
854
3909
6232
2228
6157
2561
9803
9848
3843
7227
7508
7584
6681
9233
7879
5330
2234
6387
276
5708
54
2867
4682
1165
4934
3983
8564
7661
1676
7610
5150
7770
1452
756
7957
2290
1625
2219
7285
2078
4000
1547
955
8611
7045
4730
5295
3782
8042
6568
8846
749
7529
7400
1516
7587
4596
5598
2680
9175
1944
9959
3868
4890
5613
5017
9913
6297
2627
3195
7426
3233
6021
6814
5131
7099
5357
5469
5020
6920
5315
1059
524
8399
6892
7397
4441
7092
2145
3459
5096
9097
119
5829
4960
8091
3827
1292
1840
8227
9974
2770
1603
7568
8666
6141
8963
7534
5088
2835
5347
5947
1189
7891
8271
8340
3444
1668
4745
437
8883
8176
307
9261
3468
1487
7616
5653
8200
375
4970
3171
3812
5828
4812
7313
2717
7537
6543
7100
350
6410
4718
4087
6320
47
5822
3299
1138
6372
9835
7183
1930
3720
5307
7629
1540
6408
1319
6449
1351
4160
3691
8402
2900
8307
8685
9816
1648
5157
2566
6874
8144
9075
3423
8309
9224
2981
4334
3816
2630
1025
6764
3872
1685
4531
4445
1503
6030
5451
7207
9660
6987
1228
3907
3950
4454
8531
8041
2539
829
1950
2493
7750
1869
1983
2070
248
30
686
9766
5208
9291
5411
8613
8218
2551
2021
5861
1160
4719
3784
7795
7107
9266
9100
9499
1049
8980
2629
827
9361
593
1978
2087
8762
7130
3227
5625
9159
2643
2178
7046
1996
7209
6672
3020
376
7823
2190
7148
4321
3448
5549
2963
9550
221
6973
1618
1012
2356
9549
1109
5736
4922
8904
1697
6851
5337
9091
4777
3723
8277
8272
1127
2557
5623
9352
241
2330
601
5513
647
8294
2959
1862
5512
975
5035
4541
7666
6211
1788
6560
6863
9163
5741
6003
4248
1898
9321
7172
7438
1149
3193
2207
5781
8353
2925
230
4146
7780
1857
9077
1824
9364
496
3196
4198
7350
9331
2220
4366
8741
4631
8018
5617
7734
3912
2890
6968
5611
3203
5835
8472
621
4497
9971
7830
1952
4940
9029
1774
8047
3881
9259
6875
6988
4918
3830
7314
3460
3237
2071
4588
1604
6115
2915
6271
2593
1453
8311
6050
8984
4307
9140
4346
9080
5189
5397
6992
6073
3300
5277
1139
154
2361
8037
6386
4907
7320
7924
3743
3222
6299
9131
1899
7028
4362
7386
6300
8563
9287
4152
9177
1408
2304
5241
3766
3606
7317
9251
2590
824
7000
397
8664
9877
880
8878
6367
3656
5813
264
9594
5647
5112
5534
6311
5239
5196
5246
1615
2661
4024
8817
2958
7801
9677
4232
6576
6036
4385
9878
1652
6033
3258
4109
5363
8300
1800
8735
2189
736
8046
1895
3101
9709
7219
5004
4007
2395
9551
2834
1316
8491
795
1579
6492
2978
16
9561
6518
2600
6504
7980
7772
6094
1168
9536
3435
5624
7766
5134
2846
9151
740
3580
2894
7197
6997
920
4788
5405
1431
1908
5646
6118
7053
6594
6486
3562
9828
1879
7756
2909
8269
4218
3511
448
2432
4019
2487
9890
2192
4670
8003
1852
6318
8884
7991
64
2931
7280
4405
7900
1324
583
6148
8557
6006
2515
1259
3407
383
6770
1073
4284
4402
7493
5683
4724
1821
7321
4374
7799
5723
798
5041
1180
4462
2550
7946
504
5974
5777
7373
2541
6110
6949
9212
3925
2826
4597
9122
3326
3080
4614
4512
8209
3443
4240
9193
3263
5010
8929
8732
6260
8439
684
7620
14
2647
5916
5562
785
6435
937
39
5979
4225
7233
5612
9229
8974
9926
638
2772
2922
1027
3934
4290
8188
62
4089
6752
7709
5729
9235
8449
8554
8740
8432
4292
5002
1266
211
8110
5897
8363
3568
3517
7164
1136
9255
161
4071
391
6185
9668
1928
4519
3501
9758
10000
1736
5051
4206
752
3698
4147
4450
7401
6877
5941
6885
2901
7063
8289
5634
3297
3270
6357
9039
4756
4443
7744
6423
6126
3573
2321
5434
5677
3795
4202
4015
1569
1654
6481
9055
949
9562
2756
3676
2796
7283
4842
7424
5269
4767
5776
1921
5730
1744
5686
9603
7146
999
8934
1333
9253
3503
8082
498
7834
1748
8751
285
9583
743
9941
2746
9347
3820
8419
7038
7335
566
2803
7476
5606
2325
6203
7912
7260
61
9876
6904
1464
7845
4034
4316
420
8062
3325
2148
3799
7075
1961
7387
9547
1486
3453
6941
5944
7680
1024
129
1602
4336
1560
1320
8651
388
3486
2676
2342
8653
7797
5213
9610
9133
8835
622
8403
7070
6334
2232
3458
2716
4851
9533
1135
751
2223
9476
8832
