8918
5320
2600
5224
8019
4228
3104
1848
6164
6300
8260
4912
9518
6146
9484
502
6812
7699
3596
9220
159
254
9940
4795
200
4614
7490
8978
3799
1856
5407
1562
1181
5017
1831
3438
7814
5179
1748
5111
9771
671
5760
9475
3513
1605
3557
9212
5117
9866
4522
3517
1458
6123
8056
3971
6560
8084
2935
1725
8237
3038
9148
5227
9180
9135
9169
6185
9846
2265
4360
4123
6313
300
6108
560
6205
2634
4164
1369
4433
5135
3139
3267
2513
2786
1602
3318
7149
2889
6327
2297
5832
7925
6633
8681
5248
9698
4483
8329
2272
2449
3153
2497
5811
1232
1431
8039
3909
884
9786
1279
863
5245
5292
6882
2374
6341
5918
5936
3391
6746
3878
3524
1710
9937
9664
5912
4084
6992
9924
8819
9548
7665
1522
2566
9043
688
2894
7263
2964
2496
9789
659
9021
9367
3848
4824
3942
8025
5573
7198
4300
3237
5178
4412
3609
4377
5963
3186
3893
2187
8573
997
4746
1271
6360
3323
5416
4592
1963
1678
6574
9404
141
5662
5201
3733
3460
8835
2882
6634
9851
2117
920
8972
3400
3480
1907
4633
4071
9483
6182
5608
6563
2298
9268
7707
9570
5542
5650
7169
7813
6137
4739
5156
1624
7248
1799
7128
3935
4134
5421
2842
1615
9225
801
9909
5738
6261
5462
5309
9843
8427
6539
5097
8090
4683
6915
8
6466
4262
7655
5426
4503
4386
5388
6801
1531
5723
5262
5395
4514
3995
1655
1378
5086
7378
3394
1381
9642
5752
6628
1152
7709
3694
6044
1248
7100
5747
129
7535
8228
809
601
2879
5236
4487
3315
8140
8548
2488
9278
424
5074
5876
4493
9191
3355
4158
5004
2790
1175
5770
3307
9456
2826
1424
6923
6861
8934
5168
2684
7203
8628
107
520
6086
80
3134
3448
9690
9684
1696
5503
3062
9332
4296
9883
7687
2788
9742
1617
4994
2398
3829
7478
9963
741
5359
1854
9958
2725
4000
7745
472
6614
8851
8154
6126
4893
1658
3143
9553
6569
6836
5557
6679
8248
8823
2328
492
1570
272
5661
3816
5250
8390
6985
9670
6241
1003
2038
3330
6513
3692
5856
5025
3175
4168
4186
1894
3616
1374
678
8759
8379
2801
3065
8753
1314
3546
3242
1237
3079
2254
1762
7
6322
2221
6117
5322
6104
3320
4534
5500
2323
4658
4771
6904
4031
3057
9830
4340
9053
8560
6952
326
9709
5040
7107
5355
247
2996
8708
8250
4414
1834
5115
9446
2465
1673
3919
4369
4985
8526
4630
5795
250
5243
901
1884
1598
5950
4996
648
4817
2193
9808
3512
1913
3505
5225
4902
3741
99
1233
7794
3511
4339
5424
4231
378
4151
489
9251
663
2583
6255
1939
9529
6849
6535
2299
7284
2405
6406
8031
9057
4786
2620
832
4693
4520
9605
8384
2179
9370
8689
1786
5629
8891
5673
1997
3931
8267
9950
3787
7477
4918
9790
8264
4352
5984
3036
3637
4395
7317
6762
6382
1366
5612
2096
7973
4045
8373
4595
9174
3379
5579
2264
3976
6262
4099
9403
6458
8484
7684
4644
9977
9829
4052
645
5283
9396
1240
3449
6733
3045
3949
7080
737
4815
5568
5101
4725
6272
24
6304
2856
2808
6600
2835
3106
3275
1385
2168
1914
3308
2387
8122
470
8738
238
2476
3295
8070
9513
6273
3823
9497
583
2427
9083
1549
6336
7792
6453
5182
2704
2998
3359
6705
6565
6929
9076
3916
8558
8035
7688
7018
4196
3488
5766
9144
3506
3452
2481
6195
7146
8325
9818
6698
2904
522
9508
1737
8682
6720
2824
1025
3248
5521
8363
8848
9028
2336
4093
3093
6683
70
1056
5868
2511
7580
5601
8067
3491
3192
1994
194
4184
2507
1766
6417
3405
7732
4364
5018
4407
7374
5541
5362
75
4013
8631
9981
2434
3161
7353
5753
7420
354
3764
2263
9943
5630
8401
998
4876
95
1496
3225
2892
1204
5022
770
6233
686
8213
3884
4287
7852
8826
3136
4708
7463
4305
1129
8249
16
9643
6135
9422
9747
858
5389
2870
3364
2560
5903
4072
7564
6047
7183
2542
9973
2858
4965
733
728
9494
1202
5734
8377
8517
1026
8630
6297
620
8617
8791
6441
3545
3561
835
6485
658
5207
3536
3516
3447
6872
2877
6677
7341
2095
2235
6139
1891
3705
4715
5715
9920
865
4722
7496
2227
7912
1371
6367
2155
5543
7946
189
4998
7968
2934
7291
8914
7529
2386
9066
100
1735
9235
7272
5938
2078
6038
7930
4372
4271
211
942
9064
1811
5450
3928
3131
85
215
3149
7864
1158
2906
7906
750
2881
2732
4014
9825
1023
8615
2217
2847
9632
2509
2432
8909
7421
3930
2802
6420
9186
5166
1806
6700
3487
2133
29
4220
8958
5451
8459
3535
1105
7650
2423
7837
5668
4365
3701
1283
3805
1474
2940
6764
3221
2479
383
2134
8411
6421
9970
3696
8482
7044
8654
1131
9302
8242
4917
5297
1576
7660
1633
306
5577
2719
9480
8226
9989
7178
4825
8718
2315
8279
5719
1150
7932
4117
9233
5054
6855
6788
9388
1057
7502
1679
568
8425
7993
2026
1401
6728
1261
8458
5767
4827
4556
2245
5674
1066
9062
2893
2695
2816
7845
3777
3566
7079
831
386
4679
4294
5276
3762
9293
3387
5317
1016
6267
9765
1089
3169
4113
9316
3030
9701
2037
5361
3319
876
4434
878
3063
3615
2194
1459
9457
3939
515
6056
8896
7109
3530
4062
6188
3798
5161
1844
9770
5559
1544
5792
5065
6192
4750
3790
5476
5554
1820
607
162
4097
2518
3247
7873
6873
8131
2124
8644
9717
7124
5916
6090
3009
1660
7065
4517
4127
2422
4500
5930
4204
7497
7232
4573
557
2767
9863
537
1760
9352
5725
3934
9558
2947
7048
1473
8797
6366
2310
4335
10000
5624
928
153
93
6954
8592
5073
412
1032
833
7318
4532
8469
6752
3345
2680
5580
7440
5995
5955
5600
1951
2779
6332
3716
7818
1059
1294
49
9795
6118
7404
9945
6917
7895
921
2326
7072
6306
9027
8950
956
4269
2015
5941
2599
3167
8167
4835
7222
8668
6077
6136
2152
288
7853
571
512
7938
6865
6071
8838
9979
6880
9914
757
1518
458
2819
9087
3773
8769
5732
2260
7285
3150
6258
8973
8270
7074
18
4265
8071
385
9394
8899
3518
6609
1259
2803
7899
5575
9378
9288
9562
3473
7504
8321
5392
5370
5391
4276
8640
477
6536
8438
7866
149
290
1006
8301
9522
3832
9139
3297
4314
7333
6068
4830
7555
8607
8238
1420
5574
4456
104
9208
8297
3563
1246
2356
8637
7885
3732
4666
4478
4223
3907
7934
7558
1295
2898
7241
4069
6710
6376
7052
1447
4984
1462
8580
8006
8147
7991
3025
6424
7210
7407
2834
4312
4250
6247
2249
7056
4777
778
6826
6950
8562
4733
4425
1871
6804
6809
4356
7649
8571
8527
5009
5801
484
5545
84
2302
5307
8217
5581
985
4482
7673
7600
6608
369
7839
8804
2880
6130
4584
6079
2384
4709
7359
3967
3745
8774
7461
339
4315
9329
2738
790
9736
3655
6216
2198
3031
2377
2280
7795
9101
5593
8290
5566
1
2750
8472
6168
3360
7909
3429
2521
8542
5226
7672
7919
3508
8055
2644
9516
3514
2093
1573
1231
4919
6519
7831
6786
4451
1942
2516
8966
27
9493
6590
8775
3123
7986
5607
5118
549
2778
7402
8470
6340
7711
5657
4621
5724
2321
8259
5939
4762
6189
3066
9925
1550
2022
708
9759
806
9045
491
2755
5935
4727
2987
3158
5110
1491
8510
4639
3902
4654
7967
5026
3428
7988
3168
2756
6604
8118
1030
610
5654
561
7394
9931
6501
2849
7137
2123
109
1262
3165
3842
609
1103
8820
3831
2820
8194
8722
2707
12
7965
8221
4
5509
7631
4404
8101
4844
2033
6588
7174
7803
4788
1512
1068
1681
5499
3815
5513
7441
1498
5754
3059
4298
8900
794
2577
1925
6586
4713
3555
5847
3877
7712
5196
2563
3906
8174
2074
3385
6794
8981
6905
6775
8093
7743
8729
540
5656
2852
7871
9240
5282
912
4910
3682
746
2787
9473
7664
6618
2737
9382
7382
5314
3948
9757
1881
461
8965
9384
2581
7257
4203
9301
4995
4562
7376
6167
1662
1851
7329
2288
2759
8418
8699
1329
1445
6881
9452
8858
2548
1643
204
2455
3339
235
667
3686
172
9578
8448
8020
8549
3327
8998
8451
9284
3241
6418
9380
4396
7034
7972
5682
5985
7066
8012
5802
1771
6903
6725
6440
9032
7013
935
5957
8864
4107
967
9249
8488
3407
8428
3808
7525
6582
6208
2219
9744
9296
1235
619
5084
6883
4207
9245
4165
3166
3709
5704
5885
4736
862
3047
3440
8320
8663
9173
8971
4597
4600
5431
9368
5762
292
4586
5095
8207
6431
4700
3674
3077
6734
6422
1179
3206
9324
3969
3257
1365
6715
1217
3103
206
1486
8190
9718
3354
9138
9869
7651
1904
23
5177
9264
5929
6537
1453
6949
7412
6387
7639
4215
7881
184
4306
2075
1467
9283
8535
6971
195
6943
17
1642
869
9821
923
7197
205
4323
8948
8369
6314
2715
6011
7753
8468
1432
5047
3611
3368
6595
2951
5882
1867
2197
3425
8014
4710
4744
7075
7393
7451
4058
9735
2899
2692
2642
5975
6283
5896
7893
7289
976
4550
7219
709
7676
7160
4587
3565
7992
4394
4818
504
454
2043
5596
364
8967
5663
7642
6094
9258
3309
2845
2068
8905
4355
8597
7889
1024
687
7806
4218
8201
9762
4470
885
5093
6650
7608
6497
9059
6886
3352
98
4172
933
8515
7381
7322
1354
1206
8590
3331
605
92
1608
3393
7541
7571
1443
3151
1345
8551
2359
7062
5578
1397
1465
1375
2262
8444
499
131
881
3154
8063
9657
5667
1685
9265
6815
1857
4820
7287
1323
2114
7629
2417
441
9810
265
9371
1816
4512
4421
5952
8028
8082
5552
5818
3534
9319
8657
5280
8675
7586
5258
1717
528
9732
6748
8911
5072
9465
9624
8478
9080
3796
5565
4884
5684
4450
908
4346
8576
455
7677
4945
9244
65
8441
587
3623
150
4800
1188
6701
1051
8205
8715
830
4811
8908
414
9707
4178
792
6627
9363
4316
8621
5987
8332
6225
9773
5927
9407
2223
1638
4768
9619
555
8471
5886
7851
6840
729
9420
3028
7033
1526
53
7731
225
3207
6254
9232
3181
5947
1558
6512
1510
1402
5779
6359
4047
9828
8726
1466
8341
2354
7985
6912
7348
3966
9079
4650
4464
91
2797
6556
7902
9651
260
1450
2694
2047
3471
237
357
6321
7369
1120
6841
1873
6605
7816
3116
4914
1739
8287
1422
9740
6763
8486
3037
5100
965
5233
8210
891
3180
7513
7236
2348
5326
7208
6546
6670
7827
9013
7575
4955
6120
3397
6428
9364
5983
8479
6354
573
1736
447
2672
1165
7140
3236
6760
7680
3901
7674
1008
4041
2397
5510
6808
8100
2435
3121
6507
8504
616
6484
4338
6508
9312
9182
7274
9309
3794
175
2244
2817
8244
1960
3129
2846
3406
2716
9425
2421
2309
8349
5160
207
5030
5413
3040
839
9290
8493
6053
1893
1045
7164
7524
8127
5222
4188
4357
1651
3431
2116
3495
5965
133
2927
7330
8233
5337
3819
9794
9130
6901
1221
9158
3828
3332
263
4358
2731
2646
6548
5536
8933
1145
4997
7083
2277
3963
2125
4145
164
157
4691
2130
896
804
8473
8104
2876
2028
3944
9987
1712
2861
8136
3528
8749
4756
7185
4854
7536
4980
8422
2613
5978
3074
7939
7628
1358
475
6073
4055
2848
377
142
7042
9120
173
1154
9178
6713
7047
9926
7928
8209
2567
5239
2257
1386
9314
1280
9579
3277
7141
8456
4348
4061
5726
7306
4605
7858
8314
1580
7820
9256
9490
7188
4176
7077
4899
9876
6542
949
789
9728
4767
3803
1301
3245
8591
5447
6107
4870
4705
128
6972
7443
7534
8114
7997
5149
1727
8305
1048
4625
2689
1527
9341
2329
5253
6395
2120
3553
8203
6194
7104
277
6309
4591
110
2491
1483
8744
1267
3941
6515
3454
3753
496
5105
1339
7966
1601
9783
1094
5415
9889
6111
8155
6218
2580
847
6266
6063
7370
3350
6835
6956
845
2331
9772
351
7526
8936
5396
7696
7604
7032
6460
6813
1922
4531
5740
1772
7644
2470
1114
5773
3891
344
8964
6142
1882
5432
253
5342
2274
7328
1614
7126
1548
4696
8712
9912
2230
9784
9685
2795
816
4065
5305
4496
5701
7480
870
5299
4598
8193
8410
5569
9002
868
1795
3353
775
4635
5324
8139
9918
1761
6043
6483
1704
3992
4268
676
9792
6576
6217
2799
5883
7788
1983
7015
6589
3012
7609
4050
8680
4525
8175
2983
9906
4043
8224
916
1439
9680
2350
1455
5902
1995
995
738
1160
7357
4083
5010
4947
8563
9511
436
6851
4641
5728
1171
4170
295
8069
3923
2236
2922
7358
358
4594
5834
2505
2378
2343
713
2901
193
6824
5345
5507
6723
9724
5380
735
9315
7989
5325
1064
7585
9431
2009
8409
1639
9018
2001
6143
6024
9143
5123
2211
4682
743
4837
5865
3758
6390
314
2192
5572
2083
4637
7865
9650
8867
9274
2376
2606
5021
8211
8103
1185
4875
712
938
421
9803
1536
6822
411
9819
1513
437
278
9361
5548
5341
2913
3629
9012
6974
5474
78
1703
6190
857
5085
3921
9471
7297
3945
2549
7808
4015
5672
3970
1953
7879
8480
1582
2622
2115
4677
1541
5837
1998
9595
924
9905
1628
5170
2982
2314
7344
8197
9026
7267
3176
3905
5373
5139
782
9037
1201
190
3086
8112
6669
1659
7235
3772
4205
6092
3649
6800
6226
8467
6995
9997
3960
208
696
1964
7277
9563
7346
5334
2228
963
1822
7721
7360
8742
8882
2021
4593
3263
4527
368
3776
954
7422
5790
1088
2668
7849
7184
8788
407
3170
6694
7339
3398
9954
4720
4070
9019
3191
7758
3792
4285
1672
2794
1302
3094
6344
7663
4758
3098
4397
6514
4291
8312
8860
5953
558
6320
6018
4171
1379
6832
8498
630
9395
4330
7505
3172
6087
5880
5154
9347
611
6019
3818
2443
9345
7947
7335
8953
822
4979
1846
9875
1362
34
625
7726
7145
5255
4669
9449
5175
4673
8561
3620
2670
815
5098
4809
1099
3249
5502
2365
8727
9313
8146
5369
5588
5437
4886
3254
9788
1709
8017
8232
2088
6691
4431
7417
5087
3435
9613
9125
9686
2887
3673
4894
6529
9365
9450
6697
3340
1898
5517
3556
5990
7576
7929
8724
9865
5550
3155
1977
3356
4209
6740
161
8015
1407
3343
1933
3190
1969
7868
1508
218
6526
7345
4347
4468
9207
5187
9166
1355
2891
8153
7948
6082
9543
3680
4952
2034
3582
6015
7730
417
9327
2592
5535
629
968
5764
9597
1545
4374
4317
6690
1859
9116
5848
7704
2682
905
7956
9192
6730
9706
5803
9362
3795
6913
4393
3633
6212
1802
5113
6630
2279
9030
409
5237
246
9415
8946
8782
8513
5787
7531
1667
2045
5481
6893
35
941
2242
5522
2771
8145
972
5285
592
2478
9238
7462
5860
9349
7336
2089
3148
2872
1442
2604
2895
5357
5191
5393
5141
9300
1654
7606
2573
2705
2535
8087
5338
5234
2939
2683
4657
8747
3399
2013
7150
1223
2070
9947
2590
1435
5335
4121
6906
4721
2572
7031
1063
3271
1097
6657
970
3285
9423
2530
2949
8298
9009
7399
9346
9481
4066
4432
7312
6554
5270
4838
6
111
2165
9046
9807
6419
2390
2316
2102
6877
5714
1072
1241
418
4652
3039
566
1182
9459
5561
4034
4895
861
179
3875
5048
3273
1572
6446
4259
4233
4546
6583
4557
1801
4806
2267
3436
9168
9343
6970
8601
7773
6785
819
1357
1721
6423
6454
873
61
307
126
5052
6448
5425
6759
1067
375
3788
4685
3179
6059
7371
2753
4133
6984
1425
4734
4703
9206
6674
3933
3927
1723
3977
5558
1663
3375
6289
562
4513
8799
7933
9068
9189
2137
5401
1774
7265
7869
4551
5560
4040
6106
7681
4398
4615
2224
2593
1433
366
8807
2289
5477
9545
1740
2515
346
4656
4074
5221
7428
1957
6157
6757
8842
9181
2253
2201
8356
8696
4329
2158
1516
4321
9681
5180
5354
5782
8667
886
1800
3205
3801
8110
7474
443
8944
6927
7738
593
9008
2172
5518
2149
9478
2952
1249
1108
895
5134
4528
8339
3883
5884
121
4582
7936
5364
4874
4580
4792
2061
3693
1689
1809
1606
4649
851
5231
1419
3293
8991
1255
6012
3699
6936
2828
3646
929
7177
9667
6358
3885
8367
9510
9852
2395
5246
5122
8265
2979
634
3173
261
2958
9455
5980
6160
77
3647
791
1603
9140
848
6558
5241
2963
5874
505
9848
5877
9271
3630
7923
4518
4776
7189
4757
539
3475
3501
7776
1437
285
9069
8574
4842
8658
3374
5184
7035
840
5900
2087
4834
5623
9536
6370
6301
9216
668
6429
2411
6369
4467
2493
2545
1664
9448
8904
9194
8388
9861
5512
7088
4903
5188
8616
5408
5367
595
7747
8164
2924
1872
5648
4929
7768
3608
7084
7439
5143
2915
1649
8536
3386
488
1691
1149
305
1268
8728
1034
9505
1945
5534
7122
5859
3489
7125
8839
1798
7844
7817
5036
106
4088
9230
8811
9960
4672
5291
1773
362
2409
6292
9927
8647
993
2698
1086
7469
6498
7746
8917
3824
41
3581
2596
1085
6598
9674
5128
7029
2760
9476
3987
1266
7161
9603
9198
1790
4128
1305
5640
1106
2955
7397
2393
3634
5330
2772
3220
3802
7102
4881
7218
6439
2301
662
3051
5136
3403
1711
6931
8996
8955
7136
341
4399
7418
270
5059
5229
1382
6239
5493
5799
2076
6383
7625
1981
3950
4324
4552
7584
282
2416
3197
2792
7303
3272
3687
3661
267
1569
1306
2489
9127
8027
8172
2485
1104
8596
4353
9147
3260
5718
7099
7406
6580
1779
2174
3306
932
6413
8913
2341
2943
6326
4780
9581
7261
1626
9227
4946
8052
6148
69
2086
6866
5419
6310
5846
8081
3347
3510
4135
8047
2010
9325
756
3664
947
2994
9916
7479
4126
4160
8853
7823
3543
2636
4449
1758
9217
7231
3008
6751
5039
3194
2551
6712
3365
4019
3876
28
1230
6505
8241
7196
7131
9344
2145
8765
8979
7095
8960
574
9089
3203
2782
5365
8923
1429
1326
9093
8822
7481
4619
6476
3216
7780
2812
6234
4742
5412
6293
3858
8105
6708
7204
2178
1074
6496
4100
1938
6921
3250
4670
3522
2546
3140
9501
4006
6121
1156
3078
2575
507
4252
8337
1609
3157
2444
6210
2049
1902
3813
9041
9318
3467
4526
4471
318
7926
2270
3897
7512
7679
256
9261
2625
8692
8987
9237
5703
7566
4157
4342
9555
3457
4992
2589
105
72
8787
4489
9020
824
3830
8710
5000
4948
2579
8537
5046
2975
3672
9556
3490
9911
2764
955
8412
3474
6001
3659
6481
5824
8275
4139
3053
5604
3412
6916
5720
1528
9504
982
2950
9915
6982
9419
4183
7264
7785
5956
9058
7476
3986
6207
6803
2199
4723
8383
5791
1337
4978
8906
3255
5585
2984
683
2183
8218
3607
1141
950
8225
1098
4094
6411
4643
2700
7194
9185
9226
7955
1143
8816
5163
3064
5895
9822
1356
5948
7880
1111
1612
8099
8041
2821
3433
4415
9870
1019
4510
233
2099
336
2306
6566
6381
7449
7825
5418
7736
8269
1118
3497
8132
3033
8449
1764
6782
5911
8231
1887
4447
8881
9938
5617
4871
180
8185
3767
5404
3325
7756
5736
8196
4274
5469
8094
8844
3322
4387
9872
7805
5870
2758
2993
7616
8485
4390
2394
2554
3998
301
2586
3827
779
4195
3594
8276
975
3421
8328
9107
7578
9565
1284
2232
7299
7298
1732
7832
3058
4301
8610
978
7824
6317
3396
7043
1523
7904
2832
5606
2601
3867
1092
5530
1277
9461
5487
9589
3162
4484
3299
5210
8760
3235
3913
9003
6996
7256
1065
5809
7070
3137
8666
957
8378
6004
1451
3887
3657
3785
331
3258
1817
9631
5212
3388
1961
846
9308
4814
1494
7807
1830
9691
1578
2255
745
4794
7282
9854
5913
5108
6171
8780
422
3771
3574
4508
8534
9197
2980
8216
1937
4376
9270
4831
4810
2976
3658
2304
6557
7450
7735
2968
3478
5842
8532
2366
4991
2796
6680
5436
4574
7392
765
4928
1885
4599
8011
6946
1521
5807
4601
3707
4426
3269
7804
7763
8606
9886
7717
398
5061
8157
7990
3187
4264
9881
309
589
8490
3769
6361
6967
1559
9090
9119
286
1537
2972
3381
5005
7271
2948
9246
8554
4085
1849
5817
1966
4816
2989
6061
2813
1788
1428
2611
4320
3529
1644
9065
9498
4326
2185
4263
429
3862
4982
7740
6426
4485
8054
1135
183
8351
8336
5921
7142
5525
3853
2153
7379
7364
2793
1457
8143
5295
8677
4494
3586
1862
9800
8435
1865
9263
8884
3056
2512
8007
7387
2463
9934
1768
1918
6203
416
4273
5068
4701
1767
7206
3622
2256
4951
8895
4410
5078
4363
5827
6870
4942
1239
9827
2681
3624
6856
5497
1404
64
2752
1190
9489
4840
8505
8235
9663
1769
8872
1743
4216
5465
1832
3304
8184
9767
7468
1416
9447
8068
2027
1579
3740
1245
4295
6372
7941
8829
8578
6830
8306
4671
2320
6245
1029
2044
5440
6549
6281
9547
6251
118
7351
8376
2762
3895
158
9524
6610
2726
3223
6538
4198
1982
9401
9627
5209
907
4402
3276
342
3844
6953
4221
1093
3219
5531
1652
1184
6900
9768
6629
5677
1052
4561
1489
3689
2970
7659
2295
8672
1110
7683
8861
5206
3334
3972
5973
8450
8522
2890
8360
7321
5769
5940
2729
3367
2003
4970
9832
6396
8268
5056
9874
1666
4477
7221
6540
1715
8064
6644
4063
9109
9928
6772
1729
7010
565
5796
6810
8810
1532
4185
9891
1406
4429
9669
5839
6925
2475
3562
1880
6637
6646
9813
4659
937
8126
7779
1932
4336
1808
8883
4005
2375
4724
3635
3088
3413
2284
5107
2665
621
518
5923
2986
89
2884
9108
8577
1728
5540
3899
9399
1482
9804
8121
2440
9902
9964
5302
9340
1542
730
6846
9351
4251
2139
9229
2912
521
229
3743
1720
3200
5785
4351
1554
793
3750
7234
747
1096
8543
6075
3856
4596
3274
635
608
4054
7713
6969
4505
8540
1174
4463
3138
6806
6005
7025
6531
7415
8603
4056
2522
8280
4179
3326
8763
1680
3292
6502
8795
6305
4588
844
2929
8800
2196
4944
748
5189
4197
5706
9534
3679
3087
5167
4678
2641
9164
7111
9269
3147
7996
1722
6033
3234
749
3521
9797
5042
628
1543
818
8593
6681
7395
473
6475
3653
4766
7662
4448
5171
1805
4860
7423
3537
3378
5683
8785
780
5614
8446
796
5271
4304
2547
8907
7156
6667
1383
2822
8697
4438
2002
9485
3822
9224
9708
4774
199
6686
8156
9885
6391
656
6430
9620
3946
3652
6398
7552
1311
4543
783
6594
7509
347
3102
3097
5981
7982
4161
5336
3593
657
6766
8604
8318
2595
9935
6658
6857
4029
6355
9802
1460
7041
7363
7876
4380
2709
271
5400
6999
5242
2920
5063
2510
1293
469
5176
5293
6611
9542
7434
9132
2502
5013
5006
1690
6348
4181
155
701
2396
319
1990
1524
7458
5666
9984
1538
9711
2687
6656
2978
1273
7361
4933
8421
3903
6328
7856
198
5631
3013
9412
490
9307
413
1540
8123
7101
1119
8161
8685
5892
4740
6997
2285
5951
114
798
7425
9153
3645
4037
5144
754
1155
3
8599
7199
5333
2619
8757
228
8915
2419
9061
7268
9277
3023
7900
1874
2614
6000
7220
9659
8635
4937
2553
7097
6504
506
4565
6869
8120
9067
9745
598
1335
7595
547
2283
3547
425
6521
4554
4629
6055
1146
9831
6596
7979
4345
4560
6724
6202
3589
2039
951
8245
5758
2092
4707
3691
5223
5230
5214
2079
8796
2685
8303
7170
4430
7538
2210
415
4087
9951
6875
6854
9052
3022
6298
1042
5675
8426
9838
6755
8855
3373
9001
1813
4617
8327
5495
4737
7092
2404
519
8516
9692
9894
6518
3539
442
9626
7082
5035
6041
1091
1824
3371
5805
8186
55
6816
2916
466
7096
9720
2844
550
3043
8961
6479
4964
5962
8443
9145
6125
6602
3268
243
8144
6928
6311
2216
661
9573
9286
8291
4391
8646
6197
4328
8831
9282
7373
8957
9106
7180
448
7037
9157
2307
3571
6397
9128
59
8732
8393
6444
6802
3092
7920
1634
5549
721
36
4892
5551
533
6003
4022
9243
1858
5029
3980
8500
2011
9400
6648
2457
6447
7518
1546
2268
6363
4244
6231
7068
8420
224
9507
58
5164
2147
2381
744
8342
3283
4908
6714
9901
7134
1090
6031
4609
9995
8531
7834
4515
3869
3604
8481
6222
9357
2420
2177
9435
2568
4341
333
2532
711
4828
1763
3663
2154
7295
3641
9464
8873
4309
1205
3389
1734
7614
6058
264
9850
4507
3668
2261
5384
3262
7038
1777
8005
7343
2413
1877
8565
3676
8387
6702
3411
3145
2757
9179
5217
2162
1192
9577
1011
1595
1530
8169
7171
7119
1866
899
4288
2662
3422
1697
874
5634
6932
4413
6334
2346
2360
4765
6211
1399
3479
9112
4111
7577
6191
3575
6796
7006
8434
3082
9156
8311
6404
8124
2113
3791
6884
919
2500
8986
1676
4981
9871
8725
7429
8180
887
3141
1698
3034
6490
8492
1173
3019
302
3442
5043
6103
5529
1974
5528
5838
3135
8781
8038
7611
5092
8158
6451
9118
3782
312
3198
3284
2412
6184
7152
9895
1133
1497
5615
8315
974
7700
503
7024
6223
4076
4190
8962
9972
7984
7331
3978
2012
9074
9254
9176
2954
999
8679
2859
4137
4453
4898
2697
3621
5460
2578
7385
3004
5664
1348
8000
21
6862
7724
9566
3542
4236
2607
5835
5989
2048
2981
7507
7634
2743
9694
7019
7572
1623
3938
2226
1336
468
8589
3204
6009
9878
2141
8969
4382
2557
4506
4080
8643
2238
9858
6933
714
6783
5289
42
1514
2960
3446
5946
4845
4832
1793
7307
4564
5988
2080
7242
3993
1203
6983
4105
5410
4375
9005
9310
6761
6433
6198
3301
9204
182
1276
3619
9967
9521
1287
3014
3018
6389
4577
7244
7182
5772
6638
9402
9426
3675
2514
8407
2602
1037
9687
685
1346
3618
7859
1060
2170
2271
4953
7237
8293
1618
4466
1750
6552
6684
2928
9929
7872
1561
5260
6522
2868
9369
9949
2312
2447
9141
6947
8278
2082
1199
4246
6758
6874
3644
7615
2942
3001
5208
9853
90
2706
9696
8733
4553
8436
7014
3314
3793
9467
5428
3811
9636
7442
2166
5125
8347
9673
9839
374
5945
8073
4540
67
9618
807
8138
2570
7017
423
9014
3845
3642
9517
7812
5716
3671
1778
6986
7491
8239
4474
5904
3171
8582
401
8704
1124
10
2204
6977
9700
8656
1986
2974
8283
2319
9081
9007
697
4570
852
2735
7039
9842
7840
4692
9322
1657
8258
9857
4030
4225
6976
3376
7793
4716
6220
9602
81
3837
8474
2841
1847
4210
3685
1372
9888
5888
6054
8975
1684
2663
2854
3863
535
6286
5
5788
293
3559
3100
3541
2042
4675
3851
2004
298
2540
216
6493
1015
6112
3156
5775
7741
6767
9495
2973
9111
8862
3951
4850
8514
3455
4849
5506
8431
4799
450
3570
8703
9890
9336
2853
8023
8919
2612
1814
5665
9215
5707
2503
4907
6937
4082
2840
2736
2352
5653
9486
3163
388
7438
6896
6591
2618
5520
669
1694
2678
3486
6263
7767
6114
9205
6285
1148
802
7915
736
7501
4136
4362
1630
6471
8414
2957
115
4224
7764
990
7875
428
4813
8645
1677
9171
2679
8491
7009
7270
1908
9466
9387
1552
962
761
4790
9054
6561
1304
8930
3069
4925
7862
1159
2182
4959
7748
5905
7411
9075
3924
8927
692
4931
1770
3416
569
291
6463
576
9992
5774
7320
597
8304
5423
2109
1412
1971
827
777
6511
6654
4509
33
8863
433
6042
5366
787
5942
6474
5906
3466
3757
3211
9699
3648
6407
677
6461
1055
4583
5986
5079
165
5960
8324
9593
7667
2180
6193
7057
6045
5655
6897
7698
7693
5080
6140
8503
6593
5195
2860
5914
3859
483
6678
8579
2408
4642
1021
1621
7516
7638
479
6154
2156
820
9025
3470
3955
2909
9123
4373
9474
3384
5435
4668
5828
2371
359
7559
6036
4873
2105
2452
9374
7800
4400
4366
2710
8846
3287
8281
324
5455
8176
9612
4868
2945
9372
5538
9091
8364
6172
4604
2871
2647
7326
9234
8988
6183
6731
4131
3333
4504
7545
7288
1170
396
2142
6848
8018
7998
4935
1113
8322
4714
1636
1506
2248
7737
6364
6187
1275
2471
829
525
9796
8166
9414
7643
6543
4967
2401
826
4044
2815
7470
1948
6818
6457
1079
2959
4738
1665
8079
1593
8344
2138
252
1214
6829
2373
6641
9328
9678
4053
9195
1946
2103
2818
720
8365
5174
6559
1409
8750
3016
144
5244
3266
404
8731
526
1671
9754
4068
9359
3081
9647
4529
1384
3456
7694
1121
9236
8974
7334
2966
4337
4023
5597
8345
1211
1291
9596
8309
5119
8555
5852
9544
4119
1010
2337
9260
3989
8813
5350
5464
3677
8886
9982
4804
257
7195
22
2330
9980
8801
1909
3774
8424
112
8875
2526
4989
4187
4879
4497
5383
1017
7132
1122
6131
1670
3965
1417
4150
718
8614
2344
9337
9841
3719
8396
5789
8997
7811
2029
3739
7657
1556
4229
6246
7085
4544
9492
918
4081
9948
7105
6274
2827
7051
9213
3994
9764
6337
7313
6249
2451
1947
6438
7821
7410
5332
3265
1200
8521
2730
4602
8758
5055
6232
7448
5523
707
8074
4419
7594
7494
451
1864
3746
8519
4049
2005
3821
6607
3107
3469
3940
501
6568
3289
8609
6879
7974
6619
6165
5363
2990
5075
1226
2461
6615
1596
3050
969
4242
9131
4787
7528
7163
2749
276
2571
2429
8202
7389
4481
6078
4523
6571
5301
8901
2742
9413
1297
9575
6769
476
2239
8837
3943
6224
9956
6270
2908
5472
7841
8893
8506
5587
2057
6312
5644
3852
9084
9655
8183
68
3115
5014
6914
9805
4488
5626
8790
9389
7022
546
9988
5033
3029
6876
8289
3639
2971
3061
626
4064
5556
1033
7959
2056
8856
8416
5639
485
2206
1776
843
8994
7213
7087
2184
652
8557
4367
7492
7016
83
9930
1213
7562
7971
3230
8106
5969
9649
186
56
2362
8381
6124
7120
808
6587
2450
9840
4924
6069
755
2415
7833
5589
2318
7870
5296
5349
8142
5959
296
3578
4743
2921
5749
4769
4763
6643
2171
1321
6692
4334
903
4611
2658
5315
996
1563
2122
3918
7977
6032
1320
2811
9528
2727
5102
8338
9606
4702
6791
1675
2965
9623
140
4519
7466
2888
7935
5798
4020
1930
7308
2896
1955
7205
457
8066
9976
1163
4177
9693
3484
7591
6248
5819
7848
9482
705
3005
4853
1619
7729
4822
2944
317
5405
4846
8533
9799
532
7861
7103
4759
4961
1646
3091
2357
6647
6180
3349
8932
4826
2902
1906
478
5146
3048
8627
9333
5576
452
591
4735
3526
7506
71
8400
6133
543
2252
6575
1363
5527
5057
9644
9073
7897
7259
8840
9129
4829
214
4801
1007
8888
8497
4227
1923
3232
8771
6122
6132
5567
3573
3579
7652
4571
5159
3099
8921
3128
4392
786
1588
1868
8698
8865
5727
7488
4472
3797
1265
6388
2282
930
3437
6437
2997
7733
4078
9530
5099
5505
8475
5360
8108
6410
672
5756
7905
2930
2869
7290
1334
340
6415
8089
7770
6853
4764
3825
5198
7324
703
7233
4027
6214
7621
7582
9196
2200
9554
3515
3054
3321
2654
4240
3010
130
349
7790
4247
4192
2160
6323
6898
7226
2399
3826
6467
1080
1076
3763
3415
5173
9892
8752
4905
9921
255
6096
9259
3217
1344
5044
5445
2169
5982
7567
986
7286
2474
553
3222
7882
9572
1493
6482
2610
3552
3189
2656
7223
1082
402
279
5511
5676
927
4162
188
7094
8600
3860
3085
7708
8602
332
3208
6280
7252
9952
7949
6930
7569
1408
9610
5702
8928
8405
5205
5658
60
2065
952
5374
5116
8499
6091
4011
1870
4798
3338
1888
5015
766
6427
7362
5067
1258
8246
8254
5216
3212
8200
5192
4490
8361
5899
534
2648
8511
4880
9034
5077
2780
136
5920
853
8764
2564
2324
9095
6349
4958
6703
8999
1827
4282
6138
2018
825
3632
5264
9082
3468
7522
527
6290
529
7910
2630
5494
7315
1833
795
9936
2946
4667
3369
6773
7636
2097
4148
3713
2273
8333
7212
4864
3000
2345
8178
3911
9154
7433
8612
4877
1361
5831
5303
408
5252
9222
4284
5997
1282
8489
6867
2251
3688
3749
7632
4664
8173
9993
3044
700
9421
8892
7533
6948
9897
1464
96
5300
4655
588
1749
1123
4883
4568
7548
3525
6660
15
3567
8518
9561
4091
4290
5659
9454
1899
9017
9836
892
4141
9231
961
6080
5203
2991
4943
8669
8808
3656
5590
7390
8990
1815
3779
8632
5932
3835
6375
983
8460
123
6572
4697
6333
5730
8098
3434
5471
8375
6385
5768
5649
4612
9887
2468
6632
2258
4143
4511
7911
2769
8649
8802
7887
9035
1456
4032
8767
3601
9896
8509
6296
8058
2956
9441
4851
3463
1547
3975
426
9738
8227
6215
3710
438
462
946
4241
7556
4385
994
6747
1890
1980
9778
5268
698
6325
5076
8954
3049
5595
2693
7186
2144
7695
9022
8889
4115
8016
8761
6127
2063
5058
163
5783
734
7151
9944
3046
6356
5944
1368
7539
2347
828
7190
1218
7246
8507
9172
9591
8687
2186
3834
7530
1553
1988
2438
5841
4193
3588
4968
6242
2189
223
7112
4418
445
4067
3382
6199
1038
5609
497
4235
2410
5748
7894
4457
8445
6506
4254
5190
3310
3904
3766
2831
2536
4182
9571
94
979
867
3681
1387
5089
9588
6839
5750
4784
9137
4986
5993
3362
116
3233
1565
8959
7961
5298
9320
7706
5697
7725
2126
2335
3377
7340
1683
5347
2690
8678
8737
6295
4530
4059
3900
5628
6910
1821
4004
7408
914
7091
2400
1850
1041
5249
201
6899
4754
7069
6374
2919
2714
5660
2072
5765
7999
9766
6014
3502
1001
7940
5339
690
330
5786
4972
2538
8335
226
917
5386
7245
9338
6196
8188
9532
2020
2552
9777
8756
4332
3196
8220
9305
2067
6509
2140
7514
9648
3929
710
7927
7846
3866
666
7229
7637
2703
5699
2046
1299
2791
2649
7843
3889
7011
7473
5378
3451
1002
5741
1107
394
5919
1164
2905
6006
1398
8721
3006
8547
8702
910
8013
9285
2188
4479
1393
5457
4090
5218
8625
530
5051
1535
4256
7416
367
2081
2303
1116
758
5830
191
9326
9907
1144
2167
6673
9880
2814
1765
4208
1529
2
6365
9252
3544
474
613
5855
8805
9668
7590
7388
3871
615
1196
8926
2247
2655
9049
3089
4213
494
6945
2746
6517
5613
3864
1250
7574
5438
673
9592
8453
7778
4257
2650
7646
1020
4648
1289
2215
6027
5344
1151
7255
2900
1594
117
5907
7487
7786
1243
4812
5687
1191
866
8912
4662
9321
3443
262
4909
3410
8556
2477
1789
9004
3418
3602
7243
360
3218
1519
2173
9383
2528
1509
9160
5611
5420
4772
2783
1142
6991
8326
8940
45
1078
7669
7565
651
4106
8008
581
7781
3125
4120
6754
143
8477
8230
2202
2594
8709
3880
6076
6834
5294
6051
6343
2469
4558
6524
3952
9051
7719
1147
3083
3279
8564
7838
4458
9741
9748
2676
6737
8204
8032
9737
2368
3804
5519
9342
6631
7630
2459
9104
9298
9826
405
9629
5863
8198
4401
4732
1889
4632
3366
7227
1050
3404
2541
1470
1325
2464
7266
9275
4239
356
6162
283
2127
4848
6960
4695
9705
5169
6645
1169
1238
4579
6887
4174
9410
1653
1193
3711
6145
4572
3118
9751
1247
4297
7007
5083
8109
7193
5498
5992
5610
4016
3253
7482
5308
4103
888
5794
9540
2458
7260
9201
8945
25
3708
1036
2136
9221
2243
1136
7273
5917
606
8117
7622
8181
2090
3252
1755
1490
8355
2259
2050
8300
1288
8876
3348
9175
7427
5340
1895
5869
8302
5602
5843
9103
6472
2418
7913
5514
8620
2064
584
6617
7327
2499
4428
221
1413
6941
3105
1324
6402
7739
6158
197
5479
9267
251
2804
9356
4175
5696
2653
9228
6275
7826
3070
54
8134
8745
4371
6844
7789
4112
101
3259
3504
7167
7593
9859
1900
268
3363
1936
4920
5358
2686
8076
4089
7090
1757
5700
4575
904
2213
40
1392
8880
1084
2229
5698
4859
6209
3800
3605
1307
4954
397
3408
167
5485
8598
3159
6622
5705
2810
1209
4039
6516
6260
9072
3662
4686
2208
1574
4051
2291
1534
2588
2645
7618
7752
9975
2550
2740
7728
2617
8859
6530
3968
4589
726
2878
3868
8487
3550
6823
7250
8030
1296
2671
740
9660
1027
2466
7000
151
2699
1826
8655
4278
6955
5976
1364
2483
4932
6837
1738
57
4559
771
8040
1629
2857
5090
5633
7691
8440
8772
6416
7645
1117
4108
9689
9574
9100
9722
444
3888
9055
1389
8129
9622
2175
838
7554
6780
5138
3493
4839
3810
3202
2430
3839
9453
8642
7921
139
1503
5757
2923
8778
4634
6935
1322
7511
1463
480
642
575
1215
4036
3483
2322
3569
3482
4976
2938
2770
5104
1137
6665
8741
4906
19
154
487
8085
2060
7907
6442
6020
3072
2576
432
4665
9000
649
3840
138
2317
7116
9385
762
6845
5002
6478
1585
509
7098
2675
303
1069
1714
3702
1695
8636
2723
5263
3195
2977
1916
5414
3892
203
8034
4728
8212
8466
9985
9358
1656
4896
9155
7067
3640
8568
9151
9600
7607
9350
3420
7775
5375
7995
2269
3932
6821
26
636
8942
7176
6487
3011
7154
5532
2754
9355
8584
5897
6098
9040
5961
280
2506
4872
9756
1631
2830
5849
618
3752
5157
4270
5215
6532
1300
4775
8743
6533
6141
5016
6432
2462
4230
7447
1418
5394
9758
6570
6938
6534
6109
3342
7030
3626
9150
9549
859
704
3706
9932
8272
310
9149
8818
3729
2426
1343
2448
8989
2855
8430
1566
5331
675
2367
2237
5709
8171
3703
321
1115
6378
8296
4122
8097
7782
4646
2800
6449
9969
7200
1499
964
8817
6034
4038
7055
1910
9048
5689
6742
4911
6093
7386
971
3224
3667
3592
9163
4232
7060
9469
4173
7058
5183
5007
1911
7224
8372
4749
1310
456
4916
3509
7071
4455
8792
4841
8057
1597
8852
8340
2883
4440
7976
4349
5890
3231
4243
7419
1586
1272
8541
9273
2361
2445
2941
2431
2969
9877
1274
9379
8949
1912
7446
3075
7144
5592
7714
8618
8611
2402
5625
1216
8575
1775
3498
9122
7970
145
3532
8352
147
5875
5991
1176
633
7641
7452
552
1784
1611
1350
4267
4042
8824
7760
2054
5954
9253
9769
6029
1303
3210
1367
7086
6688
2041
9209
9913
7914
122
212
6026
7568
9503
6149
1285
6957
3111
9445
3725
9585
9621
8077
9946
2661
1454
124
38
9443
2106
6585
4913
9487
294
1613
4283
9559
8463
4862
4154
7081
7916
8716
7796
9295
9424
3305
1095
6221
4688
9734
8037
653
6057
9257
171
600
1861
4915
1212
3812
7588
1787
8624
209
7942
9564
7187
9999
7945
1126
1929
7139
380
6455
5857
7253
6843
6016
2052
9704
6729
9806
4745
7860
7409
7294
2728
289
4384
3849
2131
9776
9710
5761
5265
9702
7309
4146
8619
7483
8806
3114
6961
2837
4808
4620
7405
2585
5467
6640
4975
37
5304
9460
6465
6958
465
6028
6736
4035
5306
9712
4153
166
9568
4149
4751
9188
6155
3419
6291
2635
3073
2250
5871
392
8433
8845
2369
9050
8664
7715
939
5152
5691
7917
5261
7749
9335
1140
4973
308
4280
776
178
6770
1263
7653
7061
6852
5820
6661
9996
6623
2327
1043
8887
6065
6408
4409
3896
6243
981
482
8916
8674
2643
5635
1571
7020
7225
3177
6115
1501
821
8111
2084
5621
7952
1897
510
4033
6966
7159
4791
9582
1592
2338
2334
2789
5690
8629
8777
898
4950
9782
9418
2355
6868
403
1292
5866
1842
3697
4460
3956
6779
6435
4459
2143
8935
1804
2071
6253
7396
8029
8869
719
4603
1726
4537
849
7471
2403
6303
9405
6469
6159
8608
281
8995
5311
5011
9241
9601
6704
8091
7375
5456
1819
3669
4028
2520
4125
585
2669
7108
9654
7400
3417
2639
7172
6436
2313
3936
2864
5346
948
6412
6581
297
3392
8330
6489
1044
7023
3017
3973
1785
715
231
7549
9715
4674
5861
6831
9583
9496
9088
3002
7444
6287
2885
7720
800
6963
4293
236
9811
1139
2688
5711
7012
8061
3991
5284
3957
9750
3591
9006
8605
5925
6541
8389
4166
9016
7367
2498
3358
8053
1985
2150
3499
6988
4960
4130
2914
3261
7656
5060
1949
5692
8391
6228
2534
1376
7465
6394
9439
6371
4969
1999
7686
9986
8931
2720
6895
4012
9971
3783
6965
6894
8847
2085
46
836
2806
4416
8581
7570
6520
9331
9146
8947
9743
674
8683
4498
5037
7903
8350
3494
6743
1390
2768
7596
670
9440
2691
4261
1426
6238
5994
1557
9862
5240
2559
1253
8711
1991
9247
8652
1551
6989
774
9092
8419
9011
213
434
8766
3540
2066
8255
8413
2358
7414
9360
9500
8044
6100
7772
8395
991
5319
6240
9339
1391
160
6968
1825
2897
1222
2495
4436
7557
7158
4938
8385
6176
6477
6338
7896
3199
5489
8476
5731
5251
1046
6696
6902
430
7689
6450
7001
274
2531
4383
544
9868
8236
8403
1803
987
1281
9348
6294
1852
1807
5120
6050
5688
3846
8941
3527
244
1896
4155
8316
9444
2486
5147
9114
8595
4988
5371
7978
5430
2006
9427
764
174
4308
2391
1797
3533
8408
1500
1984
8993
6156
6819
9900
1943
8567
3738
9177
8496
814
5482
327
1599
5570
5598
5490
650
6278
767
2191
9635
1956
5259
2598
7485
127
9105
2482
9044
3748
6653
5909
8179
8943
9697
2266
6409
6022
5685
1818
6307
8773
4752
9611
5402
8452
817
6494
1318
5475
7891
9408
275
2460
196
9816
7436
7716
8191
4781
7319
943
7127
337
5126
4761
6186
2406
9117
9785
8814
5213
4441
1058
7486
4535
4878
1210
134
2453
2392
7777
2222
6553
6655
8439
329
13
395
9375
7026
5645
4807
8386
5219
6284
4731
6368
7499
5254
8002
6577
2761
7626
7951
7191
8890
2907
1507
4476
1875
5971
9417
4821
239
6405
9640
6204
3731
3214
4194
2231
4563
1153
7602
8323
9824
1823
731
8125
7332
5878
4789
872
259
5821
3726
6871
524
3712
5318
8717
355
1706
5491
4606
1627
9725
3723
2290
7493
8095
7302
2467
617
4585
3427
2363
9353
2332
5619
2059
2651
7620
1309
2380
3461
3872
4608
9703
5759
7005
797
6789
803
702
4454
1828
2439
5910
3312
5202
5377
3193
7472
7751
660
4966
3329
8985
8910
5651
8394
9879
545
1965
5793
5372
9433
6707
1161
4923
9974
6347
7148
902
1829
9933
8284
1600
871
2441
3603
2608
459
5114
8553
8062
7671
8429
3990
6315
4805
1180
1195
7135
5142
580
6040
8528
7561
6994
6049
7761
837
8854
834
6799
5032
2207
4319
3717
2640
185
2574
9953
8295
4258
1208
7424
2118
9430
1488
3472
6807
4957
2135
6776
313
8262
4465
6620
2305
5321
9406
6890
6163
9463
1931
2850
1194
4521
1978
4852
7036
6473
3152
2527
9306
4281
5050
3778
1427
1996
5133
9276
682
5452
877
7710
4645
1434
9968
4026
1845
7283
1172
6151
1313
5053
2151
7924
7612
2621
4370
925
8661
2739
7155
960
5586
3383
1959
9183
4578
453
5433
299
5972
3084
973
6101
9299
9617
8701
856
8525
1702
6492
7553
6606
4310
8970
8878
9239
823
1567
217
8229
9910
9381
7801
9397
3492
9939
7587
9998
9723
2428
9630
7931
9625
8088
2030
8695
8686
926
3614
3599
1879
1286
1783
2851
7365
5155
7021
2717
135
8010
5776
3409
320
6792
168
7435
4760
1581
1645
9098
5449
8720
2446
5998
1688
4502
1009
5019
1370
2278
431
7619
9502
945
3441
1741
9250
1040
8768
5922
8569
3477
694
6201
3920
3568
5544
2008
4302
2436
1650
8530
2543
9242
8149
1479
3585
5287
2609
7050
2582
3282
14
8107
2638
3076
7004
5272
5873
1338
8215
7519
8208
5492
5382
2605
6689
8885
9884
3215
2032
5605
6987
2473
1505
1236
1970
4359
8719
2490
9833
2775
6793
8739
6918
1699
6962
2633
1000
8544
5924
241
1162
5352
6377
9576
5286
4442
1415
5235
3742
1269
5082
689
2985
7944
751
7540
6649
3324
387
4793
1438
5646
2626
4350
7355
1707
400
3861
9304
3761
7280
4549
6651
1647
7300
7855
5232
3432
5735
4279
4538
5977
9546
6685
3357
7262
5744
3060
5443
2163
805
7209
1018
5647
725
3882
1347
5822
8939
7467
4533
5023
5204
3925
768
1264
9416
3132
8798
4098
6443
3228
4077
7802
5669
6523
1330
7666
4819
2722
6085
1328
6252
3109
5137
4704
6346
8552
372
1013
8285
4555
5642
6178
8348
6693
7542
2866
9033
6179
7113
7028
9203
603
1461
5713
6495
9614
5966
6732
958
8693
4843
5397
6768
641
7857
1520
3302
6213
6975
3724
86
9688
8366
4719
4890
3654
1312
6010
577
6599
8779
6486
5399
4212
9391
4616
3781
2628
6924
3879
1577
5103
6919
9814
9672
8736
8706
62
8707
8980
6503
8676
1440
8199
5968
5686
1449
4272
3067
9039
8042
3988
6064
7217
3052
7950
5893
7495
6817
2544
8357
2148
6002
966
4628
1502
3606
2774
6030
3564
6351
2281
9873
7230
9849
5958
3964
1972
6981
258
1031
1444
1924
9086
4663
2383
6480
325
5814
4109
5928
1935
727
4624
7503
8925
8670
1648
1708
889
9451
4856
8786
6072
7544
2019
2300
3500
7377
9550
9477
8346
9941
2025
8319
7380
6635
242
3737
8520
5898
1244
1049
8059
5290
7498
4238
4618
6399
9136
4770
1333
1186
7623
5348
7192
8462
7046
1747
8922
508
5096
3430
2442
2629
9085
7398
481
4861
548
3631
538
3531
5813
8182
9761
9292
5273
4631
7453
8559
266
7349
3755
2220
3704
2962
6709
9834
5806
2637
7830
1705
8163
9042
4867
1224
5937
6564
9409
6288
1039
4253
1481
5867
5745
1901
3080
5780
8622
4949
187
5781
8833
8648
9658
7888
6488
9077
9820
893
3583
7635
4492
7130
5712
8398
3690
4847
1472
2529
4694
1941
316
7633
3577
2233
9330
2873
7181
9731
578
219
8141
596
9780
1410
8113
5851
9746
1504
399
2862
6105
6021
2494
43
8983
6891
3401
9844
3996
9442
7943
643
6097
3423
8691
6256
7601
7454
9966
1083
1220
953
723
7276
1022
8963
3336
146
240
3627
3182
5563
8868
6345
1138
7027
1917
6784
594
3281
5376
7403
5810
1753
152
6400
5862
9590
5583
4275
7678
379
2724
6445
5526
7059
4092
6926
7457
1260
6316
1254
6774
7175
8524
9167
6528
1794
9078
1061
1686
8137
6302
739
39
9978
2454
7754
5316
980
5996
4469
3736
6379
4823
5468
8417
9899
7640
5729
514
4140
6847
5417
3032
7847
3678
8894
2829
5564
6237
7799
1637
6573
5891
8115
2164
7464
1915
6765
2833
6470
5733
3598
1952
772
9812
7771
1517
3507
1411
7228
8266
3728
8594
4147
2181
631
8051
4344
5411
9955
1616
5003
2556
20
7269
7670
1782
1377
9390
5717
3666
2702
7980
5024
8214
1921
3625
7718
1742
1515
2523
4940
906
5328
5854
7338
8263
9211
1731
4569
9126
1892
3554
7040
2296
8762
1835
9184
8789
8001
2016
5845
3910
7560
2107
4446
9434
1962
3264
5584
4753
513
6352
3954
7886
9652
7960
2333
2751
4086
8046
9438
9962
7901
4200
8879
304
6908
8050
7797
2632
8026
5150
5722
5266
7238
5533
8370
4676
3313
1177
9730
6878
3201
6037
6066
9638
2910
2673
5148
8065
4491
3294
3838
5288
9867
9991
8924
2667
4730
1954
5353
6083
3670
7658
8639
5800
50
2433
353
5829
9739
7613
9366
5743
5145
4661
6013
9665
8189
5742
2119
7958
4406
2748
8359
6491
4017
8045
8634
8495
7605
6668
7661
3414
989
8688
511
8705
4234
3714
9023
8684
4202
9676
8086
5979
3833
2785
5463
2051
5694
5515
1812
8673
2372
9959
5403
4983
6206
9303
8755
7293
3807
2176
3071
2765
4699
1167
4245
3982
7003
9637
2988
3590
706
8734
8358
7964
6613
4095
8397
2062
6864
5109
4516
6909
4008
2911
3981
8331
1128
2659
1278
4897
7118
6380
9499
1421
2597
1075
5181
7384
7484
9488
4427
760
87
2484
2525
2657
8317
4156
8442
6735
8850
6652
7143
3288
6452
3734
8874
579
5041
4417
3638
8036
2603
8849
4717
1928
8092
7157
3985
4422
6074
6626
6550
5599
2195
6362
334
88
7815
7963
8021
8877
1436
5546
2053
7842
8353
8048
3372
8102
4581
1940
3462
7093
9512
3855
3684
5066
4307
6603
7685
3351
4163
5486
9917
3572
8566
6642
1589
1620
7762
1178
3021
5034
3316
7426
6342
371
3445
9628
6129
7798
7310
3296
181
5737
6153
4057
2212
5256
5200
8508
784
460
5816
812
3112
273
2101
1478
6067
6820
4003
170
6166
6756
5473
4698
9323
9671
6277
6276
5926
9662
3291
6200
3820
1054
3962
3548
1668
3784
8177
5539
8096
7275
5680
5197
4046
6671
3636
6173
1396
1869
4636
9823
604
8825
2342
8938
5908
6335
6744
4191
6828
8152
5027
4423
1395
4473
5777
2014
2823
2918
7413
1840
3770
467
7922
9584
3580
5466
2623
9094
8836
9898
7366
1327
7138
4461
119
4361
493
1733
6842
350
3650
6236
7774
9538
1920
9809
6666
440
1308
841
4962
1863
4102
1166
3612
1754
7766
7809
8192
8812
3290
8671
2865
6357
551
6722
4333
202
8809
7356
4286
6230
1796
9219
2031
2562
2108
8165
811
9641
8273
9071
1674
8072
6695
5153
5313
8168
9552
148
3042
4408
637
1127
2721
5850
8776
2349
2615
6414
693
2961
248
1448
5127
9961
3865
132
8299
7836
4001
8713
7654
7765
4389
7543
6951
6859
3549
3027
4110
2308
624
4214
3117
9531
6797
2517
691
6739
8898
3926
8406
6527
7828
8723
3997
541
9817
3142
5815
5323
3124
9567
1511
3390
8784
5351
2129
1751
4495
4706
2055
6545
5020
4610
9142
9294
8821
9398
4718
3765
3303
1968
2664
5257
1967
8494
391
3213
8402
2591
536
6699
1077
2903
4802
6675
2218
120
4885
5670
4936
4684
3847
8150
2677
9616
6726
4424
5620
654
5901
8223
1692
602
4009
8003
1388
6456
6177
722
7045
6885
3560
9432
9113
523
381
9580
6562
8539
1168
30
9775
4747
4378
909
5547
6814
9677
3754
6175
8374
5555
1836
3519
769
335
6597
7953
4785
1841
5618
2036
5746
345
9266
4539
752
7727
8828
2293
7115
4104
5185
3476
8160
3007
8857
612
2339
6663
7892
8633
6795
6384
420
2287
1641
8240
3651
4217
9458
2953
4445
7877
3209
6386
7581
6787
5012
4869
1583
5124
5864
9514
7249
9373
5836
8902
51
1487
1950
5571
7121
785
6750
8841
864
3600
4888
9470
1252
1102
4990
1792
1225
5516
2110
915
8714
9287
1403
5281
3130
4681
9036
7850
897
113
2777
4435
1682
2121
6639
8080
102
8257
842
2555
753
9779
370
5199
5853
328
4437
5422
2205
9070
2246
4219
2112
5970
8222
8694
5889
2867
2190
8570
7734
6330
684
9223
3908
4211
9682
8834
2100
3458
137
681
5368
4956
8399
854
8992
586
6940
8170
5441
4486
5038
5974
3786
2234
7537
6174
7347
2839
9165
8234
5931
9193
6110
2209
4653
7723
2533
6008
7301
8159
6858
5434
4260
2807
695
4660
8700
644
6392
7520
1564
7755
6601
6393
6425
5387
4266
8362
3133
875
5504
2931
7994
3700
3722
7690
4114
4060
9533
1555
4277
8588
5070
5274
3337
1071
7883
9965
2652
7076
2733
8162
6907
5398
3465
8354
5967
5186
5480
7937
8929
8585
3344
3239
8274
9509
5594
9569
4354
7648
3090
4325
9386
9428
5622
6116
7459
6777
9726
79
3660
1591
3122
9200
5429
4499
8392
9990
3164
365
9015
2437
9749
1352
449
7515
6060
6128
2624
4411
2161
5129
8343
890
1584
4299
8310
7603
2501
9639
3341
4443
8746
8432
2340
6888
9010
1047
799
5312
5343
3119
9714
8754
8404
1744
7668
9922
8130
6749
7489
3937
6741
8022
1669
5894
9520
5381
4567
1780
8195
640
3730
4651
1883
8512
4889
4462
4803
9957
4782
880
4865
3243
6664
5784
7455
9437
4590
6119
3587
7589
3727
311
2992
7705
3246
8793
3974
8843
3160
6299
6990
6331
9159
5165
7791
7784
6719
8464
7592
6920
4941
9214
5172
9291
8083
4138
1475
8382
8033
5915
9727
8483
5797
3174
9527
1992
7884
9713
1926
6579
9721
4024
7787
3178
9587
6373
2660
222
810
8371
1661
2836
338
5275
8832
9719
2241
3251
4444
6544
2766
2734
435
7456
5106
8049
1791
5453
7258
3503
3843
343
2069
7078
3914
6229
2000
3881
7854
9376
6811
8151
9666
7701
1607
9904
7742
8502
6717
9793
1975
1319
6771
6339
8690
7240
5840
2146
9099
7368
556
8282
8903
9645
5582
3979
3817
9472
7546
9855
1590
8465
7106
813
393
1189
5446
7211
6017
1316
7431
4439
9491
4379
3721
1539
6219
6035
3780
5708
5028
5755
3444
7251
3286
9653
9289
1035
4327
234
9760
1394
2631
7624
4002
6170
2696
9279
5553
3120
1903
6825
5678
1640
3595
6778
9519
6716
9210
6147
5949
1349
7279
5881
6781
6979
9097
8952
227
6235
1257
8116
7165
2713
315
3984
6062
639
5277
1125
1360
6682
1242
3922
1340
8271
5808
6324
2741
9031
5771
6592
3768
5524
427
5641
7432
8730
7918
3015
7647
9047
2843
8583
3450
4863
6102
7867
5409
2456
3439
8307
590
5826
1927
8586
4249
5933
3718
564
7053
6434
1480
4480
7247
5804
3185
9429
8740
879
3806
66
7627
6922
7372
9675
5643
5458
48
9551
9311
2561
2353
6403
446
5627
4922
8803
7517
1004
2094
7744
210
6934
5825
8447
1730
6113
5247
8457
1919
2776
8550
1198
3999
269
850
2932
1331
2825
2073
3551
4159
1062
471
3870
2508
8024
2524
4368
4132
5269
169
7292
9280
8751
5693
1485
3698
1989
7692
5636
8660
7954
8545
1693
572
627
4833
4331
9835
3538
6790
3068
230
232
1718
9679
8219
7162
2077
6070
8783
1560
7521
1315
361
3665
3424
4388
9716
4129
9537
5132
1359
7216
4313
6978
5442
5238
4773
9733
3584
1495
5616
2674
8572
1229
7215
7305
7598
7311
5081
6547
323
883
3959
8976
6329
6350
8626
8659
4403
9024
8286
1756
5406
2035
7835
7523
9134
1622
9436
934
6089
2132
7214
9815
559
9354
6706
9392
3317
4501
763
4025
9060
9462
563
2214
4778
6939
3857
3983
638
8897
3256
9096
8937
8613
1414
6892
2364
2325
7908
4405
7063
3020
1635
3720
1134
3747
5454
9774
6805
5049
410
7064
6551
2472
6998
2569
2414
1183
1028
3346
3244
82
4322
8748
9615
6624
2007
2024
8827
4048
9893
8334
8288
8043
8423
8653
3760
5385
9202
4640
2023
5496
4779
8735
1610
9255
7114
7508
9908
3628
3917
389
759
8148
9594
2805
5094
3146
8662
6257
6584
7008
5537
8461
2382
3126
7281
2937
984
6753
7296
7254
4680
4855
1219
5858
287
6959
8415
4152
1533
3520
9110
9847
464
6911
9923
6088
894
7898
2784
516
2157
6500
3481
5356
3380
5721
2492
2159
988
1973
6046
382
1380
6150
4116
5220
4545
9124
3003
76
103
5943
9297
9317
6244
3854
742
2711
5278
5484
6827
5140
9903
9523
7527
63
4124
7573
5390
7168
2058
3775
6621
2480
646
3610
4010
5562
3894
7089
348
3953
2744
376
5739
4542
9801
3873
1876
4963
3453
1855
9102
6964
7173
622
7342
9919
8920
9
9526
860
4167
7337
4882
7314
6464
4857
8119
773
1492
4289
4726
632
7874
4858
1934
9152
2504
7117
3890
8380
486
7969
1525
2558
2616
7682
4934
6259
9661
8261
3814
7703
8455
8794
7049
5833
4921
4687
6084
3395
5444
7675
9539
5001
5879
1157
6973
8294
2747
3751
3055
1351
1087
6264
1993
9334
5031
44
1053
6459
7323
1976
9763
3523
3311
6227
4206
7278
1745
3836
2379
517
1132
7202
1471
5193
7579
699
4999
4755
781
6944
5069
9683
542
8982
8243
2874
7354
2311
8546
4627
500
1081
1073
8133
9468
8866
249
2388
5045
1979
614
1476
3184
4638
3426
1207
4381
9029
7599
6672
977
6181
498
9281
156
6860
6023
9479
2240
363
1405
3227
3735
7617
3298
245
5710
3958
5130
1587
6250
2565
5508
5327
1713
9218
6318
9753
5088
7957
5071
9942
4647
5652
6025
3744
7123
1987
6152
6745
3035
73
7147
7430
4255
3464
5823
4607
9515
9557
5483
6711
2389
531
9860
7437
1353
5329
1468
1430
3898
9506
7133
97
4748
2863
724
6169
944
7201
8501
4079
3886
1400
3113
6268
7962
4226
5062
7475
1070
9599
2091
4536
6567
7769
3270
3874
8623
1342
8004
8206
4729
3335
4548
9115
8871
2936
5695
9170
9541
4927
439
1604
9646
4796
2967
6161
7532
4541
4144
2098
220
3024
8815
6265
3715
1958
3328
1843
6319
7697
108
8956
9393
4783
5279
3229
7863
4887
1944
5478
1759
2587
7239
4866
6850
7110
1477
7759
7153
6721
9272
9535
3576
936
1251
1724
788
6718
4237
7890
6555
8292
7383
1700
1878
5459
1905
855
3459
3183
7500
7445
1484
4018
3850
2519
2286
5488
7597
2351
2225
4303
6687
2701
4613
4977
6616
9262
4007
4201
7054
4180
4292
4524
7401
3756
5228
680
1227
9586
5151
3759
8638
1746
1860
2584
554
9162
7702
9845
3361
8075
7810
8437
2627
3278
4248
6052
2370
6462
931
6578
6510
9560
7550
4891
1837
2763
623
6612
3226
406
6271
5448
6282
1568
5501
3558
9199
1752
7783
4420
1112
11
4189
4073
9609
5439
2838
5763
8009
7983
373
7207
8247
5812
2292
1575
3915
4318
5379
4118
1719
1014
7829
6863
3370
1853
1130
125
5844
6048
6144
9525
7129
1005
1012
7981
3238
2424
32
2128
3101
1373
3643
5470
5964
2425
7757
7551
6468
6039
495
5671
6676
3683
8252
1234
176
2781
599
7002
3961
2040
4712
6353
1810
4987
177
3108
3789
3300
5637
647
1632
570
6081
1298
8368
5131
5091
8256
4311
192
9604
3613
940
1187
6738
9882
8187
7610
6007
1423
5638
3240
2875
3127
6625
6095
2773
1716
4452
7583
7547
5751
4199
8529
2798
2104
1452
4971
922
4741
9791
5591
2933
6942
7391
5872
655
9377
1839
9752
7750
717
2111
8128
2745
4797
3280
8968
6099
7822
9755
419
5064
4690
6269
9411
3695
4926
7166
5162
8060
1446
8951
7350
6662
1838
9781
2539
8870
2537
6889
3809
6993
9607
9994
8251
2718
1197
9837
6401
3841
1256
4101
6636
4993
6134
8277
7563
7179
9798
2294
9633
3188
4096
4836
9787
913
3026
1781
3095
5461
4930
4547
7975
665
1625
390
2925
4566
1441
9634
8830
5008
5211
8651
1687
4622
4222
716
882
8078
8650
1100
2275
911
4901
3496
3912
3485
9983
4939
6727
2999
8770
732
6279
4623
9190
9608
8641
2995
664
2017
31
567
1270
5603
74
2708
2926
7819
9187
6499
4689
9133
6980
9063
284
5121
52
463
5887
3041
1341
384
6838
679
2886
2666
3096
2712
2203
5158
6798
4904
4475
9856
6833
5999
1317
9121
1109
3617
8538
582
5681
322
5112
4576
9248
2407
7352
1228
9656
8523
7073
8308
3597
1469
7325
7316
8977
959
7878
2487
992
9864
4075
3947
9729
4711
2385
5778
3144
4974
4900
8587
9598
1886
9161
7510
1701
900
4142
8665
9038
2917
7304
1332
3402
8313
6659
8253
4021
9695
4169
7987
9056
5427
1290
8454
5194
5632
7460
4626
5934
2809
7722
352
5310
6308
1101
5267
8135
8984
6525
3110
2276
5679
4343
47
