7933
1057
7695
6745
2227
8600
3336
7066
7348
8881
2477
787
2553
5355
6048
8996
6854
9679
6659
7072
2891
8983
2051
9858
9529
5817
6921
3359
1078
1446
1688
3045
5979
9888
3984
6122
2859
7455
9804
3057
7447
8079
6810
811
4407
2022
4419
8539
5796
5753
9328
3217
3699
4931
1175
9501
3285
653
1076
3642
760
6456
764
7815
7028
7881
4109
1401
557
5993
688
4802
1569
5882
4161
7702
5471
4668
431
1272
3193
376
6915
3298
4796
7025
6115
5582
62
1243
5407
4648
1116
7033
4914
9893
7927
7245
754
13
5719
8229
8721
2394
4597
1553
9337
242
492
8184
9163
7387
7788
7249
5865
7624
7076
1531
1517
4745
9243
9578
5238
6577
6287
8378
6284
3518
773
1745
4261
3338
9925
1557
1270
7471
4865
4871
380
5774
1228
5574
9478
2971
7158
6599
6833
5444
4002
2220
9643
5080
2884
4514
6759
3348
2379
2540
6780
4107
5188
8462
9677
8685
5290
2002
4423
2307
5632
7026
4925
1235
1169
8709
8547
2697
7809
2501
5619
5942
1718
5997
1429
8813
3296
6824
5761
3384
5624
2875
2214
2358
3685
5938
6411
1245
8009
2069
5857
5706
1046
4860
1083
4913
1281
4755
1683
8145
623
9416
2467
3550
969
9408
6874
9339
3962
7200
10000
2511
7395
3153
5581
2917
89
3427
4130
5523
2435
8535
272
5763
9640
7416
1513
2028
8212
6010
3120
3463
1693
7628
1032
6767
8221
7539
9263
444
9807
1729
481
5564
3636
7763
5435
9299
2258
464
1224
4096
5044
4354
4944
4360
5532
7418
1364
4067
6090
6125
1565
1991
4488
7885
6703
405
190
5890
830
6763
843
693
6246
1696
1351
5782
3199
6890
3969
4336
7441
3693
626
9973
2978
7934
2462
3860
2877
7799
4105
6402
2953
848
1499
476
7256
1854
2446
7785
7204
9502
5641
3488
7754
2645
9617
6369
3291
3542
8933
5742
5169
8421
3197
7131
2035
7962
9546
9304
108
5481
1758
2731
1866
8523
8388
7180
9079
9871
5001
4733
5696
4185
2885
7728
2931
3742
6071
1966
6261
8258
2431
8358
5247
9391
7114
3655
6945
2613
6079
7535
9942
4800
7368
9579
1271
7461
9196
7636
4933
595
167
1620
4056
2362
3116
3437
895
8497
2602
2135
1987
3672
2385
5977
5476
9009
1548
4596
5967
4083
7906
2867
3974
804
5910
5669
3661
4060
7411
9385
2992
852
9779
3233
6133
9684
1954
3018
4808
2574
2641
8877
215
5345
5167
7893
9289
6081
182
6634
1916
2506
4706
1471
644
8584
5282
5390
8453
821
5637
5269
7666
1345
1917
383
5702
6365
7019
694
7673
3782
8303
2326
6492
3363
9203
8028
751
1881
7487
7773
4663
6306
4055
5384
1106
5130
4930
2639
9805
4103
5047
3794
6569
7862
9923
1127
6952
6083
6179
4147
1864
732
2146
9297
1754
2849
5732
9241
6983
2608
3941
5197
7930
4840
8836
9171
7143
9
3362
9318
7170
2980
3096
8022
6466
8276
5417
4729
4843
2624
6380
2590
6283
6384
9662
8138
6601
9131
3911
5969
9771
7567
7121
7332
7766
9067
6345
7643
4718
1705
4734
980
336
1007
5710
9909
9542
9414
4133
8205
7117
2901
2750
1801
3047
498
7451
7983
4012
1848
9001
6820
5856
330
332
1559
6677
7152
1869
6359
6025
1198
9626
7313
3914
266
2478
8582
6204
9375
2391
3081
3591
7953
8806
2534
4717
6583
1453
7292
6153
4220
2070
1591
1436
6808
7700
3797
9452
9770
9939
4551
8369
3533
4635
6132
185
7199
440
8274
8422
2797
7572
4686
9191
8607
2790
5293
7198
580
3564
8287
1315
7562
2373
9124
3968
6996
7053
7776
8094
534
6312
6980
9526
1009
7130
8143
5488
2840
789
2652
8321
6500
188
2665
6843
3205
1043
1311
4967
3614
4121
9365
9433
1748
5234
1108
9663
1597
960
4949
2689
591
459
3439
9311
2426
6506
8790
1492
4557
6221
645
1654
8626
8928
8280
3723
7336
4728
9989
3726
3849
4801
1284
8614
9424
3206
4250
9666
3242
8719
2698
2676
2515
7190
9436
6336
560
6215
893
2213
6688
2864
3333
4443
5437
2924
2551
6234
7166
5615
4901
2348
9267
2089
6149
4629
7430
6201
930
5543
9876
100
6128
3509
3871
10
4363
8757
4715
8148
3552
5434
844
1636
9511
502
5700
9680
7709
2276
3201
2158
774
3148
4827
6302
2577
8843
6382
368
2868
3471
3213
7556
9214
7002
6995
4632
1037
3456
3848
6267
8771
9143
2935
9346
6400
9274
4902
3527
7938
5087
1220
4831
3588
1433
4907
7466
9671
2207
4285
1066
9618
8289
7119
8847
8852
988
5281
564
8811
6428
9657
260
7410
4269
6701
8331
5551
724
5114
1275
8353
3013
7683
372
4757
1384
6777
2216
6611
8586
9473
1430
3453
6392
7688
3391
6047
1091
6326
2150
4962
2237
2691
5369
7569
1921
8915
3667
4707
6747
9132
1968
2680
6719
4120
5764
7500
1521
4274
6337
939
3229
9088
6100
4017
6008
8830
4690
163
4348
3226
5296
8866
535
9227
5665
5097
4985
9300
7113
8871
5009
2427
862
1507
5051
3874
3875
9057
3308
1017
6238
901
2520
6764
8882
3730
5383
1124
2111
1810
1776
6376
9845
5430
8446
979
4613
9531
8323
8396
5705
1146
7883
6096
5932
6939
5756
8242
5333
4243
9246
2363
9530
8628
3315
984
1187
7468
3708
9602
7514
1998
5133
4139
441
809
8605
3129
8156
2350
5826
3773
4897
3283
4321
2098
5231
2459
3470
6654
3727
7541
5487
2862
578
8897
4249
235
3121
621
8999
552
1974
6633
6555
1592
2642
4520
3894
9816
6180
4258
8715
6519
9697
6845
2233
9271
1171
2768
4421
9828
5718
7755
6434
8021
1992
8549
5095
9700
1906
5794
9952
271
5978
320
1162
5468
9495
179
2461
5361
4585
3510
5821
1934
2354
7680
4078
3318
6058
2656
231
9364
7012
3923
1340
6668
955
3385
4936
2078
8939
2004
2419
128
6200
9580
7267
6676
1860
9273
78
6869
5112
4480
4415
7405
7905
5406
872
6108
3027
6446
1176
7585
7010
6362
1957
9387
8565
9505
8095
9154
183
5693
8681
3861
3004
5664
1135
5082
9696
703
8125
5449
3827
9534
691
4375
4440
413
1392
2293
1978
9818
4921
307
4368
8027
9251
1391
2658
8330
7144
3740
6877
7530
3633
6553
2048
6522
1645
3845
853
1495
6049
7365
9669
3186
1354
952
9197
9493
4545
4288
6867
4231
1692
3979
8411
1012
2783
4197
5846
5265
4201
2842
5780
7239
4286
8263
8219
5502
2808
1772
9683
456
2760
2181
5099
7854
3716
5000
6904
7841
2523
2305
2585
3450
3011
8762
12
7789
4999
1615
5860
3396
2694
1274
485
954
5442
5934
7664
5429
4574
3102
1577
8513
7371
2660
5684
1829
3339
75
1596
810
5604
5378
8026
3787
9931
8139
5016
3895
377
818
6436
267
7164
6120
6126
2356
4066
8537
1470
1297
700
6681
6494
2226
9827
3593
4662
6092
2134
9129
6942
539
6549
9500
3329
1515
7980
2443
2153
5441
5104
613
2139
2132
6574
6367
5401
5537
3327
1528
3262
1560
6235
2187
3140
4639
8442
635
3939
5923
9919
5935
3553
5789
1831
8781
9134
7318
3448
957
5139
9981
4303
6464
6817
3366
3373
4459
3369
211
197
9359
5743
4394
7400
3583
4332
2791
3643
8466
9777
5840
8977
6554
9559
2271
4552
9015
7258
199
6771
3227
6373
7810
3112
2685
8972
6793
8855
1588
8201
5635
2154
6059
4144
9982
4856
8501
8163
4744
5799
9622
8078
797
2830
1493
9453
3473
8086
4272
702
1489
1722
7865
1112
447
4338
1988
9465
2623
2870
3282
4571
5448
6017
3934
2074
2530
9064
6798
6158
8182
1363
9183
5640
9801
9681
3469
2919
7159
2374
6818
5026
7140
3899
7855
6851
5866
3595
6873
5018
4331
2929
5273
656
2097
1138
1101
8410
7909
5254
8563
9189
8587
6035
6571
5349
2395
435
270
6521
1010
2061
8921
2218
359
881
9356
4809
3094
9277
5015
2315
583
2800
3132
3449
1903
8352
4589
7698
4248
4758
9730
4137
2375
1708
3783
3443
8583
6685
6335
7504
9325
1473
7322
2170
8474
1086
4499
3035
6875
4393
9140
4680
4312
2759
9308
4836
7118
8680
4773
6151
5054
9752
1625
2366
2117
2490
5790
9073
8262
7489
5557
9119
4136
3270
286
7684
943
8692
4678
5973
533
1452
1741
8
9371
6452
704
5039
6696
133
4621
9060
8344
7280
565
4387
32
11
3515
2627
9795
7018
7857
7370
6424
2711
3948
9148
9400
3335
7377
2041
4406
5713
356
4395
1219
2390
9815
2474
229
9903
7205
3487
542
2865
4449
7235
1925
4825
2813
2743
7545
1139
2280
4372
9575
2283
5559
8619
1892
1598
2619
8610
6678
1186
8741
2505
5289
2361
9083
1461
4513
3679
8431
622
1576
5368
1024
1584
5109
1185
2650
9157
590
223
1375
1927
5382
6191
7608
4708
9012
1603
2794
8359
8698
6736
3635
5552
6594
1698
5205
4437
1711
1277
536
3345
9768
5162
6797
9650
8001
3377
7846
5955
9310
8266
3957
7866
8129
9242
6013
1121
9179
9115
715
318
6628
9960
57
7181
6231
6307
5811
2663
4188
6277
6936
7328
9040
1397
2754
6477
3386
8787
2302
2575
439
8697
2285
9078
3910
5153
8774
3678
1348
6507
3965
6662
8475
53
3913
7758
1542
5691
9910
2259
6617
4580
3866
2974
6533
4142
9332
7408
1252
6961
6440
1975
5222
4106
7268
5038
8784
8938
7075
7999
9141
1537
1325
4507
7175
4276
5989
6007
1427
7649
6140
9899
734
8740
605
9866
2726
202
8155
6269
9750
3221
1050
1845
3281
4308
7613
5741
4790
632
1891
386
9649
1414
259
7892
5136
3978
6085
4245
4044
8498
5529
3706
295
273
1167
198
68
6422
711
6210
6489
7409
9654
916
2823
1720
9149
1002
2626
6865
4329
2264
4780
1084
3376
5629
6318
7422
4832
4296
8005
8550
3665
2825
5466
1873
1947
540
3288
8864
3352
7236
5547
1019
3737
8376
7959
5593
8829
3590
7654
9394
422
2365
4405
8635
9018
451
4799
7088
2719
1180
8044
3222
7891
8801
8083
5340
187
2072
2116
4512
8511
6425
6176
7972
8149
2039
1386
1914
4169
2149
2985
1796
3587
8066
3631
3749
8090
2748
1541
3388
42
3347
3241
2573
6295
64
7574
2177
4361
9706
5138
8160
3216
6356
2064
1223
9557
2548
3801
200
9951
3395
2014
921
3381
5740
7694
5342
2723
4128
9892
2222
4036
8867
6974
9678
9841
8234
6371
6186
5690
7752
3053
3907
4807
9728
5060
2053
709
379
2975
3834
801
3628
6779
8193
4041
6480
1373
2357
284
3892
573
5358
9165
2923
8006
475
4241
8231
5576
6397
9135
2554
9425
154
6954
6394
746
269
2751
8166
9302
5064
5198
9757
8180
6602
7992
7337
7362
5897
5380
5884
566
2106
795
6650
8304
5647
3358
4054
5833
5584
1617
6060
308
4524
4806
8789
3616
4263
8213
362
1376
1090
9326
9774
723
1510
4650
4976
3341
5991
4227
1905
4769
6998
406
4908
8312
4724
3444
79
8726
6679
976
2921
354
5946
8611
363
1775
4183
7145
1256
335
4481
1856
8845
1627
3041
8942
4340
4845
6432
4473
7678
5391
6580
6994
8807
8169
4251
1556
5540
5484
9748
4739
2717
2049
5245
224
4517
7251
2998
5855
7247
7829
1062
3202
3671
4213
664
5995
7054
5025
745
9002
8088
148
9258
5500
2844
1552
2714
412
7940
7931
7084
9859
8833
3501
3701
1595
8132
5351
8307
2299
8556
5656
4293
1022
8991
5785
5531
7786
3572
5816
2742
4176
618
2780
5990
9101
4923
9998
1980
6040
3172
428
8533
6526
967
3295
9161
98
517
7656
906
8907
3108
7479
6364
7385
5424
7641
7551
92
6104
4192
3954
8776
4221
8849
634
9637
7725
4072
698
4218
6868
1663
8956
8045
1130
4370
676
4112
640
8097
8152
5952
959
4586
5964
6491
5546
8299
5221
214
3198
7367
8870
9946
9590
9625
8512
2773
2468
6290
522
6541
9520
584
6632
2718
597
9836
7047
5190
3956
6197
9997
448
2370
3099
727
9746
3156
3770
6708
8178
106
2174
9063
7665
7093
7049
6975
99
7005
2959
4764
9170
3489
8238
8084
4945
6473
7449
300
3904
9103
2065
8065
5655
6545
6598
7074
8705
1782
8580
6852
1539
7974
3137
4838
7945
2671
8087
4957
5310
5143
1133
7036
8444
7716
504
4284
5871
9670
3220
8786
1953
4177
84
9056
1567
3109
8783
5475
5544
9122
6582
3008
7617
9608
5770
9450
4681
4149
975
1372
530
8655
411
4447
2988
7543
6026
7976
5478
5049
5121
2058
9561
9185
4750
3638
1941
6758
796
8862
4171
6250
2345
4539
6487
5077
8716
8425
1052
9849
5256
468
8349
7031
3868
5225
5161
7627
9556
9313
9355
9411
4453
6002
5813
708
5477
3525
5877
1798
4498
3975
6208
2818
933
4824
2963
4882
7477
9427
5668
8190
9926
9437
7711
5516
7651
296
7424
5945
9929
4569
1013
9047
4483
6590
8575
1911
470
3842
9156
4187
8754
2410
4292
2082
46
3820
3918
2969
1047
9146
1147
494
9987
2563
3566
4565
1028
8812
9854
3046
4920
72
7201
8627
3704
1334
2017
2667
6309
7880
6795
1213
1727
365
8980
6276
8730
5427
1100
1981
3085
3114
8863
8247
8434
9208
3829
4555
4963
304
756
5575
8658
2086
8854
2991
5605
9446
3682
8636
8488
5078
1506
2453
4567
9753
3901
392
8687
5788
1578
1835
2547
3440
7760
7196
6606
9107
5521
600
8508
9607
4304
4906
9548
73
4295
2538
2429
8816
6423
3725
733
7616
5364
66
2936
974
4337
8825
3565
8081
8343
2904
2571
9754
3334
3474
5783
3184
2269
3541
3847
1951
5379
4700
8888
3844
7944
7630
7358
898
5068
3507
748
695
6211
3252
3095
4345
6196
6982
5614
1200
8483
2136
3619
5695
6653
6926
876
4550
2484
8603
4657
8054
4267
8572
3872
4283
4798
7304
6567
2569
9581
4446
4118
9461
4298
5472
2378
8743
1919
2843
3761
8623
3191
2120
4970
6698
9826
268
4328
7013
874
5681
9125
888
6421
5456
7017
6750
8615
4181
9565
2495
2724
8347
672
6015
7679
2066
6076
2605
2572
5053
6673
1564
8269
6965
5360
6225
9070
5266
3237
3074
891
6438
445
9809
2926
1803
3720
7308
5216
2684
8377
7264
6430
8853
9879
8025
908
2839
9883
2148
2703
2042
5372
2440
9734
1804
3123
6299
7751
5288
9806
6291
2539
3504
8734
9421
9420
8986
2253
9294
803
9568
6656
8470
4448
6862
5159
5930
7034
8930
3307
6993
7266
2566
2653
7420
2018
6726
6629
5853
3446
1648
8803
1558
1849
7978
7234
5868
144
1258
2700
1039
7954
3967
780
9104
8984
4266
588
531
3248
4760
8570
669
3698
5299
1732
4727
6245
4420
7852
1621
2939
9218
9597
2445
5057
7244
6928
8654
3170
8990
1089
7784
4536
4323
5229
1459
7510
7790
9413
7898
1202
7877
2814
4598
7993
2964
3012
1586
7827
1979
4772
3476
9116
2244
9616
1288
9422
9717
1454
6938
49
3943
4877
9483
6710
8940
9947
3835
6756
4852
4713
6712
665
3777
3264
3152
5277
6107
7985
7246
8386
4754
487
5412
5363
6718
1287
4594
2240
4497
6850
7232
6849
2683
2863
2129
3823
3902
5347
8997
5062
1786
5085
5513
1739
7994
1286
9725
9953
5189
2883
3854
9599
7193
6447
6203
6022
1794
9941
963
7851
3971
4924
4426
6835
968
1946
5285
860
5725
1757
538
2110
8578
9603
2899
5504
141
9644
5503
2165
5748
5674
1402
8297
1747
1677
7290
1120
8617
8036
1149
3528
2179
8971
4186
9954
7850
8717
9567
6568
7722
9319
2655
8552
6343
7887
7132
1472
2444
1242
3858
6766
6989
3946
1546
1276
5328
1197
9054
1910
230
4969
7638
777
1904
1668
6713
8464
2266
5958
4705
7589
4822
2100
7981
9269
5276
3936
9825
6387
7774
1984
8177
3054
1155
3813
6361
2026
8295
1096
6178
2368
617
1291
6389
4475
9494
6175
218
4767
2341
8116
1765
3610
9948
5755
7646
4386
1349
9226
5324
1005
168
1895
2300
8154
1961
1797
1424
2583
7532
2398
6841
115
868
4993
3559
8018
4291
1356
1675
7989
3235
7775
3163
4776
3634
9130
4813
2235
3183
7942
8828
2306
6064
7020
2099
2125
6929
2786
9108
776
2597
5195
3903
7894
6262
4477
393
1184
1253
8904
6170
1194
5208
5249
5330
2512
6863
4334
8647
45
2950
5005
885
2180
9878
7223
7350
1273
4748
1943
4561
5904
2881
7647
5088
2524
4490
1867
567
596
6057
3764
7148
7345
5251
4399
503
7686
890
7226
3038
2606
8876
9399
1393
8756
2604
4814
2756
4225
8128
2142
415
8890
238
9492
9509
8491
4390
2670
2043
1172
8210
6185
4916
2346
9897
8514
4226
4271
1008
6735
543
4868
3990
8656
1843
4277
8764
5490
3929
4830
1394
5873
9963
6950
6097
6588
1514
699
3925
7427
5316
5168
9719
5683
3745
5912
344
6754
8024
9177
285
5423
9528
7662
2882
3247
7168
3517
4094
8348
103
5408
6704
8075
1423
1650
9847
2560
6230
6786
7748
8199
5045
181
6621
3640
6358
4980
5447
8755
7593
4989
1691
1482
3464
4411
987
6981
7176
7876
822
2224
824
6527
9584
2256
7642
5446
9376
2690
6948
4677
9393
4306
7890
8798
387
6116
772
6709
4098
4818
8237
1316
9220
3092
8769
2764
7329
9713
6895
9720
5203
9988
2729
1682
9194
3400
9615
6469
5119
6509
6727
1995
1862
3104
2336
1500
8835
6244
6920
8458
9202
9722
3513
9340
9262
9320
7515
5963
5925
1174
93
7062
2421
7052
6563
4011
3065
1922
8494
1661
6065
553
9159
5579
4454
6285
484
1183
8390
842
9066
3468
9343
3423
545
191
1522
615
9736
9234
1407
4203
340
2059
2928
4859
7467
6016
9901
3833
1079
7442
1788
561
7437
5483
8509
4547
1938
765
9037
2622
6584
436
8469
3521
321
4038
737
4095
4173
5004
6572
8708
5102
5689
6525
7826
2457
8574
465
6476
7621
8988
82
1964
7192
9562
1434
6893
6214
9986
5708
4403
7520
4749
7380
7501
6293
8686
1466
947
5366
8074
1631
6721
6228
6463
8013
5394
6069
1111
4082
4610
4206
7618
6821
1229
9003
4016
9303
7882
1305
2564
7011
357
5230
4091
1246
1832
9573
4414
9772
689
7777
5014
1318
9336
9653
1410
3862
3545
5639
5751
8701
3503
8495
3088
7115
6339
9097
1563
6205
8993
7839
6652
5906
3843
3724
6796
5093
3228
4546
4568
1852
1105
293
1314
1893
410
505
3037
5803
8926
845
8363
212
9386
6548
9993
2805
1160
6903
5147
6233
2967
9724
8361
3036
8768
1511
3304
2838
7384
6032
1940
5496
8932
1417
432
2339
5240
3495
2137
9293
3025
6401
6054
333
6460
1264
2422
6056
6540
875
8146
965
3973
7523
3051
9112
2016
4424
328
9822
9977
8109
932
1438
6320
3883
7747
4048
9711
9932
7687
4129
2725
3926
101
516
7899
4238
9778
3709
3268
5608
6716
3412
2121
1232
424
7137
3255
5300
7415
805
3617
4685
1203
4888
6334
2189
3555
6683
4998
9121
6503
2255
8620
836
2321
4896
2024
3669
8664
6011
6642
55
5052
83
3239
3683
2337
5768
2510
8316
8456
8618
452
3482
9673
9549
1844
2740
7351
1126
6853
7219
4347
124
9569
5613
2262
7719
4024
6658
3607
1930
8589
775
1784
9430
9000
5752
598
3209
8898
8931
7402
4168
9338
4590
5721
8982
4573
8579
325
8872
6770
8995
110
7859
1054
50
3659
8111
9236
631
3505
6612
6972
9043
1439
3122
771
2895
6889
2167
8052
718
783
7185
9182
2535
7067
3173
8039
3375
5808
3769
8141
9443
3200
8558
7544
2796
9898
8564
322
7867
8973
5083
9609
2380
5660
2654
3022
6241
9460
7359
6586
9796
288
5645
7764
911
5595
5122
1659
3428
3905
2115
8925
2746
8447
730
9726
7083
1755
2312
6258
3585
1599
6774
7136
7768
9381
2405
3656
9484
608
7759
7508
5283
878
7269
8502
4451
4020
6622
1063
3106
3138
3026
4698
7483
4287
5971
5652
349
7734
8896
4341
3942
4630
1579
5110
7360
6657
6078
3350
7081
5313
3194
8861
3622
8962
3945
8265
134
2029
5202
6511
8608
2550
6725
1956
8296
8659
6607
9737
6305
2463
491
6173
180
4974
9687
1154
1118
4870
2776
1196
4376
1518
5965
3897
5074
4720
1240
4640
8621
4088
4829
8043
4358
6103
7183
4948
2702
5792
2977
1390
2075
5274
2521
7129
5722
3289
8174
8920
6484
1547
6038
3558
8459
9853
2353
4043
6183
1113
5409
887
3681
164
5492
1701
2632
6084
6490
4362
4228
8120
1449
6757
8551
3313
3433
4378
7553
526
5886
313
3441
1073
8427
5413
3906
5134
5320
5123
8818
7845
2015
5180
3935
8354
2966
2290
527
7923
6934
4682
3828
3077
7534
9791
7924
3649
8859
2831
2334
6414
5704
2387
1606
123
9260
4880
109
9738
9732
3484
1670
4782
1339
582
647
4008
5034
5374
7216
3981
6006
3015
7803
2531
5297
9731
8414
4305
3599
3657
467
8454
324
3273
4199
5728
8284
1681
9471
3938
1574
1188
3775
6488
7979
9172
7720
1282
2340
706
7878
162
2320
7838
5191
6448
7598
7428
8436
4684
414
4180
4929
122
3917
9023
8713
3836
9168
2905
1016
2961
8601
9013
1969
7712
9342
6811
7438
5032
7568
9693
317
7984
3577
9292
3912
331
832
3882
1861
221
4885
2668
9576
577
3548
4102
9045
1177
2138
6587
6886
59
2541
7104
3983
5879
2657
3372
5399
6296
3839
1814
823
8050
3637
7073
2
6474
2587
7594
2947
6385
4873
5404
8328
5084
1647
5864
938
7916
7149
2508
7625
812
5432
1233
8200
850
9965
5511
2955
1687
1181
7272
1882
366
2708
9691
8260
7726
140
4562
2008
8748
8342
3263
2286
5243
5812
7007
8775
884
9164
3950
3569
5495
3645
1519
9896
7353
1383
1441
6879
3141
2782
5486
2943
7248
5499
6605
3856
3076
9076
5591
6956
784
3673
1805
8417
6609
76
7000
1651
7465
840
3771
6089
7276
8648
3931
7435
7626
8526
5215
9788
3618
9508
4461
2940
8480
5433
7191
1554
5013
315
2407
729
9402
5650
3260
5837
1137
1168
2598
2304
1933
2372
4071
97
2093
9972
6435
4566
9646
2279
3711
7252
1143
5558
8727
8037
8435
8747
7879
7919
241
8978
9395
8720
8158
1888
5599
520
8544
1939
194
3958
9689
6748
5233
2466
1752
4422
5291
2254
7907
4262
1674
7412
2124
1795
4025
6253
1033
5314
7082
2420
1152
8318
3728
8699
6111
8345
9885
8254
5209
7731
9628
3561
2972
8450
2993
145
1366
2871
7297
1487
2817
6912
6308
2937
5730
2856
277
16
4740
833
5776
323
2819
7186
9286
4978
1774
5685
9992
4359
752
403
6830
4792
9403
1132
562
3244
7163
2942
5107
7243
2291
5517
5908
8198
5118
1792
6949
2272
7550
4554
3695
7316
9792
5462
2766
9353
6884
4645
1819
3702
792
7123
9017
3478
91
1021
9990
8576
9560
1502
5791
1467
3853
6672
7464
4299
1643
2580
6578
4325
7306
5621
6271
8536
5831
8906
9265
329
4834
8981
6333
2265
5535
5253
3414
6209
2651
4509
4795
6887
5137
7566
8979
5335
9811
2586
155
6437
2906
5872
7952
85
5596
3272
1779
1416
1
132
28
6129
237
5638
8489
5280
3016
9641
9908
6785
9775
7672
7346
4122
5319
2263
8011
9976
2699
8507
3234
8530
27
3042
1568
589
4872
3691
3522
433
8230
5692
2294
7864
8285
5851
7127
9819
894
778
3033
8644
8555
1759
2669
8277
1686
1746
6409
3003
7817
5976
7724
929
3368
2013
835
1706
7038
2916
3652
4022
1841
7224
1530
3732
4899
7498
8631
637
3238
8360
8527
4155
7434
3389
8420
5617
1312
7078
7822
648
9026
5030
2973
6513
5707
1400
3718
2403
9087
152
6502
4588
3900
3305
6052
3651
8566
6000
6328
3301
9441
728
5264
4040
7715
802
3110
8593
2289
9794
95
4886
9010
5069
4995
9566
7770
382
4765
8733
353
6618
8777
9100
6990
1731
4892
1329
1337
4357
6043
9144
3602
7996
6776
2433
1501
4435
6033
716
3977
7211
6427
5620
1173
9955
478
6177
992
1035
8216
3546
2257
3230
8064
6944
8047
6637
4699
4636
3873
9288
3891
4504
233
1215
2795
2397
1209
9098
9254
8380
7453
4489
6478
6087
2545
3885
2957
1948
8123
3087
4062
9367
9755
384
3069
1308
1361
3319
2342
2727
8937
2522
7188
915
4310
8030
9912
913
6206
928
58
7414
4195
1395
8677
537
9652
603
1490
4671
227
4522
3292
927
3540
3750
9250
3340
2679
5827
342
8493
5479
4247
6784
6576
594
5802
2784
9291
8975
8101
9016
3688
8712
2130
5073
839
1734
6739
6332
3997
4397
2308
7101
7738
7173
1791
1280
9316
5567
29
9958
5422
7373
6715
7009
9516
1389
9868
3758
5048
2909
1072
4146
5508
1098
263
8437
6005
3689
5066
3660
7581
758
2021
2044
4626
6453
2611
7888
5560
4485
675
4990
2772
6431
4644
20
5207
9469
7988
3472
7549
4674
8821
7070
7382
9252
9594
9846
1994
6593
532
1915
7529
438
2603
3785
4501
8140
5515
1267
7696
6481
1104
5142
7902
474
8707
1581
2989
3219
3266
973
9765
2549
1842
3181
1959
2436
8808
4600
192
153
3398
2915
7966
8912
863
4006
6991
3498
1509
1346
2592
7995
5071
3146
6419
2579
6550
8568
3592
5554
7537
9315
292
8159
7843
3462
4432
4900
4938
9085
9674
9851
7971
1480
8240
8126
9891
4005
7632
5682
4389
7968
6988
4608
6229
4850
216
5836
8314
2503
5079
1724
7973
6027
1058
3189
5631
6641
8315
1163
8987
3574
3039
9613
327
7220
3733
1736
2576
3991
1764
4791
6560
8591
4881
3154
2400
4385
5634
1604
4887
7126
1855
3466
8873
6166
8637
5949
586
3697
8394
2439
9799
6902
8463
1053
9118
9020
2030
1899
1477
6943
9457
7925
5556
7547
9440
9485
2188
7730
7091
1462
7813
8233
290
7238
1094
3788
2481
6844
7090
9510
1218
258
6292
9120
3670
63
3989
3020
289
9633
2295
6693
524
1298
2970
7663
7069
8108
9417
24
3781
6264
6520
5881
4010
6516
1607
4500
7806
9102
6274
4126
264
4763
5506
316
396
3784
5027
1119
4462
274
6610
2601
8662
7816
3759
5177
806
2493
2384
2151
3367
2886
6627
5352
437
5823
9065
9563
1787
9749
7635
2330
9571
9968
5457
6660
7661
7554
3949
667
7421
4356
5395
4000
827
8521
6063
1102
341
2908
7287
1753
8883
9914
3980
5653
5781
6546
1773
3393
189
8657
4400
657
1715
551
8055
5326
9835
4820
9374
1610
8857
8588
2006
7767
9635
137
6046
624
4023
7823
3738
8301
794
2837
9249
7363
2038
1766
6805
3976
2565
9786
4383
5982
1081
4894
5642
3080
4115
3729
7997
2979
1704
1455
8503
5658
3601
6791
6247
7065
314
9913
3125
6878
7778
6930
1676
3421
3061
6515
2552
4224
5223
1358
1918
5336
2778
9539
5213
6579
4090
9178
5869
8172
4404
3995
4637
4703
157
7609
3804
9813
3604
4537
4890
9256
9979
7324
3354
2007
9221
8477
914
496
5204
6248
3809
726
5501
2166
6496
7936
8162
5585
2741
7195
3249
2946
650
9090
8953
3457
593
3399
9824
8941
4047
9451
6581
1699
1428
173
8916
6840
203
1666
8765
434
7717
2949
6740
6341
521
3079
8092
587
8082
2009
6706
3684
6156
8800
8731
3284
563
3185
2803
1545
7041
373
2672
280
7356
4651
7102
9113
5926
6493
3
9445
8468
9062
2196
4508
7388
177
5889
9077
4154
9239
544
6398
6164
67
9985
8909
1689
4826
9099
5580
5944
7124
9007
2447
5040
1303
3142
1385
4783
2739
7128
983
9769
6188
8577
1141
374
1201
6161
7858
942
8500
6030
9244
9238
4975
5675
3432
8554
5065
170
102
5325
9967
7089
4049
1221
1189
9283
5338
9718
1034
8597
9596
7753
9137
9843
609
7242
1508
8465
8051
6794
5800
5343
8826
9230
3190
3937
8029
9105
4532
7311
2215
2032
2581
2509
1158
3071
4960
4505
8596
8773
7375
2497
7811
8689
6395
9945
3309
5248
9812
1191
9676
6342
2614
4614
1750
2229
9282
1695
1236
1003
3214
1512
4104
3176
6547
630
5643
3000
6467
7794
2128
9621
6444
7870
129
3735
3570
9604
8175
857
466
3650
6004
9873
7830
7291
4811
8885
3005
1789
7800
4153
2568
2643
2902
4074
8595
6932
8652
7961
1763
9553
9862
3434
9902
9467
5309
7796
8851
8638
6636
7733
6743
2815
668
5450
6426
9733
7255
5357
7926
6202
9031
8518
6528
3924
5031
8478
5738
7488
1458
5480
6872
3287
1640
7743
9025
7629
7274
1020
4777
889
7875
8187
6266
4592
4166
1976
6720
7029
9672
1182
4210
1469
4229
7729
8694
3696
5067
4864
4441
9645
9735
7396
9861
7305
2472
7861
7792
4134
6289
581
1319
9348
3754
6391
4787
2976
4026
4352
9275
4572
8448
4069
2202
7288
391
4108
6644
7495
3151
8936
6803
138
749
3208
5778
4736
5915
1412
7445
7092
6077
2122
8887
6236
2268
2821
8780
3267
5775
6223
7807
779
7189
1632
175
5957
8875
2900
4322
6412
1770
7403
3405
8560
4939
7655
9595
2770
9210
2418
5436
4438
7910
7737
4165
9767
3223
6804
3760
1222
5898
3300
8032
2087
3523
5920
3192
2275
3014
4541
2382
1990
3632
7037
9895
1413
6917
1448
2303
6907
15
6350
851
4300
1880
6034
6876
768
6037
5115
6417
9950
9686
8228
2588
3744
2456
7707
9776
7279
9550
2083
4
3243
8147
7703
5714
9577
1594
1097
8599
9089
6198
3404
9046
1970
7398
7723
6613
2292
5451
1912
1018
7094
3413
5571
592
4469
3887
2527
7208
4741
2309
8958
6372
113
7282
1751
3961
2996
5587
6330
3571
7552
2045
7496
6985
5398
9937
5002
8642
9874
4756
8002
7669
743
8395
2475
253
7340
8383
9109
2389
7014
9962
7787
7079
6327
8869
48
2732
8096
6257
6363
4460
7399
6019
7824
9324
9032
1619
1618
8884
1148
3562
429
7446
5322
3609
369
4647
7156
8332
7559
2858
9624
9547
6643
6012
4515
9186
7352
5381
999
1207
683
3442
6148
7674
3952
7323
3082
8235
799
6960
2432
7106
7986
3893
5396
7327
4535
6282
6459
5036
5371
6159
815
9943
518
8252
576
5149
9601
278
8374
4244
3805
9021
2833
680
3257
2003
5
8976
305
1426
7436
5148
7035
7178
5583
3578
5512
6321
6088
5092
4076
454
5841
5415
2140
2836
9307
8910
5876
1846
4702
2212
6329
8384
740
4207
9008
6589
4429
790
1244
8706
7911
9699
3582
541
8151
4035
3803
8255
8819
5662
3786
9975
8736
8325
2951
7194
1210
5135
770
3944
6953
5210
3970
3933
4951
4436
6297
6375
8917
1324
4033
817
3791
3763
9240
6003
7637
7285
4496
7633
7612
4131
8714
3544
7040
5905
8124
7112
5525
4075
2288
2221
7623
9053
8346
7939
1061
7472
8665
9295
6324
7782
4587
739
4846
1971
5166
5773
9614
8834
7221
1292
1743
2096
3536
2516
4624
2857
9797
243
9966
6742
9544
9384
5534
4371
5737
4669
936
7614
4111
3855
8048
2331
8375
5711
8017
6146
9312
234
65
1380
1920
9290
297
9362
9780
1178
1813
897
8905
5602
2848
627
1703
9091
909
1936
2701
3401
7586
7312
8952
1728
1785
8970
9209
7390
6707
8794
2827
39
7561
2413
33
7214
3765
3830
1890
7056
8326
8373
473
8602
7706
6055
9306
3167
2491
511
3898
9803
9459
1374
1749
4952
8418
946
8046
6416
6187
3551
9061
4141
9259
4004
244
7086
6911
7326
8893
8668
8506
6485
7146
1859
8080
6294
2401
6429
6470
528
3210
8660
1929
232
4997
1942
2209
2595
3083
375
4315
3810
6075
7389
6349
5601
4804
9480
8797
2204
7958
5332
6838
4895
2938
8799
1437
8742
6135
9933
9095
2730
3332
4543
5227
7592
4143
5497
5129
3881
2634
9477
3576
3365
2488
1460
7050
8057
5470
7499
3790
4612
5779
2745
5830
2197
5849
6313
9363
990
4599
2123
5463
2112
6923
2609
7757
6647
1982
5199
9783
2333
9213
1616
3494
7831
8340
6053
4673
1771
8241
9710
7107
3174
6744
9782
2779
4659
1999
6351
6722
3774
7098
421
2019
1716
4848
9829
3486
9133
1031
1476
9821
2557
6530
4761
2249
6826
2785
2186
119
1129
2296
9715
5787
3265
4184
8553
5947
867
2930
8629
5922
4246
4116
4689
4458
4879
4878
8838
753
5272
6439
4722
6093
3594
4476
9995
40
8397
3890
9379
2062
8433
639
625
3455
1123
1827
1897
6619
5212
7481
4874
4581
9940
1872
7157
3075
5228
7366
882
4622
3212
5410
1369
2252
2284
1484
311
8142
5176
4553
3789
1928
169
483
519
1630
9187
8249
1649
4653
8085
7151
6984
5171
2528
900
8598
4235
7837
4768
3705
8003
2103
6772
5810
1811
201
7391
1206
5181
2544
9138
9692
3331
6855
1570
4593
4781
6646
762
6224
1335
4584
1075
2777
9840
4875
5636
1709
2866
5081
9024
4660
1821
961
4961
3686
3007
4439
2156
5940
8267
472
2995
3568
6239
4538
9409
2451
2335
5458
3547
9268
8650
8663
636
5610
1290
2674
1638
6573
4582
1204
195
2057
5489
5094
6044
8000
9817
1144
9740
5919
7206
1684
8122
275
2820
6524
1030
4174
360
614
8923
2278
7448
2649
9800
7918
81
8841
2920
6207
2073
8661
9540
7307
5334
3556
1015
9984
6638
302
2559
2682
964
8966
5459
6073
3419
6807
1735
2393
4810
4463
7863
5244
3215
1421
2332
7182
135
3736
7573
2558
3374
7419
8633
4216
2322
7270
3884
6973
9639
9703
4641
9538
6347
7746
5260
5261
3817
254
2600
2458
4009
9630
3164
9151
2617
3963
9489
8751
455
5667
6348
2054
9522
7660
4445
2648
8793
1889
8133
2408
1087
3496
8460
3475
3231
7339
3179
5183
5902
394
1655
7721
1336
2525
7595
1884
5883
2845
6067
6499
3615
3932
5661
5416
7511
409
9844
9588
397
8934
4313
8516
1388
7762
7967
4926
9296
7342
6600
8542
6738
4410
3658
3802
9096
962
1737
1199
139
7462
4349
977
4275
4942
2765
3567
7761
9655
6959
6760
649
7469
917
7750
710
5754
6139
7739
2113
4456
8102
9377
5586
8211
120
1237
5699
2956
6024
5553
1301
859
8725
4070
4253
904
4583
4869
7781
6848
2716
1249
8218
9028
4172
673
6377
978
4649
4918
9978
692
3050
423
6193
4556
3623
9350
7691
9435
7344
8946
8223
9176
5341
7230
7886
6390
6812
1742
4712
5999
3465
6714
2806
9716
9890
4971
559
5729
5717
8590
981
7003
1657
2537
8259
9173
571
2599
6971
5224
4797
5174
1074
1590
9229
9257
4525
3762
6406
2607
7423
7008
892
8112
3034
6732
6143
1609
5286
4309
52
1707
5985
2241
3147
5306
5594
1055
9872
5762
3959
8224
6614
9071
3261
6765
4452
6311
6749
1589
9586
8351
7615
9444
5907
2109
2755
5033
5059
3710
4721
7105
1924
880
8371
2621
994
9741
6885
5377
9305
1488
4114
105
5111
6465
1498
7022
9232
3947
1326
2615
3477
2787
717
6222
2311
2517
7133
4425
1972
7240
677
8167
8880
4654
4643
8752
246
6145
4467
4073
2489
9814
7218
5731
3524
7039
3812
2673
9936
8313
2696
446
6697
4853
6769
2932
2328
482
3998
8998
7254
2163
420
8667
3621
9094
4382
3753
509
9454
4265
8963
6472
9225
6651
2412
6661
9865
9354
8874
684
8165
1041
7619
7439
8653
7518
6095
2080
2234
9887
9405
2231
3535
7493
9745
389
879
6773
3017
1450
5818
1479
4157
8703
1721
9327
4982
7044
5178
4374
5924
118
7895
9761
2758
7645
6958
9583
6839
601
3955
8824
6544
808
161
4003
6072
3024
574
4609
2633
7832
8490
7174
4465
1908
5182
2324
4996
9957
3458
8305
1858
3497
5239
3346
4326
9627
6751
1068
5058
9468
6871
2200
9881
3314
9050
8385
3714
5220
453
3059
9504
355
35
951
1909
7401
3690
8479
8842
1266
8567
5295
3534
556
5242
4941
7740
8070
7470
4222
3364
1744
2108
9344
4786
7295
6157
3584
8130
9458
9279
2994
8573
4502
4015
6442
2298
7990
4542
4158
3408
6963
8959
8767
4743
469
558
3674
6475
1357
5894
9860
3603
3624
1352
5951
7452
3999
5101
9415
5259
5672
5797
9916
7314
7783
4511
5317
5498
2470
4281
4335
8445
8308
8192
6094
6479
8476
2033
7294
8670
4209
4898
5367
2157
1491
3293
3130
1952
1587
7503
8337
1622
7582
1095
3539
4854
1255
2369
7456
7154
6691
7524
8406
251
2983
7061
1658
5694
1042
8452
5527
3751
8646
9911
2802
5832
7607
2661
6050
5984
8067
2027
7516
5491
1103
348
7536
1179
8929
6552
6815
104
4710
2761
2325
6680
5302
8010
8737
7023
5350
228
2500
114
6023
1159
2206
291
731
398
1134
5838
9383
3139
1549
4242
8955
6819
6165
5362
6118
3928
7135
7071
654
4294
3274
1997
5262
4031
401
5541
2767
6354
6620
3407
5892
4601
9204
3821
1993
5589
9956
4946
2040
7369
3306
7473
2465
2941
7950
9219
6303
3500
3070
6160
3067
6220
6217
1851
9410
5777
70
9592
1396
6504
9882
5482
4955
9048
142
1633
5507
279
6686
9808
6101
9647
352
6322
6123
1283
3224
5888
1403
2168
9904
8428
3406
5933
8559
2480
4351
1025
3312
3734
56
8135
1783
686
6082
7897
9051
8606
5117
3859
5961
9059
690
8423
87
6112
7982
5179
2223
3143
869
2171
896
2635
5126
2733
8164
3606
2629
3987
5657
7847
9798
236
8632
9837
2367
2079
5597
9764
9702
9314
7604
8117
7640
3851
2494
4725
501
3280
9704
681
4307
7315
7871
5847
886
9082
3256
166
5046
9429
1465
3062
4492
5887
1870
1850
4675
658
4958
4039
5663
6896
9042
2812
3029
6827
5337
1238
7533
6388
7492
8903
9971
4752
3915
9205
3279
6068
2438
6352
8049
4211
6486
6325
4670
7407
2232
9396
2347
7058
4030
3382
3105
4857
4413
4903
6842
6788
5192
1456
2406
7599
5303
2428
112
6667
8802
2437
7915
8449
5011
8534
1205
1227
5980
3692
8186
1646
1713
8294
8207
5845
6195
5173
2879
1629
9255
417
3451
9600
9434
6420
865
6182
3703
7343
3387
2012
9174
769
7032
3090
7805
6142
125
735
2208
3420
1422
4762
3370
9759
5144
4922
7064
6278
4101
7317
8924
5152
5859
9773
8484
991
666
6999
4747
6029
1896
2063
5545
8381
4534
7250
8728
5598
7296
7458
5988
1405
4849
8339
8901
4732
6300
8702
2046
3865
6816
4607
1432
2091
3675
2205
217
7791
6216
489
7333
7111
8889
1341
6314
4042
5411
9629
2715
5563
96
3344
2434
8099
7027
5519
1740
3530
3996
2816
4487
3483
4175
1166
713
9729
660
7273
6393
8451
2543
2184
3972
9552
1368
6471
8008
3811
8171
5385
8161
2781
4256
3707
2155
3796
8443
8649
5651
1989
8056
3951
2107
3532
2060
2610
2441
6775
5106
4052
9701
1064
1320
4793
8113
8679
5217
8073
6558
408
7578
3677
4319
4427
7484
3648
1302
1431
1614
3168
4474
8392
2376
1878
5006
4455
8624
1254
8131
7179
5917
4742
3392
3662
7577
671
6512
2077
3850
252
1634
5469
1762
1723
367
3841
3752
5070
4521
6731
9153
1077
819
4282
7142
1014
9072
7265
1593
5937
4079
4159
6505
3115
7301
8827
2114
1949
6832
9810
5588
9084
1505
9398
8014
4138
7051
5201
9541
8413
958
7842
2281
4823
4603
2126
2085
7873
6288
7431
5526
858
6031
8899
5673
7004
1151
8416
4994
3755
5076
7480
3538
7860
931
508
5237
2948
8690
1544
71
2318
9632
6825
997
2310
6566
2888
6631
7394
8311
3519
4855
1738
4694
4953
2686
3560
3772
6167
6575
9231
3269
6922
4198
1230
1211
350
9532
1778
6604
6941
7744
1865
4366
9656
9523
2095
6905
3994
4058
4716
1950
3159
7603
1503
4910
4364
1056
2001
8338
3490
1367
3953
4954
7347
4759
2199
5911
2721
8441
4417
8840
5533
1756
6020
7060
2981
3575
837
6514
7463
5528
9323
1080
4940
616
1353
5880
3052
4616
6966
3169
8467
8137
5724
1065
4927
7921
6531
9074
6213
2210
9606
9233
8403
6536
3877
8823
652
6212
2133
2852
2499
4087
8949
1468
966
9507
3253
2567
7667
1404
8222
2175
6914
8894
6051
9930
301
3349
7213
7949
8770
8510
8439
7705
5339
6344
8669
4805
5164
8191
2628
9361
8272
8105
5465
3713
7475
8291
7874
8744
3888
283
9029
9525
8283
4148
1532
8333
678
1447
312
3055
569
755
4563
1525
3506
1667
2897
6933
8189
1332
5089
2997
3277
8250
1347
6534
9280
2250
5726
4905
2518
1049
8461
7413
7606
9747
8293
4119
2709
2034
3920
419
5116
7869
9195
6561
1464
7560
7231
3908
9237
7697
7844
4150
5959
3492
8674
1435
9360
747
9423
2245
7653
3966
3360
3258
9927
9554
8891
5801
1071
6986
1665
6281
8319
6102
2713
1653
985
1662
1669
7590
2317
5041
493
9281
2338
9431
5983
8522
5804
5628
6319
8729
7563
364
2201
5505
5758
4178
9055
3840
2822
5698
6080
7814
4770
338
8226
8630
1868
7922
7425
6762
2570
6951
2094
3757
361
8950
744
9527
7819
1029
5187
4510
7998
2147
7692
8093
4339
3040
1877
5019
4862
7903
6495
4365
3529
9969
9167
1820
9419
956
9357
7546
9418
9664
2152
5927
3668
4617
3089
8581
4290
9380
6368
9126
5765
4278
782
7528
5405
4559
3620
2203
2164
2706
912
3508
2798
9938
8153
3985
2855
6275
7210
9330
4099
9743
1580
3922
9317
4789
9358
3251
381
9322
8069
5091
4373
4516
5279
2913
9921
2878
3776
7459
3320
4311
3447
643
9486
8954
2934
6219
6461
5566
2594
8766
6383
2454
7685
3889
1269
8634
4719
9397
9642
2343
5998
7565
3653
1833
8329
3822
2898
4578
5425
7392
5953
5193
1566
1026
7745
1809
6501
5356
5746
94
8429
7856
3800
2968
2386
3747
4037
2416
2869
9147
4343
6792
6532
4904
8546
4028
8643
6508
262
5397
6689
5509
6286
8196
2892
3612
1837
4202
4057
9482
5962
2662
3438
9915
5616
7836
457
5939
9005
8007
5960
3118
17
9349
1635
9036
1926
941
8391
6366
829
1582
2677
6517
2712
5061
2101
1045
1125
5809
7059
1331
674
6091
7110
9833
7161
9688
2804
1838
9014
5170
6787
4495
358
9058
3182
5769
3870
7321
2692
4816
5439
5679
2172
6181
750
2404
7057
5670
5387
2793
4182
5795
7063
2442
4867
7171
6670
2952
7298
6543
8136
9924
972
9245
4943
4255
8684
4230
7202
9270
9665
2396
6979
4124
8772
2000
3627
3461
6539
9158
5375
515
3680
5344
1136
5370
9069
3157
9215
8286
2687
2612
1876
4620
870
2351
3424
3687
4330
4947
8059
8246
7659
18
1726
948
6768
9695
757
6497
3846
2399
1935
5271
7048
6109
9712
6746
8735
7818
2519
7591
4956
8042
7215
5108
9463
554
9247
9944
5885
5760
5146
8298
3322
2832
5318
222
1600
7963
3554
1299
2646
2050
4468
8068
9475
5747
6483
3023
7833
2889
7397
1802
7904
5555
3430
8700
641
8367
298
2011
8408
3435
5327
9820
1642
143
1611
925
5542
3863
8239
5603
3520
7454
1261
2329
4638
525
8232
2246
7596
3746
6218
7293
659
5828
2666
1343
8253
3792
1313
4696
5916
1937
2183
1526
8856
2081
923
791
407
3743
2514
4384
9760
2593
2198
781
3397
8520
2076
1406
5666
9145
8515
6987
5646
3876
4260
306
54
1289
2536
5250
477
7801
6663
5003
4683
8948
5766
213
2415
2728
8967
2314
3731
8324
5268
7429
5287
5622
738
4570
6226
8372
8432
2894
6194
8194
4317
5323
5625
9476
759
7689
6836
6251
5709
4014
9631
8763
4092
3171
1551
9152
8848
8457
6449
2945
2734
8609
5793
2984
51
3722
8399
1193
3166
7957
1932
4491
5734
9694
7474
4738
150
8350
6861
6892
4667
8282
1538
3626
174
8220
6298
1231
3158
550
5565
2162
6927
5376
1382
5954
7055
9127
2023
5842
9038
6734
8672
7331
8204
7713
1451
1300
4486
1602
7275
9235
7184
207
4828
3323
2071
5626
88
9184
6997
1902
3838
3467
7502
7283
500
3960
7100
3330
9272
6969
6468
506
5063
7108
9372
5024
6692
8405
2744
7557
6538
460
4064
2469
5903
8185
8749
6106
6360
4803
225
443
7045
9850
7147
3403
6370
5680
2169
9856
1656
3647
871
5931
5867
6597
788
4204
3093
4034
7506
1409
172
8288
831
8796
7935
3357
4273
8482
5572
3639
7354
3103
4021
7675
9117
1248
8820
4646
3878
7309
1478
2775
1913
3676
9518
1901
425
2417
4479
3880
922
9139
2861
3597
5275
1262
9347
8115
5392
9763
4519
6640
1128
6396
8015
6860
766
6243
5452
1769
5035
5918
4484
662
1885
6252
9075
3060
7087
4179
8438
25
986
6858
8034
326
6940
5473
8919
8227
1475
6134
1296
5461
3019
6338
3611
793
7257
9030
6062
8908
3940
6171
8992
9789
9739
7303
7497
9472
6883
6232
8666
4097
2160
873
9449
371
1973
6138
4135
4059
6273
3806
146
4301
3254
1239
4753
5981
1216
3048
523
6184
7821
388
6099
4981
1624
6408
721
7233
4089
841
2681
8913
6880
9111
7349
767
8540
8485
1985
8858
3459
3276
602
549
1639
1822
4327
6242
903
6462
1883
1825
7030
2161
3290
2178
1278
1812
4259
6458
1212
5829
5901
3798
3111
8557
6900
5972
4353
6837
8865
4774
6357
7650
4691
193
7006
390
2277
8688
1099
9407
5723
3175
5120
23
4688
8532
294
3739
6957
3133
255
2297
9742
8114
6556
7361
4297
1516
1694
9685
178
4711
21
3480
5158
8545
1483
1945
9298
1247
1555
6331
7701
7828
8846
585
6168
9513
5677
2987
3097
9334
4442
6906
8208
5820
111
7622
3557
8519
6386
2502
8121
1122
4170
2327
7928
339
4847
7478
6937
5105
7756
3049
4775
1700
8020
6687
5151
4200
261
1001
7526
2638
3218
1533
2854
9406
1900
400
2630
6700
3879
5043
6551
3779
370
2735
4063
5042
2381
1664
3324
9004
6864
2482
5627
2118
4314
6671
6190
1420
1894
8356
4935
9705
4355
5304
8809
6482
9634
5913
1307
6946
6733
3837
3302
3964
8016
7203
2927
5308
8322
8334
34
5086
8268
651
3402
9404
7212
3694
7914
1004
4257
4232
60
7583
8134
8251
8779
9834
507
4835
4350
8176
3415
6323
8678
5703
4866
9864
9092
3600
8320
6699
1962
8616
1960
6635
6894
8327
5037
9039
7457
6761
2637
1875
8945
7676
3155
3417
2355
5263
2799
9448
2217
6304
4619
9447
4001
6270
6260
2068
9378
3390
6240
3009
6859
1781
814
945
149
4656
7522
4333
8676
8473
7742
4911
8739
8310
629
2636
2377
4778
1260
430
462
2383
3909
61
9842
1445
1955
3646
4219
30
9019
4665
8336
9991
6404
2301
5194
4029
6433
9543
6557
9793
3927
663
37
5454
2774
6834
6822
9918
785
4163
6121
4666
3068
4672
6154
488
1411
9517
2736
1671
3353
7668
7771
8918
8850
1761
2485
3930
7165
3127
4408
3411
458
5321
8157
480
3058
9766
6728
6562
1543
2450
7378
7956
3589
3799
7085
714
7262
722
5518
4618
6110
2247
1931
6155
3896
3664
7975
9636
7187
9886
3343
5348
1780
599
6608
638
3310
1485
2847
7969
1069
3117
1294
8822
8943
1006
9758
2067
2578
4577
4693
5426
5113
74
8471
4416
646
1834
8645
8831
9506
4065
2933
1815
5186
2092
6684
3010
7372
6645
2141
1879
3825
2052
8179
9714
8031
1733
2236
1036
9555
6625
1561
8270
5522
3767
1365
5373
4369
3613
8960
1817
633
1150
6695
3178
3131
7808
2792
4164
6570
1060
8309
4392
2349
1457
1192
2498
7849
7507
8613
7714
8365
3160
604
6454
5878
5893
9838
4464
6828
8225
5331
9481
2925
2219
9331
5184
7965
6542
3514
4080
3630
2239
2965
1279
9787
8033
6418
3886
8585
2287
9905
5386
9401
8035
6346
2409
9619
4418
5196
2010
568
6565
4979
6898
1306
3113
7542
1583
2851
2230
2695
5701
5577
9382
6891
4779
3719
5950
281
5834
6806
5393
2910
402
9707
7299
2047
3814
9867
4746
8472
2769
6615
450
1808
6823
1847
9027
9709
116
2261
9041
7097
4007
3563
1807
3165
4061
3250
4252
3203
7376
9785
924
2561
9839
5623
3342
3712
2542
2260
9285
9598
7068
9667
8968
3056
2190
6127
707
9551
5155
2425
9564
7951
7284
4634
5292
5676
9675
4430
6537
5899
1839
4318
3361
3043
1377
3426
5850
4841
7241
5315
5359
7941
9432
3207
1767
7548
2243
9389
9762
2958
4697
6021
6405
4937
2835
1714
471
9464
9831
2274
610
1399
4751
5185
7505
8389
8355
5970
6379
9462
3044
2582
9536
7727
8505
2020
8370
80
1250
4240
5200
3493
5145
5090
3819
1824
3204
5548
3826
9284
3793
5607
8127
9593
6014
3625
6535
5929
3549
3101
4560
918
696
6410
5757
7587
7732
8103
8150
4077
7426
9248
3598
1612
9390
7281
4909
9983
7237
7540
1023
877
3431
7765
763
8837
7338
6897
1109
6730
5514
1958
2546
1608
934
7160
2359
4466
3409
7404
8486
6147
127
547
8264
8791
3028
7681
4342
7228
5895
7835
9224
8640
1415
725
3654
9723
6799
6124
4977
3187
3580
131
2448
7444
5255
8965
3021
6790
6968
9276
607
6675
2526
6916
8911
8718
7319
3857
1623
9900
8038
2104
4494
8817
5443
3271
6866
4655
7889
2242
5611
8592
6962
6144
816
3311
5353
7575
6378
1443
9428
4530
3429
9368
5267
9994
6813
6702
3162
9011
1719
5612
9591
8281
5075
4050
4302
497
1641
165
8063
8639
8902
9106
5252
6665
8430
9612
7197
2811
2005
3006
1440
1011
7943
1963
9870
4884
6783
6623
8778
1637
3394
4189
9610
5012
5568
9852
6018
9474
8273
4615
5257
7383
2990
8989
7334
5055
8382
1323
6529
9438
6045
2747
2449
3526
6955
1836
1157
8682
8261
5420
9832
8696
8104
5716
8886
7379
2131
8964
2529
8673
8398
4863
1680
7671
3824
3294
5539
5421
8569
826
6935
6977
2705
555
5987
9278
3436
7443
9261
395
247
9587
7527
8738
6674
2986
1381
3124
2282
2824
7741
2423
3072
1408
8440
287
4081
5750
866
4972
5994
7222
184
1309
9439
2846
6626
5648
8732
5103
9535
3098
9081
2055
385
1550
2556
9877
6518
7797
6249
7570
6789
6353
8693
949
5941
5403
2225
3543
1768
5822
9049
6919
8961
2810
9498
8922
7610
2722
1571
2874
6737
9006
907
5712
206
3425
9582
4018
1486
5163
8364
3240
44
5235
6639
9033
1333
43
5592
8243
4858
7482
4934
2193
4190
9928
6152
1863
7868
902
4391
2618
9333
5218
495
1626
7634
685
2452
883
7517
2616
1575
9388
2192
147
8815
6
9022
257
9744
1110
1923
4564
3766
4444
8935
6041
8412
9638
4152
2430
9661
6441
4917
2678
8651
5127
9166
4730
1164
9136
7631
8023
7937
6967
7080
6114
5414
828
9479
1040
9949
6136
4381
90
7432
9574
6355
6829
5590
7896
3091
2982
4987
926
6752
1871
250
3030
6105
171
1027
2090
219
8839
9545
6137
2880
7521
995
2753
5786
572
8306
4540
5854
1800
8195
5805
6781
5835
1161
4409
2025
950
9426
5172
7381
7225
9162
3581
1678
5524
9188
5211
5453
5536
8214
861
9875
8256
4013
1387
1304
5418
1295
3380
4457
9309
5772
5175
8782
7207
7820
2159
1652
2591
937
9521
9907
834
5346
8683
4289
6782
5974
8947
6831
7690
5485
1092
8704
7920
8279
1702
5798
687
8561
427
1601
1328
6443
4110
4966
9884
8504
1070
5914
1350
8183
2647
3297
7486
6036
4268
1730
8957
661
6415
5767
9175
5520
8695
6669
8181
4704
1806
6664
940
1370
442
9970
7406
1088
2876
3869
3491
6268
2789
3982
4919
8053
3128
9721
8785
4140
7872
5819
7884
5784
4611
8927
3511
9181
5858
309
4084
1114
6457
2807
5157
5284
7217
7605
4019
176
3916
996
1725
1474
404
463
5160
7704
4205
7812
240
7490
2829
4396
4529
1360
8248
6039
4817
5312
8722
7780
8724
5072
7513
7960
4156
2749
8844
7512
7103
1142
3795
4815
3086
5140
3107
9784
1540
8792
9199
9558
9659
1536
5510
9487
9996
7134
9253
1673
8531
7932
1572
4377
1251
786
606
4839
1644
4709
2102
7658
2738
2860
2890
3119
8275
8492
5715
1535
6755
2037
6724
864
8525
9456
8170
9128
337
838
2176
2762
4379
4658
4254
5389
7278
9212
5493
4280
479
6192
8362
1107
1371
9466
9514
5455
7580
3177
2757
5131
6723
8711
5154
4695
854
6603
9906
9169
3768
8810
5863
9370
2105
6931
7912
9756
7277
7162
4723
310
9869
620
3485
9690
4984
5966
3150
9961
7001
6964
3748
7947
2853
4664
4433
9369
6682
8041
5530
9857
4531
7177
846
6882
529
7229
1523
3064
6131
2914
4528
1685
208
4932
1840
741
9855
7735
4236
6899
4212
8538
8969
7670
3355
3134
4493
5736
4470
8892
9351
5301
7460
1257
4239
7077
3756
8290
319
4085
345
41
2688
2464
4320
6399
5232
5606
7153
5258
1777
9052
8750
7341
9345
1418
5206
8571
1268
2834
7601
1887
1048
4726
7335
1826
9044
2788
8060
9708
3286
2411
6523
2918
8788
245
6407
4196
2492
6279
3422
7576
8914
3337
3236
9496
7853
490
6340
6381
935
3195
5165
4523
5020
7531
7802
4591
5975
9207
7509
4046
6074
4986
8760
8895
4661
1085
1059
6199
4992
3479
7917
22
5419
204
856
9180
3303
3499
8089
4983
7955
6374
1310
6717
1823
1225
4472
6172
5298
8393
1226
7024
38
5896
7122
5017
2720
4223
7795
8076
2364
2486
9682
7263
5968
7138
1573
1082
944
5562
4988
3778
5688
548
8317
6150
6163
3986
7330
4964
5735
3993
5986
8499
5578
7693
4402
1000
9751
9228
820
7840
5431
9329
7109
1497
5022
3084
5649
3721
7209
2211
9920
3818
1214
6317
9823
1234
3410
2056
5727
378
5460
2323
1338
612
1760
3180
7987
4217
3100
6655
1527
8562
8543
8528
8710
4679
4151
2710
4883
825
9222
682
5839
14
575
2127
6741
3579
9830
4991
1504
7901
4844
4193
2238
4731
9373
6802
5654
512
2270
4842
5996
5100
6624
2036
47
8761
6856
7386
6141
5311
7639
9698
4605
5807
5028
8091
4526
7046
6881
9781
6403
9034
5992
5236
4191
1131
9442
7095
5824
8625
6778
3663
6800
6690
5633
9160
4771
9802
7913
4628
2248
4344
6592
3383
6809
8257
8215
6559
3452
2371
461
8604
1444
31
8077
4548
6978
3379
8098
1170
5744
2896
9366
9190
3232
5096
8529
3831
9880
130
4965
2507
9889
2873
1321
9093
205
761
7564
5132
736
546
510
8012
7120
2031
36
7584
742
5630
8407
1378
7648
697
7588
7769
6227
3317
4380
4687
1816
3741
8974
8804
6169
1344
4208
1830
8368
19
9999
1379
121
1710
9935
9668
8072
8951
2267
5246
679
7779
9123
3608
4714
1562
8106
2471
1898
8745
7620
920
3605
9651
1195
9155
2911
159
7357
9216
619
282
1481
3225
3245
3700
2319
4316
8245
2999
1529
6498
5124
611
4544
4127
4973
7150
4412
346
5141
6649
1965
7519
9623
9200
9499
136
8061
7172
6259
1208
160
3992
3445
5329
3502
5928
9470
4367
3325
6925
4623
7289
1342
299
3454
6711
701
5156
1051
7450
5875
705
1613
2352
6870
1140
3063
9934
7657
3531
7977
2143
5474
7491
3032
4676
8206
8671
4167
4876
226
9959
4912
513
1241
7948
5739
4558
712
3078
7708
3144
5909
6028
2392
9223
5861
3326
8071
4735
6857
3259
2903
720
8188
5445
2273
9192
5609
4631
6846
5749
7525
3161
9491
7597
3807
2473
8641
7116
86
5678
2893
8860
7749
3321
8424
8292
4032
1853
8409
7682
9335
9660
1605
9922
196
9648
486
989
1793
4737
5029
8271
970
7320
1293
4388
9658
4518
3815
6009
1359
8548
9917
4215
5900
4428
800
5687
126
2496
8400
416
2144
6814
4915
3001
9321
5021
9266
4214
9490
6595
1679
6098
9198
8357
1463
670
248
117
1712
249
9848
1717
7043
5862
5305
1983
5644
3136
9080
2194
1362
2185
8426
8302
4270
5550
8758
8419
6066
2841
9201
4968
7772
2664
186
9287
6913
8019
7718
6315
1524
9537
5440
2195
1165
3031
4160
3378
3537
2145
971
1534
5307
7900
7602
9515
3356
6280
1494
1093
2228
3852
8209
3816
7374
239
2388
2173
1153
1585
9611
6705
4821
849
7710
2483
4027
4627
4642
6450
855
5814
1977
1145
334
5150
5573
6564
3641
8119
9512
7310
4784
151
7271
9488
4606
7364
4398
5825
8004
347
5659
8404
3328
9894
847
5098
8244
1828
3596
9524
7600
5270
4788
8058
8622
3149
2801
2533
6888
1038
5128
351
8173
2251
6117
9217
8387
5008
7736
1628
8805
2513
6061
9533
6947
3573
1419
1322
5219
6694
6591
998
5400
3808
3418
158
7558
3832
9589
6753
1259
9110
3460
905
9068
2828
26
8723
2887
1790
3246
6801
4145
6301
5561
4068
798
4162
4833
5388
4132
3988
5294
6616
5125
8832
5936
3299
2476
7015
628
5852
499
3666
4482
1660
7440
449
4053
5600
4893
1190
1996
4093
6113
5494
1317
6451
6666
5848
1690
2907
5570
8524
807
2693
5671
899
8401
8455
2344
8868
2960
514
4692
8217
2182
2402
265
6237
5056
6042
953
6001
9301
5815
9412
9572
3717
7964
3864
9206
4595
2872
4279
7139
8335
5569
4533
7016
1067
3629
7021
4401
210
2555
6174
9964
8197
4503
426
2088
8202
1886
2704
2707
6254
6918
5007
6648
2944
2460
5428
3135
3275
4506
5402
642
5843
6596
9352
982
8795
7259
5549
6992
2954
6070
9620
7946
2532
6729
8746
4450
2644
1520
7302
4701
6976
3316
4652
9035
3073
8107
2191
2922
4575
2504
7991
4861
7325
1967
8236
9790
3919
5241
9142
2625
1874
8402
8062
4625
4549
8691
8168
6256
7804
209
1944
8481
7155
6924
3921
5697
4051
7169
399
3371
5538
1330
4527
4837
7538
2850
813
9150
4478
9264
6910
4602
2424
1799
6189
7141
4471
4237
5956
220
5050
9980
7652
6255
4100
4194
5010
276
8379
2487
9585
7908
1115
7848
7834
7300
6310
4633
2763
5720
1818
5771
7494
4812
2589
6413
1697
4113
4794
2119
7253
1398
579
1986
7125
3586
1217
6908
4264
4576
8814
2084
3512
1117
2316
7042
4086
7611
4117
7167
719
9863
5464
1263
7227
4431
4234
9455
5733
4346
7099
8612
2360
8341
4604
6901
8759
6119
7579
7417
6265
4959
3188
9392
8118
2631
4785
655
3002
8985
7825
7929
7
2562
4434
9341
156
8144
6316
8496
5023
8100
7261
8203
5759
7571
5943
2752
9193
3351
3516
7699
1044
4324
3126
2313
7260
5618
9727
1442
8040
2675
4123
9114
2771
2809
1355
8541
8594
7485
4579
7555
5874
8879
3780
993
2640
3066
1425
2826
3211
7096
6970
6630
4891
9211
9519
1496
1672
6263
5278
3416
2962
2596
8944
6445
6162
77
6909
3644
5467
5745
3715
3867
5844
4851
5870
7798
1327
343
6272
6130
1265
8753
8878
5948
8110
570
910
8487
8994
7677
9497
8300
2737
6585
7355
5365
2912
2659
2620
8366
7970
4889
6510
303
2584
4766
2479
9974
5891
6086
7433
5921
4928
7393
5226
9570
8278
8675
5438
8415
8517
4819
6455
9503
1857
4125
7793
9086
5354
919
2414
1907
7644
5686
6847
4045
3196
3481
3145
8900
256
1285
5806
69
1156
2455
5214
3278
9605
107
7476
7286
4950
418
4233
