7670
2304
7268
3364
441
3000
4542
1815
6761
4919
2744
1880
1283
4841
1832
7761
4533
7780
7403
8684
8096
3838
3742
1780
3083
5942
7457
7124
541
1054
4784
2702
445
149
6120
2985
1403
7303
9800
1674
2895
2088
2474
9643
6187
2451
6926
2177
9668
2124
9319
9101
2062
427
3663
8079
4413
6318
6922
3417
7987
8148
5163
339
5609
4549
9997
9728
9822
3296
4829
3309
8637
315
838
9556
759
6066
8040
8271
8374
5604
5001
8005
3043
6623
2189
8600
8451
6182
2076
9904
6684
6482
5608
2776
8009
8307
1608
1357
8776
3148
4710
2662
9823
7679
1828
8555
2599
1943
4453
7321
7768
8516
6328
3917
9207
2686
3113
7130
8899
9152
6604
6669
8035
6000
7302
569
5844
8262
1913
4630
5276
4749
3049
7820
1669
2718
9626
9226
2881
5756
5057
857
4951
6992
5431
8424
5678
8930
4401
7787
6204
2891
4465
2917
6529
4797
8918
4803
2793
9735
5229
2915
796
8707
9618
1770
6577
9249
1600
768
3718
3100
6901
3468
937
4278
1008
255
4982
7388
229
8756
8816
352
7542
470
8204
2357
3505
4301
979
7400
1480
3987
4029
215
2961
744
4081
8138
7630
4592
1962
8293
2780
7896
5663
6376
1617
3326
4713
9893
3264
969
6452
3662
7238
7561
443
6106
440
7645
5733
3159
8428
4096
6083
2854
2396
3828
9265
7560
5416
512
5462
7784
2548
7759
7998
3553
455
463
5549
9464
6216
960
8168
8420
1624
6985
5959
2370
558
7359
8580
4269
2256
8630
1689
480
1702
9388
6555
723
3782
6648
5871
4024
3203
8815
4572
6049
3557
2160
868
8646
8904
5684
4787
7567
3900
6369
2871
1460
3728
5617
3758
6161
2754
1823
2434
6938
3618
5485
1964
2182
6133
6757
8993
1830
9581
7563
7635
7058
4655
6413
1545
1806
8185
6670
173
2885
7195
1064
340
14
4298
649
3717
7957
8167
6704
8171
2360
2228
244
4468
2922
416
3966
6139
2452
9718
3560
8433
7285
7442
9418
8089
8805
9182
7555
7705
2178
9547
8333
6446
3229
2266
3949
4289
6676
2965
5460
8818
8320
9309
1211
4946
5744
3451
3307
7434
4591
2421
458
6543
5577
3724
359
3480
7493
5346
7816
4052
4597
966
9602
8356
9343
4482
3038
1066
3219
1123
2083
6244
2308
4668
601
965
9506
9832
6081
1947
5971
2628
9335
5754
7699
2717
7588
6067
3523
4066
7469
2880
6660
3056
385
2318
8586
6220
3389
973
4255
5818
4356
3725
7506
4200
8608
428
2112
22
5907
45
4324
6358
1023
742
7387
5742
5652
3279
6867
9196
7484
2447
4636
9829
4878
6793
6061
6613
95
4017
1507
6923
1004
2463
557
7602
6043
7363
2621
8548
8176
1725
9619
9645
7031
5858
3225
9834
8705
6910
6709
9481
9276
5784
4801
4284
672
7416
6477
7988
2412
3114
1168
5878
8158
5912
4615
8992
6523
9703
6013
4314
8387
1083
2576
6625
2753
4700
9513
1202
2377
8505
8727
40
4672
2674
1075
3596
7653
994
6407
9336
7594
1220
648
7571
8376
1692
3888
1583
4097
1320
6281
6024
9853
8998
6044
3655
7490
9922
6100
3575
2550
41
1348
9231
867
6259
988
4892
172
8733
366
5007
1918
3628
6677
1267
5944
92
4265
3715
6690
8959
7178
1848
5119
639
2558
5111
681
5259
9115
9692
535
8122
2103
2022
3875
8968
2594
6480
1194
3135
3055
2645
9529
8885
4407
8410
5189
4129
5707
2932
7950
3210
2184
8346
5558
4645
7637
6740
7348
6131
4380
4774
9944
3665
4323
5341
1892
3951
7168
3836
5337
31
977
8965
7757
6475
2009
156
8220
4831
6361
5092
8370
807
8913
6934
8801
7851
3994
7523
7711
2495
4760
292
5865
4648
4111
4683
433
8132
2246
1836
5572
6234
8036
1597
7092
2958
5233
1373
8188
2431
9835
9482
704
2999
6914
7903
4651
2014
6079
2426
237
7600
5450
8015
575
7424
7945
632
6600
2588
9200
3807
2732
8739
8344
9498
7622
8628
4903
4702
3735
8411
4679
842
2731
3
6381
1439
9303
1526
9422
2218
9224
5005
2353
5923
3334
6707
6561
7244
706
9930
1552
296
6826
1043
565
7248
3063
1633
7569
8060
2988
3129
3603
8778
402
4293
9555
4390
337
241
6744
8882
1161
3361
3181
7518
3099
6426
4559
3936
734
3695
7760
5048
6961
7838
2536
1541
5647
9743
6275
8738
1824
8061
155
2131
6524
8462
1387
3218
5008
9032
2111
8565
6980
1222
6550
1679
4458
4960
2153
7871
2436
4731
8086
4891
1275
5992
9557
2105
3546
7040
7085
9020
3778
4867
8702
9416
5506
3506
2929
1000
7073
2627
9119
6932
1256
3252
9339
2036
6991
9542
17
6087
1021
6409
10000
3180
7878
3348
7668
1181
9142
498
8742
6614
8107
6388
7744
5286
6420
5347
5081
6054
9045
8426
1996
276
1173
9552
9178
5308
5848
6812
7840
8476
7697
7146
9663
4556
4843
3194
8936
7259
3582
2957
836
634
8281
7471
7966
6374
9197
7922
6965
2225
1065
9813
3379
5519
5867
9769
4659
3876
6713
2059
1289
3404
9099
7478
3702
7487
115
5420
6284
7743
2417
2255
3337
9155
2170
9690
660
6768
9637
1438
5334
3768
3290
4995
7377
6364
8373
1412
9036
3659
248
350
6383
9126
4758
7546
4513
7177
7360
996
8592
8250
9332
691
2825
1354
1100
9972
6264
3410
7756
2091
8149
4669
2437
8692
477
5018
5397
2109
4408
6009
3554
9993
332
9282
5740
7009
1926
5457
9487
2579
2467
5834
3151
6933
3005
7558
3623
4537
2416
1953
4632
1416
5630
4153
5611
1792
8500
4397
5723
9293
7880
6906
5753
2000
4568
8572
6881
214
4704
9795
5316
5526
9641
2642
721
4460
2661
2905
1871
1625
7713
330
2195
1019
5004
4098
522
1561
6871
5271
8113
7108
2711
3913
1102
7476
7890
2581
6090
6664
7706
4286
6146
8272
6199
34
5676
7500
8503
4297
9366
1768
5580
3569
6052
3711
3077
3706
6353
9622
6130
5132
6741
3512
1932
808
4334
530
9413
2741
3232
9083
2802
494
1977
5169
10
3075
6335
6200
8227
6716
1826
9158
240
5853
1434
7686
4095
2485
4764
7619
4189
8973
1867
4935
6094
941
1493
5055
5482
6509
6767
6287
9010
5171
390
4755
6602
2908
7629
9785
4261
1885
8309
5352
4227
9768
9650
5713
6285
3697
7229
488
4034
8499
3747
9071
3350
3275
8237
5135
2056
4195
6165
1787
1266
8136
2986
908
3518
2227
3594
585
7956
5423
9765
7520
2948
7210
3895
318
8474
2077
5063
8419
5998
3117
849
6590
1468
9540
2615
1851
6940
5372
1478
8622
3610
6351
2011
9924
7043
6352
8394
8627
5718
6809
3044
6402
5673
2752
8026
2151
543
700
3699
7541
239
2669
7468
6290
2168
46
5375
1038
5304
4696
7740
5990
9644
4822
7914
6755
1144
1198
4496
8100
2771
8493
8025
3927
9097
1365
5385
9376
7958
6143
4403
4846
9985
5598
8740
7661
611
8709
2445
2992
2425
3734
6178
472
4077
6047
9387
6293
2630
2159
2706
2764
223
3508
482
3460
9696
9132
4030
7415
3367
5413
884
9240
5409
7252
4228
9108
9251
3942
2430
3648
2154
8231
1199
6587
8459
7407
1530
1566
5340
718
8924
2169
9756
7808
2390
8441
9551
6585
1138
2491
1471
6656
9589
3236
6333
162
695
9463
4177
1490
1940
9750
843
1924
9611
2499
1759
5331
1858
9241
273
1377
7942
303
7839
2768
4517
7077
7959
833
2716
487
9077
6549
7802
8311
1756
2078
8334
8852
5061
3907
4626
9167
7372
2477
7578
6430
9362
5779
33
514
8092
304
8155
1586
7984
6395
7993
7576
7220
59
7214
1369
436
1864
6016
68
9009
3517
7216
8393
9843
4059
8618
5023
485
8540
9721
2557
3558
1764
3160
7096
5313
1183
1855
7155
2831
3793
2226
9450
1212
8151
456
2984
9863
2634
3338
7368
9539
2094
604
9959
4884
7937
69
3631
3583
9999
2537
421
7215
9568
6107
886
5466
4907
4171
9892
1349
5667
5560
8255
1084
8186
5927
3630
9493
8641
3423
4162
4788
2538
3098
8908
5911
7103
609
2707
8704
3502
9035
3865
8791
1317
5076
3066
3581
1089
4078
951
4521
6254
957
6168
907
349
401
1342
3993
9399
6787
73
9377
8137
602
175
134
6368
2637
3530
7080
5916
7370
3199
5881
2935
1863
2593
8986
399
7025
2342
7773
5152
8999
8687
2972
3322
3213
180
1265
8072
3851
6422
527
489
5821
8808
6742
7902
5814
6454
4944
2552
7312
9566
7671
881
8080
110
8463
7894
5841
7962
9130
5083
4231
9583
5974
5873
3579
8581
2801
6929
7657
5835
7091
8263
116
8543
7991
9334
985
4650
437
4485
4157
813
5687
9596
4249
6219
2679
2755
282
8518
892
8331
7765
3001
710
6225
7799
2641
9678
8448
6511
497
1948
6227
3195
9136
9669
8468
8940
5714
9491
7143
2276
4437
6198
9186
178
5811
275
1124
9122
8870
7552
1987
2685
5116
4102
8292
8761
1292
6127
9433
920
5107
2274
9437
3932
86
7775
2761
4222
9260
6278
4112
8364
2710
4930
6245
4599
3157
1332
8016
1897
8820
4429
7411
2737
5892
3612
7076
7223
3593
5731
5188
5876
5212
2857
6598
1675
735
7128
2750
7307
6807
1895
7341
2973
410
4242
35
9582
4545
5536
7010
5298
612
5112
6206
4989
9911
1345
3704
5097
3783
4491
4085
7614
2853
1314
3021
1260
3250
893
3815
740
2520
4722
7916
4211
917
9040
3615
2442
2566
5708
8914
1418
2480
8082
2144
9748
5530
3712
6706
746
4986
2071
9053
6986
9988
5846
6586
5827
6580
9964
5435
1504
9337
9837
8283
8276
1915
3429
6167
9674
9971
3514
9261
6005
6082
6456
2476
4573
8963
9290
8591
9627
5696
3283
8318
5845
6135
9764
2473
2340
7182
713
2663
1841
2897
236
1886
9223
6416
4386
7266
9905
5158
4221
4649
54
6021
5734
1429
6624
7901
6515
6786
5408
5329
1081
6686
990
9080
2683
6202
468
1888
7283
9852
8502
3520
2704
2724
2375
3353
1922
1485
6983
5808
5985
4567
9065
9395
756
9199
8777
139
8873
7385
3221
9986
3653
6398
8513
9987
9709
1974
8530
324
5150
2004
8379
5151
4847
9305
64
9300
7785
3676
9488
6338
8259
9419
2490
9475
2678
6157
5879
5644
4965
3986
8995
1710
8223
6253
5934
3162
7691
3740
4218
6321
8056
3211
4943
5956
9660
8551
8672
293
6504
5588
8612
8862
3519
7841
4339
6805
1849
9752
4118
9268
8767
7271
4519
4757
9005
4910
2906
9095
8105
5465
8960
5522
351
9966
1119
7282
8698
4477
5014
2248
8525
9681
6403
4319
8486
8108
9573
1546
831
2658
8728
8782
1475
3984
8720
8438
1847
3491
7138
9716
1540
4128
9461
7857
7472
3405
6025
4789
4725
2245
1364
2643
8846
7016
4830
928
6196
5295
1034
3146
9011
8755
8721
3188
8120
3998
430
1391
9864
1776
3992
675
9205
2781
3120
5527
412
7056
6836
259
174
889
4279
4963
3027
6242
1917
6179
7194
9360
5444
6760
7170
5159
1751
1148
7051
3643
7913
4794
9792
7794
9874
1635
890
3521
4909
5618
9070
8003
9545
4142
6794
2216
2546
151
2543
4972
6031
6773
3867
8154
3496
6796
2332
5012
817
72
8066
1098
9558
9105
3489
9585
5946
7544
295
2265
6987
4776
2
9278
8631
9002
9090
9807
5581
2968
1277
7694
4046
3086
1969
2424
4368
6641
2259
4718
755
7045
5214
5050
9012
2097
9849
6646
4160
4103
1662
6942
1800
9828
948
1833
6844
1791
1077
803
4698
7460
9816
4745
3394
4048
5033
9933
138
8916
4585
9729
5634
8078
1430
4402
251
20
9153
1386
246
285
4004
3504
3741
3632
4699
6159
6063
8129
187
9436
2115
2185
7636
9782
7094
372
3787
5702
8895
7781
9538
943
6183
5546
7504
9600
970
9613
447
8275
6252
6886
3794
6473
1749
1574
6428
8951
9093
3539
5980
6997
8796
8962
1049
5575
9601
1047
5335
5724
6432
342
1898
6538
6177
1273
3946
9066
9271
3682
3657
3009
2376
9408
1877
1073
6349
9794
6685
7690
4069
5087
2254
4825
7405
13
5209
7825
4842
312
7847
9809
6186
964
467
747
9532
5155
9121
4766
5831
6562
7333
9544
7030
1595
6296
8244
2220
1605
4538
3822
1086
4139
8326
1562
5640
2767
3173
7980
7935
9616
1241
9000
3945
481
6954
8065
2665
5869
5594
370
7366
4213
4194
7941
3241
7883
4224
2414
6450
8969
1433
4619
2099
2852
2978
197
4247
3774
6651
382
2448
7608
103
5738
5913
1720
2323
3067
887
8104
8075
6297
37
2598
871
6424
712
6875
53
2497
2305
4232
1989
7536
9917
499
9694
29
55
1875
7814
1846
3892
3886
21
3226
4058
4844
7495
6988
4478
4950
9370
8839
6345
2730
8363
7097
5750
2941
748
2865
2735
9984
4686
3773
792
2727
2054
8099
4808
6086
650
8047
6522
1785
3191
1036
7202
3295
3446
7132
9230
6496
4810
863
9473
1410
2911
426
6466
699
6678
9780
6397
6673
6652
6745
5894
1029
2395
2135
800
1085
2623
4169
1807
9647
1894
154
9033
395
5774
3273
6924
3577
8064
7061
4931
6033
5666
67
4664
8360
6512
7230
7184
5574
7189
6078
8517
4796
5147
9373
6209
6324
1427
2374
9793
5539
3556
9202
8538
5983
3948
7480
8890
265
222
1735
2785
6659
9426
1607
375
3478
2610
6735
3091
1912
3466
8775
7972
271
9001
9212
188
9353
9233
8450
3846
9235
7929
2496
9497
8655
1716
4819
3845
5336
5711
7865
2288
6208
1577
7343
2619
8407
2104
2955
2470
7680
3311
7655
3286
2459
4473
9263
8239
7807
4932
6270
8856
8382
5515
6528
9098
4454
4990
3545
3415
1094
9710
8869
958
3013
7263
9779
1167
3547
5671
812
8214
607
2687
7788
7696
1016
869
9056
9754
8948
4688
5514
1766
8843
5605
3576
4122
4761
2553
9173
680
80
6778
9236
8607
7165
2017
1126
8051
8819
3023
6334
709
3128
6023
6971
7873
9805
3245
874
5905
7029
8179
4008
8265
1831
4667
7344
5761
1647
7651
9351
2263
5498
2900
6097
914
4642
2559
9927
8557
4940
4027
7218
806
5633
8497
6855
4321
2007
8534
66
2527
7693
5556
7837
1920
6803
8990
5859
7204
9391
2284
7537
5287
9896
6394
3829
1660
9441
6341
1941
9318
6835
3720
9656
4487
4459
5548
9484
3804
1876
2188
4551
2060
9604
9345
8896
1681
7831
1606
4890
9734
5797
1363
5576
793
2085
3121
6710
3688
7543
8708
4167
7414
9294
2141
8676
7747
9120
1322
1883
6193
3351
5700
3620
3832
403
8114
6479
3894
5066
7280
4775
5557
531
6784
6085
1210
4967
5775
6300
8758
2337
8595
6711
2013
6471
2772
7278
9570
3852
5716
521
5185
641
1671
7530
89
3885
2500
7149
1269
5883
7316
5103
2471
6665
2807
7963
7511
8130
1542
4528
7448
1783
3825
7404
2312
1752
196
2326
9521
8943
1580
9926
7004
1344
6445
9239
1665
1578
6307
3314
8638
4124
9954
3562
1539
5126
3193
3574
1186
547
1609
8446
7616
8946
2697
5791
4691
5586
5177
8317
9470
1930
2779
1968
1738
4618
8482
5564
8347
7477
7482
5941
413
1808
9404
9008
4928
78
504
2249
9957
2765
3775
2420
5568
3507
1444
1175
4975
3952
2659
7104
4539
8643
3205
2556
9536
2689
12
2233
9919
9253
2728
8383
1515
2373
6725
1355
8055
7777
4358
3764
2939
1179
3455
8953
1445
2435
7836
1132
4233
3483
8348
3856
551
1746
4793
728
3318
5629
3189
1411
2822
5920
8754
1244
8956
4536
6453
2403
3449
5851
3152
7587
1488
1496
7247
4853
532
8226
9913
5003
6738
6606
8091
591
6705
1474
1395
7866
9469
3772
2660
9104
679
9162
4606
6260
3053
5669
3587
2351
262
8760
4571
4783
590
3434
7908
4620
117
2794
8725
6548
7320
2193
3020
2790
3769
1059
2347
1026
757
7064
722
6069
4381
8386
8085
3874
2486
6305
3392
9478
3762
7444
1668
2278
9297
4582
3889
4964
921
9757
7185
8046
6339
9292
6393
8596
4734
8116
2268
715
4724
4723
4759
1201
8296
195
8864
1579
6946
5989
2851
8860
5900
6224
1293
2367
6999
2505
405
4353
3911
8139
7832
7166
5315
2356
9524
6599
4173
6683
7809
5906
8635
2596
7489
1462
5504
1966
3324
1284
343
6331
7915
185
4012
8357
7872
2457
1335
266
3028
9943
7632
177
3443
7162
4915
6313
9128
1101
525
6837
786
4362
5441
1620
3015
8556
3940
8359
8264
3435
873
2191
9369
9428
5991
1187
3304
6797
380
5386
4326
6537
4050
6827
645
6970
3200
8300
2257
5767
4040
5144
254
5793
5896
6589
5658
3482
6405
4870
5363
3827
9887
2333
8017
4409
7702
9088
2267
2607
3119
3391
3016
2517
7386
7479
9699
16
7290
4692
2363
448
4529
2203
2893
4447
4646
163
3308
2541
358
2514
4978
3381
7014
226
5193
5697
6895
4188
6286
3060
9374
5301
5570
7017
5854
8855
8790
129
9661
1477
2230
2567
7310
1741
30
1723
2338
2180
1015
3174
997
3692
9085
7524
1599
9125
8703
6231
9123
48
8375
7519
3753
4053
5788
9190
1782
3619
3414
7317
7813
3115
6359
1565
2106
8057
1536
8422
9311
5888
2882
1163
9180
663
465
7570
125
4900
9328
5961
6962
3654
5283
2938
8495
8730
6018
5661
3529
5737
2453
2987
5319
669
2320
6491
8115
1385
5130
1193
6662
4804
2095
714
4184
4635
6222
6596
8509
4383
43
4435
3315
8246
3238
6326
1571
3544
1178
8390
5766
8961
4021
3024
3833
3110
1684
7618
1610
5606
6513
4448
7667
9523
9061
3136
4476
1952
9218
383
2238
7314
235
5051
1520
2979
934
5957
8768
3158
8991
6823
9767
4927
9826
9947
3869
7410
7624
2192
720
5951
8458
8659
3004
8844
4506
4416
7464
1007
1338
7068
879
1728
7371
5443
6565
3802
5056
6032
4420
6535
1988
2310
2073
5251
7393
4216
8039
5174
6203
3046
4933
9024
9486
2176
6011
2841
7019
1263
6563
3371
6608
3905
6058
3078
8536
5976
9187
5461
2937
9141
8022
727
4470
2205
2029
1900
8197
1796
847
5254
9313
1207
8192
8833
4778
5175
6210
8127
4143
316
5354
7867
6390
6460
5924
8425
1881
1984
2824
2691
4140
4114
8466
4352
203
5554
4043
6898
7336
9903
9457
9189
4786
9948
5690
6951
4941
6320
450
7123
4219
694
5406
2405
7437
6567
1529
4997
537
1378
7292
1130
3437
9460
8830
2590
2584
5493
9149
2834
7300
5476
6658
9444
8788
7422
1951
9608
6057
6708
2830
8917
5929
505
9527
5805
2547
5180
5302
1612
1323
1736
1698
8201
3819
9586
5102
6876
4028
6149
6484
2465
903
4054
2877
9089
8337
6188
130
8396
7205
1052
8020
5016
8945
94
1632
6947
6508
2918
5027
2067
1498
9942
2976
1318
7046
3239
6978
9704
4876
1134
8854
8599
2298
8180
7685
3138
5890
3363
11
6469
3792
1663
8098
3292
518
6935
2602
1634
8090
3080
3224
7975
5930
9118
8868
5113
2826
8697
4497
1799
9133
9025
344
4384
3683
6493
7986
4375
5947
1860
7974
6597
1707
5884
5403
7087
3668
8010
2408
2152
1655
7114
4170
2872
5925
8722
3385
3473
621
9550
3535
7339
9509
9485
4203
8298
5219
8594
3509
1484
8224
5220
284
8566
5544
4268
3800
7997
2309
8974
8912
5153
2664
6959
1155
8939
4977
2617
4676
3812
9880
2427
2149
1206
5456
2037
9356
674
260
7454
8613
4711
8639
5194
6700
3276
9796
4901
8840
5727
6166
4563
8321
3126
8427
2422
7989
4561
8245
8649
1174
7539
8539
8799
5306
8240
353
1854
1301
620
9763
7733
588
143
7650
4644
8964
1534
2823
5615
2570
357
5679
5405
5995
4564
7575
1388
6065
8511
6682
7459
7102
4130
771
1375
1070
8812
1765
7430
1228
9379
8473
8609
2529
7239
8173
9172
7981
2770
7421
3760
1056
1461
4445
7483
1465
2142
8140
4925
1852
8432
942
1572
7738
8041
7122
4328
7522
1724
9565
3463
7796
804
7599
6564
677
580
9380
4020
5785
2031
4851
7827
1592
5607
5073
9499
7198
2815
425
9156
8665
1618
8219
563
1372
3744
1327
2956
587
9810
939
513
7180
9882
5752
4033
3933
7032
2072
5311
3595
5645
6315
9208
5616
5223
2358
3424
6366
7766
6266
3002
4730
3325
1110
3636
3333
7331
8094
424
4859
5037
749
3868
4302
5356
1316
6588
4206
5635
1456
4083
9889
7905
5495
3268
8929
2763
479
1150
3465
6265
6150
5463
4341
8888
598
9296
5208
5428
2239
5746
386
9574
3590
6857
5017
3857
3650
3079
7863
7513
4547
6720
9023
3406
220
2468
6974
2725
2946
8966
4272
7451
6905
6964
3416
8260
5677
8907
2703
1906
2749
6121
5162
6053
5660
5288
8286
2639
9310
6702
3522
4703
2371
9847
4312
999
924
5278
4523
2923
1146
3858
610
2622
1781
4653
4395
7107
5110
4939
4800
7296
2146
4770
4084
9389
539
824
1762
4110
3470
7206
4379
8236
4527
6
8361
4283
763
8439
858
8475
8166
5249
4091
1255
7868
6654
3257
4234
6495
2187
652
3548
2592
3262
4524
2150
6908
1305
8772
9295
8163
1737
9050
8353
3533
3248
429
1423
935
2049
8501
7753
6514
8954
1304
7967
4535
3914
1646
1226
5886
4544
3365
4616
5242
3081
761
2883
7251
8842
784
3382
9646
4327
566
1670
9039
6438
7631
2848
594
4912
6634
9932
6059
5327
5591
2207
7313
7358
3336
2346
9745
7167
7933
5500
4954
3954
3036
3995
5104
8435
6468
7554
6579
8928
8413
8837
3398
4285
8378
940
5291
9821
8209
1651
3300
8786
7572
7742
2117
2464
3937
7197
5368
371
7433
6748
7039
5400
2016
3634
4461
9054
7301
1971
7152
9534
5098
3652
9168
6467
6866
3464
9969
8729
2803
201
4848
2904
7142
2222
1872
9908
1629
4532
5470
7193
6322
8437
9953
3689
7897
4728
7006
4273
3313
9448
3613
6818
4507
2199
5972
9510
4281
1956
8221
2560
6618
1499
6851
9514
1790
6228
4178
6503
8415
1819
9766
7909
4911
633
6843
4351
1999
2921
7968
4411
4350
473
4022
3383
2532
9963
3316
1090
9723
7864
3926
701
2844
9516
7376
5464
7028
5777
2919
3898
909
4489
9043
7352
4610
331
5795
3032
297
4322
540
6022
2945
2456
1218
3461
4621
1788
7018
1772
3475
9706
2327
50
1425
2130
7628
1331
7392
135
7538
8847
3887
2251
6124
7862
7315
1157
3972
3105
2236
3154
7055
4001
3170
4624
5642
5127
5619
8268
4223
5547
576
3621
3837
5367
7063
7099
1205
8793
6943
2493
5603
1032
2540
5583
730
199
7833
4874
3716
2545
872
8267
6859
6731
5206
7356
3207
6576
3111
4007
2024
992
1407
3671
4306
2051
5268
2672
9884
6007
1319
3310
5703
5649
1291
4862
2975
4771
7778
7427
4042
2398
4923
1033
9146
3813
5320
9857
2028
5165
7548
6736
2636
1708
3608
9423
7783
4311
3366
2481
502
4488
5937
5559
200
8366
140
8736
9665
5621
790
1450
7154
7586
1046
9432
7734
5726
8689
4400
9407
2232
5075
9143
3572
9937
4254
8792
3884
5508
9447
5820
5531
7253
1972
4093
4005
7281
4906
9742
8301
3743
898
2306
4504
7845
7521
6115
8985
9737
1243
1417
1701
780
389
503
668
5154
4609
9472
7144
8645
2681
7919
9159
3882
8421
8294
1726
1268
4176
5149
9375
2003
877
9394
3215
3408
8794
1302
9786
2940
5077
8582
9518
5720
367
4926
9087
9160
6734
4484
2878
8987
9652
8287
8900
8150
2162
4205
3534
8666
724
3703
6874
7961
968
7503
9255
4879
8270
376
3597
3329
993
6758
2270
4446
3801
5627
3168
5478
4543
754
1677
8573
6048
2061
289
9495
8190
6907
113
4474
1604
6896
1745
8584
2280
5691
5962
2989
6583
5975
5825
4540
3516
4712
306
8261
866
595
7254
2930
9684
8067
4149
2119
6989
9939
1452
3568
4850
106
7027
6645
8994
6291
6325
4733
4294
8602
4462
354
1361
7954
9758
880
1740
2018
4214
6185
1245
6036
5361
4060
8554
417
1514
8766
6824
4002
7098
2311
7453
2618
3861
3456
3059
1189
8345
5118
2862
5148
5183
8734
9705
8861
9722
6945
2960
6055
6853
4
5430
1295
3976
6925
6490
3841
1381
2336
1676
7034
6607
1837
3263
2120
9593
8679
2653
683
8715
74
6506
5736
9599
1719
3872
7277
2624
6510
9885
4226
8658
3175
3909
1080
6415
5002
5349
9041
5955
8741
3598
3171
7147
1389
1757
5960
1376
4714
7501
7012
738
6113
4262
1533
3223
7258
7553
7707
7351
9914
3246
3319
5587
9281
2800
2214
3293
6175
7947
6142
9698
1980
1356
1392
8478
6498
1979
6756
9139
408
4367
1247
100
6559
8002
2603
8106
8302
398
4398
6276
9081
2264
8804
9267
7931
5626
8886
7183
5080
9349
5728
5682
4852
5393
2795
5755
1030
2782
8280
1359
1382
7345
8109
4565
1341
8699
9956
5502
5157
4237
6792
5173
4756
637
3600
9685
2102
1931
8571
9131
1113
3561
2974
8726
3999
5636
4057
7584
7996
2747
5415
1839
8146
9430
8859
1001
2210
3072
5816
3472
3258
7117
8169
963
3372
4781
9751
3172
7362
3103
552
5473
5501
2128
4141
6635
1286
2198
7739
510
7131
8102
8972
8663
3352
5902
5613
6273
7508
7527
5275
810
4991
4629
355
2429
583
2217
2483
9580
5510
515
9712
7923
9520
3453
7428
3790
4190
8284
1313
7463
835
7955
5590
8142
897
4739
8933
6128
3124
1249
6323
4583
5705
6884
449
9400
5009
191
8978
4877
6488
3022
1923
5181
5542
3342
6229
3289
3526
2690
4809
1358
733
2440
3693
5389
1957
1683
8700
9147
8362
9649
1200
8927
8520
5632
3477
5520
287
227
9632
9946
7999
4388
184
2715
4735
9352
7355
9288
5280
9591
6026
218
4041
4647
9386
4010
8218
8380
3536
1071
8316
5190
3073
2809
2509
2125
1882
471
6442
8648
9031
6570
7792
7528
4423
4137
599
8278
7525
4425
8506
6302
1347
379
8667
4985
8213
1441
4855
7964
9664
3923
6400
586
8118
6815
4062
8481
4934
365
7402
1491
2654
3247
6433
5895
815
4275
9876
3057
27
5123
4554
4880
7745
3048
4839
5192
933
60
8883
133
774
9817
848
453
4976
3118
1234
7011
8431
9900
4434
5490
7231
8831
6696
4656
79
534
5115
9921
3277
7007
2736
5237
2262
1422
619
2002
3645
2875
1238
4192
4574
1022
9902
3144
1239
1453
615
5984
767
2583
6558
5019
242
4133
4500
7119
9124
9862
1914
3106
1993
7585
7467
2522
194
7044
1447
7751
1394
2836
7250
5351
3640
6134
2887
8577
5483
3767
1182
5285
6417
8938
549
6694
8922
5164
9695
6621
9129
3770
8664
3614
8053
1820
2982
6039
6363
3626
581
7329
114
1147
4347
8601
7287
643
7597
6404
1421
206
6976
8881
6902
4307
4088
9075
6158
8175
9256
2694
274
6077
2023
1570
6465
5222
6888
9398
3890
8452
3690
4690
5299
794
3018
2247
88
3929
8718
4201
1715
8181
384
5861
4617
7375
6360
3440
1936
2565
1308
4719
5681
3140
9879
9915
7235
5318
1093
3532
5072
8803
3163
5988
2317
1631
4685
6691
9595
3752
6869
823
4952
3208
9836
5101
2279
8195
8983
5262
954
9250
2967
945
6408
77
3781
6714
1916
4246
3306
7720
464
57
2695
6344
8606
3978
9928
5039
913
5438
2364
3176
2926
3471
6448
6141
5263
6592
8112
4317
3625
3089
625
108
6719
8507
2820
6647
6721
3511
8006
1909
9549
8111
7192
2046
6927
5849
1271
3421
329
5252
1548
9322
4631
8199
4888
4019
1767
7979
4038
6164
8339
4424
4493
28
6308
8712
5267
2286
2110
7877
4737
7481
1082
4387
8763
8351
7885
1096
5253
1705
8562
1942
5358
8177
1994
732
9973
2942
5582
6627
7024
661
5257
9378
7910
2381
7529
2804
8693
7689
4701
8841
1742
4751
2580
1935
3859
1340
8216
949
7815
5224
9431
5550
1587
5390
646
4032
3860
3125
2343
9683
9787
204
7222
2387
310
526
929
2409
8358
7382
2531
4721
4193
2183
356
3370
7436
5786
7891
7294
6237
9446
8070
2415
2419
4187
708
75
7564
6766
4979
8029
8470
7727
1105
5203
2068
4826
3997
6102
7090
2861
1784
9965
1976
5954
854
7855
9092
4354
2899
7305
6763
8798
906
8838
5768
6215
2132
1949
407
3436
5355
6377
2572
4305
1778
737
2902
7325
1721
8903
4399
811
132
2090
5918
640
1596
8254
7574
1014
7071
1428
3400
9242
7659
1061
3167
2712
584
6650
6010
5176
7322
1816
3214
6163
2787
391
8753
2365
1035
904
5138
5446
5987
5025
1640
2751
2129
6737
2519
2934
397
6258
2568
8455
6371
6517
3386
9936
8349
1177
7188
7179
444
9222
9047
1747
3916
2528
7714
460
5602
8875
5852
5137
4450
7431
5706
6949
5370
319
3186
1709
8117
9365
5758
4370
6431
6885
2196
1585
3726
3165
7829
4743
2166
2133
392
778
7350
614
5277
1251
5511
4611
4805
3317
2629
647
7241
9894
7074
685
5646
3321
7842
3490
8823
9333
7861
5442
9216
9977
1506
4079
3503
962
4166
5166
1223
3818
2846
87
1280
4251
3729
3006
6892
6817
4854
3178
1754
5973
830
9170
1637
6418
2649
2394
6975
4849
19
7749
8044
7088
6578
313
6790
7447
2433
4904
1695
5748
9371
5993
7126
7191
8906
5303
8479
7458
8477
3220
6294
5484
8183
2869
5593
9102
1773
9227
1370
6655
2242
7242
3543
6632
7260
7450
5350
9814
7494
5117
8228
6894
2121
5480
5778
2713
4886
496
9301
3254
1517
8691
6920
3409
2879
4072
2494
2292
3925
2849
7562
5216
2423
3427
9995
7249
2953
431
26
9106
622
783
6667
8629
6854
2339
2742
6040
1303
8399
6915
4957
7728
5850
2927
4744
6697
8225
7830
7666
4763
946
9483
8269
1151
3071
4628
4520
5499
9658
3141
1691
7911
1581
9671
83
7112
2050
281
6904
1983
509
5780
5790
7065
1992
7701
8731
1063
9401
2065
6375
5125
435
5377
2797
9898
3564
3991
9890
5108
9082
5933
6666
955
2032
8110
6251
4974
6887
5020
3658
6132
9232
4812
2729
8675
9854
5655
8045
6015
3441
8849
2526
1221
5882
9753
3127
3679
8958
5824
8398
846
9185
3607
7399
6463
9517
6631
415
6939
4503
2325
2656
158
1613
7505
7810
582
8341
7101
6848
5683
4373
8892
1805
8681
766
4983
8783
6534
2671
2098
6799
8152
326
9314
3256
6750
9653
9013
6147
2721
124
7349
2383
6084
9687
7654
1535
7822
1154
2847
1704
697
6382
5062
758
6148
4267
3335
286
6311
6638
7003
7882
8126
8093
9073
2864
4499
2970
1550
3251
3237
9015
7020
8695
1393
6434
8759
6834
5622
3531
777
5089
4634
3776
261
2587
3432
451
127
7304
5657
9367
3968
6170
5314
3599
9465
7887
1214
4336
5196
8205
769
219
3877
1645
6878
4920
2810
4108
2889
9496
9833
5967
9225
8445
4922
3955
2818
6783
7725
8937
5429
1732
8811
9845
7440
3953
3362
8189
8184
553
3341
5804
5935
8461
4026
7367
3301
111
8713
3458
2211
605
189
5042
8652
7135
4191
2760
4165
5963
2413
9609
3834
8542
6841
1696
2513
7934
5451
6303
5248
3563
9617
6591
8673
554
7906
7752
7613
4332
8052
3093
1950
120
3988
3017
300
9454
4824
6241
4120
5855
5659
9788
280
8550
8773
4260
3944
798
3796
6020
1092
6518
902
500
9749
826
1270
4748
7070
6994
8765
4837
1446
478
1109
6996
6138
5261
7391
7200
1455
9140
5880
6461
4148
8243
5584
1955
8921
8058
3501
2632
9801
7470
4832
8680
9610
4820
5296
3492
7158
3064
1628
9662
1458
7673
3369
7175
8515
2613
6458
2444
7797
1115
9776
9511
9273
6628
9201
5889
692
2964
3488
6006
3169
9363
972
6653
8336
7582
4348
1690
161
2700
1642
8932
1486
8157
3795
4579
2466
7324
459
4466
9827
4215
7633
1136
6075
7649
8014
6955
9949
3817
1584
3131
6780
1590
7418
3201
8853
1095
6362
923
1889
9503
8172
9029
6788
8401
7615
618
9564
2066
2058
7824
5038
7804
4968
3528
7881
7069
6459
6194
5105
5949
1678
8835
2966
4161
3970
98
3956
5874
4455
1513
5391
2498
1638
8013
9929
9188
388
9112
5036
7148
832
486
2378
181
1024
1543
2726
1518
7715
7946
8206
5969
6355
9500
577
2272
2026
2544
6372
8749
9312
682
8563
8735
2504
6723
4063
8325
7048
3209
5231
4151
8073
2524
1414
1827
7683
7237
1753
4594
5553
2758
2123
8644
952
895
291
7579
6356
2901
8988
5494
9113
4505
8610
3809
8732
4164
2293
7462
3624
7994
8744
2914
548
5668
5227
9501
6439
3983
8004
7828
2033
4593
4811
8690
9247
4087
1666
7952
4670
9177
258
6103
2611
8191
5411
3835
7859
3359
8746
703
5260
1252
6072
9537
3419
6916
4382
764
5245
9727
8686
4494
4917
5044
9594
7347
2928
561
3710
5129
8807
3996
2155
7850
6152
3559
9306
3393
7378
3849
3396
4605
6283
3153
9830
3274
1368
9577
6732
3891
8174
5211
9154
6519
2122
4938
231
3941
6808
5067
5
6609
9342
9839
983
4495
5662
9405
9264
5771
9455
1237
9974
5585
7337
52
8510
2044
5806
1844
7338
5943
3731
9899
1523
3479
1870
1362
2285
9355
1235
2039
5773
1231
1120
2164
1615
3433
1687
7319
320
3897
8872
307
3672
2786
7534
8568
8464
9327
4654
3425
6789
1771
3677
6348
7306
6963
8408
1366
726
8604
2951
2384
4082
1986
4492
2079
1479
7233
5931
7879
7395
3759
4716
6921
1904
3980
2231
7398
5488
1190
5290
3566
2015
8561
2734
760
2116
8752
8178
870
3922
1233
446
9872
8747
7485
2670
9504
8416
7805
1041
3413
2349
9860
9621
6842
7898
8871
8128
6464
9057
323
2143
5953
3487
4031
3037
2990
7930
5857
7790
8144
9976
6154
9981
368
3873
3826
6497
7187
564
1310
8063
8125
1039
7953
579
3651
6370
2586
6406
9287
4623
2043
545
6781
4101
3765
9451
7013
9317
6070
560
4569
2101
3092
419
4315
6982
4126
6785
9519
4115
5293
2612
5235
9790
5817
6151
4340
8989
7764
4055
1160
8714
4287
3069
7533
6041
8324
5787
1495
5167
4949
3538
5521
9528
4000
8483
7858
5000
3082
93
2345
6891
2223
6274
3811
4709
4295
6821
9546
2179
4073
9730
1350
2699
3751
2237
1104
7455
4440
5533
1656
8297
8950
8751
520
4665
6280
3143
3755
1281
6681
7172
5940
9245
381
2859
7461
4145
475
2971
3853
1156
559
6693
5022
6174
5424
4887
432
4359
4006
3259
2070
4994
137
9522
4515
5106
861
7060
8779
6771
9820
9934
8404
5709
5516
1903
3586
4075
3649
8781
6042
5620
5968
5452
7078
676
2909
3694
5128
8303
8299
7116
9
1137
4772
4885
8400
5600
5474
7207
4308
6616
1865
6396
3749
6533
5364
5887
9629
3179
7134
1195
9474
7507
9676
1334
2743
5217
1031
4436
2827
773
3974
4675
2907
1037
9420
1481
896
8909
3943
5641
8449
321
6743
4969
9798
6918
3332
3902
7036
5565
9438
245
4792
5447
6478
3407
4045
8541
4092
4895
2407
4035
7724
6207
6800
7684
9145
5146
5592
7299
7136
4741
6261
5596
568
8981
9424
1700
2947
8549
7509
3870
8314
1103
4780
4677
8967
9116
9778
6739
1264
9888
8049
6993
4280
1329
6257
1040
8519
3312
4366
4330
5310
1973
4076
9494
7730
2449
3014
6801
7111
8397
7992
6028
851
9697
1431
2863
3524
8436
8650
9072
7438
2759
5725
3847
5926
7732
2136
8291
1315
6912
4377
5828
1857
7217
423
8081
8825
3549
9325
9315
335
5653
298
8388
8033
1099
6391
5843
741
3738
8423
4869
1463
5735
8789
8905
3339
4921
4807
6816
4467
5010
4152
6421
6384
3727
8598
4344
7361
1171
8202
7323
6727
9738
4276
4449
3104
7380
9812
4863
123
1733
1451
4530
7156
8532
6661
2064
145
6839
7769
2030
666
1500
888
9941
8750
687
3810
7644
9007
6909
8327
2418
882
7731
2766
7938
3578
9682
8008
3058
8547
2020
9304
4418
5745
6486
4486
7596
8570
8391
2261
4174
4441
5538
698
7700
4762
4840
4430
3661
4025
9831
2401
5449
9238
7590
2460
6990
8579
6560
1711
5241
1257
1352
5396
5394
5459
4732
4682
745
9951
517
8131
8867
1555
2069
4580
5651
719
7226
523
6462
3070
592
4290
9762
2684
3918
2931
9307
3730
3033
3879
3132
8319
4813
2139
2585
1722
3395
4908
3428
3957
1114
5202
6845
8942
6937
1324
5908
5571
1062
411
364
3084
176
2075
7927
7159
5866
6250
4309
4693
1141
630
779
673
4586
109
8706
9878
4394
5597
9559
3040
606
1299
8335
9844
5518
4947
6211
9855
1890
9717
4815
5541
511
9194
8877
4738
544
2789
270
3629
9912
5458
654
787
39
9269
6872
6944
853
4288
9354
8491
7949
4116
5833
5292
9870
3249
6542
2835
4131
7384
1457
3399
3260
2172
8021
1779
2952
4779
1013
3368
234
328
7568
6791
2369
7273
9163
1811
6494
6861
1165
5863
3606
9869
1901
2366
5491
8274
9403
6532
9234
1408
9625
5454
6657
9797
2386
9026
5945
6247
9144
8193
5789
3910
5071
2212
8279
9016
9127
2868
816
1379
3360
1763
4316
4773
3109
7748
2991
8623
555
1636
9397
2616
6235
9402
8412
9193
6752
3617
7133
1896
7795
7677
1814
725
2821
616
7592
2114
7419
5362
3842
9719
3142
8624
5569
3700
1448
1404
9598
4094
5838
6668
8322
317
8161
387
9298
8578
6969
6392
9165
9346
4132
3667
5932
9541
6581
6116
5847
9137
8402
1821
1176
5674
5948
7057
3357
7261
6930
4210
3102
4099
1650
5401
5074
8207
7456
7426
3592
2773
7169
8133
7171
7598
5469
5357
7917
3344
4396
981
4768
3746
2788
3950
9744
9211
8701
7717
9579
7758
2260
1311
4857
2867
2832
1803
6615
8585
910
183
1027
6966
1420
6502
9996
6640
6309
7262
4422
9179
8719
3639
7900
1532
4802
1672
4872
5532
3288
9198
7557
4296
7037
8980
1616
4581
7515
7153
2010
4479
6144
4253
3378
9014
7157
5284
9720
4799
58
805
2324
4883
5672
4363
1217
3431
918
3235
8182
4708
6160
2866
8971
3025
3930
2244
1436
3340
4550
5264
6425
1121
6191
3052
2287
5870
6573
5832
1489
5082
9421
6003
2439
8894
5030
8926
6457
4426
8256
5243
1626
2204
4442
2806
374
8266
4548
4777
2001
7083
4614
6401
9597
4953
8774
818
9675
9804
4584
508
5481
5323
4333
4239
6126
4243
2138
7413
9866
9219
2696
3985
5819
3824
3903
4163
9811
1658
8762
6893
3198
5513
9060
263
9615
6140
3719
1822
9679
4541
2084
9258
7874
3805
7008
4196
7990
4603
2399
7604
5094
5100
6582
8832
9171
8590
9286
6967
6492
6292
2688
5344
6045
8145
7054
8976
8328
1680
974
2052
4833
1129
1563
3029
5468
3904
7326
7115
7735
8605
9477
9689
6729
2723
2698
9414
4553
4089
3426
6712
5445
6882
5172
3973
341
7580
9799
7089
1106
6437
7918
5799
6153
8821
3051
688
9262
4602
2462
7075
6850
1449
2206
1497
7186
9434
8442
9358
626
7234
6936
5794
9392
4444
6195
126
7330
7161
3670
6611
9350
6832
3042
5537
5353
7491
7648
6730
570
628
5178
8367
8042
3474
4015
305
4432
6765
9161
1337
7723
2163
1643
1219
6367
5561
2606
9359
1978
8845
7869
4248
4391
1804
7334
5623
7581
7465
6046
7663
7227
2601
2910
2777
3958
3280
9220
1547
2081
8941
5191
8934
4180
8494
7275
4576
8880
6095
3450
3284
9688
1326
5006
8247
5792
7995
4236
3977
1729
8196
186
4765
4560
25
3287
4121
9181
7976
4209
635
6212
8531
9715
394
141
9713
4310
6747
5891
9442
3390
5958
2850
118
6746
7496
4372
1074
2944
8141
2487
8669
9726
3190
3542
9471
4199
4412
7681
5417
8304
484
4238
2012
8897
8074
8162
104
6310
750
524
7848
8716
3196
452
3567
3185
5140
2860
7892
7408
5240
6674
9548
6035
213
4229
7583
1079
420
3291
1432
8688
1112
2432
644
7272
1598
9931
9048
2243
2856
4512
9076
7893
6928
2235
7059
4159
7224
1072
2640
4364
5376
6451
7531
1712
7082
8878
8587
3107
1191
9803
9859
8810
4511
5225
4695
5265
2898
8200
2290
253
693
7547
6544
7232
4417
4483
1967
3031
9781
9308
3964
8682
6880
4958
4673
4146
6777
8876
9135
9865
6899
5369
8662
2027
7190
7823
8615
3550
9672
1522
3147
4252
4598
5084
8827
9049
5897
2600
3233
7593
9415
7895
6775
5566
9739
3030
1229
1589
5977
8910
3500
3484
5523
6552
7049
4905
1727
5836
4342
865
9381
8851
7510
1630
9275
5448
3684
7682
4266
4119
7276
5695
567
9906
4154
795
678
5418
3108
901
4036
776
1107
4752
7607
8696
801
3893
3850
5236
5281
9069
4918
5380
121
4689
8198
7289
1224
9046
462
2354
9372
225
8640
8288
3007
1954
1088
571
5654
6213
7121
5813
7676
8575
739
6034
2666
166
9624
9925
5145
1133
1045
656
9321
8925
3696
400
1557
3798
2402
5903
8273
852
9411
4566
5693
899
3880
7203
4522
6547
8795
5467
9059
3510
9659
8210
6593
3814
4065
301
6347
256
8471
753
9209
3736
8642
6197
3939
1659
438
2482
7264
7140
9347
1048
834
2950
7327
1508
1501
3708
5226
309
9940
5496
1774
3965
2722
894
2993
9818
1343
8164
393
8553
5058
821
9571
6169
9107
8252
3928
1325
6317
5517
4181
845
9019
9533
2458
1380
1959
8258
5648
6520
8920
5412
4899
507
2096
9554
4158
7079
2250
6119
6984
1623
4427
629
9110
7601
6105
1998
7050
5270
107
6299
2625
6806
5273
5093
9567
3270
9195
1519
1929
76
1276
4374
193
6301
8863
71
4945
3039
7978
2511
2874
5139
1887
6917
327
3294
2719
5698
2303
2516
1443
4155
8537
5749
6507
2074
47
9666
9456
5422
377
5387
7755
4357
8203
325
1622
6525
2271
4966
9017
956
4325
6385
4514
6064
2676
6830
2200
6626
8187
9636
3601
3255
3646
6447
573
7556
4856
6829
3843
308
3462
3848
4729
6306
8160
2701
7612
991
5864
2733
4984
9877
5477
5432
6642
146
131
4264
3010
3374
7741
4622
2762
4331
3602
7163
1873
8634
9449
170
4640
6610
5414
8121
7729
302
5802
4457
4589
6554
3065
883
6619
4747
1667
2652
7884
1850
3297
5232
2140
2757
8354
8084
7038
159
5068
4836
3823
2892
6953
5599
1933
230
986
9708
3062
294
9215
2331
476
6230
4393
9561
3476
6101
4834
7145
2811
5321
7844
5567
6248
7269
1813
5250
6833
396
7856
7236
3666
6271
9174
3253
1415
4823
7658
8434
8496
4643
4274
9357
1278
4962
5743
495
1528
2368
2805
6753
9648
2783
6536
8488
3609
122
5328
5256
6068
4608
2813
1686
3266
369
5198
5437
3707
1611
828
9283
1467
2035
9134
5343
2316
7022
7985
8417
4987
152
7818
6858
1279
65
5282
7912
7595
4346
772
7819
789
5545
5981
2720
2578
6312
7374
2714
7095
9417
3216
3839
8054
3003
2562
6724
7772
3354
6267
1227
6979
5826
2638
7445
8257
2281
1794
6350
820
4889
153
8409
8651
3101
7452
7062
8717
8444
278
1125
9237
9850
1053
9841
5011
9920
7160
6717
7951
7656
3591
2488
2876
8381
3202
5512
8524
5426
7672
3320
9468
4481
2525
4355
2404
6218
3231
5764
9923
3780
8528
6336
4916
9631
6782
6948
538
5325
1560
8352
1330
2038
7120
2839
7577
4452
8233
1306
1248
1812
4727
6441
2535
9252
179
5830
1145
6304
9994
6172
2025
5120
4633
2092
8037
2655
1406
5046
8405
885
3961
9058
2925
3678
5096
6449
5534
6900
9955
8806
4860
2388
2400
4858
8828
1569
9907
4090
7274
362
3541
7474
8248
4782
9740
3412
7139
6950
3552
18
7639
1020
4996
1614
3803
4595
8745
6749
762
5348
2521
4715
8521
9895
7346
6162
7213
3242
6099
3931
2406
4639
4795
4790
1928
6226
7389
5031
1810
860
3571
4335
5244
4956
987
4531
5228
5070
8564
7965
2667
190
4490
2034
6091
2569
8949
9962
3323
6092
4463
9502
6981
1435
5781
5524
6001
7288
1970
9284
5207
1838
6332
9109
3420
4134
4546
3467
8308
1801
686
3438
90
5255
5970
9760
2539
4245
373
3938
7042
9846
2438
9299
2738
7164
3585
3791
8447
8241
819
6594
9725
2709
7365
7026
1440
597
825
7943
4117
1946
4817
3122
2508
8858
9802
4806
2833
5997
3685
1699
2920
1333
3418
4625
7870
2299
2561
2393
2053
361
7835
4552
283
7703
4204
8589
8710
9634
574
5156
279
1944
5078
7983
82
1246
2479
8377
6852
1002
1294
8685
6365
6014
7383
8724
9945
7695
2019
171
3963
1060
5643
1312
6423
5427
9453
6802
3459
5809
9192
7267
7621
8460
8372
1795
5086
7641
3452
1982
7328
5856
1884
7559
6541
5419
208
5893
785
7209
9998
859
3269
1748
5266
8668
7664
2775
8597
6952
6754
7174
8253
6595
9302
9427
2745
4147
2127
3068
3177
8653
3206
9886
4818
1367
2746
6553
932
989
211
1840
2954
7429
3281
971
9707
4816
5471
1829
5486
9022
4936
1981
3166
9344
1531
3551
9018
1731
7973
1965
2812
24
8018
8032
8068
457
5238
2530
9897
5842
7176
8737
5919
3680
6617
2668
7800
9873
2201
2241
8975
3771
6272
8785
8802
7420
6622
9062
9670
3041
2644
802
2443
3784
8884
5966
469
7623
6860
8443
1739
2295
5650
2194
7801
5823
5979
1866
8952
7646
4240
2161
9968
1975
7716
6636
1591
8647
5675
1400
5637
3494
4988
3908
9489
6327
6862
9815
3430
7353
1487
2912
2428
6411
6342
7665
7517
7105
2739
9535
5730
6539
7449
7889
1685
8414
6531
3515
1042
5732
6111
6455
3698
217
4009
5114
6122
6521
3261
7803
2604
9067
6557
9724
1652
4003
7924
7652
690
9824
7904
5704
5928
3788
8330
2147
2392
9462
3285
2171
2080
3881
6574
1172
3687
8456
4658
1208
6941
2082
1564
1153
5914
9881
8527
8522
982
5371
6540
5759
7
3641
1287
3786
1225
4150
8683
3183
8997
7150
8211
8898
7549
8212
4361
5529
1893
2903
7948
6108
9467
7971
9111
2450
2791
3495
4868
2574
752
4961
7888
5060
2896
4981
5722
5507
1786
2167
1466
6249
6156
409
1398
4959
4498
4894
5901
7002
651
7052
5338
7072
2563
5309
2959
4071
655
7782
7199
8342
1242
6389
7669
1551
1213
2319
5029
268
9055
3282
9248
4600
5392
8567
3705
2614
2913
8633
9960
2008
922
5186
3422
9164
8229
9620
2650
4421
7221
7293
3402
1697
6076
4845
8593
7021
8977
8230
3555
1879
7853
70
238
9512
4067
8616
8440
2484
4534
7643
7719
5133
3862
2855
5399
4064
2518
9642
8290
6474
5899
4864
6575
7015
164
6089
2890
4680
3647
6125
192
6545
8893
3899
1945
2361
1483
9819
7692
2041
8385
6762
4694
3445
6769
3722
1934
252
5492
8526
6772
9858
5269
4439
1594
4369
3675
5289
1654
6864
6903
6056
3486
5701
6319
5803
169
232
3164
3584
1374
1232
5026
8498
7982
2307
3513
8249
7488
2283
9439
102
5398
1067
9543
6246
8743
9382
1899
7944
6190
950
4980
9950
4202
5049
9064
7364
5161
2705
9028
8135
5578
9746
6205
6679
9515
1196
5739
2756
4105
7526
4014
4438
6288
9396
7335
2808
8
1328
5885
8955
8234
9747
5373
9169
4451
1734
1131
5090
3799
3766
9385
4641
6973
5365
1516
3757
1575
1511
9612
9991
8323
1426
7109
3469
7603
1087
4392
944
9686
1544
5200
3302
311
1549
8011
5837
603
1050
4601
1907
6354
9425
4179
1058
4175
9274
4220
8368
6931
6688
8001
6601
1512
491
9445
198
6566
406
6726
3139
7969
3327
8619
7625
4866
5221
855
233
1939
4821
250
8617
7875
228
1937
4998
2355
5095
1116
148
8569
1118
1028
2126
3244
1758
2157
5631
5421
1661
5099
9848
6071
1135
9094
3095
8101
422
7084
8315
1069
1240
7181
2575
3045
6865
1464
2873
7662
3019
2277
8814
9210
9079
9338
1288
7257
550
4684
288
501
9320
1272
5410
8661
5360
7113
8901
8350
4570
6062
9324
5195
9759
1003
5763
1760
9633
3854
4292
4230
4992
1878
2252
2816
3330
7332
3085
7709
2980
5551
8490
2591
912
5760
6399
7284
9384
6343
5047
4138
3217
3054
4509
8504
3844
6279
2996
1556
6476
2692
8232
6873
8817
347
6526
1454
7610
5796
269
4313
5187
915
1853
2380
247
7611
5982
5201
418
9244
1573
2748
1012
8996
2492
2021
6546
1856
930
5381
6189
5359
3087
7311
1055
5964
2215
9150
378
5579
7066
8535
3525
6223
829
5595
2328
7245
3228
8671
2334
4299
5938
2047
6378
6584
3605
7417
2675
6340
1503
6629
8453
2633
6968
1236
8355
8970
5317
6282
4109
5045
6221
454
519
8588
7763
6435
9213
4250
5872
5204
1108
5210
5179
506
1717
9429
205
653
925
8343
7843
1568
6004
7806
5472
9584
1538
7473
3481
2042
1743
9390
6419
5783
1593
3947
8000
8866
221
608
1399
461
8660
3871
9348
3150
4256
1353
9038
1673
7736
837
5710
5054
38
1297
1567
8748
4955
2322
1521
345
2534
9191
7001
2680
3134
4086
8583
5839
6485
5729
7425
8170
5812
1641
4378
7401
6093
1644
2224
2981
1209
8087
9736
731
9243
2359
7369
6181
9952
4510
4271
9677
4627
542
2533
8076
9289
5453
1437
1809
4590
6663
5680
9825
3184
8277
6814
8371
3380
3831
9562
2478
4186
4208
3990
6798
4999
6298
5143
1188
6644
5199
8165
209
1396
2564
5041
3721
7502
967
5300
7211
4501
160
3638
9323
3855
6960
9967
4104
7812
3840
8395
9638
5182
4678
2315
15
3960
9630
5407
4049
4746
2175
1843
9042
6201
2344
2301
7710
9587
5552
3094
9228
7591
1215
840
2554
1159
7443
4415
249
4753
4472
2507
7208
3346
6637
7255
3234
6500
1619
1902
8103
3971
3358
9680
8935
947
2040
2165
7940
6687
8156
7354
3664
2510
3182
6722
9990
8007
207
8850
8048
1502
1694
8340
2693
3967
9410
9770
36
5383
6123
1282
8043
9901
5994
5379
6695
4371
3345
2798
2441
3047
6699
2994
5801
6030
2289
781
8621
4270
5712
9918
5686
3149
2769
8529
2620
8123
8620
6689
7932
5052
1346
4660
862
2229
638
2300
3627
3090
32
96
9741
9673
1339
1482
6889
9970
9935
1868
1204
2446
3116
6956
1537
8295
3343
5160
6238
7921
4225
7423
1995
8332
9992
2998
4929
9840
9406
182
2329
8848
2313
2148
9480
3732
105
3497
4185
7256
6481
7379
5800
4526
636
6255
2455
202
3750
5528
7270
5434
7127
2845
7390
2489
9808
765
5807
4282
1274
2837
5322
4924
8329
5692
157
2089
5540
2605
9117
3267
8769
3959
6847
4389
3883
7770
3921
7137
1744
696
9868
5798
4125
6380
6412
6316
911
9409
1908
1802
3962
6073
2977
5040
705
3830
8865
3485
1818
9037
3008
3050
2258
8489
9789
9576
3240
1405
2107
3243
875
3076
3197
5996
4661
6675
6443
1250
6019
348
6825
6017
8857
5234
6972
7634
5628
2350
61
5136
9774
7151
1862
6692
5721
4144
1010
4607
7545
6104
3384
2502
4123
167
7779
56
5685
3701
224
6109
9563
770
3611
9635
2385
5638
3588
2113
7308
3011
8418
6718
8797
2057
7265
8472
7435
7852
839
119
442
4277
4913
5497
1817
3331
3763
6568
7928
6822
1419
5770
3863
6572
2512
5762
2673
8984
927
2335
7834
6145
5342
3713
850
978
3448
5028
1755
1703
7849
3761
9842
5455
7674
751
8887
9732
1006
7053
490
5601
7762
1321
3739
8222
671
9176
4687
1845
3527
5141
4898
5032
1925
2108
6269
3745
1869
9614
9003
1582
4431
7225
3375
6239
5689
5769
9393
4365
1009
3130
8757
8879
642
8632
336
2297
4433
9458
9148
4471
2314
8919
9806
6429
7228
4508
216
2555
4051
8487
5330
3565
1713
8406
8533
6289
4865
5563
2949
6838
6489
5664
5747
1505
6268
5168
9280
7687
7626
1693
5109
1648
1861
4235
4827
8217
6820
9074
8313
7409
493
1230
1859
8077
3347
91
4525
23
7660
7512
4674
9443
3204
6846
3447
6112
1718
9086
8242
9006
4212
9657
4555
9100
9603
6470
2796
1639
2186
5034
9214
2087
6114
2916
6373
4113
2870
8369
2840
995
272
6240
6050
9004
7907
9316
4575
6038
6630
1025
3633
4172
3387
1911
63
3156
4207
1470
2963
8911
8147
136
5694
466
8944
9476
4023
3691
8764
961
8822
7246
9711
8826
6129
5665
8159
8770
5305
8485
1259
1051
1789
9575
5625
7201
1307
9051
3397
2362
7970
6795
9572
9246
3026
5868
4011
7486
8095
8480
9861
7318
42
128
1919
9526
8654
3061
51
7475
1960
1649
9578
6977
5860
9021
905
5043
6957
8957
9184
3355
1627
5378
1469
658
8636
5772
8560
9479
1553
2997
4596
6728
4697
9982
4726
4814
1825
6029
6180
7551
142
2829
2969
5215
7497
6551
3537
2778
2240
9068
1798
9605
2321
1494
4068
5509
4080
1158
2118
6879
9651
3642
2648
600
6117
4443
1476
5404
5294
926
6499
1524
3499
2063
5205
8050
8677
8558
3686
3376
1905
1254
6995
4480
4902
4100
9983
8574
9203
3388
6110
9492
5562
3088
2093
9623
7357
9530
936
3896
7746
9279
9592
717
3305
3272
4861
3493
2515
7750
8012
1384
7212
5332
9044
5069
1961
6639
1472
9383
729
5184
474
4791
799
7566
2202
4637
4740
1383
6770
257
9590
9175
1492
980
7565
2894
5815
2100
62
2282
8134
6856
596
7516
7926
7081
1005
3230
9871
6840
546
2677
3816
7240
9078
1927
1576
2348
4338
2341
2842
4662
782
6680
4604
7439
6060
9138
775
7638
6232
664
2888
9030
8069
4241
9052
4612
2291
4291
2503
7540
1602
4360
2646
5505
6863
1117
5543
1127
6171
8723
617
5757
1509
4613
3754
4197
2819
2302
84
3901
7498
5218
6849
9569
8603
9883
2055
7589
6759
1180
1730
338
9777
5915
8208
8238
1797
7642
4971
4948
1402
5715
2391
5487
8215
5829
9784
1985
4875
9701
736
4127
3777
3981
1164
5503
797
5699
4736
363
6262
1300
1424
6277
841
9166
2382
6810
7550
6440
6387
822
5525
212
4871
6870
9553
2208
6184
6012
4061
6919
4882
3403
2774
7295
6831
2549
9340
5898
7737
2221
1216
6571
5589
3673
5053
631
1761
8809
7412
7535
3145
5751
2828
9330
9285
9091
7960
1558
5382
578
4973
3934
5639
7721
7726
2884
4182
3589
3457
5936
5573
6958
4419
8982
3034
7688
6811
7939
9505
3570
8947
788
3604
3097
8656
1664
516
5875
3924
4107
5324
7093
9783
7620
1891
2330
8923
5142
3373
7291
1657
2410
4516
7774
4767
9916
8389
9975
2174
1139
8484
1769
6233
7100
2740
624
49
3278
3212
6295
1197
6487
9791
4456
5122
360
4705
1459
5131
7373
9891
7035
8430
7118
6605
1525
6051
2379
5258
3912
8457
7396
9700
2608
5999
8143
3137
9755
4343
3401
4587
3723
5021
9331
2469
8097
2983
7920
6774
9691
8023
5921
975
3975
1203
9103
3155
4785
6612
7704
6074
5395
112
7675
8626
3714
3644
2506
7876
439
613
1834
9272
3356
5439
2158
5345
8038
4518
8514
1044
1142
1621
919
8611
1958
2609
1184
856
743
6776
4168
2397
8915
1143
2501
878
9761
4838
4385
6530
6096
7110
5610
6236
1473
8083
4914
8454
9204
2995
5239
6414
9507
4329
9525
2475
2626
8403
5688
1793
2936
6314
5297
8338
4013
2048
7441
3989
5810
8282
7381
6217
5965
5776
900
5479
8469
1390
7854
81
6263
2137
864
1078
7086
8365
4562
657
1298
3616
7309
9217
1076
6883
9606
4502
4798
3674
6501
4475
1296
9412
8780
3979
7000
4018
1510
7977
6176
4259
2269
9607
9114
6890
1068
4376
6998
5862
5326
6804
9266
7722
572
2784
670
5782
144
702
5246
7573
2597
4828
5717
2858
3411
1091
4469
8031
3377
5274
3660
5333
6569
2181
7811
4345
4578
6472
2219
876
6897
7005
6037
264
7406
7767
322
8289
2962
9731
684
4405
4652
8153
2635
5013
4558
689
2886
7821
2197
5910
9157
5279
5922
8891
9856
2006
2294
8834
4304
5065
4720
1166
707
7446
1750
8931
8306
1122
9667
3299
243
1152
7394
7606
1527
2571
3669
5230
2843
8024
8465
9259
8824
1997
1775
5079
4557
9326
5134
4588
938
7776
6329
2647
4349
3789
7286
5425
1162
5121
4970
6436
1169
6649
7708
953
8119
7647
3349
4657
3161
1413
5440
8559
8552
5612
8467
3271
1262
8392
3498
492
7817
5978
8544
8576
1011
3785
1097
8889
2651
9978
9773
2573
9655
562
3748
7125
3444
6703
8546
483
1653
8874
9714
5035
3808
9560
5247
8088
9034
4320
1910
168
2589
6346
1688
147
7609
7532
1777
3919
6256
7786
1
2542
6118
791
8784
9206
6819
4044
6701
5719
8027
85
6002
9291
9361
2595
3222
3123
6137
4300
8310
4706
4039
3187
7826
5986
1442
4106
2657
6410
5535
1360
3797
528
7492
4337
4428
2253
9452
3656
6779
3920
7678
290
3192
7342
4135
9702
2209
2275
6027
6008
6192
976
8523
5339
4681
8800
3878
716
2551
6088
7196
9628
9435
3622
5877
333
665
3969
9961
3681
2631
814
4070
9733
9466
1057
3637
3580
6243
9440
3096
6715
7698
1185
7846
4893
4056
9875
2173
2943
2134
7627
9027
2523
4937
8614
434
2792
667
5374
5840
7067
2352
4638
6444
2372
8028
9938
9364
9867
931
3133
3298
1351
9341
6173
4217
1990
2005
6672
9693
5909
1842
7789
6379
8312
3635
7243
9368
6913
4897
3540
7173
1149
404
5822
3756
3112
844
7754
2461
7899
8674
9257
7279
2190
1261
2814
2454
9639
5197
529
8508
3820
4156
8062
1835
5489
8194
2389
4258
6671
8625
8251
101
3779
4198
9979
556
9654
8235
7129
4666
5656
9838
9531
1874
7791
1409
5091
9096
7499
7617
7712
6098
4769
5124
8813
3821
7106
984
5555
4754
536
6813
7340
2577
5059
9084
2582
6357
7141
2682
7925
7860
8787
4047
7047
6828
3328
7219
6516
2411
916
998
4263
9508
5765
9329
1192
6764
8711
7605
7432
9640
7718
97
7798
4717
5741
3303
9063
8545
8902
8019
1401
5950
2296
4993
6527
2273
1554
1336
9459
3982
5307
1140
6877
9490
414
827
8836
8030
5436
6505
5917
9989
7397
8657
1397
334
1963
8285
9980
2213
891
6633
1371
3866
8979
1714
4074
4873
3454
2838
8512
8034
5312
3227
4404
9588
5024
589
9958
3012
4942
2145
9221
6603
5904
4707
346
1938
1559
1253
5624
4750
9771
3733
8071
277
8678
1018
4835
4183
9229
4244
809
1603
165
8305
6620
3265
2156
9775
3935
5952
2799
5614
8429
9910
5388
4671
7298
1111
3074
1921
9909
5272
7033
3035
267
1706
2933
533
6698
7041
5170
623
7771
4016
5085
9254
1258
6911
7793
3442
2045
4464
9277
2708
4406
4881
5384
1017
4742
9183
5088
9270
662
6643
8384
7640
3806
8694
8059
5402
1309
3864
4257
6155
5433
2234
4663
1588
2817
9772
9151
1601
2472
711
8124
6136
3709
3573
5939
9851
1682
3915
5213
8670
6733
150
314
3737
6556
44
7886
210
8829
4136
7936
3906
1290
4318
4896
2086
627
4410
8492
6427
1128
2924
4303
959
593
4037
7297
7023
1285
6751
6483
659
6080
7514
6214
5015
6330
7466
8771
4577
4414
5366
5670
1170
1991
99
299
6386
5475
3439
6868
5064
6337
