1517
2200
1795
896
4554
1808
5638
7276
4269
6243
7788
5037
6267
9660
3550
9225
351
1061
9554
5079
6886
1407
9716
431
7148
9044
6445
1422
8421
4823
1753
2598
8108
313
2204
6070
6145
1683
2932
1590
9247
2456
2017
5637
3935
8173
9592
5219
9913
1035
5686
2593
3771
3841
1780
2628
8798
5026
5583
9500
8692
1241
7881
6550
926
1020
6245
6506
618
9017
919
1104
1373
7454
5305
5906
4465
7279
6426
4306
248
6742
9773
5115
5084
2620
861
2879
3885
9519
5510
3346
4257
4818
6201
2982
3421
4353
2029
6895
1764
5694
5864
506
5054
9234
4597
4140
1488
6404
6180
65
1087
1094
4070
5973
8427
3755
9801
1132
4712
2642
9743
2822
8710
646
5487
2908
3749
3987
8806
9308
3705
397
9210
1595
521
138
5404
6637
9738
4794
107
105
707
1793
2195
6551
6738
5791
5904
6355
8157
828
2326
9984
479
7697
605
4152
600
6617
3301
2071
2951
6754
4432
4994
1913
9953
2660
2234
4419
4025
6477
5367
9553
7227
3023
4521
2375
2810
1078
7239
4966
5578
8022
924
2170
1076
8194
7131
7864
7211
2539
7704
8705
499
1829
9445
3255
4208
4672
1632
3694
4359
834
4020
4184
8137
5958
5553
9885
4507
8955
5870
6471
644
570
1110
9796
4007
8500
5952
3020
9085
2757
2277
6533
4297
5176
1159
8718
9583
8188
5541
3230
1789
8860
4719
93
4499
9291
1767
6905
5598
7209
4467
5937
7127
8415
5163
3687
2168
813
8898
8534
2299
2675
1210
6787
3332
9820
9803
8787
8410
5307
5220
5056
2889
1172
8386
6096
5574
6935
1238
2158
846
360
793
257
9703
1493
9002
2332
4210
1989
3839
9052
1784
3546
3829
6630
5610
9287
1636
3503
3672
159
3385
6978
1072
5967
9836
1097
1949
9684
6460
3234
894
6127
1046
5150
9694
7487
6086
6882
3956
9057
9561
8107
5946
9135
7147
5785
1151
4686
551
7125
8874
263
2987
4058
2505
8481
9117
6249
632
5793
3736
5339
9439
4571
9457
6248
7340
4754
1679
6354
158
8153
8698
7345
7929
5330
6254
4277
1923
77
787
4837
6542
8269
4757
288
1920
5482
1838
5282
3874
8629
4065
1353
9148
4766
1962
8443
4745
7821
3580
3403
1690
7083
2285
8752
7682
7038
712
2945
5811
9306
4303
7018
2851
9377
5118
4268
6369
4716
3305
554
1862
9214
1954
2802
7462
7278
2538
7838
5654
6601
8158
8335
9172
7040
9891
7543
4125
7769
1542
930
5829
6273
3154
7059
9333
8276
3031
2844
2005
7535
7639
8863
4502
9685
9215
1419
4914
5570
2147
3415
6855
5119
5827
5222
3015
452
295
6233
5434
7798
7294
4191
906
7250
9102
7248
2584
8881
2613
1895
8406
3504
525
7898
2697
8042
9725
3877
8983
7903
6389
6256
5349
1703
7572
6901
7482
8370
805
3103
4346
444
6394
975
9676
4857
5518
3567
2989
1515
6848
3413
8843
194
7854
1865
1055
427
2054
7431
7939
7468
8773
3728
7342
784
9776
7517
2090
2750
7500
9570
8558
9311
217
9030
819
8293
9931
527
5256
8726
2053
6811
6693
3215
1101
2209
1161
2492
3454
1498
9249
4615
1233
781
8753
2711
7295
3251
9035
8411
3458
2181
2545
3433
4274
7674
2111
6614
7594
2465
2919
4947
5833
4153
3304
4697
2581
3493
4145
3037
3852
2874
2176
5809
4005
7561
3999
911
8409
4478
9867
2645
23
2907
2966
3513
6203
9310
8185
9015
4316
1446
7861
7247
6226
8232
6876
3664
7787
6699
5631
2018
2214
5469
7023
1526
1010
8253
2520
9250
5867
8506
3856
7901
3338
2162
2304
608
7734
6649
1146
458
3786
539
4865
7615
5290
5096
8393
4771
5031
8635
6588
9142
4522
1947
9591
8803
799
7370
1879
8083
8233
1310
5676
9770
7603
3007
610
5178
3655
5593
147
1816
8395
5070
3080
6505
8694
1308
8008
4008
1068
327
2075
8282
9438
1904
8935
5442
9364
96
6749
6337
1708
1514
6941
9116
8778
5372
8926
9019
9528
5212
3948
8221
1546
1731
1654
4969
2086
5328
7169
5408
6200
4126
6011
5884
7036
3900
6842
2506
1030
6498
7234
68
4320
216
1124
4201
6662
613
7200
4159
6429
8305
2847
7219
1584
6424
5830
2571
8909
8905
6262
5652
1726
2519
255
9482
6968
7959
2477
6322
2036
7739
6275
7367
835
619
1607
2778
1998
6621
7565
6562
2443
3751
4549
1772
2504
8958
1858
620
2994
4374
2862
8258
8916
3011
3976
3302
8324
3207
5157
4115
4619
700
5257
9723
5944
4599
4138
7868
8875
3116
698
1852
36
1759
4052
9969
4001
3583
7253
3713
2271
9413
8135
7160
8274
5945
1745
1384
8332
38
4255
7650
6234
9043
6825
1725
8475
3996
5035
5166
4475
9543
9849
8634
3227
1855
3977
9299
3393
3105
8403
7178
1280
1401
4365
9965
7763
500
7606
9532
3676
1815
7328
5710
4653
3702
7170
2814
5673
7347
8164
2954
5670
201
5354
2016
4196
6793
9101
3830
889
5976
8225
2754
474
1915
1278
8012
4787
3968
5451
8112
5728
7225
9000
198
4117
7075
3319
8889
920
6305
4646
3188
2972
2885
4047
7470
86
5112
3607
4310
6388
1041
10
8504
6743
3079
4488
7502
8761
9698
3351
767
54
9496
4308
4021
6625
2430
7848
3244
6924
9408
1402
9177
7635
5498
6923
1736
8719
9025
2433
7783
4526
5576
4911
8953
1413
1742
4917
2227
5800
1297
3650
8725
1204
3068
9054
912
6044
8213
1944
9182
6091
1662
176
7208
6849
6237
4141
9940
3667
7440
4451
3151
4136
5794
1535
4468
2893
2138
8828
4448
5980
3743
7680
364
5416
8467
6036
3009
8388
1489
1938
1452
2517
6549
7914
7662
8830
2962
2344
2069
354
4019
5866
843
8653
1079
7415
8708
4512
112
5322
6376
9359
2012
5390
4345
8323
1329
455
1215
5443
8987
7186
1530
2741
6491
4620
3444
5314
8345
3631
4215
5857
8397
1734
6801
4473
8645
8328
877
3807
1460
4029
7478
8835
9854
9283
6335
5579
9712
4610
7913
7558
8198
1065
8089
5058
3815
3419
3902
8103
3197
587
1164
9523
6184
9357
1885
9956
3396
925
4602
379
9161
1430
1688
2796
4562
2116
5600
9588
6312
5338
6500
1697
3220
7977
7607
3354
7303
79
796
496
972
470
2165
7143
2171
9463
8028
1250
9515
684
4063
884
9442
8511
8844
7813
3218
7042
961
3383
5457
7720
2788
5419
1183
5306
1791
4827
2499
6390
8729
1640
4055
8358
1627
3816
990
6928
5936
1427
8827
8181
4736
3290
6186
8851
8267
1972
5623
4441
2411
7624
6624
625
6053
7254
7273
9611
4587
9615
651
2895
6311
1022
6012
4576
4752
8652
7981
186
7433
5671
2544
4497
1988
8784
7732
2353
3540
1532
6962
8346
5389
9634
3897
2801
256
4061
4156
9176
9595
456
6010
2897
4556
2755
4829
4442
8637
9779
1993
3181
3876
6469
6606
303
6837
3798
3459
2156
2445
3510
1374
3365
8417
6496
811
6880
9312
5497
8885
9647
6228
4832
28
7516
7372
3276
7941
9941
8284
1349
8628
2792
9930
7638
7477
165
1245
3741
886
1518
4750
1877
8713
3129
630
1828
7676
4733
5131
3313
3056
7244
7272
4529
5226
8278
2438
7471
6586
3951
8849
1533
5701
3826
7120
6175
7863
3162
6632
9037
5227
3004
4660
4054
2779
2330
8463
7287
8994
1614
592
2766
1730
8375
9206
6321
2275
6442
5476
3886
1045
699
7453
4763
3280
4583
8530
9929
1490
1961
5401
2268
7755
955
2241
4678
4317
3531
6393
8039
6039
3193
1732
6850
4098
9540
9202
8430
7469
2846
7499
7255
3138
8790
3990
1861
6193
4172
7887
8507
9950
8325
4170
8815
3320
1387
219
2434
9614
2835
2903
9174
2019
3352
6931
549
3909
7912
4879
3706
6479
7906
8664
8789
803
9404
1449
1992
5009
1260
6547
8597
8941
5168
5426
7840
2459
8306
5303
2706
5526
151
6808
6142
672
5877
1223
9094
693
2491
2992
5116
8456
6294
4669
278
3620
1687
4330
2515
5641
2751
6622
3764
1102
6568
3691
7252
5139
7352
8156
3474
1352
3944
121
603
4897
7716
7580
5412
9048
9480
440
5738
1109
9032
6163
7765
3536
7610
6554
6490
3049
7184
443
5721
155
5364
5241
1960
649
5582
3715
7642
9680
7559
5805
7154
5279
1328
2531
9794
1121
1293
7934
4096
6027
3311
3560
3228
6417
7407
6150
3967
7576
5663
7762
6165
4403
4275
9323
9552
9051
4534
8128
2524
189
492
5662
4241
3532
2178
9020
5175
9752
6829
3373
2514
4625
7373
8657
2179
4079
4993
7907
1536
9039
4237
1081
1388
9845
2686
1522
1957
909
5456
2825
1550
8498
2910
1818
3750
7214
8921
7582
287
6319
6478
2471
6301
3368
152
8416
1450
6720
1939
8711
341
755
837
8190
3284
1842
8250
9089
7185
4287
3300
4984
4954
5045
5693
2100
3605
3285
8800
2594
586
8975
123
6304
6628
7824
6402
8669
1572
9434
2883
6826
7386
5955
3595
1806
3598
6750
739
5898
6380
6719
2389
4137
9839
4624
2728
7045
2490
7419
3806
8381
7118
7984
8196
4118
3164
5919
4378
2390
9620
3887
9314
5034
6516
8337
4889
6715
7745
5942
3183
57
7472
6138
3636
7104
5506
9908
3825
5640
5989
1208
4815
2276
2532
4183
1946
6020
4552
4778
7070
1257
214
8702
6736
4630
9939
5448
855
5041
6899
704
60
3895
8465
9608
7339
723
1428
6296
5094
7199
5173
1597
7574
1372
7405
6806
1881
2833
1669
222
7751
92
4713
7900
2547
6709
9730
7460
2388
108
8891
4397
2502
4113
7501
9356
6001
9736
7702
6017
4012
8550
5680
4006
376
223
2968
9861
1404
3378
9993
2049
7595
985
7393
2175
2212
2530
7728
7497
9744
9168
1122
9557
9151
8531
6777
4594
9825
6274
6008
1398
8688
5843
7867
2956
3208
5269
7383
9835
1691
1044
3019
9798
560
3432
1790
1866
2482
9735
9877
8087
9915
7537
1749
1605
1528
5478
5674
5874
9656
9777
8736
3336
282
5375
7930
5205
5667
301
6135
3047
2681
1841
657
2035
2510
3958
9817
3603
4908
3901
4228
6881
5757
8014
1832
6832
1021
1234
2909
7375
3463
4401
3649
5018
120
9842
8228
1942
1509
4997
3324
4046
3719
6678
5935
7811
1756
6308
6232
3127
8247
2596
8053
27
1824
7261
9346
2744
7925
3760
4470
5169
9512
2113
3683
9905
611
9729
4240
9322
4523
4292
993
3222
141
3466
4643
1431
9715
5552
2773
1925
6097
2402
9692
6879
3016
7667
3974
5341
5743
5755
4193
4780
5705
3502
3873
3094
7776
2811
2936
7368
7892
881
8547
7309
8266
5153
4144
3547
4354
1760
8239
5703
4209
2774
8413
7463
34
7412
4538
8747
2911
5267
1334
8024
758
9791
988
9906
3721
4132
4770
2427
1243
2312
1075
7700
3558
7664
1188
4616
8937
8519
7753
9022
935
8483
3947
4967
5239
3568
4382
4060
2206
9638
2623
6137
3554
252
7174
1544
3339
5775
4450
7072
7203
9504
6013
3237
7135
6998
2382
5561
6869
9362
9256
1434
9396
7277
1626
7946
5486
7908
8927
4557
5880
3184
7652
1214
4064
9421
783
322
1085
7617
4377
1977
4540
7060
9427
5537
9045
3437
5563
2354
6741
2952
6705
6642
5340
4880
4
1524
4992
992
3297
8086
4675
8782
9395
8903
2327
3294
4603
7408
6231
7613
2040
2345
6297
2762
678
7280
9229
9706
5746
9420
2030
2783
8201
7206
5523
6889
1665
9389
8275
5933
5513
2860
8479
759
8340
6843
6382
1391
8833
8333
3096
7494
3270
9368
5250
1971
1082
8925
2003
4053
4251
4553
9789
9265
9316
6535
7048
9619
6098
1652
4069
3447
2960
1872
4483
9068
1902
4998
9164
6745
8699
8997
6828
567
9737
3638
779
5647
2084
8643
6041
8032
7357
4847
8929
1272
5062
4711
8701
317
6051
4773
9740
9499
1273
4561
8241
3732
1857
2617
6559
6797
6668
8774
8315
4957
7888
4755
8216
1994
7722
5200
1015
7806
2699
3041
5992
8354
6948
7191
1874
9193
6694
5130
8175
1299
4466
6616
6748
3186
4809
4398
9564
2607
7874
733
4944
7105
9239
4218
7978
7829
685
3850
659
9067
1477
1531
5475
5005
5245
9563
6341
3472
9422
6590
1933
789
9228
1475
2025
3941
2258
734
8525
7862
4614
3397
3515
7164
7017
3785
2406
8376
8125
1442
6171
6773
6664
8138
9071
4103
2367
797
8551
9270
7102
8648
2959
2058
9858
6839
3265
5043
6701
8308
3645
5765
1557
7465
6631
2826
494
3381
3762
370
4272
4833
3057
3957
9179
7237
9627
3588
936
5527
7836
8667
1189
3219
4901
4416
574
1433
966
5947
6943
9435
9298
757
33
8168
7509
6888
8662
8261
2182
9757
4641
931
7950
1018
9742
9165
812
2470
2164
398
6903
2612
4710
9004
4509
1279
8414
3391
5253
7326
2648
9132
2630
51
6427
424
8343
8363
6830
7532
5948
4122
5078
3586
2537
3793
3616
409
1180
6309
3449
241
8297
8444
3299
9122
7067
5413
2001
716
6945
7264
6897
8554
5841
1008
7141
1421
6015
8501
6626
4298
976
7542
566
9880
6841
3775
7354
31
7275
9630
3111
6048
9883
1316
8040
3530
7039
883
6532
2583
9962
6397
8162
7217
8311
9919
1399
9625
1651
4386
8574
3310
293
4693
6225
469
7513
4343
102
9508
4264
6604
445
4379
2486
953
7078
4462
7159
8656
3173
6318
350
5190
1390
9365
4031
6784
5767
9558
2888
8665
7480
2817
1805
2298
7055
166
4983
6912
173
2273
9976
1664
8942
3200
4959
3087
2577
76
1785
5605
4533
842
9343
8068
977
412
1689
4027
5353
4147
3871
627
542
1930
6865
75
1505
7020
5380
2763
9674
5429
3003
4356
7791
5370
2023
2479
1729
1306
9581
9600
862
87
9704
9782
6763
2579
7742
7035
3952
8776
460
9284
5985
8922
386
2184
6494
4030
5993
1193
9896
2161
4960
665
3247
1549
7923
7333
2615
5459
7084
1570
9326
5798
3784
6423
615
8556
454
3787
5073
6253
9534
4120
1363
9860
3464
6605
9918
7983
266
8186
895
555
2478
8182
9201
1174
6714
438
4841
388
8794
817
2000
5545
5968
4078
3236
1750
1610
7695
9566
7124
6076
6682
4923
3529
2804
5230
432
3002
8723
5939
2565
3295
1222
8447
4636
6779
2296
5125
7194
2597
543
6465
6509
6920
8914
1027
9403
2669
6815
5170
2313
2319
7831
5347
9330
111
6054
1825
3104
9955
1112
8078
2145
2985
407
5708
4535
6794
3666
3811
2848
2787
5657
3277
1735
9514
2611
7790
8015
7106
3427
3248
6221
3350
8050
246
8663
2441
7116
5470
1630
8492
6099
3035
4927
9325
4915
2673
3746
298
710
8205
868
2190
6608
9484
6561
7808
4197
1480
8234
1771
1271
9932
314
7882
1129
5715
9819
3507
1261
2759
7507
9727
8502
7377
3028
9920
3772
1231
7730
5979
7130
8633
4866
5505
361
7618
2703
391
4940
9195
5295
7553
3054
3498
7526
5277
9787
9568
5180
6721
7334
814
6412
1919
7080
4699
5515
7327
2761
2551
6858
5409
9640
5076
1639
2447
9828
1958
5690
8640
8442
8908
9336
6952
726
7489
2875
9448
8313
9599
6121
5818
6113
3360
8458
1991
1073
9363
1778
2818
647
9394
4086
8117
537
8349
3930
4077
1540
8176
6707
6023
7474
9461
9409
2155
8457
4547
7099
5301
8594
5229
8920
9503
7401
7689
688
1147
8965
8693
9934
1714
4321
6994
3669
2368
3623
7366
161
6921
4391
5915
6647
3927
9844
4724
3407
7087
9986
7910
5714
7656
7069
3912
7027
9996
3122
4090
6147
9546
118
5995
7943
8490
2157
2915
6672
7942
2457
5317
8783
9447
5756
1821
8159
9237
9468
2676
9016
9124
6432
9060
1491
1336
9073
3763
3250
9028
5335
6753
3150
6702
6775
7177
6403
9107
3929
2768
5105
3923
8820
7579
9386
2197
3571
4091
541
2267
7768
8400
6687
3172
3375
4909
5580
1224
6313
6783
9115
1420
2784
2527
6711
8838
8620
8686
7916
6919
3114
1416
8262
6089
902
2240
4186
5540
8807
6347
7349
5792
451
8472
2067
2098
1217
4825
4166
1216
7187
353
2836
5422
7683
4050
7392
7396
1568
6476
8218
951
2076
3612
5474
8636
3840
1052
4581
7841
2961
472
9790
5385
4181
5237
3562
1525
2938
2957
2708
56
3098
8943
9748
1502
8361
9733
6411
8240
8945
2735
6519
8961
6629
933
1301
6639
6167
6464
5088
6957
8696
2554
6211
2109
7947
5679
1917
6819
4513
5288
2809
53
124
8907
6583
4302
1959
5313
1948
3591
887
1254
849
3170
1327
9452
2748
4586
325
3483
220
5174
7021
1655
3286
4504
9541
6539
7681
48
8756
3209
8819
1361
32
9139
9105
4089
9513
7902
1700
3369
581
8398
9668
3644
4845
4501
8973
9597
8897
5724
8499
242
3142
6268
9617
3072
1950
6190
1143
2980
58
882
2857
4563
9467
5924
9466
8608
6814
5033
7123
4867
41
9710
711
8029
7632
8717
8939
9728
6277
1660
7144
1462
1990
8642
2970
1849
2819
2901
3773
8588
2331
9127
4748
7707
3808
3145
3803
534
5066
1232
8404
1396
4355
1057
8152
7422
8320
6447
1596
4970
3257
4892
8904
7870
265
675
1727
5741
2218
2302
2238
8064
8564
3889
6416
9006
2239
2027
2248
1307
1718
9813
9875
1176
4498
2622
3073
645
871
3477
9923
681
8036
2543
2167
5199
2092
1817
4717
3479
2937
9387
7658
5628
2739
1951
2263
7636
4344
2758
3549
4996
7332
2199
7112
9778
2658
9822
880
7249
3380
3695
8947
1105
9181
3805
1910
227
1106
9925
4158
6892
3496
7022
7166
9218
9869
4853
5206
3097
4582
1237
385
7767
7319
9076
9898
7515
7051
3658
5789
8220
6444
7885
292
6609
518
2929
3837
745
4434
2674
547
786
3422
4195
5619
5577
1739
7270
7101
1346
529
1982
7772
3132
505
1649
5015
137
956
3417
6018
1156
1447
8854
6988
2600
9602
3263
97
8826
2500
3292
6157
1704
5293
4720
5927
7708
997
3561
829
6272
3545
4922
3804
569
1728
844
9536
7400
908
8054
9538
1051
3813
3788
3093
6995
9224
578
3748
5750
4149
3654
8372
9293
4943
4783
7421
8660
5214
2489
1175
8630
5377
3331
8154
967
5264
8957
7305
276
3272
9121
2672
3438
8592
8437
8331
1385
7657
1752
5696
2587
4569
7889
3740
355
6130
7780
8712
583
7771
2921
349
4596
769
7140
3986
7835
3949
1898
2309
9303
9349
2713
7752
2508
3657
8788
6129
8847
5017
1529
2250
9290
3000
9596
8626
5171
7073
3348
1836
5114
7416
1497
7432
6970
3653
6974
7057
4262
1347
2114
5398
4598
3282
2657
660
6925
6975
5895
9522
4820
3118
3783
6810
4261
5259
2664
7918
5664
3857
9437
4219
7107
4278
6368
2143
5396
6183
4527
7795
372
6969
2225
3089
367
3744
2010
3022
3724
3262
2294
6344
7288
2015
8617
790
5480
8013
8099
9887
7773
5417
7443
6420
425
1680
3435
7362
5366
7065
7426
8420
1827
4254
4767
6173
3060
3903
1893
6581
5492
6986
7210
8482
7029
3439
7193
1386
2698
2464
3470
7557
7162
6580
6357
3890
8279
4375
9517
2315
800
8441
7968
1211
2904
5645
9431
8984
3374
2104
1747
1114
3633
9992
6681
1506
7343
791
5835
4289
3205
4668
7293
3866
7479
2906
1138
9418
8045
1615
9203
5695
9866
2251
7304
4246
4723
6751
7337
9267
5651
7216
6523
7534
6993
4390
1624
8658
3893
6386
4779
8251
5669
8959
4906
5287
8009
2913
7266
3048
6033
538
2415
5859
7189
7586
9235
6768
5860
9058
2891
2942
202
5452
2352
7394
4566
8360
7569
9158
3597
3343
5666
5369
1996
8687
6095
5718
6618
2290
3524
1486
402
820
4160
20
4045
5991
1620
7034
8236
7816
8394
2606
6081
9665
4285
6982
7972
5707
5097
2152
8069
3317
4618
4925
59
8671
78
2967
8075
2081
9069
8113
2590
7616
4876
6110
8515
1774
8230
2557
7853
3882
652
1194
1470
5235
1163
8283
8745
3659
8088
9098
1551
3853
6666
2765
5665
989
8852
2117
4888
9701
3689
3494
3993
44
8512
6210
9714
5374
6072
312
9916
4200
6589
418
4242
2369
3017
5852
3119
8720
1400
1650
9084
8300
4985
3275
5788
9012
1695
5819
7555
9109
1343
818
590
7820
5551
6873
6864
3696
9432
3752
6803
5472
7222
3523
4284
8265
7335
2031
8436
300
1417
9416
5668
4811
7490
2379
3166
2512
3979
2166
8342
9381
3697
3818
1004
5266
9897
7434
5555
4753
6902
2220
182
7014
7995
5447
7134
9079
5323
7536
3364
4520
1918
9884
8948
7093
9119
6900
9288
482
9400
680
1040
8469
1157
7205
756
8647
5988
6415
4782
9476
5225
1837
9029
5615
140
9938
8316
7973
483
7054
1165
9537
7138
6014
5779
1187
2659
7157
2562
2371
441
2341
4913
1080
2605
7126
7741
7589
4440
9683
4400
9544
5101
7251
3279
4256
746
852
8576
5627
1357
1086
8474
1220
3342
4116
3574
5889
8896
5193
6295
403
3809
4946
330
3424
7108
6387
2880
187
4546
5905
7705
8517
9196
7397
2282
1593
8861
7530
2894
7619
2149
2097
5260
5388
2946
7568
6673
3226
3959
5128
8109
9750
7133
6255
6739
9709
4446
7645
1657
1619
9713
6358
9194
7518
8566
1511
2289
1296
3168
5543
2979
6060
9987
4738
3362
2278
1609
4739
4463
8797
3754
6557
4203
399
6405
4421
7685
2691
8831
5700
6370
6690
7223
9876
8070
2585
7437
8286
3063
9137
5410
3101
2752
3875
6875
5717
4429
4530
6553
9981
7677
164
6065
7982
2616
7473
3701
8625
2575
193
507
3152
2043
3171
9334
3726
1715
2055
9661
4194
9191
5122
5528
1229
1148
7363
5465
4422
6242
8689
9340
3553
9425
4426
1032
6916
8565
5331
3833
3868
677
7395
3608
61
8954
4371
3084
6222
1367
5395
4133
100
9907
1981
545
7691
8317
8780
2269
2440
7364
9612
4227
9928
7180
3303
2207
1256
6615
1845
3189
1173
2877
6257
2799
8003
8454
4358
8952
2183
6057
2626
1053
7564
5571
6336
6996
1507
4300
2083
4033
8464
6430
8466
7627
4148
7609
6352
3961
6861
6556
1777
1471
1953
8928
3733
2965
1737
9347
2259
6602
9623
8714
8836
1748
7670
8632
2112
9689
1809
1191
9318
2194
1482
6239
2374
9086
5394
5997
9227
5202
2997
6284
1701
9146
6279
5092
4083
2602
7548
4871
9688
5658
1298
5524
4383
7846
876
1601
9719
6759
3169
8601
6767
962
1580
9751
5415
6569
9645
6908
2638
8580
6980
5467
5916
8931
4872
3131
1556
9800
26
4700
7321
6597
281
7830
8471
4885
4352
9888
3734
2834
7688
995
8722
6665
5913
8438
7608
6349
6146
5815
5440
3535
4963
1733
8999
6641
81
5500
5151
8440
11
4128
9008
7832
7992
7310
3467
2709
6963
9882
2712
9762
324
3442
488
7647
9456
4230
984
1403
1782
7823
2247
4121
9189
8804
4347
5384
5407
3261
1794
4589
5730
7812
9494
4555
2107
5201
6154
1612
83
1586
2940
5689
1521
1594
9675
5508
6006
3682
3564
1706
417
2591
9125
2056
6723
4935
6944
4730
8380
8590
3010
3067
2321
3794
2226
6822
6927
4013
8856
4092
4900
2130
1291
5853
631
9216
4968
3359
7121
4313
4405
1882
7452
5080
9548
6593
1341
7524
9618
4524
7665
3614
4427
8823
6907
6725
4388
200
3572
3102
5154
7911
9245
4339
9524
1149
4476
8080
7540
8097
3609
6111
3159
7727
5763
8384
1246
5868
9092
5387
9722
4169
4950
4663
635
2798
9582
2497
9254
7001
7176
9804
229
4725
8821
8606
5758
4150
3539
6657
8582
9488
5379
7884
7970
1141
6418
9430
9811
6107
2525
8911
6710
4189
501
6640
9797
6082
5248
878
6381
1067
5744
8848
913
4744
8870
7987
1801
4659
72
6820
2039
6524
8901
6408
6971
2570
4864
5071
7974
378
8877
4593
3018
2924
457
4839
4199
8602
8817
4873
5346
6891
8399
1552
6265
8697
8077
1292
7922
6890
6817
7257
2839
552
5186
9144
2221
6276
70
9726
4328
3757
1820
5878
7562
5886
3652
6953
8757
9289
3867
1107
6729
2139
6413
3563
3399
854
4612
2293
393
5709
1894
6340
1469
7837
3398
544
4756
1934
3038
4402
283
9649
6307
6576
6117
9453
6133
5019
5006
3985
6567
3167
7926
6527
6844
2358
1776
9145
3992
7202
2064
1414
1119
3624
6724
8101
9878
9958
7671
2680
453
9509
8143
1839
8280
4151
8675
1754
7573
8578
6813
2279
289
4211
9407
747
5273
73
9642
1465
1313
6425
6934
1589
1440
4799
4632
9707
5572
2448
6799
836
932
8809
7986
4068
8314
2264
4472
3051
1474
526
1682
6700
5538
9301
5454
1648
2378
9881
9648
7634
5152
9507
3349
3796
4452
9873
6084
867
6485
4469
785
8772
8974
5616
6528
714
8115
6894
260
7655
4749
4250
291
2073
9580
4918
7323
7896
4574
3078
3175
8130
1812
1980
1150
8545
2498
6302
888
8455
3306
8505
7241
4134
489
3357
5183
4267
2232
6377
8763
1641
5488
9205
6782
1927
6205
8567
585
7828
2050
8892
7315
5446
1765
7308
9721
6735
6755
8627
7975
4404
5530
636
1906
3050
874
5406
8192
980
2920
1405
437
261
7298
3831
8754
2978
8208
9765
6364
4899
3112
872
5685
7621
7496
6885
1473
1312
9118
4870
2884
5468
3475
423
2474
3618
9391
8615
8923
4807
9041
5111
949
1286
4293
3589
5433
9904
6258
5849
7286
5192
2548
8960
9152
1467
2314
6176
8677
3905
761
6534
8007
7076
9610
9285
5885
2935
9406
3731
1139
9718
5126
6499
1103
3136
4260
8095
4373
7282
9380
2245
4337
2714
3671
5930
9320
9472
7698
3635
7348
3578
3538
5783
4015
8759
3289
9410
626
1926
7318
6063
9042
2106
3975
666
9863
2840
643
2407
6942
4105
1903
1743
196
969
5591
8735
3180
8429
4592
9871
2785
3548
2034
5132
3485
9473
833
6482
264
5104
971
122
4229
6164
5727
4235
8204
9417
3046
1350
8649
1587
1221
5489
1196
4327
7506
3651
9631
561
6670
3341
8160
6140
7520
9909
8231
3405
4154
9383
7290
8487
2437
7404
7715
4236
4604
2964
3216
3314
9010
4162
8799
5365
3140
3735
5207
8795
1986
2246
5042
8938
1637
4394
9150
604
3894
8096
4489
3033
2063
8845
1410
2614
715
2308
1890
6079
7444
4793
8679
2333
4893
2723
5053
1071
6093
9691
8518
9565
2257
7033
5316
1144
6031
2734
4855
892
5795
7852
4560
4863
8724
4130
4694
5185
2186
7458
5519
3453
9636
897
7198
4674
2449
4590
6656
9720
7855
6771
6022
1574
6679
5032
4101
2359
8365
7485
8246
7694
5292
1591
4648
2219
1181
4324
3712
6572
6040
2976
6149
3668
4022
134
764
2995
6366
8460
205
8243
4729
8985
4185
1716
9230
4459
6757
7556
3525
558
3309
5625
5801
8934
4245
2930
639
9526
6960
9542
362
9433
9226
5351
6522
6669
7679
6851
1069
154
2730
6973
2974
7567
1719
9376
7847
4164
2013
2902
1674
7915
4731
9699
727
4895
2070
6860
8079
4666
6918
4436
7
8980
8751
420
3765
4082
4454
4177
310
2094
663
2074
7965
6853
7796
8543
1868
8148
3625
5951
247
9317
2316
3178
3107
9436
9775
1315
4368
6217
3846
3411
7486
2461
5342
9646
6566
6293
307
2485
6917
9590
9673
2807
3670
7053
7945
2475
5065
4981
2682
1686
5081
6160
4340
7182
9295
8770
2009
7233
9827
7936
1545
2944
9851
4795
6489
4252
9889
5962
9848
624
7994
9890
5978
8746
5848
6883
8061
6459
3123
508
9795
9700
9529
7611
94
170
15
2366
244
8544
1983
9062
3692
1538
8100
9134
9329
8214
7388
2328
563
2916
5360
7095
5164
3622
7588
7436
4518
4192
5238
7640
2677
3965
3527
7086
4085
4647
1338
6177
9805
9785
3233
7325
1787
3029
850
3729
3006
5834
240
4797
6929
1746
5642
486
1443
4743
7384
7598
5197
9968
2685
3926
927
3615
6266
959
6911
3911
9893
2494
5629
8812
7360
3174
2066
7438
5617
1921
6816
890
9792
7089
8031
4551
6991
5048
2896
1967
1116
8081
7016
623
584
6361
8229
4299
9133
3443
3543
3370
8829
8855
6877
4565
284
4629
3211
3149
4740
7960
2941
9501
7307
3914
7090
7962
6698
3318
2887
713
6486
4926
7495
4991
6671
2082
2205
1351
5251
751
3418
6399
4146
701
5189
22
332
4525
6030
6514
2339
7612
8740
1198
7952
5549
1305
1145
2141
9967
8641
5414
2624
400
8967
3824
2650
384
8020
195
5964
2618
3356
8407
9802
1227
5896
3329
3972
4803
5027
4399
3394
8651
3795
5348
5318
9061
4231
8618
5319
916
7417
5358
1
5473
970
8741
3714
4931
7188
387
9305
1012
3281
7172
7527
2973
2636
5021
8978
5550
512
1370
8041
180
8610
3602
1049
8419
2651
4707
3960
6419
7424
9856
5208
6758
6122
3862
7092
4704
9483
7058
9331
6558
5148
621
4424
5974
1364
5240
4017
7492
3429
4435
2488
658
9372
3117
3966
4869
1170
7842
5172
1248
3213
7754
5556
7743
6240
3445
4066
2242
3766
5780
371
328
4494
7044
1084
5297
1887
7648
5847
720
3110
5525
4095
8448
7165
9188
4567
674
4075
6481
8298
5441
5516
6936
5683
6871
6565
8744
950
2829
9300
4665
7032
411
4129
6109
9304
5587
1543
6954
9074
8917
1218
7668
1744
7717
8882
4680
7258
9756
5592
3774
875
167
3938
8263
382
7883
947
29
858
4759
2767
4409
9999
3120
810
9190
9455
3931
98
3854
1796
6227
5720
3519
2841
5232
6655
4190
2281
3128
5344
8027
4180
6765
3500
2198
9277
3144
3495
5546
1592
1348
6316
6823
7330
8587
8055
2180
1393
2400
5535
3012
5040
9705
1653
2124
3469
4657
6292
4877
5143
5820
9639
7709
3516
4034
2136
8616
4484
8837
879
8514
5051
4290
4107
7413
24
5075
8865
4842
2355
6300
3629
7240
4493
6338
9754
1395
4351
6796
4664
2567
6246
357
637
42
2733
7192
2536
4003
5918
8021
536
1656
7296
6421
9964
8002
2338
2428
9027
2077
5004
5856
3906
3904
5209
1786
4413
5124
8226
4706
1140
8468
1017
3460
8418
922
6283
2886
9440
1325
3024
6139
6120
7545
2683
5606
5350
4570
9658
380
9766
1126
3231
5014
6831
8864
8998
6564
8272
7895
8326
2418
8933
1253
1274
2468
4635
9862
9296
2806
5103
6835
4335
8248
9769
8695
3888
9655
6667
2436
6453
9075
6483
8338
3246
12
4708
6191
1698
9559
4934
5234
8210
2446
119
7173
3040
1935
9097
7142
6392
218
3842
7784
2948
9936
7379
641
9159
2151
3026
1167
446
9428
5002
1854
4223
7430
9398
9414
9258
8287
502
6965
4329
8350
6045
6083
2859
782
2855
67
8785
5047
1929
4109
1643
7547
2383
7012
7819
3064
1247
4425
3950
1826
1186
6085
5085
6484
1758
4843
459
9123
8121
921
1266
9768
4828
4035
7964
7614
4971
3995
9606
565
3243
1922
1952
8092
2678
1202
4315
5861
8650
3478
2291
1775
6531
5275
8291
9163
3158
7761
973
8548
5294
6487
7797
471
5981
4294
7145
2726
235
5427
157
9066
9424
7592
2307
3627
3440
2131
2523
3573
2125
3710
6214
1448
6866
5514
7049
3293
5329
2044
7789
4482
4318
6560
6548
1324
6108
6488
2408
5160
9253
3146
9831
7999
6859
2350
426
2828
82
1155
6331
9222
3482
6686
1371
579
7577
6462
9654
9169
6966
4844
4806
7111
5191
5739
5971
2423
1914
2791
7873
4631
1884
5850
9078
3134
3465
4896
9853
7775
2160
5133
5463
6685
3776
3312
106
4062
306
5691
4234
2749
7937
204
1281
6116
109
5660
434
742
3291
3384
4715
85
7442
1671
8906
4536
1230
323
7129
6384
3161
1321
6087
4357
1628
209
3769
4735
6620
4682
8067
5595
1724
9622
40
601
8553
410
5368
3810
4732
6792
6904
7015
1869
1333
2487
9641
6595
2931
9243
8559
9571
5624
8542
1621
2933
520
9011
2668
1740
5444
3126
9223
6577
4362
737
640
9155
2661
2329
7316
3032
8988
5450
2126
4676
3584
2108
4650
4456
3039
5977
4516
9942
5790
3954
45
5735
9341
8993
2450
6278
3551
963
8341
4093
4044
8212
6472
7712
1629
5776
1807
6078
776
4067
4622
7356
942
8614
7483
6261
4104
7358
1613
2578
4990
8533
4361
4962
1611
179
8111
3267
7410
2046
6791
7904
5558
5837
9741
3528
7927
8792
5762
1819
3353
5001
9366
2262
9574
7402
7957
4387
3898
7723
2996
5928
2133
211
5517
5039
8355
2172
37
1206
2091
9096
6102
7024
1757
7476
9784
207
8866
9652
5336
1171
3135
5382
788
1576
6627
8066
2971
6449
3680
2085
2619
9268
7782
5966
2237
7300
8150
7809
4487
4688
522
9083
6056
8600
2144
8707
3577
6385
3779
2286
8979
6371
6298
8018
1625
7195
866
5123
859
4862
3199
6676
4652
3238
952
2422
4683
1985
1564
6306
2140
150
6538
8367
2451
7183
5713
9090
9261
3249
9186
7990
2235
9525
2516
9185
3865
7633
4691
5639
1810
7229
3409
6391
7031
1323
206
7794
6976
3185
8541
5632
8646
2265
2837
7528
4768
7817
6867
1309
3001
7411
6939
5748
422
9149
4628
6436
9666
6740
9260
3673
6332
6213
9550
2693
3326
162
3997
2991
6281
9587
9783
4882
1792
9173
2501
5876
7503
3604
7622
9374
9371
9947
6661
7802
2385
4041
9279
7008
2589
3880
1429
2292
7115
4572
1932
3511
6713
655
4890
2542
3085
9093
6984
8165
3092
8249
4671
5613
8318
2569
3582
6287
3576
5431
9274
7890
5954
7529
7136
964
5733
6598
4986
2398
5138
5729
6215
6182
5559
7445
5127
987
2420
2878
9865
2610
7025
3594
4607
373
3827
9459
7259
8585
3283
7845
2700
3070
9586
5087
8529
6289
530
9332
9807
673
4846
3450
3269
3828
5529
6202
2148
8971
2582
4816
8203
9120
1091
9348
7466
9353
5855
6838
5430
8356
528
6910
4776
4100
2351
5397
3526
2737
4038
2555
8678
7030
901
2300
5023
6756
6762
8552
2335
8085
9240
3674
3964
3661
7242
5074
9734
8046
1456
9419
6961
3590
2101
203
1255
5281
6132
1337
2738
8619
8668
5140
9771
1573
2425
2666
1418
7807
5879
4813
5711
8538
1438
8801
4621
9926
5204
9823
9212
2399
1803
8560
9717
2576
1970
1113
4702
6458
5198
1100
156
3592
3849
2233
6003
2529
978
9671
9393
690
8996
2629
7905
9050
497
3076
3542
2105
3593
4216
4965
8462
1908
188
5072
3978
4936
9945
3242
2823
8147
336
6367
2692
8859
5614
4836
13
6633
6168
2746
5817
8540
2652
2404
1555
1788
8016
4258
8129
1554
838
4204
938
4088
5108
4980
5581
4253
1005
2534
4933
4244
2047
1128
7740
5255
1358
5278
4952
126
6930
4600
6644
1603
7151
7661
8043
6438
1192
6345
9681
2975
1244
4654
6212
607
6493
4591
5650
2089
5899
5983
7869
5926
3400
2776
9635
628
1642
3426
6689
1943
5025
4417
251
5697
4296
1137
957
1485
433
5028
3921
6250
177
1038
5865
809
47
4989
6035
5082
5542
8426
8387
6760
5050
5698
6204
9667
1779
5333
2322
4305
8256
7539
8048
1875
5
2496
5466
2255
8976
9495
8802
1125
1484
9064
2850
6194
5216
9302
7439
9397
2922
6999
1499
1937
3428
2357
4948
5749
3005
2216
7625
2243
7522
9370
1863
4531
1658
8949
2635
2633
9264
8486
5247
3296
9478
7778
9213
9415
9088
5761
1182
9111
7839
3544
262
8257
3823
780
2684
8493
3484
4198
5036
2096
8902
347
7376
8373
5304
2396
4449
3307
9143
4217
9129
9021
8775
3533
9682
580
1844
6674
8758
5494
3662
1558
6406
6761
101
1377
4746
4904
968
3355
2718
7726
1152
2453
4135
8352
5383
6270
7114
9350
7826
428
1979
1999
3699
1694
3915
5373
4288
5873
9732
6517
4319
4692
3387
5626
6439
8584
5471
7521
7690
1783
2781
2655
4861
5069
4623
9952
5289
2740
7091
9979
6619
5682
8670
8170
740
9471
2842
4032
5418
4822
918
4011
1265
171
3899
6074
8716
9626
6546
8202
1437
8977
8918
8238
4987
5391
6874
4761
981
1042
5129
941
8485
2495
2732
9921
8217
6497
71
3147
2595
6503
6495
616
2078
1581
4810
3451
1134
6189
4919
2953
2343
9183
9850
4009
16
3565
7750
6161
7899
125
7117
1847
9184
4273
8704
6067
9963
8964
6400
3457
1287
234
5959
2048
7643
4106
6286
1048
8520
8424
7459
3069
5311
8131
2349
3770
4821
6320
8872
1379
3109
1162
9367
900
5495
4370
1965
3377
321
5784
2797
4939
9609
9388
2905
3499
8215
136
9935
2865
233
7551
9246
7283
891
3196
7003
5432
9864
4142
1585
9337
7653
1707
6964
4232
6238
1270
8059
1394
2830
5060
7560
6525
3125
3141
368
682
3133
8930
5990
8760
2518
2721
7341
74
5646
5420
8884
3863
8956
8563
2702
4291
8289
4974
6646
319
9104
4517
9038
5057
1285
334
4099
6162
609
1853
6807
9708
5994
8254
5533
513
447
8728
3518
8840
9219
864
2643
9927
7074
1851
8449
9902
9392
5970
5179
6172
994
1931
139
1672
3042
2024
8038
302
2793
1117
5986
8390
3570
2869
6972
7153
3643
8731
7733
1276
5908
7641
3600
2342
7204
9983
3717
9761
9535
568
5012
4937
825
3235
2087
6066
4510
708
3489
1158
7351
6378
5659
2899
6077
9474
3642
7306
1025
7649
6696
4805
3814
2608
9276
2934
3514
4886
8684
4640
4902
9130
4690
3969
142
2838
7369
466
52
8245
3745
4102
8503
2647
6229
7268
6002
3581
4283
2381
9644
1365
6734
131
1026
416
7238
2868
5460
7081
90
43
274
3372
8924
4887
3204
7525
4282
4564
5706
6360
7429
9841
5509
1168
7875
3100
7554
9171
9895
6314
6847
5521
490
6804
6440
5188
3844
8613
5653
4024
5244
4002
2805
7600
4859
6821
5723
2827
7578
7533
5274
6353
8374
2284
6216
9951
8825
5359
6151
9082
5010
6004
309
6575
8691
1567
9187
4023
404
6706
7954
6119
6152
1090
7215
5831
6526
642
6611
9401
2463
3819
4439
8682
5828
9545
2452
6339
3679
4295
5120
7052
5562
4049
3681
735
226
775
5599
1013
7749
9826
9426
4789
3557
8423
3855
1523
8073
1496
8344
8026
8771
2753
3490
8136
3648
4314
3379
66
1974
5704
8268
2481
1681
4071
4480
1282
5089
6134
6437
5569
7271
8715
904
5589
8389
3859
6884
6251
1426
2898
2892
2419
1608
8936
4131
6545
1856
8401
905
6776
629
6704
6607
2011
8607
7094
7007
4956
5547
7158
2522
1001
1577
3569
4734
3254
326
5548
2253
7077
6774
4363
5501
2364
1023
4679
8659
6612
5999
1463
9991
7190
8706
6080
5688
6574
1461
9114
6570
3834
9233
5804
467
8106
7538
5832
238
3610
9271
5888
3256
1504
1973
6396
6805
7435
5925
1453
6046
856
4796
1534
6007
2128
8369
2191
89
6433
3767
9446
1617
2572
8869
7317
4511
7043
6732
8816
3945
9081
6658
6893
9465
1676
7699
8010
7774
3617
7856
5675
115
667
2553
2705
6206
4059
1454
8962
1604
5512
478
9872
1252
3298
5677
5357
9809
6034
463
6788
7719
9763
7710
5400
893
4342
4331
2174
9328
4056
4500
4964
3983
4777
8037
4127
1136
2794
3675
8060
1317
7292
2560
4048
7725
9562
7504
9786
8439
2062
1995
271
8049
9321
8913
5806
4112
3981
5100
2310
3601
9551
6218
3559
7423
8494
5607
4506
7666
9053
1848
6473
1457
4276
7245
6071
2007
3521
9870
7041
3920
2541
4270
2337
1889
245
7949
668
9988
2917
9238
3924
3982
1823
6050
1212
3634
3686
1916
8319
7860
8589
4579
8557
5315
3456
7428
8846
8989
6343
6153
1600
5007
1169
449
7246
7724
2426
7793
910
128
1955
3192
7256
3223
331
8303
4849
183
9379
4474
6512
3936
4637
3420
2993
798
8968
3758
588
1527
9046
2454
6348
860
5146
3071
8
4247
2821
5960
5008
9974
6244
2458
9056
2507
7519
8661
6290
9498
7597
2984
7851
1375
766
2550
1014
3820
9211
6540
3512
3908
8177
9695
5117
2634
7491
5534
2736
6502
1804
2052
7146
5310
8786
7938
689
3585
5156
8853
1203
1406
9390
3506
6987
719
9178
3761
7475
4225
5299
4812
1089
3980
5910
1720
2324
5352
1408
510
1909
8260
4977
3932
181
7056
8516
4689
9829
8357
7361
9629
7201
4772
2690
3480
2095
9248
250
8174
917
4114
3156
6544
4406
5766
2061
2142
5098
6695
1326
4042
686
9578
8051
7646
6727
831
8057
9220
4119
3335
4221
5797
2274
2665
3210
4266
9047
676
1684
7931
4369
6032
339
9385
2747
7944
6697
4389
7150
6652
9973
5137
9266
3707
9516
1028
8521
3801
356
1822
4430
2303
8408
3698
153
1425
9857
5656
1240
9319
7585
6638
1873
1886
869
3488
3892
7385
8674
8886
2795
5782
531
3055
1288
4381
9489
8432
2852
1070
8495
3025
39
8593
582
1039
406
133
4457
7631
268
7365
6043
2800
6691
2715
2845
7651
5678
3155
6372
9170
2780
8351
7629
4905
3014
6833
6914
2317
6282
4537
1870
2625
8084
8568
9241
548
6422
8981
185
2573
9315
6926
4891
6365
8730
3062
3860
2824
5195
4883
191
8571
6156
3264
1888
6766
3812
7552
103
5254
806
1472
2511
934
679
5149
8673
9339
3781
8271
6463
3137
730
760
8890
4544
5011
3716
9616
9369
2854
9633
2986
2509
3259
9531
50
8368
6115
5883
9997
7897
7997
2099
1024
553
2403
25
9077
2866
5604
6824
1205
1537
2295
4972
3628
8527
4515
5807
654
9922
6579
8224
9160
4376
9477
8163
633
311
3165
4874
5812
9788
979
8219
4165
3082
7858
8359
731
9693
9793
7785
8562
1599
1571
146
3288
9780
6451
8102
6029
6836
8071
4685
982
1115
5490
2926
7563
4550
8575
9672
3492
9207
4364
4703
1424
7221
2588
7602
4884
269
3221
5845
5332
4655
473
2431
3919
4412
6049
2580
7818
5496
9659
6537
9812
2346
4309
270
6410
8842
7893
4681
5596
2244
2037
9342
1432
8431
7991
3252
2604
772
5228
8536
1924
3606
773
4747
4182
907
6351
4973
9843
8000
8433
9481
8605
5608
1228
6398
4332
9760
6513
1056
801
8052
8982
8307
9527
2649
6599
1031
8781
6985
7009
7833
1566
7006
2546
6856
3315
669
8850
965
9429
3703
4238
2360
3720
5969
21
8581
2177
1559
2990
1508
1797
5308
595
7706
9110
6818
6772
5093
3630
1773
9018
172
3195
5302
6059
9040
3446
3663
4995
4726
5477
7967
3832
7071
4774
9373
6073
6303
671
3509
2521
8639
9095
815
2670
774
4595
2654
2185
729
6374
1294
5719
114
5692
2716
1354
6909
1060
6124
116
8116
5565
2958
4176
4568
725
2472
7758
8001
9
1455
2213
5000
4881
3077
4491
6094
9868
3790
9605
464
8093
4366
148
4057
2059
5381
8681
1166
9598
2876
3414
1896
6235
8986
1096
4334
9454
4786
7284
9832
5560
7963
7764
5016
7731
6042
7593
7505
8285
6863
5773
5882
3953
8497
4958
8412
1692
5077
6379
9023
2586
2196
5135
5184
7464
9103
4036
6653
2153
9441
1277
8396
8690
8621
9584
1011
5522
8522
3718
3611
2999
8813
3940
7996
9460
4982
4921
9204
885
2392
7663
9128
487
5900
6536
5544
1108
4785
9585
8379
7096
9255
4670
8428
6324
3858
5909
2210
7546
88
7110
344
6746
1876
7604
2229
5095
5810
3021
4445
6675
7544
3139
7113
6603
9995
8030
4263
5285
3637
6992
3881
4479
5740
996
7132
1840
5539
6310
442
3907
2832
6192
557
2201
1834
8528
5236
8762
2696
1693
8491
345
5312
1501
4385
5661
5046
8453
1766
6937
7935
1799
5421
8832
2949
5975
8122
2022
6208
4248
1623
1380
3260
5268
8151
3363
8510
1964
7786
6037
3626
2963
5532
6264
7541
3266
3462
1663
7391
2020
6263
305
1976
2641
3891
8348
1059
8734
359
7179
923
9055
2102
1284
1464
2552
9462
3361
1160
4301
1360
2080
7028
2409
5144
4111
8199
1195
2469
9136
7481
8919
1235
9451
7669
5291
1342
1118
8025
7451
5824
2882
4638
696
4784
8132
1331
2563
2163
6299
7759
9269
2731
4458
2480
1598
5371
1579
3333
2816
7122
4559
5573
8047
7644
6207
5759
6280
4037
8114
1751
1468
8473
8793
290
2729
4279
7711
4814
1646
6596
1303
199
2421
6383
7226
3621
4605
8044
1644
2380
6684
3711
8477
9946
2188
3436
9511
7844
5911
4415
2925
3402
6019
7940
1213
8402
2460
3212
8779
5621
4916
7378
7302
1381
6468
6241
3613
5996
2601
9998
9840
4835
2347
8524
4608
9292
1519
5858
8990
5503
6504
7047
9560
9579
6062
5742
1378
5902
3759
3725
4558
3412
7920
7269
9063
8004
8392
915
9670
8951
8299
6047
1562
9469
6520
6510
1871
5428
7822
6654
8072
8304
8191
1345
3836
7549
7872
4961
2803
1098
2856
3214
940
4626
5893
192
596
6350
4684
9575
5504
7971
5622
3723
4420
1006
5393
5224
5949
3575
7175
3971
4349
7928
8569
9031
3344
308
9497
9572
9470
3537
4411
7420
6651
9487
3130
3778
9601
3878
3792
2627
1258
7692
8867
1267
1492
7718
5134
4341
1859
5258
1019
9033
9411
6105
7498
9162
3660
778
7570
7748
6158
9669
2305
9521
8862
7850
4350
8509
5934
7714
5263
484
9989
823
4633
6431
2202
3232
5030
9972
6100
237
2401
6291
3410
9492
9280
315
5449
8841
6800
7235
7584
2068
1956
1563
6645
5586
1133
5611
5722
5786
253
6446
3452
3245
2370
4764
8654
4380
4384
272
3337
9112
4188
2432
9493
5064
4942
7139
6179
390
1369
4161
1219
6508
1368
7011
9242
1968
4437
2853
1941
6055
5090
7004
5361
99
7693
5464
7267
6786
4677
4016
1987
8680
1645
2121
340
8880
5854
8508
5892
2813
1179
1226
6330
5271
2391
6317
8727
8090
1673
7736
1709
5280
6323
6951
5836
3390
768
4573
4163
2395
4817
9338
2526
4975
6401
4485
5325
8120
5481
1588
2384
4831
9755
5699
5141
9697
5107
9491
4407
7484
4271
6475
5648
3401
948
1880
4157
2484
3268
8336
559
7673
9745
2694
318
5891
477
9607
6708
3160
1054
2687
7456
8347
175
7322
2786
1762
4875
3708
6555
2513
9758
8445
320
7263
1891
239
6128
8737
7236
3258
6434
6898
1319
4769
6326
7409
1131
3124
9444
6144
5106
598
1722
2223
9971
4395
2208
9505
2764
5655
9199
8172
5177
6660
1969
2261
2135
3884
5894
7955
2724
5265
335
4281
3486
9157
6455
4348
5754
430
550
1846
1494
7297
4280
5435
662
5777
6573
1154
1304
2283
2348
7953
9294
3910
493
4444
2777
7314
4207
2038
3789
804
8302
19
9978
7744
7161
9539
7329
6148
6428
9080
1675
7066
5300
4858
4639
6016
9980
999
7966
2051
1423
2088
343
8969
2340
6195
7805
9901
5796
6178
2129
1907
7493
9966
2939
4696
3053
8624
8910
461
8193
8700
231
6362
2592
3579
5612
7596
816
3316
9816
2173
2955
1541
4461
7620
4508
770
6812
5345
8814
9518
5568
4627
958
8145
2864
149
4851
498
333
9049
7815
4644
69
3534
9772
130
2599
4584
4338
702
9970
7687
1344
517
3253
5799
8062
5737
3036
8290
2535
6470
1207
5808
5243
2701
3756
4894
1034
6090
3273
617
3780
4751
7880
6636
4658
2720
8739
8242
2707
7371
3182
7919
3821
9059
2646
1275
6716
572
4372
5998
661
9307
1000
7660
8119
9209
8808
9502
3845
1318
6456
8334
515
9982
342
5386
5554
6906
7082
1717
750
8478
6466
4834
213
8940
6136
5261
8259
1033
8470
2771
8179
5941
7062
3738
9208
597
8480
8211
9131
4326
4226
7857
7737
6501
4323
5594
296
4542
1833
1905
6868
4304
5502
5825
3278
7626
5145
9464
8383
3334
2540
8382
5760
7344
6141
7167
6731
6064
5839
7010
8513
8834
7149
7228
3994
7514
1120
1569
2998
3271
7932
2439
7427
4414
7781
6114
2927
540
4464
3217
4790
1043
694
1503
2032
771
6106
3
468
5840
2033
3501
6474
9949
7684
1763
6026
9485
55
7446
1984
4447
8391
1064
5734
9724
1755
9943
3027
7998
8296
1300
7976
3505
4051
9834
8329
3835
9072
1940
6989
5603
9818
7729
3656
4741
46
5252
9005
8237
4000
9510
3848
3194
419
5956
5484
6703
8435
1356
8572
8811
8609
7735
5091
9577
1127
135
6913
6840
6131
1685
8223
4758
2725
3113
4687
8824
3943
3870
8425
1242
1770
5987
9141
3517
4830
2372
503
2193
4018
2228
230
9358
8476
6199
8180
8155
113
3274
7550
8749
753
2318
2556
2442
847
3869
8065
9327
8019
3044
986
9855
8858
2667
1111
1185
9355
1283
4718
7207
8235
6450
8805
8683
5588
721
7523
6435
6613
7891
589
475
8273
4932
1802
7921
3202
1382
9013
1392
6009
5768
4471
2134
7079
5821
9837
3552
6518
7061
4781
3455
9352
8899
5403
2632
5161
2356
3287
2393
2679
9657
224
401
8056
1560
9739
599
381
9458
1963
4222
212
6038
8339
6058
2861
5029
9154
1062
5838
4123
7313
132
638
8063
5181
1677
5557
8703
297
5903
3066
9475
840
2631
5897
3933
5356
808
7196
358
5816
2394
8124
4087
6342
9200
8171
2397
6887
7575
9917
5940
9960
436
3345
9990
3045
5507
6578
6692
338
9520
3872
6846
728
5231
1711
1741
9886
8310
3916
5461
1516
9001
5321
1602
2256
1339
2831
6288
8539
5063
6333
9281
6977
9490
4418
9198
5972
1077
8133
8672
1843
8178
3330
1003
606
6648
2189
3241
4259
9533
8321
5630
8104
4667
7137
6521
7212
9759
8312
8422
481
8035
6187
7488
6166
2169
8748
6125
5203
4722
6197
7418
5246
8857
2820
110
5957
2236
7678
6780
8972
8209
5296
2270
546
4976
5437
9236
6967
5327
2637
9335
2014
3404
3386
703
3730
8995
7285
6635
2656
8932
3487
7571
7265
2663
8195
4929
4951
1355
9632
7398
2192
824
960
9252
7747
4455
1302
1362
3566
9180
9262
5745
622
6592
7909
1483
4788
267
7834
8006
5399
5159
7686
8142
405
516
7448
944
4695
4714
8570
4920
4178
3148
7628
4578
4840
2914
225
8887
95
7467
4928
1263
2760
4110
5343
377
5736
2923
3052
2231
3647
6170
2376
3737
3497
2918
1928
5061
9573
2203
7924
254
9589
7581
3928
7623
2287
7843
4979
5286
375
899
8366
5249
2217
5155
928
6236
6809
1768
564
8796
7274
2561
4173
3382
2137
4938
1436
3347
3392
3747
3739
9399
4477
1975
3508
2159
2417
4214
145
2325
2002
4826
6123
3684
7262
3942
5923
5445
3157
2689
9251
4800
4460
591
8295
4496
2503
5731
1311
7220
495
692
4360
1481
6845
2230
5233
3431
8769
5938
9007
2334
1037
476
6247
1197
429
8105
8766
8005
7988
7766
2467
3619
2808
3240
4698
7224
754
5411
6334
3206
9530
7461
3376
8742
9313
5262
535
2462
8732
802
1696
4179
1633
7156
3327
3753
9859
6467
9975
650
8818
937
5439
1661
6112
9443
6155
3099
2361
5536
3632
6834
277
7879
1713
1135
8378
5320
7599
9402
80
6778
3367
738
5136
9821
4481
1239
4187
7450
6543
562
6511
9486
9977
3059
7171
62
5068
4765
1565
9231
5567
5511
6028
8888
8330
6722
8252
129
4043
6454
7168
8074
5113
91
2311
5483
7380
3163
3989
3934
7037
6480
6983
9664
1769
9749
7531
4097
6878
6852
6269
6663
14
9382
7989
7312
4760
3321
3520
914
2493
9994
8244
532
8017
8546
5890
6571
4541
8364
6857
2336
8144
4367
5982
7713
5083
8555
8149
1479
3913
1441
3688
1561
5564
7760
1721
2574
6052
7886
7281
3946
9221
3925
8484
7231
8523
4505
7756
8098
9273
6069
9824
3851
5590
7441
8264
7291
1878
939
1495
9272
1264
6327
9954
3963
903
5049
3555
3176
822
435
504
6492
3187
6634
5284
9662
6259
736
9009
1320
5702
9900
9156
4239
4325
9933
7675
9197
1850
7381
2386
6854
6552
2021
2118
7866
365
4490
845
6770
2093
2416
9354
5585
7933
3970
4577
6643
273
722
687
954
826
863
6584
3476
6932
4978
143
8883
6075
3043
3448
1002
2301
3973
6414
8169
1063
3308
1631
9091
4503
6946
5871
1409
523
4171
3678
9108
8685
9175
1710
2644
9957
5196
821
8991
3229
2988
9556
1900
5453
4575
7197
258
369
5844
9833
9621
5712
5769
7399
5984
9874
8583
4930
6181
762
9360
8839
9774
6872
9985
8738
743
6789
9034
7088
5423
8187
1359
4824
6594
215
8118
8868
6443
7064
5814
7757
2653
4860
1209
4519
6441
1635
9593
511
2704
5732
7917
2559
5376
6677
3991
2429
3471
5223
3008
8139
163
2
9643
2858
5584
2004
8876
6325
5059
9910
4202
4737
9567
5221
7026
9810
3709
169
7331
9894
1578
8405
9309
4311
285
8110
763
8655
571
421
4486
8123
1583
4798
5055
2722
5803
174
3224
6712
1901
280
8623
832
9297
4453
7406
2742
2710
2770
6922
9275
448
765
294
8496
9690
2272
7859
9911
7085
3115
7449
2215
691
7374
5687
5921
348
9830
5272
5044
1376
749
5363
7590
2466
8434
991
6328
3791
2252
8963
3461
9903
9282
5270
8603
6159
8489
232
1978
8992
2414
3491
5020
576
1322
9113
2756
9166
724
6862
8768
8166
1236
2060
3861
4642
9944
2412
732
8327
480
9846
7810
1435
706
6021
7703
1622
8227
2254
5634
4094
6827
8161
2640
7128
6990
4878
2297
943
1912
2566
5013
8127
4213
7382
8309
1184
4903
5455
3883
2863
7243
2790
2564
1340
450
2812
8189
2483
3143
7019
7213
709
2983
670
5458
1290
2006
2473
5425
8764
898
5963
3768
3522
4443
5491
2568
9613
8459
2444
1466
1142
2867
5194
5863
3838
5771
9549
2008
3797
4074
2211
7336
1638
1618
3108
1289
4124
2115
5961
6103
2900
3416
8446
8091
2410
5086
2743
9604
2981
4212
5872
3034
6196
1314
9653
1074
4953
1330
4999
8126
3782
8946
8791
1366
6730
4080
2365
7583
1451
7457
4108
5424
7721
1130
3690
3639
8709
7985
2405
9961
1153
2639
6198
7098
3847
4613
5633
4167
1547
2849
7508
6733
5943
653
7338
3640
1811
4988
8622
8596
9345
1411
8970
5109
6068
63
8207
2772
807
9375
873
795
1262
7109
5965
5753
7630
695
9937
5213
3822
1911
1459
4545
4955
485
2323
8586
3641
8638
9026
9217
8894
1444
4410
7301
634
6582
2424
865
9014
1268
4040
304
104
9087
5823
7654
2533
7956
7849
4528
7801
9799
6219
612
7637
6747
9650
5052
4791
1897
1225
6688
8362
5493
3091
8451
9764
8915
7311
4224
8750
9167
1553
9594
7894
2373
236
9378
8598
5022
9624
8873
9677
6659
6979
9678
2872
6061
8871
2943
1831
8893
4645
8288
3864
4168
7218
6541
857
4634
1123
2072
6088
1702
4438
4408
830
1093
18
3328
168
7046
6623
127
9702
6933
7865
3340
9948
275
8526
974
9192
8591
593
2815
3013
5778
5772
7876
697
2558
4611
1761
1058
8033
5099
9576
5462
7993
929
1512
2969
9637
1997
4392
9808
337
6530
2671
5620
352
5862
8094
3468
6329
1520
6104
1575
5644
4854
6363
4265
6515
5158
3388
7455
3800
5215
8058
1199
5309
5609
465
8206
853
2727
1800
7447
1738
2745
5121
7827
8281
8385
3742
7414
1670
8076
3058
6781
9384
7013
841
9450
7050
7792
6223
5716
1945
3918
7951
184
4174
9036
1383
1445
4312
374
2769
1478
7746
9423
1835
705
6230
4709
5672
1699
6610
9663
6224
1009
6795
6938
4423
7000
3677
6790
5842
4910
7696
8322
594
4333
9003
9126
3727
4220
286
6950
4155
2042
7152
6997
648
5162
2789
8034
3693
4852
9731
3587
7232
7346
6585
1095
5764
178
4941
4532
1606
6683
6285
7289
6188
1389
1705
870
9405
4924
4808
5597
279
1476
4775
8461
5324
7591
4617
6359
363
827
2154
17
8294
7958
1412
1582
4336
664
5575
7119
2288
2026
2782
4609
491
4249
9806
3423
9781
462
6315
4495
7359
533
3065
5217
7511
9106
9746
316
160
7097
1415
8450
3191
3366
6252
9070
9479
2266
6915
5438
4898
1830
1269
5110
5392
7777
7779
6375
9555
8255
30
8277
7948
9361
7350
8452
1335
5917
5378
4539
6024
3879
514
1500
5681
5774
1892
6409
8573
6529
4728
794
1050
2150
3190
2122
6563
5167
1548
5211
4076
3406
1513
1860
792
5787
7002
1047
7063
7353
4010
946
5907
6958
394
6457
8377
2363
4175
1200
5218
2528
5953
6025
8879
5531
4656
8644
2146
4662
6587
4028
1678
4673
6717
2843
6448
6461
6407
3358
1867
6798
839
4949
144
329
9959
9286
5337
439
8184
8612
2947
2609
656
2435
249
210
777
6802
6752
2549
4819
5846
6726
519
7181
6169
3083
9263
6271
1249
6959
4205
3395
3425
6981
6005
9100
5602
2603
3896
3937
7804
4945
8532
7601
4601
3843
5649
7770
9696
5499
5929
1251
9686
7825
6373
4139
5914
6185
5770
2103
2912
7230
7100
8200
9099
1659
5922
3802
5822
3646
5887
3700
3817
2110
9679
3799
1666
5950
7425
7878
1259
8371
4233
5635
5752
5826
1634
5802
9912
5813
4307
1190
5485
1813
8611
4514
9024
7403
3556
3177
8895
4396
2871
1864
7961
6101
8537
8353
9259
9847
8900
395
2387
4661
2890
7163
4543
5643
7068
8765
4492
8767
5725
3704
848
6346
1781
752
8676
2045
3917
299
1667
6118
8733
3088
10000
6744
5479
5405
575
389
5355
4762
8950
3441
5182
9651
1883
3074
9899
221
8301
2120
3203
5067
2662
413
8599
3030
9449
7005
1007
9344
9879
573
7510
4838
208
7877
3665
1487
8023
346
117
6680
741
5024
190
5636
5747
3086
408
7800
3962
4721
259
9852
4428
3599
7324
6947
2249
7387
6591
4907
8577
2362
8488
2041
7605
4649
5210
6896
7299
7979
8822
6000
5869
9569
4243
84
4705
1510
9232
5781
5684
556
9257
5298
9747
4431
9815
6940
4393
243
7871
9278
2079
8082
3988
9351
1088
5901
3153
4073
5751
5851
4651
414
3322
1723
9547
6126
1439
2280
3984
8141
1178
6507
8810
9138
8755
7320
9924
2320
4701
2688
5147
1936
6949
6
3075
9324
3722
2621
8292
1798
5436
6650
4322
5283
392
5102
4792
1899
8743
4004
718
8197
2222
6356
2119
8140
1332
9711
5912
3541
6220
2870
3201
2977
2881
4912
8270
1066
7659
7672
2306
5187
4206
6737
4848
5142
8944
8912
35
3939
7814
8721
2476
5362
577
7738
6764
7390
5038
5920
3408
8604
3090
998
3371
4580
614
2695
2123
5932
1201
2873
2187
2413
5003
8561
602
744
1036
8549
6728
366
9065
3095
9838
228
3434
1029
4072
3922
8134
8167
2775
1397
4026
4014
8183
9753
64
5334
6452
4802
2455
8777
3389
683
748
1177
9412
4143
7980
9140
9767
3081
9153
8146
3121
6870
4868
4850
6209
1966
8535
2132
2057
4856
2719
3430
5402
6718
5601
6956
1016
8666
2377
1295
5242
6955
945
9814
4801
3325
6785
1539
9244
4727
3106
3998
3179
6174
983
2224
1616
5875
5726
5326
4606
6260
7155
8878
2028
415
509
4081
7389
3685
8631
3239
3061
4588
1092
9914
7566
2928
4433
1083
4084
9603
717
9147
5931
3473
7355
7799
3198
3225
6395
524
9506
8966
5165
7701
1458
3596
4039
7587
9687
5881
7260
197
7103
4548
2950
8595
5566
5276
5618
4742
383
7969
9892
1814
6092
1668
1647
2127
1712
2717
3955
3323
5520
6769
3481
4286
2065
3777
6143
8579
851
4585
6600
8011
9628
7803
7512
8222
49
1099
396
2260
4804
