8758
1552
3456
2165
84
87
2685
5700
2109
6048
1706
917
3335
9509
6811
3136
6585
5178
6926
1951
6515
2635
6093
1282
7714
424
3250
6299
2470
7053
2583
6481
961
7945
6574
9286
3117
6371
7042
3074
3524
829
8980
5076
449
7441
9105
4140
5386
5590
3422
7005
3395
5580
4754
1614
2422
7219
3407
6044
8590
8555
8530
9418
1533
5281
4481
9945
24
1608
9281
4928
8869
2393
2143
2885
5433
6903
3396
7620
8619
7928
416
2815
2832
9066
2099
4316
72
2817
4109
4017
2083
4800
8987
7879
7500
4924
6021
6251
8492
5817
8269
6329
9225
8922
4919
4456
8438
1214
1084
5360
7428
447
9847
3856
2666
7820
2252
1379
2426
1576
9708
8893
2141
7671
3514
2323
6228
9724
2119
2741
9125
5273
9335
7163
1012
5225
5333
5997
3977
6946
2282
9491
4662
8612
3585
2302
1450
2995
1578
7285
5572
2205
3946
3532
7084
6059
9784
9761
4848
2916
1539
5051
4192
5451
4578
8147
8284
5161
2721
6230
5325
9026
4308
5315
3479
8687
3416
4292
9707
1751
114
4052
5692
5525
214
112
7840
1787
3017
202
6096
5365
5344
3271
9177
981
6940
347
9122
6382
4139
4119
7358
9375
6037
5197
2937
9906
3589
389
6482
4270
5878
2883
9545
2053
2541
6303
3922
2160
1158
4649
5613
5458
9879
6160
6707
6701
4476
132
8071
916
2222
7293
7608
246
9904
306
3254
8468
8881
786
908
7515
8086
5677
1804
3405
266
6477
9018
8728
7404
4413
351
1281
9739
8370
6511
3316
5960
1828
2123
7106
1241
2151
2427
2472
8299
6991
8713
2135
7572
4579
3105
704
2522
5124
5777
8172
5392
7742
6620
2821
4238
3364
1077
9369
7544
252
2726
4893
1424
9044
721
6252
9826
7921
307
3949
9234
395
8153
6894
6656
9057
692
3866
5862
7526
6510
7846
340
3402
1011
6909
9762
6589
4154
2949
287
6480
9578
5717
8
9877
8019
9146
2954
7570
2373
7014
3458
9444
9059
9922
6423
6185
8081
345
8005
5766
8083
7090
8051
2347
6360
5312
7212
9892
4619
9254
4967
2890
7886
4559
5815
3322
7315
7411
3223
5772
3801
9746
9332
7753
6742
2572
7863
7397
2244
3611
607
1298
4636
326
262
4341
4576
4569
220
1066
8569
7089
826
8528
4264
5710
8455
6398
7318
629
8967
2118
5986
1935
5282
1299
5767
7113
2459
3055
2904
3960
9249
9161
3478
2111
3272
6291
9884
2267
3131
1588
2487
3716
3401
2833
9348
3391
8087
5755
9515
3883
9159
5068
4861
882
2742
4482
3286
5188
8020
3798
3063
5704
1389
4250
8828
783
8054
8429
2521
7350
3308
7015
5205
4963
2384
3980
53
696
6969
243
7347
7975
9472
8882
1388
9319
4236
7966
6726
4373
5734
8859
3682
3913
2488
4126
7850
673
1116
5488
2024
8592
2988
4344
3673
2507
1543
8885
9561
6173
4360
4621
2618
3545
1067
3731
4301
8479
1968
5914
5011
1215
2772
4968
7942
7968
6313
9910
4838
304
4428
5475
1886
7175
2043
217
6448
6846
2243
4336
8634
1398
2338
1611
3113
6807
7385
5473
1192
5890
5258
7102
8132
3964
3872
8646
8325
9864
5608
7956
8403
7
5998
3343
1971
4262
9780
1753
8588
6174
2374
3317
1544
5192
131
1164
8769
9841
3528
5559
863
1863
9523
37
8056
9400
7578
9389
3253
8285
1870
6520
3006
562
5265
1070
3723
9078
3249
8648
2389
1800
8643
312
9172
748
7182
8734
4410
593
6305
7336
1365
6425
6939
6455
9053
3820
7842
3637
6565
236
3506
3171
3789
973
6053
1973
7622
6187
784
1407
5155
5248
2174
7916
3698
3198
6719
4775
7330
2292
8488
3354
591
5314
4099
7553
5349
1496
3206
4379
2016
4063
6581
2724
8579
533
695
7475
2013
3962
1602
3701
1481
964
5900
8384
6378
9428
1978
7662
9337
2683
3936
9911
7224
7251
5416
3020
3533
5235
6676
8223
8135
135
3348
2339
7891
2042
879
8247
2354
3646
5501
8302
4540
814
9653
6422
8360
7185
9890
1595
303
624
9049
8401
5980
1159
2500
8752
6253
7907
5715
5004
2763
7703
358
4993
1945
4191
6964
1609
2824
2947
9581
7368
422
8211
3109
3195
4978
8650
5157
5286
2158
3827
8704
1072
2465
8672
2176
323
865
6441
8067
6787
955
7641
8807
9929
5108
9710
2035
2598
3617
5255
1713
401
6780
4084
8065
2069
9071
4505
7038
3785
2010
1340
5346
8258
6915
1860
8796
2275
3938
4415
6782
9151
213
3584
4732
9920
774
7382
5306
3828
6321
4516
7560
7587
2358
4618
6412
2716
7778
5107
2805
6987
8194
4135
6960
8327
94
1559
2682
3990
5705
180
9889
9928
6571
4639
3894
7674
2049
8052
8804
4845
6794
3003
4372
1300
6376
2026
1121
3997
2814
3741
2704
5718
9843
5622
2720
7558
5164
2078
5843
7787
4412
7601
3756
5457
1510
3434
5036
9445
1366
3832
5624
3279
7213
3324
6492
3713
1766
5294
6818
5571
5537
5448
276
9297
432
869
2626
9487
5331
8049
5509
5503
3319
4514
5694
3821
4703
5436
7151
2931
3353
4977
2430
8021
2656
7888
9850
8024
2245
1315
3668
70
1297
2568
4906
1689
5396
1182
926
3214
3671
841
5707
485
812
4804
6820
2025
6263
5471
592
3156
7415
1982
998
751
2691
6188
6128
9756
1799
2783
8532
1873
113
7815
8848
8973
8714
1793
2799
1477
1988
9916
1075
995
6792
6325
1803
5754
7538
8195
439
7180
6548
6921
1815
6388
7028
7049
9456
6799
6167
8427
4150
188
7179
5808
9907
3295
6569
1686
4586
571
3261
8459
2979
9315
7735
2126
8484
402
3876
4947
6346
4396
9596
1069
3763
3137
4197
5477
5152
5366
3489
4969
3418
7588
411
6824
7087
1129
8029
5910
9240
969
2226
1146
9108
7694
4822
3164
3735
5657
9
9512
9856
5085
3615
2478
3759
2156
5829
1752
6979
6801
5656
9715
9303
5673
9810
1005
4661
7377
4678
9107
1579
2304
5826
4740
5534
8907
9785
2527
1961
4612
9259
7284
4521
5911
5089
793
8675
9825
9589
1301
7869
5330
943
6947
7595
3167
7048
8162
3065
161
7209
2985
4104
8738
7583
5387
5013
5322
1836
7233
2495
9202
9816
933
2412
4421
4298
2491
7804
2647
6530
807
4898
3166
7076
2402
2681
7040
1339
7494
7555
8456
3665
8813
6095
8034
9383
4918
2090
4060
8117
5669
8112
1724
4487
8030
7934
6858
46
6344
8305
9852
7999
6975
5819
7667
4196
2173
1690
6685
7468
8897
2793
5460
8849
7109
3413
3799
5065
5316
1324
7222
698
9408
638
5279
6809
259
6126
5431
9607
7899
5207
1490
3176
2070
9452
481
6836
4766
6405
4870
6766
9079
4943
3777
7884
7719
3264
1630
9597
3008
6306
8935
894
5906
8862
5202
1362
1359
9276
1903
2015
7698
1784
9957
2278
659
5218
4805
2054
709
6527
6517
1913
4095
815
8249
7483
9455
5352
1472
4102
3023
4887
6460
6031
9567
8736
9141
1399
985
8406
4500
9656
1149
4057
5989
4458
7616
4174
9998
9657
7607
8782
9180
4802
5665
7308
9155
2094
5097
610
6468
7856
9048
3737
3134
4949
5104
8821
1769
5092
2956
8550
1037
7704
1983
7265
2731
1020
3804
9660
9054
6078
4543
2345
855
7059
1847
2767
4152
8548
4488
3650
3325
4472
5507
2628
8002
6810
867
4972
8224
1222
836
1664
2023
2225
1937
8141
2424
2287
1313
1607
6682
120
3025
2216
30
6708
7194
6087
9038
9136
4338
7716
1186
661
5930
1383
1224
8757
4404
5290
2048
3536
876
2227
7702
8948
4519
2276
9402
5099
7410
5463
6523
8441
6773
1989
6642
4205
9485
8465
4494
5024
817
2574
2291
2496
6956
6458
6619
8236
3053
9062
5412
3472
8378
9650
7433
8448
889
1707
5023
7200
7738
1429
2332
8972
9380
5012
9235
5540
3468
9013
3466
9772
2526
3228
5362
356
9528
309
4361
9725
2198
8788
4293
9779
238
6141
9690
6819
5277
1887
6363
4566
2777
3263
1679
5280
5544
2977
9290
478
9034
6065
1372
9516
6449
8756
5689
3887
3415
2201
9550
9788
7348
4680
5179
3327
6145
3094
4857
9030
2382
2262
3794
1979
5592
1127
5965
6509
3419
7822
4184
7866
2622
5804
1835
2055
8392
1536
1739
3767
3235
1518
4108
9470
1959
5301
2864
9047
8685
286
3676
1558
3305
8193
4864
2260
8754
2759
4014
6741
5158
2030
7540
8841
6279
664
3163
7283
313
2553
3326
5918
654
3851
4416
1467
4509
9065
9435
204
4798
6355
7371
4552
4788
1671
5729
4654
4767
5818
8633
2966
6978
5984
7827
7448
2353
6626
1433
5913
3229
6046
190
4291
8733
1668
8197
7691
9318
6293
3224
3141
7654
5020
944
7536
9231
9291
8061
4366
6977
9382
2200
7844
6677
6383
989
4370
23
1349
1331
3983
9981
8178
5529
8467
860
1465
762
5631
3511
1877
4155
4098
8959
4145
8575
9229
3591
433
2653
1714
1344
3239
7929
1767
4173
6220
6817
2690
4682
1308
3447
9874
1403
3380
7472
7743
3848
4078
781
1103
8817
2416
9828
9395
3099
3144
223
7295
7953
7750
2922
5898
2978
1921
1100
7721
9640
8811
332
451
8155
2816
297
5568
9355
7874
5110
8514
1392
8251
9429
7859
743
9218
1348
9367
4643
6661
9566
1735
4161
2405
1374
9116
4555
7011
5774
6564
445
7964
2177
2050
3104
7741
9717
3496
5825
6467
8326
1964
559
8780
2794
7248
2328
7776
9039
3900
2369
5575
2000
4941
8785
1312
1704
4125
1050
9135
4375
5408
2036
1013
8981
8578
434
465
6621
4524
1994
5175
873
8888
393
3158
5687
7992
875
2431
8930
4273
8664
9718
8369
5317
8107
493
5291
7394
4254
3656
1494
5779
9056
6790
5735
7848
6822
5496
4957
4616
2734
6199
9857
1936
6340
9095
8834
4131
95
9625
9634
4635
8150
7459
4333
27
4257
7359
9262
2843
4504
9681
2184
8422
5292
6428
4351
8231
6463
6861
2062
700
215
9558
2798
5186
339
5686
4546
1133
1199
9860
6284
7061
5483
1466
6697
2982
5723
1585
5391
6495
2045
4491
684
9559
4035
6233
1524
1401
2892
5115
5647
6560
7392
5350
7813
9935
1223
175
4620
1756
5184
1213
3846
906
68
8126
6434
7521
9827
2887
9191
7436
5842
6999
3337
739
9468
7917
2552
8596
7443
1992
4490
1412
6197
8500
6134
3823
1500
6627
6419
3357
9081
732
6210
189
5827
1839
5340
9973
4294
6429
9899
1811
3409
3857
1423
2088
6070
6958
6009
616
7322
3796
5987
3277
7819
819
4275
7911
7930
382
4151
8281
6289
1637
167
3963
1555
4503
7026
8875
2637
1354
4172
3275
2874
1444
6361
7910
4936
540
1278
1995
8520
1613
396
2441
4157
2910
6438
6067
2362
1218
9215
3173
1940
3734
789
2861
5395
4562
9915
3444
5078
4170
4854
2196
1550
9473
5693
9100
9959
5637
5502
7149
4595
7914
6808
7353
2800
5114
6101
7643
4278
5958
3518
9735
3529
5217
2926
6797
1475
3523
1094
1946
5171
915
997
1368
5086
7461
941
1343
1253
9227
8125
2318
9196
4237
8568
6724
7648
9111
7858
1263
4630
5211
6874
4594
2908
9397
550
8879
9073
7867
4810
1363
8559
1235
3278
7449
3681
5245
2632
9300
4731
6006
9118
296
5358
1958
6871
2112
5403
1538
5720
1840
6710
7037
1746
9814
7522
7829
8316
3266
5831
3170
5505
9343
9654
5983
2268
1293
7527
5850
6680
5401
4833
6493
6498
5084
4797
5761
7388
6161
5432
8128
3619
1819
2020
3748
7395
3169
258
3779
4666
9248
9742
1999
7337
583
4177
2775
7826
3975
1615
7465
1071
3005
5702
1748
4406
3078
9373
6347
6541
7646
8636
7341
4266
5062
4930
6650
4013
7948
1280
3297
6549
2447
4657
8080
1385
7786
8545
4163
3397
6069
7924
572
6317
9635
2792
6237
8660
7211
139
8419
6202
5168
6802
930
8495
5482
8534
4034
5113
360
5595
725
6617
4287
1168
3566
9378
9309
1270
4420
1639
9399
6139
6521
502
5237
6476
5660
2230
4791
1007
1583
3616
9830
8934
6116
9164
8729
1933
6990
2581
8232
9508
6536
7023
207
2925
9233
1434
2218
8295
6110
5874
4617
1053
468
5064
4714
9705
4821
6176
7517
3191
8805
1757
8134
3024
6275
5690
9834
5206
2544
7290
4960
8699
733
9459
8151
7218
8929
436
1589
5361
4627
9353
5722
9339
3919
7656
8876
1969
2414
505
9204
4182
9430
3485
8615
6740
8917
647
9338
4086
1064
1709
4091
519
3565
2136
6184
8539
3088
4697
9706
5223
4165
336
3125
3449
2563
104
6755
5589
1143
1966
8421
7484
6335
4826
5388
4299
1452
9719
3602
8167
7637
4835
9061
1789
8477
3132
7159
3844
3462
9632
7123
1896
8037
2640
1928
3290
8682
2579
4847
9749
2697
6442
9424
5444
9493
4024
7126
7737
3365
8000
1779
9219
6643
4681
609
6518
5082
2797
8177
7512
866
5919
1355
6370
5743
2715
4274
975
4021
3287
8899
155
3084
2092
3505
6544
5852
7257
1577
1225
1495
3193
8165
7580
4891
7030
1026
1279
2154
8956
86
9527
6260
2891
6320
8365
632
9744
1562
3461
1360
494
1573
9790
8352
3793
604
2475
8775
6983
2612
1418
2646
9308
1262
8653
1390
3586
4485
4994
1185
6436
4926
7246
412
556
3800
4549
765
2853
2372
8457
4427
3154
1984
479
7244
9691
4434
9133
9165
772
4850
4368
4734
1598
2087
8256
1488
7266
5050
6505
3215
2764
4518
1316
4230
3906
2208
2707
1762
2352
7872
6847
4885
4168
1471
9866
8883
3751
8376
9689
8312
4201
9738
4859
3002
5172
1240
9921
9379
3534
1317
9643
1808
3300
225
8715
3427
3547
787
1502
8701
260
6316
3248
4817
1318
6211
4398
2737
3944
1358
512
940
378
5151
9555
9792
1970
2396
2948
3886
4296
9626
4756
6399
5242
3030
4608
2953
7843
7947
6982
8103
2852
4990
3237
6393
2401
7720
8011
3108
500
6088
1728
2089
3085
6700
8431
2983
8294
888
7071
4283
780
5143
138
8420
6268
2528
2290
653
6462
6408
4825
3573
8414
8328
3372
1512
2694
235
8381
9271
1114
2918
1078
8671
2395
1228
8891
6057
5437
5671
6223
9434
3861
4737
9431
91
4712
6725
2634
8844
7537
6579
4592
8186
3864
9534
2114
2602
9174
9190
7491
7944
6
5785
9536
3871
8481
9511
8998
6679
4138
5038
4841
3527
1009
6283
5543
5016
7351
3588
1151
4305
8617
6456
2984
1648
8362
1837
3813
8975
153
41
4587
6893
1697
1397
9621
5338
1732
715
5287
6914
5229
1508
7936
7169
8261
7130
9575
5688
522
3498
6447
9903
2483
3764
6827
4210
7707
2743
3953
4356
7586
579
3175
2580
2357
898
6100
8725
6295
5417
8240
5941
960
5026
5681
2813
8119
5489
2331
8747
4065
8931
6902
5118
6081
2403
5971
8991
1120
255
2439
9495
9442
1910
5546
2159
2138
2009
2248
9142
8543
3328
9954
3393
6923
7836
7831
9695
6004
2370
6607
7171
2781
4055
9203
1629
9584
1209
542
7376
9646
2648
1234
1244
8017
8700
4536
9519
5102
2705
7800
4496
8974
3474
3571
3047
5267
7054
6035
3429
3618
3123
240
263
8809
4335
3270
5510
7554
8349
1119
435
6852
7024
4609
2113
688
2624
4730
7192
4647
7995
1644
1866
9425
8115
1322
5487
2838
5838
1118
3663
1486
5535
9489
7464
3546
3255
8819
1208
9888
9758
100
504
7402
9499
3448
5005
4043
1479
6267
4831
4743
8983
1509
2385
9786
3186
5100
5731
9971
1832
2263
6917
5881
5866
4343
7575
3009
4531
8388
4386
2341
1786
3057
8004
5041
5602
88
9629
3259
7898
9480
1742
9152
9041
6414
4371
8114
482
8001
9010
6170
4758
6494
8402
1924
6770
2684
1726
7378
8941
8072
1200
7561
2769
507
227
5153
2420
5492
634
6542
9019
2044
4224
1085
8433
7745
7343
6728
9684
5982
7017
5148
9477
6262
9542
1711
8746
8510
7229
7399
6234
1152
9733
1874
3493
8706
8916
1705
4881
9894
6553
669
3686
3029
171
333
6328
6547
8546
9187
9896
6440
546
4866
8096
7142
2387
1827
5190
2449
5125
6671
4363
9898
8684
7095
6367
5883
5405
9050
2082
5676
9936
7477
8478
7823
9716
6490
3516
7552
7439
1965
7730
4763
5882
1438
8331
6104
7458
2214
676
8513
1858
2643
335
9839
7770
9970
7496
8898
2175
2213
6965
2536
701
6754
3243
3839
1765
7055
5895
2386
7589
9522
7298
195
7837
4937
5659
3704
5990
3080
7099
536
7486
3575
5542
9266
1421
4650
6622
7814
6051
5295
6171
6519
9583
8854
2307
8669
4012
1660
5293
7849
8166
7003
392
1353
1722
9544
1413
8292
1823
6248
6206
7070
8471
1587
9627
9722
1758
7369
5283
4425
4032
7223
5430
1719
5801
3931
6432
7031
1024
6602
8275
2595
2745
3733
4005
1051
1122
3424
6387
1844
289
6854
6603
7722
9765
7897
8707
6954
3502
7307
3636
6147
6394
5030
3301
3363
5058
7426
2960
2545
8939
1790
496
9257
2258
9246
2986
5519
3333
1531
1211
9460
4938
7797
4652
4290
3258
5810
9314
561
2584
7240
5888
4121
9873
6491
8960
6665
476
3993
3657
9307
2312
4340
1099
3722
752
5604
5464
833
7356
9025
5201
9014
6867
9154
9464
1882
8257
311
4974
4331
8382
2264
8160
5775
1592
5272
1857
7974
6948
4329
1428
543
1727
495
4773
4352
2958
8350
5629
870
4188
8168
8677
7334
6507
6832
8310
8089
844
3958
927
4039
6452
9983
8209
8625
9476
8877
1563
6804
9103
1302
6658
6772
271
7765
3858
618
7435
8385
9867
6372
2543
874
8246
6175
8373
8354
4179
9134
1880
9358
5025
2146
7832
7952
5112
58
1782
9685
9651
2607
2856
9441
3539
6471
3897
1373
2334
6402
872
5407
9620
7255
257
7980
7635
4834
9031
2599
9730
421
3116
2660
3834
2510
6407
777
3996
8404
8564
2844
663
5824
2220
7670
4387
3771
3579
5748
3987
7508
9104
1816
1843
4564
5664
842
3032
4477
9854
1131
7128
8855
4303
4669
623
3268
9102
3728
9356
7571
693
768
4913
9097
5411
4530
587
6129
8323
5381
8836
4686
6148
6190
5035
5415
5359
6942
3981
7775
1226
6181
8321
2235
2934
5860
54
7629
568
2514
1396
1478
5615
2204
8551
6323
6135
7406
9824
9543
9439
1834
1775
129
6000
9112
5250
6930
9280
1036
3090
5508
3103
6225
6082
2407
9987
720
1792
7469
7476
6489
4931
3222
8154
8712
3398
7205
498
4004
7983
9612
9346
1175
7852
7668
5936
7933
525
5339
5249
8133
126
6905
3634
7882
5853
9009
4948
3633
1128
8137
5738
3355
8298
1914
9176
3073
7611
5384
9570
6250
8035
9919
1846
8300
5117
9521
7018
2784
5920
1220
7451
4436
2573
8437
7202
3974
9008
8806
9696
4442
8857
6056
8526
7237
7972
4074
471
3148
6426
2064
3557
2469
4438
9347
4354
4558
2435
121
8288
5915
39
3838
1788
7100
8570
2915
5739
6345
1117
1357
2597
3791
7390
9617
2930
3880
1233
1869
8171
8624
3071
7551
9808
5328
1996
7811
102
8156
7987
1305
1375
7345
5368
7083
7253
1367
5226
7693
2273
8242
8582
5992
5275
7041
5675
8521
6654
3378
909
3747
9600
3369
1320
8993
7236
9272
9926
7198
4565
2365
4811
3503
1419
8632
8802
3358
5347
9644
2137
1535
3233
8735
6646
2139
6122
4644
8364
6216
8894
2649
4330
6041
8204
646
5374
6815
8430
9433
1370
2479
8901
10
3007
5397
1791
9253
3314
1382
278
6343
5950
1304
3321
7086
2018
6512
2217
4432
474
4149
5212
861
8851
222
4532
2108
3920
8366
9216
2944
5908
6624
5367
9182
4195
5924
7463
2084
469
9362
3035
1025
4912
463
6703
9251
2455
3629
6033
8449
5500
7619
7408
8900
6649
118
219
4419
8502
9783
9946
3812
6730
4175
7176
2383
5593
8480
9279
8878
3695
9098
6745
2399
1285
2636
2713
523
6118
9072
8336
731
4455
1468
8744
2002
8482
3016
8722
1252
5040
2504
6409
7431
8595
7796
2976
4663
2725
1010
6683
6124
164
6075
6217
6537
6577
9882
1042
7280
6934
2477
6418
4124
71
2104
4996
2641
3582
4189
3865
391
3072
1086
8942
4136
5009
9296
7904
7173
6319
7708
6352
5802
8348
5814
1893
9703
5745
983
5022
9618
8358
8968
6377
5131
5536
9664
9334
5781
1482
8820
9883
7640
5598
7080
8244
65
3182
5516
3644
1530
1634
9812
6288
528
3705
116
491
8259
66
452
7801
4480
8424
5581
6152
6314
581
619
1138
9022
2854
2492
1460
7941
5648
3454
3822
3572
3209
8188
4418
6266
8571
792
2253
4568
1177
362
6265
9070
7375
8979
9893
5776
2952
5791
2293
4100
8304
5144
1303
6172
4577
520
2229
1557
3752
361
3092
8489
6952
4166
2164
486
4325
8923
2905
1632
1514
779
6159
3717
4753
3645
8068
4723
1206
5578
1760
4739
8505
4214
5946
2756
9789
5736
3310
490
144
3647
6788
7227
4769
7957
1052
7427
2909
8839
4889
5806
1817
8544
76
5765
1785
9872
9085
4443
8880
2809
7172
1409
3552
741
7273
8845
7567
5466
8097
6567
2981
5373
1023
1391
8995
3879
328
5762
4449
7903
9042
9232
7297
4742
2927
7143
626
2309
8163
510
8400
9011
9638
1112
8792
8670
1167
2669
6699
5991
947
4489
2869
2313
9222
6552
5626
56
29
2280
1646
5332
1045
4407
2559
8092
6866
1178
8063
7139
5096
5726
7981
5321
9139
1625
1204
6094
6844
1987
4148
7847
3907
7541
2881
4849
8442
9858
7021
1851
8661
3766
8924
9688
8741
3976
6337
1599
284
7485
517
1974
7726
5712
9360
3320
928
3269
1622
7573
968
1198
8040
5264
6357
344
2413
8905
264
6137
9510
4233
4755
4664
3204
5943
4399
4028
2060
560
3438
4389
5891
5162
3128
9565
5643
7890
4101
4687
2606
708
7001
5449
5728
7701
3039
2063
1923
6639
6022
9214
226
80
6959
2972
7074
1981
6892
1702
5988
9282
3600
7199
7699
3230
2085
5768
3028
3882
8228
1187
8703
4123
4463
5609
7235
8308
4515
7652
1463
299
7455
4674
5109
1545
7509
8711
8827
4227
9211
8363
2601
2351
2061
8716
2197
9767
5399
1000
1108
7066
7779
9503
1548
7961
456
3754
9663
1597
9106
8289
4495
4762
6063
408
7960
2603
9770
8969
4777
6097
1879
3925
423
1990
3576
3558
8525
6209
1004
1089
386
3522
4548
6623
7045
4391
2255
5863
384
2456
7696
4789
5263
4282
6274
1335
5375
414
7798
2655
6162
1309
6912
2320
372
2831
744
4655
8423
9930
7234
8122
2859
8771
3947
4781
3918
4824
6353
6016
5645
9821
2826
4271
2671
4875
9529
1032
1326
3015
1436
2006
3934
7528
57
365
2604
2750
7739
7892
359
2633
2835
3937
1080
3669
3499
644
735
6380
4216
4245
3559
9088
7208
9674
9868
137
480
4285
9658
9676
317
182
856
2366
6444
4991
5607
8418
2346
9178
5439
2283
3968
6012
1470
5254
8022
726
5907
8574
5474
7114
1916
3746
1745
1035
4159
3595
5644
6576
230
3019
8372
3292
7687
8248
477
4405
8450
111
2259
6276
3829
6749
3699
4902
6215
5334
1677
6212
9446
2959
8207
1906
6373
7349
645
4933
8651
3672
398
5486
3386
4632
1033
5584
4334
8028
1057
142
1997
9649
1427
5635
5963
9829
3541
9376
5877
9277
6988
4030
6500
7505
9500
3046
3831
3
8483
6931
9351
1238
7487
8287
5922
7762
8283
2162
5887
8343
5127
2943
2129
2967
8533
3869
4240
5343
418
169
8867
9046
3441
3995
1564
241
6615
7299
5046
3011
3289
8202
4132
5303
8215
7101
5308
7020
4645
5476
1336
8270
2310
8553
1744
8057
7791
2701
6687
2513
9320
1140
2845
1255
4444
7363
7666
8655
756
7636
7686
3455
2410
4832
8199
9384
3811
3715
3504
4289
3878
3598
7338
1227
6757
7160
6342
9848
8368
1738
1904
8793
3436
2540
7860
6309
2686
6580
3492
1054
6606
3955
6686
5545
3153
9557
2700
6302
4794
5872
9763
658
9405
6066
6327
2433
28
6294
2377
6007
2996
1384
5672
5889
8443
8609
4022
1040
1795
9301
2631
170
2714
2609
1219
5266
315
8463
5995
9087
6308
7519
1264
8594
8410
154
9520
1351
397
7600
8826
3753
3961
9711
6430
14
3383
9986
9683
1328
3095
565
6155
7949
9729
3520
1618
8737
2779
8822
7409
3351
2532
1519
324
9123
6469
7690
8912
4076
3814
4836
7370
2698
728
1144
8015
9206
4072
5940
5034
1678
218
3180
3127
10000
8102
6369
409
606
1166
7649
9475
9905
5462
9977
8779
755
4694
2391
26
5683
3581
3720
9541
1030
5053
7188
9438
6269
746
8203
4332
4401
2004
9181
3927
2842
6528
9551
6381
7613
4369
8501
713
8600
2180
2446
8608
7918
7303
9912
8226
1021
7605
4461
7758
5215
8282
2398
7653
6470
78
8591
7926
3339
4113
3893
5088
7413
1944
4092
5894
3283
6888
2525
5856
8181
1221
3551
1018
7763
9024
7709
254
7387
143
4727
8856
3200
5007
7513
6365
847
8654
3569
4611
622
1952
6125
3836
683
1659
6849
766
3165
5150
2596
5867
1580
1883
2098
3687
8082
5135
115
9897
6130
7184
8357
107
2171
430
9996
790
6453
4221
7287
3110
4760
9815
1334
857
203
5978
4671
699
7057
6750
9221
6008
7655
612
1541
2038
9016
4665
8464
1323
2021
8179
9322
8767
9990
9753
4628
3076
52
5725
9093
6119
2516
5262
6497
1271
3178
5418
5954
3435
5075
1939
4599
3625
5859
2329
8762
8963
9835
913
600
9787
9478
7645
9645
7398
7746
8143
9943
6356
7383
5443
3218
8529
5093
3991
4547
3446
6318
9029
7174
9045
4984
6417
3712
2557
4016
185
8170
2274
5912
5632
3910
4171
9859
9885
7997
5979
7977
3345
5833
4183
8783
7712
2221
8657
7140
9918
2564
1855
2161
5773
4056
9420
119
4896
4718
5137
3563
5620
7633
7245
4876
8180
8084
5447
6165
9615
3187
6771
4193
3146
7501
2818
976
4263
1082
1439
3061
5650
9778
3366
7186
7532
6684
8936
8947
7277
4749
5499
5057
4137
6166
6595
2850
6951
3157
7482
5327
7830
2005
5465
816
6132
4259
196
6825
7679
8507
4542
9870
8602
2997
8509
3667
4062
7381
5123
1193
1635
5261
6285
2316
2727
6526
1028
8243
7216
4026
5651
5968
2254
1261
5588
7450
3521
1901
5037
55
82
770
6218
3330
8573
8766
685
7913
5220
936
3374
3480
9563
578
9273
8493
2505
4497
1132
531
3313
516
2178
4502
6461
3749
157
2303
7547
8873
9185
12
717
4976
6609
9537
1205
1191
2932
603
5938
8129
1307
9701
3443
4058
4615
6034
8943
614
370
1179
7818
2594
6242
6183
4087
2463
5481
8511
2547
3956
47
9774
2523
9585
2233
9352
4526
5421
5654
4327
7420
5823
825
4096
1915
6845
77
5216
6775
9985
6704
2238
2542
5098
7196
9488
7373
7996
145
1848
667
7556
9413
9613
1776
3251
6653
987
1862
8085
9419
657
4844
6961
7131
4164
5027
6102
9359
7599
4070
9913
4534
3484
893
2556
8060
2037
431
7864
1135
4364
5455
4450
547
6900
5132
2110
5385
5156
2321
6153
4437
6258
911
4090
4222
8837
6151
9923
3311
1196
4321
9492
967
4246
3122
2155
2992
4414
9748
1272
9140
1590
1188
1137
4064
5429
9530
2419
2284
4111
4133
150
2240
7979
1461
8398
1884
8730
5633
9394
5445
3142
8227
9562
3978
2295
4390
3982
6058
8272
9260
7713
2091
1651
3189
7162
3225
9944
5520
1201
6315
3483
1493
7548
2873
2642
4672
3574
7767
7989
8389
3517
9313
3359
2503
4605
6257
4691
1741
9213
5807
1001
5587
8454
2973
8932
428
4809
4720
5786
7466
6195
8790
3430
9412
5619
5033
3038
5470
4544
3776
6307
6853
369
8889
4020
9426
4464
1801
2506
7531
6992
3291
2250
8099
3892
1991
7454
199
3772
4981
3768
9414
8597
6872
8222
7959
3392
3649
3544
3578
6777
2066
6711
8680
7122
3079
9652
8218
5830
5318
3780
6459
2746
4884
7497
2899
6721
3895
5452
2207
9751
3845
1652
5792
3340
7270
3347
6271
6282
5393
9223
331
3583
7564
5243
1236
1932
4018
8562
9678
859
590
8610
8962
3862
6762
6083
7418
9427
9084
5055
8234
6805
1183
5090
1242
5080
4208
4066
6464
7749
7894
1408
8498
7557
3060
5193
8274
7238
7627
8620
3183
2072
9955
2733
8937
6060
1267
3888
6386
3651
1949
718
18
6660
7258
9806
1821
9166
9571
2744
2203
6890
7925
9127
1126
5521
1523
563
5111
7490
6812
2917
2378
5479
9002
5985
2627
3903
8335
8843
5836
1953
4423
678
3643
7808
8554
13
5145
272
4660
3181
1441
9769
4447
404
3795
2974
8727
8831
3149
3162
7678
6659
2989
2001
8523
8583
8491
5550
9727
4735
7615
5904
3972
9092
8426
7002
9933
3282
7969
1670
7319
9842
9927
9591
368
159
3655
7717
4641
6897
886
1231
6791
8026
6758
6803
357
2971
379
8200
5342
5133
3854
9274
3770
9188
1922
4080
1109
4604
8955
6906
4422
8798
1096
6870
2474
1163
216
2678
5289
6587
6483
3885
4322
7549
666
4528
6989
7077
9498
7118
5130
2425
5625
6950
9336
4307
1319
7740
3373
3273
852
446
8829
2493
5601
283
8494
8791
7638
9514
890
3973
6588
9267
9974
2558
5177
9167
4883
4144
9370
5187
4966
9483
5335
8604
6883
3818
2311
655
6136
764
64
4942
2990
5928
904
9252
2363
3432
2131
6333
5260
1833
7621
3999
2145
7438
6466
4088
4858
3819
782
3431
2379
377
8966
8434
8640
4725
5709
130
7951
5682
8014
2751
7156
6443
5962
7267
2194
3568
5653
3530
9158
4932
7525
521
3315
2127
8058
1895
9997
1993
1985
7391
9869
6674
596
6231
3555
4054
1269
7685
729
551
8800
9507
9437
7937
1022
4452
8589
6304
9611
6557
2605
7027
907
4601
868
5029
7625
1838
3475
5837
5428
1691
9183
1485
8075
5996
7647
2467
8090
2065
4642
9052
1960
9311
7673
8536
6011
1537
9189
9991
1950
8252
8913
8027
1194
2709
5533
5798
597
4545
2429
5679
5236
5896
6246
1584
3242
4909
9243
5484
5893
4813
4241
3847
8245
3550
2269
5268
2299
5646
9670
931
4593
3792
566
3150
2520
9593
179
6395
5504
6098
1943
8191
1841
9504
273
4815
9109
3460
9820
1395
7559
9580
3211
6203
8050
5937
1449
5966
3381
9793
6496
4376
3512
4539
9924
5855
2969
8263
4709
9752
6334
380
4252
7657
373
3082
9547
152
9295
1540
9609
2747
858
5404
1446
5570
1378
7506
9396
8988
1642
9966
1288
4008
602
4746
9333
2936
2554
9077
9241
9453
210
8113
5885
8946
1371
2497
2511
1875
6735
6406
883
1352
6351
7325
9195
9387
9021
3803
3408
5128
3898
349
9017
1929
7479
403
3707
7364
7885
5944
1321
3361
2829
6608
5879
8503
2878
8868
6019
1551
5959
8307
2739
665
3240
966
7278
3172
3096
3304
8173
7688
7132
4807
8290
5400
3967
3870
4279
3296
4128
3274
5257
8106
4071
6756
1571
754
3837
8970
8918
4790
7317
5377
2106
6524
2645
3564
5
7111
35
1504
9938
7626
8320
7971
7833
6150
4311
6761
6366
5278
3174
2999
7314
4827
4451
5577
6628
8940
3091
5019
4147
5553
7221
3312
5506
8314
83
1404
9999
5176
8187
245
8748
8870
4765
4468
8278
9289
1641
9230
4677
1755
2445
7072
3805
6584
7332
7125
6029
4229
6751
3807
3594
9679
2548
3826
3543
5213
4176
9797
3662
2490
7104
5512
9255
3375
2130
7772
4178
1110
8903
2188
6555
996
1002
5875
9432
3560
5467
1917
4670
1633
524
7271
7695
2748
9342
6765
325
3459
7453
4116
5353
7310
6566
6454
6341
6922
232
4473
9622
9532
7093
935
3620
2946
8217
9121
1346
3390
8007
4656
1337
1631
2337
5456
4267
8663
9385
9771
1710
322
912
5524
9901
40
2773
5014
2621
8982
2687
22
3740
2103
3809
3501
8676
9606
108
1462
6635
5232
8823
8558
1123
9737
1566
3985
2961
3710
1871
1888
5952
4950
6786
1483
6600
3943
4607
798
8008
6038
7563
6186
288
208
6164
5074
9137
6690
6669
5379
8527
541
599
314
4602
4865
1688
4557
9184
7834
3445
117
4676
6631
2168
2692
9694
2097
9669
1501
8359
1076
637
851
7193
1062
7493
5780
8997
1665
1900
8616
8572
6941
6478
6062
4424
7773
1260
2086
9270
3476
7456
9773
5949
2400
8517
6154
7877
1912
4699
2617
2187
4231
4143
9269
7546
9292
2531
2029
4508
3210
3952
8041
6842
2231
6727
105
3531
3635
922
8042
2246
800
763
466
7440
4339
9809
8920
8393
5909
4317
183
6531
1416
1740
8339
354
7734
627
9741
4304
7243
6980
7250
2736
8794
3537
7939
443
5948
5299
9076
5787
9063
760
9803
899
3410
2116
5044
7181
6446
8751
1730
1743
1273
8118
2651
3130
3059
4882
9284
794
4646
4871
6026
6908
2849
801
4069
7603
1845
3587
5655
711
9406
1861
9055
127
1016
8025
6189
4673
7889
1505
2735
9796
6261
2807
910
2115
7733
6640
7281
9496
8078
7078
8377
3244
9374
3951
6764
1963
1333
7777
5771
2073
9505
8140
1327
7853
1591
5480
1410
316
788
8547
1258
2912
4315
5902
4319
656
7828
4988
705
5106
8886
4453
9964
958
6738
2570
4023
5003
6876
5685
4757
8691
9099
1006
3336
5284
6473
3775
7689
4946
2710
631
7044
1377
6114
6718
2661
9603
1723
7751
6050
5337
9572
1865
1604
6885
723
6272
3853
993
1605
6256
2834
6143
7124
249
427
7110
1311
3262
6439
8185
7574
4745
5926
6224
3302
181
2638
3911
7760
9661
6920
7530
9091
3592
2758
2102
1812
6739
3661
3288
4903
7060
5196
3675
8710
1230
1685
8764
5614
3500
9851
4019
7279
7214
6743
4951
73
5666
4710
2752
1807
9317
7155
707
3342
4439
9588
3843
4355
2448
2315
6712
2183
9517
6457
8216
4261
7062
1849
3471
9344
4256
6752
513
1376
2565
1980
1405
9448
3201
6264
4667
9409
8351
5495
5419
6955
9794
2590
1511
5149
2907
9781
2858
5049
2600
9168
7651
4228
5518
1673
8444
2473
5662
3694
7993
3929
3411
1380
5812
5069
9043
811
407
1498
8639
6298
8618
8296
7051
1249
7909
6180
1764
1768
5142
7384
6838
9666
2693
1610
5744
8709
9799
5763
5880
8861
1507
9423
677
4160
5425
156
2348
1809
6374
9855
3556
8679
247
8986
9410
4346
3070
4115
724
43
2498
3067
1065
3988
4347
1406
2166
4818
4688
4982
1087
2
4945
8032
233
488
2324
1628
173
301
2867
5228
8989
1645
617
9605
2105
6354
3151
2587
4679
7870
6611
8221
5307
1459
6678
3120
8629
848
5750
2059
7542
3513
6485
9349
9875
3994
7675
881
6049
4916
2421
9598
7757
2623
8535
4475
8621
1202
2408
3045
4852
535
2071
1145
949
7154
2987
8542
172
3627
8683
2796
7190
2578
6663
3790
6784
6413
8161
9080
8318
3626
2464
4042
1547
554
8623
4203
2019
4626
4910
2841
9156
7680
9228
2371
5530
3412
884
244
3850
1170
6884
2241
7462
5139
5195
6362
2920
1600
7550
1093
8380
6286
7115
9357
7422
367
6516
5561
1190
7327
8146
1907
228
7097
6036
3152
6241
9553
5274
9226
4093
2898
2257
8353
6117
7812
2192
184
5594
9832
9599
3208
9952
3939
6747
1542
6115
6111
3107
2191
9876
5757
2868
999
4103
285
7931
3608
1526
1098
8599
4510
5259
7445
6322
5296
6389
2195
3252
7352
9747
1411
3433
9471
1813
7372
4010
3788
5485
5555
4
8293
7311
1603
5191
1899
1445
7305
193
8598
346
7386
9392
7379
7788
7816
1864
4995
3190
503
3246
6582
9662
1174
1553
1487
9647
8787
5552
7052
6079
8781
3842
4129
4570
2675
679
1248
6828
1276
1161
9130
5569
2041
4792
956
8062
1560
9932
7623
1237
8487
7642
2968
136
9802
5047
8036
6744
5585
5782
3745
3451
3179
7617
9630
5770
6259
7614
2614
6598
6158
1527
3542
239
8387
5042
8611
7723
5378
8045
3332
7991
3037
3177
2524
1596
7912
321
9145
4606
8721
9975
580
8673
6935
5166
8416
5583
1830
2561
2650
1759
7263
6236
2428
6833
9036
7495
8079
1243
7043
937
7242
9474
3881
5951
5239
6973
9822
5071
1556
757
3690
1947
4513
1314
3773
6396
827
8832
7035
3439
628
4089
1455
5634
3859
9171
7058
8992
2350
4901
1617
7661
2075
4219
2031
7609
3721
8656
1181
9914
5897
2242
5549
3815
808
8169
5630
534
9327
9451
8277
1696
2791
7056
3033
2776
4853
4038
7365
9768
4553
1101
7895
5246
1797
1484
6570
3027
6551
4079
832
4277
6945
3601
3135
2676
7189
584
7764
595
954
3486
4001
1667
6107
4658
5994
2672
1277
7141
9556
9506
9443
8801
7664
5341
8718
8515
2928
9361
4146
6705
7682
2657
7998
2866
3018
3921
9060
5661
9871
3309
6938
7324
3654
8872
2576
7748
4728
5015
7446
2404
5189
5547
8435
8182
2288
5737
234
953
1090
2897
1528
3902
9462
4027
1492
7990
3384
824
3232
6023
7795
716
7518
694
2480
1142
7471
5414
6972
7900
459
4411
3425
5612
5713
7452
963
1081
1338
8206
7534
3596
6254
6013
9782
8630
9033
3115
9089
1342
8814
2659
3086
2356
2375
6962
7232
1330
5165
8739
7935
8255
8726
6169
7150
3640
4232
5591
3769
3140
5740
8965
5719
483
9120
4634
7029
6358
5091
8776
3376
1680
1925
2911
6508
2765
4581
8159
7780
2569
7183
2512
6759
5472
7650
6204
1083
9501
2950
569
5714
8158
7329
4715
5010
4959
6863
7239
8101
736
9604
4153
3624
2179
6513
3979
639
3738
7470
5764
6781
9028
9321
2093
6338
4877
6610
5820
7663
5917
1703
4964
4590
4353
5977
420
6925
2803
123
4365
5523
8759
6324
4286
2502
6472
7231
390
1506
8023
3762
5623
4239
5313
5600
7262
5060
1854
5398
4397
3604
570
6806
1574
6800
6239
8311
9463
4915
2780
6401
8626
3056
2667
5821
2215
9667
8890
4349
298
625
5795
7871
5538
4048
1041
2860
8686
3833
6634
8088
719
9035
9671
6330
1447
697
5839
8688
3280
59
9278
549
231
6235
4302
9447
853
3083
2670
8309
9069
5147
7158
250
6064
4904
5129
2872
5721
6558
4083
293
2699
8394
8884
5323
1829
3202
4199
5846
5956
6675
3490
5616
5933
5617
1516
5348
900
8906
8749
7220
8009
1097
2014
4633
192
919
9416
3660
4895
3725
6247
2723
2228
9138
4211
6953
2423
1017
7973
2460
461
5760
4395
4248
771
2591
7865
3889
3689
3685
8732
4430
2630
3147
103
1737
8333
9602
2232
6856
4051
330
3114
7116
5170
8077
6245
6445
9323
7326
2081
8262
5288
9179
3632
4736
9628
5210
198
4733
5182
2079
9368
3257
165
1134
1749
7919
9862
7022
7007
3306
3554
3708
8452
3196
6667
1876
6080
9594
7416
877
3825
3100
9595
8322
6681
2962
3370
7639
4556
9326
6859
3388
7203
1107
9153
4234
4886
2261
2095
5573
4622
9148
9293
3786
8850
8408
4908
8121
7845
4812
305
1246
5670
6731
8374
4597
1972
9020
5126
8560
3597
7669
3824
6421
2484
444
986
1491
4258
9170
6736
4492
2680
9965
4840
5513
9709
9849
8642
8580
6039
4040
1291
8260
9160
6178
761
8189
400
1942
7241
9132
9027
2277
4522
8638
8066
9150
2975
6670
3642
6226
4310
1451
4629
8286
2839
5652
4408
6869
140
7407
363
5532
4394
1716
7710
6281
5741
8213
2942
101
6907
5256
1048
6886
2499
6793
4778
3382
5298
4000
3001
1662
6244
5973
5548
6074
2190
1522
6131
8816
1124
2489
2181
6219
5828
5073
3042
7503
3659
5230
9754
6753
8567
1350
4706
5845
7269
9479
7510
3683
4506
2468
7294
8871
2774
6475
8964
6415
3421
7367
7088
7135
9200
871
4393
9840
3021
8777
1027
803
251
9574
9687
6672
9345
5410
6889
9110
9552
3220
3849
8428
4247
3368
7164
2322
7994
3781
8338
2279
8835
7079
6112
4409
8476
9004
4306
5758
1347
187
146
7821
8681
4388
887
3577
7146
1039
977
9316
7592
6391
6296
5244
9723
687
1443
9263
3426
2270
4623
2296
7838
4989
1842
7781
4971
5727
9861
675
734
9636
4223
98
3241
9457
4784
2266
8799
9363
850
1216
6716
1962
8371
8018
3908
4690
2330
7683
4585
9113
5371
9937
6776
6877
125
8549
3034
2077
9324
5021
4651
8566
7264
3349
3276
5136
1162
4272
834
4724
1091
9984
9287
8279
7878
6774
1810
6543
3145
5732
9582
5240
8540
4077
5032
9745
2046
5746
8445
69
7033
9972
2390
6072
7906
7069
9692
9288
8043
4466
8268
615
3727
7774
4927
4260
6120
7197
9980
237
5972
3674
8731
982
462
3066
5783
4567
7982
4075
1620
6311
9968
8694
8978
1210
929
9058
8124
8830
1113
4512
2461
672
7922
9902
818
1130
4873
8902
6835
2919
8109
2397
4973
1480
4445
3817
3519
990
6024
1909
5556
5006
4719
1068
3679
8145
946
2125
4194
2539
8808
7256
8297
7153
2674
9648
7405
7672
5441
9686
7792
274
3013
8911
4874
722
2753
901
7063
8649
7092
4288
3050
636
2696
9731
1111
1695
7247
7590
3040
1176
2822
3138
7752
3452
6437
9639
3265
6688
4992
9637
2921
3515
2047
8945
2144
5747
7523
2022
925
3703
5697
7568
2234
5376
6292
5450
7177
7320
3346
8417
8315
8818
300
8319
9524
7340
8469
831
5886
1141
134
3129
3267
6105
8774
5730
9760
4905
2879
7013
1674
8144
6568
2871
5945
7881
122
8453
2566
5200
2169
4702
6651
1601
7618
878
1513
9548
1770
8824
9209
6695
8577
5605
1212
8504
3648
6862
3567
3087
9925
2913
2186
5695
6901
9094
5834
9958
9244
3219
2032
7168
7210
4484
8230
2875
1975
9908
6486
7423
9377
8958
6927
9755
5052
7976
3778
6410
4006
3064
405
9823
7794
6146
9328
3666
5708
5667
9673
6514
2193
8666
5778
2728
8954
2722
4692
6641
3835
9697
895
9482
4631
8301
1919
2349
9949
6368
835
8225
7868
9365
706
6601
9310
4036
67
3612
2804
1019
6545
1750
9220
9757
3352
7632
5159
775
2251
6054
577
4527
5794
3341
3281
3058
7569
1826
9268
796
2585
4107
6177
176
467
7697
6937
3168
5684
8760
671
9947
8866
1687
6813
9388
1154
9801
9631
630
8985
2933
9939
7747
3540
9680
2017
2616
7855
3603
4385
7401
3696
1934
6532
2706
7577
6689
6465
6696
9978
4085
6763
9844
2011
268
6899
8915
6993
8659
4050
9197
3221
7841
2482
7705
3928
7152
8210
1636
2806
4049
6451
7784
2344
3680
1721
5876
8952
9436
7768
4380
3318
6795
3102
2654
6287
2613
1676
6714
7157
294
8693
6652
965
5420
2067
7081
6068
32
9886
501
4668
8176
3808
470
2172
3403
1818
7644
3404
1058
8280
8838
3724
2501
6798
85
277
2157
9699
3161
8486
4799
7147
7802
9115
460
4975
3420
5942
8276
553
1692
5799
9909
7292
337
7805
8239
4381
2120
3465
902
8108
2615
7096
3245
1521
174
158
2124
7502
151
3664
4342
3041
8996
9518
5967
567
6673
8892
3453
3389
2140
6157
3159
4779
6618
2411
8786
9007
952
5611
5422
8238
8516
4529
7129
5066
4378
4625
2219
4842
2555
3303
896
5759
9672
3298
2951
9633
4348
608
9149
5059
6723
16
6873
2100
6592
5961
229
9364
4114
3714
4614
6084
4269
6586
5285
6996
5105
1701
5270
5326
2101
341
2778
918
3205
1881
9090
7520
9961
8233
6433
4067
8250
9732
1681
5514
4295
1902
2717
4560
9350
3593
7201
9239
6077
6997
7660
1400
1977
809
9967
9298
473
3855
2394
3782
1295
8136
5054
2993
2896
1172
1003
9119
4002
6535
1657
8356
8111
8951
773
1060
9950
5028
1180
7127
1169
9236
3400
6123
1203
4265
9750
6605
1747
2639
2080
537
7137
8361
8201
750
8847
376
585
8016
487
3942
2442
5390
2537
4377
9994
5247
3481
371
4653
5468
9766
8740
9083
2719
538
4202
5796
6968
6575
6331
1458
350
3118
806
8439
6943
5871
605
5336
6769
51
4855
5061
4598
49
8196
3428
4015
4457
292
3868
8925
2677
6073
3678
9931
4726
5160
7362
7628
2452
7134
3247
8472
7457
4345
44
2271
9208
8742
7658
5454
1926
302
8605
7133
2586
2900
6484
5975
6783
6076
8148
8865
7204
3192
7727
5300
8093
7161
2801
8909
8750
740
8593
7396
6546
1594
5276
1394
7167
355
5541
5297
7810
3469
4588
727
3744
8696
3231
9401
4045
7766
6748
2855
7215
8214
4911
7403
1693
7249
6273
3874
4207
1437
1725
270
7430
194
8447
9700
4276
1341
1905
9942
1239
5121
5969
7323
5558
7761
3236
1778
9956
2306
106
1265
2003
6896
1890
2789
2754
25
3970
7006
1867
6091
5167
6030
3143
7789
42
4685
4081
1822
9261
8462
9040
6768
545
1268
9805
9329
7681
7091
6108
4695
1806
5077
3652
6499
6985
4105
3580
7756
7677
4318
3048
6403
4716
7499
7039
4917
9294
3299
6629
3344
3605
8496
6028
3606
4204
730
2057
1148
19
4869
8237
2560
6636
9776
7036
4940
7259
4785
6864
7728
3806
5640
6099
7444
4359
1712
6504
1998
2409
9193
9982
5564
5198
690
1621
5002
3940
96
9693
2121
50
6278
8012
7117
994
8355
8863
3216
6326
5753
8842
4684
1456
9962
2788
9403
8719
6052
5219
7144
3684
8563
4523
9940
3726
642
2326
6090
8409
3932
2768
574
7539
1150
8313
2418
564
1891
7602
4186
4478
1889
3482
6390
9003
7545
9237
791
4499
8123
4819
4073
5603
2991
6779
4384
9250
8342
5304
7474
8720
5241
2170
5320
6655
6630
8485
4281
9304
6637
6200
4575
448
8013
7799
1892
2450
4525
1986
6554
3535
1546
2551
4190
6156
4856
5253
6732
9546
8436
7511
2877
2901
799
5309
3905
6238
548
8910
9386
1422
9586
2211
3709
6312
2392
9976
2206
3075
4225
406
674
2076
1254
3873
385
1115
2762
2040
9440
3755
1464
1777
6599
1079
6149
3653
5934
4106
1473
9838
7920
3360
8235
3284
4358
7148
4953
9006
1430
7178
6928
149
5916
7579
8778
7275
4979
6976
4851
2436
9117
9023
4999
4541
5183
5835
4118
4925
269
1654
2998
6501
7393
5797
9037
8254
4793
6144
5446
1251
8852
8858
1155
5095
2840
7333
3473
8053
972
7594
3377
8332
2300
2888
8927
2533
3750
613
2185
7965
4200
8874
662
5793
3525
5116
511
8344
497
4722
5861
7004
5905
6533
7731
8038
2893
7498
6860
4637
2812
4046
1106
2367
8627
4830
5869
3334
5840
2517
681
1245
8949
6339
3926
3126
8266
2903
281
6875
7790
9398
5606
1160
6882
9051
9466
2876
4323
8094
539
3590
2247
3160
8761
4998
4462
464
4640
2588
3677
7429
9704
3729
5658
110
6789
2148
8010
2755
6881
2327
4638
291
7851
1469
714
4907
8622
5079
7301
8076
2924
6760
8524
3860
1499
2546
1250
3106
7354
8928
6113
1820
3739
3688
425
6734
759
7566
3052
3760
1056
682
3491
1417
8840
4533
6163
9993
6208
2515
6612
374
6662
5929
7261
5413
7905
1626
6918
9371
2718
8451
3816
4167
5310
2592
8904
7417
7289
5560
5554
621
5531
6668
5017
2708
9963
7312
1497
4708
3933
3840
3758
5868
2941
2994
5453
6887
6214
1287
594
3992
3464
991
5769
5120
957
5440
3477
6005
8519
8475
1207
8784
6427
7978
4774
6534
4402
2481
1734
7562
3014
3463
650
201
7854
4141
319
7380
7478
3957
6691
6829
2811
4591
6479
5993
8116
576
8100
9101
4878
4029
3884
1534
5610
4956
2494
1515
7119
5146
7047
1773
9000
1733
4843
648
4965
4047
1623
7782
1682
3706
8723
6092
7344
8330
8541
5711
147
951
8095
2224
9837
3362
6397
509
8411
3631
4952
9736
980
5964
2589
9614
2451
4041
9481
3051
1684
813
5813
1853
6998
8815
6270
5638
6240
2202
3379
9275
3043
6140
5363
4872
7932
5224
8425
6717
9900
9186
3899
38
5562
5370
9560
1517
7105
7817
8219
1229
3188
2679
9539
2770
601
934
4117
163
2619
9461
5921
8647
4741
7809
5356
4573
4053
4537
4493
3802
8705
7360
6192
9642
9258
8413
5841
3891
5227
6042
8184
7282
4997
4520
9157
544
8950
191
4713
387
4900
4068
8667
5563
7207
4374
5101
7529
7480
4467
6855
2740
573
2343
5355
1184
8334
5478
8046
248
1425
6002
394
1296
4156
2454
4209
4244
1044
3155
7225
4921
4776
6583
353
5522
7516
2209
7481
7630
1247
1650
7624
6055
970
5953
7291
6702
7085
5939
3641
2851
8971
4711
2355
3307
9242
2658
3508
8990
984
1715
3423
8512
7923
8652
864
5557
3510
2342
3226
6850
2325
2880
3774
7958
769
7988
9245
2380
8887
5574
3621
4426
1894
4469
506
7596
7355
1092
1699
689
4392
6880
526
1885
2132
5233
9465
6416
8999
6047
7769
6613
776
1918
2333
9169
905
4297
4920
4796
4897
8120
4061
8773
5459
6778
4914
9800
4326
8391
4572
5809
8613
8131
2376
7676
4955
2668
4983
5582
9577
5803
3909
5491
4787
1606
2298
4892
4764
2923
4501
8142
8717
1859
6400
5848
2629
6503
3098
8091
4198
1259
7165
588
1049
2663
5214
7565
7046
3000
2957
1364
8265
9192
9798
426
9619
7000
9659
1661
1043
4707
8157
4417
2051
7880
9340
8395
6657
4551
5194
7718
9124
4314
6539
4483
5311
6133
710
3549
7706
5749
4899
310
4935
2368
9764
4037
3238
897
6616
8508
6839
2117
8386
5636
660
978
1653
5461
7302
7585
7584
2823
7268
4829
6538
7915
8474
2771
2360
4441
7504
5642
9486
6221
6737
1761
7107
7187
415
1503
2729
4929
5324
5733
4970
1802
8938
6086
8367
1171
5579
7824
4922
640
4717
4280
275
649
2028
6957
6572
4517
6614
5402
8105
4803
8164
4400
5981
6277
36
4958
93
8346
8678
1104
1612
558
1569
4596
3081
2189
3338
2760
9728
6168
6821
8220
2766
7489
5469
1189
9131
9569
3093
680
2438
8803
2012
7064
9601
1554
7631
3213
3194
1432
1474
2882
8379
8440
6138
3917
529
7121
7342
3394
7260
9526
5976
8073
1640
586
8205
8908
8789
1708
1520
5426
89
2249
7361
4837
8853
6904
1289
1669
5204
5698
413
417
3702
2608
3959
9917
8110
1257
2417
3954
3623
318
3139
880
9283
2870
5427
4440
2862
7576
1930
166
9162
3614
7442
177
2828
7759
9714
8466
8765
8003
9502
5596
5134
8253
4944
737
5680
2665
6878
9720
9497
141
3945
6392
3256
7783
3841
5043
6638
3385
2052
2272
6814
9207
8957
3877
9407
5935
9836
5668
212
5406
3718
5618
2256
8665
6121
5621
6841
148
6796
7335
5087
3784
5174
8412
5001
2133
7606
9381
6182
555
6232
7419
4320
9608
2074
2863
6525
620
33
8896
7191
4011
5423
758
845
5138
9807
3697
2437
3199
7711
9817
200
1825
5851
8763
8208
3022
4187
1529
295
3101
3417
3026
7467
9846
7010
338
7754
2388
3350
5800
7692
8944
9256
4954
7806
5903
6729
738
6375
8241
1414
7286
2301
6625
8229
830
3285
7785
1015
6559
9698
3371
4284
1658
2889
4459
2914
745
4820
8864
8490
9312
4962
8537
4082
6593
383
5854
9813
197
9655
3406
4828
1029
9114
6633
6895
3730
1173
5832
2827
7950
7736
9128
4471
342
1393
6017
3367
5154
686
5511
9573
1457
6970
821
3613
2820
1125
7103
5870
6071
5208
4759
320
9096
4110
8921
9702
1955
988
8797
6474
6348
6868
8603
3966
6001
6929
1948
1814
3044
8586
914
4939
9212
2509
4033
6194
8674
8565
2802
2068
8768
279
6040
5354
7170
4212
9549
1157
15
8961
6179
1568
2538
6933
3507
9624
6709
352
6332
9082
375
7316
9795
1197
3010
1570
7861
7507
785
4479
429
3901
2970
8635
6848
9415
3329
1941
5364
2096
2149
6596
3077
5319
8926
2964
3112
805
3089
7276
6529
8692
2611
4894
7902
7075
8795
6280
9668
9525
9576
1565
8743
1356
6746
839
1649
2128
4648
1431
3054
7514
1957
1420
3719
4744
6949
6831
2886
6994
1976
6986
4860
1290
2935
224
4185
920
2007
9068
9960
2361
1581
2008
651
178
2836
6843
9490
1731
8745
3356
9144
2732
4249
162
2550
6420
9484
9590
4748
9948
7437
5678
1476
8340
1059
6911
2837
75
9366
4009
6984
3133
6563
1663
9616
1046
7108
63
2644
979
938
6201
4357
4934
4808
9086
778
9354
1435
4220
334
7543
2236
5628
9015
3810
8059
5209
515
211
2319
5369
1897
4243
8345
3526
924
4801
9224
5822
4814
4507
1061
8614
8587
950
6359
6963
9989
1572
3387
2846
3639
9665
4624
267
2340
3207
8470
6300
1927
974
8690
1856
6301
4582
7887
3467
3915
1332
2466
4705
4980
3227
5756
5641
1774
34
2688
643
4255
9533
1781
598
8383
1381
9969
4610
3440
454
160
97
4862
437
641
484
2610
458
8531
9264
9995
6995
4142
5329
4561
7009
8337
109
9833
9895
5302
8689
209
9865
5438
2471
8770
5119
99
5231
9126
6487
4130
6502
1772
6647
5039
7943
2476
5844
3570
6384
7524
2294
7050
589
4683
802
5627
7019
9538
4226
3450
948
3935
92
5490
4350
364
6693
9641
3548
668
4704
2432
2620
8183
2134
9878
9819
5072
6349
5048
8601
4613
3111
1286
3670
3607
5045
4007
1489
3212
5434
5649
837
8139
7288
4770
60
442
9791
1038
7970
6694
8772
6666
8407
399
5070
7067
9005
4446
5383
5805
9587
9217
2857
4689
527
1575
9205
2965
8522
5706
6826
5847
8070
3875
6310
9173
2359
308
7432
9285
8033
9713
3797
1139
1426
3437
6924
3217
3260
2317
6404
8584
2955
1525
6966
1717
7274
892
6706
7008
5238
2939
691
7593
492
862
4867
6837
1672
6196
1442
8556
1736
742
8631
4780
6027
472
2364
1694
2787
290
2567
3896
1561
1619
4362
8697
5576
7807
1274
8753
1872
3068
3948
6350
489
4158
9610
5999
1153
7940
7226
7724
11
79
4574
7412
838
8192
8396
2695
2285
8271
5716
7032
5435
2485
9979
1824
7328
2664
3941
419
5957
1256
3442
6213
5790
8138
2305
4268
2163
3331
7938
2289
4025
9992
4823
81
3742
6919
5932
5271
6540
3998
6664
5586
7901
2906
2457
4337
8518
2929
280
6488
366
5181
4253
2265
4696
9391
8212
17
7254
9198
6594
2785
3553
2782
5203
3561
7955
4888
749
3989
7732
2938
9449
2730
5163
1063
2790
9513
5081
5185
4448
2894
4738
4868
6573
7272
3628
9390
8098
8149
8914
4474
8458
4701
9210
6971
6644
7715
1292
1014
6879
4750
2406
6967
8069
5173
9726
4162
2980
1217
8055
8641
2712
4589
1898
1794
8695
5372
5409
5222
8175
582
8446
6193
9494
1720
530
1967
5565
2508
7659
9325
4235
5742
7460
329
6379
2582
2223
3487
9775
5816
5696
124
8306
7963
9175
5784
8461
3969
6715
6785
6720
4120
9531
8810
1088
9579
3414
7893
9934
5539
8846
5389
6981
6944
9330
6191
7793
7309
5699
1369
9759
1156
6936
7025
3658
8273
6506
9540
4059
4383
1729
5566
3323
1624
3509
3923
5691
903
1386
5873
5955
4782
9001
265
2281
8074
9831
4134
186
1105
1868
962
2152
8198
843
6562
2808
5305
6025
7306
7896
1361
7883
4987
3610
6336
9863
518
3097
6198
4213
747
6249
7313
3197
9012
1718
3965
1275
5517
1698
1911
4324
5394
6227
7321
1796
9743
6255
7634
8048
753
8645
3787
4251
3830
7927
959
6556
4538
8724
6032
1283
1771
450
2297
5000
4659
797
9712
3294
381
3630
9422
2033
4584
475
2549
3562
5701
3984
5663
7421
8324
971
7744
9845
7857
5927
6816
1448
2571
2940
1266
4768
2314
6550
2453
9881
2034
4772
6578
4986
9305
9306
3457
9818
9951
2150
2749
4465
1136
4729
8658
8047
8399
822
1643
5442
7300
20
6085
5345
804
7098
945
9941
8833
6591
2444
6840
6522
8499
3622
7425
8668
7598
6891
1920
5857
21
652
4403
4215
5674
9568
8644
1294
5382
9143
9592
5527
3497
4181
3004
3971
3914
1878
1165
6015
3743
7357
7954
5494
7414
7073
4554
5925
8303
7138
261
1567
8984
2819
499
1195
8607
4313
1683
6435
2530
9677
885
6692
4206
2462
168
508
9067
3293
1095
8538
4242
4460
4846
9299
5008
9147
133
3691
4312
7400
3711
2865
5141
2443
4031
1850
4985
4698
2519
4879
5788
7120
6089
810
1805
3124
8497
4218
1638
4550
7145
9247
8812
7206
3036
5931
9887
633
1329
921
1453
253
6205
1532
410
6632
9163
6103
2534
1852
7875
6851
4839
942
5094
3012
4180
6014
828
8628
6722
8415
9238
4328
8977
923
6411
7346
1415
9682
9393
846
9675
7217
256
6127
5221
1102
2167
9740
4535
7473
7424
7862
9199
1402
3852
3732
9623
8405
8561
7228
1345
5751
348
9853
5526
6364
3950
7908
7389
7946
2286
2652
128
1647
9074
8606
5252
1008
7065
1306
6045
2518
5251
8006
2738
3494
6450
2335
4367
5639
4300
9535
8557
5567
6974
4583
9421
9554
4217
9417
1074
1908
8919
1798
5351
1763
8190
6910
7873
5515
8581
6830
4880
820
4721
9467
5424
3399
5899
438
575
2486
8825
4435
1656
4112
2902
6604
9341
6648
1754
1073
4580
48
6898
795
3599
9734
2884
2575
2848
6733
6823
2458
4806
1675
7094
1232
8397
3904
2689
7591
5083
8662
1582
7331
5789
1954
5597
2058
1586
7967
9201
8064
3069
2757
2529
4675
2415
9075
4169
2239
3700
5380
4795
8390
2825
4563
8152
7803
3736
1325
453
4433
2702
5180
2107
4600
9721
9331
5599
242
6590
2562
7835
8506
3495
712
8895
7374
4693
1
31
7825
7434
2662
3609
7535
9194
7612
45
9404
2308
9469
282
9032
9564
4786
2210
532
8933
3538
2381
3692
3863
9777
1031
8698
2795
2142
6010
3916
2810
5970
206
8174
5103
6229
1284
8267
939
854
327
7700
5858
3121
6290
9454
6243
6207
7016
891
5169
8127
9804
1666
9265
4094
2945
5018
703
5234
5067
6109
6597
7230
557
5865
5849
2212
2153
5703
205
4571
8317
4097
7986
2673
6916
2199
9302
3203
840
4752
1047
3062
1956
849
4431
4771
8576
3761
3765
1440
4498
8708
5497
74
7725
1055
514
2122
7112
7488
2039
8375
7533
8953
1931
6222
670
8291
1938
4863
3031
7012
7610
1783
8104
4816
1034
611
8432
4044
2703
6385
2237
8637
6857
3638
1627
6003
932
457
2434
6431
7597
9129
8552
221
2786
4003
5752
5811
767
3757
2535
4429
5122
4890
7034
6913
6142
4761
8473
8994
2711
5551
2027
7839
4603
7068
1549
8044
7492
5140
8347
5031
4486
440
2593
4122
7665
7604
2963
5357
3693
4961
8130
4747
9372
62
1780
7136
9891
5923
1593
8976
5498
6106
2056
3049
4923
388
5056
8860
3912
8039
2761
343
9988
5864
702
5528
2440
7985
9064
4127
1387
2336
3234
4454
635
1616
7082
8585
6061
4470
8329
1147
6698
7304
552
4511
6865
6834
3986
7195
4700
4382
6297
9450
7339
3890
5199
6767
5974
3867
9411
9953
2625
5884
7447
1831
7366
8264
7684
2182
5892
7876
7582
3488
3185
3783
5947
8460
3184
9880
7755
5493
2577
7984
7252
8702
8031
441
1700
5901
8755
2147
823
3924
2847
9811
7729
90
1310
6713
6043
3930
6424
9458
61
7962
2895
3119
4309
4751
1454
455
7581
6645
3470
992
6020
4783
6932
6561
5269
7771
7296
1655
7166
5724
6018
8341
5063
2830
