3463
7856
6236
9927
1825
5255
8951
9238
9312
2572
2917
2434
6676
1167
505
6766
9897
5817
1439
7577
3974
3122
204
9507
1138
1559
5254
2677
1721
1998
4624
6040
4913
6442
5235
1820
9177
1094
1967
2911
7387
7048
1726
2595
3483
5436
8771
1662
5232
8980
8294
3585
9608
8447
1775
9034
1871
3797
2862
3894
3782
8011
6878
3888
3086
2899
8464
5604
2546
1879
1071
3461
8651
2915
4500
601
3913
6266
2078
3703
4750
2913
1476
9801
1861
9935
2004
3467
5073
4970
6695
54
4329
8411
857
2656
2072
3021
546
6789
2138
814
5123
8972
9105
6239
4458
6923
2586
1478
8918
8639
1944
5508
8123
1313
2369
398
1776
494
9728
7129
8
4765
9630
868
5345
4457
1260
5065
8808
5717
5054
2027
1277
9511
9202
1538
809
7403
3431
5169
8478
4552
8299
8058
3537
4404
511
6409
7954
8260
4134
4951
4048
490
3303
9555
2839
6177
8557
9672
9912
7078
6966
3143
4804
6809
7185
3046
4119
8519
2539
731
4782
1796
7567
3979
9360
1430
1052
9113
6116
3191
4485
2833
970
2521
8125
6773
1669
6328
660
4638
3015
6402
3711
3968
2199
175
3131
5868
1063
8013
7842
2878
8476
373
5564
4169
6451
7529
7912
8319
835
5081
1990
2682
4851
7686
4072
1714
2374
2998
8646
109
29
8403
1441
2184
9540
9686
1912
7757
2763
6801
3713
5747
7083
1136
6287
9205
5600
1836
1089
6979
5127
7177
1606
325
2857
1968
3994
7269
3959
5905
1129
3349
471
2725
8481
4514
719
8263
7196
4713
6428
4730
2554
4131
3976
2304
9749
596
6711
7318
306
9542
4003
8018
8176
639
2838
300
1351
8873
6352
1712
3858
9325
7873
2872
9212
6986
2925
1983
8126
6598
1269
4671
4627
7807
2203
1651
4233
5945
3405
9474
6338
1865
5500
2178
1236
9981
2553
7323
4004
1854
179
8773
2849
8520
2665
6520
7601
7964
8425
9198
239
8528
115
535
5349
296
9633
6425
5851
1675
1265
5795
3735
488
76
1807
6263
3857
5489
2092
1294
1353
3702
2091
6176
7496
6905
9638
123
5214
5288
7814
6422
9588
4111
2079
5588
9720
9131
3909
6876
5038
8177
5517
3447
3878
2625
7294
4363
7008
7756
9361
7421
650
629
3911
3369
26
2924
1289
1287
4182
8762
8618
4058
3161
9357
881
1482
2883
5161
537
4916
7973
412
3188
7364
5141
7555
8642
5805
2931
4375
5887
2686
3949
3006
7655
3454
3335
225
9128
7808
3106
8277
7247
917
6965
5794
2461
3705
5308
2635
9733
5431
7434
3770
2393
9900
9626
6490
4926
4425
5800
713
7225
6483
2115
1530
7203
3503
9669
2240
8783
2841
8549
5389
5151
5626
71
9342
5404
8193
8083
5769
4577
4209
1488
2604
720
1578
7239
396
5930
5271
9570
378
8655
5607
5855
3935
8714
2411
2125
6180
8914
3896
3151
8353
9480
1891
2026
6166
4297
9434
8491
9208
9841
900
5369
6321
5569
7852
9943
1347
9159
2620
6704
6632
6113
2120
3322
3507
7315
8492
8555
1069
1050
5739
1899
1742
4307
3491
7168
2449
9168
4031
2176
510
5549
7134
4045
6716
3403
1748
1356
6884
8522
1585
8398
6194
4198
4666
4789
8741
8593
8031
6251
8509
486
3708
6518
2540
8239
1137
4664
6904
7564
991
4832
7067
3248
7517
5760
6027
9724
9690
5166
2638
6745
709
7901
5144
8138
6441
5125
9288
4699
5660
9054
1447
2903
7922
5908
7373
1768
3152
2859
3230
3058
1092
2585
5812
503
3715
7263
2243
8325
6880
5681
6996
5733
8758
6225
6434
4340
9241
4595
5432
3619
6101
723
5040
8085
4077
8184
2705
9254
4968
7771
7905
8709
6424
7982
5399
7666
1268
4305
2023
3484
911
6099
3539
2590
8298
7166
5193
1817
5046
3360
4805
74
3413
4107
4746
9522
4246
2562
2923
925
7967
826
6690
1654
5515
1497
6508
5781
9620
3648
7139
1602
7866
1437
4614
6358
4084
7106
6355
2354
4147
841
3357
6024
9452
7598
3102
8554
7155
3311
157
5676
9158
3601
9716
6050
5734
5902
5371
4306
4218
4551
1510
3422
6791
6682
7151
399
1243
545
4320
1196
7720
7670
4284
6964
3623
5556
6348
1098
7270
6539
3741
4532
8667
6772
8581
8224
6572
5196
3787
2510
5686
1696
9277
3565
2634
7400
3980
43
1227
7897
6449
403
1516
7888
3688
2285
834
5970
8048
1857
5074
4622
7731
2992
4625
9590
2587
5115
8879
2956
8310
8700
3224
6593
293
2790
463
7895
937
3577
1508
4720
4698
7611
1388
7398
1890
4569
8924
3212
4388
9002
5199
6007
2218
9661
2119
1588
7531
8156
518
6282
159
5423
155
3599
7547
3420
4945
303
3667
1635
8348
6334
2071
4028
6280
2327
2044
2608
8594
5872
2795
8065
9681
8676
1339
2819
597
9078
5466
3526
2581
910
421
1551
9022
9285
2298
6835
8656
287
4086
7114
8486
9506
1293
4242
16
8273
5774
2392
7290
9386
4403
4231
4399
3184
4785
995
66
2247
265
7187
5907
2941
170
9510
979
2448
7412
8110
7743
192
6477
4264
4931
5724
8533
5704
3110
8243
8512
4743
6106
8017
7659
3487
1387
8624
5656
6481
7377
9722
9100
6970
4989
8218
9763
6318
3247
2005
6525
2464
1914
140
5664
5295
207
2095
5624
6493
2547
9863
9558
5250
9403
9043
133
8384
202
9222
2272
3380
5554
6375
3542
957
5079
1670
2028
4556
7689
6200
1135
6400
2377
4046
3222
8343
756
3596
7452
2997
5388
2641
5764
2337
448
715
8471
7926
3354
3466
3330
1331
9575
4151
7273
5584
5207
5745
205
1976
6937
1818
9206
3872
3649
3371
4694
7486
5284
6569
4901
2149
5580
2159
3472
2740
2788
8556
8417
2847
7119
655
9811
9662
9097
3308
1335
476
5278
6060
5923
2866
9911
27
7635
4110
3165
8929
447
3771
2366
645
4150
2277
7469
9796
53
3441
9116
8233
9938
1834
9234
1208
480
298
5355
7993
2672
761
2748
6010
6575
8819
2435
2358
7287
5335
8548
431
5542
7815
4184
5108
9980
3158
1576
6543
3246
9622
3556
8564
3178
2939
8747
8105
7021
5835
1215
4330
5967
703
4889
6215
9694
6793
4221
5885
9136
5210
7282
2856
2002
183
8910
8665
7730
7606
4741
8718
7820
8423
8612
6774
2615
7544
4819
258
5241
4900
4778
560
8576
2477
7162
3411
2943
6229
5746
3618
7779
5487
690
5728
9081
1571
8282
3293
576
827
2444
4718
112
3801
7036
3064
5132
4775
91
5468
4244
3811
7624
2060
4925
6421
541
9487
7867
188
4149
2129
540
3233
1569
2187
4673
9854
6746
8835
2627
8351
4484
4288
9702
7070
7788
2719
7305
5527
1943
6141
8437
6885
5909
6235
1363
8231
5121
3714
8367
7510
6494
2420
5684
4339
2217
4333
5027
6329
2829
1399
8483
5050
6571
4193
6254
5326
1322
1505
8679
87
1991
6957
8893
2314
7280
2933
9373
5216
6892
8078
7033
1610
9939
6767
2472
3740
291
6736
4099
1192
8199
4902
7201
8503
952
1405
5340
445
2069
4877
9364
7230
5277
8293
2652
5944
8406
2160
107
4879
2350
2708
2709
6353
3999
3427
8383
9430
4471
6347
8828
6651
6827
6510
877
2514
4205
1617
1125
4722
5533
2325
8259
5957
5062
3370
435
5653
4073
7256
233
9964
8270
2423
5478
42
3940
9641
1855
6351
9729
8109
8602
3327
3569
5888
2942
4348
1957
4483
5245
8155
1364
8882
4527
7471
861
8752
8401
8198
3973
6208
6526
7257
434
2851
8429
7766
3997
3534
4643
661
3292
2330
1874
4078
305
4867
6748
8410
4613
8047
8540
104
1604
5002
1685
2894
1037
2491
7886
2305
1546
2843
362
6011
3257
9243
776
3614
2845
7845
3253
4732
3033
9354
9785
1354
1393
1626
7724
9521
3932
8504
1980
6583
1225
8388
5177
2133
852
8151
4386
5991
2396
7243
9612
7696
9314
1885
6242
6993
9850
1049
8934
2786
7778
8062
6406
725
81
5085
4270
332
5336
7870
5427
9204
642
7679
4648
8482
3964
9328
3633
1725
636
3310
893
9956
3704
3085
8500
855
2685
5982
7640
8688
7039
2148
8142
3842
3105
6788
6577
1915
6729
9971
3952
7024
2679
6156
5417
9075
6780
8087
603
6658
7592
4290
3038
9798
6075
9514
4069
9577
931
9426
1611
7415
9427
406
1762
8546
5891
5269
8080
9560
9049
9552
252
2807
5488
5034
927
5690
3065
5329
7540
2391
2619
4202
3374
6380
4745
5290
7095
4128
9616
1416
6882
7309
6908
2877
6982
1587
190
6734
9637
2264
9469
5853
9715
8347
387
8717
4054
5612
2713
4886
587
345
9369
4422
8072
459
1296
1903
8035
1804
7762
2362
5328
9269
2643
2875
1940
5325
8674
8040
6630
822
472
7366
7694
4579
3698
2736
3041
8121
8392
6961
973
7649
6621
4891
6315
40
3377
4418
8222
141
8071
8763
9291
6274
8887
3899
4983
7793
1095
2825
753
4862
1581
9279
2127
836
5452
5236
3485
9339
8553
7801
7533
7054
8338
3706
9955
8292
7118
6345
2600
721
8562
1343
5029
6667
1446
3280
4636
9596
3055
4179
75
5663
7401
9700
5834
4723
6800
5191
7684
9076
6561
9886
6433
5445
2339
8969
3047
5129
1791
4917
2315
2959
4705
7561
367
5700
1248
6794
1755
8678
9464
3048
993
7528
2591
2730
7025
9849
6086
64
6476
953
1864
1814
240
2246
1151
3615
8619
3731
5984
6452
3789
8657
8542
7130
864
5268
8172
7718
2910
5339
3647
1348
1201
806
4381
1383
606
9786
3355
2029
1204
9739
6516
6284
5259
768
9149
60
1902
6987
675
9370
5392
5362
1022
8901
6679
7532
6473
1656
8963
6506
4631
6988
3
3910
9675
7440
4755
5442
3087
9774
2654
4523
4996
7917
3003
643
7584
8545
6438
8073
2113
9853
5461
7456
5807
1342
4251
2390
2297
9375
8327
1565
6618
7465
883
5693
2809
3268
7620
8776
8139
5280
4836
7228
2770
8409
4601
2145
1988
3900
3963
2545
7871
7650
9130
8781
771
9896
9456
101
4589
6594
4641
6742
277
4200
2163
8640
3815
1014
932
8485
4219
2329
9905
3337
1308
1163
2242
6590
7711
8754
6178
1827
3502
4036
2889
1249
7988
2746
3054
8317
889
684
3179
780
275
9266
7868
2690
5810
693
260
8637
5822
3437
8395
6169
7898
7135
7821
2013
1708
1031
5519
5457
4419
9586
7281
3199
496
3662
5344
4874
4545
9270
4074
3867
4488
2487
2853
8330
3313
2668
9550
9759
4692
9766
680
1898
5622
5698
95
6078
1013
4413
2501
8185
9151
8446
2888
8996
4715
5776
8990
4241
4818
18
6759
2417
7887
7491
9479
1993
1568
7858
4113
2497
4240
2450
220
8976
6387
6175
9883
253
9578
6670
4578
7193
1195
7957
4854
6198
1038
9516
8543
4788
7928
706
5738
9161
8912
4145
9953
1064
3993
5415
4206
3241
6631
3211
20
3338
1572
8695
9559
1235
422
5641
1999
3114
402
4312
863
2143
646
2490
7375
2592
9330
2401
665
2251
1501
2252
3723
3944
1532
6244
2758
4313
6202
3670
6557
1160
184
1139
9817
8883
8304
4767
7609
7125
4456
8702
5701
5758
2065
223
6479
3416
8844
4400
6092
1432
3767
9742
1124
1379
7411
5365
1272
589
8242
6611
7999
9877
941
7055
1852
6954
2332
5605
3862
1200
5091
2617
3898
1612
8729
6129
3129
4121
2140
4049
6359
9491
8084
4106
1984
1327
8170
7178
8904
1396
3617
9655
2962
749
4009
1574
9179
6849
9273
2622
125
8278
3189
7252
6195
6732
3109
2506
6959
8566
760
8014
4185
906
3473
1759
4787
6399
2528
1534
3141
1779
6312
8356
4498
5110
816
408
9848
945
4987
8379
4223
3834
951
3772
4906
9805
1146
876
2567
3636
5712
5647
5521
3969
2575
6778
9363
32
6336
3265
5438
6686
9734
5645
5838
4227
7458
1019
4548
5226
9125
7498
8369
3234
6739
5784
5913
1648
3071
7806
9462
7700
9345
9926
3693
1989
9409
3202
2201
7645
755
2632
7744
5633
5894
5644
9436
9878
2409
4991
9844
6455
825
8680
3930
3073
7515
8361
6117
8089
6252
3059
7784
2573
5
6211
9012
414
3394
4122
5233
3242
2493
9860
5162
7338
1639
9761
7834
6181
9546
7018
3022
7804
4174
6414
3785
5306
8256
752
1749
2474
7064
5483
3975
3683
9089
6843
6985
8723
1760
918
1647
216
1070
4966
7738
5237
3810
8419
3443
5856
3396
4985
9738
1605
1539
2097
8133
9874
8418
6503
2146
4948
8291
9775
5265
2478
4395
6074
3290
4203
6009
6804
1145
4667
1477
1561
3517
5995
7170
1159
7763
4137
571
4633
400
1869
5507
1493
4338
8926
5381
3677
2702
1481
9714
3779
5197
7543
8807
2823
7960
526
4261
8095
7678
9656
9073
8502
196
69
6023
2301
2934
621
464
8643
4849
3267
3359
1315
1332
9264
2108
4930
7740
1320
8960
3761
4262
4494
6474
4369
782
2916
9167
7362
685
6817
4304
1942
4783
6357
1419
7030
5772
2488
2395
363
1816
9490
2793
4942
4211
2233
3796
7123
6949
4415
4052
5833
9229
7208
9024
9861
2436
1182
867
4416
344
1549
7980
4663
9864
9401
3298
5509
4389
3090
1266
8204
4932
8861
3578
8941
9951
990
3665
7229
5924
6458
8007
4959
68
1055
8864
9164
4440
2868
8300
5063
2142
3972
9776
4503
4531
1398
149
3399
6963
9318
437
4199
3309
5688
3504
5455
436
8782
3844
6204
7164
4590
2322
6139
151
7007
9042
4588
8663
8975
8597
794
8211
762
2309
6220
6816
4024
2406
5871
9513
9070
9892
7453
9652
7182
4656
7368
2481
3531
5900
7662
4082
5786
2576
1188
8701
2850
718
1933
4546
6953
7314
8305
3307
9126
1319
785
3510
1627
3036
9678
1830
3824
1205
6444
933
1175
9450
9689
6542
5119
5443
9925
128
7523
4828
5036
8722
5983
4815
2787
8899
9282
7115
2996
7581
1950
2323
4890
185
2498
9772
4682
599
1101
5298
5973
4336
8621
130
9172
9310
1173
9227
3347
2260
4166
4904
5001
9625
6605
558
5843
6376
5353
7183
6751
8633
6471
9404
9135
2983
30
4228
2778
7658
3356
7998
5979
6614
8044
5673
2313
9593
5154
7091
9174
4511
5861
7284
1764
1884
9443
9195
9991
6810
3616
4280
1254
6309
2804
5019
2726
5497
150
9868
4752
4132
7949
4444
9611
278
9069
1724
8812
6895
4708
1017
9922
5033
5253
2421
8067
1719
2688
8560
2124
649
1126
7356
5917
8439
3833
6378
4629
8428
6610
4937
8933
8445
5594
2742
7378
1918
992
9188
624
5936
6268
9390
1394
9969
247
9887
5882
2441
6273
5030
5430
4626
4120
6952
4982
1752
5674
1552
1323
964
9298
1548
2720
7153
1810
7755
2950
6640
7175
9676
942
5968
1964
7188
8526
6777
561
7633
4423
6890
8877
3040
4217
4855
8232
8706
724
7198
4079
6802
7350
1462
5052
4984
148
2064
7736
2691
9448
9033
9545
7441
9189
438
9599
9520
5228
3582
2019
3167
200
3446
163
4794
9127
5911
7607
7904
968
3511
8834
769
7936
7080
2492
3678
6443
8898
3297
7461
1072
2451
5666
497
8532
8043
1060
2842
4820
1723
1085
578
6122
1100
9778
8141
7050
468
6407
1276
2548
1325
1703
5722
6227
1492
1882
1471
4979
4365
2940
1450
5804
8320
7439
7255
4524
5831
8850
1231
9293
4412
224
8874
6818
5257
2830
1032
8694
5426
6487
2098
8441
3216
6354
3892
5539
944
2642
1222
2157
6685
7768
9066
273
1408
7513
3607
3948
7599
1813
4032
5525
4896
3889
8467
2237
365
4883
5276
2552
2779
7071
4439
8104
3414
4696
4391
5105
9379
2772
8994
3486
3753
8984
7451
1241
383
9398
13
1142
5092
1621
2678
3069
5862
3182
6548
1634
3044
8399
6364
5391
935
1740
6203
7087
1149
9110
7343
5384
2821
3331
6209
5118
2987
2206
8744
1844
2234
3351
3803
7753
6096
420
3808
9660
9787
6230
4030
4276
6888
4089
6528
6900
9751
7961
6581
1633
5921
4530
153
7298
5964
5570
8128
4142
9834
3868
9594
840
1103
573
7769
160
1593
7249
5258
1067
5934
7950
8431
3274
7354
9846
1378
8833
3453
1065
6955
6147
1105
5398
1076
1329
8122
8868
3843
6623
6326
1785
6730
1704
7637
2927
2088
1422
961
9156
6718
1583
1024
3283
4774
2320
1527
2721
1461
3835
3639
7100
2202
5172
2999
195
3590
974
4026
8510
1684
2286
9107
6545
2428
8164
8672
8836
8846
5880
6015
5043
1080
3150
9026
7565
8042
3921
3128
3295
2278
2227
7319
5893
7574
7059
2767
4222
1706
3181
9549
630
6119
850
2805
6544
4786
6305
912
9383
7579
2929
2653
7075
5845
789
4525
3676
6173
7833
5077
5895
5133
6941
5114
4844
803
3826
1715
5548
9173
1106
6502
3490
3138
7246
2168
5089
1624
426
8082
8743
1674
1104
7110
7937
813
7799
3053
3992
3625
5337
6485
6410
5929
5998
5087
9517
5292
4884
764
2660
1025
498
626
6622
2739
7978
2544
2583
7372
8891
9918
7813
5720
4097
7199
714
6942
9405
6574
6492
5932
1221
7996
2288
5593
3684
7345
7331
9220
336
2101
7698
2802
7470
563
6260
2484
7997
3285
1468
8817
4683
8937
7733
1672
4724
9286
8189
2757
3452
7392
4731
9441
2766
6261
2268
3583
8753
8378
9053
1453
2697
3107
5095
6857
5544
6226
1355
7726
9589
4710
919
9908
2267
4253
7589
7066
2476
1006
4368
8498
4303
7864
4834
28
7745
4771
5260
482
6327
6033
7505
859
439
5048
3465
5135
1866
3530
1086
6798
1862
1377
3049
8767
8977
2601
5715
9781
3343
1402
6608
5338
7393
8867
3345
2457
7508
2846
227
6584
520
5980
796
4899
2150
3818
9215
2165
3733
7418
8202
9949
8506
4087
1717
5938
7301
7489
8830
4298
1330
9094
2077
8521
3429
2744
4252
1822
8947
2644
3385
4866
7209
2022
633
2
231
7207
1274
9606
2684
8845
744
4704
2569
7216
6480
4490
6765
7860
5918
698
3062
9265
884
7143
8061
343
3594
7335
1928
9826
2764
1245
5789
5013
3226
9777
1613
7797
2494
9425
805
9725
3043
5661
2516
4568
6311
3524
2412
1306
7065
4098
9045
6899
9197
209
206
1133
1580
9820
1596
3449
1523
7192
8630
3874
1637
9866
7605
3929
3245
8734
5323
4108
2901
3769
4797
3499
3919
4171
2073
4343
7578
9828
5206
3474
7604
1783
4118
2724
3444
3822
6278
2661
5832
5937
1376
4813
7534
9758
5729
2732
8991
2266
3097
4478
7509
5136
6151
3197
1176
659
9504
4
1537
3570
3052
897
2200
4845
382
1819
3673
2977
8802
3275
9827
6815
6521
6144
7504
2466
5696
9072
4127
1180
5820
9997
4164
9950
5726
2275
9319
3169
7818
4448
2814
887
4559
3243
1179
5261
5406
1868
3492
9192
3294
1232
2980
891
2349
5000
8253
8940
4156
3739
8223
321
5320
5974
6486
1577
1900
7267
6665
4555
7554
9816
5694
5363
6246
4063
2973
425
2031
6051
3563
4865
3361
4321
2103
8041
1916
2596
48
7562
8359
5203
1044
8794
987
3039
568
6045
8906
4465
9056
136
9432
2186
8973
1011
8601
3493
9005
6111
3576
8653
2949
302
5440
143
2229
644
9247
9141
4289
5668
8958
9664
2844
4268
6401
8628
1511
3547
1134
3595
1187
8365
7240
2624
4859
1870
2333
9636
5510
8523
562
3471
8725
311
6067
8810
618
2751
923
6021
2038
730
2860
2768
3115
9791
5505
8948
9190
5227
6080
5395
4035
1144
6728
7266
5541
2755
7144
6708
335
9338
9942
8163
3210
79
1495
9706
6907
6148
2818
6461
500
1053
8765
4482
9530
3732
1490
4323
1374
4651
9916
7669
2326
1302
6606
948
8465
9651
963
4757
8721
8161
5540
6579
8274
5761
4909
3198
4949
8205
7630
6785
5557
3906
6926
1483
5613
9327
6046
727
8785
358
1190
3724
9117
2042
5470
1920
5310
1828
7542
9334
7494
8591
3124
9372
9845
4384
4158
3903
4126
6158
7614
6271
7626
2680
2909
4430
1729
5874
8635
9393
4434
9825
9807
9422
508
2430
6723
4654
2213
3470
3032
4480
9482
9468
3397
4059
4140
2549
1848
4647
4659
6943
7181
2752
8397
9601
2971
7903
2589
6832
5359
2357
4852
9157
3011
4885
7770
7094
7419
465
2167
9317
1027
8992
8261
1261
3967
7595
3552
7632
2043
4286
4067
2068
456
7516
9200
4157
4623
1033
1152
5823
9852
2164
2921
6137
7535
356
5333
5407
5672
7854
241
1373
9891
5104
6592
2728
3758
2338
6331
3125
5498
9467
1947
2082
8333
9027
5847
4837
1367
5347
8271
6087
5572
1927
2520
3171
2370
1485
7353
236
3814
1905
4083
7137
2803
9201
215
5124
2364
8057
3600
3915
3752
8079
4861
7791
6555
2616
5797
3533
1496
5217
2380
9674
9118
6332
7174
1936
9610
1440
7723
787
2008
6184
6537
1894
8137
7648
2808
1620
564
254
9276
7222
6673
6620
2673
8235
5691
2317
5609
3262
2837
653
9304
3430
7947
9320
1123
1553
3519
1244
8006
2118
6531
94
4229
6972
1893
7727
2626
2147
17
449
6478
1155
7149
2524
7594
2961
9384
735
4294
2648
6025
7687
6322
8913
7324
9642
6063
4796
3325
1906
7707
9146
5985
8262
9080
7992
7896
515
5102
2051
2920
4553
1793
8615
971
3019
9519
2454
4567
9537
6466
6698
5933
3018
4427
9684
4382
4309
9466
6852
9753
9406
5316
6153
6938
7235
8427
3206
651
1077
8166
455
6534
4454
7839
8843
2892
7661
1081
4870
2432
9512
118
7152
8421
9301
3163
4936
1892
3095
9699
3528
2631
591
3661
4702
161
5767
4964
552
4609
8527
3637
5821
8393
144
2169
6554
7835
9102
3187
3588
1688
6924
1281
9032
7908
1563
3386
8302
9442
5032
1582
8988
4608
368
7881
1009
9697
4068
4791
4726
4781
9640
7328
6172
6950
1640
5514
8279
5565
4954
364
1887
5145
2504
9013
7346
5377
6862
8162
3760
8225
4091
1220
6795
3745
7436
8789
441
1542
7450
8060
4540
894
5086
2397
4541
5458
9634
5474
93
8169
3159
998
8909
9476
614
947
7299
7712
4749
7746
3000
5999
474
3180
6669
4615
7017
3004
4272
1738
5637
8118
6828
8426
3364
1036
4898
914
6870
1524
5239
2137
2205
9378
6509
4817
799
2198
6917
9221
797
2331
7237
8064
9335
4535
5480
9281
2007
742
3977
4604
1689
5380
6031
9236
7248
374
297
3075
1410
8606
4249
7474
8154
8736
924
8803
5327
2258
432
7146
5639
4232
1934
8732
8069
8314
4459
371
9979
5238
9973
5950
6299
2979
7913
8308
8983
4265
1668
1911
8539
1048
4712
9618
6648
2134
5890
1766
8632
1386
7289
6313
7875
7965
1873
9915
1977
9184
201
5331
7894
6754
3628
1850
3375
5714
8705
899
5160
6170
7223
873
7812
582
8608
1431
2650
2467
3696
5730
3270
7663
7180
6655
6921
7704
9129
4188
5876
7276
8579
8511
711
2456
856
4146
7709
49
4192
9171
8039
3884
5916
9505
6241
7910
9957
388
3886
6626
8389
9666
613
2475
8550
3961
8004
8885
2936
7389
750
3329
4956
5778
2854
2269
4367
2470
3469
6762
878
4950
4125
1794
5165
7713
4992
8463
1460
934
7764
50
9257
6992
4011
1835
3765
9074
8786
2410
2052
2003
8285
9680
2249
2000
4831
4010
4210
4840
7244
3367
8217
2376
5801
3056
5617
2647
5596
8784
6462
9806
9829
9039
2296
2261
2037
2689
3981
4148
7121
7989
6164
5476
3119
8944
8685
2345
6163
4842
9153
4075
7161
743
7384
9010
2180
7082
4700
1362
6307
12
8499
1782
7789
6512
9591
5750
2717
6671
7238
3908
6599
7660
6591
4644
41
6836
8634
1487
129
9572
4421
1731
3920
6513
8237
3334
1292
1421
1334
2696
255
7639
7840
772
4742
1475
5379
4324
9214
1664
9388
802
9000
3434
221
8030
8400
1614
6437
2611
5646
9895
5848
6201
1119
6218
2300
8609
6160
4690
7933
4173
3870
9356
8362
5460
6411
4542
9193
3701
5220
5441
6071
3111
2482
7211
641
389
2276
2093
7484
9163
512
6019
9020
4657
2651
6234
3707
8797
4497
6756
9350
2993
8444
920
9764
6427
9525
3820
3680
5170
4806
2991
6558
3759
5156
7865
5538
4347
3730
4175
8245
8956
466
7885
6566
7703
271
7596
695
8368
6633
2976
4043
5204
5559
6013
7958
4790
829
3546
9508
9923
1382
4374
4566
9539
4646
6090
9875
5273
6217
3126
9017
3790
3034
8115
3832
178
5185
9485
3852
3773
3481
3865
70
7262
1015
9368
8942
5503
1479
7490
1491
6085
7459
5863
9019
5897
7610
5649
7914
3995
9529
9736
5915
337
1375
1321
2557
4319
3254
4178
3895
736
6240
4716
8811
8949
9869
7117
2177
4501
2880
2389
6552
9394
3332
25
9023
6869
8806
4039
6440
4895
9824
8687
9067
5526
9123
9695
3987
3802
8052
1570
6597
7796
8377
946
7473
2893
9533
7892
2733
9708
2386
1384
1115
7472
5009
1184
8477
6612
8435
9528
7485
4452
186
7297
5986
3391
1199
6475
3610
7628
1112
627
4168
4824
3088
9239
7058
9683
1937
9784
7031
3154
6130
6379
1713
7777
996
2503
4793
8001
3634
9371
3626
8249
2958
7057
8315
6171
7977
6002
8713
7972
2785
3953
4603
6983
570
6945
7849
1207
4550
6161
8876
6453
7138
9028
5947
9162
4565
137
7851
2468
1629
4081
3421
7265
5859
2015
3788
8501
9881
8468
347
8117
2871
261
5138
2387
5244
2439
2407
9999
5732
108
2102
6781
9459
8923
4486
6366
9061
5181
7590
5370
7206
6262
1573
4293
6717
7571
580
2049
5382
5318
862
6131
7816
8611
5798
593
3559
9647
1046
1010
7388
9095
2262
9140
3902
7126
8588
6213
3699
4392
6167
1143
3026
2639
5403
1615
4300
7438
2831
3192
8381
8422
669
8524
1514
3258
7455
9958
6527
4586
5511
6737
4461
2935
326
677
5695
8573
1888
3751
5635
2621
4472
7817
2085
6675
8759
6404
1153
4674
602
1066
954
1413
4194
4784
707
8578
361
2209
475
6568
9124
5531
4053
2796
8238
3317
6159
4679
4841
6719
688
6529
3153
2699
969
8711
7313
4544
5319
8119
1843
5867
6549
3023
6174
6062
9888
8559
3847
7394
9931
5366
193
6285
2287
7259
6858
3353
1790
2207
2810
1845
7480
763
620
213
9646
4152
4291
1600
3850
222
5842
4770
4176
1659
4316
167
6498
5654
4534
697
4102
9813
2075
7481
7467
2794
401
921
9619
5315
2960
4296
5429
3718
9649
8815
1913
1926
7288
9711
9025
8716
7643
9493
4414
3986
9331
1457
6897
9463
6538
5960
8387
4047
354
1309
7986
1921
4810
1391
8116
1556
8026
1751
6341
3755
1429
9836
1286
2172
7551
7952
4721
9242
5072
4322
5683
4846
6248
4582
5396
295
6740
3536
6243
7169
7023
8448
4160
6822
3089
4172
1697
895
4346
2715
1922
4725
5422
2694
767
577
847
4986
2254
5412
739
5783
4196
4177
1518
1929
7395
89
1291
2912
1420
6761
3238
4467
4354
4912
2239
6803
2938
6468
9120
1255
708
80
1435
4504
8408
2974
6702
3871
8207
2310
5773
1111
7179
3738
5883
3172
9717
473
2122
6995
6600
4351
4734
7919
6157
8036
9650
1773
9959
5818
2174
5084
8354
6371
7591
2891
9290
5400
2195
5989
3305
1087
8077
7995
8964
9557
2291
4017
4939
8915
7086
7971
547
5579
9420
8248
6662
333
2658
2017
7586
692
5005
6625
3320
6302
3276
6891
3681
7283
8790
9730
4575
5920
5962
3476
4337
5996
8916
9703
8344
9653
7772
6546
6948
2128
9007
9741
5311
6281
7431
4455
1219
4876
5094
5425
8751
7258
9551
6871
2727
901
574
3220
3077
1955
870
888
2716
696
3725
4711
4507
9170
9898
986
9696
6488
8059
6293
981
5106
5546
4872
6867
6703
3955
8462
6755
8493
4539
793
1318
8708
5219
7454
4334
4695
6182
784
7167
7038
3093
4853
8801
569
678
982
3965
6093
2318
7890
5184
1765
6232
3098
5451
8805
174
2687
7732
7501
3459
8798
4779
8770
7576
460
3804
3287
1506
7616
6325
4605
4759
6369
430
9492
1344
8662
2895
7010
9253
3827
7202
7479
7027
3916
4639
5931
5076
1359
1540
59
1941
8760
7322
915
8575
8814
5585
2928
3971
4662
3543
8880
8214
9645
8596
9639
5164
350
4962
5836
5528
132
5754
775
1415
9303
1603
1110
1924
5387
9122
6053
9944
1333
6297
3302
2636
7880
5759
2984
5137
7644
3604
5552
1515
3208
7088
3784
3845
2402
5524
8577
8453
1846
3424
2006
3587
3521
8405
832
9727
1667
4165
5574
6714
2532
8726
1579
2121
5212
8165
9213
1337
3477
6104
4477
3341
5680
7340
3764
9251
1341
7786
8490
965
6861
5689
671
6408
8902
7850
52
9454
1860
4892
280
2530
4181
6962
5618
4050
9788
575
5550
5482
4420
4612
1838
838
4426
6501
1316
9280
1769
8761
2419
2884
6484
9975
616
9726
6893
6006
8707
9411
6595
880
279
9771
4923
3144
5140
4260
2782
5942
1962
6335
4763
4463
9147
8647
2463
2832
3495
8363
5513
1449
7729
2241
8848
3013
8514
4006
3561
2443
8108
4736
5994
8822
3017
6930
3078
8075
7051
6429
5007
433
3368
3239
4248
7583
9692
1707
9011
2827
3205
7477
788
8473
3666
1191
909
7357
5677
6696
1739
2820
316
9592
4470
6283
704
7061
5099
6245
3194
3066
4576
8730
85
457
4331
5537
2735
7955
6951
6135
6731
6264
7157
7915
6363
791
366
8681
164
7063
5453
717
3692
2371
4325
8434
608
9336
5386
317
9414
3640
5770
7423
2021
7358
7827
9567
9967
6855
972
6001
5374
9800
6700
3177
1562
8998
4606
759
4744
551
4769
6875
1075
2602
9723
1644
5643
5475
3573
4080
6189
1734
405
6645
9635
8469
5558
5771
3500
9582
956
5992
3887
1118
1772
5182
9496
683
4012
8496
46
9556
6796
2459
904
1117
7800
7613
73
2171
6811
3200
4526
7437
5708
9779
7872
5755
8715
8648
3627
8677
2512
525
4628
9994
2158
3622
2183
1212
9561
9148
4823
7131
8229
8376
6639
4941
7232
9087
8986
4013
5180
1832
5636
4446
1801
2193
553
9111
3213
1026
2975
2096
2536
7482
4277
1352
4027
8968
4007
4318
612
7264
6374
4143
3540
9199
6290
1978
9038
3983
3057
4703
3641
243
9762
6105
7503
9536
1438
5304
3462
6976
7934
2584
6030
4558
180
6678
8432
5864
2558
168
8686
6362
2036
1758
6596
9376
9144
5270
1297
6663
1908
5378
1012
983
664
6008
4093
1047
4528
7096
4905
5852
5809
682
7923
9598
3157
3660
7636
6295
5312
676
9064
9433
6187
8484
5352
19
1897
8965
484
2316
78
3291
4360
10000
1623
7748
9475
9793
7227
3458
5410
6628
8470
4873
1638
1972
7113
513
7112
1358
6056
2775
4825
4572
1003
874
1777
8979
8191
6854
5551
6821
565
6873
5752
2712
668
8380
2563
3121
5171
9765
5300
6910
284
3031
699
4772
7550
1148
5176
4345
6677
7794
5471
6792
4247
2593
7040
187
2513
609
3970
7184
9225
8589
7446
235
346
8374
2990
9754
182
1519
9731
854
5014
9471
2670
8352
3365
5678
6417
6058
3947
3768
7060
1802
8888
2806
3378
9835
6856
1165
9583
2798
3950
5595
2483
3989
2197
6123
9701
6585
6763
5187
3373
5157
6052
913
1896
9044
6306
7219
6741
250
31
5742
8538
1278
4549
5107
8569
2509
9865
6149
3593
6390
2500
6032
6469
1847
2152
6536
226
4155
6613
310
8251
3848
3496
2765
2858
6533
2781
7307
189
3190
8585
8675
3956
1677
453
2588
5901
1035
9554
7261
5837
2270
3942
2756
1997
1975
5928
2881
6054
245
6550
5814
869
984
7111
865
5988
4370
2580
1735
2783
5126
8928
2663
5651
8788
3235
7981
962
2759
8366
9324
504
6016
4023
3407
327
8574
4405
9799
3545
7831
3726
8967
8911
2012
4180
3113
4508
1209
5669
3918
212
4295
8950
2048
3358
462
9629
5069
9710
4353
307
1083
8212
3856
5763
2502
285
2394
5875
2347
2346
4094
9832
7902
1074
7386
3475
892
218
9294
9211
543
7271
1661
5865
694
8009
2566
4735
9544
5167
5385
1370
5397
9050
8693
3428
147
3812
846
7
4990
757
9407
8604
3433
3445
9745
8927
5563
4684
7013
6829
7241
2427
6081
3312
1428
9353
3506
3012
3838
8620
8954
4935
555
619
8326
3321
4114
2181
4637
315
6826
4522
7742
2067
1971
290
6990
9287
4952
9412
8149
3426
5285
8145
7657
2953
9924
6615
312
2415
4689
6049
9930
2228
3795
6562
2811
2967
4436
8339
9289
2667
7141
6127
4057
1459
3562
663
3879
9275
4034
4066
4274
3945
214
8931
4717
5587
6296
6831
1543
8586
1028
1974
7558
5361
9946
3775
4259
4864
700
9077
8536
7069
6064
5592
4915
461
6042
2110
4016
334
106
8892
6654
4668
4538
1821
5602
4088
9767
3860
3996
7622
4602
3621
4214
8938
8750
4593
4186
9358
5394
2084
930
6722
9978
9408
4680
6712
8858
442
9451
8364
3960
5477
4686
2594
5977
5577
9183
8424
628
3236
2302
8673
5963
1960
8629
5502
9272
7752
7782
8768
7647
5011
4479
9782
352
1127
6573
1317
9573
1774
1486
3881
6233
8371
3229
3746
5866
1591
7344
4570
269
3340
9460
3830
4766
10
5756
975
6207
9613
3509
8829
8886
6587
4650
831
2897
7317
3020
1016
9933
804
2777
4310
2153
4406
2676
5307
5209
879
4021
1116
7714
2141
8955
1237
172
5941
8070
2745
7832
1328
2166
304
3839
7750
7956
7463
5616
5961
9867
1636
4263
2040
9088
4554
5751
5850
2460
1390
8917
3946
413
7692
4437
9232
5638
1973
4973
5070
5545
1174
2565
6517
4640
5869
7893
9085
907
199
6259
9099
7074
7651
1007
6820
3402
8415
6247
3404
5697
7695
4946
9494
3734
7690
6102
5576
1230
9605
5650
4117
4435
5405
1770
1350
3924
9747
3829
3781
5481
7416
3558
8649
6238
5202
8838
3183
4115
7653
8580
4357
181
9760
2188
9518
6395
7011
2760
8049
5706
7826
2607
2215
259
6903
7279
7220
8346
1509
7548
3300
9628
5299
9083
3748
6768
4875
7920
8480
3388
3631
7449
6446
1981
5189
2384
2988
134
7968
8252
812
3316
5472
3223
9323
8534
7444
4195
2344
8396
9223
3624
9840
527
4529
4802
1307
9186
6489
5420
8318
9983
4977
5012
98
8020
9397
2063
5218
6003
871
3127
1454
6430
1831
5116
5195
3553
9139
1349
9821
751
5068
6333
7420
2342
2074
481
1368
4922
6384
5031
6918
5131
1939
5803
8272
1078
6674
4433
8598
7924
9004
99
8544
9216
1108
7333
117
1263
3657
2646
2531
5815
1545
5648
7336
8644
7407
938
6688
2114
779
3455
1
5532
1521
1407
8816
3529
5830
9435
7560
8276
9721
8021
1213
7735
7541
7671
2522
509
3264
4364
2886
1619
8515
3687
8213
1193
1500
3650
8908
372
5082
8558
6725
7327
9258
3527
6457
6547
2308
1299
4756
6656
5599
4000
1113
1020
4283
7664
4691
5484
6629
2571
1718
9500
1233
2050
2109
8745
2753
3035
348
2123
1557
3273
4014
7385
7984
5447
5439
7233
2918
658
8127
9960
9308
5840
607
3299
5231
7093
9142
1310
3620
3284
3813
9244
6289
6447
4907
4190
7706
534
5324
7798
5297
8206
6511
7417
4943
898
2328
9155
4460
9587
5035
3419
3819
2613
6367
5949
3686
3225
7943
2698
6076
9985
5360
9230
9438
2582
5351
9501
9008
6864
6564
3866
3525
7085
3008
1132
3954
7448
6879
3719
7665
7250
4243
2815
340
8905
1671
4869
1632
2348
9534
1389
6842
2714
5003
4236
495
2343
1504
8241
2039
320
4777
5240
615
9972
9607
6609
1541
7573
8731
1455
8863
6775
3712
4020
8804
6132
4863
7953
7172
4372
2312
6975
3749
4207
7391
6580
798
7882
7683
1932
6713
4751
5175
1338
9818
8301
2117
976
2776
5627
5597
7693
7853
5642
3727
1840
4352
9668
4838
410
2284
3656
5247
7076
8719
418
6298
1168
7646
4918
5402
9458
1778
647
7874
2455
4473
1170
6588
9502
5152
7339
116
4974
8774
4506
4443
7747
210
1300
1045
7822
4410
126
989
2543
7861
5053
9114
6124
2995
208
3074
818
1700
1290
156
5321
566
6790
8174
3333
237
9377
6152
758
8627
7608
2955
8264
8703
8957
9670
5075
8748
2792
3925
7348
1815
234
5168
8306
6
7705
1385
2900
3063
4278
5435
5294
3100
443
1507
6922
2053
7811
7026
4967
7132
7347
2555
470
9609
9267
1567
7073
7325
4130
2629
7889
5041
9341
6637
6939
7691
9333
3091
6530
4924
3876
2969
6507
9685
5078
3638
4332
2495
4153
3203
7787
4167
6029
4868
5090
4719
1166
2056
6680
9040
9203
2675
8158
3793
1251
3605
842
4056
2336
6394
4803
6627
8033
4562
1555
5174
7563
7205
5163
9707
8837
3478
3934
7909
3951
3943
1917
5080
7210
249
2418
7642
3217
2018
458
7189
2519
407
9030
3859
429
6877
4292
6863
45
1121
4041
2047
7507
9006
6018
1203
886
3907
1288
6644
2659
7741
2212
1867
4144
3611
8547
9374
5997
9671
9389
1938
3891
2020
3436
8457
5788
2222
2424
3218
4518
1788
9565
9413
896
1043
7390
5780
7330
6619
4599
2749
6567
1829
7163
1750
8625
8307
5028
2046
8572
2662
1226
9954
5520
2692
5703
8622
1961
5008
3209
3149
9822
4109
5215
1787
6088
3825
9047
5896
6687
5744
8092
786
5561
734
9262
122
5113
3629
8461
7765
3366
2319
3816
1753
9809
9187
5826
7128
5252
2932
6465
139
8932
6779
6946
4729
6652
531
7052
2245
8136
1147
9770
5790
2885
1730
2985
3346
9423
8971
7293
5495
7969
3931
1082
4858
549
654
8183
567
4509
8689
3882
2192
5954
6969
7224
9231
1021
2700
8200
7310
8780
2010
4596
5066
2947
4653
9233
2822
958
2311
7428
8896
8826
3794
2542
6902
5499
3260
7337
9968
6860
8102
922
8372
2718
8454
6947
9773
1283
6920
1533
3821
687
5060
681
1595
2870
9663
4258
5267
2442
7819
9465
8103
359
6805
9003
416
6837
5943
169
885
3651
5332
6210
7932
6901
5462
9082
8220
4908
6337
9527
8552
4358
9165
4839
8032
57
3204
837
8157
8322
283
3173
5819
1754
7863
3417
8269
8413
2341
5004
2848
7381
3400
3289
6642
4519
4377
7351
4451
6115
5534
8728
3584
3480
5456
6014
2963
6578
1073
198
7365
5710
2283
9191
6389
8350
1646
8194
2769
1692
5665
5463
667
3756
77
6653
2681
1995
1945
4116
2564
2469
9410
6162
3514
8375
6906
6757
8852
4764
6668
8778
2061
6419
705
640
3518
2194
3574
5067
501
2876
370
9347
2904
5393
7682
6059
1558
1851
7844
9998
6850
5061
4687
1257
7425
1767
9562
6140
135
5662
9343
2946
747
2944
3567
8181
3551
2970
1653
197
8766
2598
1498
2906
1946
1909
2479
9224
2381
3009
6036
242
2738
7946
1442
4580
6646
6927
5782
3791
5904
3742
8023
7537
1502
8684
1298
499
6535
6694
8452
7975
9359
950
9928
8215
8442
8895
6813
8645
2282
7781
3448
2855
7292
4062
8772
2511
6912
6909
1178
3609
6188
8311
9673
4676
8587
3603
2399
8738
7433
120
7445
4697
523
824
5590
8416
8197
8513
7278
8792
1678
7734
3237
6383
9497
6423
9385
6601
5064
8590
5341
702
6386
3655
5518
4833
8720
3123
8847
9437
3099
4955
5112
1660
6747
2674
6344
4225
2628
5568
9086
3451
9976
6460
9297
6997
3489
4344
35
3232
7300
8182
8832
3221
9367
5139
521
6183
9899
2105
3014
1259
7302
9987
926
9062
5109
7374
6426
6267
415
2541
7034
4768
4092
4489
4090
8076
8254
936
2273
6919
5186
2945
1547
9885
7295
8903
1097
1474
266
7906
4776
2655
8943
9185
3709
940
5051
7334
7382
2045
7545
7951
6308
7171
6026
4326
2106
4356
997
3854
9252
1743
7396
5024
2156
524
1228
3024
3256
9880
8430
8098
1564
7603
7676
1792
1757
514
1164
8074
4441
8412
7107
3244
3162
1886
8050
9349
7468
5016
6138
6664
244
8450
8458
949
3094
622
6650
588
1346
3798
2303
100
5343
469
3501
6340
506
3897
5020
6168
544
3728
2508
4510
2836
9268
9743
7702
4911
479
2001
4881
7009
9143
532
3460
9103
7708
5305
339
4025
5414
7991
6193
5208
9921
858
246
592
6037
7593
483
5679
5884
8394
4492
5792
8226
559
7251
9937
1326
5230
2238
3557
9719
5413
6978
7217
8196
538
9058
6934
5573
5737
6089
4944
4383
8922
605
4342
6706
6370
9581
8735
860
1826
6221
2965
2731
7828
9830
4947
2919
8869
102
3383
8025
9295
47
4308
8144
9600
8859
3566
7487
256
7099
1494
1881
2231
4141
8195
4660
9790
8337
7371
8987
9667
5591
3685
4257
3831
7369
6887
9132
5791
5581
2289
4591
9748
6570
5058
2518
8900
9977
329
7497
4630
8746
5437
3227
6689
3376
5055
338
1953
6000
7424
8489
5504
5523
489
7625
272
2372
7754
2221
9445
6118
5623
8600
1088
4857
851
4661
7602
353
4100
3498
4033
4226
9644
5727
3608
4635
2972
6012
890
4018
7929
7062
8658
1655
6190
1876
2179
4740
2248
7539
9940
9571
2867
5148
7399
5023
3214
7268
9101
7442
3966
6324
5846
5246
5198
3395
8831
1954
4762
1109
380
3314
3632
579
1002
5183
8008
8878
8124
4632
9499
2485
8961
451
8297
1279
9036
8821
6134
6701
586
8884
1304
8981
2057
6028
2033
556
3535
7825
2335
7767
657
9274
6439
8055
8210
583
6403
5705
5522
7500
9166
2550
7242
5657
2281
8135
3777
8970
7383
8168
4234
1663
7927
8268
6350
1301
1029
6237
2224
2210
9194
6083
9134
8345
6272
2741
6603
8704
4496
3372
4493
4051
5100
6998
4927
5192
4061
7014
5330
6035
6216
8777
8839
487
6109
3644
1433
7837
2649
807
1630
3598
1594
3575
9532
740
9455
7656
9547
5088
7879
2633
4495
7079
4302
6097
5702
3061
1267
777
2948
1982
9093
7308
7103
3482
9814
268
9873
6806
6750
5248
2135
4560
1702
7780
2603
939
7587
632
5981
6219
8038
5368
1068
7329
2321
1853
9740
7506
4888
4123
3849
2161
4255
2462
9332
3690
1686
2556
6365
8737
5955
6222
3721
5037
5015
9624
929
7963
3092
2306
9169
679
3442
1467
3084
2359
1904
5346
1161
5529
1107
7612
1883
815
8329
5229
542
3523
2265
666
7019
3645
7046
44
2597
8978
6889
7159
9585
7677
2132
3674
1737
4652
4677
3694
2090
2083
63
2220
6342
6883
7549
5631
9515
7572
9893
2216
4215
301
8390
38
8841
6128
6143
8002
6256
5825
7148
7790
5675
8284
6126
4714
6715
8046
5493
142
9248
6786
9795
7945
8373
3568
5975
6844
8617
8382
8921
5877
7527
4487
379
5987
308
828
2645
5450
113
529
783
5765
3137
595
4850
2426
176
7104
7938
1059
8870
3774
1412
3984
9461
1589
9260
7618
2989
2905
5946
1931
6017
8563
5566
5718
319
7585
1837
8466
2388
9478
7108
8890
3139
8391
686
3005
4362
1273
4848
5188
2816
7685
4521
9682
9292
6228
4266
7776
238
4429
6091
3439
5473
9228
6416
2957
9831
637
2214
9059
1030
493
7520
7124
1503
9904
978
7413
7774
8825
2204
1598
384
8289
5652
5372
6760
1699
6038
2791
7824
6070
5142
9207
5667
7047
7005
7522
9421
5725
8267
3672
5583
2797
7728
3988
8488
1434
349
4044
2087
9576
9018
6868
7012
3392
6559
6072
9395
8638
741
9615
3037
6041
3398
377
3240
6121
9424
4619
9789
3668
2070
2413
8508
7979
492
6464
6865
2433
4533
6514
5350
8024
4520
7035
746
1411
5222
211
7483
267
4076
5625
943
5383
6589
3643
3792
999
1744
3809
3250
7303
6819
5251
3348
8668
9133
3068
6977
6199
4341
9209
8113
9574
7641
3654
2568
9746
7976
7020
1806
1295
728
6726
1417
672
3215
9495
9882
276
5434
8146
882
7145
5543
2898
6672
9989
903
2630
7836
6928
1625
7900
4584
8236
1554
6602
9936
905
9603
1000
8090
1878
6707
2099
6807
7464
8945
7355
8561
7321
3401
8134
34
3384
5303
8068
6077
8697
2952
5373
3315
1311
4438
7291
7623
3324
119
7911
8100
3659
4466
8250
2144
3408
103
8487
8920
5948
670
171
7758
9
3328
1426
2232
1875
5454
9693
5421
3869
4398
5225
5262
7795
4678
8584
8551
3148
369
3249
6989
4934
8535
1246
2683
5282
2986
90
5978
6114
701
3776
3522
7142
4474
3423
2523
1445
391
1470
6420
3669
1608
7049
4792
4910
1799
1513
393
4998
1018
105
4042
7970
8495
9851
2551
8871
8592
9240
9750
6974
4780
3783
6108
9311
248
8505
5309
9250
8358
2030
1958
4183
9387
3252
7312
6499
5022
6065
376
7140
2367
5375
6833
2537
4476
6984
3140
9160
550
9808
1650
8280
6415
7306
2445
7773
7136
8605
6343
3912
6752
4536
811
6776
4903
6782
3160
4038
8334
2352
7759
3853
5026
8054
6523
5408
8982
1526
5103
738
4754
3010
5128
6223
8342
1061
7101
7361
1247
7673
2196
8857
5777
6660
4163
9910
3464
7304
1531
9052
6288
8192
6066
3695
4055
6039
2780
360
5428
9256
8855
1280
3076
9839
1880
2710
5272
9473
7862
5083
4311
4380
539
2701
1177
6522
5735
4254
1695
6720
1645
1194
2902
1114
6812
1150
166
3082
9913
5146
2422
5547
5806
5629
8613
6495
4387
7823
5793
9920
3080
9509
8386
7857
6898
2076
8114
3002
4491
3957
8670
1414
5364
1745
4978
9472
1128
2704
585
5357
5535
5401
7499
6432
9812
6933
330
6617
5348
2324
3255
7918
2155
823
9178
3736
1517
9263
6496
1271
1172
4958
5494
9015
2873
7717
7994
6253
1649
8336
3219
4267
3306
8187
1284
404
8258
5411
8097
8494
5190
773
6095
3985
2189
1805
6999
5839
9698
5827
3393
3580
8582
6532
2612
5925
3905
4469
3261
3612
96
3176
6349
4424
3344
5150
5802
843
8664
7495
5610
8005
2840
7805
8290
3564
2235
7530
4282
5045
9903
8583
8999
3555
8240
5858
7838
3663
1465
4447
9150
2080
6515
6258
7286
9604
7272
6846
2706
774
9366
830
3729
9447
4015
5586
3515
966
2086
8603
8599
9654
4737
8479
6505
8295
9627
8227
2599
1550
6294
5536
3823
9769
4761
318
2605
8993
3978
6185
7985
3991
145
6727
6146
2190
229
8265
4621
4279
4432
5709
6068
1535
6382
4574
7016
61
7090
8614
7186
2533
2458
1091
4397
4371
7939
8497
8742
1687
5614
611
4747
8436
3390
2722
6079
5927
4800
7072
3658
6541
9548
127
9392
6872
4600
9597
6004
4929
4513
9321
1733
2743
5889
86
3027
3336
8997
9859
9929
1452
8443
844
9648
2496
1041
7120
7081
3145
3207
1314
8321
4327
5018
375
4592
8096
9283
2104
5039
2211
67
1424
5768
8056
1560
4105
5940
3532
1401
1141
3116
5101
7597
726
1872
3538
4594
4287
1536
584
6112
58
1747
3228
7200
9553
9180
6435
2879
9580
3675
5313
7089
635
9481
7878
5302
7326
8130
6034
9679
8131
4450
1622
9016
8088
2378
9993
5490
2292
3133
8474
4505
7158
7848
4085
7492
2223
1484
8636
7830
2226
7260
7236
6470
9152
6783
6224
9344
781
2480
314
3602
1711
4366
5993
3998
3146
2404
8188
9847
5512
8147
9181
2981
9115
960
4449
4008
1618
6859
2560
5467
4235
8952
5748
8247
9486
7414
4547
5611
6693
8712
638
1427
3030
517
342
7775
274
1841
6825
7681
194
5796
3381
3828
9568
3193
5598
1761
8537
8028
8529
8244
8029
1282
7876
1666
9797
8800
4617
2066
1935
2896
7154
1162
9271
5922
9048
9783
1992
2801
7792
3642
8034
2606
8015
5619
2729
478
3653
8856
6257
7987
6397
8626
9419
4359
5479
3456
1728
409
1681
4961
5446
1849
4928
4798
5506
8475
1966
9065
5589
3339
9446
7092
9947
1592
9941
1784
9104
6454
8091
9400
3904
485
3754
6459
6799
8066
5194
8173
4112
4753
6133
1628
2154
5721
6316
3304
2170
4670
6738
8312
6638
4189
8216
5640
8727
2864
7406
3070
8275
2835
8019
9106
5111
5699
7948
7105
4515
7197
5575
1566
6393
590
9249
6647
3863
1463
2473
5829
8862
8660
9255
9417
1673
9416
8866
5857
6301
2826
4407
994
5485
9444
7275
7476
8201
7253
8827
5289
6275
5582
5906
6069
4373
5301
5296
3118
1808
9901
4154
2734
1336
6398
2446
4197
1056
97
4893
766
5173
4618
4963
4271
2447
6373
191
6743
9876
5486
9051
1285
5178
770
9449
8472
5356
6565
8112
2887
1157
7028
4385
5844
4799
9237
6319
9986
2334
8370
3939
11
9429
3717
9391
8203
3406
5553
3516
1797
3251
9109
3120
3938
1258
6055
1305
3550
1965
5736
3440
7629
8698
5707
1616
217
6044
3597
2907
6823
4585
9092
7212
1340
5567
6643
9932
1709
7349
5775
6770
7204
84
8152
8167
6450
4758
7191
9418
3893
9329
6405
6255
2874
4124
1102
4827
7478
9470
4701
3922
9538
2429
8691
5854
7810
4707
1959
1842
8286
4355
5716
9145
980
3840
9966
6929
6724
8959
2951
6277
1780
3117
9217
5459
4616
9952
3136
8936
557
795
3652
6323
656
1397
7580
9631
7015
9658
5879
4571
4464
4239
3780
674
5134
8795
4733
5828
5813
1949
1889
5971
9614
7925
4361
6317
7068
1079
4224
1901
9259
7320
7405
2263
9843
959
7526
9121
2307
808
4816
7680
9235
9306
2926
5560
2294
9962
3807
2271
9453
7990
7634
5969
3494
6110
778
4965
6551
2527
7032
4894
6120
1436
2089
5376
4269
1720
8710
6636
3613
4611
7654
4658
4499
177
8682
138
1130
3586
4070
7176
1877
2515
8101
1781
7404
732
6524
9305
5221
4607
1423
1665
1250
5444
6456
1895
2225
3166
2505
2754
65
8779
4019
282
1795
1392
6061
9063
6100
600
2295
1599
4829
6968
9602
1705
1858
7462
5799
9322
230
1586
4238
7245
23
3319
7044
6749
1443
8045
6840
5990
299
1986
8120
9643
9705
8507
554
2574
8813
395
9870
1641
4502
4693
7715
1679
2711
1303
7427
6250
7942
2890
5881
2185
6991
5562
454
7430
5159
5042
2255
3170
9804
6684
2964
8974
2812
5926
5416
5201
8219
4988
9365
9090
4620
4135
9963
9564
6913
8255
1682
6300
1652
1607
2637
9732
1096
5899
289
3927
4005
72
2437
2908
1856
9623
9917
9541
7519
417
7974
3060
9837
7150
4688
3571
3450
6048
7884
572
4275
2009
7004
8000
7809
9001
5762
5155
1919
4748
1154
6973
988
7296
6848
3917
3630
7429
8153
3664
5632
8433
5006
6320
121
1051
8140
1786
3488
2398
7342
286
1597
2789
7214
8799
6310
5266
2968
7274
2111
3342
3799
8690
4727
3691
9060
3716
6838
9961
2107
1270
5200
5910
4856
4597
9031
6179
8107
9621
3800
6839
1676
146
9871
853
6047
5286
9802
5243
6659
5571
5601
5951
7043
351
7877
4462
83
7916
9182
5849
8565
5687
1528
36
7435
8925
4037
8332
634
294
8385
6103
6814
4170
9175
1084
4161
536
3387
7652
8012
7127
6136
2425
8159
8755
5256
4999
9566
2863
8894
2173
3072
6733
2465
5465
2131
2657
7077
9119
2416
5283
7213
4814
6845
8659
37
228
6361
7751
1839
4379
1371
3805
55
288
5287
1425
7360
5263
7737
9284
3591
6360
9872
5615
2054
866
2011
3174
4940
3045
8683
5021
9879
1264
6214
9988
8740
8186
2507
8516
2723
820
8221
3104
5098
5578
5096
3737
152
9632
8003
1198
7363
6206
3025
1952
4396
8129
3263
5291
5824
1004
1181
8699
3990
2452
6758
6385
5692
324
6504
7156
4971
3513
8357
5912
3743
7552
748
1210
9226
2771
673
5685
8355
4887
6649
3982
7524
955
1403
9316
9780
5808
3766
7097
5959
7000
4809
8820
1120
6624
765
8641
7518
2244
3196
3323
8420
1863
5279
8143
839
5419
3786
3855
2994
2750
8288
2236
8063
1473
8111
3579
9483
4335
1985
4237
7847
6082
2259
9498
2431
5628
1575
8567
5418
9046
3508
8094
1380
6881
2707
251
1520
1994
397
2191
2130
6944
5952
5757
3861
4245
2824
21
5743
1252
3722
2405
9974
1609
8456
7869
2671
264
4997
8451
1512
4880
1099
9934
8234
7432
4564
6560
1823
2375
2747
7493
3042
3135
7907
6797
6874
173
3923
7941
5213
6586
7160
9857
9035
1584
5766
6368
9579
7006
2664
4445
7783
9768
1710
8985
8764
6894
9909
4393
3296
1189
2954
7846
691
2529
7422
309
7667
2024
6744
8860
7966
8791
111
1693
9340
2299
1811
6155
4095
1206
2081
3589
5143
6967
9382
977
219
5044
9488
9526
4981
4314
6936
8749
833
6005
4860
6851
5965
5731
3156
1042
4993
9718
7627
5939
3873
1131
4022
3271
5179
9218
908
5314
7277
7588
1448
270
385
6657
9919
424
1224
427
5017
2535
8756
8962
8349
9137
8209
322
7843
9858
6412
7512
6666
849
262
2016
4481
9300
2151
6563
8610
8889
610
5409
4475
9415
7701
8568
7725
313
4878
3269
9737
9755
6339
3778
5242
1716
5935
8930
33
1590
2400
1756
7855
745
1683
7959
9068
1466
4921
6330
8081
6392
158
1372
4739
8616
4808
9890
2559
6381
6265
9261
8875
2279
2669
3272
2538
4994
8360
1763
2813
5358
7930
8246
1169
7102
4301
1746
3101
328
4919
8775
56
6356
6150
9402
9665
3288
1039
7408
292
1803
3936
1312
9096
3195
3817
4101
6866
7719
2525
8407
3962
4835
6276
7983
4213
7045
2032
4728
5530
2035
1469
3572
7426
9348
3168
2486
1444
2250
6808
5211
8995
7116
2382
6914
8953
8865
9819
9794
8946
6710
7557
8872
8180
1054
323
4957
5958
6699
8190
3757
1525
1691
2363
7443
5097
3933
6418
6634
3744
1969
6165
3864
6142
7944
2693
7536
3750
6853
8086
1240
8966
5860
4139
4453
7042
1183
9299
733
7721
6196
9595
2139
5816
9889
2852
6661
3671
8281
124
2800
1090
9098
9245
2025
131
5424
6269
1451
3438
4882
2257
5972
7569
4409
7802
6958
6145
1005
792
3841
386
507
3851
8178
5122
2773
819
6697
1214
7109
7056
3412
5317
9744
7234
9431
3682
4040
62
9091
5025
8303
5264
8733
154
8296
6769
2373
5659
5555
3914
4212
8328
4408
1034
9569
9071
4642
9380
1489
7638
6500
7165
1996
39
4795
3544
6540
1951
6491
5249
5976
1643
7921
9970
1833
1722
7525
5841
4672
9563
3541
5367
7037
477
6764
4201
9041
6911
5878
7935
7488
9803
9210
8340
331
2368
6292
3415
8414
4216
9687
4953
7697
1956
9838
9524
4975
5620
6753
3286
2055
3806
3837
7226
9362
7218
9029
3479
1657
2517
5898
522
6205
7029
8525
7231
9055
4256
8132
1736
4649
9176
1324
3185
3635
1345
1925
440
9484
8323
2534
8696
7940
5658
4250
9523
3301
8818
1800
5293
5873
2280
790
6388
7570
4317
4685
1360
6304
1366
4328
7716
5158
1238
9009
7899
6576
4587
411
7617
2861
6482
5956
4230
1365
3928
8283
530
3029
1218
5655
8809
4681
9862
2219
3112
5049
9014
8228
7556
3457
7891
263
3606
9584
5919
8160
4669
3201
8313
7316
1395
5149
1529
1275
394
9945
7538
7370
1040
2640
3007
8631
7559
7502
9704
9399
3560
8669
8671
8148
2869
7931
3710
754
8652
1001
4801
1694
1140
9659
4897
428
1464
4807
1057
165
9346
8309
2471
5753
8335
9440
9489
6641
7672
3435
8796
6681
6463
9138
1930
7053
6956
5275
821
7147
2058
9965
2438
5914
8010
9154
1948
1732
6154
5120
6980
9503
7195
3697
6020
2774
3875
581
1970
8106
9084
4428
4933
6784
6847
4557
9617
7332
5671
9810
9709
7380
6830
4349
7749
8570
7615
2365
4029
2817
1234
6291
1400
9914
7803
729
6125
8404
533
1361
7621
3001
8793
7447
8027
4129
9996
6960
4610
5713
4645
9219
203
3901
6886
8907
1771
4969
7215
845
5354
1404
4104
2930
8650
7553
4071
4431
1701
3497
3081
7568
5281
7688
872
6692
5870
3350
4822
5966
3130
689
3425
5223
1910
4136
4350
7457
5153
6197
22
4914
7466
1458
7341
1186
2570
341
6377
9396
9982
2922
1008
1253
8840
4273
6084
2356
82
5634
4281
4299
6231
716
9792
1357
8881
446
2489
3079
2126
5234
5953
3548
5491
3418
9037
8324
1499
3885
5741
8518
9535
6270
3409
2290
5886
3175
2578
2100
4706
5496
3763
9057
450
7359
8266
7001
6022
2453
2865
6094
2034
7409
6932
2340
3926
9307
4517
4001
3592
1406
8661
4376
3352
355
9381
7002
9756
9688
6249
8530
2385
5117
662
6981
257
6721
2966
3108
2014
1122
3362
4220
1789
5785
1185
8051
8402
8724
2162
2737
1809
2208
7566
9906
8824
1023
5516
9815
2577
5390
8016
9337
3132
7699
4665
7285
5342
6467
6582
8823
3051
8989
7962
1522
3028
6834
4394
2116
4561
8053
1369
9355
2360
2041
1544
502
5621
4133
1907
810
8150
7460
2182
3281
8287
3581
3103
2618
6445
3326
8531
1093
3278
491
7173
2828
4208
1381
3937
4537
5147
6497
3700
444
9713
7600
2561
9477
1642
4512
1062
7122
1229
6098
4843
1256
737
5059
5630
6043
4655
594
4543
7133
8171
7475
2379
9992
7859
88
598
6107
5448
3762
7041
9326
6314
1658
604
8854
985
528
6691
1171
4060
3277
2834
8849
4760
110
9112
3142
9351
4103
2762
4402
2982
5469
3880
6925
14
2355
5093
9457
2695
3231
5205
6994
9278
3432
6431
6735
9856
2383
4390
4002
452
1824
1812
2293
8623
3134
7761
2256
7722
3505
6771
4976
9948
6413
4847
2609
4378
4581
2403
5071
7514
3747
2610
7546
9990
6396
2353
1217
4960
3279
8517
5449
3382
623
5670
7841
3363
4812
7521
3147
617
5224
7760
5010
7254
5892
2361
6604
9984
4159
2937
548
3083
9196
6915
2351
5056
9884
2761
9907
5334
4204
3318
8541
8666
8208
5682
1472
916
4871
8230
7631
6616
3050
3155
9995
8257
232
516
8571
92
6186
5606
3016
3259
1242
2112
5749
9833
2882
8842
5464
4995
6279
9309
6212
4187
6346
6709
2499
8939
7739
9543
4972
419
1211
1859
652
5433
4442
3096
7084
7410
6841
7675
7402
1418
9531
24
162
9752
7397
2666
467
3520
8459
4516
8440
4773
9439
6286
2799
6191
6556
9313
625
15
1698
1156
7575
5779
1979
9246
6472
902
8853
4065
8919
4920
4064
7190
4417
7376
423
3883
5492
6519
6705
1631
9657
1223
1987
5903
1680
1202
3186
2136
392
9021
6787
1690
8692
8099
1741
5603
381
3941
710
3689
3164
8179
6916
2784
2408
4401
8739
3266
8331
7668
8897
4162
2623
4315
8935
5723
9108
7221
9712
1262
9428
5057
4573
1409
3067
8769
3512
5322
7194
6824
6192
6635
7710
8037
2526
51
3846
3679
4285
2175
3720
7311
1798
281
2274
3389
6448
9352
5811
1480
4738
4980
8022
7003
9302
5501
4138
7619
9296
7098
7352
8595
2703
9842
7511
848
4675
1239
2579
8455
4811
2614
3877
5787
6940
2062
5047
7829
4411
3554
2414
4938
9677
1197
6935
1058
7785
8607
5608
875
4468
9902
967
4191
6553
7582
114
1456
7022
9735
2440
1216
3410
6073
8341
6971
7367
7674
1601
7883
9315
9823
1923
9757
3468
6931
3549
800
8093
817
8316
6683
631
6607
1963
6391
8460
9691
4563
6303
2059
8654
2914
3282
519
390
9894
3890
5719
712
8787
4830
8851
2230
3958
5711
5130
648
4821
2253
8175
5274
6896
8449
5740
928
4634
4598
6436
3836
3379
4826
9855
357
2978
1158
4709
6372
7379
1727
4096
3646
6057
4583
9079
8757
2094
722
801
8438
