4487
6070
5805
8939
2523
4880
1991
5388
8150
5667
8328
6791
3379
4985
4777
4256
3145
8422
259
4946
9175
4180
2658
7804
4465
8440
9206
7281
657
7066
2065
4561
7918
5651
2290
2900
6299
1760
469
5266
116
969
1917
1343
7364
5171
9840
4656
9630
1830
6114
2845
1748
4339
1061
7686
5542
105
3658
3619
2861
7976
2553
8254
6319
7615
2946
7044
1721
7585
8639
6977
5020
704
3585
3809
2445
171
4163
9194
4411
8636
4772
5517
9358
9188
3006
7462
8291
3780
4040
2966
5320
6349
8110
8138
6575
2418
6314
8813
1826
8669
5770
8171
5057
3966
3961
7647
2499
7811
8924
1836
938
7213
9948
588
743
6033
4029
939
122
8801
9213
5826
3291
2223
3682
6877
1071
9557
2131
8651
9330
6036
8773
9109
301
1613
29
505
7097
1205
8209
4937
9345
2350
4796
2627
9711
786
2300
241
5267
3633
341
4323
2720
4976
128
387
3885
6671
7538
4140
4505
8162
5798
1056
1198
9068
1362
6157
8736
5931
7635
2391
4192
7138
4942
9087
1524
5255
8304
9521
6899
1077
3212
1543
2285
9025
109
5405
370
5670
8331
4536
1132
4755
5172
8959
9567
1335
9706
5179
3178
546
4360
3498
5697
6586
77
6310
2912
6293
8574
6512
1044
5564
9399
554
4565
3386
2702
1470
7891
6805
1860
6901
5718
2537
2254
8319
6502
121
8067
1600
4332
6325
4462
3742
3026
3685
2836
2242
2207
1030
9997
2451
2547
3700
930
7405
1673
8607
8766
3049
287
1438
4992
8516
1707
2299
4948
3691
7497
3768
5939
1286
8509
6921
7294
2870
887
96
3245
2042
1199
775
2151
9870
7380
2925
6716
1098
8654
5968
8258
7218
2808
5478
6210
9920
9897
4669
3159
124
6548
2985
7413
2348
2927
6487
46
1332
3365
6300
4813
163
4064
6107
9117
2303
9079
6518
7326
2752
1041
5735
2221
6612
1302
6994
7344
8826
5513
2839
8273
4216
7261
7735
9922
7549
660
9524
9667
9659
5609
285
9272
7550
5026
6746
8224
8609
3924
4686
6907
1317
7862
2977
123
2686
2744
9298
4069
7283
2409
674
1431
1873
9442
5810
1527
6466
129
5436
452
9190
8308
1319
3099
4594
4380
3623
155
5112
2649
5763
711
6018
873
2737
5160
3508
3708
6372
6168
7756
5603
7721
7054
5815
4591
3721
4405
542
6359
533
5352
7523
6008
4702
6271
6555
6207
3190
9772
9140
3919
9544
8486
8374
6092
8441
9851
4219
8190
5616
4548
9564
2655
208
383
4819
681
6413
4714
9649
4602
169
5304
1126
252
7288
4892
2205
749
9113
6257
9694
8102
9992
5047
2257
174
232
580
110
3925
1498
7015
8445
3932
1300
6875
300
6847
8050
1841
9748
6140
283
1954
8821
4371
8557
778
477
1415
7137
56
6823
1155
2788
2645
5222
5966
7017
8377
8025
4753
8048
7469
7500
1580
8197
6001
8093
9391
610
3837
2907
4021
2885
7703
457
6961
9848
8841
5392
1054
2668
6065
2579
5467
6144
6062
8459
4129
7290
822
8701
812
9970
9737
424
9762
9026
1532
8078
6286
6736
7464
7460
7622
5660
7305
1325
1996
4693
4417
9797
2095
227
8148
3998
1160
5120
6204
8503
3783
5975
6476
5927
6666
836
9988
3184
3687
2623
5776
6074
1212
2375
8084
8203
7961
4828
1747
1452
7386
1644
2317
8837
3909
7586
5261
2967
6695
1670
9940
7826
3107
9955
876
7846
3550
6824
1237
312
3515
9155
6005
1169
3716
2147
5390
8851
1635
200
826
1615
5811
5771
2695
1674
9839
7816
1912
3820
1043
9157
466
3119
4334
6444
2166
9818
4559
1633
9531
2184
3516
1285
8727
4508
6182
2504
5646
6323
5508
8362
7778
8121
7747
5463
872
9812
5977
9779
5829
8079
879
7282
5342
677
9418
5958
6418
8074
8137
3197
2
9084
2144
5972
7656
5628
7084
5724
9896
7109
3160
3566
1640
483
7101
8464
7398
931
6272
7198
5183
3831
9139
6266
6598
7675
685
4440
7401
6595
5655
1164
2924
5155
1872
1084
9092
7627
6424
9965
7761
3546
1385
1249
781
500
9380
9247
3367
3757
2987
5014
2673
520
7467
5168
4372
233
9958
7904
1507
6450
6503
5863
9857
2879
5450
6826
6132
8202
9584
8696
1852
8157
632
5846
7568
1709
814
5962
4906
9159
417
3189
8367
9463
6663
2158
3968
2596
6430
3556
7389
7873
2562
1281
5336
1539
2091
6596
8196
3114
5454
4473
6712
5653
5090
45
2859
2536
3535
8884
5921
2489
271
4045
2362
9440
7825
8059
2922
729
394
2354
6588
1936
4786
3785
476
8824
2159
4620
1203
324
9529
9695
4920
5941
1705
4290
1063
5225
2294
8943
573
1360
8299
3901
4062
8710
551
2889
9852
117
8181
9640
6665
2840
3347
6340
3667
5030
8175
7785
8520
8512
2255
7928
9106
6109
643
8194
7067
8632
4769
9119
8830
235
3403
894
7727
5514
9502
5835
1486
9631
8366
2766
3881
1505
8755
8682
9032
6158
1304
6490
2113
7247
6156
6408
4592
7905
366
1150
4874
2505
764
2722
972
8199
9657
8404
8083
3569
9339
9476
2351
6007
3684
7687
1812
8616
2619
1726
3423
5523
7812
4244
7207
8796
6898
7356
3091
7317
7042
5356
9141
9098
499
8530
5816
1974
193
9180
8240
3152
2854
3024
2122
1528
3109
2260
9407
9901
6867
465
5476
6758
5053
7885
8848
9692
6858
3904
7514
9624
7484
4190
9561
2696
1625
4806
1999
2087
4397
8805
4928
4987
2079
7728
9374
7422
5925
609
1804
4623
9228
7711
7350
9701
6799
5481
2571
5126
5988
2999
2164
5412
8929
1137
904
167
9669
8586
5470
1004
1367
2793
8540
5177
5503
4195
4869
717
2392
2365
4127
3413
8338
5982
4232
4866
5323
9804
8337
2906
1895
7952
462
9069
8542
326
9134
654
9047
9462
4164
3357
8071
7897
680
4245
7045
2487
5185
1232
2097
3134
1947
4118
332
3267
5456
9715
2904
9554
5891
2249
4518
4537
2828
7705
3868
290
9522
3899
6176
3242
9846
8460
9400
3865
7107
2379
5584
3137
2176
7079
2894
7944
4555
6108
2606
8311
8820
1252
1944
4052
2370
6935
7561
9295
8421
3896
9431
5364
6738
5944
2277
8247
6908
7362
885
5123
8029
8023
3104
5283
5257
4632
2565
5840
6375
7129
4790
2102
7036
2941
3185
9078
2225
9673
9445
4325
350
3844
8657
1461
5331
2236
7988
1472
1843
793
838
3749
8672
4107
5837
6532
8447
8840
7760
4038
6796
1341
1201
7611
7665
6246
1655
868
3177
3148
9147
5804
776
4864
1688
6631
1485
4619
5350
1229
7272
9999
4280
2936
1639
3210
4313
7025
564
5302
3427
3680
4707
9783
2359
905
1243
9301
1366
6341
9424
3897
8131
1789
4340
4629
2821
4027
3663
44
2325
9869
2040
948
2905
1533
9745
3479
7861
9453
9769
937
99
5254
607
4891
1508
1601
1234
3334
6346
9284
9491
8309
3118
2492
9894
364
6909
2554
990
8870
3893
7602
8347
5528
4181
9882
8591
6792
1592
4773
4888
7598
5042
5281
6988
656
6431
9526
373
2512
1482
5027
3795
4865
1502
7007
9144
1052
2229
9543
857
4119
4532
9429
6642
3225
7978
735
3763
5101
2145
3544
5546
495
5077
615
1159
7268
9313
2657
2349
3050
7815
9799
1902
9553
5848
1109
9163
1158
6983
5879
5408
6334
4193
295
7334
1476
5752
4227
7139
7570
771
1986
2919
7454
6031
1609
6536
6003
7831
6815
3063
7035
1548
7372
8730
3429
6126
8724
4805
7589
8419
5420
1743
3143
6993
8510
223
7012
5702
5205
4882
8681
4239
3483
3126
7733
2917
8705
3725
7571
7163
8484
1667
6960
4
7359
2998
9994
1590
1983
1184
9809
6130
4879
7162
644
3706
4477
7403
7505
6924
2154
5555
3425
1364
1425
6998
2384
6259
81
1310
6645
3298
3475
8538
7652
4498
2345
6198
8068
2580
7318
6962
1339
8010
6236
8193
6911
2629
4945
952
7463
3223
9503
8909
753
8276
637
9539
7209
1663
4820
6042
541
3156
6269
6069
1085
4558
5894
3677
6083
7819
1422
9949
8687
5566
2813
39
8145
369
6813
9334
8596
7797
8340
9024
4366
442
4014
3617
2037
1970
3188
489
5918
8852
5790
3794
3871
2217
8229
5369
6298
3277
1120
3181
4262
2168
682
49
1892
4215
3747
4141
1413
1236
9908
9266
1027
1345
3072
4148
5885
8109
5926
3310
6958
9212
7127
9142
9510
4162
1969
2010
4401
9855
4050
4598
4877
2034
3982
1538
7478
5506
7690
7291
7578
4425
2077
4659
7216
4609
3433
6222
2511
3496
8770
2970
8883
3502
2210
142
8581
1849
1299
5908
5758
5197
9956
5043
2823
72
311
4513
7617
927
6021
9038
8941
841
2760
6607
7450
7140
3666
9029
4780
8753
8650
7271
8298
1692
5184
7618
4000
2464
6385
3499
6997
6640
2456
1584
3576
6579
9386
3991
1213
5812
6041
5799
3207
8471
1651
8519
5142
234
9183
3146
2403
154
9842
4156
2944
8731
7199
3517
5560
5036
7189
8454
8423
3094
9110
5278
336
1952
6090
8964
7264
2691
376
5673
5719
8499
1723
6118
316
7324
5827
3299
7572
669
2002
4183
987
9413
2160
6573
5428
2501
7252
3314
1151
8903
9165
6205
6273
2410
6506
8695
9704
7895
3857
7799
6138
4838
2600
1008
518
9401
59
3864
3514
3440
5316
1803
5495
2783
4300
997
7710
2322
4241
9731
2374
9270
5736
8962
6812
4205
6510
5203
4194
4157
8547
1104
3339
687
2561
9775
2514
368
1398
5061
6077
4634
4033
8095
5669
2519
1595
1207
1050
1093
5500
8204
4741
3353
9515
3814
9780
8783
9636
4297
4056
4955
2942
6840
6458
9823
805
5510
5233
4341
41
5645
9397
4316
1457
2088
4951
514
384
9310
738
7806
3296
6019
1324
4218
9517
1791
1827
6520
2335
5113
1621
9081
1239
8140
4678
2425
9254
5129
328
3254
1168
6837
4382
5624
6100
1261
9982
9867
5139
4054
1166
2613
8534
6690
998
9578
5196
7320
895
7766
9677
9104
5159
7964
9028
2508
9727
4418
6163
9918
8722
3950
7065
5416
2877
9446
736
4387
4257
1596
4691
8327
6968
1058
7777
6017
2858
859
4361
3733
7655
9774
9311
6869
9911
1465
5210
560
2591
4146
9231
4804
7922
5258
1950
5955
755
6291
7935
1822
1186
329
7293
8355
5314
4464
1181
7606
9328
1668
9785
5635
4277
617
4171
8233
9607
3970
3978
1121
6533
7059
1214
3092
8117
382
4556
8601
3707
2851
6944
1624
4422
4349
8453
8134
648
5721
1356
1501
7933
5689
1347
244
8424
917
9454
9377
1301
4851
4975
5284
342
2058
7421
819
3797
7903
6819
2215
9277
1408
1094
7038
9662
4818
2208
1409
4849
9744
4606
9843
3934
3038
9184
5594
8253
1829
5398
5387
6771
7795
7930
2979
288
7985
7914
957
8415
1537
3253
8930
1585
2084
6395
9546
256
2638
5729
4133
3861
5055
8082
1564
5237
3730
55
8476
742
8016
1178
9493
5104
4353
9931
1816
5641
6705
634
4466
9805
3391
1725
1062
645
3010
6412
5207
9244
5946
5774
9835
4509
3101
2333
7983
1170
6263
5658
1336
1282
1256
6772
5664
6691
8283
9520
2073
3867
547
598
8642
2204
9304
9598
7688
7148
9447
7848
8955
2703
1191
7412
6978
1798
9115
7751
2199
4886
6302
2447
7181
7684
6786
6820
6600
1780
6076
7717
992
2992
626
1078
9558
8212
5011
9062
248
1193
7360
7912
3396
9294
212
3659
733
1550
6185
3939
3604
1386
9879
1230
2428
1111
9954
5460
8513
3073
9740
6926
3007
9368
7270
9880
8904
4519
1091
7637
9383
7997
865
9639
9100
2980
5567
9685
2923
5935
2182
7709
1738
8855
9650
7420
4386
4296
1066
6614
2834
3127
2080
4664
4974
4832
7574
7086
8094
8063
3921
9872
7621
231
7481
7731
3434
8391
3661
8105
5244
1868
5623
9285
4529
9269
7103
555
9111
7170
3751
9131
1792
5434
5858
7382
4174
6102
2738
3059
7400
3856
7177
7436
7308
8709
1867
1436
8975
3610
2789
2656
2758
9318
1988
7279
7558
5657
9280
5351
4977
37
5992
8285
2264
67
8831
8041
2572
2801
5654
58
6604
3052
4751
6228
7126
3381
3773
5383
5496
3459
8787
8971
604
3167
8571
1295
1859
7793
8718
1554
5241
346
2921
7249
5708
3196
7306
4965
5699
2172
5973
9015
7587
9218
7397
8901
3503
5509
3984
6891
4017
76
2860
4575
761
7438
6338
2728
9959
4521
4002
5999
8810
5979
5574
9031
9071
4569
5947
4406
9635
565
4823
1453
7114
5605
4643
9052
8543
1503
5819
3717
3241
9326
741
1440
7301
5138
7609
9470
1445
1837
9008
6860
8554
1350
6702
8508
3792
5783
8697
9765
6954
9434
1067
8800
9461
5559
2982
4601
6888
6655
3787
3089
1823
6216
2674
6708
1712
9351
2398
2833
6115
4990
5740
4540
7485
5617
5176
1355
991
2753
3793
2237
2968
2520
1806
3898
34
2022
9120
6376
9202
5150
762
1928
662
3765
6414
8294
9597
1359
6129
6024
8865
257
2978
8748
2958
3683
2510
5847
7743
468
3758
7241
8158
8120
5782
4247
4288
8214
9725
1555
8782
6229
9675
2891
2517
447
3776
5097
7156
6838
5307
8627
4037
9321
362
4407
7190
3586
4978
1929
5980
4149
7367
1774
3311
3226
399
4329
206
493
6857
946
8625
1899
993
2218
737
4607
6180
2150
8573
2202
3300
2262
2103
21
2602
1048
3718
9414
474
6275
1855
6072
4231
7003
9151
9492
6000
8703
8236
7681
8024
132
5395
1135
8917
4104
2636
2246
2001
6206
3216
9127
1971
7876
5822
2740
7544
636
5071
2129
6287
9996
985
3045
4048
6015
5293
75
158
6947
1271
8081
3421
5220
3304
6052
5744
1968
4698
9687
8617
1752
3629
3279
2251
9938
2297
5016
8569
7660
4479
4852
3845
1020
6161
7337
1989
1945
1684
6237
1877
7453
5245
3351
8729
8887
2478
5249
8216
6422
9179
3110
7183
6927
9670
18
8515
6735
6656
8907
9548
5282
8605
5130
4511
3952
9909
1645
2062
5743
9505
947
6801
8410
7902
5264
9043
8670
2779
4213
8935
7029
7121
2509
1636
2530
4710
5929
6700
6400
6452
3810
1114
5158
2386
1680
7757
1338
2814
4285
5854
6793
3133
156
2353
1437
4333
9594
6633
3801
9509
6800
2550
7423
8482
7748
3940
2993
1941
1311
5728
4830
6145
6058
8602
2342
8062
9371
9128
7299
6063
7584
2952
1477
2693
304
7774
2901
7146
3609
2795
4497
3913
3284
6048
3869
90
9126
2639
5838
2727
9808
2093
7886
6814
7448
5675
8505
1718
7226
281
8645
4098
352
3430
5919
9961
9456
8480
57
9004
8842
1331
8470
6979
4740
5731
9647
956
8708
7217
3823
92
4562
2436
3356
5775
4400
661
7644
7165
8394
4025
8101
3323
7001
4785
3435
6073
178
8264
4940
7010
1460
4191
8952
6239
9750
9219
1759
2664
1037
3992
4126
1202
2635
2368
8155
9323
6750
340
1848
3290
1998
5482
2440
5928
3389
9587
2070
8056
4954
5421
3017
3929
3936
1715
2454
9519
7671
4737
1340
527
9689
333
389
6010
410
7222
9457
431
3235
3777
9042
3088
306
4499
8788
8044
7473
5739
4833
922
9185
349
6292
8412
3444
7971
8267
6297
2479
4604
7959
2886
3141
7726
1880
9054
8725
8261
2815
79
264
2458
250
6740
6859
9642
5619
6725
2480
1005
3692
8690
3237
5722
9449
1305
6732
5636
4365
727
4582
4635
7378
4398
4681
3539
3689
3468
2767
9036
3218
8889
6336
2482
6181
4570
6480
728
3424
5704
2029
9836
5272
8663
8439
686
4292
7979
1288
1226
9133
5583
590
157
1794
982
664
511
8641
2624
1563
6806
7102
8055
1727
5671
9137
9337
3102
3341
544
6439
335
2618
712
1786
9714
1558
1380
7783
4420
5175
9703
8931
3111
6648
1023
5271
7583
1641
9829
4716
8565
9006
713
4826
7837
5903
8323
5437
7521
9611
5610
703
1312
203
2380
8017
1995
1965
5194
5489
3580
2588
2177
4893
8205
4485
2498
1620
292
1276
708
5415
5136
9802
1423
7926
8504
7853
2213
4103
9066
658
9730
1871
7596
8925
3385
1749
903
1233
4732
6816
4765
4547
6653
1246
7160
5712
6183
3135
501
5665
149
6629
911
7345
7784
3649
3085
9208
608
4072
2742
5117
3084
6811
6160
6760
1835
7175
52
8804
106
8354
8314
9452
9974
7910
9912
9790
1981
4317
2955
3986
5940
9738
1736
1745
4085
959
2611
8098
3563
8960
4759
4504
216
6959
5339
3250
1545
6664
4093
4622
2560
7144
2675
6256
1949
8878
3081
9124
2118
5769
3806
1113
1767
3817
6756
2066
4621
5756
9241
4614
8666
4568
6942
9153
2762
508
760
5637
3318
3453
8646
5543
528
8559
2061
3349
6920
780
4831
5588
7763
9887
3579
8781
4873
6821
7852
2650
1569
9933
1022
6356
2956
176
9991
3362
7168
5253
1914
3903
5269
6014
881
1003
1782
3027
8361
4283
2033
7069
1561
7533
719
8707
9467
3760
563
7865
537
548
8085
8185
9343
7302
6391
2471
7377
4016
9205
8223
1638
7787
2244
4798
5519
1866
8951
3709
9312
9698
2598
6769
3769
361
8350
8775
6056
5494
8945
6352
3138
9085
6155
6184
5492
9742
5976
2800
7313
8950
2641
6378
843
766
3724
4612
3900
1490
2435
7954
6549
3779
1466
9953
8867
4111
8293
7472
3536
3559
2120
3288
9833
7032
1372
3852
8266
1069
6264
2331
6616
8956
2965
1200
7488
2809
7100
3401
593
6943
6335
6146
2835
2914
4564
6638
9177
1808
4076
4523
5107
4352
3193
1770
3729
6985
3933
2920
43
3557
8483
4282
4460
2296
3530
3256
1219
9945
5360
2928
9876
3030
7798
7152
525
4028
7316
6744
6309
2187
1610
1846
194
2109
3074
6117
1118
2234
3070
5012
5974
1421
5950
7319
7836
322
3744
2032
6767
9668
4486
3907
7347
4971
4369
2626
9425
2975
5930
884
4211
9405
9356
3504
5379
2736
7607
7689
111
6872
195
8278
5685
2441
393
1221
7750
3672
9533
3595
4153
4210
8872
1392
6280
4113
5532
86
9136
5019
3258
6498
2544
710
2389
4871
4640
2430
2535
1581
6362
3825
8132
8250
177
9682
8329
6843
3294
5093
584
5625
5945
1741
7520
1919
9121
3599
4322
1402
2137
3473
4179
983
4236
9674
8668
2420
9581
2082
2568
7973
8735
570
9252
1551
4186
6135
3233
7832
4756
3266
5000
6885
4743
9859
5422
5578
2963
481
6894
3009
3441
5611
6876
357
1799
7782
6116
8747
3021
2265
5825
9419
1956
3750
8426
4293
3528
213
4960
8407
6932
5831
191
7920
5056
6878
3847
844
8295
7768
3808
3690
1206
5905
6583
1374
9216
80
9485
8932
5638
8940
683
7336
1417
9633
5157
9082
6895
5888
3086
3437
9819
1354
7159
1147
5834
6497
9575
1719
4921
5957
5485
7772
5524
8493
334
7256
6224
4517
6456
1943
4800
627
9782
1649
4750
6235
4208
2470
5889
888
8303
8819
3257
8920
9170
6060
5969
8978
9482
9227
1732
9469
2576
6694
1139
9238
5978
5552
5593
254
6559
5403
8006
5132
3740
7567
2748
6339
8877
900
7579
9864
765
8934
6999
2582
1876
675
379
1188
1587
3552
2584
9665
4434
6880
1921
2367
4309
6227
1758
4812
1818
3835
1412
9176
6779
2667
8455
7371
1245
161
4950
8667
9811
706
4143
6508
3260
3269
4738
1475
4507
6215
7949
93
136
1260
2278
6326
1149
9770
7399
1702
1518
7551
6304
2279
5116
253
9214
4114
7111
5102
8007
7790
2539
5590
921
4979
9049
4261
138
9535
5757
8912
807
8401
2426
8392
9973
3688
6905
1033
276
7881
6296
5137
9623
3977
9178
1346
4794
5703
5695
7173
7455
8610
851
6975
2394
1689
3592
6443
6505
8358
5015
7945
9438
8558
8270
6331
6411
5899
6217
1911
1115
8173
7237
3035
652
6252
9747
3066
6441
5468
3186
133
6142
5008
8751
5442
151
3028
7141
7725
9937
2856
9474
8348
825
3506
3495
4746
6250
228
9331
6101
8343
642
9947
4797
599
6342
9444
3888
441
8585
8183
5455
3209
1905
8129
6370
1448
8200
4998
3202
2328
8414
8198
7900
6718
7447
8691
6402
9156
9830
3108
9534
6948
1626
7353
3642
5573
1496
9360
6832
2962
6828
5475
4936
3905
3042
8732
3981
739
8673
5091
8080
3471
1489
3854
5601
3702
7242
2796
5602
4744
3767
8776
4720
3463
7552
7417
6397
2680
4453
2007
5031
5134
6668
2718
1751
7828
5714
7559
3851
5896
3880
9381
5576
2416
2143
5987
6989
8127
8595
9207
8462
3935
6281
8702
4788
653
5498
5983
720
4989
7704
9090
3426
199
5850
2883
9112
1761
4243
8862
74
650
3643
6531
1072
5305
1289
8899
1228
8382
7719
415
630
3714
6949
6068
3149
3887
4527
8599
7333
9500
8524
5862
291
7780
7214
1850
4178
6551
7801
3432
475
2918
6634
5895
2528
4754
4922
5221
7883
1698
2149
2705
4364
7632
5747
2869
6667
3490
8159
5592
3976
9641
9786
2378
4012
3615
2104
6643
1568
8325
3602
175
1865
5122
2074
5340
4899
3308
6887
8249
9245
4549
9712
1365
3890
9361
5146
7510
1631
320
145
758
453
4854
9979
6175
8532
4450
3180
2597
8726
2777
2557
1051
6350
8922
7858
7968
2121
435
9560
9743
8688
3075
9481
8875
6120
6747
3457
5089
9095
4414
5490
6496
1127
4057
5268
4394
1790
1795
5246
3834
3723
7893
9586
6394
1934
3015
2902
2724
2679
4907
2383
1397
7206
3772
4795
7046
4578
1086
24
406
3712
6436
3988
3222
4019
5417
9917
3415
6904
1529
6285
3848
5167
3590
2534
5872
2439
4170
2163
4294
4456
5596
3203
4249
6787
4943
8582
3645
3883
561
8011
4442
4688
4122
1671
5985
4872
2769
6692
7666
1571
3470
3987
3214
6171
1242
4080
1765
1778
8289
3220
9907
4834
2013
8280
5580
338
8163
6652
7008
6170
3756
400
9573
8858
9055
6608
2227
134
1442
3360
7712
6871
4995
9040
1110
4273
446
2293
6761
7530
1265
7963
3669
920
9308
8312
9666
5426
8985
6482
3179
9969
2224
7037
5909
5181
1309
3069
6124
8563
2286
2488
8789
6354
2841
9681
1456
8615
8225
7657
5902
1976
8633
6446
3855
4875
9455
3815
1136
9549
6848
5372
3039
1910
9816
6051
3548
1544
7610
5994
6344
6881
6404
4911
8570
6469
7754
8488
5218
4350
1611
9494
861
3130
8873
5661
8992
8993
2336
4260
1395
4475
8365
5034
2415
3534
2226
5852
1913
6164
6553
7547
5072
63
6029
3115
407
6868
8555
817
9821
218
1927
9489
5083
4024
4808
4301
9998
8911
1129
7769
1363
8811
7805
1433
230
8014
9340
1847
3
5563
402
7590
2570
9760
3853
2385
315
7118
5349
613
6603
2587
7053
5642
6075
2974
2051
2698
6892
8694
3047
2284
54
4078
8660
7650
6632
7105
4711
5419
6913
692
1427
9460
3839
3962
3512
6561
3175
5540
1349
1972
7094
8389
4015
1047
7794
1653
4269
8853
1368
3319
2817
1405
9660
8393
3452
6380
3302
2665
6371
2304
6660
9825
1573
7133
6409
7753
2864
4082
8188
8262
1474
8717
1697
8490
1320
6363
3404
8886
3321
3902
1225
5076
8126
2055
8296
4665
4924
3128
5907
6396
4554
6085
9181
8417
5755
1896
1183
4728
8141
2593
3368
7057
4749
6972
3821
7982
4286
8791
5060
4631
5201
9792
9720
263
5391
2646
6542
7297
7483
9396
9174
529
3025
1042
8588
9239
2953
330
6174
6981
6208
35
8809
6002
1948
5041
5299
951
1975
1869
7351
6728
4075
2239
1258
9089
9010
7808
4858
8728
2431
3975
7813
15
3083
4915
4560
9756
2887
8384
2357
6365
9891
8388
7075
3082
5325
6091
1399
5571
8051
3481
5079
5698
8942
7695
5453
3636
2518
7493
4730
3172
2200
4760
6449
449
5788
9589
2178
9593
8655
853
6717
3759
2424
2443
6457
7187
6545
2395
7818
9951
9732
497
1102
2457
4953
6646
4775
3996
4949
1713
5256
1280
8136
3113
6688
5803
9259
1918
1274
8274
8400
3295
8987
7603
5751
267
8802
1012
2714
1378
1153
8305
4135
521
7981
2672
1565
2873
1704
3736
9504
7613
7498
6218
6507
695
2910
4287
1192
3454
9791
5382
1134
51
8564
1045
6522
4660
5556
782
1369
9292
4151
7363
3922
3570
3395
9263
3002
7246
4431
1933
4654
1801
7879
1487
5402
9676
5039
5354
6669
3201
5088
4128
2743
1598
6606
3062
1682
6749
3532
2334
4856
5169
5407
8997
7259
4887
9761
4845
4173
6484
908
7906
6661
3805
7408
1690
1960
4242
7013
7303
9193
7762
6313
9899
5991
1754
401
5472
6597
507
6390
8352
2099
3549
2220
8107
4982
4424
5418
600
6099
5832
5864
8403
8465
91
1703
9033
9960
2133
8579
7923
7201
9854
8260
3493
2632
1716
4310
4312
8054
355
3653
5317
6900
1172
2329
6333
3176
3799
4962
8297
633
2759
5767
4413
6046
4855
7233
827
1614
631
802
6037
8936
6678
7557
9604
7987
460
6464
2016
8372
3954
1984
2684
7106
6748
140
9895
8704
5534
7669
7517
1577
7809
5306
8948
3630
1294
7095
9211
526
5622
1616
2283
5882
8653
7325
7058
8345
9303
9404
1961
3582
5002
3278
6245
3574
3041
9753
353
3375
8284
1303
9722
3943
1923
8750
9466
5821
4648
7185
4415
8344
3060
2105
4306
2857
8863
1176
3918
9834
5191
4655
4347
3331
8619
4996
4358
9402
3616
6044
3238
1540
9305
9299
5188
9105
6465
190
2567
2704
9097
7014
5549
7742
5186
4758
963
1211
1874
707
5828
7323
7864
9350
5806
5187
6043
7135
9986
5856
6524
9824
6260
3959
4980
3370
3704
783
7155
4983
5488
2493
8277
8677
4214
5537
889
1116
845
8758
4853
3057
7020
5761
5228
9910
8587
6475
6345
7080
7219
298
6883
8567
8211
6247
1942
8133
7931
9588
672
4263
6361
5128
1240
7913
7692
2490
3345
5423
5696
1337
7215
2130
9678
374
5527
718
8418
5377
1842
6554
9697
6367
4041
2849
6353
3611
3029
8965
7542
3520
6105
7662
4863
3187
4933
5652
6030
594
1637
7322
7555
1678
4715
1165
3600
4345
1348
9130
750
4999
3947
6321
9643
3788
3693
9778
813
3132
5507
2670
8659
9363
2230
7289
7296
8192
790
1864
5209
8217
8678
5876
9101
8598
222
9197
5483
1884
1591
890
7355
2516
2739
4514
1720
9555
9696
4067
5845
3741
1662
8411
2751
7390
7694
7946
4719
9258
4137
9154
1630
5997
722
4100
980
979
9847
9035
6836
9773
8226
345
5614
3402
1925
7593
2366
5591
164
8808
6659
1810
5911
9108
6874
9844
8469
2028
9195
6849
6416
251
9009
2951
1844
9074
5734
1666
7939
6715
2502
2173
8915
4878
2438
6680
5843
8206
4206
4373
8793
3567
4448
3842
3505
5135
4901
5300
4344
603
7911
9921
7456
1643
186
1344
9411
9906
4919
788
4733
1832
5789
3477
7077
5279
439
1734
4363
9118
5094
9985
377
3651
6572
4817
2551
1694
9432
509
1039
7541
4158
5105
2306
2000
9915
5048
4859
1074
3040
7248
8100
3364
7108
2006
7311
575
2387
6673
8242
701
4944
2083
7693
219
5337
2515
9699
866
3317
450
4588
532
8756
7437
8612
9664
3965
4599
9626
583
6459
488
9614
5078
5998
9507
7685
9512
6745
2497
5050
9236
1146
8700
2181
4961
5028
9169
7442
7366
8241
2483
6762
9885
5262
9486
6773
3338
9384
3679
6500
6764
1769
6054
3170
8963
1179
9749
8087
279
6190
3673
9348
1101
6957
746
2004
4379
2124
8061
9767
3262
552
7730
9483
5111
8675
4459
2852
6104
1559
2731
3328
9585
4586
7506
6438
8201
5361
9378
3581
3862
6022
8075
4023
5252
4576
8807
811
8231
6481
7682
2140
8685
3511
1292
7477
1064
118
3804
4704
3500
5600
6448
6529
255
7224
68
2525
2549
5208
6810
1323
1901
2761
5189
4705
2787
2688
4159
4035
5229
3838
2700
2755
2972
3336
6789
4013
6289
9186
7321
6423
8463
1018
201
6686
5103
7435
7235
4684
5234
6318
8881
651
9367
9726
7909
9275
4196
5842
6739
5859
5239
3993
6571
2090
6752
4647
4533
621
6861
9226
5273
9622
9841
3553
1819
4423
1757
4026
5526
9357
1117
1495
960
5662
9716
5153
6525
397
1831
7089
1026
3273
6473
7172
3646
8286
427
3195
268
8551
2876
9060
3486
9537
6154
1107
1424
8739
5341
7280
69
8066
5890
3731
7838
5746
4689
8406
9335
1021
7471
8086
7531
2765
2957
7211
8152
2531
8
2024
7328
2827
568
4199
2245
8721
3371
3674
8378
1267
180
3018
1588
4337
803
2689
7663
5232
6136
2995
9235
5131
1000
5045
9478
7576
2116
9000
5849
1731
9513
2959
130
4229
7951
9576
9724
550
7696
4900
1675
3071
4102
9291
7039
9758
9392
3488
6253
6550
2781
3068
127
5544
430
8882
5687
2848
798
7600
5285
9693
8624
1946
4935
2114
531
9608
5678
6768
6581
2419
2338
2274
8451
8738
3719
7562
3832
5884
8385
8859
4253
9315
3665
7882
3120
5180
7161
3850
6460
1740
6623
4617
5923
4814
7158
5873
8353
3755
7052
8928
1195
388
8561
7346
1599
1187
4969
2819
791
9794
5883
3079
6417
2773
2399
4857
5190
4657
9302
1578
5345
4446
7385
4896
7343
8990
4663
6016
4695
8038
635
9073
8228
4083
4860
5242
6593
8600
9016
1108
9475
2043
1535
5355
8733
7407
4861
2281
2156
7441
2898
7229
6061
1161
7764
6925
2931
8443
5779
3695
3866
586
1
3166
3344
3354
8760
5295
4639
2203
3343
1283
616
8302
2157
9498
5215
3632
375
3811
2524
4291
8868
3608
6316
5796
9359
7239
6969
7112
2267
2405
1834
7633
9605
7406
874
4679
9443
2997
2726
1546
984
3447
8065
9362
185
146
3330
6938
6214
740
3507
5742
3593
205
8450
9796
9993
3282
3303
5486
3627
3789
2243
7240
4272
4626
6251
9663
9409
5200
8966
1218
1381
5741
5529
3752
2427
5301
7855
48
1196
4668
7078
6889
8836
6967
2929
9609
2148
217
9989
2185
8866
6987
5579
3456
3144
9831
2578
4335
5898
2450
6234
3555
1517
4430
3526
214
9793
297
5650
1190
4305
5808
3745
4787
5700
1223
302
3625
5068
8336
2326
663
587
9307
2319
2198
1608
7419
6890
2701
3140
1878
9929
5525
289
1660
2529
7803
5502
907
9849
974
1756
4653
2027
5145
6864
2057
3268
2256
3377
2049
4644
4876
4117
896
3198
8335
8973
1040
9050
4994
9355
9487
8169
7443
8545
1002
4154
7640
4709
597
7667
5292
709
33
4039
2546
3841
8795
4840
7072
1755
5971
8674
9145
8876
3420
9943
690
2270
5192
9264
5953
5457
6324
5206
4319
4079
9863
6676
4278
8043
535
8002
4359
3436
358
8527
9708
2757
4842
7341
6470
2915
7330
8156
1251
4703
2107
7167
3287
1699
8647
4086
458
4011
6249
8961
6189
5067
1451
7969
6517
3849
5598
9319
8114
4735
8037
7104
8994
2272
3734
3956
828
360
7030
8479
1894
8124
589
6134
359
6770
5768
2988
3778
5688
4237
5124
339
4543
6131
6094
8927
4109
2610
5868
318
6724
9458
7221
7376
2098
676
665
9172
7934
1576
6931
4177
6388
6844
3382
2045
2407
7601
2589
971
2620
4120
2071
3272
6223
892
7880
926
325
1768
6685
82
8752
5040
3824
7076
6903
1552
757
1208
9904
1820
2943
8825
8360
2552
7466
9249
2469
9329
4526
1513
5288
472
6541
7055
5773
5986
1526
1017
7434
8275
1579
9532
9556
582
1478
5581
2791
8679
89
9044
6196
5786
9530
1007
8326
8251
347
3008
4981
8754
2785
7540
9688
8916
5114
1124
7142
4073
2015
2023
8416
4836
6527
2991
5465
624
9167
8104
9349
815
9828
3484
2031
3694
3157
4490
2117
7839
8370
1728
7849
8332
5477
6808
1491
5904
9379
9496
2496
6784
7028
638
9209
7212
2750
7149
2311
5441
7871
731
6996
5287
456
4089
7136
7919
6009
4491
7257
5199
8342
5259
6765
7702
6082
2916
7654
1327
4546
2642
4725
3393
6232
8151
5424
1388
420
581
5371
2911
7594
9516
1492
5303
9777
8699
4134
4530
8064
4112
1009
7196
9707
3681
9661
2569
1189
207
1088
6373
2404
6856
9282
3221
323
7395
5577
2433
467
9395
8015
1057
4443
3727
9651
8457
1031
9702
4520
8369
7091
7814
3016
7482
3443
4066
2590
2112
8919
5866
5951
7433
2100
6683
2563
7411
7033
5070
1729
7143
3077
2169
7258
7924
1735
9011
9048
5558
7275
3827
2983
8846
7986
6687
4674
1138
9506
9086
6112
6221
5705
2162
4047
5330
3422
7387
823
2372
831
6794
7581
840
5319
3891
8474
2599
5432
629
6303
9656
1696
2076
4552
6357
5531
7966
4652
9433
3738
202
4463
9422
9129
928
6499
6601
9276
9619
6952
6873
7331
9967
8712
1708
2609
668
2896
4416
9232
1391
9600
9768
1500
1753
3031
1909
2292
6582
5533
3624
3979
3531
2930
5433
5632
284
8220
1130
337
7525
5370
5265
2844
8282
5445
7269
5231
7699
3830
1634
1163
5511
7915
1416
2123
9735
2538
5410
3373
7393
8576
4276
9942
6494
1290
1449
1815
4731
8631
9296
9468
3587
2500
6722
5046
6936
2716
7373
9919
6454
4666
6421
9810
2462
7354
7888
8235
6672
7486
8829
1106
1781
1318
4342
7081
2026
4321
8172
4238
767
7612
3352
9224
4551
494
6034
3346
5001
6343
3951
4314
9281
1994
7425
371
5784
988
4848
7026
899
510
9763
4240
6963
3670
9412
9250
5289
9265
3289
3637
2189
1607
3023
6265
2976
8227
1272
2690
31
8546
6489
3826
7022
9934
666
7899
700
5690
395
7857
8292
6982
6200
4784
9423
8996
6071
2452
4525
1672
4255
8444
3293
2555
1683
6912
9309
7827
3990
7807
5013
9093
7250
3361
655
6675
909
8368
7392
1604
8165
2659
2316
6657
8489
6467
5880
6428
4605
5464
557
8891
2192
3529
4579
4752
2631
4377
949
7556
2134
6137
3325
2175
7418
1010
8850
5778
184
6930
2903
4947
8135
639
3784
2662
4182
3971
5238
9260
6547
2289
9370
8991
2637
6045
9459
2803
2390
6040
759
125
3204
4585
3572
9893
4792
6240
8716
464
4932
9171
9923
2228
6403
996
3607
413
4966
1775
7349
2559
6679
7779
5818
7178
2092
5613
4123
9021
8769
5813
8042
8496
1279
3894
6929
3942
4890
3948
6153
4843
3564
9192
6754
867
4868
2734
4908
3355
9746
8429
6427
2768
5720
4311
6087
572
6133
8458
4222
8618
8363
1733
8281
6064
820
4958
5727
2212
1650
7508
4829
4457
7329
5967
8890
6790
7626
4351
9566
968
7243
1480
4802
3243
6212
2155
9874
5248
8502
4512
7085
7061
8843
1793
4357
7697
1840
886
941
2969
4298
6351
6209
5404
1686
6696
1314
8045
5716
6636
8154
6355
2318
7117
2301
3879
8221
9403
2259
2660
6916
2775
8885
1897
1209
6219
6564
5277
4821
7792
1379
5444
6807
9788
2361
2843
2125
3087
7504
9286
1530
8954
6937
5659
1764
8664
2949
1403
3522
3192
3836
94
540
2474
897
3884
4968
484
5471
135
9075
9099
5413
785
2437
7863
2721
2771
8179
2025
1964
1922
4500
7452
242
8784
539
5965
4265
9465
3224
9680
2507
4449
7713
7006
3568
3926
1870
7534
6552
6515
5064
2595
4356
837
6122
4172
7972
7775
3476
9860
2630
9995
2298
3622
6369
2161
2302
5032
6463
4793
6389
5448
9406
8380
8583
8142
830
1321
9721
1112
2622
5115
7940
87
4799
8491
2694
1306
835
864
4573
1676
7123
3654
8456
8144
2913
3650
5435
7646
4774
2837
7429
7872
6199
6611
1977
1661
2309
4264
7480
6833
101
2617
7375
7668
8116
14
6852
4472
7683
7788
9646
4925
2047
504
8265
8771
2466
78
8839
976
5725
2682
5106
5414
7554
4611
3240
2036
2343
4781
280
4084
60
1361
6307
5140
1833
5948
4125
8324
4043
3973
4493
2233
6405
4258
3722
6311
7254
1180
8307
8803
1210
8351
1284
3247
2986
6268
3945
1095
7729
6516
1593
215
8123
471
3080
1700
7000
9875
4198
4409
1522
3400
1657
3466
5161
1148
6995
5912
4608
4870
3244
8005
356
443
6647
8232
5684
4627
1217
3315
4722
8812
1376
7090
113
5949
6242
673
7941
3737
9338
2749
5127
4501
9862
852
4005
6618
3726
3589
7545
2666
3227
9978
2730
5092
6308
6605
7629
754
5219
7262
8580
1777
919
1407
9559
6011
6226
5916
1893
1432
2310
8485
4108
3664
3876
2830
1353
8425
4516
3886
211
7507
3292
5121
5066
3048
8792
8076
7874
9268
419
724
2288
6127
9497
9022
5713
6585
4131
8268
1499
2605
210
1889
7821
1235
1291
2320
4049
6406
4445
9570
2719
9150
2994
7960
3271
119
6846
8320
7639
5074
2081
2880
1687
2206
6152
7445
396
5479
3397
4233
6763
6862
4058
3489
5178
5656
6453
2056
5963
2651
9752
1779
8845
3458
2485
4168
2214
2940
3995
1512
7396
910
2053
3117
7560
4471
5621
1014
2678
7274
9757
8030
8096
9273
8814
4200
6774
8149
2465
2948
4053
2822
8723
17
4531
4006
6035
6141
5615
3229
9053
4224
3056
1582
6125
2934
496
9845
5085
8166
7338
8376
6201
5396
7474
1079
139
3462
7894
2096
9733
5557
1414
671
7869
1907
150
7641
162
1488
715
2564
659
3575
7907
2009
595
3877
5018
7624
2377
6785
7358
7597
723
7379
5906
4376
9046
3802
7642
173
4008
5970
2754
8816
9511
3613
1224
829
810
438
6020
1420
8371
7047
22
4468
8182
6186
6568
5545
9905
2526
1082
9990
3818
935
6945
7496
9827
5406
7174
36
3467
8191
5376
818
3297
4295
5321
2396
9684
4318
6485
6374
3914
4811
4502
5429
4593
7083
4324
9766
351
1677
7608
9916
5193
1434
5443
408
770
5620
40
1036
7870
7208
6393
9003
13
85
3583
1652
7194
3005
6865
1685
8186
1296
854
3248
3394
2945
3501
6803
569
2008
3169
7840
8768
6080
6939
8780
4650
5163
3246
9103
4550
515
8108
8364
4672
4036
801
4973
4736
5649
4070
6615
5917
5166
1534
2190
2072
6179
8552
7459
9603
2429
9941
3766
3280
5618
6225
313
7451
7999
8448
4248
9826
5005
8536
1073
7887
4074
3230
2153
8757
559
2643
3281
1287
5263
4004
6220
8835
2790
7116
229
1162
6737
9832
9018
1802
2341
243
7470
9002
6546
2442
1262
6704
3762
5792
4068
6047
5291
9866
2780
1863
1796
7287
2628
5871
7432
6619
2444
4803
9393
2818
209
2313
7439
6258
4584
2741
8778
3614
769
7431
5080
1103
5717
1463
9540
869
8746
9813
8381
8306
3513
4495
3482
2640
954
97
5401
8658
800
5322
2180
6590
4957
8774
3286
4044
6540
4469
6377
7151
3686
2388
5814
3859
8906
1656
5198
8259
3012
9436
1958
6753
5446
8734
9064
5275
7457
9878
7011
9279
1459
5787
2167
4581
7529
2824
3974
6580
8983
4187
181
2476
6203
3033
9700
870
684
198
5298
7202
7536
2540
1664
9102
3953
8027
6429
421
7659
4885
5251
3478
2654
1167
7040
605
9787
6766
745
7479
5631
9501
7179
6651
2592
4742
7132
9815
7009
4589
2810
7070
7361
5431
6434
7604
8255
3494
8222
1248
4706
6966
2086
8744
4675
2884
3938
8777
7955
3746
3639
8560
7860
9591
7277
2723
6538
9072
3259
7092
2710
8514
7714
8301
914
4065
4142
7255
7298
8832
2411
1523
4566
5394
3720
4105
363
8243
3445
4779
6274
8643
1669
1068
1982
4847
4825
6148
577
9255
4884
7698
4320
7724
1617
4959
236
9278
3753
7327
6950
7546
8594
3657
929
3428
8623
9430
7018
7374
5914
4587
1273
3274
1032
64
6742
1935
8568
9523
5294
7643
8316
9210
1516
8036
7734
5052
6854
1411
7676
1556
4810
103
4541
5597
9039
4926
8300
8160
6570
6599
9410
6721
5709
8026
524
6798
170
2811
2513
6255
71
7715
7150
5023
498
862
2541
5449
2222
1980
2707
4389
42
9034
6822
9653
6089
3406
7833
5452
143
9628
2733
5648
5082
4923
2960
5243
2708
1410
9913
2805
4482
591
6915
172
2216
3037
5570
6387
5230
5745
4132
1900
7738
8033
8315
5480
2806
3912
9020
2252
2825
8341
6093
2729
9690
23
2794
6027
4271
7195
3151
7511
4846
237
1389
8531
6980
6013
3206
9610
8988
2068
8949
3093
3270
5915
3696
8874
9187
9316
5897
7962
8073
796
5363
549
2460
8577
1231
3872
566
1885
9618
3388
3136
8099
4362
5313
247
5924
381
3264
7210
3469
8375
6312
5029
3261
768
2973
1814
2269
2400
8634
3648
8167
3200
9914
4061
6726
2996
1856
714
5853
4791
6974
8396
7752
6173
5474
2078
8477
809
2094
2831
7519
6513
9739
4789
88
378
2397
3366
694
9477
1570
6701
2402
7071
3044
3053
8072
4661
8790
2128
5750
6946
4452
20
1497
8139
225
9572
5286
7489
816
5059
6951
4903
3796
3882
6329
6150
7591
5149
5164
1967
9314
9322
3728
4690
4721
7994
5836
1710
5385
6804
8034
4694
3252
6097
3699
2735
6433
2855
4302
8395
7295
689
2235
3662
3408
3301
9971
3000
7841
7023
8989
4160
2248
9900
8040
9196
8161
1536
2612
4931
1238
7128
8969
1957
6710
5006
3329
2745
4451
5493
2136
1521
2183
1333
9781
8608
7535
100
7649
1763
7938
6410
5461
7580
2060
2939
1297
6602
3450
3999
3333
3812
2069
9903
2035
2532
3129
5380
8689
804
6159
188
7314
8539
3491
296
2937
16
2908
691
8849
2019
7822
9983
8982
2863
9800
8125
7859
5934
3228
553
8195
9545
2108
5213
461
6477
405
9981
1194
391
6447
2797
331
8652
1606
65
4234
517
7992
436
3967
4544
6884
5270
3533
2764
2653
8009
9881
9898
7414
365
6783
70
9538
6202
5666
7989
9886
6709
7817
2491
367
4528
3915
545
8427
3594
8979
2271
8649
1011
4289
5459
4354
9683
8207
4007
448
6956
4161
5518
9884
5629
7744
7339
5327
1891
4894
3275
9542
7171
863
9051
3621
9037
585
6562
5236
485
5612
5425
7916
8799
8977
4388
411
8435
3492
1241
5274
1654
4188
4355
8288
3116
1553
2463
7830
9569
7630
1469
2111
5409
4184
4699
1737
773
7645
8521
9817
3631
9528
9107
1623
1227
3340
4246
4696
7027
7746
3551
726
2706
6621
6635
3097
7203
2725
578
8130
7335
6825
6684
4641
4815
606
2938
4204
8525
7573
1001
4150
8765
3774
4770
262
1484
596
4914
6113
3906
1464
9290
8210
5100
7548
3969
3173
6893
7050
7426
7901
5867
1358
5582
2347
4346
9952
5561
967
3537
4916
2432
9437
7098
294
1562
4522
1462
4230
6288
6720
6577
6495
4897
278
2893
6261
8933
2882
5037
4630
9705
3078
4034
6078
1494
3376
7700
7
9426
7427
4822
1087
7867
1426
2174
386
6254
3660
6782
7383
3067
4130
7543
611
8487
1174
8921
6866
4553
3521
3843
3164
6639
165
9935
8706
855
9541
7947
1730
2895
5604
893
3944
6492
1691
8119
2314
502
1059
9199
8164
5308
5400
444
5367
6976
1597
850
612
8310
538
5961
2364
3703
7332
8430
7786
5777
6079
1016
1809
9579
7823
4455
9189
7767
3022
5119
2868
28
8590
6897
6594
4624
4115
8428
9975
6238
1797
6415
2608
5762
1693
1439
8566
7824
1019
1920
9017
3096
4841
8976
309
4051
9562
9718
4603
1125
3215
3634
6244
3930
943
4106
649
6625
5568
8001
6282
3873
8113
6622
7021
5748
1419
3710
995
8759
3497
6381
4404
1762
8893
9261
7974
6383
8897
3957
9325
678
5886
4483
8740
1904
5587
8871
4912
5141
38
6320
5851
1152
6172
1886
6776
8402
9615
7267
5634
5861
8409
179
670
832
6435
5753
9710
950
7062
5458
3398
1257
9229
7502
2373
2717
7430
9873
197
299
3917
6523
9088
4095
1479
3997
5733
503
1351
3213
5095
9972
6914
8794
5162
8020
2782
6751
9416
9966
7487
9394
5870
1566
6526
2683
3001
7166
221
1926
275
1605
2865
1628
7967
4480
4538
27
9755
8398
4444
1330
4701
4235
8908
4510
9645
9925
9242
2339
2866
8000
5548
7739
4580
1493
9385
4225
9634
5333
7230
12
3335
4625
9932
2697
3065
2201
159
1908
1805
4116
2692
6004
9638
4124
9963
2012
942
3106
423
752
9473
8031
1443
3255
1572
7501
916
777
479
8046
3162
962
2671
5643
7835
50
7124
4367
2003
7234
2382
2273
6295
2521
2652
4993
1953
8373
1800
8661
6147
3043
1603
8895
2250
4304
4185
3829
8797
4259
9027
9336
934
3411
147
1334
7878
5887
5373
305
2713
8390
3174
3276
1824
5214
880
7532
2393
2475
4299
5389
5910
3562
1681
4724
8665
7063
747
667
1772
3713
426
1100
7415
3911
2566
5726
7592
3560
978
4939
6193
4934
7796
6368
7096
4395
9441
7031
1724
5683
239
5932
2263
9936
1997
3928
795
9347
5539
4081
5326
1646
3647
9421
1418
7516
7720
842
2135
7263
3208
4524
8019
3846
3612
3547
491
6098
4902
4328
7223
2194
2197
3455
4850
6514
5701
7357
1817
2152
9795
9246
3541
8914
7625
4745
3019
8359
1049
5347
4189
8535
4997
6169
4778
3941
4203
429
4913
8834
1250
4764
308
9203
6528
7191
9059
936
8518
3161
6178
5749
5668
7273
7995
9648
5440
9300
806
7569
2875
7388
5522
7164
4408
5530
1813
7834
6940
4221
6032
4155
7204
5512
4020
2846
3418
8864
5368
9957
7446
751
8562
4315
792
7088
7491
1632
7188
5938
7004
3605
2677
3770
6194
7494
8178
4867
8118
705
9679
1370
6267
9551
4596
7917
9045
8686
6919
9571
2874
3464
1038
8492
3775
7119
3251
2648
5589
2132
6723
9658
8058
2101
9488
8556
3125
4390
84
3410
7802
5984
4771
534
1015
2171
2933
6086
3399
5817
849
4583
7043
5607
9288
7996
9508
392
9162
966
2337
964
5098
6703
3519
4492
1618
5794
5399
5627
168
5108
4209
614
9
1092
2461
3949
2838
2050
4600
1065
7575
7877
8745
8593
9856
6965
5937
9173
5933
1315
2756
9161
8498
3874
9204
6023
3014
2990
4577
3155
5451
6039
513
6330
4739
784
5780
8143
10
5860
9289
5793
3316
1177
7002
9601
7307
3326
4618
3527
2527
620
9514
3122
2115
1254
1883
478
3644
8767
7365
9596
8698
1939
5981
6067
3232
9221
7513
273
721
3165
8052
8719
25
8263
4031
9719
5329
8984
6729
9495
8676
7122
789
3320
7677
3739
1622
562
6829
2276
6165
9389
6731
5765
6870
4470
5682
8004
8578
141
3983
1390
3813
418
4330
6262
9590
5375
1589
2878
4729
7475
6839
2323
6693
4636
847
9166
8553
8333
6788
8714
574
9225
3908
5640
912
794
9297
3168
9067
6637
6419
3931
5174
8693
1978
924
8501
7736
303
6478
9865
1931
3510
6563
2241
9655
2542
3004
8967
6509
6358
354
9861
6539
9243
3036
3652
6906
7679
2747
2577
9198
183
3711
7539
9616
9327
403
3963
451
9191
9251
6187
6006
5438
9091
1828
6025
6609
6364
1145
1557
196
5901
5073
7896
846
1128
2899
3523
7773
2681
258
7440
9080
8213
4370
5989
799
8763
2238
5344
4169
4673
3578
9160
4383
8180
9964
2647
8743
9583
6317
3472
4677
9001
2059
8452
187
877
8517
6493
8399
7653
8822
6
8386
7755
2604
4671
6574
7658
8431
3064
918
1951
6918
3822
5110
2897
4595
2644
7781
2321
463
5723
7892
6775
9926
2371
6733
5365
7810
5366
8237
492
4824
1567
1269
9472
2871
1511
2406
131
4375
6501
8548
7991
7381
4615
4964
6569
3392
679
516
9375
4267
6587
9344
4988
9734
6049
8986
4110
699
6628
6845
5173
1075
506
5691
5427
8980
428
2669
4096
628
3046
9146
1839
7638
7884
7180
126
1575
2421
5572
8818
409
9717
898
9464
6437
8749
8091
8271
9233
5348
732
473
9582
6195
8090
5802
8815
189
2315
2468
9271
5144
1959
7925
3561
115
2633
2506
4426
8614
7850
8208
3020
4138
5760
6923
3937
3487
8785
6328
487
1853
1406
1278
3095
1316
6850
7958
958
2332
3538
3231
1373
2330
286
7522
2774
1549
2543
9223
5764
53
4506
7285
8069
4009
1371
4467
5247
7115
8184
6613
981
1140
2770
1024
314
4572
3191
8003
5823
3306
3369
8442
9784
6401
4667
6986
2360
310
4166
152
9858
3465
5869
7518
9987
8626
2412
6624
8995
7236
977
1845
787
2867
2786
1594
9317
7125
5738
5942
2746
5820
9287
4816
6461
2585
9946
4121
9729
7908
3800
274
5900
9980
2832
4767
9853
4091
7936
7340
9352
4270
3239
6699
2211
5025
1268
7921
2522
4396
2804
1444
3124
536
7227
1973
1924
9801
4419
1270
4438
8379
1298
6084
9625
688
9365
6277
4676
8944
6831
4563
6589
7537
2434
6626
8053
3032
9164
6834
3620
3603
3378
245
6315
8021
6617
4687
1858
2601
9499
4393
5152
8070
8290
4092
4461
7074
4613
6842
5538
8215
9061
646
9939
2892
9776
9822
7130
4152
1547
2881
4712
249
2126
4571
2909
9820
2625
1915
1035
7145
8405
7512
7232
1962
8313
7616
5038
7352
5791
5913
1985
8529
3655
5686
9888
1144
5487
4839
1450
8279
4692
7093
4488
4266
166
3419
5393
102
5680
4685
480
3641
4217
8244
2268
821
5466
1574
434
226
2484
19
2146
6081
6689
1861
2603
6306
2196
8446
6462
9889
3090
5630
317
523
4768
5855
9152
797
5692
2798
6426
8762
3980
3142
4018
1454
404
8189
9691
445
5212
4941
7708
4489
6755
5759
3123
5952
3150
6270
9471
7868
6707
5381
470
4918
3509
7410
698
3034
2127
915
8838
7737
3112
6984
1473
1695
6088
6592
5550
1394
6279
4718
1277
6177
8495
4402
2193
6530
1259
3058
5310
9814
8317
891
6922
3786
4144
3263
2784
8147
1963
1647
3390
9158
8880
8947
8032
2085
3211
5227
3313
2776
2253
1097
8022
1658
7628
3875
6991
5562
1308
3342
425
282
6802
9014
1264
986
192
7791
6818
3748
5954
490
8077
9613
9390
2041
5133
8715
6910
6544
4175
1396
7564
1123
1525
8541
9007
871
3958
8798
7154
1665
2449
1821
6491
4929
5010
9789
8468
3671
8511
543
5995
5679
6730
3154
4348
3480
8177
3972
6106
4616
3676
4399
6301
6543
8438
9077
601
4458
4837
7605
4046
482
2188
5332
8466
1744
2011
2358
5151
9490
3337
4327
6835
5297
6797
2812
1520
8346
4963
5338
398
3994
3927
4059
6474
3285
1133
4030
8013
1025
4883
3054
265
8620
8060
9803
7449
7691
7034
1080
4336
9568
459
2307
2850
5374
1446
372
7851
1053
2448
7664
945
3407
1583
8257
8122
3076
7186
8817
4094
763
2075
8088
9149
7064
3545
6066
7182
5505
4898
4557
6283
4136
1329
2699
9606
6451
3558
9063
5795
2556
5693
2261
8437
9215
6759
2486
6677
8218
8246
7789
933
8330
9333
4984
2247
7745
5473
641
7490
3577
6479
6384
7265
1377
1156
5785
2586
1352
1326
8018
8711
4147
940
1717
8671
2376
1515
7820
2732
272
8637
5170
270
7614
1131
9637
1990
2663
4782
6128
9672
6610
5353
5065
1825
618
5809
8720
9143
8039
8115
883
3960
4766
182
4275
2826
6641
5857
4250
6151
1375
860
1255
2661
9346
73
6681
4809
7391
8937
994
5051
8436
4713
1382
9116
9366
9806
2110
7771
5290
1083
5240
5022
3803
5554
8357
6713
7648
2240
2191
2984
422
2989
8106
9713
579
9217
2932
1029
4303
6057
4476
9220
9065
1253
432
4827
2481
3312
4708
3764
9274
696
3439
3698
8153
8622
2344
412
4384
3350
5125
5224
848
7205
8869
5311
9023
8256
4090
576
6276
6121
9448
2495
4574
856
4757
3618
6243
6305
3409
1898
2305
2935
7843
5569
9709
4001
7300
1992
1807
10000
4326
7965
4535
8187
4646
3219
9417
6471
4101
7073
1659
2021
4889
2473
4597
9253
8528
8913
3131
2324
906
269
6973
2614
1215
7495
9058
4910
9056
5499
3358
2616
2417
5501
2232
7131
3474
4539
3414
1013
623
5633
3791
1141
3591
7384
3565
390
6366
9267
7927
4952
9592
556
5541
2829
6483
2291
3234
7238
878
2676
6535
6504
8611
7348
4649
8630
2799
1387
7476
7499
7416
3870
9283
3061
3438
7631
5069
2067
8397
7099
7942
3964
1204
6284
9408
7651
3807
1070
8097
8981
1313
1185
9057
5959
8741
6162
6026
2017
1175
8028
955
8888
1619
1514
3383
8544
5156
3405
414
3013
8683
2687
5504
9838
6711
9565
7286
9293
9415
8879
8049
7980
1510
240
9369
8526
9550
5535
8923
9138
619
7566
1244
260
9427
8926
1612
3417
9728
5824
7842
433
7113
5165
571
7309
7716
2089
3985
8779
4223
1173
1447
9388
3460
4628
647
725
6886
7588
6566
8656
7829
4145
6557
1119
8938
7310
8662
8387
6111
5343
3363
1157
2046
7276
5575
1560
8334
2408
3283
2308
5081
3910
3147
7526
5250
875
3542
1143
2872
2231
8497
8092
8507
9387
1154
6777
2119
965
6290
1441
6853
1811
3384
7056
999
5226
1862
7943
9148
4637
4088
6727
4435
1903
7875
2494
7251
3819
6103
4670
8613
6576
5143
7253
2574
4063
7244
5515
697
2356
4439
3761
3372
1028
7424
3540
3878
3668
5663
5551
5318
5606
9376
744
989
4071
5878
1429
970
1342
3543
4930
8128
5801
2583
6863
730
2170
7565
7722
7087
923
8684
2954
8500
5430
343
2772
2971
1785
5865
261
3588
8012
385
7984
8968
2064
9644
137
833
6970
7661
9439
3754
321
8638
7673
4279
5469
2054
8999
3485
380
4682
4895
5647
8035
4776
9435
1993
4726
1393
1142
9968
9332
6757
1739
3828
7312
2446
3139
4433
6830
3524
1648
4970
4515
3182
902
4176
1750
7634
4368
7701
3412
3103
344
558
2030
1506
5044
5707
6191
5397
8481
8854
3387
1937
83
4374
5706
6662
327
6294
8272
6096
3597
6584
6917
8640
5922
3675
6399
9005
1966
4567
8089
1642
9976
3601
6928
1504
5964
5033
1629
4097
3183
1383
2312
8644
5710
4252
6028
6407
3628
9536
6896
9950
8111
5639
5585
4927
2890
2816
2594
1006
3199
4967
3249
3640
7595
1401
4956
4651
5677
4496
1854
3743
6241
9883
7620
4385
1216
522
2052
2138
4441
9563
8764
7402
6055
6188
5024
2363
975
7193
2533
2573
3348
5058
6337
1404
9984
9324
9580
8713
5086
9928
7005
5536
61
8449
5715
8506
9759
7231
8900
2422
640
2685
8597
2545
8833
6382
9892
4478
5216
1722
7051
7157
2961
7016
839
1851
7428
6560
4658
6719
7048
2853
7706
8604
8433
3380
6955
9012
7458
6734
7776
5462
1483
3946
3374
4042
440
1090
8057
6139
5833
2615
5839
8629
1888
8318
112
3003
1627
2575
8245
8467
7599
8339
3858
932
4680
4909
9257
6233
6053
6123
3715
4972
7577
4862
1979
3055
6440
2807
8322
4421
3584
1788
6488
961
5830
2459
4734
9114
5807
3638
716
144
5447
2381
7623
9627
2369
1890
3098
7394
4638
9262
5737
8974
772
6714
7278
6697
7468
2477
8522
693
246
756
1467
3449
2346
5875
5309
9751
9222
858
2802
5516
622
4904
7019
2981
6230
9890
9632
5996
7184
8892
2472
3236
3416
1122
5730
4645
11
6038
1220
2258
7404
8575
9256
1430
1906
1076
4761
4454
1776
1481
5956
6743
4343
6741
4432
4202
7553
8953
1357
9122
32
1096
7082
8998
8772
1773
9030
5009
6649
2327
1400
1307
307
8592
1742
7515
9364
9771
9342
8902
7889
120
4220
2141
8549
3554
748
5732
4717
5990
220
9070
3863
9518
3322
1783
6425
3697
834
8234
9736
7937
7977
2548
2266
1509
238
5211
4494
6167
734
2282
7147
1531
2964
2063
9019
4697
1879
2209
4251
8918
2467
5920
6486
1930
6534
9083
1746
5359
9420
7672
5357
4844
9807
4428
1247
2295
6674
8621
1766
4197
7528
9525
5841
4917
7409
5439
8648
2020
7220
1060
7800
6706
9234
4010
3307
1182
2621
6654
3955
7041
5781
9132
2287
4338
6166
4801
5547
8170
7957
6650
277
6567
4060
8737
7120
1081
592
6882
4835
6795
1916
319
4274
3163
5877
9527
4003
5087
9629
3840
5062
9479
9944
6992
3701
5386
3332
7192
4436
8856
8898
107
2048
6817
4307
5204
8894
8958
7169
8219
4099
9230
7948
8230
1034
8432
2715
8861
8692
8550
9977
9096
3678
7197
9484
5626
8828
7707
6248
6933
5881
3598
7153
4633
7847
224
4610
5681
3626
1875
5
6149
5118
6851
6971
1881
9398
4331
8413
8103
5674
8287
3889
3798
4481
5553
8239
9382
5148
567
4378
1940
7315
7975
5202
348
9754
2352
26
6347
925
7732
9240
2280
5521
5035
2106
7956
4410
9621
5960
8176
9451
4986
8420
437
1714
8823
6231
8635
6630
5235
3105
3309
4763
9373
5324
6698
6327
8434
7068
4381
519
6468
1771
2778
3892
8408
6213
3217
7225
6059
4474
3153
6941
7674
1222
9602
9686
4542
3781
9654
5075
9306
3923
2139
1787
6827
4139
530
6455
4534
6050
1171
5084
7228
7723
7342
9652
8957
901
8008
1701
8523
6964
2340
3656
8269
3011
1099
4905
455
9741
1266
9850
9201
148
2842
5893
5007
779
6558
7368
3194
7563
5182
1932
4881
7845
5362
5754
1263
4165
4503
8844
3431
4207
9547
3446
9353
5054
8910
7260
2847
5003
6682
3920
2712
7741
6398
8321
5049
9868
5195
6644
5993
8827
2142
2926
6119
7524
5411
7678
8472
9168
6620
9924
5217
9200
1602
4268
4437
3790
2195
4590
98
4783
3705
6211
9013
3518
702
3916
2018
1328
4748
9620
4281
6578
2862
5797
2558
8905
3771
8146
204
7929
1384
9076
9599
7619
4747
6591
5147
9837
6556
4991
4545
4284
3051
7060
6143
104
160
7503
6781
108
9612
4662
4427
6778
7369
7134
2503
8494
1197
8349
7636
6670
1938
4392
5672
3895
5276
2179
7304
454
4723
7856
9182
3573
5004
7492
512
6953
7759
913
1046
486
4087
5586
5497
3158
9927
8584
9552
1089
2355
9125
3305
7049
5595
2165
7765
1542
9372
8252
8972
6934
7953
9135
2014
6780
6511
5694
7718
7680
4642
293
3265
6012
5021
3860
8572
5772
5099
3735
9877
8857
5358
9617
6521
4762
6990
9577
2186
5334
5335
2792
5384
6095
5484
5644
3606
1055
5223
973
5315
1711
1468
1838
8461
6322
2414
5296
8786
153
5892
1887
8533
7950
5109
5260
2634
8248
9574
3525
9595
5936
2947
9094
8896
7898
6658
3442
2709
30
5608
6379
4412
602
62
6445
5378
3732
6565
6332
9428
7024
8847
9764
2888
7461
6855
5711
2275
5312
3816
4447
2581
4055
6110
6420
3448
7444
1105
5096
7770
1293
1428
7854
8628
416
9041
2607
774
3833
7758
7998
4683
1987
6519
5676
8112
6841
944
8970
3359
5346
9248
5766
9871
2711
8473
4167
8589
3989
2005
7370
4807
2820
1275
7509
3451
9450
8606
9798
8761
6472
1471
4201
3461
66
4032
7844
8168
8806
3121
1435
6192
8047
7284
9671
2219
6348
7292
3171
3571
6392
6627
9962
7266
4700
1458
2763
2413
5520
6360
8860
8475
4077
2453
8478
7110
4308
6809
8680
7670
2423
7200
9237
882
5063
625
3324
9480
6197
266
2401
5844
8603
5280
4254
7866
9354
5491
4484
3782
5800
95
47
3327
9123
1784
7176
3635
3205
7993
6442
7932
8383
3596
3100
4403
7990
6879
7527
808
1882
824
1455
1679
8537
6386
8742
4391
5599
5943
5874
6278
6902
6432
1541
9902
7582
1586
1519
114
4727
2950
953
4938
5017
5328
7749
7970
1322
7890
5565
9723
7465
8238
1955
4212
2039
2038
2455
8946
4429
6537
9930
9320
4022
1857
4228
7245
8356
9341
2044
5154
1706
4226
8174
7740
