2461
5516
9432
8821
2889
3117
8179
8225
6115
5613
2273
4748
1062
6506
7103
7650
4496
5247
4139
629
9819
9165
4039
6021
8817
3510
8425
6946
5962
6754
2014
4689
8058
394
4658
6628
4877
2952
333
5925
8426
5631
6990
8146
7337
8349
7635
1583
7455
4855
1460
8540
5389
3022
310
8164
8635
646
2672
7964
6634
1284
3625
9824
7914
3619
7628
9436
4839
6832
8573
7306
3768
8378
1440
8184
3189
1637
8816
7415
8605
8861
6844
240
7733
5993
772
2693
6878
5937
2134
8761
8776
1296
1384
5557
8673
8473
8293
6338
9551
3195
4049
6819
8359
9347
1026
3608
5967
924
185
5784
4415
5603
3246
9692
1882
3677
737
8175
4709
1544
5166
1678
2847
4672
3318
7988
4021
7884
4473
4298
4609
5887
3507
8893
5645
161
3985
7278
1458
4495
8332
5927
4222
582
9385
173
2639
1394
34
4527
6199
9935
1608
1673
5205
674
8958
7465
4276
5024
5919
3325
6201
1100
3131
2551
683
7997
1577
9964
4558
5003
9793
3239
3101
6077
2649
1137
6042
6228
9464
686
134
6408
9587
8039
2989
9193
9645
3205
4919
3836
900
534
9330
367
4332
6778
9789
8257
5821
4241
8484
1207
3013
5334
1907
9461
2625
8405
684
1355
3635
1733
7050
5055
3879
7184
1185
6577
1188
8421
8947
487
1496
6248
5921
5711
2256
2039
7709
5222
1682
590
1278
9303
7558
4865
9409
5305
9107
7846
7646
2982
5746
8649
3523
4783
2441
2472
4333
8492
8373
3663
162
166
3938
2468
3542
3910
4806
3274
859
8024
7162
324
9927
9735
2836
9627
7151
2151
6279
5087
3167
1082
4779
1223
861
2828
5601
2718
3719
9778
3710
6096
9448
137
2752
1939
1591
7418
4660
8138
4832
8759
5241
7659
424
2720
7062
502
6286
774
4135
6
201
2019
726
5729
7793
9394
7440
5582
4834
4568
8139
218
2849
4293
4638
2673
9730
9106
4040
834
4080
4468
129
5442
3967
3966
4032
7012
2819
9919
2093
3043
6380
246
2330
4849
6207
8599
8397
4554
6737
5022
1992
8586
2429
7923
309
7007
73
9487
7381
2329
3227
8474
7760
1796
247
6973
7101
3856
9185
9218
9438
6153
3515
6222
6322
207
8133
6127
304
3553
4482
3033
6086
3862
9764
8037
1212
492
9934
8636
7394
6028
5524
3666
4078
1589
2338
3586
5556
4544
8203
1739
8951
9836
1174
4717
9995
6922
4438
4860
825
2214
337
7895
850
3628
9882
6205
5000
5453
7874
5546
2343
6162
6645
8752
9443
7878
5883
6984
3111
664
6901
3712
2942
3995
4567
899
5586
8801
5464
3290
835
1361
6866
5575
784
1819
5992
9857
5085
6758
171
876
4079
6318
1818
457
3142
7130
4837
5694
5168
7797
4405
6549
2001
8678
1672
2321
4945
5403
7496
9773
9083
8703
7092
4428
6339
350
1747
1088
1745
961
9900
3269
2638
9763
871
8306
1367
8262
2397
7292
7064
9172
4619
7516
301
8267
4863
1687
959
139
3811
886
8965
2430
9550
2814
229
9119
4286
5248
3537
4563
7153
2729
3771
1595
9511
121
1197
2902
8604
5971
7342
9916
8237
7085
3777
4657
2470
747
9079
9651
8054
4342
7380
3720
3114
6325
3296
9021
4886
8909
5026
6661
5185
2676
7422
8766
7339
2401
6195
4409
675
5275
3595
6251
6571
4279
6306
7395
8259
8584
2773
9194
7778
663
6066
1525
2447
5641
7344
1472
2986
48
764
1214
8278
7161
6030
442
9581
699
8968
5975
260
4401
1218
6864
9889
1740
3137
960
2876
8897
9447
4433
1869
6484
2940
5999
3146
8224
9595
2908
4234
8983
1109
9661
2787
710
6210
2222
4788
8771
4760
7926
7657
1835
6446
3228
4721
811
9178
5109
77
2086
8712
1332
6093
9015
8275
4307
8420
3899
2140
9881
2598
6459
8708
8617
9259
8027
6186
357
3000
8064
7737
9446
7508
4036
4490
6146
9277
7232
7502
7470
9623
1179
9955
4024
259
9742
8351
2552
3448
3563
2510
2427
4274
9878
2320
1089
9289
1948
4918
3305
4898
3559
6583
7524
7045
5250
6457
6130
8214
739
1626
7808
5654
1285
2043
4916
1709
9923
1502
7564
6005
8361
6416
3904
2175
5290
9023
9953
9838
6211
7515
564
244
3057
785
5804
1963
976
5792
7323
892
9293
8855
1885
5866
4315
8767
3981
9216
2235
4746
2230
9429
5468
7345
2624
6213
3512
1578
6407
4094
2336
7229
6406
5226
1946
5814
6472
8118
9221
6113
9271
5540
443
5809
6644
4444
5198
4360
112
536
7510
7609
3616
2722
4012
9621
1983
203
4932
5153
617
2124
6172
9032
419
7383
3971
8000
3005
2000
1061
7265
3832
5667
4716
8430
8114
1582
6953
1000
1258
941
2497
343
136
8653
970
6147
2697
8722
3732
5648
9719
5300
5053
6450
1618
9115
4363
5782
4874
3969
9560
1909
9592
6465
5363
6051
3104
594
5997
3501
934
4583
6848
6569
6232
8900
6117
7338
4027
9124
9297
3253
7309
4378
904
3887
8798
7490
7179
6070
4327
1732
4744
9454
1144
2360
9131
6346
7409
1281
2779
1699
8842
4044
8612
6503
3051
2118
4108
4500
5828
6072
9909
5924
511
5497
9000
9860
6202
7568
779
1746
4676
751
5520
8393
4235
2418
6601
4288
4038
1485
5316
9933
3402
5418
7708
787
496
5338
7
6011
1475
5281
4819
9794
2875
4013
1994
7755
8318
7082
1820
7228
388
1952
2462
2796
6695
5240
9945
4259
1428
530
2384
8191
4862
4447
6980
9450
6904
9143
13
224
906
8038
3091
2406
1848
2302
6197
6309
4905
5549
700
7605
4726
4425
7684
7212
8051
6355
1528
568
7833
8456
9465
4807
7476
8008
3876
897
4300
6655
1773
4437
9449
6975
9785
5384
279
9862
7743
3998
1461
2515
1262
2366
2250
318
8927
1845
2090
24
6002
588
2643
2112
5665
7118
532
7275
480
1813
1753
3347
6797
5799
1867
6632
6068
3639
4100
8641
6319
4187
4132
8143
8344
5897
4679
9801
8097
2158
9348
4115
5311
130
1287
4853
8453
5673
8044
8736
7992
9610
7946
7627
1164
3783
1990
8860
7604
3744
7427
3914
9088
7144
9312
3850
5855
6974
8503
4930
874
5548
3241
3411
5696
2152
1537
2231
1246
3958
2219
1513
8483
8152
6742
8467
6768
6226
4348
8753
413
1115
4981
4008
523
9261
6873
475
5378
45
1902
6217
3875
9029
2359
4475
2646
6479
4924
4043
8358
3804
8464
1675
656
4070
103
393
1116
8117
5723
2950
8791
780
1474
2813
8668
820
5387
2719
5676
8073
6739
6978
2960
2848
2071
4579
3989
5936
8655
5563
9095
2392
1831
322
3828
2195
7654
5680
1390
1632
9970
2987
8973
2737
5392
9994
7106
5304
9761
9665
7037
3787
5650
9027
9182
1824
6869
4541
2146
9652
3173
2252
908
8391
5428
9195
5749
4552
5306
3684
7318
7072
5532
6063
7058
822
6530
2066
190
8050
8233
9624
9490
6839
3427
6270
8935
1330
6196
8100
8955
596
2573
8937
5738
9092
7349
6936
9504
8544
6200
1934
6464
7583
9876
642
3793
4910
3491
3607
1071
1764
9572
2048
8382
2930
6335
6920
1659
4450
7060
9830
992
2582
708
2997
669
5297
9771
2068
4188
9682
6810
783
5716
7648
6469
2584
3855
7763
7458
7116
5998
2840
9489
8843
6951
3987
4253
2380
7980
3374
6860
5567
8515
6534
3831
4325
8642
607
4502
4754
9904
4088
9175
7689
6250
7735
8666
1023
754
7686
9503
3647
8782
9816
1053
1169
460
1551
1573
9972
8575
6704
8632
2539
5845
3410
8113
4105
4612
193
3734
51
6485
887
6566
758
8685
7028
7469
7322
9467
7616
3818
4445
528
6400
5757
8150
9989
5067
6193
2454
7775
2449
8578
638
3743
1080
1329
9110
5728
4111
2133
9423
2103
3761
9296
4922
2860
7877
266
5492
6557
160
1117
7525
6394
9884
8778
525
1651
5296
5073
1906
6640
5840
7223
576
5113
7250
6310
1908
1141
3138
7757
7075
1019
3554
4909
4846
3306
138
574
5064
5458
3570
3212
2337
5870
234
5681
9152
5206
5762
7637
2833
8603
7641
8055
2963
884
19
1635
5104
1981
3587
353
5535
1688
7802
8770
5512
79
567
3727
4480
9149
3169
3144
8657
6736
8936
4120
3191
4028
3670
7124
8338
9236
1823
5272
6715
7206
6345
4988
8629
9602
9183
5071
4565
562
5347
3416
5858
8844
950
5294
360
3126
9270
9680
9097
5565
2142
8777
910
1916
6480
5443
4553
8757
4513
2225
4920
8901
5714
5308
4185
2778
6178
2726
5597
6760
3950
9790
3072
6786
1036
3094
9341
8285
8253
2319
4629
3907
2180
5228
4007
8614
3176
8221
5960
601
8566
9718
3420
6994
6681
1312
463
6413
5773
860
3864
3351
6808
5653
5547
5112
243
2216
8066
5277
3530
5621
8195
4316
6144
6732
3047
3025
2385
6188
2988
7410
3065
239
8725
1134
6326
4358
223
6095
4902
3622
3383
2691
5727
3977
4009
636
7319
2544
4906
7592
1738
9265
7114
5726
6426
7137
853
6800
8086
687
5284
6254
2842
7225
8315
407
3308
1091
3399
5530
4104
6666
6522
4510
5171
2817
2253
547
2486
4645
786
6995
2460
6677
5811
5008
6141
5005
7706
9322
6356
9317
8215
9414
985
9382
610
9811
5703
381
4644
1978
5880
5795
9578
2881
473
8248
7721
6746
6183
7944
1533
2494
9770
962
3406
7188
1993
2423
875
213
4394
7824
541
2821
35
6156
7011
7589
1430
936
5405
729
9657
1921
2035
5431
7219
7521
9704
3976
1836
1984
2622
2890
7285
8808
2658
9614
9072
2091
6069
2879
8360
6076
4681
8227
7540
4774
3485
4892
6513
1343
8497
3847
3785
2244
3746
8622
8917
5740
1227
122
7979
5354
9727
5633
3492
1018
7514
9707
8241
7576
4215
6929
8596
3128
1781
8173
4933
1445
7538
142
2559
9323
8048
9622
1081
4142
5204
7900
2413
3561
3890
1024
9488
7273
6342
8547
6952
4804
6893
5688
2081
1540
5332
2013
3203
3443
1920
1293
3428
2255
3713
2185
7883
9334
8990
1249
8494
9173
3103
1874
6620
1180
9310
8846
5303
6116
2684
2811
614
5062
3225
2663
108
7274
2834
372
2670
6868
8085
4465
3506
7281
8412
1321
8487
7198
6182
3302
5340
5776
214
1570
9342
4827
8188
3161
8872
8784
8621
2174
1310
39
544
7382
1922
9888
6983
7390
4728
8460
7393
927
3335
6968
8940
7142
1176
4254
4588
5100
8945
8895
5695
9712
4659
2995
5578
2388
306
2236
9398
8871
8323
8443
4282
1098
5043
863
2509
7400
6473
5182
7989
8463
290
8235
1955
9538
2305
7404
200
3291
2862
8141
8304
2977
3611
5974
1834
4411
8003
6223
3467
3074
4639
8010
4350
7785
248
8151
888
6935
3877
9679
4876
4283
5271
8803
6960
9345
5094
5417
7154
8925
5822
680
2765
6733
5571
3190
6917
5328
2716
6730
6280
569
9534
434
6194
5325
7445
9367
6795
8271
7293
2793
2239
2535
2921
9044
1314
5717
8864
660
429
3898
2604
6173
7066
4637
3632
3598
5663
9684
8032
6812
658
9123
1770
4890
5907
5015
9290
5970
3863
9189
1302
9734
8120
1468
7377
420
3174
5805
5977
8856
8481
1549
8892
9738
4702
8742
289
2830
4413
3004
8795
7950
843
6710
7297
6362
1397
823
539
4971
3918
2285
9668
7386
4289
1794
2276
1166
1501
9139
1809
2864
7680
4285
3285
7065
215
3020
4092
8512
4201
2484
1132
6350
7694
8208
6241
8501
7032
5382
8652
9441
7818
3806
252
264
5614
5455
5029
4247
1103
6809
8647
4219
3897
8096
8964
678
5718
972
4314
3265
4974
2292
6701
2969
7218
9915
4734
438
7803
7629
115
1313
5360
4186
8529
6781
1942
8016
3544
5789
2123
181
7880
3359
7621
4163
3460
2382
3880
427
1276
46
5638
1124
8465
4665
1891
5147
3208
721
1114
2916
1653
677
8853
1398
1201
7432
8395
6834
1350
7768
3912
7086
1859
9926
4227
8137
5743
1173
6678
9272
7972
3016
6329
5078
2682
1004
7998
6453
6089
5381
1972
7040
4700
522
347
7620
9691
5172
2529
3334
3201
7095
143
6895
9479
5016
4198
4001
4338
6724
8101
4238
7425
2906
7606
6658
7405
2951
2428
7971
2044
2602
4765
2416
4504
2790
4969
8769
6766
9780
803
2948
2487
4131
8888
65
2206
5233
4593
4440
753
9565
9431
3973
691
2631
1628
2126
9826
5732
8088
5802
3790
7667
5830
5517
1481
1453
5722
9017
5531
3532
7408
3133
4931
5375
8413
4050
5312
2128
790
694
5706
6847
2788
2280
3667
1609
2496
1327
2939
1247
3654
2363
9492
4968
5116
9562
720
1120
5668
8031
3237
9142
2224
1602
8826
5808
7905
9713
1925
6700
9873
6545
2063
3748
6417
1644
1095
806
595
4251
7191
1947
1962
8377
4155
4128
3252
5768
9973
7736
3026
2083
69
4239
9687
8076
4302
3672
2249
6532
2226
9373
3822
8462
9659
9750
5239
1060
4800
7924
2031
8541
1457
5837
1369
8115
8472
6257
9894
8733
9472
889
3894
2262
8978
321
7259
9077
8711
1232
9938
996
8023
170
6721
7744
2077
9332
6670
6414
6150
7776
4205
2912
1410
2420
9866
8513
5854
2688
4796
75
8545
9677
6035
6499
5156
3874
8660
2735
483
1192
4791
9897
7823
7881
8469
3701
3331
7178
4379
1479
9722
3300
3772
1795
8516
2120
4818
7762
9858
3027
3263
4321
9129
2605
6337
7630
1519
7104
6017
3812
2184
4547
4729
1295
5995
1291
2795
7936
2191
6466
2919
167
205
6471
6171
7316
4306
2750
6225
7039
9389
1778
1641
7324
9667
3698
5282
1268
6825
398
182
5590
8134
124
1721
2706
2104
7702
1636
1943
9868
8202
830
4965
1592
973
8677
6987
8340
5075
6722
7108
6445
9527
1535
2555
6289
2032
6435
8542
5918
8748
7120
4402
9486
5953
5076
6890
5569
9403
7041
4793
5607
3915
5224
7544
6714
1136
2399
4559
7792
2905
4449
8589
5263
6315
4864
8813
1487
1304
7143
4233
2928
5480
991
1694
1113
5484
8005
3726
3580
5146
731
5154
6054
2116
6648
7365
2294
9642
9156
6602
2613
549
9499
8613
1190
6840
7254
6814
2786
6401
5775
7865
4262
9309
5736
2829
6246
2248
6381
1868
1923
6536
5744
3888
5699
5942
5894
8263
7930
5401
5914
6427
4595
8518
3678
4670
5141
8389
957
2502
6024
1219
9263
3251
890
7612
3344
2861
78
982
8788
9552
1521
7996
6476
7748
750
375
489
4851
1562
7965
9241
3463
2565
3396
6043
2372
2887
5474
7699
4511
9724
1810
7723
5704
1911
5030
2709
3956
9112
7688
7741
2621
1143
4794
4870
9729
8551
3147
7929
1448
604
6369
5486
1261
6899
2785
406
5724
1203
1713
9369
1886
7043
3524
5589
7666
6669
9903
2272
2383
4687
4478
8993
6137
6363
9813
988
4745
793
712
3954
9252
717
5066
3053
2026
59
3747
8793
417
6662
2241
5084
2958
7000
3502
362
3003
4000
2020
9519
9895
6879
7169
513
9769
8488
7661
6629
67
2980
4994
8219
3511
3574
1838
4882
1205
4388
9239
2705
2962
8388
767
8357
5048
2767
2271
7520
3050
4467
9797
1584
6611
5878
7745
5752
1181
8744
71
3593
2826
6543
2759
5916
7579
4367
1735
5194
1623
7961
7536
3993
653
7448
9125
5056
1741
9065
8236
4391
1914
4907
6789
6412
2885
2051
7732
1260
7660
9069
8371
9885
2265
3001
1660
3516
8555
2046
3465
9828
761
8631
4400
7912
5938
3221
9561
2161
6139
7121
7730
1541
5174
6600
4557
1622
3916
6762
9184
7136
2937
9861
1364
5180
7196
9266
5886
2612
5462
4964
2553
3669
3059
6734
5152
4942
9181
7636
9368
4472
6265
9976
8245
1876
8857
8740
7864
8156
7038
2122
5985
8956
9739
2111
9545
4097
8524
4596
2027
5103
277
4487
1754
852
6586
7008
8392
9528
8250
1107
6833
5396
1076
8790
5209
1976
7368
1387
3275
7361
5132
4156
4517
5409
1204
5358
4613
3674
8074
7991
1094
1220
9223
6654
8789
3429
1289
9203
9078
5457
5082
7677
6806
9004
3041
7703
8411
7139
409
7513
612
3488
1904
3418
6088
2117
7100
3311
1931
6418
2012
7235
548
5972
1444
8218
713
918
5170
3186
4343
5494
6529
1707
8754
3159
1434
5771
7948
5050
6769
8309
7127
3924
6783
8823
9716
3968
4656
3268
9510
1084
3552
1208
435
3770
9974
308
5932
1111
5781
3473
4627
5794
8672
2692
4889
9658
7602
8095
7181
7873
947
4590
7941
3839
928
3873
3708
641
2504
6567
7644
9420
4211
6607
2762
1725
5407
3707
4769
6214
4416
7389
5413
1161
1547
5869
2318
5946
4522
7862
6777
2616
9213
199
8750
5823
6158
7664
9132
4323
8806
6992
9463
1186
3519
3566
2065
1918
4074
7642
6004
5128
7326
8418
1183
8178
5278
4998
5816
7296
2694
657
486
3405
8004
2965
9799
7668
9440
1006
3314
2358
3315
8204
8181
4822
3652
4385
8616
6498
1743
5860
9810
8832
3837
5483
7849
7024
9201
9535
8451
3390
9699
87
5221
4380
3735
6377
1614
4484
7269
1163
9777
9655
2166
6862
230
3602
5007
332
5229
5437
2436
3289
157
9220
9442
1594
6112
9520
4747
8350
2488
9024
1667
9474
3548
9754
4584
6932
1881
2562
2036
7480
9792
7587
4999
3164
1210
7277
1443
733
8381
4346
4371
1692
895
9760
9462
7452
5176
7149
7128
7879
177
7253
422
709
2920
295
491
5420
3881
1708
8879
652
8232
2477
3015
2041
56
144
1242
7499
1074
2955
6735
4073
9710
5623
269
9756
371
165
7714
9089
8033
4741
3162
6509
2147
7266
497
8587
9842
6167
3623
3885
3352
8476
9506
1613
3996
5780
54
1347
7135
2457
9854
5741
9943
6157
3234
6713
7695
1567
5899
1363
6886
1786
1550
8326
9959
2899
5783
4126
4110
447
2021
9929
7020
1307
3853
4514
615
6790
7539
412
3479
7740
2311
2601
4192
5843
1393
7237
515
8646
9419
8525
4923
3520
7787
9981
7113
6288
1568
5800
4109
4020
1155
6947
5538
4220
2476
89
7472
2751
1025
8213
1056
611
2932
1282
4917
1206
5734
3260
1896
919
3422
8822
2209
6467
3049
3466
4723
8810
4221
8291
6493
4669
2190
9437
3650
5447
8065
5849
9941
8755
4866
2792
3496
1409
8610
3892
6698
6131
8519
1534
6343
4808
2806
8347
3589
5831
9548
4548
7934
6238
6548
4982
6872
6348
8903
4422
7610
4508
348
6333
9401
816
920
788
1441
6568
5941
6441
4083
9979
8266
4403
4107
6870
3414
5445
2058
4386
4427
237
8932
5713
5188
8774
9186
2599
711
4616
5666
8884
1257
8147
5017
5862
1059
2592
6741
6985
8527
8081
8836
1162
8295
3232
2589
102
7374
821
5592
5023
9733
8830
1042
5267
6539
2028
1184
3442
6344
8549
384
5089
3824
3947
7046
4312
8269
2590
4666
9375
9477
2501
5261
2660
2636
9500
2531
8144
1772
4091
8550
3821
4130
4077
9481
6262
5507
2110
4602
5885
5394
180
6421
7582
9145
5090
6102
6540
2373
5143
9549
3906
1716
1681
1611
1712
869
8417
826
4160
893
5177
1209
4542
5515
6247
6135
2400
7855
3433
1374
5598
9808
9039
6444
7263
433
8928
9845
6928
7067
4147
4697
6767
6554
1899
6138
2374
730
9695
9899
3046
436
9253
8873
4972
6403
4556
3143
7932
6451
4055
2287
2870
4493
2627
6756
1883
4852
4123
4785
6085
7698
2267
4551
5434
7969
5371
6874
9396
2570
3362
2924
1426
1431
8894
9192
1432
3076
984
4353
1300
5615
9298
9232
1768
1928
4203
7112
5370
5513
7734
6038
1375
2138
3462
4843
3705
5298
6903
10000
879
1495
8437
8633
6591
3494
695
6876
3499
373
4701
9741
2686
1051
8020
9630
9094
8845
3118
5451
1888
7126
1217
6148
9209
2442
7439
2910
6411
1750
7444
164
8284
7976
9
5165
336
6877
1288
5432
7813
1686
4545
682
533
9068
8316
6133
4847
6544
5460
693
7102
2603
8135
5047
3451
5438
760
6170
1985
1182
4928
86
4635
8159
9360
1030
6208
8416
4620
5825
5945
9809
9355
1597
4048
1413
9117
2743
2082
3596
8874
505
6913
7093
1801
9582
3728
8882
7817
3365
7099
8700
3646
2277
4200
8244
2251
1889
931
198
395
9644
8414
727
2064
5145
9316
762
4063
4270
6502
3872
9600
8934
801
613
1267
6419
4966
7837
7656
4667
9459
4194
3560
1216
1621
2721
3256
5158
4872
4799
1250
8194
9101
1465
4439
5803
2998
6857
4801
8255
7475
2914
8343
7701
7519
6683
7875
1259
2569
5426
1121
8987
4753
6921
719
280
3130
9908
1737
7054
3792
9804
566
4180
1194
9022
4351
4118
3529
3764
5644
4383
7487
1543
9865
7938
9523
3075
4408
5081
5181
3087
7910
2777
5391
6300
3960
2328
5772
7607
912
2005
4019
7675
1783
7071
4680
8811
5019
6961
8207
8619
3838
6160
4868
9067
2444
8886
9701
6707
3426
4525
3312
9037
1020
4984
4218
9983
2597
8427
7799
7484
1422
3261
4026
9905
7193
2345
5533
7424
7087
7471
7194
5299
9111
8597
645
2286
7673
6501
943
6621
4213
1769
5140
9457
5807
3957
128
8961
6643
5374
9598
4010
6018
3092
4396
2593
4888
3573
1490
4519
2533
2440
9485
4772
3983
8948
3935
2632
8017
4533
2361
8867
4477
1349
3088
9685
8751
3198
1507
5842
31
4005
5873
7573
1455
6253
7457
1241
274
6154
7899
6863
4460
8824
7577
9825
3569
9046
4989
7978
6712
5057
3696
7482
829
1
3884
4976
1106
8001
356
1494
4068
3630
5739
6490
7091
8490
6618
6923
6906
3180
6579
2645
61
740
7863
9703
3664
5630
8157
3297
9425
1970
6836
379
3108
553
7672
1571
7942
7451
5684
5584
4489
8866
285
1959
3471
7783
7691
5427
2931
6235
9470
5069
742
3962
7119
9102
4149
1758
5812
5183
8887
4518
1766
2760
5276
2171
3258
2127
4089
2791
7367
7347
7898
9893
4539
8002
1372
3697
1086
7213
1272
5983
5867
9011
9392
4993
5092
6855
975
2723
7868
8732
3339
3800
4324
4925
4647
778
9673
9191
9803
9874
2333
6807
7022
855
5402
8805
5010
2278
5482
4290
2846
8681
4549
9169
8177
1844
4696
4497
3035
2411
5733
1305
1782
2757
1239
5346
3233
9708
1072
1892
1927
222
194
9516
5444
6273
7023
4618
5178
85
5859
6261
3070
7952
9255
9020
2040
1851
531
4831
3264
4016
8042
179
4082
2439
3810
3656
6656
4281
6563
1228
8738
673
2903
7782
8975
4087
8838
7790
966
2901
5331
9648
3388
3034
9985
8399
3641
382
499
4711
307
178
7565
8820
7739
9250
813
5014
7447
5851
7867
3470
72
7211
9526
5707
1546
3786
9747
6949
6573
3199
4690
2314
7512
7506
628
3136
4704
9493
8052
163
3458
9837
3991
8950
8969
1065
4673
6997
6215
1010
4002
7096
3866
8060
6911
7707
2121
1821
5984
305
6637
7653
8410
9846
5605
3835
2204
584
6175
7261
9354
6748
8609
4625
7670
7423
8883
52
3649
3575
459
5436
7876
4059
7248
6792
202
8041
868
1229
4929
346
7291
2545
7836
516
4725
4901
9244
7481
1152
3760
6041
1610
9568
1149
6828
2135
6898
3055
7498
3902
6838
9567
3293
8536
6373
7820
3518
1574
9725
3714
2775
1630
2160
4349
4550
7025
2264
6425
7995
2577
9430
6924
4033
9406
6622
3281
9853
1368
4943
1596
3756
7493
7088
8730
6705
5045
9946
6439
8971
1974
6884
7590
9372
8264
7805
3702
4429
5514
6371
9313
3313
4885
6366
7197
6817
3704
1938
2884
1787
7619
8858
9291
1919
1917
9057
6835
6025
4072
9626
8186
4624
2511
1857
5324
4197
2129
7891
7379
3178
4452
9765
2754
1711
5120
6576
6941
6820
8099
3360
9683
4811
2771
1603
6487
9494
1489
8440
4146
9961
586
154
1437
3430
818
3453
7676
8637
4626
6382
7459
132
6599
7362
4488
6298
7202
5021
1039
9967
9913
5190
2984
4505
6110
2269
7276
7956
5133
6282
5028
7669
8452
1230
1090
7633
9003
8590
7504
7224
5234
401
9331
6638
2866
6799
3951
1093
9688
4532
2173
5841
6635
5353
3100
7166
3534
4250
4317
8577
5585
4041
2002
9390
4291
8743
556
7231
6826
3129
6803
5217
8926
3370
7081
6099
3238
7511
1890
6537
8977
4857
7507
2863
6383
91
1326
5836
781
2782
8012
1966
4698
575
6166
5788
2744
3113
3733
6354
8145
4678
5893
3299
4820
8092
4029
3346
2628
8938
4486
5473
3254
4362
2296
6012
5049
4758
7725
7588
4424
1244
1066
854
3878
8913
4054
4501
9167
3603
5254
2435
8944
6276
6881
4471
4755
6461
4246
9814
1937
7801
757
6731
2433
2038
9040
3527
1734
9324
7209
1311
7780
4908
7937
9806
8982
507
6851
5700
2815
9187
2445
1160
7084
5027
9325
9944
6082
7526
7623
8851
7401
6056
6546
3482
6926
9133
671
5364
9663
9016
9224
877
1105
898
1564
7280
131
272
570
7999
7411
7966
4011
8466
6079
6986
8611
8212
9033
4154
8569
3992
9749
3599
9700
7711
2453
8090
3830
6452
7593
3474
8303
7221
3843
3435
5286
2186
8127
8933
7299
242
3846
6804
3248
5322
8444
6553
1483
6880
2208
4840
2270
8026
2733
1064
8335
8424
217
5479
281
7682
529
5253
9460
7131
8482
6900
7375
4534
7834
1606
2243
9952
495
4770
1950
9204
8334
5913
527
4873
220
5934
7239
6027
7301
2492
789
2145
1751
1722
7727
156
1674
6690
1877
6161
1145
5687
6034
2375
3841
3037
119
2527
7245
4752
9283
8565
8741
8727
1294
1269
3332
109
5244
4140
1191
6151
1170
4884
3889
6849
6075
5568
873
8439
1486
4116
7626
1333
9815
7097
8684
5693
7845
2611
9993
7155
3751
5702
7531
2281
7372
2528
4117
5232
8546
9076
3584
2220
4693
542
1655
9150
6959
6008
43
550
9084
3415
7343
5077
5564
5875
7434
7077
3683
2349
5355
1760
7079
3703
707
6915
7574
5490
9374
4058
6434
1396
95
3961
6134
1776
7450
9329
5769
7822
9541
3343
4581
3071
8325
6409
2108
9891
5372
2202
2971
9304
935
5658
349
3455
4451
3018
9056
2772
8556
7489
1148
5833
3917
630
8530
2525
4684
5528
4417
383
8107
3769
1590
1579
6293
5187
9383
8125
3655
3826
581
6853
2944
9746
4537
1408
8648
5940
9992
5491
559
5135
8669
1999
1569
7505
8877
210
2949
1159
6552
4266
8210
3454
4469
2540
4474
399
2434
2843
9483
7925
7125
8768
8705
9603
9028
9513
2246
88
8082
2426
8354
640
2508
8199
4106
1531
4809
2915
1853
5149
4398
2268
5430
9998
5758
8953
7464
4738
8688
1044
8321
9898
5249
6395
7534
6164
9720
3578
9176
1419
9073
6861
3271
9501
6664
9339
3132
16
3612
958
7034
8885
1378
7939
2109
150
4614
3953
1055
8226
4372
9245
743
2711
1671
5416
1832
3124
9458
5162
3765
7243
8243
6561
192
9615
1395
6585
1697
6846
2634
7083
2132
1520
9880
994
9525
2567
3531
4157
9818
6581
2395
2196
5124
5012
1895
6359
3369
1648
6402
7919
2825
2736
819
6379
572
7928
6883
749
176
1040
8661
8764
7201
905
5872
9048
8833
1971
1319
7268
5884
7329
8620
147
8402
494
7826
5412
4641
509
8800
431
2878
3099
7552
7852
9058
7643
824
216
4085
9455
3682
1774
1647
4015
6523
7230
7949
8192
3493
8986
8949
8112
7726
2298
36
6455
6512
7959
5415
6588
1189
9338
2983
2221
643
1887
9675
1771
9940
3478
7718
7907
3011
6996
4957
7486
6882
3068
810
9240
2882
2854
838
4995
1463
2474
3642
1807
7283
2323
2677
8718
5902
1581
4688
3528
1858
8869
9384
1833
8450
2886
3857
3309
6243
426
7055
6891
9571
6006
6285
6773
8591
5208
5725
6305
1102
5091
6791
8331
5996
4412
8773
5341
3963
800
4113
2212
6831
2049
5127
6456
1663
4604
8534
5779
7784
9099
9856
7975
7871
619
4569
6462
6856
5243
8260
2823
2824
3706
9834
6843
9301
8496
4243
8499
1306
9118
314
9380
3262
2816
7581
8366
1944
6271
1852
668
1665
3694
4719
9502
8907
2578
2644
9822
2992
9832
7764
8110
4979
916
8276
3102
7080
2838
9471
1058
2074
2404
5986
5388
3276
3220
354
9168
8891
2
2972
6663
5797
5148
770
7559
1401
5551
8341
4936
4829
944
4159
8485
4643
3200
6118
9864
7674
6287
2344
4926
4562
1903
4730
5948
64
7069
8840
1880
9728
2742
5385
261
6330
2679
6850
8697
9947
8994
2808
6527
8071
1446
2181
3803
8979
692
1830
8436
70
4938
6859
330
6510
58
3279
9053
7973
8663
8839
2154
5889
2089
6397
2853
7869
9136
4446
1504
2975
6291
8301
8868
2325
9066
3038
4775
8094
6971
1587
3395
6352
2810
1645
5856
186
7645
1462
5521
9875
391
9045
8355
9559
4395
2137
365
1503
3106
4891
725
2153
7887
5398
9264
4269
6976
8163
7387
9820
7016
1964
3303
3514
7474
8131
410
8246
2768
6301
8486
7157
8356
6616
4458
4963
5088
7222
2579
3742
2115
5393
2312
9743
2852
265
9823
5386
9676
1932
3854
1411
2596
4869
7951
3600
9635
4301
9006
7170
9379
2455
3627
6489
4538
3568
8105
6998
4320
7341
2062
1273
2630
7509
2936
7059
5750
4611
5617
5242
5399
6650
3796
9957
8339
5006
9064
389
5737
4608
654
302
1585
425
5686
5697
2478
3107
9034
8394
2432
3010
6626
9871
1251
2167
2417
1666
3840
8535
2517
5018
5287
4950
2820
4529
5292
467
4536
4172
4244
2182
8835
5063
7420
3044
5544
3797
5501
7569
7397
4977
9666
135
9542
8930
6956
8265
4951
4423
2009
9397
1804
2007
5674
2700
5345
4708
2018
4492
6957
9412
9796
5682
4225
7047
4047
8941
8878
2970
776
5238
9843
3177
3358
1910
3273
7005
9633
7981
5593
7257
1669
7947
3543
2326
827
7716
6347
2667
2537
5449
4615
7171
5039
8594
4854
1335
104
791
9787
5685
6236
6341
4707
3165
1961
979
9466
2172
794
4940
3685
1253
3341
8220
4169
8187
3449
6816
8222
2242
3591
4399
7578
3820
6772
9958
2695
6751
2205
9802
7435
914
3078
7070
2738
6129
2050
5320
4771
3662
1799
3032
4895
3336
4370
3064
1539
5968
2099
3211
4555
5499
621
4397
9294
3660
328
9433
2291
4373
7722
2827
5647
4407
5574
57
2812
9772
9791
9954
8828
6515
7603
3936
7554
763
3008
7242
9361
8946
9800
5796
7848
546
1482
5625
3571
8686
8268
209
1724
7858
2179
9591
2201
9867
9251
3081
9532
9634
6564
331
7363
439
3498
3609
8812
7882
5820
9174
7671
4939
453
8863
1388
7438
4646
5318
9212
8581
5441
6323
5035
7330
6744
8364
3286
4134
8386
2536
8287
7771
9295
90
986
1777
3675
9629
4838
6292
5790
3231
9364
9337
4034
1083
1691
1012
8216
4978
6630
5504
6168
4887
3139
4190
2073
9147
6604
2355
538
1866
5310
2422
9674
3457
2279
3905
8775
6589
361
1271
2369
7717
3930
7272
9774
5212
1775
3659
2037
9530
5982
9831
5350
1933
3939
974
4164
3023
3944
3277
1552
3062
3731
1348
8691
8706
7528
1283
3440
1308
9026
9612
6358
1812
455
9416
9850
197
8300
7371
5317
9154
9215
9243
268
5671
9171
9694
1555
2522
7226
2045
9327
4303
6991
7902
8849
9179
4509
5456
8270
9547
5342
2057
1526
7168
235
3943
748
5719
1705
6036
3979
9273
4196
5256
5470
706
3017
4357
2805
1359
1275
1593
6361
964
2088
3217
4996
1633
8454
2198
2176
8781
2087
3267
5461
3009
2144
5471
464
7249
9638
1245
2362
116
4546
17
3546
8916
6871
6218
2615
8353
1047
1270
9879
913
6240
317
1002
501
543
5608
9619
9144
4030
1325
7844
4179
4167
6460
3077
4577
5857
4798
1433
6598
4006
5810
4985
3216
2595
2770
2564
1718
1536
9366
1900
47
8046
3060
5337
5793
7631
1096
7719
6517
8429
6696
4871
1723
6073
3301
1605
2139
8165
5321
3193
9260
5301
8794
3342
7053
9103
7190
2102
6058
799
3320
3441
8645
5184
4935
1336
5040
8658
7357
2640
3157
7562
1435
5225
1624
1254
1031
8108
9848
4165
2629
9543
5368
452
7532
6023
4228
3366
9758
8639
4
4598
3680
8905
195
2114
4377
3282
9116
3679
1339
6429
4345
6234
5651
8799
7090
5231
9546
8433
9242
9226
9349
9767
4524
1015
5661
4848
9141
4970
7327
6729
6033
3150
1670
7335
9956
8006
5627
6084
5735
6636
1200
5988
4018
1467
6605
1017
8053
7385
2192
3815
3900
5106
3861
4224
4275
1945
5550
9628
3292
5798
4715
597
795
2801
1664
9405
7954
5327
9498
2130
4897
9849
49
6793
1986
1875
8500
8726
5915
8249
9609
8153
303
6431
7019
9285
8223
9757
4263
1822
4382
1477
552
1196
8254
2215
8423
8760
99
6759
728
3140
7497
6152
9096
7463
7492
4389
7563
9155
4067
9726
5777
9798
6574
2034
1497
3997
2610
2652
6582
6104
6580
2506
7428
6716
5839
6642
2730
5846
8988
3029
7832
5900
9509
1341
1625
5892
6794
1456
5981
8098
4815
4153
8787
4515
7825
2469
2365
44
2800
8762
6633
6255
9177
6384
3533
8995
9890
1870
5291
4491
1279
8667
5138
8598
6206
6367
4485
5543
2052
437
6180
3590
9042
5640
9146
1701
7403
5643
1119
4099
5626
3709
8123
1679
8022
6504
7729
9445
3213
3403
2681
5806
7897
5526
4694
3614
3549
2666
4245
956
8206
7933
1315
5406
8558
4992
8297
3738
7922
9681
5404
6706
6097
1032
6497
7551
9062
3999
5620
741
3986
9478
2475
8980
1027
7477
8582
6979
6752
1811
6933
3214
5459
4582
6945
5060
8327
4842
4575
74
1092
9784
5193
4143
2398
3980
2164
4102
6837
4168
4959
8279
2070
3922
8320
6784
1424
7051
1800
4326
866
4535
599
922
5309
872
5362
2897
7109
284
3210
245
4805
363
1383
8998
9641
987
2203
5130
9711
6101
498
2085
1601
5423
2107
5365
8238
7220
472
4174
9902
6494
2030
8785
8721
3576
7052
7894
3700
4603
9114
3495
3929
6918
2689
9783
4803
3933
1252
8510
3522
2098
1427
864
4732
6937
5930
845
60
4722
2069
7814
2574
1451
1439
6491
1469
3192
4756
8019
7842
8489
3538
9093
6590
5618
2177
9782
7426
2446
5366
6559
5672
6311
1328
4236
8674
8015
4787
4883
9585
1865
1684
512
9054
8428
3784
1001
3373
4749
9775
2783
7407
4630
1138
470
1316
3417
5195
8069
4176
4150
7567
1556
7167
6107
1318
7251
8692
9035
9353
2350
7977
655
5786
7566
1997
2210
2530
2003
3461
2025
6132
3755
6245
9208
2079
8693
6220
4273
2623
7523
5759
9925
883
1710
2898
6185
3298
5265
9019
3317
1714
345
2563
5072
6779
8579
5210
2857
8408
7009
1788
2053
9435
7174
7765
3823
7829
3469
9577
5560
3913
1240
8034
4858
4103
273
995
6538
7006
50
3398
5295
828
313
25
9001
7611
7216
1996
5751
3572
2004
9807
7286
5095
7305
3851
1045
3257
4802
1654
5949
4414
7353
6010
5167
999
9689
2941
5570
1340
7049
4812
1559
1839
5522
665
5756
4841
196
4296
1650
3082
4751
7473
5260
9984
1816
1530
577
3758
1104
2872
7830
3513
7478
5766
6321
5058
2334
1612
6121
3476
7957
688
6508
7491
9601
8572
5161
881
8651
1158
4991
6389
7295
8480
5283
7107
6071
8346
4585
2387
667
6526
8554
3865
4967
7399
5379
364
3187
221
8122
8136
2804
1471
4742
3002
7819
4578
8739
3975
2297
2999
8324
3209
2859
7078
9008
4084
651
1309
5503
4223
759
3926
7720
925
6275
4017
7173
8919
14
3401
3230
5639
418
4127
3767
2245
414
9206
3626
7241
5956
635
1752
2538
9038
6659
9280
2307
7690
7529
9286
4052
8280
1668
3633
9104
6486
6830
9128
6505
9597
9237
4904
9611
4782
5829
2728
5173
5606
8623
9907
15
5692
2745
5591
4691
3387
7129
6852
5189
9693
9070
625
526
7890
9732
1175
8543
6268
1763
7369
3567
1982
7217
8229
6374
9135
4781
2309
593
2892
2159
7436
4166
3716
9269
7546
7098
8638
5720
1639
3547
6757
6805
3814
5361
3345
8384
6388
8406
2741
9950
8062
4878
1142
6813
1147
4570
9962
6617
9268
6858
4455
1762
8362
8834
6999
344
862
8422
9281
5200
1991
3012
7462
8507
6433
3036
7543
4949
7406
7313
4133
734
4347
3354
7712
3676
8889
8528
2858
9978
1480
1008
9583
9656
2614
7731
5207
8765
5511
8313
4710
6376
1855
5519
258
2896
7658
7940
4975
508
7921
7289
9378
3021
5573
2734
1951
5778
4768
6684
8985
4454
3757
4461
5448
461
1742
5400
5111
6787
4512
7328
5160
7915
3031
145
7786
2967
4879
7314
5213
2780
954
6191
1936
5844
8441
2033
423
8694
5963
5489
5637
4766
7340
1418
5594
7396
3255
9851
9411
2550
8077
3521
3052
7271
3294
3550
444
4825
4359
4232
4526
4761
2748
6694
2659
9408
4621
1377
451
4574
6370
5763
3932
9795
5377
2546
4651
2237
3368
9164
7693
2431
8859
9351
6934
82
2548
4836
55
3681
7117
9159
8957
6334
3284
842
1351
5097
666
7056
504
8772
7597
1043
7713
1417
2888
7042
98
8317
4229
4861
1756
6351
2664
2714
62
8079
5868
1013
5580
5904
8475
8368
5201
1841
9844
8911
1529
8061
5440
8514
9376
7311
6125
2016
4576
802
2702
623
8168
3941
3644
9427
9939
9557
6106
9130
6090
81
882
4161
6032
7804
7468
3385
3723
2194
4093
8196
7769
390
8650
690
2798
4875
3645
6560
8286
1542
7518
118
485
5917
4189
4171
7839
2310
4759
6889
2776
9482
5439
9827
8719
4305
9229
9418
1973
7260
3908
2300
3852
6718
465
6477
7013
3127
5220
8040
4789
1956
141
6824
7417
4335
6192
4178
2393
2807
2934
9007
1022
4354
6094
6105
6610
6823
5488
3324
2784
7772
4859
9100
4339
2233
3042
3597
8256
1509
2946
7461
1070
8819
7003
5115
5542
9197
8047
404
5313
4642
6387
1342
1238
4341
1129
8319
1357
123
2534
1035
7859
5675
9238
2966
1506
9476
5150
5652
5529
1028
1187
5123
4435
6619
4479
7359
3618
1683
3762
6993
5508
2669
5478
4498
5959
8865
6064
7454
478
3218
5581
3601
1406
6227
3819
5683
9127
9596
8438
3168
7030
1436
9563
9336
42
583
8495
5175
2769
8379
1235
563
101
2651
1199
211
174
2340
2749
5493
5216
6060
6948
4662
7255
3525
5561
441
2505
9426
7015
3039
963
6841
4523
6725
1063
7258
7165
2188
626
6671
6281
7893
1616
4318
140
5487
6259
1037
3115
2957
296
7267
1466
1893
6109
2756
5850
7625
5093
7570
6763
5877
5096
6108
3436
8018
3825
3668
6673
6440
3978
8448
9386
1473
2642
9555
4675
7150
2023
2976
7214
3605
2378
8714
7017
1450
6507
9977
5976
4718
1965
7175
191
6438
1815
21
6177
5896
8829
255
1415
978
7810
7747
2856
3229
8374
4987
9553
3860
6474
2228
8984
9399
6518
4162
5191
4682
3540
1728
1563
9071
6597
8242
7547
3172
9918
4261
9717
8307
903
2865
253
5619
4948
493
8521
2973
8522
9122
1277
647
2845
8396
6340
6796
1470
7916
5336
5642
1301
9421
5477
605
4381
9671
6688
5433
3636
9356
7413
2917
4432
4824
4826
1346
1727
7749
8059
3692
9319
3322
3689
20
952
4823
9456
9570
571
8880
2295
5787
1953
5262
9662
4899
5359
340
7927
4003
1438
2207
6304
8729
2419
1484
8228
2609
1817
858
6423
8717
3621
6016
8308
3802
1987
189
9883
4064
276
1847
325
292
9533
9640
7111
1620
23
2467
5657
6463
8459
3160
2764
9315
7967
1924
9370
5774
1151
1538
3400
3364
4431
6719
8111
8966
4086
1068
5955
7163
7466
5126
9608
891
5495
6224
5335
9256
227
1370
9314
4773
7350
241
6266
2900
3504
9669
5890
3686
6964
4098
519
8387
1256
9593
1980
5042
3135
3391
9529
7148
8078
7321
8104
5765
8458
3095
815
2193
231
6328
4737
500
262
9278
7002
7993
3304
3483
387
4035
2481
9512
1968
2653
6942
8380
4844
9311
378
8728
2935
1292
327
3581
1717
6511
7089
7215
8211
2410
338
7325
1808
4661
5237
9279
8369
4182
1067
6272
172
637
3223
8498
3481
5031
8169
6609
2956
6163
3407
111
3503
1069
3615
7391
662
650
1391
6009
545
254
7815
8630
8009
9872
1842
5770
1748
9910
8036
1720
4896
3753
2213
2389
4031
3112
7351
923
6415
8161
9896
5555
1988
1854
5901
5767
4636
6854
9917
7001
9829
5274
6565
8898
4946
2710
3868
1576
3250
844
8847
1757
5595
9422
9982
8679
1211
8922
4735
9805
4986
4634
9702
8239
8298
4476
6519
7373
2332
2479
3086
76
6496
3798
3063
4591
8627
4065
9340
2150
4042
6103
5169
7134
6372
4257
5954
4277
1791
8311
7333
476
4442
283
4600
5107
2308
3355
1139
7453
1379
3484
1286
2781
8171
1803
7831
368
7331
3829
3280
3665
9696
926
3736
5622
2516
6680
1003
6547
9589
2499
724
9030
9257
9495
2809
8431
9539
8676
8797
7467
7495
8289
4560
1033
2078
8606
9043
9288
8442
8682
385
5333
7192
3244
8814
4125
4138
7958
2056
2600
5577
9120
3988
5920
3990
3577
2699
3468
8068
158
1935
8296
9307
7556
4900
8511
7697
5610
6916
685
8367
8976
765
4564
5255
2315
7164
5251
9643
4202
6615
7320
9063
5118
6556
4237
2933
1154
4622
6575
777
270
6045
4025
5083
2094
9393
6558
9768
1802
6483
6970
7158
6905
579
3833
847
9320
5905
8170
7955
1049
1640
8625
6269
1407
1322
9715
7909
1358
7838
3752
3629
7303
9074
7683
6524
9584
9274
5655
1021
5939
9059
4101
6059
4944
4199
1729
8166
3166
9199
6750
9748
2022
236
5235
4292
7421
7920
3338
7189
9840
3721
8539
4990
4668
3911
880
2327
403
5179
278
8904
8322
9228
3353
2352
6625
634
9690
1726
3671
1365
6396
8508
7555
3450
2368
9121
8158
4023
380
9574
1512
4267
2867
4956
7665
6385
1761
8329
9508
7402
6155
1041
7029
4375
1814
1108
9036
8561
8272
3350
9387
3235
1353
5186
1715
587
2076
8455
5259
9434
4344
4528
6349
2923
7549
3779
7035
8841
287
1719
4060
7575
2560
3565
6909
3638
1381
6703
1518
159
7185
746
7203
3539
3197
4331
7348
6143
2626
4014
5881
4420
3634
3464
1566
6646
8923
9930
8119
5137
2017
5635
8595
602
4623
965
9616
6307
603
5252
1402
8818
2685
7850
7364
4960
3643
9299
3120
2348
6682
66
5435
6613
1554
2011
4663
1599
8282
7651
6685
4287
3871
3024
5596
9200
6516
6798
5034
4607
6219
4937
2877
2513
7913
2402
4252
6087
4610
7533
212
2095
2727
4366
679
6720
7595
3236
8172
4814
9631
2526
9932
3171
5467
3421
8912
2839
2835
8942
3175
9162
7176
8780
5525
5343
2322
3497
5136
1508
448
2080
2708
3381
38
8896
7987
7208
9160
5009
3384
5909
7312
9031
8258
4705
2891
3330
3412
7332
865
9594
2541
3477
3994
490
9086
4061
4443
6230
1360
3202
3564
3715
1421
4912
4628
7662
901
6190
471
6242
9870
3434
2495
6399
3722
3247
5119
5349
126
8804
997
2415
3328
6081
6723
8330
7872
4692
8906
7294
953
7904
9887
896
3378
2698
4921
5051
9618
2304
5928
8999
125
9975
3438
8552
7105
3389
7770
3869
8972
2260
7970
517
5215
311
1989
9407
8447
6128
7984
8683
8737
7779
6209
4329
329
2739
8063
6774
8409
2671
5664
9698
187
312
6067
2665
2421
1522
1901
8702
5609
6014
1860
738
208
9723
6332
5011
8471
5038
2097
9041
6482
3489
5505
9207
4308
8910
3316
6699
2437
4184
3673
8312
8128
6283
5086
3148
8991
1280
3604
7860
5110
7138
5600
9233
6665
3585
510
1420
9518
5192
1656
2390
1264
2407
9869
351
7287
1975
8585
151
2913
3356
4297
6313
1696
9507
8615
1073
5911
4695
4418
2119
9892
8553
6053
4090
9153
5973
2169
2753
5961
9654
4361
4561
2918
2797
9249
9091
1690
5452
1263
1011
5670
430
5339
4368
9217
9358
2187
1225
5314
6142
1657
250
5002
6203
5679
7774
84
6930
5203
6189
3729
341
7800
9937
28
3653
9586
6652
152
8183
96
8398
6216
282
8294
63
5408
1878
3393
5819
7798
2438
3375
9170
27
8531
8075
6842
5105
2466
3243
540
9613
5033
9417
6478
565
2155
2583
8656
8970
5356
5465
8014
3048
589
5246
8710
3883
6317
7115
8154
1572
3844
3582
3245
6119
1386
735
3690
6061
6448
9737
7031
8854
1749
981
6897
3801
4217
2490
3949
4393
506
9051
3545
2370
9833
249
3295
4915
3925
3766
1967
2106
9381
1323
915
8870
2211
8952
3444
9404
3371
106
8523
294
9137
449
6277
297
1730
3145
3475
6026
5599
4712
1122
1385
2341
2448
4780
2617
3711
2909
9980
4137
2747
9731
2405
520
6653
6432
3882
6745
5611
7985
2047
7123
5761
5943
2979
9231
8155
1492
2927
3326
6667
7076
8563
6966
2275
1871
5129
4265
5969
4037
1979
7227
3149
4903
3562
7756
7527
2351
9721
9480
8274
8404
2518
1156
3795
7561
848
8091
1689
2234
6594
370
4503
1969
4214
3367
7777
6753
5036
4683
3116
3185
867
6204
8072
8665
5496
971
5236
7183
466
3931
6679
989
616
155
4022
7207
1524
8385
946
3517
257
7738
5662
2240
4572
8918
440
8028
2157
5122
7004
7360
1588
7334
6649
6124
8763
2981
7133
9428
1806
7888
9714
1362
8461
3158
7821
7678
7282
1516
9968
3184
5446
315
2483
8281
3984
6981
837
9670
5052
6702
7781
293
7990
3955
5677
2618
6749
5636
7073
4810
9444
812
7304
8479
998
1356
9227
2414
797
3404
4521
773
5678
6378
1087
8850
7622
9473
8070
8292
8302
37
2148
4640
833
8390
2162
6551
9098
7483
8967
9960
1607
4462
6052
8664
3717
4494
1575
8915
878
4112
4961
627
6726
1600
6312
6392
3500
5463
4271
8299
3970
7141
5965
9988
6149
3181
9963
1646
9005
8960
9055
8783
4419
6977
6336
9966
723
856
8328
40
267
8337
5865
814
1172
3895
6647
1913
8831
9306
7205
9986
1110
2316
2959
1767
1515
316
5979
3781
2656
8174
4284
9025
518
5245
3386
188
2381
4958
1231
676
8247
9496
8342
1237
6221
5454
8167
3249
6364
9318
9812
2585
3423
681
488
7953
7943
2543
8876
2837
8365
2947
9108
2794
8696
4913
661
3730
2263
8025
6296
948
1617
7935
7433
9653
5879
5576
7460
4743
1429
8021
6299
3739
3329
2084
2339
1958
7010
1449
6801
1930
5947
1643
932
2763
1236
4051
8491
9391
4210
3348
5602
2493
1133
4434
1459
1850
3377
5541
5690
768
697
578
6965
8680
8449
6728
598
6481
3592
5698
4790
3093
3424
4671
9514
5422
5980
6764
1662
6422
1926
1789
7840
4466
2606
3780
1243
3794
3816
3141
8921
3372
3640
7696
849
9362
1676
4914
5369
9948
1126
839
1215
2938
4571
251
288
8056
3019
1233
2199
5020
5957
9855
4654
8102
4911
4481
8920
2335
6944
7488
8126
8477
1784
9234
9536
6019
1977
7903
1097
7856
4833
5061
6092
4763
9554
8747
8121
600
342
3376
4081
7624
4655
3557
5552
2655
6470
3153
846
5059
4580
5429
6062
3817
2532
9469
8029
3204
7571
5745
3927
9415
6007
7061
3194
6040
7358
4195
4255
5080
718
9617
450
745
7307
2985
4183
2289
6627
6914
4056
68
606
3724
8902
9912
2197
7429
9649
5485
3725
6249
1565
7835
184
5990
4881
4817
6692
6050
6989
1157
6244
5218
1884
2507
3946
2443
3333
1949
5931
4208
1400
6187
4973
5373
9113
9987
6314
2379
2357
2554
6578
4226
4714
4272
9292
2008
3657
1704
6500
4230
9350
6136
3791
8509
7542
2635
8176
2136
8400
3425
2354
1077
5558
7317
9453
1872
2542
9911
2675
2229
4573
2424
5708
6284
7816
1016
107
4786
2464
386
2576
4813
3361
6938
127
4066
1299
2450
4193
206
3624
8363
4733
3687
4720
1265
809
9672
1014
1052
705
5518
3661
1905
5125
9049
7094
4441
3942
238
8277
9744
8792
6404
7986
4369
4322
6542
6297
100
554
1127
2299
4304
7302
5815
1005
1337
4365
2922
9517
1165
3340
7758
6302
949
5037
6867
6988
8129
291
4653
1517
7159
1320
4256
7537
7751
4633
374
6290
624
5848
929
7014
7681
5835
8954
6324
2347
7663
7974
7146
5817
169
782
4436
5876
4374
6331
4586
9931
7437
3419
5827
3945
6520
5826
7847
1873
5211
7234
5742
1382
8376
3437
6184
1123
3006
2607
755
7766
2668
6145
1649
446
8746
6887
6950
5801
3109
421
6740
1826
2485
7617
5151
4319
6114
3394
2991
7419
2844
514
6962
4004
7530
6074
4294
319
3183
2156
6044
8305
2367
7608
7199
4955
857
1998
5214
1125
6521
2650
5923
9138
4516
524
1759
805
454
2503
4941
4740
1790
5712
9196
4506
7021
9205
7994
335
9901
6000
8862
3379
1580
8996
2732
4566
609
6624
8087
5895
8283
9009
3152
3472
8209
2247
6572
9914
9282
3920
5566
2647
1425
9766
3688
4170
3408
8848
4404
2015
4762
3583
3490
5510
2029
6176
8419
9863
3867
6755
7841
7195
1234
7960
9556
3259
2010
5629
8217
4158
2994
3848
5871
1560
5764
6780
4953
2701
5537
3098
2581
33
149
9997
1661
6003
902
458
1829
9709
2061
4340
405
9343
8634
9475
5099
4830
2232
2149
5163
8699
4249
8962
9537
8580
1957
6001
894
8083
3505
7376
4507
4376
9328
3921
3266
3288
8749
4463
469
8084
7068
4589
5498
8345
4597
3658
9491
6743
233
7794
9335
8564
3617
8662
1266
1703
5523
1634
3480
9636
5588
3606
4927
9333
8470
3508
6029
9522
3759
4355
2141
7352
2566
7906
5534
8899
832
639
4096
1412
5288
561
3154
5950
1404
7870
3445
3061
7812
5882
1731
7027
8160
1454
9697
228
8030
9605
6657
808
8643
7710
9305
2376
6592
6771
9620
7828
1150
2227
113
4057
5646
3651
3188
6120
479
3750
2284
4310
7503
2055
8959
4980
983
2371
8825
5554
4384
8538
5380
7843
3327
456
5424
5583
3799
298
8240
1221
1780
7638
3789
8914
3119
1532
6252
3155
3972
3594
5852
2473
798
9646
8924
400
3536
4209
2170
8671
4880
7809
8200
9839
6815
6675
7416
9012
7550
8602
7685
945
6098
8809
2746
3084
2060
977
9018
5553
5013
275
5469
7632
7443
1862
585
5101
4177
1698
7759
8796
622
18
8644
7861
7901
3974
560
1478
3397
8989
2968
4456
7310
2178
1085
9267
7145
3959
3349
5545
5421
7494
6047
6955
1178
1324
5330
3134
4699
8731
870
8745
1050
1805
5114
5199
2346
4739
1389
9647
5258
9230
1447
7963
9740
3413
7288
2774
7598
2342
1864
8372
7392
3447
1128
752
6603
5612
6708
7601
477
7026
5383
6885
1792
5164
7033
2683
7156
702
9686
4776
4587
359
4309
9969
2482
4240
5414
3110
2557
2451
3737
6776
1837
1354
7456
9564
1557
5944
9579
1779
7724
9352
9821
4601
8182
4114
1213
3487
9140
9357
841
3122
5818
5219
2306
840
225
5634
6963
6122
6447
4046
6927
6711
7210
9996
1334
7430
9521
3090
2755
6651
6386
6674
939
3163
7983
618
1399
8435
2851
7911
2850
4337
8011
3045
7811
9346
5411
416
4268
3754
6765
226
3321
4594
9302
369
4703
9625
1224
9126
9198
6811
2654
6761
5257
6528
573
9050
8415
6967
5223
3952
7279
2500
2238
6449
5466
5390
1793
4122
7742
4076
8310
8348
9569
352
9752
4893
5656
9928
8756
3337
8997
8013
9817
3782
3934
4954
4997
8600
9395
9573
5074
9575
7044
644
5506
8383
5958
8707
5874
7264
5710
7615
6233
4816
5117
917
3066
8533
6443
1840
3179
7074
9736
2425
3558
1558
9515
2996
7596
1498
851
3648
715
2113
4731
9468
8690
7580
8779
3030
5536
3610
503
4530
8939
7968
7594
8103
1514
6821
1140
1798
6420
4053
3740
8445
2717
6091
1941
9300
3535
9706
2657
6738
3631
4784
6398
3842
4685
2523
4764
6048
1629
3805
9544
3067
6717
5131
1007
3637
3509
1057
1371
6320
3083
6593
1523
8057
5903
1099
3270
2331
1545
2364
148
2703
8290
8007
5978
696
5824
1405
633
1929
9788
2873
6587
6015
8045
8583
4631
968
110
4821
323
4828
2303
3439
5001
2200
6660
3207
5
1843
3773
92
3310
30
9847
6078
6046
6353
6174
9090
3807
3788
2054
9202
9235
670
5754
7634
355
5289
5747
5070
8601
6908
771
5509
9365
1118
2391
9052
2520
5476
6865
6693
2925
3409
232
6424
5864
1452
7752
9211
286
4356
4410
8675
1009
4062
8608
7773
9410
5065
2105
1493
8116
2974
5155
2568
9705
940
2168
3940
6295
146
6910
7240
6845
11
5450
396
7252
8189
7584
907
716
4204
5323
2594
9558
8890
2394
1548
7378
5285
3307
9590
432
9639
3105
1416
1376
9247
9151
4674
8724
9484
3028
6829
5813
9999
9363
6822
5562
792
7892
3849
120
4459
271
7147
9835
8231
689
1202
3901
8142
6925
2125
8852
3778
8468
1604
4792
9524
3278
2223
9180
1511
5624
8140
5906
402
1627
6907
3446
4045
5197
3928
7700
3123
2183
6360
7308
8370
7885
2943
4648
3620
175
4483
3845
7186
8981
3226
4352
9664
29
1693
1755
1101
7398
7917
3219
3763
1861
7789
1615
6123
8786
183
591
9087
7715
9599
9452
3206
5715
7356
4677
7767
9781
8701
1940
6430
5935
4797
701
4136
7791
8929
3014
5307
7535
5628
4175
2712
8568
9936
7246
3909
911
6514
117
5280
133
7704
7200
8252
4141
1298
8336
3121
5721
6057
8124
7346
2662
5352
2274
3242
1135
7652
7647
1167
6239
7336
7048
5908
2704
4713
2463
8720
6229
5587
5329
2100
5691
358
334
2096
8478
2006
9400
942
8698
8654
3096
1897
5108
8352
8261
8592
2101
1695
2282
7442
3085
9134
1198
6169
8908
2680
6437
4295
9321
938
756
7754
2313
7553
8562
462
2512
8505
2993
4606
6875
7807
1345
411
4119
775
9922
2868
4311
8567
6274
7705
5991
6535
8049
930
1598
2408
3182
3813
5785
7655
3089
6686
2953
9852
9745
9531
1912
6982
632
8
3215
1029
2648
8446
9163
9678
1131
4934
366
9540
6727
3007
5660
7889
1034
2524
2514
4313
2283
7290
7962
4686
933
1491
8723
951
3691
4336
7110
7945
2317
537
1619
2731
5572
5731
8659
1658
2356
6912
5748
1785
796
3613
7262
4757
4124
4152
6818
3363
7244
2131
428
7441
5705
1706
3526
8526
1736
1638
9965
6697
3097
555
7866
4453
5994
8434
3965
8502
9632
8837
7545
836
4148
6782
558
8943
2458
7500
7746
2561
8734
4264
6892
9109
672
7132
9762
1423
4207
3870
320
9566
2893
5579
4983
9246
1153
9158
3431
7036
1500
8807
3240
7541
8375
9262
714
12
6231
2456
2641
6785
4962
6595
5157
8618
5689
3776
2874
9225
1274
9388
8974
1079
6939
3948
9061
3380
2822
4724
3486
339
2832
7618
2218
7591
2521
3809
6495
2257
5863
397
8626
4845
1898
6687
7140
5142
7728
4191
5701
9075
4071
2519
22
83
5376
6641
6428
3224
4835
8180
6391
5202
6256
3858
3456
9991
4299
4173
3272
4387
7355
263
484
1561
8709
6294
1038
4777
2412
8162
8687
114
2637
53
2377
9650
8758
2945
5425
6969
5481
3432
6181
6550
2961
5832
482
7187
8571
3156
1879
3319
7063
9254
3741
8593
980
4075
6623
6013
4520
4216
9258
736
722
9002
9606
5730
7918
8230
5269
8713
7431
4795
3073
5888
1344
4334
5268
1846
2396
1195
2465
6676
2587
4421
5755
6612
2964
7896
7614
5326
299
3893
8234
8557
1054
551
8432
5079
8106
2059
8314
2301
3964
1352
2491
4258
4212
8093
885
6531
9942
8132
8537
6894
8035
7886
7679
168
7018
3749
7172
7446
7479
8251
8992
6410
8963
3919
3382
5952
6140
6037
9284
392
7517
6357
4129
4095
2895
7180
2911
5419
1685
3982
1380
9081
967
5196
5929
3054
3891
659
5273
468
2588
921
2608
6691
2575
8504
6958
5502
7908
6802
6111
2163
3541
6584
5922
9082
8570
3588
2724
1828
4632
8576
105
7270
2725
9451
9157
7586
8190
9085
3903
5861
3079
1849
4470
4151
6393
3459
7449
592
2758
6022
5964
1338
4599
93
3551
10
3452
7827
80
6475
9276
2761
8881
2871
1586
1075
4231
8670
7600
6308
4706
9439
4069
6492
6260
1954
1863
9951
219
5054
909
1825
377
2678
9326
7233
5227
1048
9377
1677
7931
5834
807
1960
3556
5159
6126
2489
6631
9214
9886
445
8716
5266
8548
8827
9580
5709
2024
1171
6039
766
5539
2075
1046
1168
9359
3151
2883
8205
1392
2217
2620
5659
4260
2907
9971
5264
2403
1297
3699
5760
6454
6668
1765
9210
5891
4121
969
7247
8574
9148
8198
8288
5344
5367
2261
7687
2978
5838
6159
4457
6747
6488
649
7639
4540
6258
8532
9505
6596
8628
2259
9275
6316
5032
4592
9222
2674
4778
2293
7795
6896
7806
5357
6555
5753
1631
9607
3693
5230
2547
3323
2713
7857
7366
415
937
2572
1642
8695
2803
2740
6940
9755
2661
2288
5046
6919
7640
6049
2687
5898
2831
7796
8193
9010
97
7384
481
6954
3774
535
5279
8149
4605
8197
7585
4144
2586
3896
6065
9776
7315
9604
5989
7284
6020
580
2990
3923
9751
3069
204
5500
9161
6031
631
4181
4531
2409
8130
300
3058
41
703
3125
2258
1193
1527
9402
5853
5669
6278
7236
2580
2471
4767
1995
6458
2324
6614
6888
7177
4850
9287
7851
8201
6237
6672
8148
5270
4448
7160
1373
5472
7753
4406
6570
993
2789
2165
3283
7122
2619
5315
7388
8931
3056
8273
5951
9660
4206
3080
8401
5302
2929
4750
9921
5068
4649
1248
1317
9906
2926
1915
9990
6327
5134
256
7548
7238
9190
7853
4499
732
804
6080
1894
2591
5144
2690
2707
8089
376
3196
2459
1112
326
8624
6303
2143
4947
5121
9841
5966
2880
4543
5616
5912
8043
7599
8506
1078
521
4727
6264
5351
7412
4426
6212
7057
5004
5044
9786
6902
2092
5410
7788
5139
1702
9166
831
744
1499
2189
3357
6541
7560
1222
2072
2766
6943
4242
3827
8875
9308
1255
2818
1652
1146
5395
9588
4145
9248
6083
3886
9080
3937
3745
7370
5604
2633
7649
2869
2353
2452
2266
26
1680
1505
8815
8407
8715
3
5102
9219
2904
2498
9413
8493
1856
4617
557
8588
8559
408
1827
7485
6179
5397
4364
4392
5559
4664
9105
6390
1177
8607
6533
1331
9924
6709
620
9060
2799
7414
6972
3555
7152
1290
9637
7854
1797
8080
3718
608
5098
7522
6267
648
8517
2855
5293
4390
4894
1744
8704
7557
7204
7750
2558
6775
6055
6100
5649
5926
4736
5475
8403
8560
6931
1366
3040
7982
3170
8333
3775
1130
6608
9576
9949
8185
2802
1226
7572
5632
6606
5041
2571
2386
6368
7182
474
6639
3287
9047
7354
9013
2549
817
7501
9920
3695
990
955
2556
5319
7692
7761
1464
6468
7300
3579
1303
94
4280
1488
2841
6827
7613
769
4867
6405
698
5527
2954
3222
153
4328
2480
2042
4430
9188
2696
3834
8457
8520
4856
4248
1414
6375
6525
5847
9759
6198
2290
5933
9424
8735
4464
9371
9014
9344
1553
9753
3392
4952
5987
4652
8109
6165
2894
6365
6263
6436
6442
8689
1442
1700
3859
32
1510
9497
2715
3808
7298
8802
4278
2254
6562
6788
8640
5025
7256
6689
5348
9779
1476
5791
704
6770
9859
2067
9877
1403
4330
4650
5910
8067
