3451
1293
1984
3447
3673
8635
2703
6046
9659
5798
9433
7751
9303
7913
6055
6783
7907
8733
7425
6658
5115
9149
8590
8659
5817
3238
6659
2349
7759
7674
7593
3068
2617
2224
2882
2183
4968
6591
5016
8274
5482
9155
3817
7857
6556
1895
8192
8556
1842
5005
5581
309
6366
569
1320
646
3243
6069
6430
9718
1306
118
2266
2775
5236
4085
8926
1058
426
7679
9785
3906
4685
9951
3840
5258
6989
8774
1765
8263
5627
7300
9043
3897
2683
2823
504
3218
7137
1934
4273
8225
5648
226
3925
4703
858
4276
6805
4087
2062
8442
5766
6774
2771
5942
5238
1074
3862
4476
5530
1569
1002
1031
5066
2865
1567
1024
2983
9857
6197
1068
2056
218
546
2176
5424
1437
8299
252
6558
5742
2837
9607
4731
7934
9930
9791
6780
7690
2044
4978
3834
8168
2859
6031
7591
189
3847
2602
6508
2345
8284
4754
5527
2267
8015
9344
8236
5165
4431
7333
3719
835
1542
4927
7979
1193
7533
8821
3524
1949
1580
9589
2849
1460
9467
8444
6038
4557
8563
3710
8954
1393
4291
1236
5574
9100
9302
6897
8705
8174
2198
6708
9123
3365
1479
8098
6114
6390
3092
7199
6816
8528
5847
8332
3774
1687
6599
9224
4492
840
3045
4172
5745
4475
6987
6246
5374
2375
9790
1874
5173
1975
1611
9406
876
4697
4575
539
4665
9560
689
2893
9566
5839
1379
1711
8345
3059
1414
3852
5411
8123
7359
1387
6957
6650
7238
636
4719
6751
3270
2217
1596
7368
8466
955
2109
7885
9788
4746
4516
5202
7611
3929
1530
1989
2841
7007
2678
5295
8277
2953
6090
5137
2844
715
4379
9890
3160
292
9053
7997
2320
3201
126
6288
317
5565
2722
2009
5473
8377
7916
352
2795
7656
6704
1783
9559
8830
5622
395
1118
6956
7064
9501
8373
8949
3495
2840
1469
8625
9660
2070
2282
7532
8092
6601
5563
3241
1416
9763
6692
6348
4569
8434
2169
6399
1696
2692
9854
6681
8511
9558
7998
4577
7049
7285
8056
2365
1017
2584
527
7976
8378
72
9418
9767
108
3246
6938
5323
4104
3701
6745
3473
6072
9475
2578
6249
211
2881
3031
1882
5065
2716
9324
366
5432
3680
3595
616
3358
1078
9593
58
5977
6107
6625
4954
7096
2090
75
1368
4500
7712
1059
6750
6351
3994
3478
8311
7355
9798
5754
2676
8634
6248
9509
9734
5053
7516
9970
8629
8988
9833
5503
6604
6078
9984
841
5092
3753
4889
4844
9720
4081
9887
6648
8039
1965
5532
9463
8603
3980
9605
5558
1207
5546
9156
6632
991
56
8020
3793
921
2868
9692
5596
4387
6005
7206
6886
9673
3279
2084
5349
1279
5406
729
2913
9185
983
5929
1582
6240
5187
2178
3040
7255
1639
8234
4076
322
3180
3494
2561
4601
2585
1690
2812
1816
6610
3687
9784
981
1879
2573
4110
3767
6157
1941
4202
3612
4148
784
8033
5679
6980
3191
6326
83
625
9322
1459
9190
3453
6125
4766
2774
9365
514
7062
6355
2794
155
8326
4401
4870
9906
8953
2763
3605
1936
4068
3895
348
6948
5774
4098
9446
3647
9285
1152
8694
4619
8960
6327
601
7303
1265
1360
4790
6391
1307
8923
8767
3969
6332
8865
4280
1973
9119
7312
5079
3080
3022
6215
6724
4526
6350
5669
6133
3135
383
6496
1642
1016
5200
7946
6557
9023
1557
4440
6800
7491
7112
6408
2226
8251
7706
5050
5557
2132
7941
1884
5633
6536
261
7589
2285
6234
9747
9831
4642
4021
8764
5877
7730
5224
4949
4812
8647
1700
5693
8691
8469
7499
1706
7493
8650
8601
2359
1811
2174
9295
6684
9704
7165
8411
4921
8323
2000
9975
6974
8142
7495
6699
7636
7217
8631
769
758
8319
9904
3866
5715
7100
2515
490
2291
1777
6769
1384
2976
1718
4330
7811
7067
935
8184
6291
48
6725
5148
9251
713
7429
4659
3152
6596
3968
4370
2919
7927
5533
5197
718
6045
9538
1572
2970
5515
4806
9291
8135
4906
330
1868
643
9320
5122
5161
6858
1112
9581
8391
4113
9886
6436
8247
80
9717
9163
2793
3036
9740
6609
8293
4199
5780
8799
2257
4478
9971
4739
9726
8823
8279
8739
9187
8996
4091
4910
8457
9087
2754
2064
6149
8196
8219
9901
6137
6671
596
4006
5824
7073
894
7994
5254
3846
7220
6611
4606
8554
1472
8406
4488
1115
9309
3005
702
7319
5695
3787
4082
142
6239
9650
4473
9793
6155
4825
4530
3379
310
8227
928
4248
5955
6777
535
4785
5313
8253
5158
8205
9095
2597
9048
3123
8995
4323
4009
7872
2317
6634
9327
7971
7434
8838
5070
2236
8101
6963
113
7659
9094
6075
2547
7614
4984
1722
1186
6787
3551
9259
5701
4916
1255
1222
2033
338
8772
3150
9957
161
61
9590
2421
332
7136
9193
3954
2213
451
7607
2853
7343
232
4726
8366
1534
7405
2004
5856
5084
5175
6278
4864
1389
6843
4534
6172
5283
3331
4115
6194
4404
5696
2589
7658
5302
633
4657
8797
9778
3224
1330
5872
5123
4664
3580
1796
1394
3578
9461
5738
6260
2307
484
1105
3832
8646
4959
5403
2943
1767
8009
1067
679
5343
7034
5074
9497
6891
5743
4363
6420
912
7544
3295
9755
9794
3100
7151
5764
1439
9941
7468
6227
9067
1680
4821
5792
8067
7538
4896
4118
4588
2399
8436
6644
9366
3939
9076
3345
9400
1126
2936
7596
971
4366
7662
5804
7160
8812
1242
5141
3469
9102
4293
2103
5301
7391
6300
5300
357
6996
5332
2757
9889
3149
9641
3104
9317
2783
5954
7569
5397
2233
6428
8011
2416
6881
3166
6135
3804
3728
2069
990
3047
3202
2759
9056
6141
2504
1766
2601
5277
6416
8676
1821
7698
1260
3397
5802
3137
6940
9278
415
1079
2228
3970
3297
8050
9237
6525
7273
2826
2238
6736
235
9135
8349
1614
4207
7284
6384
217
4656
2385
7149
5579
2591
234
4364
8027
6900
6083
4925
5009
2496
6872
6538
1799
727
9927
734
5893
5799
5629
9678
1278
7010
3510
1256
8143
6984
1773
3459
3392
2191
9842
7295
262
7519
4722
6978
5287
7354
6407
7111
5597
1926
8681
606
5359
8438
4061
4093
1116
3592
472
5892
9685
5307
3985
2098
7167
8503
8778
3608
9937
7170
7771
3444
5494
1465
7388
9929
7176
7404
9218
365
2127
1334
6465
8051
1576
8993
8313
3645
560
6073
1489
1027
9181
3107
6965
5748
1314
9688
6429
250
2607
5706
5294
6117
7896
2273
5394
782
9199
6964
5083
293
4412
1772
2495
277
2791
4124
3657
8961
4892
7846
3179
1584
969
4905
2833
852
5805
2460
836
4445
397
2151
960
8003
7070
5782
8149
7562
3540
9044
3778
9204
1409
1429
9376
299
5538
3587
7202
8322
1919
6477
866
6048
5116
3757
4778
2315
8624
9536
7725
1432
2116
1094
5959
726
3082
3775
773
9030
8628
3198
7332
1158
8552
1510
2925
7317
3692
733
500
9786
1656
5230
9413
895
3229
8189
9989
1040
3077
7207
1616
6954
1954
3500
1128
8240
1032
1500
7004
3837
3260
7524
8586
1161
1021
7993
8136
3576
5709
2343
2643
8864
5505
6898
4958
2140
4981
6793
425
2201
770
6144
9033
7171
1819
9816
2193
5594
8944
2149
1853
2727
9821
7802
3794
3041
5797
9373
6846
1573
2105
249
9995
9826
8396
816
424
2204
7909
6566
459
473
7722
8046
8362
6577
4996
7721
9263
6723
1615
4465
1415
832
7577
1544
7876
2742
1403
6933
4904
182
7373
2480
8591
8555
6541
341
3816
6941
3199
5405
634
311
9561
9277
8941
9671
6531
1270
1083
6411
6406
3426
2764
9905
2582
3274
7814
1550
9926
9231
9797
37
6096
8928
7006
9434
2112
6472
972
3709
6661
3412
8568
7895
3915
6986
4336
6713
1391
2465
9781
2331
8447
3441
3315
2596
638
6804
9090
5093
5421
4459
7270
854
4871
9437
7379
1647
1213
5734
9436
1903
1595
2408
2860
6103
7451
2305
992
7440
8873
5982
6100
2158
5350
4614
9514
1374
3006
3604
246
8565
7999
4189
2463
1723
8832
9337
807
9358
9619
4538
6739
1499
8169
2185
3942
1288
8906
7060
4016
970
8006
4700
6716
2739
8858
8640
2825
4042
7568
5899
5072
9339
8087
573
24
2474
7014
3522
3552
7599
241
5058
8066
7409
7420
2080
2085
3664
8682
8467
2423
6838
7256
3792
2013
5704
4634
8485
9847
5569
2215
4007
3515
2903
2175
1966
5114
7374
4481
9741
1695
1167
9271
3523
8057
2985
7367
611
340
6583
4035
8421
1789
9088
3349
9574
2086
4037
5593
8836
9902
3951
3344
6185
4252
4284
5984
8775
2766
7196
381
6008
3311
6159
8967
6840
7685
7565
4283
8177
2997
2058
7633
7800
8422
982
762
144
1349
5136
4640
1250
3194
2559
1801
8979
9169
2950
5807
6859
203
6993
8533
8351
2961
562
3640
5391
116
5088
6290
7055
7001
7156
7190
4390
5061
5912
942
8974
1589
7047
1719
8638
9273
7807
4999
4078
8167
6310
7868
6540
6469
5536
2646
4096
5095
1508
5214
9465
692
2869
1365
7567
8856
1533
5512
6369
809
1652
4591
6768
2673
6007
6388
7943
2270
9213
4464
3042
7245
6126
720
9867
5614
6576
8698
6482
4020
3638
2994
6462
1939
3335
5511
2306
6164
5270
7770
1501
6878
4126
4286
1751
8702
8599
6220
2272
369
8450
9670
3
1591
6969
205
8839
6402
3464
2858
6331
688
7277
9472
2252
5398
3013
454
7455
3498
4637
6701
468
6775
6051
400
7731
5017
4441
4604
1104
8914
3821
9699
8815
2622
7339
401
3677
6526
31
2278
2428
1219
5598
3081
6440
5958
551
4537
2779
4592
1477
6890
1134
3326
1107
8386
9714
140
1961
2092
4222
6685
4658
1633
5956
8869
5674
3131
724
1851
2302
5193
7105
5875
2202
3204
5786
8062
9209
698
599
6377
5382
8879
159
3257
4080
2533
6150
6656
3670
8693
8144
653
2260
9545
2788
7473
4804
8451
9448
3211
965
9121
2941
9444
1229
1338
837
6594
6030
9441
7772
2619
4628
9304
4776
3666
4360
9464
4799
6016
5477
3363
7784
561
1201
119
2189
2153
6169
7229
9011
3357
5865
8825
482
3780
3720
6343
8760
7022
8445
4385
5599
45
1196
5199
4437
7436
5608
995
2075
5821
8228
7315
57
2975
1241
2186
2733
7442
958
5266
8870
4914
798
4753
1720
5900
9756
3368
2672
5736
929
4240
7651
9510
8096
4483
6262
8021
7437
6862
6058
9022
5073
3455
3334
8336
5128
9942
2901
3974
9706
5585
1757
2776
9998
4316
5686
174
8235
3121
4372
9657
5060
8968
5286
7684
1663
53
3157
8751
1807
7990
4055
3414
9330
820
7619
9168
4842
389
1809
1246
5911
4755
5003
8048
668
9338
1342
2212
3124
9292
2076
8880
4116
5795
2569
4926
1898
9562
1636
9832
5618
5419
9029
814
592
2351
4775
2842
6361
6779
4435
6553
6741
6253
4270
1664
4226
4038
5796
8114
3874
7645
1786
4994
7032
6642
3432
1838
104
9238
9639
5168
1944
7932
6910
5029
4332
9228
6324
4157
7029
3389
9174
849
4941
5358
2143
6836
7148
1577
9752
6537
725
4767
2586
6623
5573
8388
5910
3711
3062
9600
4738
7459
3053
5172
919
2316
1970
8173
2647
5491
1520
5126
1127
1995
5957
9764
5006
4144
9722
1762
4567
1420
8863
316
6667
8340
3986
6504
9115
2276
7511
1476
3738
660
821
8335
8843
3894
3321
9947
3393
8088
1798
379
8736
9728
4143
7635
4648
3782
4424
2699
7746
7392
1840
5985
9171
7668
1787
3843
7617
5207
2360
5561
7975
996
6211
519
2968
4251
7360
3598
7506
3492
2146
3750
4064
1894
6480
2446
3599
4152
3896
1239
7837
1714
8779
4987
6698
7902
9383
7836
3688
9177
7035
6138
2390
1197
2562
9955
4877
6505
5002
4495
431
4944
2518
1935
3766
4368
8272
3739
469
2364
8530
9265
1486
8250
4939
3908
1825
6628
6794
7189
9918
3499
1979
2324
1728
7424
364
7075
4380
6338
9526
7016
2456
2743
1669
9768
2798
1010
9471
1849
5698
5525
1960
6127
6180
9184
6911
627
175
2661
3562
102
6242
3268
7194
8258
3247
2354
1069
59
5493
170
71
7406
4122
3533
9227
1551
3197
3808
1827
1092
4979
4260
5836
7570
2082
7488
5718
7085
6657
4040
9027
2634
7268
8180
673
7715
8746
4299
6322
5586
3340
9690
27
7869
7786
1875
9409
3671
5372
6202
5859
55
5133
2946
3347
7742
9836
2530
8608
2529
4197
962
9432
7799
7325
582
3074
5554
3881
5988
8341
9507
9759
5155
5637
3096
1599
8237
7768
6653
6856
4250
2982
7101
7128
4489
7464
7335
5889
3962
6901
1228
201
7840
2595
3034
4824
4885
2078
4674
7988
7884
9430
33
6435
2244
7076
2367
4285
4747
6802
9693
7180
5089
7738
5335
4232
5647
5989
4060
8049
9606
9481
4333
5653
9015
719
8738
6572
4965
1373
7939
5250
3503
124
9946
8740
6776
6307
6190
5621
1436
4849
5636
5010
4388
6571
4788
6893
2400
7866
3012
5744
1829
9236
655
9837
516
6564
844
2387
6902
7494
462
5097
6539
5225
9557
9398
5470
4313
1454
2649
3830
7413
2275
6563
4561
6803
351
1039
6064
1491
6727
356
5399
5316
8553
1689
298
8937
9361
2608
5741
5375
3230
1148
467
9519
1312
6393
6822
757
4521
577
5447
244
2337
3607
2778
1119
2177
8583
3941
6095
6176
8165
8031
3424
8945
1386
3423
1425
3381
1618
7637
416
2034
823
6602
6730
1190
1230
4354
7624
2920
1131
3008
5863
2101
8785
6128
9042
4041
2454
9192
3366
4542
779
1195
3646
9041
1044
1154
4051
1047
9723
3891
2567
6050
5253
9525
4472
9390
2817
4929
9683
1057
8130
6162
9851
5208
1142
7139
6221
494
4451
4646
7615
4607
6357
6532
7082
754
8113
9112
9229
6622
9055
3667
2052
2732
5019
4337
7038
1509
5703
6696
3781
571
8927
9133
1298
9775
1310
6627
5004
6086
5885
9795
9345
5582
5246
3226
2398
2880
5541
8008
4119
1019
4324
3910
1541
1531
4297
5333
8412
4105
5275
4482
2905
7918
3189
1430
5767
6894
4966
5714
9518
2301
3127
7707
7590
7543
4818
8053
8622
2796
8534
9806
6848
9583
5975
3212
6077
7747
7783
485
4030
4668
3105
7584
6528
9157
3332
6486
327
3581
1220
1253
4303
1810
1655
1668
7402
2758
6882
9410
17
1880
7905
3384
3287
7871
6516
8910
3759
4832
1120
4717
2372
6156
2426
7244
1325
2568
4185
1461
8294
1715
9732
4902
554
8862
5540
1354
6089
6229
2389
6499
7314
6457
8361
5371
1713
7241
1635
8569
4843
5620
2251
3880
6889
8255
5376
7639
2907
5716
2664
4294
2352
4663
9725
5130
7705
8016
4071
9082
4639
1267
9116
5775
7541
9869
1458
3904
4991
3217
4647
4002
7318
607
4269
3220
7728
6277
7603
163
6668
9369
2799
2133
8303
6442
827
4505
5848
9139
874
2157
4084
1752
1850
5226
3733
891
6666
8806
8924
7276
1333
4705
2088
4130
422
7921
9587
5976
9257
3165
5336
7824
8047
2527
7691
1759
7585
604
305
5109
8753
4196
3631
883
452
8621
1978
4184
1748
7982
2483
5450
622
1291
695
6373
975
5506
6041
3993
8348
8540
7945
8648
8558
7095
5791
8440
4651
716
731
9635
2978
2717
7298
5539
1484
3590
3732
8789
8888
335
4485
4229
449
2694
3820
5157
84
1028
6479
1532
1999
5039
2038
9796
3341
7476
9708
9807
6158
4749
9628
3550
3508
1971
1497
9922
4721
7127
4400
1688
5980
9993
5430
7652
9985
5866
8394
1653
3112
746
36
6626
7961
9923
3097
1183
9585
7813
1493
1377
5965
1699
2618
5309
1744
2462
738
945
4486
9405
848
430
9875
1803
1624
9630
7370
714
1251
3025
7231
9099
2549
9052
5788
9919
9232
4888
2166
3051
7153
9956
1428
8703
5466
9805
1006
9086
902
4211
7320
5094
2686
212
1004
7389
2894
872
9812
2012
6665
1755
4835
9943
1206
918
9214
8038
6356
8808
8014
1208
1210
7983
7754
464
3090
5617
455
7555
1708
777
6404
5905
2852
4383
2995
2434
6466
7150
1340
6726
9449
1254
6074
8684
1315
4409
280
4376
1011
3282
649
9502
9651
1947
5551
7215
4983
512
2915
9925
8827
1994
4236
9136
7576
6418
5659
8837
6755
380
587
8118
2867
5211
9666
3054
2969
2029
4447
8752
907
4611
2723
354
3037
5443
9800
2505
268
6228
9715
2695
42
5100
3853
7018
148
6818
6997
8609
1252
9349
5063
7438
5166
6834
4508
4186
743
3620
1321
5422
4292
2522
9959
5132
8086
1630
7110
2425
9389
1408
8102
4692
6631
9893
4024
8264
2106
9428
1628
300
7412
4188
1053
306
6827
776
9700
4301
5590
4975
8557
5484
6334
1962
6676
1125
4931
8244
1091
6575
9159
2873
9183
9520
4258
1824
134
1194
6937
8712
9663
8911
6720
9543
367
6318
1369
2830
8639
209
579
132
4344
7505
3256
2248
1375
5990
1908
1682
238
4930
9823
5572
9749
9483
1103
1081
7109
6011
767
7518
4056
3614
5504
2253
2545
5724
4092
8380
4679
650
3571
3437
1438
1221
446
1887
4912
4127
6286
838
7803
3330
609
4101
8290
5418
2973
6182
572
259
1737
2911
9148
2396
407
9705
7536
7347
8017
6268
6906
7120
6289
4356
2709
3981
1396
1791
677
5087
1217
184
2665
868
2020
3440
4517
7710
86
428
2322
371
1319
2007
3035
9569
6459
8327
3370
8387
5922
3930
2214
6869
2705
4667
5345
2356
3938
8716
7625
6256
4438
2626
6218
7043
9036
8834
6924
9306
1238
297
9623
1998
3623
860
4882
2579
1169
1276
4498
4605
940
5260
7278
1761
1694
6044
671
1892
5078
6643
1806
8592
3320
3307
6269
8106
2866
8792
7903
52
4935
7981
6582
6778
9104
4462
6697
1388
8861
2388
1910
6861
7297
1370
4649
7944
4740
8588
8606
8501
9225
549
4837
7086
6449
3430
4794
5728
6928
9512
6333
5337
2325
167
6379
7782
3504
3380
6511
1309
6446
2628
7882
6424
7443
5480
3173
3948
1914
5240
5607
394
5085
3419
6401
8517
9885
2721
5235
79
6982
112
507
3132
9618
98
8456
6844
5894
3346
9646
4329
710
4497
3635
833
1746
2691
2479
8981
8413
6674
2108
974
6584
5232
3176
3290
2918
8902
3093
2303
2405
7426
8042
2532
3761
1141
7240
4278
3237
4872
5670
9452
2182
6378
8947
5487
8296
3253
3911
9822
6546
6059
5952
8122
4840
1371
3898
1424
6630
7912
8645
9222
8158
2473
9682
3805
8971
2544
2482
8695
1172
4520
9286
6252
3532
7173
5106
815
4410
8714
5979
1121
5096
9364
5500
4045
6489
4757
9003
2700
3800
1023
8428
4031
4553
3153
4574
4348
5684
5507
6605
6854
576
427
5762
8266
847
4629
3431
8212
8771
336
4103
3182
7236
145
273
5262
822
6825
4917
8082
4758
8065
9399
475
6359
4555
3507
6669
7904
6839
8061
8147
9844
5463
4114
3319
1090
343
5678
8121
8371
2135
4809
648
647
645
6946
967
107
1176
513
2424
3322
4813
5603
6678
9494
2049
1503
4511
4165
138
7081
6695
136
9440
1411
933
7209
1881
2681
2974
745
3814
4587
8969
7280
1562
8372
7287
3845
6860
2832
2751
9429
3825
3314
5801
3024
1464
6295
9300
893
2067
7448
7571
5112
8731
3769
3095
5222
6455
4940
149
1528
6017
6672
9744
7852
3409
5814
4216
4773
9233
7810
7305
7963
4807
1014
5812
2028
7107
412
8717
9312
1560
7376
686
7602
4264
9679
7230
2897
7272
3404
1617
8148
3421
7592
6272
7210
1301
3892
8567
4581
2958
457
4067
775
2491
6042
5312
9217
8762
3203
5891
8214
3489
7338
1724
1051
8755
3118
3982
8784
8222
3978
4523
8030
9091
2947
4829
1931
4039
4737
2971
7889
2768
8137
4052
4736
3032
4457
9849
3790
875
6905
2221
3140
1263
672
589
5915
547
291
50
2249
2330
185
9597
4636
8618
8499
985
2598
4725
1038
9459
5035
5549
5196
642
8218
7395
2520
2712
8786
6767
2565
6323
1613
5244
5642
4094
6212
4029
7375
7678
3050
5027
1901
6542
1041
1303
898
3278
3905
3255
9407
7834
3879
5995
4195
7356
4439
6636
3521
904
9107
3367
8213
6027
7052
8161
1507
9111
4950
5201
2026
1988
2625
3602
8546
1750
4490
7159
7050
3543
2068
5710
4969
7204
2232
1598
1585
4164
188
3007
8898
7507
2502
3436
7829
8316
614
4272
8756
4430
6054
9870
1928
6000
6972
5655
7168
5390
8482
4075
7108
4989
7732
6068
3336
900
7155
5844
2453
2298
7009
5340
8103
7329
4361
6916
6903
8206
8300
9129
665
2581
6700
722
4802
5439
5665
3482
6213
2989
7260
2611
2433
7805
7221
8913
3827
1524
8770
6088
9370
3744
6729
2952
9125
4133
4343
8720
889
2197
5429
1243
8672
9695
9064
4952
5652
7734
8571
3860
1932
3048
5280
5501
6314
8805
4676
5739
8796
3826
9453
7531
9709
388
9544
8842
2145
9864
9739
9674
4881
6131
7630
2137
4834
3984
783
3871
2443
2945
7090
2724
5284
4644
200
9809
2023
2030
4180
6828
2019
6473
9547
3285
8704
5758
11
4382
9262
3877
1463
656
9226
6387
6367
8310
2087
8452
164
9701
8408
6419
2659
5219
7699
8383
6146
9669
1526
1361
9298
7344
9058
1896
865
9614
8766
8254
6458
7382
676
3591
6686
1179
453
3577
9845
7675
8084
4402
9675
8890
6385
6020
8524
3907
6043
5341
8929
5144
5265
1575
1075
2371
2123
6702
7408
740
6298
1536
8280
9387
2102
2525
8414
5612
7719
9394
6547
3450
610
3146
3083
9615
9976
9301
4339
414
8781
9035
1271
8852
553
2386
1329
384
4774
9241
377
1974
4307
1108
3650
2655
2851
5857
1997
4956
5451
8724
6760
3490
4235
4073
7646
4598
6495
5688
4669
2165
3396
1443
9287
5431
3779
6640
3269
543
4047
771
6580
5662
6864
69
4474
4362
6790
101
12
2155
2648
5457
1482
5677
6945
9584
5809
8091
3678
5206
8389
1313
3427
4108
2684
9586
2787
9150
978
563
7695
594
1442
5644
1089
3854
5489
60
4496
5481
5740
9215
3721
6921
7487
5694
1963
5465
7079
7091
8099
5297
3696
372
2240
7361
5317
1707
5478
3158
8932
2666
9625
9897
5562
8957
8889
2362
4522
4008
9522
25
4519
8298
6012
988
3283
4099
6267
956
4810
2616
5329
1938
1218
3706
7820
3653
41
9019
7978
661
8657
9782
1282
2488
8339
753
1502
5245
3406
9249
8291
7704
5948
9655
1347
122
7845
5651
6619
881
248
4928
1852
2863
5428
7246
3953
344
120
5174
8921
1335
1205
9395
1547
6873
1832
8297
3542
2168
947
5273
9620
2814
1831
2697
5326
5654
8453
3458
5851
5169
1945
1401
8675
7352
2809
1797
4395
1913
474
863
5964
3383
2587
4456
9069
6515
2420
9000
444
5022
2014
2514
3209
8238
3756
6863
8278
7901
125
8129
2741
8188
1733
1844
6519
304
5404
265
2323
5360
5389
2218
9592
9175
4501
2188
4367
7098
5423
4898
3408
5264
3223
3679
7211
8407
1237
9093
4836
4908
9096
6414
6386
2885
6660
5410
3641
7059
2944
2299
70
5076
9524
5626
9843
3932
2979
5868
8730
2834
1659
1163
2274
2081
3461
7457
1808
19
2469
5458
4461
930
706
224
3098
2935
5454
4351
1285
5571
8718
9742
334
4158
7940
286
6570
9653
744
6094
6922
2222
5625
5415
4449
8938
5553
4585
5842
9871
5834
5185
5833
1147
2047
6454
5091
1184
3466
7528
1855
8146
3434
91
7996
8074
6904
2335
8636
3690
7243
3208
2701
3745
7789
3902
9371
602
1793
8904
2172
5906
3702
3949
7222
5543
8519
329
1013
4650
9960
3517
7847
5163
4986
7130
6509
6614
4803
3030
355
8977
6303
2808
6738
2444
3415
954
3965
8829
9002
4036
7351
6983
7929
197
8616
845
9672
4373
1358
1505
2677
4187
3748
4454
9290
6545
4612
552
2363
6210
6494
7546
160
9537
4423
8246
8256
8195
1398
559
6023
208
15
2998
2511
3675
4878
2510
6959
1553
6124
1644
2247
6013
2884
6004
9983
3747
9353
3776
5667
5032
9815
806
9294
8019
5256
2170
5184
191
2635
2629
96
1529
8043
6763
5231
545
5059
6633
6962
1468
328
3621
3073
9915
2631
1049
946
5913
4899
9735
2051
6824
3802
1784
9006
2784
3018
2624
6082
1202
1405
3856
4306
4466
2996
5790
8018
3963
9499
9754
8973
5887
7299
9766
3262
6122
8810
7795
7849
4760
6065
4558
7953
4386
6093
7294
9711
9034
3250
3456
4594
1470
3479
3170
2061
7612
9792
4701
2418
4174
1565
5861
8912
9789
1495
7201
5048
1817
1123
6798
436
7897
9173
6735
564
6170
6120
13
4582
4847
9813
7310
2902
1272
4125
8395
7311
9981
8920
497
6920
4627
2455
7703
3261
3026
7041
1620
307
937
3188
6208
2570
7279
3971
8627
4645
7948
7154
2761
3273
3869
2104
6151
4945
6425
9626
5918
7410
1605
1915
9061
5221
6743
4784
1729
2810
5015
9084
652
5483
321
7844
699
5575
1214
1522
2923
1422
3298
3955
8307
7827
4237
2633
6173
7336
2011
3029
2960
374
6765
5113
2448
7483
7601
5069
6270
501
7371
7313
8260
7182
639
884
7926
3125
8484
6842
1164
3833
7119
1967
3168
3316
8044
4625
3058
761
7302
711
9599
3099
4900
1235
525
1571
1496
9296
2229
1927
4570
8809
5242
7620
4178
9967
5661
2963
1907
1623
6283
8431
1160
853
8437
7501
5407
2286
3185
1106
2883
3485
8615
9649
9496
7551
4019
6444
6554
6217
6732
4953
8584
8495
6533
3735
7422
7529
7291
1774
2827
8989
8506
7275
9550
9936
8302
3486
2669
4779
2824
8835
3477
434
793
2141
997
4205
6161
7023
32
6880
8285
2046
2435
3193
4608
117
5936
3214
1830
9118
2803
7237
8367
2458
9143
730
1703
1950
8860
3936
2348
4867
3569
3114
1447
4504
4883
550
9079
9130
7745
4014
3589
8283
3867
8801
7046
2114
4532
6060
530
1109
156
2828
6003
7595
5354
8369
6302
7713
9656
4626
4839
2293
6527
8882
1861
751
4782
8743
8357
2050
2311
9856
4139
4992
2487
9443
171
1506
735
4253
1641
5930
4053
1952
1957
6934
4777
7383
1839
6092
6214
8600
7446
8897
3835
8368
3628
1878
8970
9751
9423
1348
8139
6712
4911
5367
7539
2802
9912
8382
6206
3813
9876
1588
1042
7631
6806
5510
4238
3520
4845
7008
2150
1845
910
3637
5257
6205
4347
524
106
139
6841
4680
4107
791
2657
6121
2738
8166
5761
6581
1323
7456
9180
4833
9780
3391
1257
9021
7911
7069
5998
5427
487
4154
5874
2710
6616
6662
8465
4816
4683
6548
7750
6342
228
4309
3920
7573
4340
437
8479
5615
8998
8916
7767
3163
2702
9505
1619
8814
154
4933
385
5156
3516
8262
748
984
7058
6813
905
8872
4583
4923
887
9350
2606
6476
359
9158
2641
9062
5634
7708
1539
489
353
7778
8055
1474
4460
864
6445
1555
7163
7582
7407
843
6101
1180
413
6175
7472
2471
7072
6358
2506
867
3811
7677
8943
8795
6994
4
4261
1820
1658
3947
3998
3021
6815
4469
4389
1211
9008
5444
7892
5513
1843
8393
8683
3613
3723
3785
8933
6513
6165
2021
2148
6641
2122
2384
1061
2024
7644
2538
1665
223
7855
8768
2682
8876
7497
1287
386
3342
5921
3703
5903
1431
1274
8355
3258
5643
2663
4200
5007
6772
1174
6753
9848
5878
9414
796
6398
8757
1834
7364
941
1776
5468
6018
9098
1076
1981
6349
2447
7158
8574
3151
9059
9017
9624
6266
4712
8454
1336
9896
420
2079
5011
4190
7191
4709
3115
8107
2220
8686
6892
6063
5917
9935
5960
4218
6707
5467
258
9357
9873
1731
4022
9146
8816
1378
2265
1538
5420
9038
7271
950
8265
621
5396
8239
8671
4857
1909
6140
5613
7851
1133
8868
6067
8179
6943
2377
4331
4937
2770
6188
4652
8315
2128
6691
9954
2693
6703
4353
2216
7809
5351
3996
9604
8119
6694
5577
3639
6029
6261
7665
5514
557
1732
7363
3718
4655
3859
9493
114
2627
3764
4580
2451
6621
4141
1487
3950
4247
7126
9092
90
1692
5520
7666
2066
9412
5149
1098
3643
4584
8903
4167
8853
7225
2767
5589
3372
2729
6529
470
8871
690
7129
3665
4596
8905
6607
675
666
2993
1328
6677
5102
4670
7610
4800
4422
7366
2707
5171
8822
9439
4907
3691
5023
736
1990
5215
4714
442
3546
534
1848
5547
3291
2926
1738
2374
7683
9652
6823
4671
1419
5966
6812
2334
8896
7386
8203
1478
176
3705
7094
4724
7794
6181
9160
922
8022
8678
253
1548
9841
3065
7181
5296
3909
9450
9565
8230
6057
801
5228
5974
4444
4413
5042
2395
3863
3812
7
5364
4536
5840
7003
5841
6178
347
3348
7092
7605
8653
301
2383
7195
1916
1602
9077
9404
8363
1918
9421
6820
817
231
6099
8191
8347
4314
396
8324
9616
129
7486
4860
6312
7736
2930
566
6832
3672
1677
4915
6968
2268
824
4088
3693
931
3842
4289
8798
993
8502
9081
3737
5645
5750
6600
6797
6293
2264
3887
7439
1683
8221
9644
3807
8579
3234
2890
7737
6301
8405
4976
9127
749
3935
2410
1350
1498
708
3952
4455
3659
2242
3583
2498
2500
9047
4147
7031
6830
9060
5455
3829
8317
4974
8446
8758
7549
2419
8334
9563
7815
2159
7841
2477
5673
7146
6590
5570
7649
2139
4768
9151
5154
9050
877
5388
9134
4415
103
9456
9247
4221
1234
7873
6244
795
8602
6352
9396
6796
296
5049
2513
8662
3109
8848
9205
899
4327
6995
1296
6383
6785
8207
2179
1300
696
4854
659
4183
4349
2235
4295
8131
5110
8802
1085
8041
8680
6919
3712
7579
14
5537
5442
4993
3838
4527
5690
7432
7330
3296
5823
5531
2807
7017
964
2756
7384
8942
7263
9521
409
2017
1858
9005
2904
3796
4420
8190
8958
3299
5752
3600
3457
1440
1029
8849
3509
8024
193
4578
1504
2284
6917
4698
5212
901
1969
2848
6871
6593
1280
5135
5237
723
7928
1273
4181
8090
2610
9473
2714
7187
6552
8419
3627
7671
8737
5179
6097
6335
7316
9986
5826
1101
1923
4192
5159
2957
1870
8562
6747
5568
4140
4633
7761
1727
3001
8804
7235
3360
9319
826
4660
1215
1770
6896
846
8679
7498
7071
3142
2871
8886
9256
8001
6561
5012
6737
3511
7286
2967
8966
6071
1964
9018
3078
3475
3979
1889
9894
1826
3924
2718
95
1284
9996
3063
8164
1512
1132
1341
9568
1248
2800
8160
7878
4109
1701
6909
5619
7496
2850
2230
6961
1675
2524
9384
130
7362
4242
26
3128
7887
2077
581
9252
1597
3886
2519
2536
3233
5822
4001
4735
834
9211
2437
3175
4034
7011
1996
9950
5438
5914
2599
9367
4830
4623
5229
830
7479
6523
4681
3893
5871
5342
3106
6507
9949
3445
9235
1523
575
9313
4287
8516
5845
421
5180
4593
5203
8696
4225
9343
886
2074
6308
4613
631
829
361
8089
1885
5024
8398
5969
4069
8072
7879
1698
1511
4808
6710
2121
703
3488
6264
7557
5495
4145
9230
7681
9817
8416
5310
6130
1749
3070
2008
6543
7484
536
8035
1412
3310
4710
3060
3388
6186
1445
7739
8854
2022
196
9154
3760
1993
9687
3803
5779
811
283
2407
1048
9647
6925
8111
5850
8170
5935
2002
2227
4852
3698
707
5668
8439
21
210
678
3429
8783
986
9787
1097
5712
2609
9240
4046
4654
2341
7968
5671
3917
1742
2001
165
2327
3822
5521
7411
8851
289
5496
8744
2898
3960
4600
8742
5829
3922
6810
370
3549
7960
8210
7673
7166
3162
6764
2688
503
8803
1854
5916
8874
2255
6081
3387
2100
4018
5781
2432
3020
5285
9470
20
8807
4102
3468
375
3491
5259
7013
8922
8425
1191
7850
3171
7469
1686
4015
7604
7193
5311
5927
7307
5044
7660
3353
5090
1372
6714
4635
5721
4003
4468
4811
8430
3192
7870
3460
7134
1404
7992
8987
3164
5099
5852
7418
3023
2414
6207
7910
3086
9535
3716
9442
7891
6574
4946
443
5121
2615
5831
4005
9311
5548
7514
5271
2737
3139
1866
5860
4057
8518
8976
3740
2333
3003
441
5031
5292
6271
7766
8667
8536
7248
6464
4761
5825
2726
1679
987
8713
9057
6731
9207
1684
1983
651
3385
2457
3921
9212
3527
1122
2138
3798
3726
461
2999
3772
1992
8544
619
5290
3836
5043
4924
5658
5908
2939
5867
3801
1561
2839
2239
2838
9486
5787
6817
7835
7689
4298
6382
7247
5379
9738
2933
7788
2147
3537
8037
2277
3676
7054
2906
88
206
1546
3351
9934
3916
3239
1200
7403
6645
1136
6305
3514
5656
9733
8178
2412
2379
7292
8547
9746
8984
6026
5663
9355
6789
9771
7858
7632
4399
8052
2623
7523
251
2378
4274
1929
8198
583
6502
1640
448
5837
687
7831
1
8939
3359
8288
6423
1863
6914
3141
3435
3225
5325
7232
2713
2734
7933
856
5727
2054
7806
7760
3630
3574
9408
6109
3694
7327
9282
3294
5425
4827
204
7867
6771
5827
5416
9783
7265
6392
2917
7053
9779
1395
5210
5098
6056
315
9245
9466
4890
3472
3713
8893
8268
8058
2476
1086
2820
3799
2680
3544
4244
888
2243
6598
6047
7764
4396
3900
786
5550
2563
3338
4480
8612
3534
5195
146
7609
4255
8811
7380
3159
7654
1457
4112
2162
5020
9612
4493
4077
6284
7757
7769
9012
7922
1877
5746
1900
290
7065
6032
7226
9279
2509
8892
150
8761
227
6193
7883
3629
5932
3557
3110
313
4212
4177
5816
890
93
346
800
2806
450
6282
531
8004
8200
802
502
4546
2872
538
5681
6053
1171
5777
4982
4311
5858
6200
4193
5928
3560
1275
6522
4467
6034
2564
2006
8417
3333
376
6887
515
405
1326
7115
8595
1920
8350
1264
2415
9197
2829
4551
476
7326
9729
5056
2300
6719
66
7758
870
1111
1268
5204
999
1637
9595
358
3651
4704
7401
3343
2670
9072
9460
4074
2380
4243
5815
3324
5108
8654
2318
5559
8577
5938
8685
8079
9049
3603
8476
6353
8542
3616
4026
4856
7791
9638
5951
3864
4219
5412
3467
578
6265
7346
9314
5733
598
7709
5338
6478
8270
5131
8321
1364
4220
5830
465
2134
8692
4004
9140
6153
3669
2321
8370
1985
186
7548
272
5970
6192
5535
9575
8575
9297
5793
6474
3851
284
9009
2409
9024
1001
183
9710
7756
9736
2205
8156
9810
8364
7818
4728
8619
1601
8199
3644
8217
6530
5383
5436
8940
3252
2347
6559
3582
2574
664
7421
8523
493
312
2637
5227
5818
3931
555
4223
4718
3033
9914
3547
2630
8986
8292
2539
7793
1452
4540
9420
4590
1556
9601
6578
9979
7348
6040
7162
2654
6001
100
5001
4686
8138
3538
6639
9132
7228
4070
2640
4163
3317
3642
9191
998
6427
3783
5062
2521
2922
8866
278
8032
2948
7449
7908
2980
6321
5177
3548
8699
617
1650
6975
2427
3601
5760
3010
6400
8688
92
3271
7923
3888
4841
5725
3588
1418
7005
2566
1785
6143
68
2290
5339
4159
4814
3946
4720
4922
989
323
109
6544
6237
4513
2271
909
6360
2836
6437
9280
9402
4458
3405
9571
9045
4913
5352
4392
5387
9702
3305
9677
7296
4571
3361
5189
7661
7474
7804
281
924
8701
1607
6977
1381
6687
2125
608
7853
4616
2319
5649
4938
7925
7489
6231
1456
6947
1410
9921
8487
5101
8224
7000
6809
9564
8570
7724
7262
4245
7720
9138
7626
5160
7515
9248
4729
2816
2245
5808
1795
7138
667
6287
6734
2956
9730
2195
5369
1392
9378
3493
3416
7972
8867
3350
682
8513
8728
4609
1294
4819
4846
6362
5789
7875
4798
6091
3789
6187
3312
9691
7559
4554
8507
8734
6113
7289
772
8282
4568
5994
8381
8582
2234
9010
7951
8100
3943
7686
5318
29
8826
6908
2977
2342
9144
491
1367
3292
6395
4887
8644
8813
5366
8706
9608
2912
6749
8231
911
4947
7554
1226
7682
6062
8463
6037
404
4233
1359
5469
3535
9777
7741
5986
1449
635
4246
3374
3236
8535
9142
5361
4624
4752
4573
1606
8985
6835
3064
9643
1519
5105
1187
8185
2735
5646
4547
6375
4509
3818
3858
3301
9198
6706
9375
7608
7696
7621
6254
7021
4322
1036
7224
8232
308
2115
2797
1390
920
9348
7535
8745
6981
5602
8069
3088
8229
7785
6705
2932
3513
2876
7777
4263
349
7274
6831
1917
9356
9318
603
5274
8613
3990
4796
4097
5306
4397
8917
8980
7753
4970
8252
1629
2391
6354
1332
1517
5972
1933
4861
7874
6931
4342
1344
7527
6309
8496
6475
8885
9347
7801
5747
6431
3654
4153
532
944
7942
3824
3901
8532
8750
574
8209
7500
6711
7321
952
6649
6773
1649
8665
2745
270
4955
1514
3136
4617
2644
9386
7015
7465
8281
2931
4341
9578
7322
542
9573
9661
5583
5255
1007
4352
934
871
1991
3663
4450
4589
533
4358
8990
9750
2
4275
9305
825
7513
4182
3119
3231
7744
4369
2875
3195
5944
2988
1353
8668
9825
5176
968
3221
7033
2590
4418
7714
1261
819
2645
6560
5896
2063
402
3913
5188
6233
9633
6337
7213
6757
3017
4198
1099
3302
3762
9694
9516
8145
521
5526
9662
7735
2156
2181
2818
2161
6673
861
4132
7886
4960
225
6926
5946
6235
9962
3046
3559
6433
4699
2196
7823
7113
5773
2720
8931
1129
495
4279
3972
4448
6148
4414
3254
8346
6405
590
3206
8125
9089
8140
429
712
18
3649
6315
5600
7254
9664
1982
2288
9208
6415
9898
8404
8975
4886
7648
6518
390
3117
1159
2908
9982
5864
7012
9381
9106
44
3027
8344
781
1192
4453
9762
153
4375
3565
1362
5086
2621
9073
8493
9911
1138
3841
5920
8365
1423
9964
792
6718
1790
3049
7466
7653
3071
9933
6110
3686
2489
177
9952
3386
9909
9392
6363
1455
3850
1137
741
5604
7550
8963
2864
4166
1331
4932
3531
8632
9731
4727
2117
4559
6756
3597
198
1453
4562
4684
2534
9264
7040
2981
8689
1316
6597
7931
6491
6118
3422
3084
5034
7702
9824
544
2328
7369
897
3481
3438
3072
4733
1741
7670
7588
5707
3976
7169
5348
1672
5305
4059
9622
9468
2891
1189
917
3410
916
7250
9610
9289
6990
3280
8607
4732
2679
778
4817
1269
3662
38
4695
1872
7334
4072
4942
1385
7616
683
6112
9773
9326
7861
4507
7566
8
9990
7986
9621
8076
644
3899
2035
7984
7492
6826
5486
6782
963
1181
5479
9579
4556
1813
157
7987
6226
3956
1867
8306
9391
256
5528
8063
9126
5880
6579
7812
4622
8844
3755
7781
3487
6585
9275
8741
1056
5291
5523
4262
4048
2154
2747
5026
3674
9170
10000
7393
2685
5014
7131
7787
6781
5272
2909
8494
4879
8071
2940
3875
1308
2262
3448
1135
2312
7792
4231
1046
4265
8392
7540
9567
3339
3722
8403
3684
3484
7430
7308
6376
1397
6263
8211
9533
6002
6317
6223
5751
2295
7627
1823
5373
6371
6534
6629
6304
5720
8286
3758
6847
99
9580
6517
5803
5413
4518
267
799
586
8330
295
9203
7680
1473
2942
2167
859
6328
5609
6076
1413
879
4595
115
5268
8287
3143
8773
481
1082
1634
1434
8514
8197
3754
3039
3219
9189
8560
2003
8964
9713
6932
3413
7991
8249
7765
6080
4868
6108
326
9916
1351
9640
3210
7597
2899
7930
8997
1363
6452
2436
2927
6853
5117
8204
9046
2556
1052
6274
1026
6799
2093
236
1015
9342
6336
721
4419
7088
2289
9895
9866
5142
5749
4510
6588
5708
6019
5722
4377
7935
6589
7264
6015
4801
9424
8226
2731
2031
9054
7775
3089
9359
4702
1080
2152
5334
1603
4326
9101
5926
803
147
3277
2550
3609
9745
6104
4533
9689
9882
2846
7002
4781
8075
1518
1444
2503
1232
1865
7415
3885
2472
7779
3977
8649
7269
8651
2651
7417
1847
432
3207
8248
1043
4831
7581
9105
6929
1114
662
2750
2790
5370
1240
8104
8846
39
6857
6970
3933
2642
9554
2452
8187
7575
6562
5544
5873
8572
9855
6275
9680
3181
5683
637
222
7324
4783
2831
6998
932
3108
2136
1921
9588
2535
9978
6389
7552
2951
333
1339
1621
4748
3831
1155
5194
7475
2494
3087
624
6895
4487
4972
9336
6865
6493
4662
2541
7647
5832
4543
510
1071
612
6036
4266
2910
9966
1204
3626
5731
1943
3528
9506
3865
8492
1554
393
5534
4288
9014
540
1005
6470
9551
5950
1566
4822
1324
8787
9288
1904
8108
3700
2256
8085
8478
2097
5269
2111
7952
4194
2478
8080
9274
6468
892
5723
8150
9938
8658
1543
4742
9182
1968
4049
7482
1775
4394
6245
7423
9351
7431
7074
1224
5449
4204
2760
7880
5347
9834
1185
1662
3660
7502
3624
3418
4687
1788
8908
5886
5961
7697
3325
7350
1223
6171
9490
7161
2752
7860
158
1299
7989
5299
5691
6443
9992
5303
5452
6451
597
9860
2126
3377
5835
797
4318
6115
7947
4359
7051
1421
6868
1054
7752
5037
3742
4708
7962
2287
6754
7133
54
6116
9799
1406
318
233
7749
4762
5472
8497
9712
1113
168
7863
685
4579
345
4428
2357
4759
5735
9004
5757
5408
9299
4563
6230
2027
6033
1100
6098
5502
3428
7028
7030
1654
3868
3281
73
1883
2281
4470
8715
271
2180
2736
6365
8352
2131
6447
4471
8800
3056
709
8116
739
4688
496
9972
5248
2987
959
7019
9167
4129
8026
7103
6877
9071
9201
994
522
5882
1955
5624
8010
1400
2481
4873
8605
8919
7463
8418
3957
5471
7545
6341
7936
7185
8661
2887
8749
6899
4730
368
1876
4224
8390
7461
8673
1318
2296
628
6808
3075
5018
1828
65
9040
1157
4815
6481
6461
9164
957
541
2441
4756
7061
7694
2656
9541
2431
5462
6225
47
5129
239
3184
8201
4621
3530
8163
6555
192
9883
2937
8374
9994
2192
620
1735
4425
7467
7122
7198
7020
9039
221
1631
8707
4417
7212
9830
5476
8732
3425
2438
764
3743
7622
1753
6344
8850
8855
9546
8331
7087
7564
9066
9891
5381
4793
5346
9743
5435
418
1609
1818
9818
2263
406
5239
8962
6160
9401
5045
4023
64
7045
7377
7525
9243
4079
3470
3878
5490
2542
213
1716
5828
7966
3407
7124
8991
5939
2792
3512
2501
1199
7114
6788
7774
2099
2350
3390
6241
1972
5699
7833
9354
8410
199
8034
9880
3876
2813
1802
5771
9508
3872
9210
9969
3751
7083
9940
1302
2072
7342
5664
5601
9454
7762
8526
2857
8994
2490
6471
4013
7894
4429
6224
6397
3067
3111
4853
9063
6884
6568
5453
478
3715
410
3636
6154
588
8520
8549
3611
8154
8763
2392
8538
6432
439
4267
2592
3019
2708
8754
4630
1281
567
3890
9820
8956
9065
4565
4017
9458
3000
6512
7574
4980
8604
2411
4432
6930
2889
8498
5623
4851
5170
9769
5953
1063
2402
9814
7485
2577
3156
1661
2381
3309
842
8081
3714
4063
9485
5492
3727
2959
5697
2353
6746
2373
2819
6918
215
1535
3918
4550
818
3130
813
9346
4213
264
5813
4859
4964
5414
1008
1311
1781
5143
5251
8951
2928
794
3076
5328
4539
6119
7205
419
5923
2096
623
2449
5657
831
190
3944
440
447
8531
1710
6147
3091
7965
2118
7157
3169
2687
5145
5324
8060
9908
8309
7378
4083
4149
287
9007
3848
3265
6907
2854
4901
7954
3196
5281
9028
7530
2588
728
1466
8356
4963
8561
7618
8105
9774
3704
9523
2605
9892
618
641
7534
4310
3656
9242
1946
2986
3300
654
3476
2254
2032
765
9415
5186
9411
9658
7687
5587
9727
1355
4876
8267
8477
6259
4696
1893
9703
9613
6655
2430
2508
4548
220
1726
9540
4792
7218
5993
5344
1612
9865
181
5192
5591
9819
5067
9206
774
9341
5737
5639
1743
6888
3227
1625
2397
4128
732
8660
8776
1976
237
1093
3249
2675
2016
961
9642
1357
1084
7460
1930
8073
2804
7956
2210
681
8328
4514
2696
9609
2015
4442
3134
4241
8883
5276
4691
9255
6258
2073
6852
4123
76
7563
7521
7358
9331
4203
1146
2992
6183
6664
3126
7477
9770
1890
1317
7140
7906
1792
3685
7717
6422
8677
178
3975
9075
4610
2548
4653
6485
1327
5755
1060
173
7301
7512
5800
8481
6876
5008
518
5853
7099
5461
1050
1906
9253
7542
1730
243
2237
6717
3584
3788
1925
2358
2042
5605
9377
6762
5474
6174
6417
7558
1173
4228
1600
7261
6792
9757
1525
6456
7634
8642
4131
1593
8840
7281
1153
5040
7509
4043
3069
9632
5719
7578
6949
9495
8175
7508
7583
240
523
7452
5319
4503
3823
1070
7234
1558
6028
3190
7955
6191
9534
4175
6988
4618
4943
7711
2965
5692
8515
9753
1150
8420
508
8474
7068
6573
7106
3519
6145
9945
4512
3697
2060
7394
7650
4230
1760
4541
2209
4155
8159
314
5378
9974
6550
3417
8884
4715
2896
8182
6306
1805
3161
5331
8670
1045
4111
8093
8007
4328
1483
9531
9801
2059
5150
7977
3442
5041
7145
5997
9698
8470
4479
1587
1622
94
2279
4524
4535
4403
3606
9724
4998
7077
3474
8472
8162
9596
9667
1862
105
626
4673
9973
5610
6216
5395
810
8901
5616
4826
9765
9325
2089
2119
7763
4506
6967
8338
7938
2113
885
7701
3966
3375
8025
4302
4334
5082
3318
6646
8155
908
3596
7688
2571
7587
2124
7125
5013
3741
5485
6273
6368
1579
9176
4641
4010
7216
896
4566
1000
5216
7504
2370
9920
5080
4772
4308
7915
3919
4620
6409
8172
1225
1380
5584
9281
9393
9032
3610
1837
747
1869
8655
9025
1427
5409
4765
7143
8790
6936
3536
8875
6819
1721
6311
1471
4484
5687
4032
9332
5315
780
5879
4135
2554
5190
1702
5940
4838
5640
4936
5753
8697
7447
9165
7900
9178
255
3232
480
8424
4897
7985
9513
3235
1022
2497
2442
2949
6396
2921
8918
9310
2043
3884
5021
8353
1951
4411
8409
4891
9863
67
5025
8817
4463
8013
5884
8878
2053
6829
7816
166
3443
9196
3699
6320
9266
2762
1467
2459
7147
7078
2403
7920
6299
2730
7048
9716
4707
2190
5392
593
8126
4393
9504
6952
8641
8064
1175
3959
9602
1244
6985
294
1072
8120
3403
5138
2171
8171
1681
5075
5139
1812
3276
568
3043
1940
5459
3055
7740
1451
1651
8782
1343
254
750
7638
1586
4576
3770
511
3541
9462
5843
7822
8674
5267
2464
7249
7881
1780
3242
4549
4281
7643
9846
3791
1073
9110
1857
1764
7843
445
4416
1450
9761
8095
4920
8708
2843
5320
509
1290
705
9917
2036
7037
6134
5247
7967
8946
4371
2261
9120
9760
3682
242
2653
3923
8791
483
8508
131
2304
701
4421
6939
2269
8548
6617
7693
6567
4780
5888
8133
3463
4934
319
7950
9194
4191
926
6189
3167
2785
1366
4477
7859
658
5776
906
3763
387
2575
8223
1435
2294
6693
1581
2847
2310
4176
2344
2805
5057
5064
3539
6201
1426
6292
288
5263
7914
4120
5356
5987
5
6281
4162
8669
9141
2258
1804
1779
7478
320
7188
3174
8186
3937
8385
1712
2470
4603
1064
137
5941
9648
9980
640
768
2780
6752
6380
5446
6021
6807
7924
2765
1905
7066
6683
8342
5353
9552
8471
2041
7629
1794
1977
1286
5279
951
6971
6501
4723
7387
2211
8719
7553
9328
3011
7164
8505
5890
9200
9758
1643
8458
8907
763
4672
202
1673
1717
8059
4884
4586
7776
5440
7842
680
5924
2246
4378
5140
2526
6521
5393
9001
2835
7178
2674
2208
3809
2855
499
3724
4050
8359
1859
9117
6209
9284
8559
7480
1480
216
4065
1149
4374
6595
1258
5120
1077
8483
2346
4990
6647
5907
9016
245
4160
5252
6874
5676
7973
2297
30
6412
1763
1864
1124
5234
7937
9988
3400
1704
7152
8525
8972
6960
4433
9246
3768
4572
4771
7223
8747
6084
5700
4894
570
9484
8537
1873
8999
3725
4694
8325
8666
6503
3572
7036
5308
9953
9968
135
7116
752
6744
8318
7214
8950
8176
7470
2856
78
4893
3373
7821
977
5529
1756
1740
4713
903
1033
3433
1725
2094
1697
3797
880
3553
7743
2057
2555
162
8934
2576
3328
6637
9137
3240
1376
3222
2326
5630
9172
5919
4434
3465
2962
7640
9020
151
6715
5368
2753
2130
3228
663
7655
7089
7290
7676
6866
1666
3681
1888
1549
9352
7729
1110
630
3945
6177
4054
6670
6652
2698
5000
4789
8028
3480
7257
7288
4106
8726
9852
9368
77
2964
8617
2815
8936
3371
8029
3992
2667
9850
8312
5689
8295
8541
6514
398
8510
6615
1638
9839
5566
7970
1667
9776
5401
6624
7179
360
8183
2895
4689
6488
2160
9572
7826
3683
8429
2523
5937
4919
3579
4769
8045
373
8157
3661
3497
4962
4137
8301
1140
9078
5380
7306
3337
9419
6786
4381
9223
5437
8597
5518
9307
1490
2280
492
7958
324
6690
2755
7242
873
1578
8895
1516
5038
4405
5660
9859
8002
7594
966
1117
8777
179
4743
8320
1835
6620
8788
8152
1139
2223
1814
9737
9147
4277
7186
9629
8304
5947
3844
8094
9636
4918
7899
7349
7692
5768
5289
3564
7898
6795
2401
1521
9884
3505
7780
7716
269
6280
5071
2187
1899
8275
5488
6850
5068
3730
7848
1209
1162
8486
756
7520
1337
5055
5810
5153
5151
3116
4515
6613
9686
4615
5732
9161
8078
8887
8687
8725
787
915
7598
4786
4407
4957
8124
9478
1953
8305
3501
8117
127
3558
2744
9480
9469
6586
8132
7503
6506
8780
6006
7044
2339
3014
7957
9591
9491
4874
8598
2877
6955
3731
5895
1178
3016
4795
6833
6814
3183
6025
5556
7042
7623
9900
9498
4869
1891
9074
7444
9220
4909
1745
3903
5730
6740
6992
558
3329
9665
4169
9216
5778
479
7642
1087
3205
172
5249
5883
9334
1846
9340
8611
5784
5047
1494
3327
8935
8083
3356
979
3354
6709
7586
3454
6487
6811
9131
9114
5945
3882
3795
4335
7433
6374
9676
8005
9122
5675
2368
9858
6434
6500
5838
7252
9804
152
9878
6370
3927
6759
498
2916
1678
4254
6618
9489
3568
3213
8333
2361
471
7390
8443
7200
8461
2782
694
1095
5355
9803
9487
5028
6364
9268
282
8097
1346
7877
8521
9576
7183
5901
7458
2769
458
882
5576
7056
8859
862
2382
9085
460
2811
3284
4545
8833
9051
1627
8992
169
4257
5327
6761
6497
3554
4000
4961
2045
8455
2874
1066
3819
6688
9267
7203
279
3289
6052
7414
1233
8643
3849
6870
7819
1513
670
7267
9195
2144
2553
7796
2355
5164
1987
9109
8765
123
3883
4398
5794
7080
7258
1345
2369
7547
4948
2241
4138
8257
6885
760
5081
3695
6219
9965
6587
520
6492
4787
8663
7416
6166
4693
8573
8614
517
7396
4325
2207
2404
7192
4089
8276
6085
1568
2991
6849
3806
3399
2711
5869
8877
1166
8831
3594
5386
6851
5650
8709
1462
423
7462
7773
8978
6105
7328
5198
3248
9385
2110
2445
3272
6958
5516
3961
8289
5711
5322
4312
8596
8550
187
6372
704
9315
6313
7428
6679
1245
1897
5580
5434
5209
3085
3303
7144
16
1012
5819
3102
1583
5519
5552
274
1035
7657
35
2313
3567
3828
5992
976
9963
4866
1739
2025
3398
3777
5631
3708
6728
812
8012
9999
6733
7556
1037
7572
9997
2900
5641
6651
1515
230
3259
6951
2620
1564
1304
2551
214
9529
5685
5522
7856
8721
2142
4967
2861
7517
2095
6061
1709
3615
6198
7667
3870
4741
6999
7233
2580
4443
6569
194
9477
3275
9221
5385
923
1356
6232
4855
8610
4599
6403
433
7522
89
9634
9431
9549
302
9321
2725
4282
7385
7453
5205
4791
4044
8828
5680
4531
1768
6520
2632
2259
5218
7340
505
5362
7974
5124
266
5278
3934
5220
2572
2878
1610
23
2468
3995
9270
9474
3857
1922
629
1758
5243
5051
1660
9254
9532
2018
5524
2308
3364
5282
4062
4770
3855
4025
9721
8824
1292
4711
5046
6167
8656
2777
4446
7097
2184
9811
5542
1860
7663
8769
9403
5036
1088
1481
6129
3101
3145
8594
9219
4528
5973
9696
2340
8626
5448
2219
4150
737
9828
1645
4320
8723
8023
8151
3378
2507
2512
6339
6680
5314
207
8959
1096
9492
2604
8208
4365
878
8215
8491
4134
1305
6867
9
7365
3028
8545
2821
466
2990
591
1102
9108
8512
2600
219
8329
6953
1145
4156
3889
1959
4997
378
1948
8522
247
5560
7798
8153
1262
6467
9308
6163
5978
6991
8735
6976
6973
4011
3286
9570
3462
6606
2652
8899
195
8241
9479
5909
4168
1065
8141
4823
4682
2164
8401
4951
4391
9362
5030
1249
717
3052
4300
7121
9372
9239
6346
5125
9380
9360
7282
8529
9835
5162
7266
2662
9932
7959
1277
7808
128
8441
263
5628
8581
9862
2231
3057
755
5508
1402
7025
5365
2120
1492
8077
1182
5949
938
8948
6439
5881
7084
5054
2091
8036
5293
8464
1608
4805
4525
3471
3771
2225
869
697
3172
2467
2746
2955
1352
438
5811
9445
8427
6039
5729
3545
8576
8794
9070
3912
9335
1212
1297
5638
7600
3200
5146
2005
5769
857
6009
2879
7027
3593
1203
4170
9417
7980
9124
9582
927
3061
9488
2493
9991
5756
6139
1156
2332
257
382
6855
9611
8400
3752
8710
8273
51
7341
7917
789
6394
9928
5441
3926
2065
7864
855
2772
4384
9447
8845
7481
3452
7132
4346
6199
7733
3648
9874
7427
5588
3967
3839
9186
5304
2107
4494
7862
5666
477
8000
9910
3999
3652
2603
7893
8722
605
8314
1856
9425
7039
3765
2954
1231
3394
7537
3736
8070
4173
5233
6438
1911
5870
1570
4716
9840
399
6463
5433
8384
9861
260
5876
6535
8054
7888
2888
1594
7227
5497
2492
3129
3928
1446
9503
1540
403
1754
5464
2546
3178
2173
9258
1782
1322
2786
8551
1986
7197
5854
2671
1055
2801
913
4706
4971
1648
2822
8109
9500
2071
3144
6279
2440
2719
111
2206
4315
3155
2485
7357
5402
8233
8115
6297
5726
9829
62
5321
9097
6236
2329
5717
980
6203
8426
7441
8664
3586
2203
9379
6238
1942
3634
936
1980
9457
7718
8358
1433
8504
3655
4201
9903
4215
7331
805
180
9772
3784
6592
5999
1188
1417
3411
2413
4744
1676
9234
506
1165
6460
1871
2689
9482
6106
2929
2528
1018
2557
8068
7817
5635
2314
1800
7345
9451
350
4304
8360
2612
9517
9515
9037
1407
1448
1399
4666
7239
8729
657
2200
9083
2475
8580
5384
1216
4862
9068
7118
8402
3004
5770
4033
9363
5967
5052
4271
9323
4751
9548
1475
1693
4296
6950
9958
5963
9556
6551
4268
6448
4995
7838
4985
4597
3622
6426
9113
9153
8566
1488
5897
1833
8847
4820
2706
3964
339
4210
3120
3734
7123
8194
8652
3958
8489
3566
3122
4863
2593
2845
6123
5783
2450
7755
788
7490
9283
3079
8216
5377
8261
4208
7184
6663
6195
2309
5545
3658
7142
3810
6935
9455
8585
8475
9668
5223
2394
839
9250
7825
1020
4750
2037
463
4090
9888
5111
8500
8881
4828
8459
87
9080
5765
8435
2417
3570
2406
6942
4560
9388
97
1034
9382
3506
7177
580
1958
9166
5785
4239
9877
5567
9577
4602
3362
6035
4988
6689
4690
5862
556
6276
411
4638
2338
7172
8578
9853
2748
8448
9438
4875
2422
8983
2740
9527
8242
4678
4249
5564
4012
9427
9426
1283
9907
5578
4408
456
8462
6801
5846
5167
6524
6251
1822
2614
9872
8820
6913
8900
133
3496
5981
6742
6721
9128
3138
9879
1170
2789
8894
3263
613
9542
5933
8220
7283
3449
6049
526
8623
1836
6136
8630
9026
342
28
4321
3668
8509
3355
5934
7026
8271
7628
2336
81
2924
914
6927
3439
3987
392
6257
584
1227
5033
2934
4552
6484
2543
4764
8449
408
3002
9838
6010
285
2650
6748
4350
3266
3575
5904
7919
9422
1632
7964
8488
8915
759
8269
595
1545
7353
5971
8490
1886
4427
8415
3625
7969
7797
2552
8308
7141
9808
9924
5855
85
1771
2966
8589
6722
6347
2429
5119
2376
4973
7828
674
4865
528
5763
5925
3940
1383
1144
5806
7672
3267
7727
3402
1769
9617
8857
8040
6510
6142
8480
6979
488
3585
4100
9631
8375
6329
5595
8473
9103
5213
9188
6770
8925
7397
5107
4206
4357
3293
7995
6923
4850
9594
4499
9269
1705
6152
2704
6070
3991
4677
6450
7854
2558
9684
3561
1527
7445
5103
2083
6
2639
331
1295
3113
9539
9748
6087
3502
7259
8259
5672
742
8460
2466
1747
1937
2658
3323
7890
2283
22
7726
5968
7561
6079
141
2870
6845
953
851
8423
6441
9802
5178
9416
5363
4058
1552
40
3313
3177
7471
8112
9944
3133
1671
4880
3147
9244
6608
548
3973
691
4256
6196
7832
7093
7526
9707
3573
7175
3518
4136
1734
9987
5606
1841
6413
9681
8202
615
3186
8965
2938
2668
4763
5498
6654
1778
4544
3038
337
5357
1674
6250
1657
7865
9261
2728
3746
8982
828
9145
5902
4121
4643
8593
8748
8564
3619
2715
3148
3352
3989
4734
3304
1177
1151
4290
6791
5456
1266
948
700
6565
9329
2040
5445
4317
5147
2439
8432
6837
4319
693
4217
7057
3861
1382
7372
8841
3618
6966
7104
4259
3717
6381
7399
9868
5555
2972
632
43
276
8637
804
5702
3015
7398
7839
6875
7748
9260
3729
6821
790
2163
121
2583
3997
5682
3563
6179
1025
3066
8620
9645
9881
9276
1670
5330
3525
8128
5983
4502
6330
6319
2886
5849
4903
8134
3815
3483
7790
6766
9530
6022
7309
4355
3244
2781
7669
5592
3773
8343
9162
6102
9511
7253
5104
1009
229
6168
939
2594
7219
3369
4151
6490
5182
565
5288
1592
9598
9827
8243
4171
4161
1902
529
8690
6944
4797
8379
5077
2486
5241
1604
6294
3308
1691
9179
6316
1815
2517
8955
1646
2862
9528
3264
8909
6132
5931
7606
8193
1537
8759
7381
3395
9948
3446
4632
10
4179
9931
6024
6255
4095
9435
6549
3420
3556
5996
7419
6111
9939
8793
4027
6204
9637
6247
1247
5191
5426
1590
5943
9293
3288
1062
7613
6612
486
2531
7135
417
8397
7174
6603
6682
3216
1924
4491
2892
3526
8181
8127
9913
3632
7435
5991
5261
6222
9152
2461
1956
9719
7063
9697
8891
7700
1574
4117
7949
435
4209
9476
8527
1259
6066
8376
9654
4338
6483
303
363
5417
6635
4848
110
9627
325
4452
7664
63
3251
5517
2749
6243
5400
9961
1130
4661
6325
7560
8587
8930
9603
7830
4631
4146
5705
3401
3786
1912
9316
2055
6883
6014
3983
1441
9013
2292
2039
4436
684
7454
2048
4345
1563
5181
6184
5632
8727
850
5759
8543
3306
3633
2690
1626
4142
6498
8633
2660
8337
2638
9553
2914
5962
49
3154
6758
6915
6421
6410
4675
9333
3689
7510
9031
7323
2366
3245
7641
46
391
4305
8433
2484
9397
973
7293
8700
6453
8539
5152
3914
4564
7024
4227
5713
9899
8399
1485
4977
6345
585
943
82
5475
9374
8952
3707
8468
785
8245
2613
808
4406
6675
3376
7723
7102
2010
7208
143
9202
4745
5183
6296
669
4529
7117
2560
34
7400
2773
8110
1198
7251
8818
1030
4086
4895
8354
3187
1003
7337
9977
5611
5898
3382
4066
2537
2984
5298
6340
7580
3617
4214
2250
3873
8711
6285
9555
5820
1736
5772
7304
3094
949
2393
3044
3555
537
7450
4426
74
600
1289
1143
4234
3215
4858
3529
1168
5118
6912
2636
1559
5509
4028
2194
5134
5217
2499
275
2199
925
1685
5460
6784
3009
3749
9272
5499
3988
2516
766
2540
3103
2129
8819
6879
5127
362
6638
