8141
4847
340
8149
2118
9481
2480
2311
5867
9864
1357
5094
5176
3032
4849
8413
6171
5394
7617
9727
3717
8401
2514
8923
77
6060
2354
1976
8287
3323
1351
7520
7109
8725
4623
582
6927
8748
5918
383
7147
2470
9026
5216
5486
9105
6546
5525
9424
2299
982
3320
4600
2595
7412
6025
5407
6910
1655
4094
8364
801
2130
7307
8643
9330
6953
2488
1973
7807
4811
6203
8496
8914
2958
150
3580
5795
9585
3275
1143
9598
2267
5096
776
3834
1914
5487
2149
882
4066
6096
8298
1474
6045
6457
7901
4698
2530
6977
5946
8949
1851
5386
3463
9174
1654
4752
2767
662
8410
9034
5039
9795
9678
4616
8596
7489
9135
731
1362
3376
1588
810
7959
2405
7684
5441
382
1915
8181
2081
60
2109
4124
5225
4614
9386
8046
4610
4386
7102
6696
9791
4612
9018
5877
2114
5732
4161
1701
2327
7793
4062
428
214
7082
2669
5372
8541
3226
641
7587
4104
6190
2563
5319
7305
1536
8851
6998
4946
6199
2024
7065
2549
5535
3190
5057
4374
3421
3221
5120
7740
2
12
5587
7207
2322
5119
5443
4023
2691
7559
4391
5238
2594
5420
3367
2863
6289
3924
5537
9299
2867
4810
8146
5208
8428
3264
5276
3244
620
558
4243
2971
4978
842
1882
6659
3175
2928
4095
7885
9539
7887
544
2791
1975
9919
7077
3829
3734
2328
4045
5580
6605
4887
7284
3990
6504
3247
9477
5465
901
2492
2309
5161
2012
6460
8483
5228
2329
8706
914
8258
7963
2073
5154
977
8615
1383
594
6058
1102
7516
6801
1458
7208
7591
1894
7514
9445
3350
8644
8823
9732
6564
3361
1848
4607
9046
8910
9394
7791
5302
7703
974
4722
3983
1273
1885
571
2493
2080
2401
4977
4727
2124
9153
1703
211
3976
5072
9530
2087
4442
7550
4044
4019
8472
504
3069
268
1504
3839
2152
1633
304
5501
4525
2763
6975
2383
4629
5822
1650
7670
3835
6770
8712
9959
6093
7185
2978
4063
1156
8730
9401
1565
607
2095
9907
7774
7755
9856
6075
4654
6471
3947
911
8235
7368
5827
6778
5045
9092
4830
4757
185
1364
3597
7806
9095
9055
5268
1440
3392
9683
7229
7714
7277
3413
7743
2336
2411
505
7928
4360
298
9956
290
790
3546
973
8569
7710
354
7336
3362
1545
7033
4158
2137
3890
1480
5681
392
5358
8448
7697
8829
8675
8842
5317
9342
5900
4598
9383
5222
643
3002
9073
4559
7890
6832
9273
6088
2447
1354
174
1003
6037
6094
5953
8480
9547
2186
430
8566
8438
3209
145
9582
4028
7024
5179
7797
2995
384
7045
5721
674
4074
7411
9769
2779
2833
4251
7338
5261
6177
333
1444
3420
6535
1600
1179
2766
7824
9681
2667
2345
6149
4278
5554
8846
4
7821
5921
762
3477
3688
9077
576
3867
1780
9312
9370
6611
9254
7600
8084
8055
6864
971
292
5352
8340
7086
8777
1013
8133
1231
7465
4596
2625
9584
6759
9376
4168
1941
9202
6561
7387
8752
6742
4748
2094
2575
6111
1187
6985
7296
7950
4893
7012
7440
9270
5802
2191
9742
3533
8236
2225
8441
8536
5124
2216
2715
4384
166
4098
5041
4004
9750
5863
7060
4803
969
3505
4400
5252
6848
9085
4371
6644
7646
5204
1706
9305
5991
9981
6089
5145
1086
8291
178
2244
3808
2276
6711
475
6389
8733
8583
697
9416
7833
9737
1688
2943
1435
8281
7064
6747
3838
5849
7888
4342
3655
7812
1877
8498
6923
4636
2344
168
4936
4741
6181
7476
7917
1251
3841
9993
8951
902
4105
6042
2983
441
8689
1692
16
2153
7174
6019
3354
4714
3229
9783
6212
9923
2065
1585
3530
6238
8604
9602
1009
3891
5968
1769
8189
1662
5304
184
699
2198
7347
3204
6335
7441
6159
7467
151
3158
2923
1104
7252
8051
6419
220
2117
6918
7281
5182
2841
1591
6500
7775
1525
7751
88
2263
2596
9649
2525
9808
7371
9946
7532
7517
4697
4550
3152
5286
8830
8878
1025
4131
2482
929
5006
5960
8094
5671
3866
7761
9925
2245
3620
2057
5620
8534
5201
4560
6424
2938
4731
9538
8862
8929
4502
8262
2877
6077
7835
1836
9161
6506
4121
8400
7244
8817
5803
7713
6232
2650
3916
6762
9709
2693
8378
3684
7929
6692
5642
543
7402
6244
6779
9565
9752
2790
8991
3683
6749
2234
8082
5044
691
3095
2674
5939
2141
777
278
9279
7553
130
7175
507
5415
9087
8403
1030
6980
6684
2023
108
4777
6378
3555
502
8755
4174
7772
7827
319
5277
5385
4935
7872
9463
4985
5429
4640
880
8516
4650
4641
6480
341
7299
1864
2438
4701
4618
8389
3963
1214
368
5565
881
980
5767
852
3013
518
9400
7944
8990
1739
4782
9221
6314
3314
5967
2168
7090
8073
7194
686
603
5335
3583
6291
5289
9814
1096
2764
8533
735
4302
8885
5474
782
4797
2654
7103
3062
2434
7971
1635
4876
3467
9694
6117
8841
7564
5402
1254
9271
3341
9144
6999
4674
7140
9707
3941
6950
3706
4901
4437
6800
893
1956
6871
935
2442
860
1542
9023
5296
601
344
7811
1784
1642
1080
8616
6371
4365
5980
5574
3892
6944
2091
8424
908
2353
5945
181
9410
3272
3091
1766
747
694
5042
2902
599
5742
834
6099
1978
9534
625
8008
5270
1839
7225
1627
8342
8118
7151
8715
8196
9307
8348
281
6603
7486
1528
1074
5143
7007
1483
5644
3727
3524
4075
5552
1552
1283
6867
1202
6086
9419
5148
8517
3183
1666
3809
1557
9517
8620
9520
9097
6860
8337
7478
2620
2569
8969
4025
9819
8523
7911
1281
9295
9834
3521
4464
1292
8197
9350
9234
6438
8526
404
3472
4482
7116
2953
300
9228
3943
4939
3619
3914
8327
8761
8256
2113
5069
8978
7739
3201
5024
2711
5422
3803
6827
5116
1945
7191
727
1177
7902
8108
9125
3601
4840
3020
7026
7055
2247
5548
2456
9450
4392
6642
7449
8759
5416
6515
9474
4385
3053
1443
3405
4891
9339
266
8139
36
7876
2888
6230
6735
995
6931
3185
5190
5650
9501
1343
2084
3111
1952
2758
1520
1632
3056
8368
1170
9362
3441
6098
2517
8419
349
5680
5629
6816
7783
2142
4377
446
5165
5331
8132
8027
9641
4774
7629
7505
6196
5472
4880
4182
593
2804
876
6508
1015
9533
9935
8794
5175
3827
5731
5172
167
9253
3787
4653
8099
2248
199
5468
1984
3537
3147
7826
4027
604
4955
3120
4549
5861
1342
7965
4261
9545
9822
3047
4526
8926
7770
1085
2946
3098
8913
1540
2055
5551
8967
8390
3067
9409
650
6997
4671
5932
4204
9453
4760
2857
7672
2140
8290
889
8163
2985
8335
7005
6
746
1089
9300
6068
4601
3775
5403
4732
2504
988
3744
7115
4048
7233
9014
7919
3886
6625
2798
1844
8522
7957
3578
4239
9441
1206
2487
6568
6602
3159
696
4483
5733
2159
6726
7423
5679
1568
8311
7910
9860
6904
6132
6474
4649
3331
9679
3502
6004
3658
6571
6435
7132
9963
4316
5909
29
667
3752
3636
7562
8164
3921
7278
661
6066
9862
2701
5401
9992
4846
2600
3156
4305
9782
8729
1501
8766
6567
4914
5377
9021
2451
9205
5110
2254
6433
1044
9172
4405
8809
6053
85
794
3068
1043
2380
8512
6863
8745
5421
8265
1313
3379
3470
1895
2319
8056
844
6280
480
6787
770
4932
5
4462
2197
1120
3366
2387
3481
2131
7073
440
4428
4967
8216
6840
2157
5875
9348
1863
1906
3450
5858
6541
3434
4562
3040
1729
5970
7400
2217
4929
6651
2728
1550
8060
4369
6895
4092
8688
8210
5826
8899
3875
8259
5975
2222
7641
8933
3060
6188
4057
6799
9740
668
3199
8889
5892
7450
19
3396
5053
5118
647
6671
8528
9185
1860
9053
4808
5840
251
7671
5004
8594
7955
1399
1136
7569
4107
7896
64
3697
8271
6574
6792
4233
2880
8151
7582
9498
8650
9192
7059
2945
5656
8458
4535
1618
6754
509
3192
4587
7584
4096
8442
2537
9403
4041
7011
2422
5510
1900
6532
1385
2864
8912
7351
3945
8909
3339
6357
9076
2413
8302
3462
28
8134
5616
566
3016
2302
5500
5447
9291
9883
749
2325
1985
5432
3347
5806
1304
5488
8478
6940
307
7547
3391
7425
3429
4309
4447
2002
916
8161
6211
422
8387
4864
6286
3888
312
6664
3456
5534
499
4949
3261
8219
8530
8385
8306
7596
6633
538
6796
9355
7552
9133
4580
3758
5021
7035
9884
5558
3623
1811
4948
4964
8710
2884
954
4403
822
5046
2108
5755
1893
9183
3172
8637
2510
3278
9084
3181
5652
1724
7664
1679
4784
6364
4274
7482
2632
8828
4494
6026
2111
7096
4907
5550
1670
3330
223
2444
2285
5379
3741
118
2716
6027
5068
8524
4960
3003
1998
8754
4003
4489
9396
1942
3903
5155
6939
7171
9405
457
4252
4248
4829
8110
6597
2827
7483
4572
4917
3545
2916
1411
3353
7242
8542
7979
89
4493
7496
18
283
9526
9411
175
2298
6879
2089
2765
6300
2282
9504
3693
8529
7726
7541
3648
4796
8116
5532
6914
9027
6242
4621
1929
1382
2366
3000
6565
8695
7577
7693
8061
8371
6388
5180
4715
1782
2466
7822
5195
4834
6154
1881
7374
3819
6241
6470
2505
5873
9697
2722
7741
2039
1806
7335
3126
3909
6140
7780
3882
8018
3677
9773
7435
7050
8180
5555
2657
8150
1714
6531
1496
1824
4112
296
6221
243
4234
5512
4242
49
8525
4396
2959
8519
217
2546
664
7667
5843
4469
3161
900
9066
5811
5910
1247
9137
1576
2147
4588
6355
1691
1676
4076
8508
5982
9578
1734
3444
2246
9448
6054
9809
3964
9006
792
5102
4272
663
8024
3966
7325
7372
4072
5744
1442
8805
6579
3173
9251
9982
1551
3004
1068
9889
7724
3944
227
6411
5821
1663
6347
2843
8806
5606
7832
9363
4766
1204
9974
213
4128
1801
2314
3595
2033
1719
4211
7010
6441
3236
4700
5662
1789
7259
2624
5318
3135
4815
7384
581
8751
244
9432
6906
8186
4000
5264
5485
8573
2034
4210
9909
3895
1021
8347
814
7291
4737
1305
6197
1527
7044
7324
5941
8230
9420
8740
8803
7235
9897
3806
9020
6067
3919
7676
4313
7859
622
2341
3153
4203
7925
5689
5692
9397
4888
5427
1947
9493
219
479
4788
4311
8918
7268
3442
2335
3142
9715
2725
5279
8374
3006
6339
6178
2670
3899
2449
2253
734
6397
2067
4125
877
6722
913
2202
9451
9321
4890
2307
4821
4033
1622
3761
7357
4215
7966
3979
8518
9879
7419
3397
8047
5966
6893
1999
3868
5482
6505
8625
5107
398
4324
3316
6351
3191
9644
7161
1272
8977
2890
308
8895
5192
9054
4603
9991
2400
7023
1373
537
6589
3086
1039
6695
3796
462
2609
6870
9317
5927
3851
6142
4705
909
6223
2158
6951
3222
9353
7276
9976
4868
4684
4787
1524
5958
7866
291
4383
9059
3368
2416
2100
1604
6971
3556
7287
830
2495
3008
7881
9303
7609
9315
5464
5541
6239
906
984
8255
9399
9849
1979
4436
6738
872
3206
7735
1722
2602
813
7004
5383
1510
1736
8771
9292
4761
885
3540
994
6247
3956
2185
4475
6182
3970
3985
4086
7164
3880
584
6698
9276
34
9364
7112
6191
5631
9724
6420
981
6312
3790
1965
7375
7438
3508
187
111
3104
6874
4950
9759
3642
6949
5670
2901
9586
4368
9331
7565
4577
1827
8622
4470
3064
1813
9575
8485
9114
2792
9736
738
1715
3860
8719
598
8699
4113
1077
6581
3856
7618
9143
9744
1303
8764
3746
481
3453
2352
1370
9356
1433
1112
6031
3573
3786
6281
7651
9496
8104
9692
2053
3281
3766
9688
4181
7563
1874
1982
7905
2562
751
990
3461
1301
6599
3310
2277
3319
5841
119
6920
3119
7574
586
1477
9278
2241
3345
610
9421
1749
3189
4408
228
2212
4018
5160
1387
5566
1108
3182
4129
5845
7527
5370
8231
394
5083
1854
3754
6258
7439
7645
5618
6558
1723
8721
4297
7525
4919
8993
4858
2337
4824
8088
629
1693
5989
6768
6835
2778
4869
8891
4916
5131
2351
9666
3993
7644
7429
2799
4733
8206
8297
7113
4413
7813
2544
8941
9669
4356
726
8680
326
5896
8272
6740
6394
8199
970
1779
4743
3364
2598
3295
5517
3522
4663
8426
4804
76
8537
61
8336
8224
1841
2775
1611
1161
1601
7857
803
7846
8866
8092
4236
2419
4836
2641
5578
9807
6538
5943
4982
542
3136
7581
9412
5648
3167
3154
9965
2643
1546
6815
4564
9169
7445
79
915
1798
8883
5339
3702
6994
4702
7037
7444
8613
3179
7365
2539
867
5817
4951
2567
2571
6010
897
7790
1168
6228
3855
1341
6018
8727
8718
4102
853
9338
5164
9430
3770
3965
9296
1478
160
4440
6046
3837
6487
8383
5062
7975
7549
3293
720
6676
4011
8787
2395
7526
8956
864
7613
5137
9830
2545
3978
8019
2834
1058
2852
2808
4883
7636
9442
238
1172
3490
8443
681
3908
2435
5655
702
9033
6106
6720
8995
1447
492
2830
9868
959
2601
247
805
6701
4417
4144
5568
9803
176
337
2367
7677
2475
5797
983
5037
5531
9486
6808
6764
3079
9457
488
5712
670
1457
364
7401
3618
638
2384
9921
8093
7498
2099
7648
1314
6413
5425
5920
9261
9163
9334
5450
3750
1656
9576
886
3852
7579
9758
5229
540
7080
4903
9262
979
796
2179
4878
9462
2702
9568
2794
140
297
294
5399
413
956
5266
9528
9763
5185
7533
2735
6865
888
8142
9505
6908
4548
2260
6372
3553
5561
4307
9859
1284
4276
3950
5193
8488
9478
4899
7457
215
393
5937
4035
1241
5511
7196
7737
4176
6363
3656
5412
7353
2907
2163
5770
6549
1260
2022
1133
3638
7623
2441
3435
4861
3057
3404
2776
1727
6275
5829
5309
6120
8227
2274
4317
4724
2942
5793
4147
9580
83
5600
2120
1491
6109
3375
6442
1787
4357
6938
3398
325
2651
6219
7190
5043
8513
2361
9855
7551
8999
8989
7014
8280
9663
3664
6427
188
8811
1332
4669
714
1840
2692
2821
8875
5917
6866
7104
5737
8731
6110
8559
6620
1036
2420
4164
5831
4517
3670
6282
5687
5636
5572
6141
757
3695
8106
2604
6185
17
6907
9829
2586
9211
802
9525
4689
3791
7899
5630
3842
5439
2078
3873
7604
1151
5903
6727
6537
8077
5560
9797
2535
2979
4976
6101
2731
2374
4678
5298
2162
1873
5506
3022
5881
2615
9151
7638
2898
9304
6128
8757
4363
7111
1219
2139
3593
640
6395
4863
5530
6095
8172
6292
8241
7254
2019
3452
456
9595
7968
8927
9587
5384
7124
6956
7188
6428
2486
5750
158
3967
8301
1901
7046
9100
5187
5978
7855
4617
5633
5449
5477
7660
8756
6160
9232
3186
7494
2251
4520
4792
6976
8396
6717
2787
2940
5727
3995
9625
5481
9193
5219
6153
5654
5521
684
8606
9038
9255
6437
3639
8692
9108
6654
288
4708
993
3657
4675
6683
2499
7938
6115
9698
4718
7396
5369
7969
2588
4091
6814
8946
494
6648
2803
1661
9188
5082
9671
4920
287
1145
7988
8145
9132
7180
1117
386
997
9208
7809
8915
4286
4794
5434
6320
3792
7690
9603
4355
1912
8140
829
2818
557
4832
253
9730
7110
8466
56
7255
7838
7823
6382
1868
8800
887
7198
9306
2680
1826
2270
7939
2996
9908
1306
6348
449
5615
9999
7639
3737
6905
8672
2656
3789
7159
3774
2227
4217
4624
3594
3699
6503
9659
9495
3589
2626
8892
4332
773
958
5405
3732
4460
8369
128
7243
408
1171
2148
6072
1986
912
5285
2192
2552
5105
2881
5112
9684
6646
5398
8578
3304
2286
951
3384
6520
5675
2287
2536
1761
1125
5575
4954
474
3327
1307
8609
811
7754
9958
8879
1776
9067
3448
2659
1175
5878
7836
1495
8481
8071
2188
9203
5380
8799
2343
3542
2373
8802
169
9618
3385
4199
5526
4177
7913
2460
9820
7685
5772
8013
4084
2961
5470
7257
3731
5801
5016
1270
6512
7136
4379
2605
6667
8437
7931
6570
7382
5356
343
1934
5542
3858
2614
2744
1518
4855
7974
3902
1712
1884
4303
5316
3558
232
7558
6269
9238
8932
5344
8660
9816
2516
9107
3696
7845
5543
7418
2368
2835
7503
336
8553
9032
4151
9867
510
9892
4166
4941
1579
2269
8366
9184
9294
4584
6854
165
362
2689
8666
7829
5076
9719
8031
831
8376
8676
8285
1760
3074
2975
5267
3729
955
2900
8391
2312
2292
5981
2811
7960
8868
7286
1512
7343
9230
2935
771
2026
9028
1236
5778
3284
569
9813
6268
3412
372
5414
7114
3263
3335
5638
8527
5661
8624
5738
3927
4088
745
371
7882
9365
411
9290
8960
5602
2154
5649
1651
7506
8608
3081
8931
6050
1967
2390
4049
1423
3449
5928
1639
1507
6861
6092
4799
1637
8888
2869
4155
4160
4224
5579
9245
4793
2389
7580
4376
7330
8831
989
9200
6655
7232
6065
4318
5719
396
7442
8874
7183
5040
9487
9459
7873
7474
5445
2829
1174
3001
1919
155
4807
5269
3550
7155
3443
2806
9804
1245
7599
6448
8054
4844
6265
4862
1050
6590
1244
6753
9369
198
4956
8477
3123
8355
5571
6214
963
3617
3740
2175
2010
3411
5693
6767
9831
5483
1252
5086
248
4529
2171
4139
4013
2275
8288
3757
9472
5381
5460
182
1509
6205
3324
24
1538
7654
8760
2044
3590
2190
2250
785
3280
1563
66
1315
2340
7129
6392
729
4527
6020
4263
7022
7193
8174
9322
3259
5956
7451
4544
6243
2837
3380
7999
4611
1783
9703
7597
6674
1049
1653
7084
9313
2910
9942
9308
7137
9104
8482
8322
1971
6775
5050
6236
7245
3876
4911
1422
9610
9638
2418
7236
5964
1983
87
2723
4491
1380
9156
5183
423
8545
9461
6694
9094
8020
2176
5054
5634
8870
7269
3026
8500
7903
8863
2042
3128
4551
1279
8436
6194
7179
221
3972
5971
5887
7089
4668
2748
9787
2548
5854
8035
2357
9407
1337
5241
1033
9858
9175
8776
828
8975
5748
9111
8944
3014
5212
4149
9989
6189
5883
9106
1280
8768
3334
9720
4655
5762
375
1598
6979
1032
3357
7871
5015
3854
1107
7935
5647
5763
3778
2878
9915
3726
1142
2220
205
149
5697
8843
7238
3562
4122
4781
8564
3390
8323
9696
936
9274
3475
1595
2445
2427
1323
5188
2523
3234
9800
4966
5128
116
4120
7805
666
9488
4197
9171
7091
1494
6765
712
4477
7043
4193
4109
7914
4065
8028
3738
2750
4523
1230
2874
6802
3611
4401
1097
5098
1345
4975
6687
7408
8859
2046
4042
9821
1326
4802
2696
8461
4449
7732
7627
821
9281
4508
7008
6234
6208
7322
7446
8059
8684
6677
3514
4813
7042
5426
4968
6376
7720
1027
4270
4153
6933
5328
8674
7215
8698
275
95
9966
3034
7345
9594
8561
9916
447
1816
3430
1667
4314
399
1459
1211
2930
2508
9484
2423
7897
1203
1453
4315
7135
6781
4038
2293
4537
2736
892
1437
7606
8628
6661
5784
6592
5515
8489
4212
8166
2568
1674
4081
992
207
5214
7717
2814
3538
9010
273
6731
5718
6329
7363
8970
2235
553
2043
8395
5789
2579
8375
7637
665
8198
2061
5100
2410
6851
5507
2752
3660
8343
405
272
9425
5794
7748
9569
9824
8655
3933
2703
8769
225
3822
6384
9004
3426
2421
1823
124
5235
2526
8785
5067
141
2236
7314
9452
1605
4902
1022
3863
7611
6750
4776
9847
9933
7538
4029
365
6476
6340
2164
5760
8384
7692
8303
2382
3080
2074
5373
9239
5819
768
1103
2570
7062
6008
91
7316
1294
8089
5378
5715
5259
1084
9984
9734
7424
3178
8274
8844
6790
4290
9779
9886
3410
6534
8267
4331
918
3231
7475
7427
8826
33
9640
8457
903
7331
25
7144
9760
6220
8300
4817
5207
7099
104
9165
102
2623
1139
780
7998
815
5263
2932
3584
1697
6555
7267
7166
2981
5753
5936
526
5009
7069
8201
9508
932
8897
3024
816
2399
752
3055
5087
5139
677
846
7588
4528
2000
9927
8983
8686
9651
4806
3864
5001
6253
6307
7189
9611
2468
5475
9789
1016
8998
6587
7689
4322
9241
3768
890
7158
6451
3103
8669
1482
4940
4546
672
4918
1410
3764
1289
5097
6989
9572
9643
855
4744
4687
8393
2807
1493
9433
2918
671
7912
4859
1987
9509
9913
8405
2848
4970
5882
3544
7869
139
1227
1768
3011
711
1745
4619
6354
22
1624
1467
366
8264
3614
5079
3501
8515
4585
469
2069
4775
483
9189
1163
9532
2944
9289
4518
9608
1105
7534
8611
7273
7039
8579
8906
3239
4484
7801
9554
4694
614
8750
4237
68
4367
7683
1325
4219
1250
9785
1817
1297
4022
4567
4709
9870
534
1556
8790
5215
6771
5290
315
8318
2268
6713
6317
2112
2467
1499
2138
3306
2854
1810
9939
1616
3713
3025
6350
2428
7926
2097
3409
5610
4637
6716
5725
1664
533
1091
9612
1685
7893
8845
6452
3647
5859
2963
9118
9716
9215
6123
6366
461
6331
3402
1521
6948
2391
6657
1183
8068
7241
5114
2178
8881
1896
5283
7800
7076
4337
8445
1401
1731
7468
2364
7763
7019
107
1631
5673
3962
5775
5586
9371
5690
3009
5234
4980
5569
6422
8839
1229
5456
7843
4945
7798
1883
3788
2127
552
6071
9280
4407
5696
1608
332
1610
4085
7182
1420
2155
3948
1803
6145
9500
3358
4077
6884
6739
8002
5498
9328
4390
9301
2156
3992
1903
8284
7420
9466
9140
6582
3058
5866
1421
2485
1173
3824
144
1071
2478
4504
2528
8350
2372
6252
2556
9670
8701
4451
4999
549
7862
1116
9039
2173
8907
5833
6621
5158
417
1686
7000
1626
8795
4719
4699
1969
7523
5739
9774
5376
2040
455
3207
7946
1559
3588
8953
9145
6481
1375
5756
69
7280
5524
4965
4231
1344
6617
3133
7063
2986
5497
6296
3805
4843
1081
5457
6365
1287
4427
1394
8607
3989
4713
5522
8492
8950
8903
9955
6399
1918
1073
9375
7943
838
6087
7479
1425
7768
7001
1023
2135
6403
1275
4500
8986
3889
9497
6510
9213
6773
7601
7958
3198
4692
8038
2634
8590
7964
6995
9950
8270
5947
1788
7332
7819
2294
2739
6552
1274
8651
3194
3608
9614
1800
5168
2991
1409
8639
6833
2077
9503
136
6880
3700
2839
6751
197
3659
3536
9630
1554
3369
8807
2279
4969
9839
3165
4080
9928
2119
570
9793
4854
928
7309
4659
6113
9842
9243
4496
5688
1658
8433
1752
1966
6085
3493
4281
5906
6069
172
4284
5514
8798
930
9492
3781
6960
2914
9938
2678
6954
6643
132
6464
2502
4512
2845
2104
5198
6941
1426
5147
8080
314
9224
6788
964
1795
9650
1356
5493
3823
133
3815
3527
3624
2638
1644
4453
7432
1384
9542
6604
819
7875
4404
9557
6308
2850
9090
7310
3348
4734
9002
7518
2684
7747
6246
7409
1020
522
2284
3106
5969
9358
8612
5028
732
695
8873
8373
2813
1079
1636
9298
4539
1645
8954
1879
5334
608
1911
3523
9710
2633
7453
5612
2376
3994
920
9513
9843
9
6248
8344
3124
1063
5823
4589
4458
434
3896
3115
3143
6264
4785
3513
3644
5454
5672
5085
9922
9275
7106
2616
6658
5979
2189
8916
6195
3820
20
6889
1024
4543
2122
9017
4738
2892
2237
45
5868
1184
9231
2700
1548
5686
2151
6125
9743
4267
528
6757
6070
6772
8167
5933
6693
7128
4298
3665
5030
3497
1429
1838
4779
2453
2414
7908
923
1544
179
1186
4873
2860
6732
6824
6040
6309
1062
9149
9415
5031
2662
2606
1682
9854
4666
2394
4816
9367
3360
9805
6401
3871
3674
7452
5874
6806
3915
4087
1358
5985
5023
2937
8630
3122
2167
9589
2909
3093
2392
8506
1711
9159
4938
7906
555
7573
9009
8107
8386
6594
1390
3243
9324
506
1737
9197
3465
4850
1944
2960
8749
4201
7471
4260
9351
3769
1958
3403
206
3337
6756
4008
164
1804
153
642
7
5350
5540
351
3233
2994
3114
854
9229
4874
453
6324
8066
3498
4762
4054
9194
5150
5743
6580
6489
6074
1469
7679
3377
9196
2404
6361
6524
6681
2170
2455
54
4886
2333
484
1417
5546
9277
5860
5060
5311
3407
6287
2479
8538
3294
200
1647
6048
5901
9749
2677
4465
7973
9636
9718
7294
1553
3793
4291
8694
6891
26
7127
2464
3850
7952
9072
8269
4771
7762
7706
5156
9920
8452
8022
9226
2359
309
9559
679
894
7200
4043
2743
7886
7924
8136
6345
7290
1713
9204
3479
7237
2590
8531
791
7984
6127
2772
5205
3038
339
624
2531
7723
8205
3503
8053
5959
7219
5871
9761
9198
5777
8570
8814
7376
3291
628
1197
5888
6429
2386
9926
7867
1438
1208
1182
1876
8193
1132
767
5281
7542
4180
4346
1350
7383
436
377
3705
8658
3785
7456
9601
8064
7066
9647
5851
9378
2181
3137
2305
9729
1449
9319
3816
358
3094
183
9655
1318
7540
8633
3246
4822
7126
2348
4972
162
5047
3370
6730
1212
5564
8656
9988
5191
7746
3563
766
1327
9417
7006
3794
3728
4516
585
3756
5769
7745
7149
2228
8341
6718
683
9827
5856
44
301
9036
6035
7448
4240
2832
4872
9065
5365
2628
1029
8251
4647
3313
5239
1452
7860
2553
5527
1534
2541
9089
1815
3720
2992
1176
2769
1007
5513
7385
7003
6967
2187
8017
5923
137
687
3150
5026
4140
6250
1189
8753
7718
1181
8243
1276
9850
1470
737
1372
799
9297
6079
3418
80
7181
2415
9895
8572
487
2045
4495
1910
1248
342
6972
2627
4173
5864
2780
201
8539
3445
8361
7634
1360
6499
1113
316
5197
8599
9899
5332
4017
4259
9802
8619
1485
9443
1774
1583
680
3437
3485
833
231
8763
7173
2646
717
6316
4646
8273
1213
5641
4634
6858
1820
5788
1791
7222
5944
3600
8229
4409
3333
7915
3672
1946
9431
4783
412
3561
6795
2218
1936
7799
6709
3650
7635
6176
8922
1781
5962
4503
2005
3840
3679
7460
6138
2041
3240
1134
8137
8152
8144
2249
8170
2123
6484
1454
1330
4429
1124
4381
6542
3059
5842
4851
9544
5781
2443
891
6408
8276
521
7462
6430
1185
7868
7655
5251
2697
4225
5825
5005
5799
4791
655
3315
5237
9347
4082
1539
3309
9316
8691
8654
194
865
7358
2749
9062
7781
6134
7348
9851
8360
5714
8260
2768
6708
3021
8671
6837
4163
1316
4143
2086
7293
3566
2761
8029
426
7491
9571
8835
9374
8920
6560
3797
8734
2558
5013
3285
4652
9776
8595
2709
2853
754
9898
1428
2980
9214
6288
1328
9680
5734
5872
1564
2574
5253
1226
8767
468
391
4627
318
6763
2788
6901
3707
1282
1867
5528
4751
8514
1590
3374
9511
9207
1972
759
9043
612
2894
7433
2719
8886
6616
5573
7756
8218
4422
5645
1488
1708
7936
4590
6818
2375
7665
1095
3099
3387
493
8494
429
3673
9553
4507
3109
8693
8668
9844
6591
8495
99
4566
9121
8479
652
7247
2522
1146
3042
4114
65
8412
7997
5115
9507
1757
8783
5080
4511
1486
1121
4660
7344
1031
7226
3519
3279
8225
9875
1555
4185
4136
7377
6839
8816
8591
9835
7477
8919
4116
3701
9748
715
6872
7837
7874
4223
5544
6955
4599
4801
6187
6306
8052
6102
4249
519
7977
7306
2265
1866
7694
9123
8109
1683
7909
8415
3238
9893
7715
3070
3622
435
4747
463
9616
6043
4565
7560
8893
6728
2129
2038
8194
3415
5685
3474
6155
4898
6987
9997
1462
8663
2264
9617
2082
5800
8362
1160
1010
7730
476
373
3986
6573
1334
5226
9550
1011
7367
7283
941
8797
5250
3626
2161
3478
1302
9818
352
669
6811
2417
9113
1652
8463
9772
3265
6450
1067
3225
8793
448
4097
1891
793
2093
2964
1938
550
4191
389
9621
7666
7561
8030
9101
8505
6782
5884
8282
3559
1573
4083
4423
9635
934
4996
6492
4934
3913
1367
6301
806
7499
7704
6002
4726
9768
9483
6104
9136
4399
4971
163
443
6172
92
7443
5099
7956
1259
2653
3980
1497
8465
1012
9998
4070
6996
8902
4352
2649
7598
8585
1908
5294
1414
1331
5844
9195
4468
6785
7172
875
4435
8050
7434
1695
8114
5093
9393
832
5340
1640
9019
9702
825
6577
74
6270
6262
9971
3029
5462
7705
9414
4090
3270
2330
7652
6916
3395
962
756
3974
7497
9129
5061
2734
8091
8469
6807
5890
4973
950
7141
2825
1092
8119
7981
418
7009
5178
9626
2491
3939
6946
8739
7032
7941
8765
5585
8455
222
32
3487
523
6478
2437
3981
5409
5473
808
3482
1461
4721
3118
8079
7796
2393
6886
438
6325
9314
7470
7509
7942
6319
8490
4881
3131
4990
419
3920
5363
2066
379
39
5611
9934
2751
4583
6826
2905
7028
1917
2560
7546
2718
7615
1740
8711
7673
8837
8580
5503
2303
4187
8779
9247
9613
7399
7500
59
8965
5032
6105
7071
2714
6686
9944
3169
6439
4333
6137
1678
6147
8240
7057
9081
4648
5955
5171
6909
9515
736
42
6543
255
8468
9747
2730
9563
3897
498
5997
7529
3881
1239
9047
4643
8636
658
4981
9000
9440
6038
5090
9706
3520
7094
587
9733
1216
7366
9160
2346
7224
5389
8187
4926
6868
6295
5387
5257
97
5625
4685
8459
2204
5170
1246
5838
9387
9506
3704
321
8090
143
9130
9741
8338
5637
73
6346
5957
682
5961
1513
6936
3718
9531
1660
8773
1256
3166
2446
5556
3997
3171
1797
4186
6321
9471
112
5624
8908
4247
8450
1698
186
3703
3349
5221
8278
1101
7473
2745
4651
6743
9069
8551
9620
1705
6878
4157
2820
8007
1643
1285
5249
6387
5516
3999
5643
5668
3423
5326
100
7356
5619
3436
6023
5950
7786
6553
6356
9745
8101
1424
1599
9068
6472
9929
6482
7831
563
8911
3969
3312
5078
8096
3828
6559
1794
541
6240
7502
9003
7930
6049
7953
7072
7068
4438
4402
425
7163
6479
1531
1397
651
2096
6836
4656
2324
3515
4604
1592
849
2970
1167
9619
1586
9675
5758
3526
9325
5410
6009
4188
866
4214
7789
8876
4283
5066
5371
8547
9722
8821
6034
7851
4016
6511
4319
4345
7814
4790
4814
7297
8279
9878
2631
7167
6536
2261
8473
4928
5583
4921
7251
4626
491
8184
9320
2796
1989
6108
5607
730
6983
131
1680
2927
5295
2972
2636
3940
5089
560
9206
7206
3301
8173
5364
3148
1448
98
5951
3138
8852
3132
8565
4299
6640
5262
2647
8855
3066
7321
1977
5751
5952
9543
2713
9902
9050
9838
3938
5243
7051
3874
5327
5217
2976
5287
6812
2317
839
8006
1122
4059
9990
9801
9395
9179
4515
3708
7142
4209
8670
1762
1436
7131
3406
5272
5308
3554
7025
3170
7773
9599
6724
7020
1822
948
7777
8780
6680
6112
4444
6660
6218
4024
5713
4387
3325
8076
5683
8662
922
6819
8175
4712
5559
1704
2494
1217
4221
545
3297
6186
6669
8098
357
9615
6338
3753
5167
4053
6318
8872
1441
4742
3015
52
4216
1775
3389
2629
8372
9427
9954
8723
4452
827
302
5708
242
5999
4067
7711
3917
1725
8925
62
869
395
701
8642
6161
5206
1404
6184
9918
2962
4230
4823
2676
109
6425
4312
5260
8840
7686
8796
9336
2738
2681
2966
4430
8955
2406
6921
6547
2895
2861
2295
105
946
4218
84
7292
4519
8033
2358
9182
6076
8810
2555
5915
9074
4020
8289
6964
9588
7612
8408
8159
1646
7993
517
1606
7117
8200
5676
2915
6841
9536
323
5417
8858
8661
1850
9166
9756
2219
8880
596
1075
5446
7568
1812
1158
4974
7996
6856
8600
4334
9701
7653
725
5931
9359
356
2973
5073
1288
7227
6653
338
9972
9836
403
8223
6298
3541
848
2551
3329
3736
328
6609
1578
6898
2059
5151
7675
4348
843
9385
9157
1533
4398
1392
6192
2092
6078
93
407
6272
5665
3609
2102
7922
3592
719
8115
8456
9957
2143
2511
7256
5017
9903
1190
1037
9458
4473
5549
4431
7779
6737
1445
807
4200
7176
4879
129
840
9398
7186
3528
1484
7776
4226
5330
3845
5152
3911
2214
374
8404
2009
2795
1046
512
1286
3177
6391
9340
7624
9810
8550
6059
4046
1726
3667
5310
7075
465
4957
648
9447
9527
9888
9309
7078
5397
4556
2184
5604
4037
7392
2855
8062
7995
8182
6249
7391
9905
6915
5095
6965
5782
9723
4021
3621
9044
7154
1407
539
7138
3134
8325
5489
4064
1625
2412
4754
6202
4923
2608
3211
6723
3509
2200
1629
6493
8834
6926
618
9148
7978
5058
9995
282
4455
9057
5774
4681
4395
9637
1434
5663
4103
4196
3685
6302
1087
3424
1464
5337
9825
9607
1649
820
6958
654
705
1489
1500
3568
1263
1638
8359
106
530
359
6820
5658
9115
5869
7178
9537
7015
3543
478
1223
847
148
8815
1191
1834
1526
6780
7458
9056
9969
8245
3077
4445
1951
1597
2524
7272
3666
772
9627
511
6215
2557
4007
8678
6342
3007
2781
884
3065
3843
3721
7504
6454
8275
3905
7949
613
8742
1427
7785
5436
4895
1201
4138
676
8685
3529
7578
1517
9286
2203
2169
6245
5545
9406
239
7948
6447
4578
7319
1962
1950
1131
2842
8705
5492
6373
3743
6755
6418
9597
369
6327
7360
5194
9874
1053
4474
589
8744
6513
9220
6947
6704
5452
1400
9052
5484
6881
673
6902
3901
9754
7602
401
4820
8959
4630
1038
3681
4343
4461
8411
7212
9762
7123
7326
6705
127
5691
8117
3417
7223
9180
5785
486
3273
3351
6821
1744
9970
1
9201
3030
7702
6001
7904
4575
3848
6650
8499
7202
7234
7758
8819
692
7209
554
5914
3305
1995
4446
3755
590
7134
7536
2407
1587
101
9465
7083
335
2924
322
3419
7027
8714
6311
9257
4576
2741
7271
2564
3256
6328
8567
277
6668
6509
6516
4040
3267
4165
8040
6490
4679
5300
6409
313
1152
5123
4300
260
138
2948
632
6791
9717
7681
8394
4558
6477
5538
5948
9235
4602
9695
5646
9548
2622
3957
2899
3252
4837
3961
8987
9574
3125
4375
6103
9667
6551
9541
4418
856
8652
103
4683
1502
6610
9799
9479
9704
5594
2753
6290
5315
4632
4419
1669
4479
6183
5071
8890
5458
3228
8746
6193
8026
9519
3959
617
8627
4910
1878
6119
9360
5018
8233
6810
1129
6793
5231
4961
3386
5536
6703
2472
6370
9288
5593
6578
6416
3343
6522
5798
8856
8451
5020
4906
1750
9147
1193
9022
4220
6734
2977
3036
2025
4860
3567
2323
1818
2982
5258
5563
3516
9426
9456
8025
7891
1927
3251
2856
7337
8610
2356
8588
9482
4148
4723
2533
1094
7877
5189
1807
7101
968
5518
2463
3253
9811
6601
2007
6473
3603
8961
4433
5519
4294
7595
8632
9390
1004
7792
6588
817
6166
7092
1165
7985
8382
6583
824
987
2058
9658
6556
7406
6794
3416
437
1857
4472
1232
3748
5203
574
5938
938
7528
4073
1519
5929
4301
6005
1765
4644
8717
9654
2201
9780
7727
2501
6554
8476
1530
9060
8549
2342
8339
1992
8818
6656
8869
6033
5136
8462
4720
4344
7160
4370
269
1792
2967
1324
5081
7100
8877
6662
6942
1006
4676
4222
46
6426
2355
4289
3262
8623
9167
4571
4467
2847
6216
6164
3110
1471
9223
6652
71
5805
8575
5807
5091
4358
9242
3818
8130
5166
1916
7815
6121
6279
8735
8904
7221
5451
5523
6829
4997
208
8786
2136
841
6803
8005
3602
4183
3662
5810
2527
5142
6174
8208
9570
1924
5669
6352
4068
8292
8102
9063
7576
1741
9110
2663
8548
3885
5592
939
7731
3719
7258
5902
1657
9798
6404
4848
6173
3338
6367
1379
2871
6850
6461
9199
9551
1159
8416
7865
3958
226
5121
134
1310
4892
6097
6961
8832
4552
8155
6377
1072
3698
1403
7289
1572
31
9738
548
4078
270
6260
592
7594
8266
4750
6175
360
5301
4894
9735
1754
7642
4622
644
3605
3689
6945
1153
503
4605
324
6935
3266
1746
1035
8429
9739
6322
2090
5163
2922
7493
5820
9639
2621
2913
7592
3894
7469
1904
4947
5343
4487
3378
1114
4758
5726
4857
4780
786
4828
3587
6584
146
2889
2951
8605
7722
6911
3180
1164
7041
3517
370
4557
1412
1933
4354
4414
2048
1920
3381
3991
2403
5230
6733
1347
2532
7771
9436
3045
9983
739
6062
8190
3117
5103
7312
6641
9001
2862
3388
3534
3197
6817
7878
4704
1265
6691
3632
3825
653
5273
8864
1269
9566
4459
6630
1333
5998
3564
4745
5597
5677
1278
2831
4110
2793
9191
3144
9674
5790
3547
2031
6130
3446
7507
86
5942
4773
3776
556
3607
9222
7362
6498
6608
2110
7889
7416
2844
5704
459
8221
5361
5428
8964
7622
9631
9869
8316
3645
3801
6628
3127
8486
9606
1466
1673
7378
1756
565
4922
9600
3904
2705
9012
9522
9117
1612
8447
3116
8957
4137
837
2226
991
8532
646
1137
1523
8747
7513
2398
7323
9186
7150
5341
2457
1537
4909
4553
3018
9008
5177
7197
5533
3952
6440
7657
5254
9256
9499
7279
6063
2974
4521
1856
6992
7841
1558
2640
1363
5430
4463
6222
9880
5809
4295
4330
9248
8349
5639
6760
9682
1832
4763
8128
1416
8738
3187
2688
8131
1064
9252
3936
3151
7230
999
6710
9833
7318
4667
7986
2582
4725
7436
442
639
7951
8434
1258
4241
8546
1905
2426
1065
5467
2056
3012
1319
7459
4882
5752
6809
1119
285
8016
9728
6073
2997
1772
4597
8001
7788
7987
998
5987
4825
3113
9564
1880
8263
7355
1481
5265
4905
8896
2576
9555
8248
6163
9573
3141
4293
8861
8381
4900
7421
4812
3328
4325
5354
9337
5570
5893
3048
8732
5448
9103
2993
5830
4032
9832
7070
8724
8657
631
1376
9837
2612
8397
8704
8212
5029
7052
953
4406
7894
8304
7246
7463
6434
678
7359
9293
4268
8720
5905
740
2338
6700
2315
1943
6586
703
7339
7759
7093
420
8825
6859
6405
1295
972
5553
6165
9283
6632
3382
3767
5816
3212
8388
4581
6200
2128
2458
1716
6929
1402
7340
7067
1147
7047
5730
3613
1846
2360
7817
8044
9961
7133
4942
7201
3800
6919
6444
7749
2432
6283
685
6636
9210
9377
9154
1225
4480
1018
8324
7512
6834
9648
532
2233
6225
3610
826
4169
5832
6682
9237
8867
1169
2004
6563
5038
7539
3928
4993
1532
602
2280
5280
2259
6707
5329
5459
2866
5382
7643
3912
8
2740
952
3307
8464
3853
4443
3408
4818
6962
8009
1738
2388
7976
5754
9233
5773
8232
2289
9096
5632
8849
9815
4159
3219
3676
6084
3669
3054
626
1060
8973
5126
4703
8554
6458
6937
3616
9352
1700
6675
9444
5995
115
1584
9158
3631
3869
1582
490
851
8178
2936
9794
8996
259
3130
7455
8392
1322
9007
276
3089
1516
1099
3877
212
8788
2195
8602
2146
3691
778
7369
2266
8470
2577
7107
1684
3499
9775
5153
9216
5404
967
2258
1432
5940
4867
9240
5223
8293
1615
635
4415
6209
4845
3473
8626
3507
6485
8004
6251
1861
7350
2306
2172
9040
8646
5834
5007
6873
3157
2675
381
4688
6896
2786
2865
5908
5986
8435
5391
1755
9051
795
4795
4001
9877
579
1993
2817
4364
707
2784
8521
82
8968
2334
2477
5584
750
8209
8576
8601
1681
2408
8331
3771
9473
5491
8215
2592
9518
3598
6255
8320
6612
8928
4306
9272
8702
363
6091
233
2507
2182
1320
985
2782
267
7725
3326
5347
7333
7607
3654
4753
5002
5282
7839
7098
4434
2347
6526
5992
567
6486
209
7937
5362
9015
3922
6993
6527
2030
2300
467
5836
6638
5695
4118
7097
3628
9846
5248
7628
7663
8125
6566
7766
9268
6746
7972
9061
9469
975
5307
1111
1648
9951
6081
6353
2105
2872
1875
5048
688
8407
7139
5144
6857
9326
3893
868
1980
5879
2630
2070
4953
3615
1083
8111
6596
2822
284
7879
1796
8222
6455
2950
7074
4269
1339
4606
2925
3298
6151
3653
4755
7590
2572
4662
7328
6963
55
7017
4162
3690
1066
5862
5463
6015
4012
1535
90
5889
2036
3043
1988
7696
7603
4089
879
3383
154
9904
8308
7531
8985
8653
5818
2484
8887
2064
8081
1267
3832
5255
4208
41
2448
4904
8127
3575
9947
4870
6466
4579
5359
4100
5759
4819
2003
7320
3586
3579
899
3352
7537
4534
353
6080
6000
5424
120
823
3249
4925
9633
8357
1758
1141
8352
5070
9181
5627
6032
4831
3085
2920
5919
7386
3299
6540
4335
905
5709
1118
9225
6952
123
5224
7830
2988
9178
9960
5348
858
7466
5291
4513
2063
3254
3751
8781
3488
2304
2785
7349
5996
3643
1047
9236
9382
8838
72
1017
870
1296
3878
7795
5653
9048
4789
7719
6572
5623
5608
3372
1843
2103
6786
8069
8484
8497
355
1365
2882
3934
8250
3
4510
6064
9380
1209
3739
6126
588
2054
7700
5857
1743
5509
945
9661
850
6133
7659
9866
3232
1732
8592
4448
406
4361
6386
9341
7983
6168
3092
8617
6629
8283
7626
6752
7029
8535
4481
611
3027
965
2229
3255
6890
9446
1115
8772
15
716
6545
3289
583
6988
8334
9708
4439
3652
1218
6613
6897
5922
5846
6337
4457
9672
763
3286
3686
3494
7381
7404
3802
3762
1569
9852
1748
8460
5051
1498
293
8487
8598
5590
5242
4132
5897
4327
9079
7850
4809
7030
427
5591
6917
4135
1589
306
4531
3274
568
6990
3716
996
1630
7214
8191
6849
2281
1831
700
320
7315
4856
9127
8122
6885
4205
3108
6598
8329
5413
8647
7884
9711
7302
6136
1008
2710
7691
3235
809
8589
2506
1405
3359
6496
7087
8743
2707
6349
9246
9994
9128
4530
3311
2461
4889
3344
4749
3724
6410
7054
7288
9914
6607
3799
6443
4915
8305
1028
5508
1228
458
8728
9812
7169
5983
5396
5907
249
9668
3371
5657
1001
8921
6869
5880
8703
402
6210
7557
7990
9552
4912
2362
2008
3918
5747
3599
5505
6207
9687
986
4411
1913
1155
7778
2543
9329
3258
1055
6748
8249
2047
931
8774
159
1446
2618
180
6284
2231
5994
1842
7567
5108
4412
9516
1870
5640
67
7856
9622
3215
6614
7680
7018
9755
7210
1799
1508
5134
2180
1386
3710
8474
9260
8124
8295
9267
3725
6593
1308
9218
8898
2199
8158
634
5740
5529
4167
6124
1291
1377
7265
2584
1909
8333
9177
4206
2489
3050
5694
203
6494
6622
6825
7218
1790
4350
5666
5848
5895
9592
5220
9686
5245
7585
7216
1395
5934
7195
6226
1619
4841
9975
8015
6623
616
4258
5722
9896
2206
9979
8321
7934
7156
3581
1340
7364
804
863
9690
5581
5453
8317
9567
3176
4349
7021
7002
6056
421
8937
8722
8432
8762
2060
5520
4682
9656
7848
5149
1090
9629
9861
8475
7334
9590
2365
6530
6689
279
2635
8649
9335
4875
6156
5181
9826
3836
3230
444
4574
4839
3101
764
9792
6838
8034
7480
4501
9491
5138
7571
1677
3807
2350
310
47
1617
3427
9865
4563
6414
1541
1359
1829
8294
6052
6294
3668
7619
2823
5965
3184
450
9986
896
3155
2887
1939
8154
1821
9470
2288
9285
5614
1689
4728
4835
7177
7049
3495
4800
5010
660
1224
4759
595
8568
3742
9757
8681
6637
3951
2433
5792
4393
7056
8168
1413
8581
4285
3935
4767
2215
5847
3671
3571
609
7162
2515
689
2079
575
943
1126
8242
5710
1237
7304
2759
2819
4506
1543
2465
2397
5837
1220
5735
3035
8741
2262
9332
9980
2597
4250
8177
2240
5360
1352
9049
6003
5749
6624
9549
9152
195
4389
9116
3422
5049
5064
9318
724
9705
8992
5455
546
4119
2858
1465
2481
2754
6369
7262
6380
4931
6528
1300
9853
3633
1492
9645
5667
6334
5609
2085
9693
5745
9746
9964
2183
7992
3511
6845
6299
3711
3784
7647
6569
262
6502
5092
6877
8058
8667
6344
7217
1262
4111
3712
171
9379
5336
910
3548
9665
2239
3651
3290
245
1871
5476
2252
5622
378
2121
2757
6853
4998
3489
5000
7729
775
3844
4426
7393
6882
3044
7118
2851
8980
8629
5621
1088
9119
1264
3907
96
6959
2547
8444
7895
4826
7341
8326
921
527
1188
4288
7980
8095
8065
4323
9435
5435
1450
7153
514
6930
2956
2371
2770
3692
1346
7264
6529
1751
5924
9996
5411
1200
5132
2717
7589
157
3217
9524
9624
1710
9075
8237
9209
51
3531
3960
3932
6774
3810
5771
2846
4509
9502
5035
9134
1056
161
8697
551
5899
3506
8365
6036
623
6285
1148
4672
1366
1931
4145
9657
4126
2271
8884
862
1463
3356
8423
6423
3772
6233
4657
1560
5305
6336
7213
1312
9070
6875
6362
9264
7616
6158
6274
2283
7816
5828
9725
1778
6903
9583
9863
636
2919
8277
5930
9823
4609
6393
3861
9712
5678
9646
8135
8556
6259
6333
8427
4253
6179
5765
8758
7834
7662
8775
3906
5796
525
5186
3975
415
252
961
4768
1847
7828
2037
4099
6575
8791
6970
748
9099
8319
1238
783
4730
2032
8176
8571
5419
2724
8984
2051
3039
48
4486
7403
6090
5916
3504
4244
8078
1418
2101
1506
2645
2896
9413
8418
4255
6842
3870
1378
2230
229
4287
7130
439
3213
2762
3971
8664
1547
3140
2987
7231
818
3107
8449
836
2593
9139
2450
1575
3459
3929
721
8195
9546
3491
6407
7548
122
6783
3162
7484
1522
1240
7916
7388
1596
9302
5562
1808
2193
8353
1747
7430
5012
3549
535
7249
6206
7994
3336
859
6406
7632
9112
5320
9642
5547
3277
4213
2016
7858
6846
6888
400
4189
9164
4425
4897
9041
8503
3879
6469
698
5174
6712
3460
8234
414
8156
4154
3046
3826
2929
1093
4328
5839
1277
6463
8346
2737
1968
5199
2006
2490
6639
1349
3365
2430
4661
4658
2083
6685
8584
6014
7620
8586
9591
4310
4279
2029
5706
4130
1922
5904
3709
8782
5603
110
3625
9142
2952
9190
6957
2999
6303
5729
3773
5074
250
7991
8501
9120
9250
5728
331
7728
1785
192
8113
5059
9726
845
8562
4573
2321
6973
7038
4778
2642
2660
1196
9064
3811
9219
9784
2875
8822
121
722
6374
4735
3041
3440
3097
1338
4987
2611
8214
6148
2290
5504
7556
5019
8894
4069
5761
6986
204
8085
5375
1048
2133
5595
9940
6231
6649
4051
8557
4693
7750
3028
8726
23
295
2363
1974
2687
6114
718
3486
4093
2699
5577
6047
1505
9967
5256
4228
6143
4108
6293
4711
5200
1623
8687
9910
1135
5346
3318
8299
1415
4670
8854
473
6894
4746
5388
2454
2559
9714
633
9721
2088
708
8211
5003
6925
3287
6169
7122
3847
2370
9088
2075
5628
2232
6150
3200
2439
4499
9131
7940
6057
4958
5886
8253
9082
3634
6855
5196
5813
3051
1479
5157
9249
2589
6615
5499
3241
3998
6152
2538
3678
4326
1468
2145
3630
9490
7253
7554
1960
2580
8087
2883
2326
597
2939
6585
4052
9523
9561
9464
1907
1207
7487
2897
3675
485
4341
2211
380
9881
6899
6051
1687
7390
5808
6204
8974
7490
8356
8032
1959
2518
9540
1566
2990
193
35
2879
3539
3510
7145
6276
2585
7414
4061
3552
1019
3525
9259
5209
4853
4015
927
6805
7275
3458
2906
7630
6013
3765
1707
2020
5173
7802
2076
4871
8976
1045
8367
3591
4490
4505
713
6129
9817
5338
2483
4454
2134
7085
1730
9454
5011
3112
760
5345
4142
8544
5812
1897
3163
5972
1042
3830
7682
4229
8425
1970
627
9187
11
5033
5824
1892
4207
7853
7625
4416
2132
1862
4986
3342
7947
1981
2797
4717
4179
3078
2729
5218
9162
6968
4930
6828
3393
3218
564
2672
3954
9343
8645
2891
8659
8640
5101
6167
7395
7989
2207
1853
8023
4172
9434
8228
5390
9013
1057
619
1593
1819
5894
240
9031
4944
4541
6217
4192
7769
6083
2610
2868
7184
7485
7880
6297
8558
1580
6400
3454
1192
5292
8614
8963
5133
4492
5141
5539
1659
3687
9845
7295
7633
1702
9796
2224
7840
3884
4280
8820
9005
9840
303
6634
3984
3532
3237
7511
7621
5717
8789
8063
6157
5478
9141
8048
6006
2469
3257
9150
5617
1222
6635
1954
7013
1487
2377
4865
8430
6323
8351
9080
4989
4353
2256
3075
257
6449
9266
8315
7844
1937
5660
2512
2223
4615
7211
7808
2816
7373
5741
3102
6061
9676
1353
5275
753
6277
1233
5240
7961
7239
7752
2318
7282
2213
3898
4071
4908
5202
9876
3779
6011
495
1298
8997
3635
5314
5244
2637
7040
9373
8930
4729
3722
8936
744
7708
8454
5911
8502
27
4275
925
2815
6678
2802
572
1603
10000
50
7962
2255
7970
1082
7757
2578
7782
4497
125
2747
4994
3804
7521
5557
6843
774
327
1890
4664
6491
8865
1889
5993
7733
81
9265
7852
1205
6892
1721
6456
3572
1733
8037
3220
4608
3763
4420
4194
3300
1571
7317
690
4547
9882
5140
1771
1406
4569
4638
2177
4338
8402
6007
7157
3457
7119
693
5804
8939
1802
63
3160
7079
7437
9480
4034
8784
9475
8203
6082
1990
2017
2565
7120
4471
3073
1381
1742
9408
8083
8345
8313
3821
4039
3637
2755
1098
4079
3612
6741
2800
2534
1361
7760
5977
600
8129
6313
4798
8188
9535
8330
3649
9777
280
531
3987
3577
5236
8268
7061
3640
38
5431
3596
4031
6343
6310
9045
704
1641
6446
7522
8543
9700
7842
2721
7415
7863
942
264
3887
580
6254
3512
9402
9936
361
5444
2838
797
3968
317
445
6934
4373
6305
1773
5949
1764
2498
1859
7764
432
4554
9333
2126
9058
4582
7248
9806
2673
7575
7261
8552
8491
3745
6984
3308
784
1078
3288
9449
5297
5891
9948
8940
9689
1128
1389
9404
6714
615
1852
6924
6055
8700
6823
1949
3585
2617
2658
2591
9468
5598
5162
8143
311
2968
6550
7461
2926
3680
5469
1777
9652
3005
1311
9973
4372
2849
4716
4979
9778
9078
5589
3283
5783
8422
5701
5135
1921
8406
2639
723
345
8847
6670
4235
451
1140
3023
1621
8827
409
3883
4277
5274
1699
7205
3814
1515
433
9699
2272
8100
6784
489
30
9673
1849
8577
4410
2221
1825
8045
7784
4127
5440
6525
8770
6012
5461
390
2733
1735
8971
3492
4134
1963
3576
4677
6495
7982
1235
3317
9368
5684
789
6966
8312
9873
5885
5613
2801
573
4542
1061
4680
2668
2726
7405
8179
8380
2876
8147
6467
3931
2509
709
1242
4561
2462
9146
5973
787
2917
2496
6028
6548
2732
1040
1371
7389
5022
3346
5495
5393
4833
2933
741
7967
5779
4593
5063
2947
2665
40
9391
5723
9485
1634
4156
1609
1577
1329
9901
4388
5227
3149
8574
3302
9349
4106
3447
2166
7394
8307
6943
5780
2695
8097
8509
5349
3196
7397
5284
286
3782
5720
6736
4594
755
4532
7586
3052
4152
3439
9389
6789
1581
3049
7170
4421
7753
3121
578
2934
4538
5036
1869
8648
2599
2720
4397
1835
196
4586
5325
2378
5324
5480
6390
515
5065
6813
6725
5299
5146
3332
3646
798
1786
5815
2297
6745
6631
3292
4992
1299
6229
8057
7898
8074
4736
6227
3019
8160
3401
2756
6180
1668
649
4533
5088
135
5724
9227
861
6539
236
3783
2379
8853
6521
7034
4962
5408
2106
4296
2425
8328
3569
536
8003
6501
5211
8972
2969
2805
779
9949
8836
9282
8446
2655
5077
7658
7945
9287
4282
8332
4133
7744
7709
9510
9857
6459
3063
9418
4740
2603
2957
8252
347
8966
940
5466
3715
8801
8070
8010
43
3977
8254
6497
1221
2402
3033
5437
3248
5232
2308
2826
126
6822
1503
3862
7707
9968
173
53
4466
2165
2810
8540
7431
7031
5757
1388
4178
6146
8635
3017
6847
5367
9494
3930
5423
1336
4595
9653
5766
904
7892
202
4943
3433
947
3955
9372
3872
7572
7300
9943
9593
7650
6022
561
2644
4927
630
2071
6332
5635
2683
9025
8296
728
1257
7380
1199
3942
8138
9460
4202
4991
4359
8183
1594
8597
8778
6359
3193
1991
460
7464
7883
3227
7920
621
5357
7492
6618
6699
516
8377
5913
7263
5025
142
9126
1150
8207
8238
8979
758
5876
6100
5601
1321
3496
4292
9016
5184
8213
1069
1255
5496
5213
5705
4056
3857
5323
9751
7854
4264
1138
2310
800
1166
6379
190
1899
4884
8039
591
2931
6304
6381
1607
388
8086
6557
6666
4995
1511
1720
1002
6969
9770
3468
6769
4896
2619
7447
9767
1923
3105
1855
9344
4613
6679
7605
8882
6170
4340
218
5605
1728
9168
9122
1051
1665
7361
3414
454
8431
5700
1234
8165
4707
3973
3570
9664
8169
2013
7923
3037
5106
7143
2828
3641
8112
7794
2452
1549
2648
57
6562
9429
3072
6533
2777
7593
7583
933
6758
6673
5711
4366
1957
1932
7165
9035
330
3798
6135
4170
7849
9212
1335
10
6912
6488
6237
529
874
305
5926
8942
1109
2561
7566
7398
5814
9560
1368
4002
9596
7870
9124
9930
177
2859
6645
7053
2773
1348
7240
1837
3949
5596
4620
6326
4536
7535
4764
497
3557
5333
9945
7519
6690
7678
6647
6368
1144
4150
4339
8582
9354
7108
2431
6830
4592
8690
7933
1955
926
4786
152
1026
2998
6978
4362
6932
3760
9042
2369
7555
8041
8905
3759
8409
9102
5976
5852
6402
1717
7428
8354
4265
7698
9871
1249
1476
2760
8935
2789
645
3846
9422
5400
1271
7721
4866
3432
7454
4827
4329
1123
7301
9962
9388
3303
976
367
7954
2194
4756
7472
2062
9258
8467
1940
2824
3145
3849
1562
7649
8947
2339
6507
1034
1805
500
2607
520
871
8900
5392
4639
6900
3937
3216
3139
2704
1997
2587
2965
5659
4184
4645
4555
117
5912
224
2503
6385
6913
6162
2886
7203
4488
1210
5479
4232
733
9924
3129
2573
5703
4522
2072
8453
8981
2885
21
1814
1374
6432
5442
8736
4877
9521
3574
3174
5052
8812
482
263
5014
9764
1309
5699
637
5494
3188
524
2497
6266
8072
6517
6544
4257
6519
7570
3733
6672
9911
3214
9623
2686
2540
2954
706
3795
3146
9476
9685
1014
2243
4913
2742
1872
3276
114
9985
4665
8021
2474
5576
3535
3205
3061
8638
2205
3484
8105
9788
1430
9263
8696
5502
4568
4441
3373
5963
6744
6883
7481
2671
8808
9091
8641
2904
5109
8121
7918
7695
501
37
9170
3242
4805
2011
4378
9093
3747
6706
7410
5599
1054
1253
8850
4254
8737
3723
8012
3076
4006
4984
1290
7081
1935
9577
5682
1100
1898
7148
3661
7270
1070
3629
6702
7199
9786
2583
6627
5865
1620
3428
6462
9731
7847
6383
1408
4963
6453
5056
8988
5707
3271
2049
2052
7274
9384
237
4424
835
5055
8994
472
6981
9024
6017
8560
2949
3953
7266
3282
4631
8042
9912
4432
606
6116
6831
9109
2349
3268
4245
1456
8511
3071
4036
3565
271
466
156
3560
8860
7285
9529
2107
5127
4005
7530
8439
9138
765
1753
8952
4673
6721
4195
4633
8000
878
3859
2921
3926
496
8414
58
8901
8713
1261
5471
1614
9766
9558
329
9952
513
9327
6475
2519
2429
5008
4266
3923
2331
2520
2014
5974
1431
7095
6663
6928
3087
8673
8417
5850
9579
431
261
4146
2521
8982
9011
2291
94
5582
5988
2027
1076
147
1110
8220
2150
7661
7668
9086
8603
2210
1675
8848
6729
4952
9083
4256
6330
8833
7861
7250
2652
710
7105
3480
5368
8123
3431
3245
6412
8217
8707
6688
5271
6974
5288
3250
5702
5588
4014
5322
477
4476
9771
1809
5366
1948
3627
5853
9428
9366
6518
8683
4642
5084
2554
14
470
1106
547
2666
258
7422
3223
1759
7515
8924
9098
9660
3735
7864
5210
7327
9346
5321
2257
6844
812
895
6029
9900
8162
9423
2550
1964
8934
7716
3082
8036
2542
2873
7407
5674
3476
1475
7036
6431
3210
7825
4382
4591
4141
4060
7699
9662
1162
189
7818
6257
7907
8716
1154
9753
3096
9634
5122
4304
7767
9604
8945
9357
7187
2513
2436
5925
4686
8226
5651
1268
7354
2208
8520
4485
2018
4514
9581
4336
3469
656
3996
8192
2893
1514
9628
3269
6213
2746
9176
857
5490
769
8665
1195
4842
4456
1369
3714
2727
2870
9885
9345
2381
6278
7921
944
1930
6041
8043
9361
6263
5169
2301
9906
5736
424
4351
7313
4690
9030
6358
4983
898
8399
385
6267
960
577
1793
6797
2035
5034
3260
7544
9978
4117
1865
8370
4050
5129
1005
7121
4227
2320
1602
8493
3322
1628
2912
9284
8804
1770
2238
234
2278
3164
3425
3296
8958
3730
6224
3865
1130
957
4394
5306
5111
3831
2273
2296
7152
2690
8049
7545
4772
917
7803
7608
5342
2174
376
3483
348
3208
5787
6619
1391
8948
8309
2698
3817
6600
7734
7610
4937
5159
6776
1149
299
1902
7524
1355
907
6396
1451
2409
2955
6468
6719
7308
3988
3400
8792
78
8618
1886
8471
7501
4838
6122
9713
9455
9765
1570
6256
4047
5776
3451
5293
4123
6576
5130
1455
5870
6514
9890
6798
7656
657
8587
5990
4545
9932
4710
1613
2783
9489
1718
6887
8824
2396
1490
9381
7370
1926
1178
4885
230
2001
6777
4271
5984
4026
4769
4010
2028
2694
8813
289
5406
8679
8244
8420
3606
949
7765
6021
675
7687
6922
2115
761
9941
559
5626
9790
1833
8261
3195
8075
5786
1041
4933
8204
7787
5418
6445
8917
7413
4009
4262
2836
6436
6715
3399
2473
5855
5355
978
1317
2476
6523
9977
7640
1266
9310
7614
883
2332
1994
3340
3833
4696
6118
2903
3224
8677
743
6876
7048
6766
7426
13
8247
5113
1157
8593
6024
7738
7298
75
8421
3363
1828
7508
2941
4570
7543
9987
8148
1928
5746
241
3982
6315
5764
9512
5791
4055
5312
70
3813
2459
2774
9439
5303
8358
4540
3084
4030
6421
1690
9891
4101
1419
3780
3551
2116
2989
2021
1574
6341
2661
4115
3202
9872
1293
9894
2706
3925
9677
6991
3031
5716
4988
9269
4691
8440
1398
1127
1567
1198
7088
9173
2098
5374
3682
4320
5104
6030
4171
1953
7742
7346
7669
8286
2471
3355
2160
2908
9556
3900
397
4321
873
7495
3777
6235
3694
5247
5698
6198
605
5835
410
9311
9071
4635
9155
9848
5395
8507
8153
8379
3582
1473
6261
5351
1243
2424
6852
2712
2068
452
8126
2385
7674
3438
1215
8943
4524
6044
9917
5233
7058
5075
2500
1396
4238
3203
2316
4924
9953
9841
3812
1529
9392
216
9562
9514
2809
9691
2196
7260
334
8011
9437
924
8257
3010
1671
5353
9244
235
3321
2679
8871
2313
1830
2771
9037
742
2911
6862
7820
3471
7352
346
9438
8014
3749
254
8103
1460
6606
8962
4198
6139
6595
1694
2664
2566
2125
7125
8857
1561
6804
1888
3090
9828
3464
8398
8708
2440
8246
9632
6016
8314
4739
113
1767
7810
4852
1696
265
3466
5313
5768
7510
3455
7311
9609
4628
2685
1709
7228
5664
2613
6144
6697
6626
6360
2708
1672
464
4706
6465
5567
350
3663
2209
5027
1961
246
9029
8504
7329
8310
2050
7701
1845
6761
8202
8709
471
2984
1052
7220
7016
1472
7932
8621
7900
2242
4625
2144
3604
9781
3518
5438
8067
6273
659
8563
4959
3088
9605
4478
8157
7204
8171
1763
6107
8631
8938
4175
9467
1000
2015
7417
2812
5954
8555
4765
9217
3168
8185
7631
1393
9887
3910
7379
8239
562
919
1925
4058
1858
4273
4498
170
7688
387
8363
781
9931
4695
9937
6417
3500
7192
6982
7168
7342
4246
1180
3083
5278
966
210
937
7736
3946
6271
256
1996
1887
8634
1439
1194
9323
5433
4347
8120
6375
274
5246
8510
7927
5125
5935
788
416
2529
1059
3100
6398
191
508
4770
2682
4380
3394
5898
7303
2581
6483
6665
4308
6039
6131
2840
4190
7804
4450
7712
7488
8682
6201
5117
6415
7146
