178
9470
8292
4270
9593
3261
9353
1679
4625
1724
1788
8010
2009
5939
703
3433
2813
2709
2961
5402
8230
7775
376
8516
5044
5640
6809
3222
1015
9815
7026
1845
6408
7806
5697
7330
6211
124
5147
1818
8892
9247
4323
6058
4640
387
6196
7733
502
768
976
4513
6599
4744
8013
6360
3803
5874
8735
9731
8158
2882
1477
2231
3495
6474
5434
3919
1161
6486
1643
7284
2465
7074
267
2439
4276
4949
7707
3293
7494
7000
4405
6815
933
7020
8738
1866
2225
7696
3779
3487
307
3092
5696
4591
2919
5335
9297
743
1830
2745
5461
5168
6087
7754
5180
4187
7133
6841
5464
6199
1069
2774
4424
7104
822
2788
5873
7823
8755
5703
5107
2596
9771
9176
4231
7659
996
8190
2722
2115
7743
462
5148
3034
8827
3842
2540
8131
4010
4669
9633
8719
4704
8460
380
5618
2100
1664
1755
44
4476
2860
2946
9622
7399
2552
6010
7504
1326
4541
4586
4263
6753
4488
1736
4172
7884
2303
893
7375
3406
3493
5149
5451
1591
5781
7588
4544
5911
275
9172
712
6275
9950
6429
2160
6222
1683
4522
5435
8078
2843
6802
2314
2101
1984
7769
5720
3425
1871
988
337
3817
5667
4491
9334
1451
276
419
9598
592
5214
8605
4569
7773
3453
8937
5800
3121
8252
5849
5782
118
9419
3708
3338
6029
9504
9001
1552
6
9490
9961
1376
25
8985
2766
2711
5271
1908
5692
1592
7250
4675
6057
6158
6631
9411
7129
4560
2512
6014
1800
5815
7370
1200
5683
8872
6628
2183
9231
9575
8901
4398
9943
436
1942
1867
6189
2793
2844
3002
9500
1569
3635
9519
7879
2830
8734
2854
2040
5067
7946
2315
5890
3074
9400
5031
8242
4660
9377
4075
8167
2556
4979
1293
7509
1877
4280
488
8694
3909
9957
3732
1849
6681
4320
5744
8343
1143
2262
5660
5165
3820
7247
3490
4570
6692
7078
8016
5150
529
1628
1833
8533
4880
8089
9286
5522
4213
1645
665
6457
2780
1819
6788
5539
65
3363
1633
2675
1497
3320
5346
4724
2385
7271
1186
6387
7559
2972
9737
7170
3394
6351
2230
3517
7783
3411
1097
7689
3018
4581
2775
8943
398
9119
5350
5636
2379
6153
7243
7561
1924
5174
7049
2373
6618
708
7422
2444
9953
3695
6640
6922
6003
5737
7421
2297
1205
8965
1876
2419
8315
5228
9116
3873
3470
6545
9530
885
617
7345
7028
9169
2617
9455
474
3693
735
3794
3679
8666
4823
9804
4239
7971
2224
3866
7909
4585
3207
6559
9502
4920
6567
9553
9383
4494
7762
2630
6270
5609
5717
9579
4667
4353
3003
6672
8854
6434
453
9463
7036
843
892
6750
2081
9026
4334
8752
6363
6258
468
7617
9011
2054
2939
2193
3735
9996
6556
9993
8498
8972
7587
9095
6728
1162
8991
7745
7008
6455
9233
2771
7545
881
9278
3719
3877
4235
7951
4783
6452
1444
5937
8458
6742
1463
6049
6906
799
3828
845
7130
6115
4757
295
5626
698
1234
2250
7346
8758
5716
6391
1935
4510
8503
6314
4148
6204
3922
9905
1711
7373
1167
1079
8246
5774
4607
4487
8805
244
9478
4034
6144
8007
3888
3185
6936
7582
3972
2499
9795
3767
5182
8775
725
3795
7720
2719
1767
6813
3889
7488
6642
2382
3730
8664
8525
1688
8530
1447
6128
6670
8108
7205
8544
676
9885
2241
9254
6117
7225
6583
8955
8659
552
4205
5140
913
1397
146
2500
3550
1678
443
246
6310
2304
6890
4714
6023
4038
6550
2879
7398
3609
5944
8000
7489
1299
7532
1134
1568
4138
2970
8245
6598
3
8169
5159
8104
491
792
4196
9491
1694
9556
2114
849
1294
1642
1672
6819
4165
1279
2120
1199
6151
9389
6450
4452
8079
2256
4756
9349
7270
9828
9149
7778
2908
6027
7634
9088
8993
2415
2665
6644
1814
4865
966
747
2959
7772
3057
4892
8285
9291
5119
8081
8946
8216
677
1425
8511
2558
9829
6874
728
6119
6463
3603
3062
1443
5908
2060
6013
7415
1290
8948
5755
3705
8229
3288
4119
4543
7520
8512
9784
8678
6645
7087
3973
2151
7369
9311
6950
2080
1184
3296
9084
2800
8846
9974
2112
1375
9929
5261
7454
5822
1351
9775
8215
4282
5869
5711
9460
102
9936
7828
8119
6705
9811
5650
4555
3585
5506
5153
5598
3137
3851
8594
1414
7995
4369
9409
6554
3814
4443
6895
2945
8004
9597
5036
1169
9403
3565
2354
1572
991
8438
167
8197
1104
7109
3716
6244
85
7146
9003
7699
7672
130
1543
3060
3030
3286
2111
3541
9554
9243
778
5867
7596
4932
4869
4480
7665
6042
6477
8969
112
3032
9266
4339
3622
4630
6331
9964
7648
5217
6364
3755
7642
2442
166
5471
4528
9573
8585
4807
3041
7371
5761
4497
4277
7914
9204
7041
3516
9135
9226
5932
5861
4063
909
1499
3008
4484
2887
9486
8578
4674
4388
4049
805
1417
1844
3791
8012
2930
1160
5856
3187
7462
1999
600
7097
673
4772
2368
9938
2243
7145
7261
2359
9566
4495
4896
5654
8149
8852
2636
6580
1729
4566
7522
4028
6073
5613
6039
3711
578
3604
2189
9369
3241
1129
5841
6616
7264
3707
2642
2204
5073
3340
8348
6177
8754
5535
60
5195
9859
3156
1546
4123
5682
3061
6702
1590
3473
9989
6826
3101
4619
6247
4153
8569
1253
5393
6535
3938
6385
2967
1238
8311
133
3709
449
1418
9178
586
4311
1811
607
8971
1149
3887
876
6035
4479
4942
6884
9215
464
2539
7476
6963
7010
9723
8862
6239
9925
1841
5978
1436
3421
5355
5420
2929
5555
5248
1271
3841
8380
1209
1075
8125
2177
5301
9931
9787
5953
5319
3563
5223
1739
8851
3617
8113
4797
3249
8773
4841
2644
9666
2822
3751
4644
8094
4854
4329
3546
6727
5830
5161
3587
7826
2982
3895
3475
8019
754
5401
1674
1384
3216
971
9216
8576
5684
4242
9037
5900
9096
5362
7327
4587
8011
9678
6531
7344
1128
2761
863
4493
7461
5511
4917
9899
350
6192
6549
5144
2496
427
7023
818
9168
3308
5816
2472
4350
3816
1412
9759
9318
7464
621
7790
1795
4805
8414
2799
7710
3218
5428
598
1686
8599
3759
7557
9643
9146
3163
8386
3138
8767
3209
435
7286
5296
9616
3785
7599
5117
7729
2850
1441
7857
1142
1274
9544
1
9860
2968
8077
797
1173
8407
5453
8798
9605
3195
8602
330
1260
1252
9588
3737
9147
5493
7716
1176
6532
4933
3840
5056
7610
4159
1192
830
2786
7357
4547
6881
5558
4461
8309
1943
1358
8440
2002
788
2376
3150
2116
723
7212
8568
9635
6102
4583
763
9333
8432
9126
4921
6605
8072
4769
8455
8389
3010
217
1957
6763
835
7900
3295
8444
5817
6547
6018
1903
2154
9786
7704
7987
1404
3789
4789
7907
3560
2680
2772
2866
6978
4588
7680
948
4218
3040
5361
7179
5060
5138
3665
2533
7869
7456
5546
6493
9442
4559
3199
2014
8138
4378
9248
9187
8391
9766
2044
6790
9655
5479
4967
3958
8482
9285
4050
7453
8757
7382
9825
3168
1765
8098
9122
2832
9856
348
3053
8629
3254
7524
3522
7372
6050
3463
6088
1317
5665
1140
3153
564
5064
1685
2727
6132
4845
8750
4909
9629
3532
7822
2839
6513
5466
7037
8038
7206
7140
1419
8712
9866
399
9645
9468
9378
8868
1391
9451
4070
877
8384
7813
1007
8266
531
6473
4659
5175
9283
1034
8931
365
1190
7405
1123
483
9835
3757
6553
4391
6120
7538
9584
5404
8939
4012
1416
1658
458
9035
2323
7948
5478
4996
4708
2907
9267
1435
5043
6808
7467
3729
4284
9789
9101
8218
4556
6530
1182
7054
7510
7368
370
4224
3358
4152
4600
4698
5604
9516
1617
9674
5607
4642
9979
3899
2720
2840
3831
6661
4539
2360
5663
8347
4179
2837
4706
6146
6284
3564
1718
4182
1316
4853
2327
3626
9609
9006
9036
3327
1640
6460
336
4578
9282
2869
8814
1006
5041
2529
903
2149
1601
6774
8869
1193
2064
9281
1026
765
4337
1112
6180
8306
6048
5585
829
3927
4171
5344
9002
4799
8106
3048
4688
5467
5952
5391
8888
4381
4694
7151
1204
8142
6611
3984
3334
2619
6342
7589
9542
2502
3748
2966
7708
7425
6313
8975
2828
1932
4272
2098
4782
4268
6680
3025
3618
292
2975
8673
2948
7433
5332
1646
6940
4689
213
9379
5942
3756
4431
2330
2099
3393
9473
8271
205
3572
6414
64
8355
7157
4485
8935
7410
3999
7256
4176
939
6392
9464
5594
7175
649
7253
1894
8217
8428
7211
796
9939
777
5852
742
9402
6485
269
4575
4859
6562
2226
3647
2260
6095
9301
550
9407
32
898
6456
9724
3760
6041
2694
5010
4447
2037
2481
7459
8370
6870
654
5605
3080
9225
9778
1276
6150
9246
7611
2861
9822
4994
2936
7115
2138
6182
4105
7865
2020
5424
9102
1201
9617
6746
8483
4715
8132
9142
713
1144
5649
6318
1522
8048
1440
6207
2699
9722
4257
7564
7570
6187
3317
5912
4850
5068
8033
7349
753
7514
9016
6016
3773
5185
629
7098
248
4212
668
9458
9306
1231
5694
1220
69
7687
3987
355
1365
5004
3656
8541
9195
3349
2383
1982
6845
6565
5457
7818
418
7886
7516
1320
4220
6971
5979
1508
6242
7894
4857
2353
6856
5394
2899
9129
834
4860
997
8445
9733
6520
8774
5465
3761
8838
9396
5729
6675
4106
9758
7200
8973
6947
688
7013
5120
896
4477
8949
4519
61
8123
9395
3655
7197
2363
5882
658
8632
1794
8966
3076
4962
1506
8718
4833
1081
525
8385
8318
2814
4113
7282
5595
5966
9085
2715
7670
4645
670
7096
9053
4546
5184
3506
3800
1792
5272
7959
8849
1318
6045
2865
1407
4632
9263
3447
9560
6818
9275
5246
1680
3738
6282
2600
5528
5021
2894
9769
2475
857
4090
1821
8669
6206
2429
8769
2232
630
2361
2312
8717
4773
3014
1809
5075
5486
3114
5752
9469
8651
5792
6337
1801
8613
9019
5407
1315
5902
5212
5757
216
4290
8390
5116
2298
5751
5260
9027
2006
4088
2217
6376
3385
9919
532
827
2236
1254
6719
9620
3182
5785
2244
575
6419
8451
840
6412
2109
1624
6415
6283
5903
9857
6449
3175
7748
2654
4743
3556
2752
4227
7035
6067
2103
9793
6876
4077
8373
2462
9453
3530
1704
9709
9479
8528
3835
888
6925
1217
1099
3883
2089
1135
8595
7089
9550
5565
8400
7840
7473
86
2110
7331
551
4732
8404
6443
770
5164
5798
3465
9562
8844
9800
5831
4458
5652
215
8670
9131
9975
1507
1058
5768
3039
3448
3145
3616
6519
5136
548
321
7387
3871
2625
1098
4754
3743
2924
2252
1183
5218
7231
1773
1321
9163
7190
7198
4741
8096
9305
93
7759
2628
6747
4529
2035
7427
9680
9861
4072
5062
1084
7830
9303
8891
636
515
2570
8997
3173
8745
9920
5128
7523
2460
7120
2206
3977
7242
5532
1554
9908
6487
6560
697
803
8668
5623
7258
4654
6951
9365
4364
7655
6792
4643
293
1014
8626
8367
4974
4955
1595
3346
8654
8272
3096
2134
1920
8555
1019
2184
2950
4551
3084
4120
5024
3734
7354
1367
1986
4055
262
7571
6552
5226
1349
3434
1707
9978
7213
2916
9632
9526
6748
8159
6235
3848
3715
3063
4266
9372
7047
5090
2191
4498
8615
8041
4972
6046
1024
824
9415
2011
2504
3949
4180
1487
9845
7939
1559
1257
3703
3111
3497
922
3449
7658
7229
1005
3733
6221
1620
9471
6869
7103
5183
2073
7735
3370
6311
5303
6650
5517
7113
3832
8166
5746
2593
6090
3713
9699
4964
7423
2358
3144
542
4273
7819
457
868
3141
6606
7088
5348
2958
8053
2258
8790
8439
5784
4441
3331
8453
2537
2488
265
4752
5926
7552
7854
6656
7641
1892
5627
7237
7635
1094
4980
4947
935
8160
508
576
7983
6472
8337
6647
7549
9868
2725
5508
8732
3031
5377
7543
2294
1971
2672
4269
687
4279
6201
7531
3579
3725
8356
6812
8623
3650
4111
221
6942
1187
5905
5738
3870
9910
9054
3435
5292
7856
5674
1076
6341
3196
2737
8982
3347
290
3630
6484
5760
2704
1466
5630
9092
9659
7964
7966
7326
1751
4191
9592
924
740
7131
7052
680
4158
5945
9596
1847
9193
5688
487
9858
3862
2168
8570
7566
3606
7094
4199
4305
5894
3405
4475
4400
3915
4731
6592
8461
4615
3611
751
2875
3965
8286
4848
9610
9540
2186
6527
3702
6390
4011
5234
535
3136
3455
461
9406
1048
7092
7215
7156
8689
5778
7014
8934
6163
8073
6166
972
7717
5875
4044
98
1336
722
6928
8472
4656
1734
8112
4918
8085
1114
3486
1913
5356
4307
5016
4163
4054
8442
6442
3524
6116
6544
2759
1760
1772
1807
8328
3874
5371
8338
4638
3657
7834
2795
2267
718
7244
5469
6356
8176
9144
5334
5002
1433
7392
604
7072
1027
1618
9790
7876
3664
5947
7654
6170
8795
1286
7575
6833
4233
3681
5057
955
2973
5105
2622
9944
197
7025
3770
9863
4897
3103
5888
8784
8596
7726
6373
6122
494
8893
8928
447
4884
9482
3608
3844
172
8958
1607
5557
6623
444
6268
6820
907
8069
2084
2474
3935
9340
6897
2909
9229
3739
5672
2448
4960
9768
6162
8466
8834
9429
9276
5247
3330
6671
5130
6507
8996
9594
482
4258
4709
5419
4951
5734
2710
1840
2877
5946
9735
4816
1886
2043
5426
5668
4590
7779
1041
8692
1177
7679
4352
8860
3742
9256
7479
8812
7760
9900
9819
2693
3580
5898
3510
7009
4672
5853
8889
6086
6542
8919
821
6954
1008
2595
8357
2834
4985
9259
8365
1939
1921
570
539
8273
7007
163
9299
4274
5548
8495
7132
9321
6178
1726
7365
8210
9390
6768
8319
8885
8821
2888
1556
8454
612
7394
3301
1605
2227
7218
6005
7255
492
9538
1525
9689
9881
878
1881
9373
2928
9988
6175
1334
7525
4888
4030
1036
6032
5458
3641
6157
390
2296
908
3621
884
9416
2173
5488
88
5758
5121
7351
8371
8788
3807
7612
970
2831
7217
5561
2172
2171
51
3907
2088
2289
2489
7059
7238
8050
7513
5093
5975
7882
7594
2717
1929
9098
9067
2026
8983
504
9382
9732
618
7499
9930
388
5455
678
6354
2331
2594
2689
4150
7002
43
2905
4478
6072
8480
4099
5005
2805
9891
7235
288
2979
4496
4761
8410
5968
57
5936
533
1000
7953
2242
4201
2942
1207
9586
7123
4252
1808
4118
7102
8876
3095
5955
2707
4404
2705
620
4228
6398
1855
9179
2984
7386
5597
4173
8695
8981
2957
8175
5167
6379
4342
2885
7180
8592
9788
4122
9559
4887
176
1962
4664
5171
7668
4254
4766
6977
4889
1261
6835
6167
8633
9418
1028
9535
3029
7221
6333
334
6852
3575
236
7278
6191
3443
6082
6944
1195
1486
3174
3068
5336
9417
5661
9404
4655
5326
2316
7393
8763
5313
7883
6272
1480
5736
4066
9990
5347
7619
1976
4186
3172
5232
4785
3953
1675
7273
8107
1586
5209
793
9682
2192
5322
8200
3772
21
8135
8136
6724
2747
625
1970
5065
1735
2000
2573
6277
6665
129
1839
9673
7418
4001
4862
1813
6770
9686
5837
3177
1239
2145
7860
1368
8188
5693
5810
1153
3686
7847
6795
9872
8358
2281
1078
4296
9755
8581
733
9000
4567
2418
4141
4802
198
5333
4716
568
9476
4603
393
609
8904
7119
501
2971
4139
6586
1158
2691
3099
9219
4225
5230
5547
5422
4166
8489
7439
2150
9749
9312
6690
5192
2127
9015
5267
2337
5935
4210
4941
4135
1219
2291
8777
5924
4294
3075
4502
7452
4397
7380
9726
9808
2431
7814
5676
1752
7152
9320
209
5549
7359
7378
852
6992
511
958
7534
7928
4357
6286
1661
2789
2668
4912
8280
7257
4720
6383
2762
6330
9316
6068
5708
6036
6861
9568
2703
8325
3955
188
2521
9736
3839
1654
8408
911
5807
6241
2513
5568
3149
3920
1471
565
3125
6543
2402
2897
5791
8653
280
1576
3631
3797
7051
5686
5320
2756
5566
2052
4908
2757
2623
4471
1951
1860
5742
4037
9240
737
8484
4440
7472
6512
8251
466
1181
5460
9636
4935
1408
8234
1869
1748
760
2633
1857
1947
5425
1045
472
7207
8715
8421
9385
383
1459
4852
1386
3978
2962
4170
2527
3102
3740
459
4102
7029
9985
5675
1895
9986
7757
3415
3747
2559
4662
1994
1790
2803
8496
1671
6539
8449
6673
6169
671
417
7305
4975
9130
8042
4963
959
8040
6786
2677
6883
3382
3108
6154
9527
3098
8437
8690
5922
5343
596
8567
115
3726
762
8650
3792
2336
2247
7756
6218
6523
9492
9591
114
7168
4395
5433
7366
538
4925
2659
8988
1732
7902
8529
9087
2024
480
1077
1878
1100
4143
9384
3033
7555
9217
8686
1298
1401
2817
6962
9696
3221
2952
2530
7930
3284
3620
7160
1004
1622
5770
4891
3188
5573
6454
27
6563
634
9631
9048
7090
3933
6495
2938
7208
5788
8122
7512
471
4079
6417
3166
4281
5155
873
2229
9422
407
3894
1791
6263
2621
3704
7184
1018
2309
6778
4190
1329
8936
7653
8039
2208
201
7517
315
5842
4262
1870
8148
706
9443
8977
640
2782
5600
81
8378
9884
920
1787
9199
993
6617
5341
2380
4873
7234
9844
9412
3997
8513
1420
8517
6296
4255
8641
7306
4722
9319
5221
5496
8434
6329
4314
2931
2925
6411
2713
1106
9210
4636
7511
144
6188
2218
2901
9203
4878
1539
3804
9770
4029
9017
4753
9337
256
2734
5321
2031
1578
4169
8097
517
2148
6174
56
347
4604
1966
4283
7725
8899
4981
372
7832
9051
3566
9430
6426
3112
2118
8771
1332
108
9477
7350
826
7786
4036
6632
6685
5078
1470
8687
6186
3082
9781
257
6615
2457
4943
7274
5542
6524
4512
40
440
6834
7701
6837
3459
7201
7149
750
3479
5521
273
6885
9814
6038
2437
544
7468
1503
651
3582
2178
4312
2176
9773
6113
4788
1764
9371
9621
6899
6407
6293
4473
3890
556
9960
6945
1042
6579
1953
2878
524
1170
7404
6022
664
9727
2234
3274
5608
4730
4095
3963
4249
2572
8173
3906
3619
9583
807
707
9693
2591
9901
3567
2700
7337
183
1107
4374
2025
5193
9716
5811
699
1083
506
8417
9237
5606
7294
2425
3353
1268
6285
1438
4308
2282
8313
328
7391
9013
4762
3675
4198
3774
6996
4203
5984
4472
1621
4347
1125
7973
8963
825
5790
3292
6368
9752
5152
572
5629
3615
2015
1166
5887
3900
9830
5991
3021
5200
8647
6034
4690
4450
8807
7556
5963
8793
1933
3771
7224
297
4729
4771
3721
9004
3741
3310
6105
3538
8720
1775
6366
2990
2132
7845
2491
5255
3037
8952
9239
8354
7332
6643
4132
4735
4907
6503
8091
1456
2964
5527
9704
1614
8260
1197
3176
6711
1280
4677
6214
837
6693
3270
2485
9647
6541
7313
7984
1927
3329
8155
2608
3499
9603
8341
3722
3462
5754
2557
6689
5358
8346
1609
639
6011
6509
5040
4053
9315
5987
3387
7695
5777
5470
9963
6372
3896
1944
6526
7777
228
4871
5512
3474
3129
2055
7885
4922
6984
2760
6374
7389
4016
8419
9928
272
2387
2507
7136
4009
5427
2666
3897
2743
3904
7852
9105
2017
8800
6602
7045
1744
6993
505
2352
2287
855
6030
7303
5596
1038
9207
8403
2199
4052
8879
3171
3224
3578
6676
936
5928
3359
7480
1961
8157
5400
5102
6603
9009
4366
7853
1770
7348
134
2516
4149
4699
954
8502
3013
4971
6597
4446
9457
5373
3937
374
439
6482
8779
6054
3438
3528
3214
3782
5170
6528
1715
7972
7997
7044
6797
5919
8591
8374
6478
4826
8147
4110
5704
6923
6575
9695
1952
1985
8061
7432
8873
4128
5826
7836
1613
6491
1759
5205
1371
4341
6347
82
2574
6989
6305
4851
4703
3481
3968
3914
545
8565
929
7593
3436
4389
6588
9357
415
9783
624
8909
1060
8287
2458
5475
8766
1500
3969
8447
187
7895
7314
5679
2347
7824
3574
1210
6822
5724
8083
120
4521
9481
7419
2992
7011
9068
7321
1051
6062
4091
5368
8201
1810
2770
1491
3943
1529
1392
80
8429
8474
8902
3537
9454
6225
1983
1352
1564
4973
8037
9398
6501
8322
6621
9753
2599
4515
9115
7420
1750
351
2200
2272
8376
2906
4778
6976
4338
8331
1394
6913
5029
7764
8067
4856
9824
3397
326
6538
1906
1124
8514
3813
3583
2108
9782
97
8957
4097
8233
79
2545
9924
8697
1002
3088
2947
7628
4982
3006
879
591
3918
6405
5421
6967
7408
4904
667
8584
563
3669
2519
2070
8725
3333
7503
279
8192
2995
4574
6393
5698
4403
4686
1714
218
1164
8627
4965
489
1700
4717
738
8645
1377
2838
8778
9543
1897
3371
3257
4794
3043
3228
5265
4359
9010
7943
9024
28
5921
9763
657
660
3126
7062
3872
1684
6413
1390
3766
7667
433
940
8837
7808
1054
7829
3381
4291
9813
2053
1300
8205
5986
9347
9888
3464
486
1875
63
9414
3996
5257
7114
7622
7526
8412
1615
1304
4285
4842
7397
6077
3451
8865
1584
8114
8456
9410
904
9182
6851
4957
2555
8
973
1185
6858
5836
1446
338
4313
2656
4265
5731
5794
3808
4858
2305
5289
9271
7609
2791
1178
2128
5163
1335
171
871
7430
4368
9413
3595
2729
2764
4023
8431
702
5454
6118
304
7106
2378
8398
3950
155
1226
5728
4872
891
4937
5707
7554
7457
1398
6546
7108
2039
1046
9667
5250
8655
2890
5889
5025
2486
798
7868
5637
9742
3596
8580
313
1510
1745
5411
7629
8806
9452
5680
1307
8942
6008
7450
39
9181
145
6136
8601
6131
7493
2344
9262
8302
91
1163
9911
6696
4192
4014
5705
9987
7117
9097
916
4836
2969
1023
901
8974
3970
2320
714
9008
3091
2991
6358
1070
3829
5951
6772
514
4193
5766
4684
2058
5403
1357
2610
414
704
8320
8008
1188
2452
4019
3680
963
8102
5007
726
3790
6755
373
2030
5712
1565
928
6564
3413
2490
5398
4734
6974
7319
3247
298
7265
3086
6911
8111
6193
3710
2589
467
128
7981
7144
6629
3306
6371
2181
7124
6315
4682
6303
7625
1400
2321
3391
6238
7081
6678
9057
9055
6595
4402
30
6423
1172
235
3073
4116
6682
817
260
6707
7569
1086
7801
9997
4006
4214
1353
3884
4524
150
9025
378
4844
3442
2139
2855
9162
2179
5967
4107
9799
157
9817
6339
7367
8706
3426
8515
3042
2464
5490
1859
4065
3120
243
7203
3627
2718
690
9740
2716
2501
6698
4005
1452
3117
4417
4990
4525
324
4952
5646
8603
4101
5910
9533
7448
3836
8162
7917
364
9099
7001
4538
357
2318
5448
6085
1836
1469
8776
7263
68
7636
6980
7328
3211
6943
9421
8363
2117
5374
946
7406
7296
2807
3267
8055
4532
3651
2072
484
2205
6590
6070
5896
140
8471
7034
9867
2381
6436
9871
9531
6494
6271
9697
518
9984
2872
7899
259
1267
6205
7174
2142
3409
3863
4620
7958
6433
1917
9892
5216
5543
4815
3777
6002
2848
9982
4229
9238
9257
4612
394
2898
3728
4589
5166
2520
2549
8043
3198
9640
5379
8976
6803
1835
2949
7795
4598
2164
8462
3654
404
3344
5009
7591
5574
1610
2480
1756
6369
3696
3850
6083
9983
2066
3313
8247
9206
4232
7068
3834
1282
3982
4616
7736
6274
1829
5485
9047
4517
4430
7567
5258
9082
5008
4828
1262
1474
7702
1731
6529
2892
4849
6838
3552
7904
8895
5083
2447
859
8030
7076
1831
5797
9751
5725
663
9438
717
1010
5143
8675
5298
9167
1227
8269
3427
9922
6195
2345
242
6490
4500
2196
6159
2311
8803
1837
6304
9137
5614
3954
2620
5690
7507
6220
8086
7360
1710
5950
3485
8141
9467
6409
5904
7340
2412
8811
3802
8256
3234
1742
4360
1263
2357
7161
4156
3256
571
1122
3460
6164
4420
6533
1567
1889
8916
7618
1133
2432
7230
2406
5452
1403
3217
8298
5491
7652
7320
9692
5410
9729
9601
1850
8116
9388
6380
9707
1843
1730
7100
1322
3457
9878
7871
6708
3051
2937
1717
8723
9044
5992
1702
5304
683
2767
7550
3661
9118
9921
2532
1762
4093
7347
6071
6127
994
8342
8786
282
6323
478
7858
2343
7220
1934
8589
4042
4803
9853
9290
8236
780
9209
2407
1461
8588
317
7434
7487
3361
7666
8258
1673
9849
9847
4425
3456
3964
8785
1341
6891
9086
3798
8321
3162
5671
230
710
7381
4666
6416
9200
1342
6912
9408
8240
5172
7663
666
7600
4902
2889
2143
982
6233
1946
1965
9670
3379
1431
8791
8863
2562
7614
8701
3326
2284
4956
7413
5886
6733
8316
686
2815
779
9272
3826
3688
1549
764
682
4131
7417
2859
9567
2102
4434
5799
2027
9331
8817
6155
5938
4629
5316
6824
9273
7613
1740
4261
3253
8203
9041
6604
1311
2473
9028
8671
8677
7401
3019
9630
438
2581
2067
3558
7502
9730
2932
5484
3070
2738
245
6926
5186
8270
1632
8333
4155
9664
9284
6017
9045
9882
693
1388
7167
8823
3054
3362
4681
7269
6052
2867
1693
5049
6540
7662
3559
1157
5862
1156
8614
4839
1241
450
8223
2658
694
977
6100
6063
5505
8352
6555
7171
8835
4056
2522
800
5051
8819
9124
425
8168
9242
7471
1923
8231
7737
9391
7831
7866
6769
3746
3152
8922
2476
6248
6620
8924
11
887
5020
2394
771
2012
2166
3492
4183
9245
2374
8702
9854
2635
7597
381
749
3118
4504
6165
5151
2742
1588
6739
4863
9873
4866
4663
4470
499
5531
164
3945
4025
4109
5096
9513
8101
6522
5019
7539
9288
2951
3573
3408
4750
7466
4499
4602
3553
3097
7870
7590
8213
5934
1050
1514
9280
2165
1152
4372
3886
5923
3289
5899
6292
1109
9466
7069
5639
2436
4322
8933
4520
9107
5593
5518
1516
3395
2647
4168
8864
1430
1211
8856
5526
9837
7411
729
8639
8035
1196
787
7402
992
2526
1963
8161
9839
8801
585
344
2712
3345
2404
2660
2806
3723
7950
4071
6197
3980
356
4399
6889
6079
7005
6015
6069
8853
2862
7289
4147
674
9058
6470
3924
1725
5225
9962
5670
7064
6534
2350
1323
9260
5570
2858
4648
2631
3482
2804
530
5238
7646
5288
1273
3038
8753
3898
6245
8165
8387
8600
9776
6133
7621
7586
9065
5444
3390
6471
8032
2580
3815
5628
644
7259
3078
7451
34
7746
5651
3179
9032
1131
9100
3913
8235
5653
5243
2723
9399
8698
5132
3712
4936
5133
2792
2408
5103
2
4453
709
6658
9445
4074
2797
1644
9941
3941
3000
8501
3625
9134
3180
3072
804
5803
9387
2841
9151
9397
4687
5042
9992
870
5681
3893
7248
9295
8696
4725
126
1528
3369
6627
5541
7891
2565
8708
100
1476
5482
5883
2918
8577
1852
2685
1884
3598
3283
8822
7862
7379
2871
2042
2836
6915
3586
8465
9132
3682
5023
1191
8642
4505
7299
6217
2996
8326
4870
9582
1251
1110
2681
53
3297
2553
2603
2637
2307
7986
937
7632
5918
942
5080
1350
814
4526
9081
8884
2074
4317
602
2147
8185
8178
7335
3629
882
794
1580
9517
5863
1348
2007
2517
9641
1373
6378
4114
7204
4809
8951
7266
2511
5519
6904
8443
2674
7101
181
975
810
6585
2016
229
5160
9358
67
1221
8944
9059
999
3472
141
4264
4017
309
7158
1284
3623
4820
755
7497
8014
3428
8721
1118
6525
9966
953
318
1359
3110
2104
9189
9935
8372
8330
3365
189
962
692
9895
4238
1853
5030
8631
3484
4189
785
2974
7173
546
6397
1822
3140
9577
8036
5280
541
6395
2293
6521
2893
6660
9638
2113
9425
7540
6185
4040
7846
813
3542
5367
6663
5579
9188
8728
6866
9909
6502
1990
7684
5929
6026
1040
3869
7407
6596
5268
520
7183
342
392
8998
131
3233
8288
766
8950
2065
9761
6731
5098
6551
2097
8762
353
8794
5197
6576
6024
9741
2398
2174
1652
9499
6735
5581
84
795
1832
103
6732
6037
4535
5515
610
9675
7396
6349
4237
1385
6093
1562
3788
7796
2085
1616
3454
8740
5048
6208
8831
2714
191
4838
8519
4847
8598
7083
7107
8064
6004
3017
9192
6216
1360
6871
2124
7664
6699
1798
9841
2175
8593
558
4096
1526
9754
5965
3242
7839
9234
3511
4062
6066
6246
9571
5100
9914
2093
6424
3867
4092
2268
2518
4719
3437
7486
4004
4340
3852
8241
2896
5658
8894
9145
4808
4702
5787
7095
9423
5995
741
1817
5529
1366
3155
6447
7388
1017
6040
9831
3812
6633
2246
2391
5115
6879
8707
540
6328
5507
9348
8842
6435
1596
8658
7620
4711
6156
950
7441
5876
2802
1779
1743
4396
9955
3786
7187
1776
2577
4665
3315
7384
619
247
4861
8566
1055
5241
3544
2212
4161
6652
4316
6566
998
2372
4003
4344
2388
7236
2453
2454
9030
8871
3673
3235
880
7485
8744
6674
2750
622
4211
4469
23
3849
6593
3667
7798
7977
9880
1816
961
3113
5845
1527
8345
3529
5108
9012
1312
1712
9739
7848
890
5390
7426
1825
5544
1033
7975
5748
5982
7435
1370
4127
4993
7443
5588
5211
1151
9496
8989
7802
7656
7643
9801
4188
1246
3083
6361
4676
8617
1747
9991
148
6410
5283
4637
2701
8510
363
6970
5443
4177
7792
9020
7889
4362
159
7669
240
3380
5035
1534
9440
1741
8711
8905
3822
6569
6587
9654
8682
9797
3960
614
8547
1737
1242
1523
2198
1560
3248
1179
1067
299
2047
5139
8276
6389
8332
8265
9896
5408
8105
9165
2697
2943
1919
7706
6448
3318
4765
29
9564
9903
5054
7976
6862
1967
8450
6141
4162
4414
8476
3640
3287
485
5514
7797
7887
234
1059
9277
4002
1345
5439
9029
2094
1146
1255
9855
5773
6215
1247
8925
3745
4021
6209
2632
8059
5095
3023
2152
8731
3160
1080
828
638
335
7911
9657
6324
7336
8121
2592
648
3440
1518
2045
5957
1531
1639
895
3562
3928
6741
1880
4406
7281
1139
6821
2083
8278
917
5266
1797
5959
861
9833
7678
3336
9537
5291
2317
101
5632
1511
3678
1395
5969
7082
1012
5930
5330
1980
2921
8415
7495
3592
724
9563
5719
9049
1784
7791
50
1520
5110
5259
3058
4846
9235
7580
6135
1003
8118
8087
8183
7527
9515
8457
1566
7874
8152
1758
8082
4133
4204
7223
5169
2482
6737
7616
5162
6223
2646
9994
2506
5397
24
9138
6097
4332
2724
8180
6061
9683
8713
3402
3936
5610
6938
2259
3178
8839
6302
2146
6946
9580
5617
9161
5878
7872
758
6418
6121
1975
4793
4085
5560
4448
4944
9714
9912
8248
5520
4327
9676
8479
1093
410
3396
2575
4597
5648
6388
7940
5017
7290
7988
8294
1778
7066
7071
5500
3787
6489
3246
3087
8283
3161
5891
4877
8381
1629
1025
5310
832
6848
6589
6725
156
249
2038
4721
2987
8394
5412
7572
2167
569
9447
2564
6210
4379
1660
1563
6320
7910
2068
9322
8024
5447
2563
2364
8153
4408
1103
9656
8940
456
270
985
7050
8409
4875
225
5927
9972
2669
2338
5055
3765
5994
1513
7189
9812
7031
8703
672
5417
8329
5624
7063
6842
7734
2927
1009
6007
7209
9514
286
9969
396
9949
7934
2240
3988
7703
7199
4835
6461
8932
9062
8582
7519
1212
35
547
7809
3614
5101
2902
5274
7077
6793
94
7214
5245
2816
8397
7873
3273
7141
1823
7991
184
3189
1936
3302
9875
2688
7277
4459
6873
5088
8001
7603
7718
8761
3109
7262
9615
6664
9083
4624
9777
5072
4246
858
3311
2237
6123
1651
224
9329
2590
8674
2302
5000
675
9665
26
5868
4819
6787
9852
5759
3599
6140
7084
2131
1619
1202
6713
4621
2641
2071
7376
1421
5210
8150
7890
3215
6840
8979
606
5187
2708
1442
1324
2649
5741
6843
8279
9264
9521
5575
2956
661
7039
6624
513
9642
3259
1542
2846
7913
4217
6850
3768
587
8463
473
4292
3420
3157
7905
2787
574
8052
8243
9091
3398
493
3045
8239
9287
3975
1709
16
1716
4651
1248
9904
5745
4221
3469
5380
8759
509
8133
5783
9658
3227
6098
1289
4673
6537
7677
2195
2514
3905
7308
7254
2915
6887
8470
463
7541
1692
7458
9127
968
2158
7241
8214
7283
5026
8299
7112
9393
4811
867
7661
2827
1313
5940
1057
981
207
7694
1676
1608
354
1340
536
5523
9796
6107
239
4561
3004
9851
1258
3271
1630
6467
3471
2255
4593
9069
5442
7004
3903
1623
5124
137
195
4456
7592
9253
8307
1145
2455
4348
5207
986
2326
6227
182
6853
9710
6438
5089
2367
1856
9224
8238
8080
4958
6437
931
9258
4082
9368
965
5097
8088
5199
5723
8184
8028
1235
730
5892
6396
9108
3775
8066
9094
6709
3514
5176
2696
1803
8622
8536
4256
8297
8262
9508
5077
1561
7276
6791
8637
9874
4953
3202
6762
7016
3375
4713
5178
6142
5220
7919
8918
6729
7169
7804
9375
5369
9269
8956
9945
5804
7216
9141
4804
8538
6789
6236
1056
5687
4060
3985
3660
1761
301
4103
4986
3557
2543
5989
844
4745
8545
4999
4015
3127
1213
4928
9879
8109
5112
3388
9574
6198
8172
1061
650
3845
782
6610
6340
3843
2744
8433
8194
2319
2493
6231
8896
9719
4467
4383
9355
3690
4622
6224
8369
2849
8020
9159
6297
1938
9705
6905
4989
9536
1992
5239
2651
6935
4876
927
7032
5396
3052
3389
3971
5050
9765
5013
1380
5437
1956
1863
3554
4705
2396
7918
4995
266
2845
2129
5859
4668
6001
6453
3489
3373
5796
7825
460
2571
1305
6401
8494
7624
5722
9576
6771
113
2994
6558
554
38
162
2269
9703
7738
6892
2910
3590
3796
9612
4412
5087
9791
6736
8693
967
1677
623
2913
7162
8549
2263
2736
5956
8743
6345
897
7536
6804
655
9157
5189
3348
1851
3498
4748
5436
2983
8353
8739
7810
8781
9104
8360
5337
1101
5126
7647
9952
8174
1426
2427
8845
1697
8364
8929
4045
7067
8875
4764
6767
6219
597
4164
8663
9827
2702
9183
5039
3856
9802
4104
8126
7307
185
4230
7137
9948
1413
2029
7111
1978
4549
7240
8625
8034
615
6572
9436
9330
54
8608
8947
3778
1175
8534
9426
5620
6504
4438
983
4416
8211
2567
1769
5621
8209
5749
4966
3594
6059
7685
3801
7878
413
9923
5306
9746
6149
7085
9883
6695
2477
1888
3312
2993
9764
5459
9328
7339
8829
7202
9079
1626
2783
1553
653
8473
865
2538
1410
253
9294
7780
385
3232
5943
3519
2082
366
628
8424
7584
719
2216
7800
4987
944
66
3876
2753
4812
781
3931
4253
9820
7820
7942
9684
8261
2123
4775
7355
9967
92
6060
2273
3170
48
6697
3090
945
6259
2560
8487
4245
5340
1306
4439
9717
10
3213
8317
1378
8070
2190
2561
7859
7649
5732
8134
1960
9186
8282
6578
4134
5104
7558
5253
4530
4792
5188
1501
165
6957
4382
5382
9652
632
3496
3079
1434
4837
1964
7835
4223
5154
1842
9608
8406
212
4098
3458
4914
5092
6265
2162
3158
681
6381
2449
1930
2107
452
9351
6256
5850
340
9767
1272
52
4768
3044
3672
6262
9711
7481
4885
9434
5501
4267
8684
6148
1136
2013
6961
5545
2050
3934
8327
9180
9241
7686
4206
9512
2161
4997
6783
4384
4333
3882
5315
7880
5559
4557
7521
3272
1649
2650
3549
6872
6009
872
4271
4770
7142
3540
4243
8607
5907
5317
8866
9933
7989
5276
4432
6830
8635
2228
8764
2536
2531
3049
3880
5702
2997
7931
5743
1206
2365
7021
2614
553
4022
4482
9898
5294
2434
3833
8572
9428
5364
5576
7714
6488
149
7046
7383
8938
3912
8959
1457
3605
5572
5772
9539
5913
8304
7912
3478
199
477
8003
9324
99
582
2602
8984
7447
4240
2706
9361
4787
15
1214
2851
4178
6734
8644
9887
862
705
8249
6908
154
5895
4518
3071
3827
9725
3007
3865
838
6794
6806
5329
7193
1387
6365
9364
1333
6479
416
8960
7671
2884
4321
3066
4319
6044
8422
2615
1699
6907
2852
8551
4129
1587
1893
3628
5129
5082
6420
5762
9250
3219
5998
1001
7542
5392
4415
4146
3374
2986
3343
7932
6194
5901
5281
3250
7219
5578
875
8832
6255
3130
9869
3193
5806
7353
6781
5611
2583
5833
9607
1062
926
4244
8858
2265
3793
2903
45
9644
918
6126
5990
8730
4259
6441
8550
2920
3012
4740
9128
9227
7776
8092
3356
2965
9980
9999
8275
4929
8464
5954
4903
7038
6720
7630
3047
4691
6898
1659
8986
6143
72
3341
8206
6757
1575
6893
7377
6855
8886
3243
8497
5564
8540
9501
5145
5033
8747
190
7794
2824
6510
1148
4465
5231
8054
9296
1159
1488
3930
5006
8426
5277
333
4969
7767
7676
8760
4742
9022
6511
3146
2005
9511
2159
263
2463
1727
7833
9446
9432
70
1467
1445
5805
1914
4800
700
7057
4755
5300
8100
9177
1115
6104
5314
1799
3147
7578
5802
4442
5018
6051
8290
8782
1130
7196
5384
6910
2911
2616
2582
1071
3505
8980
2334
1687
1096
6273
4582
1599
7863
31
2978
9661
83
2652
990
8736
7496
1653
9734
2985
2833
2874
2586
1611
9034
3238
3364
306
1872
6430
2673
7362
6952
2008
1022
8970
2732
3946
3299
5590
202
7118
4759
2222
7741
5463
9033
2515
3942
4959
3649
767
7429
6212
3847
345
2003
601
3135
1706
4304
3633
1165
5345
7639
6859
2433
9214
7595
3718
5513
3422
7683
5721
6053
6103
720
9380
9043
516
7626
6280
9803
8222
6508
9344
1295
6999
7176
9444
3223
3652
3116
6298
3545
2420
4926
1472
8848
6662
6322
8110
6168
4523
6744
8539
6878
789
915
9865
7245
2667
305
4934
4746
662
2678
1141
9317
5445
1281
5664
6582
3753
7751
3917
1424
7252
3328
2653
3951
6110
1977
250
9154
5710
8618
9637
4822
9558
6969
2197
5118
5492
589
7279
9166
2001
1396
7920
1355
1874
1885
6343
4428
9336
1189
6266
3128
9806
9042
1325
2349
3104
3165
9548
9327
8923
5643
6630
6517
8491
3926
5854
9063
6279
3131
2283
5339
5302
1496
8953
8143
1437
3322
7227
8075
6799
7688
4209
7651
6076
8182
774
8833
90
5789
1786
1912
7573
521
2926
4692
919
4112
3208
6805
4184
136
4346
8583
4236
656
8542
8808
8207
2524
9679
1670
6909
5131
1266
9690
8726
4890
6829
8636
3698
8665
8945
406
4081
6096
3366
2105
1581
36
495
4817
941
8186
6864
854
9639
5662
1264
3260
7110
583
117
200
3360
5997
8065
6074
9121
9125
3467
4824
5835
4371
7947
5378
3064
6399
5933
430
2395
7962
2409
4938
219
2430
1232
8881
5622
791
7908
5823
7065
5327
13
5977
7581
6877
308
6956
7979
169
5311
7697
9965
8193
9431
534
5765
1641
8212
2857
6847
4216
3123
1364
4595
4318
4834
8563
9194
6882
3316
4649
2776
6548
6932
4576
3989
8638
6476
4130
7126
283
4200
1827
3764
2342
6019
3081
5999
8561
4652
5645
5586
9367
7015
5290
3780
4377
395
5236
6998
5386
5525
6021
3810
2300
7154
2022
2755
9205
7821
1259
995
7548
8810
2170
4855
9613
233
7637
9713
9265
3821
8151
7058
3591
2976
9602
3314
1138
6458
46
2842
1834
5554
424
2377
5305
2695
7640
7607
1338
7438
3279
7728
5338
4506
3236
6832
5879
6344
6312
4983
856
106
6431
1361
4355
4315
8154
4248
2904
5416
6775
4718
4695
3050
2445
3325
2426
7968
806
9668
7929
6779
3589
5644
9401
1901
7553
4923
2551
5635
4356
5857
3200
5691
339
6232
5196
6921
7474
5504
7740
4970
4779
8323
6505
422
5011
921
4418
9523
5028
4542
6651
5381
5213
6568
4813
2639
1328
519
1052
62
8427
6089
7924
4376
5767
6960
2566
3431
4137
9694
2140
1066
3423
4843
2221
1327
4605
3536
7851
7500
8219
5278
9600
3966
1656
5812
1662
1991
3277
4226
5468
1091
3613
5071
5871
9435
9646
6309
8063
9405
853
2041
4295
1781
8291
3376
7601
2748
9232
8164
4142
448
9309
6982
5318
9823
4864
8492
5022
9078
7758
4370
8392
1538
451
9750
1805
5074
8630
7
391
9221
2998
6784
6260
6966
8441
1782
7952
1557
2325
1657
6683
8543
2777
6749
627
2895
1579
566
8825
1432
4829
2059
3332
6931
7033
3551
9394
9876
6179
527
4978
7732
5204
1082
711
7442
2182
3377
2818
9158
7073
6600
7177
8220
9977
1911
6299
1753
1754
9832
4387
5063
1203
593
736
4733
5208
9150
3976
2328
1330
1460
2534
1225
7623
1574
316
7574
251
555
6091
3503
1218
371
47
6995
1085
5727
6084
8250
6723
3483
2277
14
9313
2275
1303
2254
241
8890
2251
8021
7916
7841
8289
3643
1806
3684
4503
9326
4573
6139
5580
497
5263
8305
7992
6875
8656
7323
3548
9509
6301
1864
608
4208
889
8127
8913
1044
599
1512
4039
5123
7317
8883
9345
7935
1035
9702
5740
6444
7673
455
4683
7605
9073
2310
1393
9940
8662
9907
6382
9595
3634
4064
9040
4913
7755
9218
2598
5569
2853
3691
5418
5037
1402
158
6594
8587
6181
2405
9270
5001
1473
1896
8006
9052
9968
1292
2763
2944
9937
3513
2544
6706
1996
9889
3122
5689
6570
9738
1723
2446
3461
2333
5827
979
4335
5003
5844
2095
9465
637
8129
6228
2057
8284
2634
3262
442
7926
4991
1918
8420
5677
3525
3908
7105
3762
2135
1909
7135
6359
6817
5070
4301
3251
6078
7712
7374
9420
8559
8586
8897
300
2248
3298
9552
1243
7915
2438
5191
4160
9494
3776
9293
2663
3555
7445
58
906
5961
1695
8023
3961
4297
2063
2130
4444
848
4712
9251
9625
9970
9917
1945
6902
748
3860
2607
6012
5885
408
7691
2648
5964
9744
4927
9370
9848
7998
8558
4609
2180
2497
6823
2876
2781
1597
7195
1987
7812
8351
9561
3687
7061
214
261
2467
8742
7727
2578
3858
1973
3089
314
359
3337
6316
3119
5498
1020
7043
3244
4618
7364
7723
8488
2886
1021
5137
9289
9164
8199
2811
938
2051
1029
6635
2917
5866
5809
7080
6234
5846
2523
8724
7861
9356
4413
2264
2286
9338
9926
9143
4
437
4827
7721
7815
8531
679
9942
196
8729
9106
4821
3929
2077
9850
4041
1409
6130
237
6668
8015
8705
5086
6811
362
8084
5616
902
6959
6536
3855
8435
7742
5229
9913
1283
4174
1504
1465
2144
4051
6055
5733
9587
8099
303
9230
3676
6160
7333
9487
745
3809
4626
6703
3400
3507
1278
567
421
6573
1972
7864
9374
8978
9557
7690
3561
7385
4219
6722
3568
4801
3911
7849
7744
1439
1703
8908
1423
1524
4125
910
3706
3981
6667
5592
5941
4900
4611
1453
6964
6483
3067
6251
5481
560
9261
8312
7944
9381
8137
2679
111
7470
2136
9433
4564
4083
8362
9529
5949
8029
5181
3597
6367
9156
4392
8906
2370
5432
1890
1105
7079
2847
4968
8324
7403
7709
8204
319
9916
2640
8789
6958
9700
8878
7877
7310
4954
6649
9255
368
4144
8756
2348
8467
2413
7782
2468
6639
8350
4786
912
1291
7272
2369
1545
2215
4429
2790
960
3892
773
4393
9747
4501
7936
6865
3065
1494
5365
6759
1573
7490
4234
9474
8780
6939
3940
1550
1495
5385
5091
4309
1696
3107
5699
4758
7325
874
7996
4455
3190
7482
2809
8303
695
3939
5960
1116
2664
7850
9708
2856
9525
3151
3607
4647
4367
6308
3502
170
6404
5909
6047
9934
1941
4310
7785
7576
4167
9080
6006
3024
5254
2253
3501
8226
7546
7681
8468
3164
9981
7761
9780
7965
5270
4089
311
4606
2384
6267
4531
7246
6375
6686
4948
8446
4661
7990
116
9623
7006
1993
4354
3539
9748
6427
6712
8926
7233
6836
7528
6607
3663
6601
1382
9064
426
4945
3351
3035
5449
226
802
6571
4451
2643
6666
9488
1551
2873
9175
772
1949
757
7606
7302
3476
1719
6481
1720
6101
3581
9894
7492
5497
8535
6145
3368
759
192
4046
659
9951
5122
9070
7766
5076
7698
294
6716
7954
5829
5456
5551
1879
2393
1223
9672
343
860
161
1074
8177
3269
3962
8120
2355
5032
503
6112
4024
3714
5430
7003
8281
7985
1655
5328
285
980
721
6965
2940
2220
2414
6634
5914
4881
8025
5870
7295
4390
4976
2604
3993
9906
3424
8263
8828
6718
4373
4868
2362
8672
1363
8815
5582
6886
4554
7469
4784
73
3901
4433
5354
9862
2746
5775
5634
4068
1111
8144
1053
7994
8855
3429
8681
3645
2069
6625
3668
1915
3859
2498
7551
5988
5014
1030
2087
5814
9363
6257
9958
8826
811
9072
1848
3204
5179
9236
3194
6694
4287
174
5047
3670
689
1532
1854
2401
5446
6801
3642
6171
3056
6033
8802
3600
8564
2612
6064
3445
3758
5387
6754
496
4728
2503
7674
2684
3077
8225
5669
5825
8787
5111
5222
4832
7311
7967
2479
8616
1682
8436
4260
1245
6701
8930
5795
7615
1600
4825
4747
6646
5059
8375
4445
7941
2661
691
647
6691
3853
49
4437
1422
2049
1498
7150
3986
8914
6370
2963
4324
9534
1774
1582
3477
434
7855
3184
6000
9551
2238
481
4707
9133
1989
8573
8612
3245
7763
5753
7185
5587
2606
595
4628
7604
6278
8783
3154
8071
2125
5375
7155
9459
9228
9624
289
4580
9794
1537
4435
7811
3416
4086
8237
1925
1250
4094
41
3419
9493
5750
3480
1625
1171
1265
3666
8699
9292
3879
8383
151
4738
5972
9202
55
4940
2941
2629
866
6918
5273
4157
7803
6653
6422
5601
5106
3805
4215
3100
3444
5747
7477
580
3290
5177
2276
5864
3015
9687
8196
6863
5552
9662
8093
7139
5388
8268
186
7165
4462
1347
605
8610
2023
7980
1174
397
2271
7363
2542
9532
4627
5413
2466
3350
1708
7817
3404
9274
6730
8314
8057
87
6714
3392
864
6492
3830
9071
1777
4639
6591
9362
6785
5219
4492
8574
8485
8927
581
6677
4791
5786
7585
2410
9249
5973
8597
3430
2233
1346
8416
4058
2728
3294
643
7949
3521
2754
2400
9792
5414
3584
7341
1865
2495
3624
9484
801
3055
5251
1224
7342
194
7715
9112
7091
3944
1749
8486
281
1988
1638
2036
7518
4931
4780
2687
8710
4751
104
6975
4426
9745
1132
7969
4879
231
7334
8820
7838
1547
8379
4080
3022
2308
6983
3990
327
2203
3139
7191
1931
5735
2980
3864
8590
9653
173
6334
5917
2731
1314
684
2235
4394
8921
352
5916
5249
2214
6348
232
4457
4328
1533
210
9565
7999
4421
6825
8841
8095
8648
2169
4419
8163
6726
9197
4697
2900
8277
8499
1602
139
5141
3258
360
6203
1861
1998
6773
951
696
8334
8556
1064
8716
727
5591
7275
6756
4796
5297
2280
8606
744
8264
3291
1155
8062
3878
1954
1087
1515
6173
2773
3979
312
8189
254
7300
107
7324
9545
8208
7030
1405
5012
5647
8244
1428
8145
8676
9712
1277
2548
8628
6914
8361
4774
3749
5256
8002
1583
3488
2141
2492
3601
4781
208
9448
8941
5295
851
367
5510
4562
3602
1369
1838
9918
5
1928
9076
3727
5958
2609
9152
645
3699
3916
3466
7498
9198
7945
9649
1302
8765
5206
8505
2547
4906
9520
1354
7788
8267
9170
2441
5819
8992
5714
3226
974
9341
1372
3646
4222
1948
894
4298
6704
6276
3868
6138
9718
6622
6687
6161
5534
2733
1530
3752
8527
4194
9507
4893
6868
4351
523
2121
4798
6352
147
2290
7713
8255
9843
8683
1955
4154
7793
1663
5406
4197
9650
5641
5865
5516
3229
6743
9339
2079
8643
5666
4614
7329
7897
9688
8402
2443
2126
3994
6028
1121
1701
8571
1820
7483
8887
2819
9050
9061
761
9706
1049
5275
6659
1308
8224
498
3319
4140
7560
6816
5201
1862
7568
4540
1634
5884
8548
6933
377
2483
9669
1344
9056
2671
9549
3197
1031
9252
5538
8714
7799
264
4300
9153
3956
1669
8022
1092
4181
8493
5808
3910
1824
4241
6288
9323
3303
3230
6346
9497
2989
5843
8377
9772
5331
127
3181
6152
8469
2601
6440
4288
3639
5233
2417
5563
4635
4278
2461
6518
4427
7070
3203
9971
6901
6134
3001
5678
1090
5915
2721
6638
850
7463
3811
9826
6020
5709
3446
2638
3991
5834
8877
4898
7138
4020
8680
4489
4594
7719
2435
4685
4007
6319
1450
8840
3275
9332
8652
3342
6780
3378
22
820
943
8506
2249
4486
2440
4185
5603
6190
1216
7771
2266
3085
2153
3201
7805
8202
2740
2299
152
5981
7903
6930
5779
4723
3028
7178
7053
3383
6335
3016
8253
4818
1589
3300
7787
816
8477
9627
5839
2778
4136
7293
4930
1180
2019
5237
9038
9805
4701
4026
7312
5828
168
9441
9114
836
2914
8870
8382
5203
1458
3020
8912
1826
7982
6814
1648
2765
510
7675
8954
2812
7260
7875
6941
7166
2584
8679
4422
3231
1455
6497
6281
5840
6761
4658
1771
6798
588
5190
469
4363
9005
8667
8816
3282
2749
2399
9836
3264
9818
9634
2912
7768
7309
5655
1804
2086
1490
6264
6994
964
1119
255
6972
3432
7535
1383
5657
1244
4508
2626
7627
7506
476
9308
6081
411
1319
5818
1194
6515
8861
2403
8074
110
4657
454
5262
5252
9014
9437
2801
4207
9691
2422
8221
6917
9998
4961
8418
9475
9111
1089
1763
6295
6849
4553
9160
1627
4777
4924
1593
790
7837
7292
4509
7210
5325
2784
4385
4454
1873
5109
4289
4915
7194
9995
7440
9300
9864
4911
4572
9213
2864
5540
6094
4013
3281
9798
7544
7172
7291
9677
227
4151
271
6577
1768
3995
9959
7781
7816
1904
8649
9449
1548
5584
5114
349
6614
4939
2339
1493
9606
3355
361
9031
7428
3401
2618
2156
3403
8554
3638
8139
5127
3674
76
5069
4527
4078
5441
420
2341
1464
4634
3133
1887
8836
7598
4076
7881
3305
9648
3186
3781
7060
8187
507
631
7436
8709
6421
2863
9870
5429
2510
5625
4330
731
9093
2004
8388
4571
4579
8128
6432
5615
8749
5970
4679
6514
4568
559
6679
3384
6752
75
7705
7416
5477
9184
4423
6464
3192
4696
5409
5877
1950
4466
7358
3952
9619
5851
8553
4031
3009
2525
6839
3697
6968
6800
8308
8058
2624
379
2796
839
3323
1229
1032
9066
5472
6810
6844
5405
2690
3418
2288
1068
847
74
6111
7892
3636
3744
7752
7012
905
4671
1603
7530
819
4032
17
9807
5079
9103
1738
6498
2870
2301
2090
7055
135
9223
1406
7409
2061
9222
9060
95
5242
1926
4057
2741
5299
1691
633
9518
3921
3324
1489
808
6109
8609
9757
5085
4760
7288
329
4810
7019
7232
8228
6688
3837
7730
1481
899
1037
8867
9756
5801
3036
932
8296
5638
5920
715
7842
138
6990
277
4410
2076
6684
8509
1228
2270
5763
512
6321
7446
8399
9762
4536
6854
1555
1606
8524
4325
3948
4061
3142
6253
9074
7125
1689
2835
5562
883
6261
7960
2075
7925
1905
412
7583
4516
1256
3659
331
9555
6888
2028
3724
2122
6715
1541
914
7222
8809
8685
4650
2935
4069
7093
4633
2494
3410
4365
3694
5395
9148
7122
180
1309
5240
3569
6860
7906
2579
752
9483
2459
3169
7898
1793
8792
2471
9140
9760
6903
2923
3069
2187
543
947
490
7188
2605
8368
1236
8508
815
923
4464
9546
302
5342
2779
3925
6031
577
5053
3632
5996
8532
5244
3026
3386
6894
8293
4195
2820
7784
2209
1102
1604
1937
3535
9698
2509
6924
2934
3861
4950
6269
3658
5015
8179
2163
9506
5135
642
109
7638
5399
3059
2657
5577
3452
1959
1900
5084
7650
5976
8171
846
2881
9572
8413
2726
5370
9298
5567
5027
7164
3105
5673
7356
5099
8700
7040
7957
562
3825
2428
7127
9720
646
7431
2261
2062
9075
160
9927
8232
4407
105
4534
7484
9946
8044
5349
1722
3106
1233
2423
8500
6428
382
7134
6184
6249
869
1521
3570
4806
3240
8882
9524
5503
6831
6480
949
6243
375
7449
8518
1269
1899
1668
8191
1665
384
7923
9190
5553
9510
2340
1907
3750
238
2421
4343
5312
6336
952
389
8796
6377
4631
3335
4145
3577
287
6213
9314
2292
7444
2960
5202
4883
1598
1331
4115
5423
7251
1544
7400
4998
8604
5389
2010
5659
4584
5832
1483
9174
1065
6446
8640
5438
6896
9877
5599
7315
2201
2829
2239
9352
9456
6465
2324
211
7660
3115
5309
3263
2981
203
8552
652
626
291
5820
9335
6468
1310
6657
5359
4436
9809
9570
222
1120
9354
1728
4749
2597
5619
177
1789
1721
7297
7099
7182
1891
5813
9840
2730
3875
4700
3588
1485
9893
9779
2210
6920
1997
5701
8704
7963
2768
386
6900
1981
2213
784
4358
4511
341
6176
9810
7602
6955
4577
8046
6738
10000
3838
7048
2295
1698
1746
6043
8339
1922
6669
6325
4059
8411
956
3819
4100
7301
8722
5769
1240
403
2554
9021
2092
1356
4613
6641
5730
8049
5146
6499
2078
2868
5415
3407
2585
9392
296
6997
5695
5495
3412
1650
978
9902
886
549
8405
4126
2953
3992
7491
7956
7478
9681
1796
3547
2392
1449
8349
6327
7412
3255
1667
9660
6400
9956
1968
9897
526
7938
9569
1215
8335
5860
358
2568
809
4361
8521
1108
2469
9350
8117
4545
9023
3220
5125
9618
8880
6751
5156
3225
2470
2155
5524
445
685
6307
2322
4247
2034
4795
6929
6758
1979
9701
5142
7148
5113
5264
119
2933
323
2655
7316
6979
2645
7287
6827
7537
4299
8847
9842
2825
5974
7352
6254
746
4840
1137
3276
8056
5509
584
1535
5893
4483
1681
5287
6202
6137
6948
4653
9728
3720
8830
2219
8813
4293
8859
431
9007
1635
7424
8009
423
1011
9439
6574
1095
429
4641
6760
5948
1399
6114
9589
4033
7153
5366
8259
3518
3799
1536
3508
6782
7927
401
6080
5931
1509
1389
6129
4331
7961
2451
7749
9185
8910
6807
8560
8310
3692
332
1733
7970
1379
6306
3648
8968
9120
9578
6880
9307
8857
9366
1222
8903
7645
3372
6075
441
8526
2487
4726
5376
7128
2751
5880
1337
8254
71
8198
2375
2416
5134
5739
616
6425
325
6350
9915
8575
2611
9685
8060
7937
3304
3610
2194
3093
4592
9821
3701
4117
2389
4814
6439
2306
9173
1275
7563
5502
322
4680
756
3205
5642
6949
1113
5499
6025
9
603
9495
6300
9522
1577
6362
9485
4550
7633
8688
3731
7547
8824
1475
8799
9973
6240
475
8156
5536
121
4548
4992
3846
2541
9155
206
6581
7770
5726
3824
6626
1088
4533
831
9089
8507
4727
5279
3520
1454
6561
96
465
8520
7711
3509
1846
7121
8026
3593
6289
2808
6986
2245
1858
6981
7390
969
4910
7978
9785
6147
6317
9424
1415
9663
8562
4084
4894
5269
8140
9585
8170
1427
3265
9211
3784
8115
5925
3885
1147
3700
1802
369
7843
1974
2119
6828
4073
6619
9604
1757
5838
7508
8018
3046
8366
8768
1168
7922
557
8459
2794
4670
8843
3280
2056
6777
5962
7888
6985
1362
984
3206
6287
573
268
2535
2390
2356
8523
7116
3321
2424
3237
5474
5215
7163
278
5307
9671
5612
7018
5533
3132
3252
5324
2682
8005
8103
3515
9450
4563
1502
561
2891
9721
8915
4336
1478
1969
4601
400
7739
9489
4275
1868
9360
4874
3974
3783
776
1482
2999
3417
1519
153
9614
6469
8733
1585
2627
8522
987
2922
2977
9816
2735
7827
7774
5046
7533
7322
1916
5633
2821
4899
1285
4108
6475
1783
5793
4736
9590
641
8423
252
732
2883
1249
8340
7395
1940
930
132
9201
6226
1072
7807
2826
8900
204
8619
6183
8804
8430
6125
3543
6200
8195
5983
3959
6496
446
4678
1766
220
2257
8920
2351
9838
2096
7159
1995
7239
841
2478
3957
405
4763
3494
2332
8130
1117
8818
611
8504
223
175
2588
1540
3983
2955
4375
1780
594
4386
5286
4345
4831
4919
2587
2546
5284
5771
7700
8751
6357
7338
6953
1647
8911
9302
8295
2157
4790
1594
9503
59
2798
7086
9954
3806
5360
2397
7024
3210
3526
7644
2569
2676
179
2313
6765
8874
7501
5198
9541
8481
669
1429
2091
4286
2662
4302
9743
7724
5383
3367
3414
4306
1902
6648
5906
5440
2456
8227
274
3352
9191
2185
6776
8359
7022
2508
934
2988
537
8557
4463
9462
6332
7343
4608
8031
1958
4326
6608
5293
8274
8987
7192
7993
4411
1343
3523
6250
1039
6106
7901
4776
3891
310
6927
5847
900
2033
7505
4380
7933
7017
5352
957
9123
8546
8898
3533
9386
8396
6740
9212
4558
2371
8995
1815
9018
7027
5980
9196
5848
2810
5824
4830
6745
4946
3644
5985
7304
3967
3571
6934
4901
1812
2046
8727
5227
6766
3285
1705
8068
2329
2018
9547
7692
4646
4767
5372
4507
8336
9376
6584
6403
1631
5971
1237
7075
3637
6612
7893
6919
7361
3239
1381
1270
6338
2739
7657
9890
9208
8621
2188
3677
5487
5494
6384
7753
1505
9480
1883
3124
7143
2285
4882
470
3662
4018
1230
6516
5462
8045
5589
5308
6867
3998
2335
989
3685
2692
522
8478
5045
5550
5776
3309
4409
9109
6291
7921
5821
5473
2450
3212
500
3357
3027
8579
2411
5855
2048
7056
9976
786
4537
5431
7268
1690
783
812
4693
7181
37
6230
1339
7693
9528
9599
4250
77
6764
7298
8657
8257
1063
1198
1013
9611
2758
3763
6987
2346
122
7896
9171
1479
1448
6710
8395
142
19
1571
258
4895
6451
1468
6857
5480
193
5052
9117
9715
1073
3268
89
8967
7577
6988
9947
8490
1374
6252
6290
6609
8620
5282
4617
1828
123
9461
2698
1484
3491
8475
9325
8748
7750
6099
8661
6721
613
5061
8393
2207
9505
1016
5173
5081
5094
3531
4349
842
8646
8124
4552
4303
9110
6717
6229
7285
4027
3947
6637
3504
6916
6466
1612
2954
2386
5764
7844
6613
6065
6394
7460
4401
6462
7280
479
7765
3527
8964
4449
3902
823
1713
5530
1910
5353
8691
9310
579
4121
734
769
8537
9139
5537
9359
8917
4905
5656
78
3689
2278
7562
5718
320
20
528
8051
2785
143
5713
8611
8452
3191
7437
8999
4008
5038
6353
5476
3818
5571
2880
3143
2505
3011
8344
8076
833
8907
4087
5685
5556
4047
2683
2528
8301
9774
9268
4468
7147
3612
6108
4067
9342
6459
8961
1637
1636
5602
1301
9834
402
9039
3183
4710
3857
5157
9113
5058
3307
3881
5715
1127
6557
5489
7318
3439
3717
7249
9846
7867
9626
5631
7228
5224
1558
3500
7789
7565
5780
3159
1517
7455
4599
428
1126
1208
9136
2613
9651
3576
6636
5066
6937
3468
2823
4916
6406
5235
4481
4739
6402
1288
7608
1785
9498
1043
3094
2686
775
6991
5756
1898
3653
5285
6092
4977
2279
3278
432
5363
7747
8990
4490
8772
6973
9304
9220
4175
9472
701
9346
3512
2202
6172
4596
590
3339
8660
6355
3769
2223
5158
4867
1150
2106
3148
5700
7186
1492
9090
7631
1666
3754
4048
1411
6654
6124
284
9628
7722
9077
4610
6506
2484
7515
5583
4251
4514
716
635
6700
4474
7465
7731
3854
8027
7955
5881
4988
5194
9244
8090
6796
3399
8300
346
7579
4737
8994
7682
9581
3134
4202
8962
7475
2274
1570
5450
9343
6655
5706
5872
1296
2211
3823
8737
5357
3450
8181
6237
3534
6846
2366
125
8425
9886
9046
7267
3354
6294
6500
1047
5323
4000
6056
3167
2021
7226
4124
2550
2032
6386
8624
2670
1462
4035
2133
9932
925
409
4623
2769
8797
8047
7042
8850
42
3932
1154
7529
3683
1297
4984
739
2576
8017
4886
3923
4043
8741
4565
3005
18
8146
12
5034
5351
8770
1287
6326
7414
5897
1882
3441
3266
6445
9427
5858
5993
33
3736
2137
8448
8634
3671
8746
9279
4460
7974
8401
5483
