3123
9466
4706
3424
6396
8638
9732
6003
6416
5328
3362
7458
2787
242
6741
4289
8792
7071
8322
9980
4389
5073
7450
8399
7051
6495
1817
351
8724
311
9890
4583
7528
3219
3393
8172
6871
8285
9838
9131
3888
5618
9601
8212
4647
6488
4417
1010
1858
421
1328
7219
7184
7266
5784
1880
7407
5723
7327
9757
9990
2150
3857
2979
6628
5763
6554
2422
8035
3277
2898
5777
5799
8609
7844
7187
4195
718
953
7476
1723
3371
3146
9791
7026
5589
5005
2845
9072
425
3902
1117
2003
9019
499
1724
3573
1262
1480
8565
4476
7933
4800
1736
5667
6571
6484
3684
3771
4109
4907
7016
2501
9212
3992
646
7392
730
7338
9901
7961
4886
9998
9484
5278
8391
2219
4226
3498
349
7591
2675
8988
4239
3637
4840
5921
6490
8067
995
7599
6597
9527
6598
9014
7297
6820
4761
2086
6568
8530
8047
8754
7379
2331
1889
4577
4602
9776
2119
7343
3924
621
3451
9098
3554
3565
546
2028
8195
6614
840
7879
8953
5804
7062
8351
2830
1334
5004
3593
4696
8542
8289
3519
2613
2261
9275
1153
9481
5253
8254
1325
2464
1716
4615
3538
6284
79
9562
4203
8053
5088
7117
9417
3959
4158
3685
8814
194
2151
4938
9908
6336
721
43
5609
4913
5052
3085
515
3603
5675
5274
8109
7605
2570
8255
996
9509
8469
3201
4048
3724
6794
9443
5826
9287
4406
9057
3786
4403
3039
5297
8186
5740
5354
4118
328
2091
2173
5140
6355
7093
1771
5380
2880
8872
8219
6041
5907
7975
3912
60
6210
4769
3830
751
8415
2100
6536
9965
9493
9661
9248
3395
7029
5010
3073
8557
1887
7837
3575
6851
3903
2539
3720
2068
4352
4992
2089
195
2884
4156
2752
2327
3375
8014
6624
5326
7762
5299
2768
775
3364
969
9087
7073
3967
6699
2114
1088
5571
1593
1719
4533
4654
1803
2302
5769
2423
9229
1565
1628
5427
4587
3933
4031
1766
2928
5662
8510
3872
8036
8882
2957
4617
9048
6601
147
6301
3344
9130
2519
6262
7481
7
5092
8890
1171
9638
3623
562
5842
9992
266
573
4621
427
8661
1953
7294
736
5653
5558
4555
1525
5257
3163
7461
1086
1440
4303
9700
7565
649
7059
2320
4465
7108
7133
2224
8074
9953
222
5546
3807
610
2405
9049
3591
641
6109
4430
8505
9788
9654
5831
5313
6883
771
8051
5972
3731
4599
5678
611
8410
4001
9958
586
8026
4445
2371
9751
2872
9555
7692
6349
2365
3023
5929
1671
5761
3682
2412
4052
4923
4918
5677
4561
1035
7597
2907
1986
7269
4830
2735
1337
3824
3927
4365
9628
7739
9536
9849
6354
8618
7265
971
1351
6811
2976
7635
5928
4318
138
4594
6170
8735
2049
9324
8486
9894
1820
1200
7609
1522
121
4590
8873
8685
6410
2396
9873
2543
8765
918
957
8297
7818
2861
8976
2358
6393
1130
2932
2276
4388
7146
1488
8519
6312
7538
3974
3602
1970
1128
7710
1595
375
3953
3184
3592
9053
1419
4492
4342
7814
8916
3033
9659
596
518
8302
7912
8176
7983
2164
8779
8292
1470
3935
232
3460
6998
1235
6209
9623
8447
506
4332
8009
5879
6956
965
1938
939
208
99
5122
550
1932
7670
8485
6294
5115
2969
7849
4600
9378
5536
9438
9301
5919
4460
9155
8825
1067
1033
6543
3590
9296
3303
1271
2447
9312
5021
6770
3666
9516
9242
3911
4163
6098
8317
1599
6978
2798
341
4028
5294
9576
1550
7369
3077
1922
6071
7540
8599
9731
5188
994
8243
4909
3627
644
5568
327
3032
4864
3412
842
31
6698
9579
3457
5152
8149
8812
1141
4741
5495
2037
6942
2800
3937
9190
5711
3994
4308
6658
6548
5651
3669
6150
682
5339
6107
2495
6012
5869
9621
5447
7649
4814
6609
7657
3391
6194
1987
9492
7103
872
3286
1120
2756
1187
2622
5793
8256
7068
1855
7421
7842
8944
1315
8628
6395
2085
7860
3359
6492
463
2569
6266
74
6176
6583
8046
3711
4335
7126
5250
5275
7170
7499
8986
1411
4553
6705
8743
6900
9888
7586
9015
720
6322
4488
6248
7776
2211
5816
7384
9277
3410
5430
1661
4850
6618
1505
7541
4349
4079
8301
303
3615
3961
9765
490
2680
792
6951
9977
2408
9217
977
8366
5806
7503
53
8406
8295
1278
6174
8132
9269
7979
8518
5238
6267
559
11
1597
2677
1312
733
9339
5385
3928
627
7747
485
7069
7428
6937
7904
9191
3139
2985
7956
1233
5396
8168
4882
4947
6452
8371
5857
2390
902
9486
9988
8124
4984
8943
3723
6884
7249
8805
2552
6545
4067
5644
8205
1438
8360
3437
880
4214
5577
3622
8189
6413
4698
6668
4848
7518
5756
3319
2265
3026
3030
9434
1769
482
5317
2362
7535
3803
9865
5247
1705
5899
8197
750
6626
2587
8398
9923
2646
6840
7032
7226
7639
5650
9747
2485
818
6574
6796
4315
5121
9036
5790
6348
3447
1979
4977
6299
6848
4021
498
9961
170
6447
3860
9502
6916
7972
9428
1600
1924
6390
5582
5024
1228
4435
9408
8866
4387
7460
9330
8097
6372
3110
5319
4576
4979
2330
3140
1925
6882
105
3366
8902
5794
7737
9556
5805
3015
2860
7730
6510
1135
5719
8380
9125
6056
7320
3835
5802
5601
9203
985
782
6457
4354
7389
8887
9825
1514
422
1431
8592
8426
4395
2660
2722
5564
3369
9195
6253
9739
9635
7892
6110
3600
1622
8733
5054
1091
7171
9426
8095
8362
7140
5734
861
7365
9249
8198
8188
6155
1623
8443
8625
6230
9759
5315
3336
4490
2157
8248
2780
4775
7179
30
949
6483
6208
2255
1756
3998
9479
9548
8238
5462
7676
2212
3745
2161
7347
1048
5758
5762
4298
1624
6880
9530
1819
1300
9843
8492
392
2497
2487
2513
9444
9867
1647
9994
283
6440
1491
3527
1425
9674
4605
4011
6582
8346
2277
2159
3330
2625
9101
1936
3329
821
6419
8631
531
7732
509
9186
8783
1140
3655
4098
4359
8456
9655
742
4988
2343
6212
3317
362
8571
8146
3664
3616
9882
6187
7926
4237
3128
7352
8444
7534
289
7756
889
8634
4115
989
3648
8594
5347
7298
9109
4707
4489
4519
8350
7173
3847
3697
9204
6832
1574
3065
3900
7194
9742
6025
5924
5963
4140
9310
9857
9912
119
8508
1173
9916
4405
7050
5249
3490
1755
4165
6503
7497
8216
175
7358
6509
5137
5553
5613
8247
3628
2208
1489
1561
3006
9064
2077
5658
5580
5515
6367
7664
7700
6552
2593
7765
2177
6303
9066
2746
4381
7237
8524
9738
152
6807
5376
3906
8214
8995
7771
3176
9010
2047
7525
5735
6061
5016
4650
9775
317
7736
7318
361
8229
4873
4355
5065
5521
5245
503
6569
1695
7582
4286
8167
7469
442
3157
7992
6288
2071
5097
6839
7085
134
1441
943
5078
5791
2905
5059
8004
4100
4831
784
5726
2099
3662
5316
1124
6382
2634
4271
107
1578
5572
7560
4759
5028
6830
4325
6408
4378
1874
3133
8690
1167
9521
73
8402
6607
7989
2747
1676
5851
765
4374
7542
7751
3742
9456
4404
2804
9696
6160
3056
4892
1477
650
489
1204
2013
5019
9510
9305
1649
8556
9475
142
2910
8425
2579
4095
8969
2499
590
8721
3055
6241
9736
8834
8591
5581
9409
8484
6634
3407
9692
2116
6617
9173
6247
8900
857
348
2205
592
671
7036
6944
4150
1791
450
877
9585
4572
1558
46
6428
6233
9006
5350
6146
1501
6821
1948
6010
1422
8529
4514
2601
8055
923
4311
9419
1220
3182
3639
1515
6928
6853
6766
2965
62
2637
4322
2090
8751
1541
1037
414
9938
1163
6070
143
5712
7959
461
3582
1241
1768
4734
8909
6486
1168
9270
4690
4929
9266
6981
5989
6067
4327
5400
5849
7238
9642
8760
1261
5785
4883
82
5838
4974
4776
1675
8573
8709
8282
5550
5942
6799
933
7208
1823
2755
8802
154
1848
325
4213
4483
6202
1156
2474
8781
7909
4692
2779
1523
5512
9021
5800
9592
4439
176
3010
7808
4061
7588
9610
5625
6014
2933
9041
2995
9537
7513
6715
622
2705
6828
5034
4
6351
7284
8642
743
6265
5453
2512
5925
2584
5699
47
3183
3273
1735
7660
6731
8201
8007
2271
8280
1981
1486
6689
7942
6138
4236
4630
8722
8850
3332
2339
272
3413
8468
5633
9533
8727
9534
1326
4966
4930
8099
2958
4925
5813
9054
4102
9778
8325
4023
3976
5911
7280
7568
4622
1959
5281
9581
7448
7788
7106
4869
4132
3461
6280
8688
9431
9598
3068
2510
3325
2609
2349
8465
6404
4629
5224
192
975
1659
8365
6852
9256
5252
1471
4249
1248
9750
3226
2335
3126
4200
3487
9353
5478
9833
3963
7427
3227
2389
5023
7580
3583
2139
7471
5676
9405
848
2041
4471
6758
5554
690
9800
9714
8689
6378
9622
9511
8151
3687
4398
122
2503
2611
2130
6985
6791
7697
9140
2559
5574
115
4241
3989
4678
5069
5870
6081
4608
8840
3259
6052
2458
9402
5082
8871
4829
6256
684
4413
7234
4282
330
6429
6491
3179
5939
5702
2108
1517
1533
8859
5310
5516
7299
7889
5720
2225
9703
4497
333
2791
4422
7110
1585
3018
1125
1217
5451
5456
9913
4842
8930
9307
9596
5696
4642
932
2999
753
1669
2063
9474
6153
5309
5797
1122
3821
9799
7081
7901
6305
9323
3985
7225
2257
7470
3680
5256
7014
8390
4034
7122
5075
3198
9447
1297
1947
3787
3663
693
8106
1917
8258
7723
615
7759
5977
5526
6171
1646
6307
1198
4686
6450
4324
725
7372
6388
8471
9966
9532
5148
1094
9817
7960
4893
7154
3797
6337
789
4212
184
983
6874
398
1214
9355
7285
5872
3403
3768
6993
2987
9442
2886
1733
397
1969
7867
1362
7943
6913
5663
5061
3312
659
6768
4544
1369
5845
9719
8691
7468
940
484
9497
9653
1526
1371
3162
7566
8460
5926
9812
7342
7192
9144
867
4360
6932
7039
2885
2057
8926
4746
5251
396
1774
5022
7949
8122
9582
4436
8826
1329
6289
2833
712
9179
3294
9876
28
4598
2025
1777
5908
4104
4659
5057
4973
2983
2712
6220
9749
2710
8196
2688
5143
4570
4987
1617
636
6399
790
5607
7492
7424
6259
814
1631
5590
5060
5406
2743
731
6934
7115
4057
3291
564
1945
7041
5333
7616
7402
7387
3348
967
9940
7891
8723
4614
6120
7433
982
9199
3288
9068
4501
2819
709
7675
2529
6560
5457
8464
6026
7985
6000
7938
3249
1958
9459
2235
6270
8377
8590
9379
3212
8679
383
5764
4371
8200
4210
3266
9613
8922
8150
322
9615
8928
4748
9989
3258
6144
7625
9883
2036
1314
6125
9147
3574
6947
2788
5621
916
2662
400
9260
1180
9921
6732
4676
7047
9524
2592
5418
6685
1147
1066
6357
174
3438
4786
6283
8572
6695
3122
1914
587
2829
7691
2296
464
4449
6733
3453
5533
645
3237
1822
5629
3276
7067
4451
883
8898
6002
445
3234
5136
5973
4891
7204
3425
2982
9842
8208
3659
5216
8622
2293
6815
3062
4113
7229
3654
9557
3844
3335
4944
9781
6245
1910
190
9658
5031
2895
4911
8752
4846
212
7098
6108
7131
5579
7512
6690
6430
4719
2044
9586
919
4464
757
6764
7084
3251
4550
7855
8237
2496
5634
2241
4261
4657
44
6279
7474
4304
3620
9309
6205
51
4667
5332
1355
5583
124
8527
2716
9984
4420
9694
7585
7479
3799
3941
7331
6700
3376
9982
3178
8395
2292
8417
633
952
4841
279
8457
83
3380
8774
8937
3283
8278
2994
3589
5611
5708
3526
3558
6798
1464
7061
3230
2294
8111
346
4539
5557
7763
517
9398
4224
2272
4051
5174
7397
3196
9515
3613
1934
2482
7077
6527
3458
114
8893
1564
3120
598
2620
1619
6936
858
3098
768
4040
3588
2392
5671
666
5222
8860
5898
8330
779
8125
8171
6139
61
4122
5622
1435
18
2628
6461
6123
1344
2193
4240
2174
2493
9668
7129
3542
5482
2955
5743
1706
7273
5183
6593
582
2431
1192
9268
1472
6094
4681
6445
6857
7159
9134
3517
2066
689
8413
4146
4507
213
3270
8656
2784
4747
9855
7799
6795
806
4820
3408
5904
6047
470
7257
3831
1324
7817
1692
9936
3899
6023
8262
1028
7354
8720
7144
7322
5364
9391
8835
1401
6637
9504
1006
6006
390
8847
2919
8817
1702
7356
8031
4265
2129
2417
5357
2012
2576
9558
4653
1496
6292
6152
6046
7368
2967
4440
6767
6394
4293
7868
2899
41
7239
816
1049
8602
3503
1448
930
3986
9420
5434
6775
8058
7010
6745
9932
5349
9317
4012
6671
4386
5965
5946
8595
8861
8012
704
3181
5704
2244
1560
2237
537
4044
9369
9662
5475
7178
2083
3675
711
5322
8202
8549
1943
3800
6982
9960
3150
2270
4334
8974
2453
9055
1684
3095
7300
7830
6711
3141
1652
9331
2317
7831
8742
3607
5093
4375
7644
886
8567
4551
2374
4875
3868
8001
1061
9284
8184
2340
8711
8514
7502
8166
6192
2142
5449
7941
1423
960
2612
6646
8547
9009
4586
2314
1997
4227
7455
5035
67
5503
4658
5064
6298
3185
3158
4782
252
1503
3108
6896
3462
7636
3
648
3571
7101
358
8261
5718
8574
6864
5510
4585
6136
5362
7135
5280
705
9568
299
9891
8844
6274
3240
2615
1190
6692
4209
9748
3220
3208
8439
2106
828
7894
1420
8433
85
7920
1331
1282
8127
6742
8511
4910
5505
7573
772
5931
5233
6275
6295
438
4419
304
4110
9358
4363
766
4114
5282
1155
1269
8250
5685
894
9764
4442
7704
2387
140
6231
9388
8665
8300
339
9462
1205
8677
9383
764
9602
7887
9261
3367
6034
7256
380
5215
7598
4916
4400
2386
2154
1239
6132
3414
7245
677
3971
6016
9831
3190
4595
7720
7021
9413
9
2858
6134
4333
173
2669
1739
9485
6039
2223
7405
180
571
8600
5971
6544
2939
8148
8103
551
710
4720
6112
1457
7862
5431
802
4026
228
6004
6522
6182
5507
8718
5367
8490
6173
9209
3118
3278
6958
3279
3975
9644
6409
8061
3456
3563
1445
8481
9294
1960
436
2246
5327
7877
7823
8607
9856
9627
2006
7735
3618
4859
6707
6250
8075
5873
4931
8378
7980
8393
7693
8337
9679
3874
7682
6323
7728
5588
9445
8383
7281
1398
6694
2949
777
642
6859
9258
7957
2263
3217
8935
3310
1573
9418
6196
1838
9930
6454
7633
9069
1861
535
8209
4528
8897
7482
9964
2915
161
2700
9135
4837
7400
987
2517
7936
5156
1896
3528
795
8320
3486
1633
4956
519
9955
7764
6422
4526
2218
7489
4444
4627
3149
3631
5697
7917
7244
5403
3752
685
7552
5044
2731
9271
5287
6822
8888
9384
9012
5897
8636
8934
8089
1926
7177
1288
3106
664
449
9688
2046
3195
2126
769
4699
9681
2197
2182
1608
2711
203
2486
3577
5881
417
1792
3712
5682
6576
5788
4143
5722
9840
8174
1801
3869
3879
7885
6197
6844
6306
5880
4385
2586
5149
2581
7865
1045
3494
227
6418
7161
7079
1690
9280
2986
6759
3737
280
8525
4229
5325
9218
3926
6029
8989
9237
1338
5463
6506
4790
1603
5519
8863
2854
5511
5162
1348
9780
7200
9929
3980
6446
7903
2771
13
4257
6681
4710
3307
6966
541
5001
6603
2061
1567
437
1722
1409
5344
7998
583
5163
692
8487
7147
6225
5896
7615
7804
8841
186
558
8962
3069
8881
2051
5206
6753
3661
6876
6999
7721
5837
4537
5003
3595
8324
4525
4601
7816
5493
9263
2879
4580
9715
340
593
2877
7105
3795
8152
9452
3958
6137
5178
7994
5890
6148
1482
2762
3072
3322
359
6678
9741
9027
719
4715
6189
4964
388
2849
4402
5228
5132
7610
5352
2404
8558
4899
5669
1106
71
6269
6725
2245
2504
4997
8303
3143
5370
8698
8018
2904
24
4144
599
6106
4056
2074
4217
1734
8564
9762
9841
4401
7687
986
9251
7326
6508
1931
5277
2713
8397
7498
6500
701
9889
7033
135
7336
3360
5652
4321
9971
9973
6734
3962
9345
1143
1665
8767
8843
3434
8078
7953
406
3587
6850
5151
8304
5875
1810
5378
6514
8143
3966
5576
9663
5789
6901
5142
5499
8052
7787
2900
3611
4336
5236
5687
9382
5283
8589
7007
6198
5974
5755
4215
285
5329
8239
1139
4120
4607
1544
6145
9599
8223
7638
9357
9194
267
4697
2636
4033
2603
5433
7947
1715
832
5599
8516
5203
2278
8145
5559
2370
4532
5833
7018
2846
3856
112
2656
3570
1806
365
1137
2745
3564
8780
6635
9056
3034
2889
8409
9614
4849
3346
1234
3050
3116
65
1208
1081
4757
8438
9672
897
6992
8646
6594
7113
8257
1281
8328
9272
5967
1955
1703
9826
1121
7701
168
8593
9346
7524
2445
166
8570
7821
206
33
1237
1586
9735
2438
9804
945
5992
8764
9987
6659
6704
1057
4993
3168
5979
786
5074
5681
8418
2287
7511
4810
5129
4000
1036
807
1294
1209
6641
6481
5386
7899
8441
8375
3373
2793
3476
9042
1664
7614
6111
8401
1090
3695
703
3137
8820
9441
9058
6169
9264
294
9003
5578
3789
5263
887
3749
6252
3354
7800
9142
9163
9805
4454
1552
9896
878
4339
3020
118
6931
386
8048
8512
9290
314
5393
5158
4986
3557
3778
5479
3224
6370
3192
1764
2288
4062
9159
9013
2953
6605
7212
6648
4092
462
9192
1263
2222
4147
7637
1102
3920
10000
7020
7311
5660
3785
2841
5356
9327
1381
4888
2307
9570
8702
3567
1778
3788
2056
8708
6706
6242
2824
7028
1319
6930
1427
849
6801
1900
9769
3313
6309
9733
1990
2394
1196
7509
467
7827
4636
6808
4564
7579
6714
3706
5276
1718
6261
5683
367
631
1110
5739
7163
6722
6710
8454
2101
3736
4844
9429
8643
4006
494
3053
155
5852
7770
1191
1651
2427
5305
6749
6841
1304
8245
8611
4341
370
2739
7123
2181
4721
9572
5392
9797
78
2608
6178
2172
691
5962
9363
3127
2093
4861
3969
8288
7703
7651
8283
6375
7410
9690
6433
5171
934
4199
8971
5177
9097
8314
8210
5746
7486
7708
4573
7619
9589
6149
3871
4251
2719
9529
6
1474
7088
1841
7293
3667
4773
1643
393
4036
6810
4688
6423
3379
3951
6272
7884
6156
4619
5242
9025
7815
6855
7812
8112
9457
2092
7742
4743
961
4727
4523
6826
1575
101
6426
420
4661
2043
1406
1504
1321
7958
6360
896
9295
6777
8396
8094
3954
9293
6578
9822
3865
5111
7835
3709
4272
6475
7169
722
5649
6924
3540
600
8627
1988
9412
2785
7779
7981
5817
4915
379
9810
7944
4330
5810
9554
9717
123
8940
3640
4259
2742
5375
244
7648
4124
1668
3269
4515
9372
9016
9074
4819
8437
6631
1360
6644
2605
2002
369
4843
9740
5693
5068
1921
3692
9551
7459
4813
7575
2437
9540
9629
5938
4998
7873
4166
5196
653
8354
2572
4432
76
4635
8798
1534
1717
5472
2076
1730
493
4159
1995
3665
6538
2021
7678
2298
1456
1162
716
1870
620
7109
2295
3901
1563
5269
5998
8005
372
6116
3387
9333
5823
4708
3609
7120
7203
4500
5300
602
2665
3304
9117
6472
7520
7796
2379
6377
1680
1193
6221
6702
7631
2459
5976
2875
1592
3223
5116
1711
2687
9129
7745
2135
282
1579
1236
5862
2304
6558
6639
89
4480
2624
3579
8076
3448
4816
4989
2663
366
3940
2009
2456
3845
8913
4232
1473
8473
5632
5170
2165
6945
4433
594
9392
1453
3119
9151
3781
6589
9341
4857
6384
4552
8533
1461
5655
1911
7963
1940
1332
8040
6255
1267
6989
177
1749
4123
1247
668
6115
3987
4960
801
5155
6781
8060
1017
2564
6776
3082
8707
7833
8218
1272
1763
162
8983
7991
1174
5565
5542
7462
4126
8025
6344
6912
4970
8538
2449
5135
288
951
4616
9288
5906
1385
8010
3645
3353
22
1752
5056
1150
4493
6940
7907
1765
8566
9724
8225
4750
4356
1679
3244
881
639
1240
9113
3922
3877
9004
1954
2336
3440
2726
5760
3272
758
1972
8363
8422
2306
8803
9017
3601
407
5927
713
1621
9449
5592
6557
5008
7259
879
3945
6720
2342
8822
1266
3377
347
4347
1301
2242
7797
9281
6929
6519
4712
2514
8159
8491
6465
8073
5883
9743
1655
8580
7002
964
5952
9561
4797
9245
7784
1807
908
4862
452
1976
4781
9952
7767
5202
9385
9684
3130
2275
1358
3356
3741
5197
2699
603
1569
1952
9836
1432
7442
8813
5594
8240
9375
3004
2231
57
9193
423
8098
9018
7430
2433
9359
2697
7965
4905
5096
5532
745
7674
5747
9734
820
7806
4994
5336
4967
2589
2494
6793
4691
3629
2977
3725
8520
3562
924
843
2023
726
4474
9706
4351
1862
8147
1008
5811
7620
635
8701
8870
2908
187
3089
1511
2228
912
5688
2284
4898
6124
7340
3103
2604
2127
103
8670
5383
6752
2113
2870
8669
2016
8610
8394
9573
5759
2352
7869
5230
4982
4700
1030
2103
91
3468
5470
6862
5529
2599
8134
9106
1215
8424
5414
9721
2575
1258
189
92
543
8710
9525
2623
6943
6879
2318
3727
2204
9276
9252
1590
2367
1172
7017
5407
307
5595
9279
5530
7019
3154
4961
2111
7906
2703
9542
2425
9872
7846
5474
3261
1879
241
4609
3708
6595
2720
8624
7411
6573
8552
5038
6903
8532
4105
2378
8914
7908
6089
4193
3551
4004
5335
4495
6726
6513
3213
2468
8818
4937
9322
3801
1935
8482
9531
8787
1303
1784
5415
738
4927
7896
5647
4302
5207
5058
1683
2353
6342
4817
2123
5107
7128
1340
4981
6038
3512
5037
3756
2215
9308
2145
7315
2328
8029
2896
5435
2848
2207
963
3231
4211
2551
2772
2948
946
6459
5200
5246
9114
8372
5517
3156
6549
7794
3909
3014
4206
2806
3934
6287
4919
7246
3585
3445
5665
2668
3714
2095
9415
1114
5030
3816
5318
2033
4157
9121
9093
1802
3200
8716
3556
1184
9794
6313
6049
6814
4618
6577
574
1982
8981
4221
5737
3828
8901
1452
7647
8185
7388
6434
7353
9858
9667
8253
5840
4908
5994
749
2851
7167
5366
6005
2035
7415
5955
8620
3059
9716
2461
6586
21
2042
7880
5138
4410
1434
3904
240
7607
8891
7780
3399
6095
5219
8778
5262
4314
2681
7232
8731
4582
9096
3791
804
6656
1357
8449
3025
864
9711
1941
2332
4248
2280
7783
1230
4478
8064
4437
5210
5423
1937
791
7038
9094
6769
8991
2505
5527
3452
4063
6206
8671
6033
5134
8961
4192
1012
6401
5860
2684
7795
2857
7686
1612
7271
770
2686
2347
7857
4917
7727
6920
182
4568
794
5127
9897
5483
5537
5641
2305
3207
4807
2460
9344
1872
5514
8545
9519
6087
4545
8392
8775
727
1468
5221
7863
4364
2887
9108
1290
5429
1004
6224
3841
9974
8017
6243
9453
334
9685
6907
3586
1842
9031
4137
1750
7881
634
6102
6977
2890
3064
6226
8910
513
9401
1478
979
7096
4180
9123
7302
8000
9954
8697
9904
1701
8144
8714
7364
7927
9299
9335
3718
9005
4273
3102
7500
5968
6872
6877
5741
8509
7351
3916
4959
2834
6530
735
9501
8070
8816
4418
4091
7344
2234
7446
7876
5987
4983
7423
7382
552
128
8115
8344
8980
4161
9488
5513
4611
8796
7366
7393
3257
7825
8462
606
1913
2509
5239
6065
8648
4424
9227
2082
9313
4093
7584
6379
9062
6703
2536
5264
7282
4235
3793
293
7377
15
6875
2871
8907
4187
1276
8915
5843
723
1641
306
6227
207
7445
4648
1607
6824
6480
3733
5084
9236
7329
7370
3931
7555
5438
4928
2162
7685
5932
1897
6638
9172
2997
1064
665
1226
7291
2329
7308
3027
6520
2186
5353
9118
2216
8654
511
8347
1024
1080
1698
7608
3500
7164
5125
6662
8264
2102
9477
3898
3943
9885
7915
4652
2549
4168
9450
4939
4434
8135
230
3870
1547
1551
276
5346
4878
8904
2419
6579
4145
2065
3470
747
8448
6990
2252
7004
4784
7202
2096
7683
8453
8657
8204
8266
377
4253
4760
8157
7666
251
1229
4288
7919
9387
4216
2385
7729
9834
6468
6188
2400
5272
7211
4148
6090
4382
8412
7572
762
4543
5235
8755
2081
4060
8071
8551
9084
8933
9394
6009
248
5593
7092
404
5502
3203
5770
4673
2029
3166
373
2399
1364
9133
2475
6425
7508
5672
5981
9978
7628
5086
2693
1890
8683
2355
2903
2758
3657
5291
1781
5120
389
1616
6291
6521
4890
2303
9959
9814
4887
1089
2695
7748
4578
5983
6914
9796
32
7303
8414
626
1814
4415
6214
2557
2970
9146
337
403
4965
9641
8341
218
4446
6427
6058
7726
6723
7551
2214
783
5144
9789
1108
2200
4087
6353
9020
1996
9803
7798
7733
2163
8858
8528
6083
2220
9698
1316
4751
1105
7296
7252
927
4353
6281
1832
4985
3863
1165
2137
7679
9008
4716
4663
1615
199
3418
4963
3864
7517
5273
3300
9847
8632
4049
2527
6691
6497
9489
2937
8446
4083
2661
5548
9059
2853
7671
7176
5945
6018
7100
4780
258
5846
9728
405
156
1285
8768
2707
7714
9166
4624
811
55
2300
7781
890
3338
9435
1825
3138
7414
1532
6113
4305
4258
1018
8748
5094
1949
1075
2479
1384
3466
1161
4860
5490
8639
8294
2149
2110
6311
8936
7057
679
1916
6906
7381
10
8334
4201
6643
5638
7371
6485
37
9491
6356
2411
4711
8806
6141
3834
557
4127
8156
2588
6986
4672
3530
3152
4736
6330
278
6889
2978
9522
4491
3833
4806
3995
1498
2309
2718
8042
2709
7375
8343
9250
3673
6347
9902
8353
7634
3521
8985
4804
8368
6297
7954
1928
6104
5445
7478
7261
1466
504
8633
151
8265
5026
5509
378
5311
1629
5323
6184
1221
6774
5947
1339
1545
2931
3028
5819
5824
6442
3136
5398
4154
4968
9937
1700
1284
1761
4441
9104
2022
8797
9220
2838
3482
8736
1964
6717
5892
4530
7853
4793
1151
588
613
25
3704
2964
3619
8757
7378
5547
6334
5732
3243
4818
4247
5108
7761
3876
3850
3411
8795
1614
3305
7753
4641
204
3770
6441
6494
6608
6856
4287
5617
6946
6315
1601
5886
1845
6784
2409
7592
831
9267
5072
7248
6561
5368
287
8411
2912
3532
5709
2698
3774
8494
5524
146
9103
9862
3253
2279
3656
3972
6615
661
4175
9265
3285
5820
3758
4461
9709
2424
9575
9671
9792
2274
5754
3323
7119
2075
1136
2596
625
1244
3572
6585
5684
7477
295
7196
8187
9900
8586
7023
984
3884
3247
2729
3882
8231
1697
8979
4179
8954
9746
5118
1413
6529
8867
1395
9970
1983
2642
9233
9437
8959
3318
2131
3597
5602
193
7910
9839
6927
5798
2179
9815
6623
2395
1041
6073
9283
8546
9567
326
188
4452
7463
6131
3873
219
8577
9727
4948
8865
8977
2380
854
7754
1707
9553
4821
7596
2462
6238
6363
5476
3730
29
7305
9471
2952
7824
6163
9022
9507
202
3309
5584
9905
2914
3400
3044
7288
4646
6843
4631
2542
2837
2087
3144
6833
8575
7507
48
8162
5631
6760
1961
8869
8616
6271
8483
6870
6737
7166
7286
5159
4097
8279
4714
8815
4832
4234
8923
3001
9124
9956
577
8747
7206
1758
3008
7774
3153
8975
2796
8503
2583
5944
9763
1588
9730
3748
3747
1060
9332
6921
966
8738
7510
9162
9111
1920
7235
6858
8876
2315
5975
5292
7494
1610
882
5237
6296
262
3541
4763
7189
7121
8756
3813
7374
5620
6812
1025
9996
2500
7396
4408
4486
6665
6392
5416
4323
7399
5099
3381
1540
8502
3170
7063
799
6040
5133
9033
5128
1295
3352
4560
7490
5996
5070
8270
1347
8169
486
9910
6007
6387
991
4538
5110
9038
8666
5302
8785
3048
4871
4080
4592
4732
20
3351
5165
2120
7840
8655
4575
9541
2516
2934
1775
9871
301
6959
1899
6915
3483
9578
4394
9695
5721
4069
3760
167
4379
8370
7988
6693
7475
5254
9168
7539
5369
6044
1793
8139
6551
1554
7080
9496
2694
3155
3134
3984
2777
4014
8864
5772
8215
5258
6755
3260
1485
9824
4035
776
2648
3409
8678
3550
576
1123
2402
4312
9311
980
7595
4683
1039
5961
3096
7527
7066
1275
9171
4172
3982
1851
7545
320
844
1906
3284
4280
6719
5441
8131
5506
1666
6328
3804
1811
9580
106
9512
9282
4462
5635
1310
2876
2448
5745
312
9683
4935
6540
3651
9424
8385
8952
3717
2585
5830
269
6268
6800
9100
6632
9636
6100
7656
4768
3862
9128
1053
5497
8226
7826
2923
3679
1175
5814
6432
6381
9176
9215
2802
6971
8369
4879
2414
1291
7935
2980
5029
1111
3427
585
7274
6185
6524
1759
3221
1772
495
915
6730
9920
9365
1907
2607
7313
3729
97
9726
7001
2823
5388
8286
6236
9342
5771
9161
707
384
5636
6779
2341
7695
7220
2312
8579
250
850
1399
7190
77
2816
931
8160
2027
1227
5988
5141
9707
2491
3942
72
446
7897
8170
8626
4685
6168
6068
525
6290
1789
8597
8032
5818
6076
3111
539
3189
7856
9725
9646
3767
2881
7367
4588
3450
6636
778
8684
8496
1279
1747
7168
959
7866
4119
4675
829
1059
7773
9528
6201
6559
3075
356
7321
9092
4411
4856
1519
1396
3894
9030
460
7359
5714
589
601
139
8404
4108
7722
3581
7314
8158
866
6077
2554
8246
3222
2153
9067
6093
5876
9081
7945
3505
5587
1449
9089
6763
7946
4171
1096
3647
185
7883
1812
1994
2614
6424
5306
413
6008
8193
5717
2534
5624
7561
9482
9132
8659
8220
6167
2640
2184
5964
9924
4345
2847
4872
8119
6097
2558
4996
2526
1604
7621
6541
4881
2360
6449
8140
4294
4358
3236
3555
5716
1634
8321
224
2761
158
3716
903
1320
4510
2801
4934
7506
1864
6211
8451
2322
419
841
2541
4204
7316
6838
9175
1991
3264
6550
6991
6684
859
3794
4889
3432
4808
5765
6789
2117
3206
5081
1635
5889
6627
9545
9914
7484
9591
5303
4111
1744
130
5271
3218
5603
1836
7149
6037
4597
7872
6686
8968
5212
9713
6385
3301
696
2195
8645
6361
6126
1154
6451
5489
7472
974
9925
3896
4536
9508
6177
1795
669
4151
5836
1638
5454
1446
2809
9693
5071
9116
3016
324
9917
5267
1119
5912
5218
5241
7570
4162
8213
4117
8906
8791
5211
5265
3092
8608
2344
7216
7065
8488
4149
7324
9302
6498
827
3459
2070
3180
7996
5348
1070
1034
1857
2253
3078
4512
7157
1681
8043
3918
3776
9050
4499
132
5661
5104
2988
8808
3887
8432
3165
2966
2775
9624
9468
5217
1580
8615
6893
9399
2960
2641
3739
9895
8741
6304
8997
8374
1743
4252
4569
7845
3919
5848
6140
5048
637
5373
465
3968
6782
1379
6088
6892
8947
561
548
4689
9465
4730
58
4679
108
4912
855
3308
2283
1729
1691
7136
6013
7658
8647
3825
2140
6099
3991
9177
9126
5775
5573
7277
6580
133
6420
5248
5832
1186
695
5126
8181
2406
1021
5569
6729
8463
7836
6744
217
823
7547
3265
3649
9802
1223
5657
3109
8309
9552
6983
3091
88
7562
3798
1790
4868
9712
9618
1985
9983
5382
50
6415
6175
1699
797
1251
3946
1238
981
3081
5936
9336
6765
431
9239
8658
7473
6788
5410
9633
3568
2782
6467
8715
8966
96
5015
3499
1737
813
7380
5442
7652
3043
5270
381
670
7875
8470
825
2627
2954
2971
4670
815
9967
1694
938
3910
7744
1055
6161
4032
9851
3355
4078
929
6096
9223
8091
3506
3735
1653
5858
6022
8340
8706
8694
9214
3533
5639
8786
3454
3049
3022
9304
3347
5186
2547
8430
1356
4504
2217
1577
2632
9377
8311
524
4770
6802
2213
2738
553
3691
6955
4584
4037
6133
7013
6606
1484
8857
6663
9948
26
5295
6761
9494
9099
6938
612
3302
2672
2690
4290
487
6674
9234
2308
6718
4152
6922
1455
9550
8598
5404
6199
3973
2591
8272
9257
1293
7611
6406
3790
3522
2060
2803
8555
4671
7205
3822
1099
761
1830
9584
9112
1829
6669
5199
6340
1131
3315
8921
1709
345
1330
1203
9898
4107
6890
9571
7335
6143
3775
595
741
9052
4745
8062
3058
6350
3546
4945
1626
104
6997
1977
8336
6365
2817
4771
6739
6613
7516
9772
1462
6482
9820
674
638
2715
2956
5882
8034
7209
6479
5266
950
5172
3949
9828
6803
8500
6592
3052
1389
3938
6952
9153
8999
4426
6809
8945
8667
569
2927
7040
5234
3280
6380
6564
529
9455
3396
7594
6403
7672
5337
4695
5063
4920
363
4373
1583
8130
1863
9968
3337
2351
2472
5670
2766
2325
3328
8445
8287
3805
6516
4481
2034
7451
3547
8477
9253
3046
4429
4484
4055
1589
3472
597
6860
3596
4957
3160
2024
5105
4103
2196
3840
1074
2403
1126
1632
9183
3545
6327
5951
8450
7659
7403
5733
4487
2733
9666
6904
6407
763
5689
900
2183
9704
4740
3769
7118
9169
3326
3349
4438
2088
8403
5320
6868
8128
2401
803
2199
6371
7333
8912
165
2359
1148
8674
3431
9632
3361
3990
9863
3553
2273
9200
5268
2050
9593
6673
5555
1387
472
1757
4955
215
7546
6787
9669
2428
4791
4191
7871
6338
8540
3633
1232
4089
125
1903
2825
4475
7803
4455
5043
4606
7654
2721
9371
1169
34
5585
8653
2434
9976
5980
9370
7968
7793
9957
2435
8606
8536
357
8994
7037
4421
8068
9947
3087
6412
35
5958
6258
5954
871
5413
8480
7363
9708
7882
5083
2136
8284
1158
6654
8355
2831
6162
9637
4772
3702
4836
7600
7801
4980
3465
496
5783
3534
2282
2936
4256
7569
9423
6650
1888
205
6676
2533
3508
2248
8729
256
9951
1968
8173
2820
8621
520
5700
9480
7694
865
6910
5191
7731
8387
6339
6373
1127
3921
3031
3485
9368
2774
2856
4142
4070
3686
8227
676
942
2911
9230
5727
752
5192
68
1528
5440
7505
1160
9503
9213
4412
1439
6941
2440
3908
7148
1179
8400
9464
8831
6369
9806
8217
4328
2463
4340
7236
6917
5586
3594
1538
4758
2616
5803
570
8138
8699
4085
9779
826
3255
4309
3740
591
5173
4291
4823
8478
7696
514
9024
5101
5469
9490
7791
7522
8987
1047
7531
3385
7645
3621
4027
2633
624
6819
6738
662
2375
2689
2548
5184
7847
211
1415
2354
371
6074
5913
1726
2832
2763
5439
6264
7627
1142
7183
3779
2319
3820
1950
1443
4778
9411
5164
1957
1407
5214
1023
2749
157
8182
8332
1245
5485
1336
8957
6968
7819
9848
1773
5781
3455
6320
3036
6948
9774
2921
1797
970
905
4738
8848
9565
5260
1923
7467
6302
976
434
4834
1349
2922
7043
9927
3634
1481
8879
6460
8088
3398
9107
947
1867
1283
3552
9634
4076
8342
4277
6622
4762
7429
3905
2259
4390
6584
3988
3566
8732
2859
9075
7601
7964
6165
3676
8839
7789
2038
2975
2562
2203
1530
9228
4901
336
4431
447
681
4571
7554
4041
5768
3978
1786
5807
8515
4723
6964
8107
7864
4269
1516
1252
8855
17
9207
2657
8232
3524
4008
8942
1536
8982
1721
3368
8329
2555
432
8367
9981
760
9306
835
6908
5077
3232
5039
4764
8356
2708
7663
9513
8087
5412
8504
4858
6679
3492
7593
1341
6630
2714
7307
5355
6667
851
4466
9723
8824
9430
8903
1305
3404
944
1513
7646
7934
4075
5666
1918
2902
876
6505
1412
1866
5102
1509
7937
235
7215
8766
2363
9560
7807
4557
6885
2467
1378
5786
9352
4135
9526
415
9141
1322
4473
81
2333
3345
3229
3809
2792
3145
9046
1760
4885
3205
4906
8472
3578
7143
7348
973
9845
6122
4798
7000
6713
6771
5343
8794
8003
7074
6867
7624
9086
153
8015
7918
4725
9676
2805
4638
2506
6431
435
8207
1606
9329
8011
4099
5525
481
4896
2524
1429
8537
9665
6444
1557
922
2446
145
7768
2580
5017
9892
8023
5900
4932
2751
6453
1980
7929
5948
9343
9874
1116
2812
2410
296
4222
8614
6180
7828
6181
5007
8104
8576
892
1984
6352
8108
9869
1497
5198
5865
9611
7114
7962
7413
3705
7969
2388
6326
6319
8419
7223
54
4348
4733
699
6237
6970
7602
9150
5195
1265
6203
3965
3688
6517
5627
6082
7437
7426
9543
4502
4250
2568
7574
7514
9729
9608
4196
607
7669
7922
1562
5707
8895
2155
9846
1539
4744
6751
4219
2924
3164
200
2062
5130
9154
5878
9152
660
3334
302
5591
111
3644
6463
9868
9697
614
654
5360
7180
5959
6316
8452
1738
1363
4777
6652
3210
1259
6157
6683
7383
6063
3852
233
6672
2079
9559
2704
6286
3299
8405
1469
3388
1164
7537
822
9631
7911
7350
6709
9350
3811
868
4223
2691
3104
5598
7888
7441
3296
2178
2011
7304
9625
6987
1510
3214
3707
734
5338
2659
1824
2321
8072
6276
1308
8178
9884
7195
354
2032
906
2972
5051
874
2045
1745
5612
1367
315
4508
8251
8233
4453
2361
8663
9208
4045
2323
1835
343
2209
5808
1596
1627
8199
7398
1254
4368
6911
2696
7861
8939
9483
7015
6995
214
2545
6054
441
7931
6119
6975
5168
9487
5668
1098
443
6974
1113
478
2166
5401
1891
36
7950
9386
4874
9174
2250
7345
907
2481
3763
169
5982
1493
4448
9612
6147
9864
3101
8800
6028
1667
7295
1512
8899
3689
7447
7439
8263
8811
3700
7264
497
1713
9588
4949
1884
6537
3135
8249
7263
9705
7306
7139
523
321
7603
5970
2740
2750
4632
9617
7233
7642
7924
7630
2808
2236
1974
5119
2251
3612
6878
7186
374
5703
6611
6414
8513
7688
5351
127
7749
4610
5301
3172
5933
2210
2492
7549
6159
1195
9975
305
2929
3124
1650
2338
8725
4129
1185
5020
7156
8799
575
8420
9753
2836
3886
1712
9184
273
1038
3536
7409
3653
6949
7444
1636
8842
1183
2507
7719
2946
1375
5748
3848
6222
7099
7097
4542
84
5552
1640
4660
7188
6031
6902
9563
8080
9675
532
1553
7629
6534
3063
2366
297
9149
5534
5000
9549
8753
1852
6619
3107
2489
632
1946
3501
4065
3826
5290
7982
3112
9942
3281
3605
6282
3442
2356
516
1001
2920
9210
144
4924
9224
7011
4046
8958
6664
4086
3331
2822
2918
6130
1118
5615
3529
126
914
7214
3810
2944
656
6827
5608
3773
6142
9877
5157
2786
7521
2544
5664
8712
8749
2256
5443
5091
5656
2631
7228
9139
6918
2072
7813
6785
2531
2736
1751
5153
6246
8849
7334
9083
4178
2439
1383
3981
3333
6687
9801
2764
7543
8142
8021
4169
2132
6470
7529
863
4164
19
5744
7661
8584
9222
3327
6318
2490
9432
7990
7790
8291
5387
5436
7822
7567
9115
6048
9325
8090
9380
8319
9689
9886
3228
3429
4361
2989
2455
7493
8604
8306
7741
7752
5916
2556
2865
1804
2297
9148
4472
7152
8019
9866
5117
9718
6895
9520
7197
2770
7172
9314
1507
5014
1543
59
1728
6960
4121
338
4828
8045
1210
810
3215
8493
9660
9761
8191
1915
4739
1837
508
2901
70
5002
2104
1071
8686
4181
6688
9808
9785
7951
5935
4566
4779
6727
5261
3838
9043
507
7613
402
2941
5139
117
8348
9076
9226
1014
4279
4847
3374
1602
1352
8298
9506
5969
3365
2191
737
5539
7713
9652
5847
5540
6596
9907
6640
7966
3298
9356
5402
7870
1225
8455
2807
7667
2840
7758
6066
8082
7556
3297
6062
3070
1087
1686
469
809
4735
5358
6239
2443
5491
5522
3518
2520
4313
4029
3473
3416
8203
5432
7095
9870
6846
4189
8177
9361
4064
4003
8672
426
2717
5822
4990
7711
9823
8117
1546
1133
9722
7418
5047
9469
6473
7564
1492
9499
9798
9164
260
7072
1318
1390
2565
4722
1323
9478
1689
2382
6359
5486
1255
4752
785
2059
4802
6042
7716
5208
2357
6200
6223
2842
1366
6972
3944
382
290
3021
5915
3211
4278
728
4467
3744
5610
8569
3488
475
9319
179
129
3042
3812
3690
8705
3549
7046
7049
4789
8416
6386
3060
2122
3159
8358
2610
7276
8819
7890
2480
6773
4666
6057
8037
7673
3194
9686
1630
8838
1962
2266
1805
5888
5551
860
1687
9944
7042
6069
5934
3755
2602
1542
5089
4674
1967
7440
448
2893
2053
7045
572
7053
4511
1779
2426
4264
2867
277
510
9216
8096
3147
3117
962
8312
7810
9070
4242
9273
433
7967
1152
5066
6075
395
7224
2334
3340
8467
6701
3766
3502
4281
7130
4202
4705
2916
2778
1672
4409
999
3678
5113
1289
7571
2313
846
3750
1465
6780
7137
694
9999
5160
9604
7548
4427
8389
1905
7832
1581
6836
7684
7533
4005
2813
7464
9837
9180
1112
8927
2134
6980
6234
1058
9170
8587
444
8022
1394
1359
1292
6696
9219
7425
1642
9597
9546
3029
9783
8837
9918
9939
4350
4393
3343
505
3515
4260
5738
6511
1051
9619
9001
9404
7850
3854
697
9656
8874
4043
4687
7185
3759
6697
6105
4292
466
7132
3632
9318
7995
1194
1393
8868
7253
4295
9235
5011
4081
1189
4742
8770
350
1250
978
7829
6478
6621
6121
5279
2450
9373
9425
7587
1376
6114
8161
2180
9752
7158
6935
5986
2407
7775
4380
8352
410
9262
5103
8992
2655
4517
4787
4366
281
935
1834
1753
5597
4077
7362
4589
5298
5013
8056
9587
2883
4940
5518
6973
7422
7689
8020
2125
7210
1222
3761
1479
9495
8050
3324
2629
997
1201
3867
8333
2984
4975
4357
5827
7221
7453
2828
1871
7151
6610
9348
1100
6845
7287
6469
6128
3040
2260
6865
2913
2020
8761
5409
5085
3885
5541
2769
298
6036
2993
1645
4559
7267
5949
2991
7048
6476
4704
1176
6053
686
5487
5606
9657
2004
1767
3132
8862
6708
1951
5374
9969
4904
8386
547
5787
5154
2868
4399
1199
6963
1068
542
7008
2692
3035
4921
6555
8522
5180
3475
8190
3511
8259
3402
1372
6086
904
9205
7680
5686
3439
2530
4815
7107
1115
2926
8946
8948
6905
891
7523
2701
6504
5018
6575
9422
8281
4718
5255
7485
8059
9737
300
7240
9985
1433
6996
473
884
8650
64
9023
2724
9821
1273
2052
8919
9670
5394
7772
9366
9606
9609
1973
8039
1335
1800
7270
6400
5448
8750
8267
7052
8136
7076
7438
5918
1107
4579
5893
702
5450
113
5646
5966
5288
672
1459
292
8092
545
5501
4926
6746
6254
5194
6172
7878
3420
7328
2430
4962
9677
4275
9770
5941
5213
3174
7104
8854
1902
3394
172
2316
3701
6542
3357
6837
9051
1611
1570
8049
566
8116
1424
3827
8179
5377
5461
6154
847
5637
2457
1502
1103
7355
2010
9950
1594
4529
2682
8744
9185
2571
3426
9854
4096
2416
9946
1930
5006
2644
7217
3115
7612
4177
4839
5834
9090
2188
2398
3929
2951
4870
1027
4853
6183
8568
5498
522
8856
7650
2432
7786
2466
4496
8810
2909
8585
992
4655
2240
1016
9414
4136
1109
1742
2528
3516
3668
2420
6747
5109
6285
5175
909
9436
6535
5112
2301
8637
2221
8680
4952
6835
9986
4520
9206
1815
1085
8154
7976
9784
5446
8028
5690
2477
6027
5556
4546
1003
1063
5204
7357
5025
6950
1405
3677
3893
5053
3175
8964
2469
5705
5481
69
6894
4190
2546
8027
3441
7604
2169
7150
8790
9664
998
2582
6976
6117
5570
7127
342
6553
2843
7715
1618
4384
1859
7705
27
2645
5095
9701
4468
2112
2498
1345
3930
3097
7145
5419
6633
7987
6501
9351
4283
5244
3436
3142
6804
6064
3311
6164
4230
3186
160
1886
759
1095
4477
6310
8165
416
2990
6216
164
2676
578
4651
6604
6736
2521
4644
9590
5630
9122
2797
8588
1374
3047
4756
1274
1402
5009
4894
1
408
8762
440
3956
1831
9337
3544
8534
663
309
1350
1207
1475
1104
6661
4753
7213
8668
873
3694
6389
9029
604
4024
3660
2198
2789
254
1327
3851
8771
6368
1026
4013
9463
6045
4326
7436
4827
2594
9583
9793
1529
5477
7412
9102
2285
8740
5839
229
4639
6466
1476
8763
9678
5286
6891
853
477
3444
7581
7395
2866
9786
2290
1382
2734
4933
2369
6525
4407
5698
2754
4425
7283
270
9243
1939
116
9088
3580
4649
4009
2144
3422
3406
3114
3829
1268
2818
191
3509
2962
4423
6055
3430
8268
7058
7820
8489
9254
3576
560
1286
1400
2864
1467
6518
8640
1157
6260
2950
8562
80
8242
4863
3225
3282
6861
3202
8141
8880
3363
608
3955
4220
2873
5778
9945
2730
6273
1740
4082
1644
4072
3074
6300
4019
3088
2148
3287
4702
5821
2484
3846
476
2289
8719
7717
8114
4835
9165
3883
3782
2874
5679
6939
220
5049
6869
6881
5566
4300
6834
7900
8235
2194
1181
3897
6308
456
3481
3262
895
9397
4377
4319
9221
7940
5042
5957
4593
808
2776
1919
196
2759
4301
5321
7743
5855
6653
5780
781
526
6863
9647
5549
7134
3003
1876
1007
8206
6994
4509
3415
5713
7222
6417
3539
7094
4914
6962
3960
8998
5182
9454
4002
7323
834
7339
4795
3320
7231
8126
917
9514
6487
7241
100
3681
3193
3177
9326
52
579
4547
1625
6080
4457
2348
7536
9137
4238
1436
4950
683
7583
6778
7921
6024
8730
3996
8681
4392
4205
6464
8612
2311
159
3914
8828
4516
3535
1458
7557
9687
4991
2264
5563
6032
9972
6232
411
8704
9145
6213
9993
4225
6263
6829
1840
5389
6909
2897
4479
729
920
9451
852
2525
7839
4299
6756
9995
3819
8809
8006
7401
2635
226
4754
6030
6341
4367
1437
9354
9315
1280
8222
7930
3513
838
9240
7182
5114
8234
4039
8682
2606
7480
8086
1408
4255
5909
2538
5757
4792
7948
2451
1264
4664
8821
4176
7519
3507
8920
4074
6645
2018
2835
8407
1714
7778
4995
8458
8357
9887
2943
9630
274
8013
3076
329
5169
3248
4623
3890
3504
7155
4141
3067
6528
8673
500
8316
2080
2906
1287
655
1416
4370
6020
2814
3531
268
6118
8772
4397
7457
7024
8507
344
6278
1965
7532
6933
5729
3598
2064
6566
4274
8745
234
8950
7578
3358
7250
4972
5452
7031
4218
5695
5384
4185
8651
7755
1548
2650
724
3378
4020
2167
6979
2678
6886
5455
6391
7207
5815
1727
6207
4320
2436
5706
4643
4581
3950
7416
5166
120
6346
8833
5680
5312
3923
5779
8894
8965
1353
453
1572
714
5978
2598
9395
845
990
9600
4017
3939
8693
8030
1206
7702
6017
6179
540
1782
5345
3321
5363
5999
6474
9756
5205
7035
8523
4946
1092
4233
5187
4243
3796
1556
9080
4155
8853
7898
7141
9461
8559
8700
1762
4640
2383
9085
275
1693
3670
2269
2673
1000
5993
9427
6443
5421
8293
7278
265
5535
2945
1678
6657
8521
1361
9517
8192
5905
7487
8466
9156
2753
793
9110
1828
7162
9241
9844
9082
1966
1673
9476
7153
2563
3746
8275
9181
2852
2381
5308
4749
8676
4954
4268
1998
4246
2725
7174
9934
1732
8085
5809
6011
8960
8408
2869
3783
6805
3105
1450
5545
9244
2067
1040
2888
2364
2706
6743
2667
3630
7292
4766
8582
7070
7618
1182
5508
5724
2377
286
1725
5359
459
4591
2168
7939
5468
9744
837
4153
2537
6499
3169
1082
9389
4669
3559
7125
9143
3314
8033
488
3383
9406
3417
5040
4809
8305
9390
2744
6398
5379
8499
6581
2201
9620
5408
7495
3728
893
141
5596
2550
2670
744
4482
4244
2515
9138
549
1609
6670
3480
9835
4709
1404
4634
6078
2121
8276
4943
3274
9699
9007
6716
8619
3293
9649
3753
1083
8459
7905
5296
3861
2811
7090
6019
5123
237
391
7022
6257
4548
216
8501
9539
5543
1537
5
9616
3007
4976
3125
988
259
4267
1170
5437
7181
5391
6965
658
8696
5867
8338
492
618
1882
581
5458
9680
8331
9000
7999
5232
9498
3674
3907
6376
9933
5575
8617
6897
1898
2679
2146
8563
5792
8892
1846
5464
1177
1380
528
7330
8379
5331
7526
3238
7809
1309
4884
7087
5314
1145
4785
8932
245
4266
2233
1342
2176
7973
479
1904
7078
8427
2732
4198
1495
7662
4338
6366
8635
4531
5131
4372
8739
3479
8382
16
2654
8972
9648
3477
9286
7009
7617
1663
5334
3471
8102
8827
4054
7606
6531
755
1029
66
899
4276
8434
2376
3606
5190
7698
2254
3964
1069
6329
9061
8296
1827
4765
6402
643
4101
7332
715
898
5259
798
3421
796
1483
3446
512
7199
360
8832
2143
3780
1783
247
1219
8644
6762
6456
9962
1149
2372
9247
6750
5185
3292
8164
2128
4207
7452
8063
1487
4971
6816
780
4596
6735
9032
4731
5181
3005
7006
7724
1019
8381
8581
9238
7055
4447
8
4693
2930
4369
9768
3671
5782
2737
5864
9071
6682
7012
4383
6849
6590
2917
8984
2473
5773
5341
7923
7420
75
1138
1134
544
6526
4668
6362
1397
4788
2069
2345
7089
6532
824
3915
5877
8758
856
3372
4174
9303
45
148
9979
3066
2040
3569
6629
3271
7757
4969
1770
7893
5710
7993
1046
7785
605
7886
3983
4128
9316
1843
1591
4463
5426
937
6813
9410
1654
4854
6079
9922
2658
12
8475
7443
418
6655
3423
2192
4134
2783
9297
2666
1146
2639
8905
4016
1257
7834
7974
5923
1218
5796
5523
3875
38
7738
5417
4362
8121
4245
3197
8596
7289
651
1132
773
2105
1875
7626
6533
8105
8703
8421
3520
5076
8996
3382
9002
9645
5600
1598
3256
6437
5828
1639
3235
5342
8221
4554
3823
8002
3732
9691
4774
7309
8734
5411
2442
4613
7984
3187
8660
6600
5691
6215
3002
7082
5032
6740
6345
4015
3433
9167
5752
8726
7792
1731
7491
3917
3131
2652
3161
1670
7483
4794
9037
1794
3683
9197
1005
1785
4337
6957
4167
941
7346
9903
6166
1710
1892
3495
2393
5488
1894
6493
7242
7243
5444
1490
457
502
6642
936
6471
5465
6620
2925
5995
8016
5193
7138
8550
8066
8123
8641
3392
8183
4767
8236
1816
5201
2855
9899
8951
5466
2940
9827
5914
6919
629
4755
6854
9347
3947
3148
6050
5835
4396
6335
8544
109
2600
746
5150
3491
7734
3079
9407
4088
3979
5766
5985
2094
7083
2281
1720
3948
4494
1311
1813
1865
4228
819
5841
7124
5041
1559
2882
4799
9963
1877
2502
2671
5284
4822
4953
5648
3497
6675
1188
6925
4090
9771
8535
9861
2124
3510
394
7916
2741
3636
5874
9790
8194
9919
9073
4838
7750
5293
387
8180
9291
471
1878
3045
7859
5673
9232
8929
1144
3806
9045
527
8129
1662
4071
6899
4684
3384
7268
2850
2619
7390
4047
1854
3839
1299
2566
5189
3037
9285
1403
2368
2471
3419
3397
7690
7977
480
1883
7301
225
921
428
8054
3832
4726
7643
3743
8526
647
5616
3715
5715
9039
8361
291
5484
2019
2765
6129
8495
6888
8993
9340
2243
8675
14
2141
2299
1748
7530
9787
888
1346
9544
675
8224
7466
3339
3913
110
1454
3599
4513
7432
3889
2511
5984
8474
3113
2115
3051
3041
4811
4317
4262
9189
3635
249
454
623
7559
7385
2007
6101
911
8885
4428
4173
7175
9334
7247
2476
3610
8784
284
8163
3094
2574
5050
4058
8175
4130
4073
6001
5090
2748
4805
630
9105
5494
6967
6712
2429
2147
732
7653
3093
6435
1508
9807
8384
7955
1392
1078
968
1839
6754
6477
2337
332
2938
401
2773
5694
5659
1975
2026
9393
5730
6570
1211
6562
6786
6151
7075
8896
4038
9201
4682
5372
1451
1101
7272
9832
4131
2799
3808
246
8349
7142
5460
9809
3090
8875
7404
556
5917
9364
3548
2000
6507
3993
4084
2098
6496
3245
5561
5424
6512
4803
9119
2723
1637
7640
3268
1377
4263
7851
6969
5701
2647
8852
439
1073
1224
9078
9816
7255
6847
5371
9403
3584
538
2286
2413
5623
1587
6792
1754
4717
4625
7091
9594
2974
958
6193
2415
3057
1648
5654
8773
8578
9188
4897
7681
5850
6489
740
6277
2577
7854
7465
1849
3560
1042
4285
1256
6103
9997
6317
5742
7086
7191
5361
4010
1430
8949
2097
2454
9500
323
5425
8388
7064
2727
8153
3650
7454
210
8290
1708
9376
9813
8728
7201
5036
8629
3722
8376
1658
3710
5885
833
5033
3617
8429
3290
2685
5473
6374
5674
3489
9926
2230
4139
1531
9569
580
3932
6823
3250
8252
7699
4197
3084
2664
3405
1657
9246
6251
7488
2573
8339
7312
1605
8230
4469
6649
9047
954
9547
9063
2291
4188
568
9795
1065
2158
264
3641
7623
8878
8436
530
5046
3754
7193
2001
3129
9338
6228
3188
8244
9535
8807
8662
885
4344
2532
3469
8211
7668
5459
7262
5953
6324
1853
1944
4456
2821
6421
7102
1072
2683
9880
8057
678
9523
4645
2030
8603
4524
2815
9782
687
8823
8431
1370
7227
3713
4677
3191
8746
1576
5619
8687
6084
6961
1243
1410
4694
5871
3762
5145
239
1571
6331
3071
3836
9472
3252
3428
9859
5422
6591
9320
9077
8476
3814
8970
8886
7590
4030
3267
4701
7317
2651
4194
800
2039
3289
4470
8065
9710
5640
8069
2073
7550
5868
9360
3080
4900
1253
7952
3241
7417
7986
1873
5544
95
102
5812
9381
7997
8883
4541
7589
6588
2578
3083
7419
1535
748
4637
5480
1097
7003
2998
5012
319
5285
9321
4443
3751
4728
1776
1313
8273
6625
7456
9196
9300
2760
5390
2048
1499
3254
2561
2794
9400
2540
3693
4825
6158
3699
137
6926
5471
5167
2839
5725
5243
3013
178
2421
628
8652
8359
7165
3997
6515
1656
9349
554
5492
6244
150
7838
271
5420
3626
5399
8613
181
8084
5100
2567
3012
1414
4059
5147
3514
555
9758
5950
7914
4270
3738
1799
2138
5645
6015
8155
198
673
9198
8345
3443
9651
231
9448
3370
2014
8479
6051
5937
335
6772
7902
3242
7025
1260
8271
9292
8911
926
9065
6748
9538
3389
1869
3209
652
4563
4160
6455
8531
688
993
7198
4022
4936
534
617
1388
5731
5146
6563
6072
1166
7230
2590
948
4231
7111
8664
680
4958
331
6293
2643
5728
7360
3999
5922
2015
767
8924
9911
698
9852
5467
9603
4094
5229
9760
1704
9026
1494
9396
9915
3696
3658
7712
8335
308
1015
1050
1787
3764
4050
8846
8137
3757
5920
8717
9943
1084
1847
5365
6439
3643
8260
318
4978
4416
430
9278
9949
1460
1521
3204
5604
9574
4414
7325
9127
875
5891
1688
567
1062
2630
1391
3859
5528
4391
862
1022
3734
6757
3390
4376
8517
2227
1850
2595
5087
1584
708
9850
313
2863
9157
3350
8310
1270
8692
8498
8851
1442
5767
7563
9274
7852
5861
5895
2391
4535
9460
8759
1999
7677
9818
3543
1197
9811
6616
3604
812
3858
3341
739
9819
1808
8917
5098
5750
8241
5795
4343
3726
6325
1463
1660
3525
209
5227
9211
1978
4867
9878
7034
7740
7258
2947
928
5825
4603
2465
5997
1506
4505
8908
2118
8925
4922
9439
4346
7841
3892
6217
2324
4170
136
2621
9095
1202
3496
1685
9745
2535
1993
7843
5395
8539
2384
87
6383
3880
4254
869
2522
7027
8978
6502
5884
4316
8435
63
8963
2478
5801
8973
3523
2232
839
1798
5106
2981
1844
6954
1696
5628
316
4574
521
6405
3171
4068
6021
4522
3792
6035
9473
4620
5829
3233
4942
6195
1307
3765
9518
956
8938
836
261
5500
1500
563
1354
8497
1093
1178
8830
2757
2156
6572
2518
5901
4812
5692
3843
7349
9289
9060
4329
3638
1077
2326
3802
5903
4876
4307
1788
4833
6567
7707
4106
310
4549
1868
5567
8737
1013
4951
6333
1056
3121
5220
2133
6660
2653
4729
1885
8776
3977
1129
5209
1833
5614
5854
5397
6462
4604
3054
1231
8083
3263
3449
7260
5231
6249
7044
1620
5887
5062
9255
1421
8079
8967
468
2862
4565
9187
3216
4331
255
8561
2175
7802
609
9650
3853
7706
6186
6953
7971
1942
2767
1520
1386
8553
7160
5055
2892
6721
7576
8101
2968
451
1417
925
7782
4737
8884
4112
7251
9640
6085
7391
787
7760
6666
6436
4186
1246
2187
2031
8461
7254
5240
7005
8110
7408
8918
2170
2795
2202
8442
8649
8543
2961
238
2310
9160
6988
2005
4534
149
6059
7928
3698
6817
2249
5538
86
6680
3646
4824
4713
1741
5960
2508
263
2973
2996
9879
9328
5045
6825
8081
1881
2702
8506
9044
8601
8541
2597
8318
6204
7319
8630
619
5859
6411
4865
6724
5080
4633
23
368
2790
6438
355
7116
9626
4284
7060
9505
6728
353
4880
9595
2626
8793
7434
9702
8623
9034
9605
4703
4567
584
972
1818
7394
6321
830
8829
2470
8695
7858
6612
7112
6984
5027
7925
8889
3614
5866
9754
9440
3721
2084
8277
3167
9231
3777
4007
8373
8956
2171
7622
1212
1159
1971
4133
5902
2346
8274
3866
7641
1933
9225
2239
3818
5531
2017
9928
5991
8713
4053
5751
6190
8955
9829
8440
6587
4138
3624
3019
6923
7746
6091
3703
7501
6218
754
3401
3151
6092
3652
2894
42
9643
8804
5856
1296
2
4521
8041
7805
243
9853
9639
1826
5753
7504
4042
1373
3849
8769
7376
6797
3275
221
8113
2109
6523
9367
424
491
56
7978
236
1809
253
2268
3000
1054
6043
3878
8313
1044
4626
1249
4125
9777
4855
4025
8299
4183
1032
8228
7655
3463
4558
2373
1043
2441
6358
7769
7290
3719
9120
8118
1677
3772
3952
805
3957
49
2638
6556
9564
7449
257
5990
39
3386
9202
7275
817
9909
3625
2942
4485
4999
9421
2008
3009
700
3086
9035
8269
4310
4902
7030
4503
4066
364
9673
9467
8307
429
6135
1052
7341
536
9767
7665
1860
4459
6831
5736
8788
6235
8548
483
2826
6539
9011
9931
3784
9136
1365
6866
901
8077
1895
8428
3837
5844
1306
5504
9830
6599
4941
3464
3199
352
2618
399
7496
5776
7558
3925
1582
955
7218
9577
3493
2258
3815
3970
409
1796
9079
171
5381
5642
2553
9881
2810
223
3173
913
1418
5520
8777
4680
385
1527
2963
1444
9755
3342
8990
8315
4018
4184
5643
8845
4498
4628
5940
533
8364
9374
4826
6229
1568
94
98
4845
6458
5289
7766
5749
8801
458
1780
4851
2238
3295
9906
6790
9446
2206
3895
7553
2160
7310
8044
412
2560
7577
616
3537
8323
2397
6127
1674
4450
6565
5956
640
3891
9935
9720
7848
2844
9416
8583
1992
2959
4562
5560
6314
8093
6887
5124
2350
2452
6898
8789
9860
1009
93
131
8423
5079
9362
1549
2078
4556
1020
5605
5774
9158
756
1333
2267
8877
5223
501
3608
6647
2262
7811
5943
3239
2649
1213
706
2190
4903
4182
8554
6219
7777
474
6240
1079
3017
4458
5626
3024
3306
1893
8560
3881
1368
9433
2185
6677
9040
1956
9941
657
7056
9991
4801
3100
5405
9028
7632
4306
6842
1302
8308
8326
5324
1963
9298
2444
3038
2152
455
3246
1566
9766
7515
9182
8605
5930
6806
2728
5496
5179
7932
6547
9178
9091
6332
9458
7970
4662
4783
1011
4297
7718
8327
5161
6060
2878
9875
2891
4208
3672
4612
2935
7386
2488
3099
4724
4877
2418
1031
1929
1555
4506
870
7279
3011
6546
5330
8120
4656
9682
8038
2054
5428
8931
7054
2055
5067
7361
163
6873
1076
376
2229
1821
7406
197
4796
6364
2189
6448
1856
3316
4518
6818
1242
5225
5340
5853
6343
4665
2058
5910
7895
2483
3467
8133
1002
1912
3435
774
1447
7337
7544
4866
2226
1426
2827
201
8836
183
7913
1524
1613
788
1277
3855
8782
1216
1901
3936
1989
1317
3061
1908
6602
3842
2617
40
5304
4116
5307
910
1298
2674
3817
4296
1428
7725
8941
2992
6191
1518
2523
6783
667
9607
9566
3642
6651
8024
4527
7709
9259
4895
3478
7431
6397
5176
7435
2781
9470
5894
717
4852
4540
8100
1746
8008
2247
3474
2107
5863
565
3484
5562
3561
90
5226
1343
7373
9773
1927
9893
7874
1682
1909
