3244
6553
4940
6850
7186
7482
4928
9855
9351
2236
8259
9346
431
8141
1002
721
483
4109
655
5919
2065
1703
4567
8037
7438
4857
3776
5534
9117
2068
7611
4206
4011
3371
739
9466
2593
9686
3008
665
8986
8251
1974
5589
6072
559
3144
7691
9027
339
8824
3632
4485
6966
607
7175
7245
5939
9165
2940
239
2021
2148
1893
5287
1839
9718
8006
8519
1745
5161
2180
4348
2614
616
5029
8192
7204
1945
4126
8633
5543
4082
1353
805
6661
6227
5888
5815
7013
5833
2611
3757
6474
6860
9255
810
5103
5407
3679
477
6175
2534
4581
1708
2212
6927
6375
4661
741
5347
8482
4520
4704
4980
8769
6129
1313
4093
4786
2924
8158
2477
1978
5150
7082
9375
9721
4407
2233
8469
3160
7370
9456
3161
6167
5077
8105
1149
6672
1813
8861
1886
3475
291
6605
3829
771
7332
158
8543
5658
3924
8010
1702
3967
8301
5309
9607
4957
634
785
8240
8572
806
1502
1004
2398
6633
972
5445
1187
5495
6121
8908
7380
2480
205
397
6640
3350
5578
1331
535
2926
6310
428
604
2407
3780
6159
1193
2425
6351
8720
6395
9018
1875
5297
2872
5960
1520
1539
4836
3662
1396
4963
7886
5970
6785
3241
3603
3098
8897
3142
3980
2298
6217
5910
8756
3322
8582
9769
6301
3137
3678
1427
5779
1998
7249
9598
724
7644
334
8089
1192
819
5175
852
6841
1534
7210
6464
1661
8419
6919
9444
5738
6241
9425
5120
7624
6707
4449
4346
5935
1062
2345
9687
379
3504
7551
7310
1726
1685
4594
4949
9323
5624
1804
9260
3789
1406
438
7045
1939
3578
9587
2620
3434
3536
7346
3392
6752
8379
6110
9035
2502
7244
6496
9863
4487
9975
99
6478
1604
3036
139
7202
2053
3238
2430
9785
7033
82
3338
9302
786
8148
5961
5197
1711
9819
3290
2744
8505
1579
9332
998
931
424
7099
1879
6648
8481
8048
6705
8032
1658
3592
9511
3877
7772
8929
6188
9910
7906
773
3375
1858
7374
4453
7436
945
9054
9524
7345
7368
4700
1074
6638
6603
4121
5636
9658
7987
2267
2990
7547
5857
7172
2804
9932
6880
2325
2115
9965
5769
5216
3309
1174
4214
5025
6654
1652
1600
8987
1425
4315
7213
8102
2718
9656
9775
2318
7997
8389
2985
6342
4038
7521
9919
8175
9487
997
2485
4585
3710
2099
1462
7057
4616
5182
7830
9648
5955
2885
8273
4666
4097
1061
1116
8453
4168
9796
2904
2397
7362
8345
4816
6329
6305
9138
8112
8177
5143
8434
3523
1369
2119
2007
5668
253
9143
5718
1217
3893
2931
662
1175
1261
1513
9271
9317
6666
3999
4203
4364
9877
5899
1167
3295
7897
8821
6773
1841
689
3213
7162
6625
6949
4184
6163
6010
4848
6208
2928
755
7881
1800
4807
7923
3239
2667
3382
984
5239
5801
1634
3344
1034
6825
1240
1514
7621
766
4736
3932
4095
9370
5225
4526
1071
3377
8005
7012
2197
3399
8312
9304
9606
7614
4149
4247
201
5307
4471
295
1588
1375
6264
4678
2608
9660
9920
7276
492
2937
9882
2371
687
3258
4142
6765
580
65
5950
5573
9059
1687
3610
2048
3653
7559
2970
4455
4912
5971
7726
7853
9283
34
6194
6486
1156
7642
5050
3814
794
7512
4622
3778
7550
231
2774
157
19
7080
9876
9083
2737
3827
9941
9661
7757
7169
9633
7200
8607
4652
2278
4883
1664
2845
8938
6727
1473
2772
2456
1722
2725
1564
1829
9536
8601
9485
3372
9218
1890
3581
2691
1052
1084
9623
6812
4577
5417
4888
128
1414
5680
7275
3119
9578
4582
4699
7294
2859
5849
3768
7955
2560
8300
4373
8257
3451
7622
2246
3439
2786
1613
1992
8024
2177
9631
579
6257
4619
2434
1382
4902
4770
1286
4592
1317
5825
6826
8967
9241
609
6766
7742
4007
5317
9222
3474
3231
5800
8136
6299
9977
5851
8584
3225
8806
3307
1936
574
4224
9838
3047
6254
624
6328
113
529
7439
4443
8961
6280
1093
8161
3314
8830
5991
3572
7573
5905
9195
3458
3385
9427
3473
6047
5142
8027
9845
8686
6900
8061
1125
9031
1653
8705
9443
5057
9267
6467
5298
9216
6417
4473
2076
1808
2169
6943
1575
1701
4867
3669
8879
6540
1400
387
1619
9542
3205
8822
8962
2045
222
9291
654
4442
2913
7111
9494
7101
9445
8667
8717
2118
9654
4190
1001
3096
9071
3681
4106
1104
4735
8739
9722
1607
6212
8539
8407
3145
8680
1204
4783
8133
7517
9295
5977
7293
8410
6218
9176
747
581
3821
6243
9234
8459
7872
7252
9160
4351
8039
5136
6206
4519
9643
5678
7223
8621
2022
5127
8044
523
3083
5285
2323
2640
9777
5719
1282
3886
6253
549
2273
7455
3340
6504
9101
220
8571
7114
3105
281
2091
4207
5740
4708
6722
6871
7262
3452
7344
1448
6116
6856
9760
6992
4654
5410
7754
3363
161
1298
4275
7526
3133
4349
8485
7764
7847
2607
2257
1530
1951
4987
3743
1618
5436
2239
3674
1511
3487
892
8146
3594
8627
9575
6292
1510
2669
9893
8390
8932
2162
5989
2317
4468
8998
8436
9793
2601
2892
4724
3108
809
1593
9404
5841
5814
2978
1031
8622
7441
6987
9135
1403
4863
4801
4869
274
3976
6576
5805
9900
2842
489
7219
3818
4841
2717
2380
8561
2290
2987
8924
2406
9800
9642
53
9875
8033
6901
4868
6219
9433
9274
2440
9835
2840
2253
1083
8726
2807
2584
5322
173
2470
3253
7932
6816
3665
2486
7806
6240
7799
9947
5872
7989
6619
7289
255
8073
351
4215
3813
8844
2729
9764
4965
7679
2083
7631
7239
9439
2862
981
504
1677
6516
1848
2353
3401
466
736
6777
2973
6101
1962
589
6088
8808
8036
5904
1713
3360
1490
2467
9377
9514
420
1735
4583
7233
9949
2956
8566
8631
4312
6686
9312
8529
2716
5691
3771
8793
3966
8946
3926
9469
8605
1781
4961
1882
5533
3733
3870
7669
2901
3440
638
5995
167
3236
9681
8078
9595
4362
1599
2632
8541
8476
6426
3170
9041
4132
4180
8810
1136
5657
3732
2005
1032
3673
48
15
4632
1449
5817
7597
8672
3069
6665
3046
5916
2660
7234
6261
313
1247
1521
950
7595
1195
6181
6931
1760
5593
3209
1941
1381
7406
9028
9604
8512
5432
329
9657
1885
8352
8167
7228
9163
4041
6511
4429
703
3930
1442
1691
8049
9029
8367
4136
3324
4365
1625
9970
3296
4992
2914
4808
5403
9108
2350
1814
7400
758
5528
5934
1855
6518
5406
1965
2766
5104
2831
8398
3839
675
5651
6610
1540
9973
8232
5731
3085
7411
5409
1098
6716
213
1050
2189
4103
9051
6038
831
5430
5022
8040
5020
684
3221
6832
9744
3394
3482
9215
2919
8498
7164
7328
1377
6532
4064
7803
4433
457
8551
1185
9911
669
3355
4615
3654
3196
411
6045
4927
828
9358
2363
3862
1503
8448
9177
7584
8736
7823
1020
632
5275
8119
845
1720
9080
6230
4150
2396
2745
992
2800
8953
3397
4952
4778
3724
5515
934
3471
9914
3830
6854
3297
3006
1994
7240
6933
7481
5856
1023
1968
8675
5626
3500
3790
2710
790
9673
9050
357
2457
230
8162
2105
9820
6735
5024
1235
495
4330
4566
4406
2705
7130
6530
6810
3265
9612
1227
8679
6926
3899
6394
1228
2719
9001
9904
9303
9090
292
2059
6200
5580
6093
321
7019
33
9651
5324
2155
2291
8651
3794
3766
966
2058
2163
8466
5767
83
2974
2782
6340
7774
9422
5059
5787
8606
7599
9024
8487
27
2793
2761
6921
9299
8221
7479
2570
5114
3329
1376
4960
8673
9696
6972
5908
39
8983
1000
4483
3989
8556
6056
9813
5990
9921
4238
5581
6914
6105
7706
7733
2487
217
6834
2742
6071
6331
7251
7404
2797
8293
8684
378
3260
4516
6975
7490
5074
1324
9522
9342
7748
6469
7457
1809
1201
481
9871
6756
5981
7417
2852
5588
1507
1925
1773
5039
484
2312
3103
4726
3444
9171
6187
9517
4305
3010
5952
4898
3211
862
2404
8870
277
5756
8665
7761
4068
5591
5435
9096
4655
2778
7826
4059
1249
6337
1897
168
1990
6552
1597
1006
6282
7106
8564
2528
3087
7664
4256
9560
1141
8011
8207
2972
9534
2857
7909
8199
5118
247
68
1178
3962
8460
5599
3609
9895
3319
9236
7322
4220
1958
7459
9546
4350
4588
9198
5176
5525
6592
3219
4239
711
2167
7883
1439
3871
4057
154
1041
5172
7871
2432
4631
2279
7125
3646
6869
8841
7473
7787
2479
682
5564
9628
388
7608
1830
4478
6138
8846
4563
4122
9766
1740
6304
7973
5222
7032
3233
5115
1584
3761
1475
5766
1310
9126
6448
5688
1506
9181
2635
5294
4938
2060
993
2955
3426
2588
1408
2907
4196
4543
3880
1497
1654
305
1022
6541
9203
9091
1993
8800
422
9301
7525
5517
3658
7893
2612
4540
3202
874
1325
137
5875
3921
8284
8213
8873
8747
4851
8461
8952
9585
5734
3571
4536
1878
2785
6696
8752
6265
336
6780
1389
6346
8874
3148
7463
6300
5497
5112
5122
7565
8712
7291
9316
4391
8936
1
5276
9739
5192
7312
5458
485
6298
1966
1290
3269
6155
7163
9410
2131
5391
243
8403
2016
8422
3611
4964
2596
1321
1872
8474
9129
1218
73
51
9354
8470
6719
2478
8766
8016
1817
9509
2582
5054
9058
1874
1099
131
5001
7273
958
5777
608
3526
309
6260
885
8340
4739
8895
1045
6835
4033
4824
1614
1330
8428
7155
8238
2605
7176
3435
3449
2329
6368
5541
359
8681
826
5753
8670
2117
2511
6667
9223
2157
8594
4878
942
1198
5251
8488
2030
3283
5360
6290
539
81
4781
9360
6160
4246
4309
2382
7802
320
4411
7876
4953
284
8117
8866
3339
8878
829
2971
3040
7976
3988
1386
8853
6555
3622
8042
3895
1359
7818
3906
3696
7868
1280
7958
613
8744
6429
5802
4021
4244
7729
8202
3843
7747
3997
6500
9182
7534
9409
9207
2444
9064
8104
6140
2000
7461
5587
2675
1289
5067
9897
8573
554
6172
8883
235
5170
299
9037
7079
3405
8636
6749
2289
1724
7434
4569
590
1461
8523
9468
9850
2552
1013
811
7828
8671
9812
3035
9991
4538
7892
3534
6199
6510
9488
5695
3767
2769
2697
1887
3963
3166
3905
4361
6024
6353
1117
1730
5536
9624
2949
802
7685
9616
8210
7646
1806
5714
249
9888
7862
1973
9148
7220
3676
3807
4935
5045
3942
710
1019
4268
2269
8867
2788
9827
6048
9645
8215
9903
11
3373
9627
1822
9214
797
4813
5429
9094
7842
7543
6461
5290
3769
1288
9294
2011
9277
524
8275
890
3302
640
9263
5571
458
7347
3037
5608
1623
1676
4400
9746
4205
9912
3454
7666
4270
6059
4943
8658
2300
2260
6742
9130
2245
6947
3496
5162
209
8555
9571
7150
729
3190
700
1094
7042
9770
5922
6644
1147
6528
1275
7340
4877
8991
2252
4341
8562
1318
7451
2650
869
1481
5049
2915
3927
8409
6997
1395
6182
2154
918
2448
8847
2366
7601
7594
8613
3596
5366
7617
3100
4876
3773
2210
2849
3619
8330
3716
1545
1392
4306
76
5203
7001
2043
7480
9371
5749
5480
572
9592
8852
1517
9296
2946
2810
8408
6657
3854
1563
3044
5277
6515
8157
5302
1065
7360
8662
507
8685
7440
9447
2303
6684
5877
2080
6791
7341
5079
3445
2003
382
3188
2213
41
3668
1762
61
8341
5986
2703
9990
5866
2391
267
4903
2017
1826
3876
2095
1468
6676
932
5733
705
3510
7974
9095
6628
6678
4398
5374
9576
1721
3179
3460
7689
6481
482
8256
8525
3224
8642
5199
847
13
6698
2991
7136
7290
2319
6117
3796
3831
9318
2129
5998
7981
9421
4539
5385
2384
8778
141
2471
6925
511
5
7705
5341
9111
8002
9859
3073
5519
4747
7437
3805
6912
6896
9309
3029
7246
3979
8999
3156
227
6892
8632
9491
6482
2137
3094
3548
8738
2820
2349
3559
8854
5982
7027
6021
3706
3455
5690
9275
396
6917
2372
5450
7776
363
2846
6852
3542
3740
6027
5577
4210
8176
7098
3573
8423
4784
4812
8219
6276
5710
5927
3684
6680
751
6701
9107
3274
2219
1989
3824
5670
2287
8934
425
5204
3311
7971
4179
8776
1234
5918
6369
2400
951
8891
8385
1279
380
9791
6320
8004
8051
630
5889
6889
5426
195
1398
1870
8186
8677
3834
8506
2525
4380
46
2646
8204
5840
4240
8118
2143
9426
7788
208
5398
7914
8724
72
9150
5988
1542
5288
8131
4572
6044
7384
6049
7538
7387
7756
3623
970
7737
1981
7725
1206
723
9610
7982
4402
1927
6398
8768
6597
7959
8226
4831
8062
7212
117
8930
2419
8979
9867
5508
2545
761
4880
1246
5035
6745
9717
6018
1441
101
5694
2975
8144
4486
9055
4291
3300
6994
2686
1297
8156
8329
8981
3875
552
6763
8462
7901
9667
121
6523
2507
3104
5502
8222
445
1097
4024
7797
707
1285
5173
7009
2497
4174
3173
9786
6991
7896
8843
393
7149
681
4769
4846
9994
4936
531
1416
8710
2468
3214
9293
6744
2887
1761
8909
6538
5220
971
965
9100
7208
4161
1272
3332
9987
8644
6411
3973
4510
2566
8545
4981
857
5019
9548
8220
2332
5565
1572
4866
3155
1884
3621
7313
1938
7022
9191
7910
1582
5148
3494
6788
7211
3858
5254
937
9493
7651
5999
1512
9350
7628
3222
7287
2734
4917
3323
5169
6242
6761
9402
3112
5157
9659
4026
6113
9038
7858
7184
6731
2195
5427
858
9068
4729
3915
4440
7544
403
1659
9151
6020
89
1751
2229
8786
5619
5431
6588
9858
2655
4690
8865
6272
6363
8923
8791
6327
4185
3986
8195
8733
9869
2843
1738
2637
5419
7023
1079
1548
1803
28
8191
4248
6957
6988
969
2548
8614
5386
5778
7466
7965
3634
5256
3279
1823
6122
8377
2801
6201
982
8858
9278
43
5965
9227
2900
5632
9169
795
3914
6655
5507
2789
2756
7810
2307
2556
9782
8602
4722
3735
5531
815
5745
2689
4298
6688
3897
3361
3802
6934
9089
9266
3793
374
7844
2335
9118
8678
6973
5146
6656
7657
5021
8029
1358
3433
9403
2034
1987
2886
199
271
6564
105
4875
5537
9699
8940
7578
5892
4791
440
6124
7699
9477
2338
2008
108
3118
9413
8276
1236
3941
8544
9202
9406
1526
3791
1657
9540
5096
548
2037
5959
7319
9771
8021
3519
1838
7561
9503
4942
7097
8338
2722
5181
2841
9344
9408
3191
8374
6583
8947
9128
2586
4054
1221
6177
4069
3628
3635
8143
3554
1819
4170
1988
1673
8963
2310
859
6193
5709
8465
4723
2272
3245
9694
9501
1239
4197
610
4140
91
6817
9738
103
3817
8550
3782
7243
6203
5628
308
1976
1291
9539
4314
9156
4072
2829
8772
5402
4829
3626
1370
9023
8937
8041
2439
2321
4720
5252
3176
3058
6477
6568
3651
2226
5509
3066
4932
7809
9455
245
3844
3647
7635
7068
4925
9532
4505
232
7587
2401
1069
1108
8046
5037
8431
1911
3515
4511
4034
7366
5605
933
2579
4512
9709
5744
3721
4557
4438
3797
2672
1834
1265
6492
8328
9034
2411
4303
8763
7701
2208
5687
4374
4231
8770
2458
9411
54
5755
7620
6376
1355
3566
949
4115
1550
955
2854
7026
2235
7104
473
8405
8471
3511
1769
5303
6085
4914
4681
4670
9470
5066
7338
2569
2089
4060
6951
6184
9194
3425
6215
1103
9076
7280
4085
7454
5260
2791
7100
1732
1457
4529
753
506
1157
1898
7839
5660
9747
9849
6959
3483
9868
3383
8126
5452
4629
4304
4278
7075
744
1159
6321
9356
8813
7174
4087
696
2541
4076
3919
7039
1921
2522
9081
3644
7990
9003
9789
3286
3082
6452
5743
7890
1210
3625
6915
3336
3216
6430
7161
9593
3212
3969
18
9084
5343
1269
5928
1444
1660
198
8812
6730
5168
6213
9019
5293
2509
8780
494
3022
4358
5865
5271
2092
708
9235
4356
8716
3333
9985
2357
6001
5046
4372
5140
8576
326
1650
7567
3291
8241
3413
8420
7381
7956
9712
8889
1616
63
9832
8055
70
1274
2921
3275
160
8926
7499
4092
8734
618
5351
1197
8214
3220
5247
302
7583
1912
1527
3535
615
9783
522
8187
8316
4302
6404
1934
2530
4017
1314
4331
7528
4324
6548
8354
7327
5830
5041
3945
6877
2256
8624
8598
821
2299
5503
849
516
1357
8513
4759
4974
534
9933
3865
8869
5354
6028
9519
1336
4915
9804
4377
7468
7681
7532
9383
668
8872
6590
6134
2700
5413
3811
5650
692
2559
1914
6456
9556
1859
6669
2293
4862
3131
1186
1792
6732
6726
3467
4617
569
6457
8322
9459
5346
3041
5227
5420
6740
2422
5647
6636
6736
3760
6092
1505
163
1160
8511
6769
9823
9625
1547
2361
8138
4101
5315
4424
7489
9442
7354
5185
9078
8109
7707
2922
2220
7696
3551
8253
7358
8988
994
9453
6965
3093
3903
7979
2451
2856
5344
8209
5267
3015
1225
4956
5491
3726
2879
8331
1203
543
5336
2475
4233
4514
5559
2573
9393
3576
2128
7298
6520
671
240
6649
5308
598
9026
3181
2462
9348
2018
1840
1766
9123
8863
5676
2206
9243
3661
6356
8729
4624
2491
2231
9122
1644
8413
5193
1189
80
8492
1810
1005
5945
6442
8495
9486
3564
1482
9201
3878
767
4216
1902
8833
5953
1379
7994
9399
6802
3271
1598
9913
9340
6786
4612
3088
4916
2826
1493
8350
9279
3076
3242
3299
2603
5704
8025
642
7983
8742
106
3600
7755
3784
8297
9929
6863
8068
8291
8489
7851
4620
6598
259
4970
9245
5213
6204
9619
6483
1868
7596
3080
2916
7288
4280
4908
3489
730
7135
6082
8339
6784
7390
4459
8375
1142
685
8421
4894
629
644
6790
9617
3756
418
7266
5913
5102
6572
5956
114
4134
6881
3384
8433
23
8882
8928
7939
3502
7586
9741
5201
4251
9976
7715
746
1066
2895
2081
1091
9790
2251
4113
4025
3287
8549
8171
4112
6741
184
8748
8440
35
1146
5702
2952
9036
6025
5555
8619
6820
8630
8653
8168
8432
9959
6557
399
6322
8355
7492
5437
3948
1684
9434
6287
8600
4480
6250
2613
6114
2399
7585
2328
8608
5195
4734
8919
562
4882
6439
1944
2576
4181
8980
7061
4028
4339
8663
7053
3146
7913
5887
4730
2762
6848
9385
3978
4393
5061
3436
3522
2967
5070
8249
9040
7506
9172
9618
5883
9577
4643
8635
3052
4229
9993
5786
3354
3092
8212
6273
2757
9719
4995
1158
6913
5631
5028
4609
9490
7334
3305
2735
3729
491
8965
5047
8090
9583
2147
1443
2435
2696
9208
2625
2777
7286
6407
2186
1776
6294
6608
4923
1011
5834
478
967
6958
7067
4835
2860
441
3580
1931
7746
1483
8163
1807
4860
4119
8935
5218
1861
8038
9765
9319
6289
3918
4077
4049
6581
6546
8517
4345
8880
446
3606
5729
8155
6063
6503
1202
4058
6323
3727
3294
6141
4796
5648
9848
8313
3505
9432
273
7504
6390
3177
8714
6489
8081
4623
1835
1797
3039
16
5645
9072
1704
5516
8247
4172
5790
4048
8611
6660
5549
1524
2936
926
3264
2617
5937
6618
7021
2347
3633
7970
7933
4258
5082
1522
5987
6009
9702
1609
4599
2069
7894
6223
9044
400
3888
6377
5282
9983
909
6173
4448
6923
7206
622
9570
4187
9857
4177
3312
4189
412
6498
4128
5075
8425
6846
9822
3488
5017
324
1825
4456
3417
2331
7745
4818
2316
7875
3465
5023
6316
4646
7442
1155
150
8299
2405
1051
3800
8294
9042
3430
5392
7058
499
6637
4767
9250
801
5456
6928
7735
1437
2277
9333
3197
4939
1555
1764
7804
1888
8085
6445
1649
6859
9088
4533
9424
9707
6220
6711
8362
9457
7682
5043
6529
187
6692
7969
6948
9733
4211
8984
9338
2638
7941
55
7377
9599
3954
8327
8478
8907
759
4195
4382
2284
4418
9069
3859
7486
6717
1561
6758
2850
4257
9756
6410
8612
1130
7944
7147
3154
4692
8347
2568
7302
7043
3055
9476
5421
6107
2715
1402
1519
7069
9737
8641
6246
3804
8546
1693
1134
7874
2348
9891
2305
4293
2161
2688
6536
1818
5187
3929
4397
8536
310
3675
1854
1509
9184
1495
8692
3537
6233
4677
2837
2254
463
5902
748
1016
3775
7460
9237
5557
7667
9002
7095
2547
7060
8359
9394
6549
9387
8764
5384
9703
9527
8553
1028
5388
1348
6295
5823
7516
7545
2893
4107
261
4088
3237
2190
2108
1573
2880
439
1767
7264
1081
4774
4947
8508
392
8490
5569
8159
923
6302
7170
9082
8067
3469
4971
9955
578
188
3913
3861
3637
265
6462
7895
4392
2889
1423
7680
6438
3263
7502
7898
3347
162
3027
5717
5186
2139
8149
701
9242
6372
6083
7120
4858
6642
6561
2543
834
1901
4470
996
4484
6622
7469
5428
4116
2102
6602
3586
1409
8955
3892
9512
9395
3442
9605
2599
5481
7196
8439
6903
9306
2783
9725
8288
7305
4639
5401
693
2863
1222
8668
4426
6318
9613
3032
5355
714
7985
6123
4656
5249
6993
7295
5679
8140
3608
2687
5757
8111
1589
4490
4945
2796
5863
603
3193
22
3130
6156
4765
1243
7833
9762
1881
5238
6980
3956
3670
3961
6131
9139
3890
4772
2803
4295
1937
9185
5795
2383
3944
1407
3970
8563
2883
9013
234
1169
9697
9664
4929
4861
92
9496
706
189
5661
8790
7087
486
875
335
2871
2050
4389
2539
5154
7724
3367
8949
7285
7796
6986
7604
4537
6236
6879
4249
4243
5943
1086
2814
6291
1251
3057
4439
5230
5159
3879
2381
2205
8358
8001
2563
3531
5248
7003
1458
7813
96
127
6166
9355
8442
6682
5563
4977
4899
6906
1916
5804
7237
8406
8888
3746
2983
1942
1432
8103
6153
4593
9197
5352
1049
8516
960
2090
3911
4804
3128
2765
7845
2932
7779
1734
5190
854
7654
1150
1856
540
5964
850
789
501
6697
3617
3680
2866
6076
6210
6857
952
8099
5268
7760
85
5273
2339
7011
3998
2196
3207
5819
9368
3024
954
699
6409
5917
8243
5433
1327
8066
7199
4856
384
762
6125
3968
3326
9000
2385
5279
1950
1580
7771
1287
4002
2135
496
8801
9077
6042
547
5016
9589
6828
3000
6065
8267
2825
3316
4779
1260
8743
6757
7485
5255
3722
1655
9547
8160
4684
3689
4308
3748
3933
4602
8568
3223
5852
5891
5762
6942
171
4451
587
3101
7652
9980
9609
1333
3293
6003
5060
2461
6455
3923
2201
7047
8982
2417
7873
1995
3593
4366
3007
1486
6838
6882
2209
9935
9537
3570
8596
6798
7966
6840
6344
8719
3453
8775
8969
3808
7363
315
601
1811
1334
5111
4595
8992
843
6922
7609
4491
5339
1151
5794
1433
5886
1624
5630
9337
990
2816
1431
5389
3920
2604
476
7487
9353
6216
3936
7762
9615
7954
6866
7168
3798
3151
9132
5501
7603
238
4066
8966
6868
9238
6239
6281
3682
6977
9461
1255
1113
1184
2668
9233
7048
7670
793
3712
2469
7722
102
8785
2261
2250
7713
5177
8655
1869
8077
6804
5773
5798
7848
278
9056
8342
5373
9073
840
5736
4199
6886
490
542
372
985
5808
1630
3381
3163
8121
4742
8715
1518
3478
866
4193
4790
4354
1311
14
9963
5997
7465
4502
4396
5183
9287
4570
3860
5289
8258
1163
8697
8386
6721
7720
647
6573
6262
3026
1546
938
8970
3410
4292
4506
8583
4175
7727
5325
1037
9423
8828
9829
704
4714
716
1268
8020
4558
5723
4531
2981
9958
3745
3643
475
4503
1969
2948
9045
1015
7126
8216
3965
8205
2839
9978
718
5097
5666
4234
4482
5720
2211
2882
6192
6960
4701
823
879
2881
7063
9931
9021
2663
9288
8095
1857
8814
6031
395
4201
152
7268
9906
986
9229
7612
264
5212
4787
6507
6664
1067
4253
4507
376
2798
7592
6734
2694
6699
9467
9225
3607
3303
8438
8774
2986
6221
5099
656
8324
7968
5312
9574
5976
1388
7508
6144
1209
9715
6171
6106
1295
2779
900
6641
2172
8892
3468
6017
528
7034
1592
5760
2057
7632
820
8896
4495
4299
2961
4881
6739
9525
7241
6890
6466
8189
2726
9289
98
8645
2230
4301
2324
9489
4849
4647
1082
515
9997
6207
7661
3847
8927
9175
3881
4461
7773
4152
9649
6339
7537
872
9086
5086
7432
9436
7825
2029
7365
2088
4340
2720
7339
5451
2070
7062
4145
414
3585
8326
3257
3379
2773
1783
4146
4752
9521
944
7331
7540
1258
4148
3819
5131
4685
9515
7348
7071
6285
9647
5034
9211
5469
9228
8535
1283
2097
6689
4664
1299
5305
4630
6945
3659
186
6983
3325
8069
4300
3912
2082
6147
7703
4597
2228
1586
9986
4285
6079
6447
2071
4802
8533
6653
7610
1903
3012
450
6505
4561
6195
7962
6145
7577
6326
4859
8260
6494
1895
4223
4083
5584
7081
1110
2265
3690
8074
6266
1709
4528
6708
4900
5378
2193
7663
9390
6611
2125
8864
7827
6418
9334
2120
5724
8128
9729
8694
3304
8599
6899
174
2873
95
3752
2445
9115
7137
983
6284
8647
8971
1967
6613
6480
8263
1674
4156
9382
2969
9998
2466
1278
6794
9639
3866
8500
6444
3106
8491
3134
3907
6343
9754
2438
3215
628
1568
1801
6248
9951
2500
4657
1996
4399
5951
9736
4601
2144
7132
943
738
9161
1356
3318
5763
1008
9257
8343
2002
7927
7376
4310
2023
3266
2685
2670
6920
4650
606
7146
6704
7988
9523
9839
1154
9881
211
9818
5847
3464
5253
9006
904
4549
7160
5850
3595
3123
6999
1499
5522
5257
7389
1043
2731
279
4075
2853
8618
2589
58
2067
3172
8604
5474
44
1410
7920
8154
3277
4627
5240
5764
4663
2943
5992
5246
7995
4703
1133
8314
4814
6527
9761
4911
6687
2042
4368
1035
8397
275
9092
2031
3042
7274
8007
4071
7924
322
7040
5876
316
8150
2001
915
66
893
4030
1120
4782
9231
5604
5390
9276
1682
1603
4004
3867
5380
8868
6690
7536
9330
663
9416
7785
9678
717
6616
7037
7083
1747
3199
3825
6007
8620
401
1039
5471
525
1309
3524
5839
6060
4003
1342
4032
5785
1877
4972
1536
898
4552
488
4297
7167
6862
112
7952
1753
7626
8943
6154
3254
9698
8026
6424
7634
3904
4817
6408
3629
1569
6586
576
7178
9248
2876
200
9981
3950
4264
6706
3472
4636
520
4499
1372
3709
7606
7905
5972
8203
6764
2867
7738
7838
2040
9204
9939
4441
1024
6437
5932
3124
6267
3054
2403
37
8185
2531
2216
3421
8789
2426
3891
3533
8741
4261
8661
3353
6247
9392
2733
1667
9544
8757
8862
8585
5622
2999
1033
86
5219
5152
9856
4371
5365
5742
8820
5258
4051
7877
7356
956
8811
9591
5044
5072
3750
9730
7957
7299
7225
4941
9032
1347
6023
4287
224
908
5242
3272
7025
3553
9070
9601
9676
7028
7767
4036
3540
921
6746
7046
6647
9695
1471
9464
9675
5692
2481
3273
6365
1827
5640
4073
7769
9969
8224
4756
5368
6870
6755
9972
4376
7692
7693
6293
5137
6539
1477
7972
555
9543
6775
7915
9247
3683
1821
1832
2418
214
9808
8401
4137
4944
9665
9581
1680
9048
6714
7730
7470
8164
3157
2535
1750
3785
5056
5470
889
3671
617
2078
2188
2743
9541
7619
3887
4626
3900
4437
133
6286
1096
1971
8683
7719
4497
5682
2168
4260
75
6371
6428
3369
5363
9112
2014
7351
5793
1118
4669
7590
4015
8152
4788
641
8022
7501
8311
3652
4419
3095
4950
4562
5758
368
8298
7030
1073
7158
2019
9141
8779
1060
5784
4560
4436
7940
6423
4209
8531
4524
4872
3832
9731
1964
7476
5623
8973
5310
9792
2185
9902
9879
1501
8640
2077
4153
4218
633
2977
7926
6400
8087
5776
1212
2558
2049
2010
3461
5994
8084
7509
4043
6574
8106
8586
8318
9153
9679
248
3781
6128
619
3292
2908
4924
6354
6743
6052
6225
2958
7947
7044
4467
3091
2941
7949
2627
6391
4421
4741
4182
3147
8676
7792
3102
9336
8977
6847
5683
3428
2490
1795
5911
9713
9500
683
9781
4826
5550
6164
4053
1725
8610
1352
9186
3346
6995
2282
7576
6874
116
3518
2442
3424
8623
9555
5603
7171
7449
9852
7627
3412
8270
3348
5907
7556
2101
963
9629
3113
5948
2680
6801
5895
1485
605
21
1570
8617
5597
2473
5546
5674
3048
2203
8361
2701
5283
5467
1556
9119
7392
5338
9384
5323
371
7560
4975
1124
6029
4129
4481
9273
6924
3250
910
4854
8304
2753
4764
3508
5775
1018
4241
5073
3723
1391
5788
9670
2707
670
8060
6517
6887
6089
2301
4037
1759
5088
804
4226
7420
468
40
5110
8784
166
1894
924
5423
5542
8956
5004
7215
2524
6782
143
9563
3351
180
7659
3889
9596
5926
3149
7128
867
8319
1529
1736
8835
2191
637
9480
3070
3503
8279
3736
3050
625
4273
8396
8995
5616
2933
3588
1778
3084
7456
8059
6891
5715
9896
8229
3240
5189
7051
6473
5652
4379
6865
8366
7330
9407
4254
470
6064
9680
3289
408
2683
5422
8796
6751
6471
3168
623
2039
9262
6350
9918
626
1816
6180
7180
6259
5454
4501
3982
6526
5447
635
6623
9700
3719
2565
7103
7678
4541
774
8695
5842
6974
9450
1326
6639
8183
6829
4055
5535
7109
9154
1562
2657
8261
394
8246
471
4192
1053
3315
8795
697
8781
6118
7778
9802
8700
1351
2992
6996
8388
448
5659
7581
7946
9239
5518
9704
451
6884
3783
5463
1686
2771
5511
3521
7427
5269
7317
7510
5822
781
3414
6506
185
9379
4417
837
6725
868
7542
268
3164
4996
7029
1182
3484
3387
6152
1983
2811
7637
6580
2591
7444
1742
5078
7203
4793
7831
3826
3018
3349
6579
4743
5178
9724
2283
2215
1755
64
7753
3308
7018
7934
5921
9684
4422
5539
4213
1129
4008
442
3715
3364
8019
9668
1915
6364
5686
3053
6762
3992
5261
6355
5009
4710
6161
5810
6781
6853
585
9886
2626
9079
9430
8444
9325
2141
3182
8286
1957
6733
8735
3043
3200
8581
4414
7574
5326
4556
3331
8698
2158
1322
426
172
5224
6099
7419
928
3362
3558
9147
4395
4565
9828
2794
1242
2551
807
5727
6142
719
7714
8486
6806
3943
5014
9735
513
7571
3065
3917
5813
1932
262
9734
9945
177
905
7124
527
250
8132
464
6750
5274
3546
5438
4321
8737
8803
8120
5855
9335
8740
4221
1612
6000
4993
3902
3019
179
3703
8609
1643
9915
2656
4660
8264
978
1337
12
8429
7732
5751
9046
5313
5015
5835
74
4500
6103
8802
3432
1718
907
4906
1345
7054
3485
4614
3574
2160
5609
2767
2225
7653
9164
1784
1365
7259
553
4535
4707
5673
1301
9520
3850
9417
841
6883
9285
4078
9630
9269
5752
6694
2130
7187
2533
5084
8798
9602
8760
6333
1177
6779
2073
1250
5782
5827
2373
1088
974
7602
9927
1273
9831
4042
6094
8827
1014
4672
1671
1904
8402
844
3423
6737
2595
8346
258
6374
5811
1960
1972
9806
9530
276
5095
2945
2758
5979
636
8477
8034
4427
7391
4023
7372
3731
328
2258
1488
6935
6584
1991
4628
5812
6604
2587
3169
2609
6040
7805
7777
973
7829
8972
6314
3648
8411
9226
5996
2200
1438
2728
3028
5478
3185
4820
7697
7671
4634
4138
5914
8948
1418
7198
9292
9478
4457
9414
123
7808
7641
2302
4967
7303
7673
24
2044
7749
863
8577
1371
9210
6858
4319
6472
8851
2806
3816
5266
3984
7852
3247
8353
5930
4873
2409
5656
8290
5505
252
7518
3187
725
1786
6712
2313
5532
4288
4815
4020
7144
5163
452
6308
7154
5228
3990
25
9193
4162
878
6772
4852
8901
9308
9159
9454
3195
757
3255
4333
2379
6952
2741
7718
6190
5404
3742
1608
386
8709
4740
3940
6559
2501
2628
1743
7870
4493
2488
648
8416
2275
651
4803
9922
8713
4118
8145
680
3582
6349
8363
2512
5940
4135
4262
880
7555
5449
8456
3320
1515
4795
3356
8387
7418
7256
3138
9710
6315
6551
1420
3334
5069
827
7112
2681
3845
4005
1906
9106
5637
9995
3579
7424
782
5396
7960
7183
8088
4267
4191
961
4445
3846
9131
8723
1233
7308
9752
9745
953
2110
1731
7113
1900
6133
2408
4758
2370
2387
7201
888
6544
4010
1913
4176
4754
5376
3779
3636
2527
3184
2912
1421
2198
9502
7272
7036
6663
532
9836
6724
3764
8393
674
3246
2416
2760
9435
6967
8842
2702
3717
4155
6406
345
6149
813
4133
8098
7700
9934
9622
1828
2962
204
7000
2633
4385
3457
4517
2192
9113
3345
3525
1765
7866
5618
7998
3150
2899
5153
9928
4065
3514
7015
7841
4108
6778
4553
772
4922
9873
1999
4811
5316
2138
9600
3376
9183
8242
1248
787
6898
2838
5725
1180
2878
3115
7364
1415
4897
8978
2441
6487
4178
9743
9329
9378
808
6176
7710
6244
7089
6189
6709
2041
5538
917
136
9650
3747
1492
6179
920
6067
3090
8454
7943
2690
4518
1926
4198
3402
9256
2145
3462
6271
1880
7188
1106
1095
1047
8530
3198
5359
8292
3380
2567
538
5933
2652
9114
2046
1780
87
7992
6383
159
124
1271
6908
4044
7817
1549
5600
1302
3051
5211
2746
6405
9297
5901
6488
7977
722
7900
348
6185
4323
4378
1583
5642
6558
7145
2532
901
6127
5489
7333
327
672
5521
2942
2450
9842
5264
8616
2631
20
1145
7194
2577
4891
7119
8122
2421
5973
354
7548
2084
9102
5595
1566
4492
2337
4919
1219
206
7572
349
4479
4988
1883
7618
3749
6214
537
7889
6747
2894
4194
8483
7993
4410
3285
8718
118
6512
2472
599
720
9840
3774
5975
9608
8639
3931
7911
7807
5957
9341
9221
9137
5567
8782
3476
1417
5065
2927
2870
2327
8252
3872
5040
2578
1254
1787
4040
6799
8518
530
5925
9025
7445
109
8086
4404
7867
6443
497
360
2344
3132
2054
3557
6237
3702
2142
2320
7006
2259
241
3204
8283
1075
183
6451
4125
165
7218
4590
6252
1068
5576
9213
6808
7403
1605
5149
9462
5721
5369
7675
639
3856
1777
3801
5984
2009
9758
207
6162
6224
4386
5418
8394
6533
9386
9553
7750
1498
1003
2402
7789
1905
9567
1467
7558
3925
2727
8871
8108
5387
864
8499
2818
7138
5878
6560
6685
8455
358
4584
7687
283
6587
3547
6150
2644
7491
6431
1793
3686
9653
7151
865
4100
2693
2598
6595
7385
4985
1479
948
8809
2199
1027
228
1276
5412
9103
5442
9996
3438
6979
1647
941
621
1344
9475
9833
8831
8687
6332
1836
5898
2792
4369
8580
4313
7326
9057
4130
111
5468
4635
7324
9060
1681
4892
6729
1387
3450
5434
4141
1307
8003
1565
3755
6873
5869
9957
1853
2493
3477
36
4031
4693
6844
6296
1645
7329
5093
1543
6228
1815
8479
5107
5671
6875
3342
8418
3067
2431
5296
2950
7688
6378
5332
1072
6713
4983
546
3583
2020
8722
7704
2821
1470
8093
1224
1143
7790
8480
2263
1706
2274
8646
521
5896
3120
6005
4263
9797
5217
1956
7837
7625
6907
9853
8443
9750
194
4665
5209
479
7781
2648
4401
6174
5644
6700
7472
6403
2855
7961
3916
3268
8730
1843
9816
4080
9258
4236
9726
9142
1424
6626
7373
3520
5848
2732
5345
7529
1089
3396
1997
4991
8417
825
6361
6112
4918
6617
8496
7367
883
1046
5821
6399
4823
4465
6460
5473
9270
8804
1591
3180
3620
2111
1059
8378
4338
286
8537
8065
7744
9794
4435
1025
4171
480
6015
8996
1266
1642
6521
4794
9611
4805
1132
7337
4434
2723
7271
3562
1710
6748
1628
9173
4716
5885
4105
6715
4513
7072
7453
5460
1961
8659
1284
745
3310
2721
434
9022
8957
776
4416
4281
2449
7770
1328
6658
2592
1230
779
3267
2249
5058
6095
3341
8255
2555
5245
4697
4855
3645
9140
4282
3109
2706
6459
7793
9663
1567
5042
8172
5364
5299
855
5572
3836
5333
9526
6402
3587
8334
1166
62
8758
7523
1137
8445
7193
666
5335
7412
9518
9683
1578
5036
6969
3165
5750
4363
4208
7835
9259
8208
7292
1165
130
5444
9579
1865
9180
1087
5693
3569
5337
6911
6436
3009
9505
17
8364
7505
8179
3738
3541
8706
5654
9924
138
3928
1127
8323
9331
1977
1329
8426
4688
1715
8510
8348
3809
9531
2764
2580
7579
3737
9471
1668
3228
1164
7090
7197
7232
5586
7899
4994
6534
6077
7173
9669
5620
71
1076
6470
5512
3744
9801
5320
4966
6624
6990
9361
7951
9372
4039
4564
2187
8414
2074
8534
2386
835
9655
2346
3038
7409
1341
7616
4120
5231
8130
1606
8856
2223
9677
5486
3365
5513
1491
9391
8018
2086
6885
9441
9682
2770
6652
8233
9773
4976
8920
627
5554
5286
2666
6043
3061
1122
8911
192
4352
2994
7408
7375
557
7816
9584
3116
7349
1220
7861
8072
9326
1121
3694
6963
1480
9535
4775
5466
7648
5985
7832
9066
792
4727
8137
236
5824
8437
6205
352
7267
3395
6412
2389
4890
1919
5675
7684
3158
518
3849
2902
7570
7401
3705
8945
1315
5311
2356
5012
7265
6728
4200
9926
3577
8558
3409
3688
940
293
6867
7321
7297
649
1552
4158
7433
2106
125
8237
8463
7129
6234
8589
7780
6387
595
7695
4998
6435
9640
1690
7008
8399
2571
7549
3479
2665
2465
1665
7758
453
3544
9549
9597
3728
5893
9938
2836
7921
6543
2093
5171
7864
5129
1596
5094
6953
1986
9005
9967
9200
7879
6842
5206
8306
9497
7800
5415
8424
912
5164
1940
7357
7854
4843
9759
2884
7005
1696
9692
1200
8507
563
5000
381
4718
8227
9767
5768
9232
9538
251
6513
9988
5941
1245
551
7092
5633
3517
242
4509
5270
9907
2572
4084
6274
4450
1057
8503
5393
9635
5520
3408
4748
3758
5611
2296
1918
3419
5476
3064
7230
5579
4822
4725
8282
4763
1153
4709
5488
5703
4127
4405
2334
6630
3126
7278
3403
6249
29
5862
7563
4353
4279
254
7141
9899
5843
2122
2314
338
584
9369
8903
1256
887
5561
5781
144
1385
6362
4606
9437
3901
4050
9974
6916
9568
6839
8230
7636
1111
9728
9015
1651
4316
4889
3259
2271
9272
170
734
2015
2075
1611
3416
7743
1463
903
2056
364
2420
3030
6635
1447
1946
9230
4896
873
1541
8497
3616
8682
6981
1262
6306
9124
4555
7904
3437
1412
5027
5483
2784
4712
8451
7936
5540
7235
4425
4001
6360
6490
1627
5081
8657
2390
7010
4494
8091
6738
2752
4968
8127
1038
3987
6940
9380
9961
2546
6703
126
3374
3993
4605
570
6476
2832
5606
3513
7335
6668
602
9492
752
2979
8053
9063
1138
3739
50
5372
631
8173
5583
5132
2590
8228
8792
9916
988
5646
7107
5321
6793
8805
3666
4359
1436
6522
1631
142
6646
429
1281
5085
5441
7812
1752
6288
5978
4047
7593
4682
4139
1662
2126
5350
3946
3730
5667
7353
848
8524
7318
5399
7478
7935
5807
2433
1749
1139
1131
5980
9205
4296
2244
8704
1683
175
3604
6058
2159
1796
1454
7677
5735
1440
5574
5005
8959
6263
9614
4289
7447
9573
4277
4679
6606
9814
7723
5706
3822
9646
2149
1040
5614
9569
4746
8223
7922
2557
7741
713
8266
9950
816
975
6096
6111
8309
9307
2368
3685
2392
4469
5272
3171
6325
7930
4587
3359
2495
9862
1007
1362
3249
1867
5234
8652
5806
3404
2295
9012
5601
4370
3313
4865
7980
851
6978
5487
2776
2739
9017
3823
7140
4753
8100
9261
3492
3695
3262
8075
4921
1114
7192
6566
7925
1489
1140
3638
5064
5803
3288
1223
9588
5861
97
3343
1264
5113
652
9837
7553
5278
2654
4986
3352
1368
3909
3691
6954
5585
2354
7306
7426
3699
6771
8009
7307
7382
7284
9152
8501
444
7207
7649
4454
4837
6414
1161
5472
8906
6670
375
842
9755
5191
620
2202
3575
3282
2641
7343
2360
1188
4290
9989
9905
1910
5705
1205
505
9311
7336
7407
8236
303
6011
9946
2844
4738
8035
5165
8904
1384
3664
4428
176
8570
6004
2960
8369
5130
6702
5494
1954
6627
3441
221
1744
5954
5123
3004
1516
9011
3957
2749
4719
9865
3174
846
3391
7500
6070
5551
7539
5890
3337
1042
4728
594
1077
8392
3446
2643
8050
8201
5395
1263
1812
8514
1168
6589
6632
593
1842
5007
2868
1587
1459
1714
4591
7520
8206
3598
2966
1979
459
129
3937
6268
4532
7522
6135
664
8660
7379
6484
7121
2006
1716
373
7639
4910
3427
9085
9954
1010
7948
8380
4680
5684
911
1135
6582
5280
350
4167
5092
4237
1429
2410
9529
1873
461
8336
9284
6178
6359
6600
8303
8296
5006
7795
1669
818
6607
8777
164
7912
9930
5125
5712
2217
1975
686
432
5558
6033
3947
9428
4169
6330
9688
5696
5968
2358
6797
777
8473
3159
2087
4675
10000
5560
1679
2542
930
57
7088
1335
5759
9662
7731
6348
1748
361
9870
6905
2730
8493
4255
2795
4575
6061
7656
6091
676
2355
88
3803
5008
6336
8638
6086
9328
1705
1970
7397
7002
3995
2984
9834
1508
7568
2234
2237
8427
5854
2658
4850
2064
4705
8107
3229
1633
1699
3013
6531
2934
3186
5033
7736
1871
2606
6158
8198
4571
6535
8834
4266
2682
2529
9968
5739
1411
2153
4117
3568
5906
5362
8931
6102
726
3298
6279
5400
8914
8615
6137
962
3234
7494
3110
6803
5198
7902
1719
8014
290
3977
3759
8017
1216
4447
6845
6397
2536
2519
4488
404
5594
1464
946
8540
5552
9127
1860
6609
6674
49
2944
7007
3614
8435
3863
9053
3612
4286
2437
7388
3567
1544
9374
8096
6450
6222
5180
749
3762
7562
1980
6768
2489
3642
3754
9586
3660
3509
9805
9566
8395
4706
9720
2395
5681
6022
8188
370
3357
936
110
8056
7396
3136
7740
3278
8153
9075
8045
3527
6753
5301
3974
7065
9776
4357
3506
7759
1637
8285
2815
3005
1622
9121
3532
94
7118
9268
6601
6645
4931
9157
38
8370
4640
7598
1320
1207
1238
3045
347
9381
1413
7352
3869
8649
4651
6833
7429
7205
9844
7686
5713
8826
5244
5828
8349
3853
750
4884
8365
9249
8047
8727
3447
6809
9405
1244
2965
5235
8190
6419
1452
210
3693
122
6165
3480
306
2036
120
4999
5527
8725
1935
9305
3896
4785
9810
7413
2610
2072
2333
9190
1729
4649
588
8634
6759
3143
3075
6570
6130
1924
1794
77
5160
8592
1054
2424
6119
4311
6982
1984
8958
3718
2218
1768
7277
6143
9506
4016
9290
6441
4946
5747
690
2998
1294
5145
9458
5424
3960
2704
7139
3770
4799
4
5328
6878
2123
2526
9376
2436
5371
4228
4691
2520
6550
202
7105
4029
6139
7836
9219
5929
8071
9854
5621
1179
42
7786
244
5382
4978
8317
7857
2377
6446
6720
9798
740
2503
6710
6034
4737
3111
9693
8990
2052
31
9429
6229
4833
1478
7717
9714
4384
7323
2166
913
7369
8452
2270
9830
2221
5465
4337
4608
5831
5700
4219
4534
5524
4825
2061
285
7248
3641
5931
7615
4731
9701
8597
5722
8446
8702
3206
2315
1445
2264
6087
8368
8337
6046
9343
4014
4819
2891
9626
5408
2544
6066
1453
1531
9507
8031
318
4979
4574
8629
406
7497
2452
8815
1044
6937
8289
1728
4515
7004
9155
7937
2336
679
881
3201
9327
8542
5124
6401
4252
7880
2713
8565
5089
3422
4154
7156
3971
4832
6392
2917
2063
968
9448
2286
2823
5553
6168
7515
3456
6427
8587
3306
1397
6097
6851
196
6463
1788
1930
8180
9438
4318
3799
2909
8000
1496
8968
2858
2738
5627
4394
3175
4879
2340
3857
8532
7350
3714
3135
3501
5492
6433
6454
5662
8569
6955
5026
2326
2674
7600
6585
2028
7768
7711
3386
6651
7116
8166
677
6115
2982
4959
5641
9510
5083
2025
355
3210
1982
410
8058
8731
1070
9398
1100
2012
2132
2266
8797
3251
4761
7514
3107
1465
6421
7794
3786
1346
8295
5108
8357
2506
4984
1191
6864
8732
5166
7464
731
2
6275
8985
9590
8703
9481
9984
4603
7575
8579
1933
519
597
7999
906
2214
8225
3885
8321
838
6382
7953
9097
8170
8515
500
6774
2938
6
7085
7122
6577
6231
1126
6041
5664
9281
8129
9917
246
5243
4827
4329
3499
6918
4937
8174
8325
7250
4235
6855
2799
1148
4067
5500
6525
4997
269
1296
4521
2897
1063
2133
5665
4667
7674
8200
9953
6186
1553
1610
4551
9866
1528
7452
5155
4717
2834
3602
6970
3217
9672
6547
1109
2447
1252
3765
1892
433
2677
2848
9473
1723
6783
6008
5530
3627
219
6039
4696
5116
8404
5873
9952
4325
5820
5920
1907
1837
544
8184
2780
8666
7393
4098
4496
6964
5924
2736
3763
5329
2352
9880
6813
9420
7222
6357
4326
5361
3317
7798
8603
5353
7014
4870
5669
5030
6396
9999
2634
1422
5506
8839
1428
5048
3034
2597
7224
6307
2575
1775
8941
9966
7484
8012
4381
6148
6693
5340
8881
6754
5596
7564
8457
2474
5993
3059
2647
2653
4695
8554
5327
2297
134
1833
2583
4757
182
8239
4751
7650
8674
9504
9314
4090
3497
2292
9898
4864
4188
203
5836
7355
5221
6594
2121
9149
1456
6591
1080
7887
4789
6226
830
4909
2482
6074
2152
1741
2847
1757
4052
1390
59
3097
6109
7496
6795
5746
4990
2692
4466
8942
583
3687
5439
9671
8023
8773
6998
226
6519
1949
1798
796
5635
2968
3787
3328
5868
7073
4504
7511
5462
8875
7143
2414
6068
3938
8110
6352
5881
266
7421
8502
9641
6108
5562
3711
263
7309
6495
1211
6984
9909
2623
3406
1646
5701
8890
9992
7270
3864
148
4766
8859
2113
8015
6170
362
6950
4056
2232
1455
212
2953
6303
1102
9110
7398
8944
151
8123
342
9145
3020
7242
5394
3667
5455
6843
8083
7282
3873
8950
4131
7084
976
5789
9347
456
5117
5816
2819
5377
216
9803
4508
7694
4431
3561
1305
9740
8092
8520
4780
4800
9339
509
7076
2248
9419
5319
4420
8008
1538
5870
5411
3001
2463
9179
4061
1323
4733
3810
5923
7698
1360
503
6338
307
9010
1450
1380
8910
4694
2835
8217
5071
5259
5063
5545
1012
6897
5846
6514
9705
2951
1689
7462
8689
9559
3828
1629
4578
2695
2429
1500
9465
69
2109
591
9943
7247
4079
8876
9716
1343
702
3996
7728
1085
4070
541
4762
9708
4147
3868
3840
4545
5292
90
3270
7882
4202
754
4702
3459
8922
800
536
5237
9463
765
8900
4360
5306
5207
8894
673
3934
1558
5295
6062
2483
1891
153
8838
4094
1571
1770
7056
132
7638
6370
9251
1852
4933
6962
4554
4721
5416
4686
8468
9748
3538
8989
7859
6939
3099
6367
2241
8218
8302
8567
3851
7181
7580
8816
1863
3959
989
902
3141
4842
1789
3178
9093
9674
877
8134
366
5493
2150
4259
6381
959
7261
6277
6787
1590
3420
3753
311
4081
4217
6792
1472
5949
9170
9884
4307
1955
9825
8912
4744
1469
2181
6132
2678
6468
5498
5314
6036
9246
9885
6537
9787
5958
5698
10
5771
5613
870
9936
8271
2224
1850
5090
6904
7316
1338
6936
8951
3121
1363
4383
8807
2523
8560
7300
4498
7371
3062
8135
3016
3788
7423
7430
1866
9310
4954
1648
1675
5126
7763
5770
300
6554
8898
3117
8648
5414
9049
9452
2027
7690
8181
6104
7315
6822
398
2240
558
5202
7115
2833
6929
9799
8113
8054
4347
2679
1183
472
469
6824
6183
8823
9558
4604
502
3495
9621
7984
9498
9691
9638
9557
5510
4091
7524
7662
6872
4460
3261
2175
1339
9074
149
833
4895
1090
9162
2616
4272
5485
5383
498
4711
1799
6136
3855
6389
9187
2959
4444
1700
2276
6053
8721
2124
2079
1332
312
7907
2581
3663
5963
8840
7263
6629
7153
2127
9890
2262
7530
7110
7471
3390
7159
7414
7458
6932
1107
5133
5639
7878
1474
4530
3389
7734
7535
2828
3507
9136
2311
8464
3226
1697
5080
8799
2242
9446
1237
4886
2062
5318
4596
8269
4958
4839
2574
5610
3049
9878
107
2367
3964
4063
2455
8787
4982
7325
1466
8332
3431
8116
8588
7402
661
1460
2802
7783
6069
2047
9982
6054
5062
314
6989
3086
1401
84
7425
4472
2659
6571
3077
8528
7582
3556
9320
2639
9861
7416
3972
7422
3981
4768
3677
7131
3335
7721
343
5741
6821
9265
4659
5156
5570
935
5799
4798
4905
5151
9039
7257
9300
533
4523
8902
7431
4962
4749
8028
812
3183
5983
26
1943
193
280
7166
4830
7929
4225
4452
3448
853
7191
2306
5358
8701
8030
405
5653
5010
1763
5844
5974
8650
2038
1105
4621
6593
78
1190
5499
3656
1947
1862
3089
6567
7991
6819
4611
1194
5375
4610
7668
191
5737
7435
1802
3068
5708
1162
7094
6209
1021
7254
6016
5726
1537
7702
1864
1790
9749
6910
9363
7359
2170
7221
1171
919
6035
8819
7
2724
3624
1383
455
2146
8484
4853
9451
4550
6057
8
7903
8076
6416
2004
3655
9788
860
3545
1367
2750
1851
5459
9780
9778
4948
233
897
304
3985
4276
9784
4390
5208
8315
1899
1009
8885
2134
2280
9087
4676
6269
341
7824
7498
419
4157
9104
5342
9192
8335
7513
7182
5265
5076
3983
2351
7185
3549
9474
436
2173
3530
6366
7891
9362
4638
7918
3704
1144
5141
2947
566
6196
6334
1366
3140
9212
2094
791
3589
6379
6723
3493
2711
7884
9365
1494
7712
925
2176
6169
1733
1712
5548
9554
5477
6944
5754
3657
6255
1774
8964
9847
991
4336
1692
9482
1617
526
6198
2051
2268
8745
7820
715
5897
1058
5188
1374
1621
1656
1319
6971
8761
5837
2923
9594
181
8494
9321
3958
6202
3922
9809
977
4951
600
575
9751
2929
5797
443
7165
4776
3370
333
2622
5853
9815
9795
4274
7840
6509
6345
3833
9824
3512
435
3707
391
4086
1430
9220
4792
4204
2676
6830
4019
6814
3491
4099
8147
8925
2538
5379
3327
3230
2412
1304
2341
2684
3498
4476
2822
7279
2255
9841
891
3127
7978
6440
5128
9944
1316
7195
9178
2238
732
8538
1639
653
1399
9528
4544
8274
7052
2906
2322
5864
7834
319
775
8691
2824
756
5900
2813
1404
47
814
7541
1213
9580
5147
4245
1152
3894
4474
430
8360
3935
8960
3232
4715
9217
9322
9872
1214
5139
4885
7217
564
3276
1270
6002
9418
1435
768
947
4689
3063
9280
565
8933
7091
3751
3795
6767
4294
1920
5233
798
5068
9860
3227
2459
2504
7077
567
7474
4598
5711
9807
1602
1889
7467
7967
2013
659
3955
2184
8373
2699
7629
6565
6270
8708
6596
5826
79
7074
6309
2085
3301
9196
5223
3194
3398
6373
2980
1717
742
1373
6796
8079
6380
4750
7546
3565
3418
5969
7623
586
6151
2629
2874
2911
5592
780
4343
2562
8182
9925
2026
2494
2104
2107
8151
1577
5947
2976
3631
2362
1378
9116
1695
7093
4164
2247
346
5867
7227
8893
6312
2294
9666
5772
7102
8954
8574
5367
9644
5774
4022
7031
2032
3014
7399
4625
1017
2066
4322
939
4464
5874
474
1560
1678
1128
6453
8855
8080
9846
5446
4904
5617
4462
4844
2178
6388
9133
4409
7716
5098
2508
3601
8994
9971
2156
1199
6251
1484
3725
2343
3081
4124
2514
4143
7378
3882
6393
1847
1257
4344
9564
3618
979
4973
7236
3114
7253
3280
2830
517
330
1928
7843
5490
4045
270
93
7507
8918
3952
9252
135
2775
3908
2997
5184
5730
6770
3330
4573
9144
999
8082
6876
7588
7630
7428
8765
6019
1805
8753
6621
2515
1953
8308
799
643
5236
9415
1739
4222
5135
3701
2393
6718
2540
3640
4320
1831
6120
5263
367
8913
1641
5838
9565
8832
5607
743
5397
4546
5262
9412
7869
4009
9134
3649
32
1636
7865
9065
9768
4755
4674
2413
5425
3466
5291
4375
2564
9020
5915
9732
8836
7885
8196
3388
568
9964
9007
340
1574
6385
1232
1504
5796
8746
7775
298
1393
1620
1036
9874
5818
2499
9282
3400
1601
894
7591
6677
1476
9440
4475
3672
9483
7569
9286
4144
7214
260
3378
3951
4232
4159
7189
5101
377
4645
8124
1909
2136
1364
6894
7342
237
1451
3056
6317
3129
8097
6837
7986
5121
5629
3203
7314
2939
6297
2865
423
8887
9634
5196
8197
7811
2553
1215
2827
8244
2964
6691
8547
7942
60
3777
1670
4265
2179
4745
9389
2649
6493
7975
7888
4104
5529
8458
1791
4874
2227
356
7127
7016
5638
9757
6815
2963
1226
8829
9690
1581
2930
4317
3605
4653
2207
9357
6319
2033
3218
6238
4969
3741
3698
3874
7672
9723
4413
2443
514
1758
6415
6335
9209
5214
2510
2204
2194
6760
9923
4732
2446
1253
7665
9689
7814
52
9892
169
7483
1267
3590
895
7394
7231
9821
7908
5053
1064
6012
709
3429
6235
1056
7860
9364
5625
6030
7041
8383
8755
7050
4662
8754
7096
7963
3842
2476
294
4477
447
2098
2505
824
8591
561
5761
8783
178
8593
8475
8794
1434
4102
2890
3256
462
413
2995
760
2484
2709
6278
257
9105
2096
6805
560
3125
2496
3591
7117
9948
8817
225
155
5858
3189
7856
7801
383
733
1525
8376
8917
9244
7766
1963
4548
650
8211
6818
402
3597
1824
6465
6078
9401
8447
5643
1030
5232
3792
1277
2671
3025
7086
301
6283
7020
9033
3550
3208
7448
7179
1585
8277
1785
5615
2808
1446
2304
8818
2877
8509
2651
8356
9979
1554
5002
7190
3599
695
5677
5215
1300
6673
4641
5106
1688
8693
6956
9449
1917
5134
4613
2055
4527
7148
5443
2624
980
2989
6695
5091
658
8522
6893
927
4412
2602
9637
1737
6420
2712
9120
6157
769
6497
1176
4367
1754
3838
5663
9062
8848
1101
735
3713
3167
964
5909
9189
1698
5791
8372
4000
7822
6100
9167
5119
914
803
4847
4284
2888
2618
5936
3949
7552
1727
5880
6037
2790
5672
6612
5582
6508
8412
8626
4838
7296
2549
4114
5087
4777
2851
8825
7226
4006
1923
5205
5783
7134
3852
7613
7311
8194
3411
3734
8557
1638
8711
4821
5484
1551
9495
8248
6384
6679
9763
6422
4018
6499
1896
8235
353
9962
6681
2342
365
9067
7658
4035
1092
2898
8849
1350
115
5013
3555
3516
1663
7850
2805
5832
465
788
4415
3910
3415
4771
3615
5792
7475
7415
1557
5544
5903
8759
229
7607
2763
4186
390
7229
2369
56
4183
6671
8656
3284
1292
6386
7269
9098
6311
421
9367
6888
763
1576
2428
2708
7024
2112
5860
8559
9811
7633
9603
8877
8837
1181
5707
1615
7863
3563
8527
9206
8450
3031
5032
8750
8860
8013
1844
1303
4013
7643
6491
389
5765
4600
1394
1746
8974
297
2024
987
4163
678
8281
5649
3243
8857
1115
7791
4446
5381
9561
2636
7784
4828
30
3953
7765
3939
7258
1845
2918
197
156
409
1208
7049
5496
8125
5728
8915
6098
5448
3490
2281
1231
510
6449
2698
8278
7640
1849
1908
5334
9166
7405
2554
4559
4012
416
5331
8595
3994
5304
7931
2954
1929
3002
2374
9397
995
9516
7531
344
323
2423
3529
614
5250
922
9359
7752
8993
287
5944
4387
6895
4845
3003
899
9901
427
467
4586
7782
7676
7917
4408
6599
2809
3991
3772
2460
1772
3072
2754
6831
6050
8654
6562
8669
4797
8139
5300
6620
822
3078
5946
3071
8287
5281
8272
1340
3074
784
9572
612
9324
4432
2454
8975
7821
3543
7320
2164
8625
5859
5504
8728
9352
1632
5357
4893
332
1959
2364
493
2903
1626
9298
1533
1312
5475
1876
4568
9883
4901
9061
2035
8850
6032
67
7938
8254
218
660
2222
3122
1672
8590
7477
1426
8707
9349
9632
9030
7383
4955
8234
6946
3023
4698
5556
9224
4074
7709
9016
1172
6976
8265
8231
104
8788
2957
3692
417
6941
1559
9008
5962
5052
8070
9851
5158
296
9774
1112
694
4212
7919
6026
4637
4673
7647
4173
7395
7916
3235
7152
3079
2378
7996
8169
6197
6013
5699
3443
9582
5697
5568
9727
8749
9826
7488
2330
3835
7055
1055
9396
45
9315
3153
8467
460
2427
9552
5479
3481
9484
100
6324
2394
1173
667
2516
8305
5598
7645
9388
1707
8696
7078
8916
5144
9345
6634
6475
9264
9508
712
190
4242
6084
9158
8552
6358
9894
2365
839
577
856
3368
4388
4160
3560
7108
2388
1361
6090
2662
2615
4658
5482
582
592
8899
7527
2498
3011
7945
2585
1048
6341
6575
145
9652
9373
6051
3252
4403
6985
7739
2114
385
9499
6146
7283
5210
6961
1820
8064
6245
4430
764
8751
6434
7038
8384
5440
9753
4907
7304
4062
8178
2116
2759
3
5453
7066
2673
4334
5405
415
7495
9
2905
8262
7123
5612
2415
737
6849
2896
3486
9313
9254
9174
2243
2309
289
8521
657
9620
7819
3407
2996
7361
2103
9125
2359
7950
9014
7216
8578
4522
9366
550
4335
6542
9400
215
3033
9533
5689
1170
9636
5011
282
6615
4648
2285
7815
5055
2453
2308
288
1535
1306
8052
4123
9199
4355
4913
9706
7493
4589
817
449
256
9562
8997
9711
9551
2781
331
9817
6662
4871
9545
119
4930
896
6675
3139
3463
2664
596
1026
3192
4110
9864
4283
6800
573
4342
4165
6501
7255
9779
8845
3812
728
7655
1694
9009
3975
886
2100
4668
8921
6485
6313
6232
5370
4809
4547
5464
407
1308
8142
6776
5038
1922
5590
4926
6811
1771
4027
1666
3552
5241
6055
4332
1078
5229
2747
7450
8767
6938
2630
8193
9685
6545
1948
3837
645
1259
4683
7443
3720
1487
512
5871
2174
1594
5284
571
4810
1782
5109
223
836
8472
5100
4576
4687
5685
8094
556
9956
508
5845
8441
9908
6347
9479
9742
2594
1595
2661
2817
3708
2492
5884
1349
2561
5526
5200
6968
8449
727
9942
6823
5051
5547
8628
4618
7142
8637
7846
646
146
770
8320
9460
9109
9472
8526
2875
2910
4607
8430
325
2621
4096
1756
2619
9047
7446
1029
4671
3820
6502
9188
2537
8307
1846
8664
5879
7855
8400
8688
7589
611
8268
9550
5174
2518
3060
5138
2748
6256
778
5330
5829
8699
4887
1523
8344
9940
8939
8976
8690
5348
3650
317
8245
5894
929
5018
3700
3841
957
8643
2600
6258
4580
3883
7410
2645
6211
688
4760
4166
7035
8310
2151
3321
1779
2787
7301
487
2375
3630
8884
9146
4328
4542
7533
2755
6836
5356
147
3393
5349
2861
8382
5226
6909
1952
3613
3884
3470
5575
5194
1229
884
9937
7157
6643
2768
3898
1405
4250
6014
6563
6683
1196
783
8415
2517
6930
7683
2751
3017
5105
1354
4642
7928
7554
2171
4463
3584
5514
6631
4269
4227
6191
1640
7281
6524
8351
2182
140
6126
4920
369
8063
5566
3358
5732
7566
545
4327
871
4525
8057
9513
6073
7605
9099
3021
3815
8381
691
6556
8371
7059
5655
7177
2920
7260
6006
9253
9052
7238
8043
2988
3848
9240
8575
2993
7503
6614
8333
5634
8548
2183
4644
9168
7070
8504
2376
4111
8391
2714
5780
7557
6861
4840
5461
6578
2864
8114
7751
5602
3528
9043
4489
6659
4579
6479
6807
6413
3539
5003
337
8905
6432
4271
6827
6789
876
8250
4989
4633
5938
7519
1241
4458
5523
6650
5716
6075
7708
5167
7064
8771
454
4834
9004
9843
2869
9887
2642
698
2812
1532
4806
437
861
3281
2740
6080
2140
5966
1419
2935
8762
832
3152
8886
1635
7209
5809
2464
5179
8101
1985
3248
7133
9960
2513
2550
5967
3366
2925
6458
8280
5457
9889
4713
5942
916
7386
9431
3639
9772
7660
882
6081
3697
3162
272
2288
6902
5882
3806
5912
2521
6425
7964
7849
2165
1119
4934
5748
4423
8115
1123
4046
4151
1293
4773
6569
5031
4089
7017
4230
8165
