6336
3416
266
1040
9547
113
7316
746
867
985
1988
2122
3665
685
3585
6245
6152
357
4206
1108
8296
1009
2774
154
4221
4540
9716
3304
1228
9617
37
9986
616
7013
6940
3972
6980
8039
636
5325
5547
5418
3514
5139
6772
5039
3287
9481
7365
281
2672
4298
8092
4619
8377
2441
5070
972
4234
7470
5596
7388
8294
2620
6326
1915
4851
7346
4911
8026
3772
6224
7251
4020
1206
5193
140
4823
472
6454
9982
9038
418
2934
350
3624
9342
735
9163
5042
3099
1681
5892
2737
6320
4664
8379
5841
4661
2791
9687
7336
4949
4200
316
1541
7347
574
7954
5095
2111
9715
3009
5117
8756
8569
2562
327
2811
7731
9816
5447
6508
4992
2149
2012
9068
5855
371
676
7622
8896
6092
4126
9069
7948
4530
3816
2971
606
9418
3721
7755
6177
6697
4710
5239
8803
7800
6160
9270
6826
3808
2421
9399
1384
8223
6346
2021
1106
6749
5697
2221
7820
7176
6822
5637
2088
395
2384
2292
1785
7263
3849
6746
3427
5457
1613
568
4343
8922
4328
4372
3297
8502
6299
3158
473
7745
3464
3947
523
5016
2703
598
5187
5617
8214
6586
1658
9633
6142
2851
899
6730
6836
9402
6375
9764
5202
118
4543
1776
2239
4589
6196
6054
6765
8673
1975
1150
6207
8403
227
3454
2577
392
9801
8654
5279
8133
5996
8284
8835
9239
3430
4852
6483
2747
2160
644
7873
2701
7976
7714
1522
6258
9021
1737
3858
1397
3780
8191
6194
5842
8911
6828
3
3810
5775
789
1694
306
9961
5074
4000
6287
4866
100
389
211
8101
3044
6253
2489
2244
8745
4580
3074
7018
5255
3566
7938
5069
9042
5107
2531
9111
8037
2259
3916
5115
7241
9969
2778
6683
6912
1929
7212
5668
145
3713
6155
6151
4780
5975
4070
9319
5006
5634
3925
5167
2615
5389
4927
7774
1165
8440
4520
5776
2541
6262
2760
9665
9334
96
9667
7452
5137
1606
2501
2074
5639
6043
3352
488
9999
7059
2525
8942
8657
2693
7843
9929
8978
7318
1633
3235
3698
339
4684
2176
4354
200
2764
5594
5381
2587
8836
6706
4761
512
7765
7796
6901
4436
191
7482
7148
1600
6083
7193
4638
3787
3734
3410
8728
6293
2309
3655
1244
3533
2136
1510
1171
425
2435
8818
3313
6810
5564
209
8555
6610
467
8516
3927
1090
578
951
6503
1453
8282
4521
2089
852
5048
906
5417
4744
8974
4599
1250
4358
3771
1135
6106
3053
5399
737
6991
6120
3631
4238
6621
6425
8232
2748
1780
6396
6672
2586
3560
8476
2613
7481
3743
8324
2209
4921
7393
4342
1414
5156
3265
5363
3739
2769
3113
3474
2204
3725
6210
8838
8458
7109
5216
9101
5961
4541
8601
9568
5470
4021
6094
121
3550
1055
3985
264
6632
942
7811
2424
1844
9574
552
3368
7057
9037
4348
3961
8449
58
8146
3701
3197
682
7832
6481
6528
3445
669
1972
3217
274
4068
9165
9817
8254
8826
6248
742
10000
6124
1359
1714
1926
2982
2846
1543
8143
5355
5410
5816
7561
1486
6858
1286
9360
3536
6639
8481
919
3971
648
4519
4428
2466
3926
9119
9106
4053
4902
5490
5395
2293
5377
4170
8699
7756
8615
30
9324
8653
7300
356
8507
1854
1086
204
1638
3109
1717
5177
416
2895
9690
2889
8447
7272
6851
9926
9439
700
8233
7858
9900
9112
5318
2640
7406
3506
9061
7512
90
3418
2776
6973
3018
4914
4090
9952
9262
530
14
2588
3552
2403
5049
5507
4674
368
2655
5136
804
8952
8429
7631
5762
7107
4695
3033
7679
7996
5692
6823
155
3811
521
2262
6580
1627
3341
9894
7836
823
7751
9967
1912
8979
5180
1192
7343
5305
3127
88
1916
5121
7999
4316
5720
8762
8148
9460
1263
4384
4463
5234
4006
3123
2794
2862
3498
8175
2215
2140
4626
1744
4289
1952
733
2090
810
6815
7620
111
5029
5398
6393
3825
3944
1181
6895
6509
282
5388
4381
2690
5346
622
241
4572
1498
5804
1822
2214
7380
1402
2624
1410
2646
2076
9975
6574
9084
6260
6364
7362
7360
898
469
7739
379
7950
8960
9844
483
4404
2692
2114
2287
54
4849
2826
6383
758
5758
4236
8495
4867
4819
5112
2710
7295
7361
9557
8548
8009
1187
4427
2378
6116
6866
7077
3907
2200
9805
1817
3448
4512
1911
9769
3760
2323
9124
2999
5675
4413
6218
6140
6188
3668
5651
5655
8352
5370
927
7642
1120
4776
1591
7791
839
2028
6420
4176
2336
2524
361
4077
5449
3202
3929
1311
2943
4324
7236
3308
4159
6374
5535
9250
6739
8068
3143
7331
4891
2179
4174
6474
6317
5853
2467
1316
4629
7076
7966
7432
7974
5060
3559
6283
7397
7386
4074
5196
1080
46
9813
4860
454
255
7222
3330
4040
5259
6993
7119
6002
678
7073
3216
7682
6929
6486
961
9296
5711
5766
260
1853
6897
8733
6998
6267
3564
6451
3293
731
7923
1534
188
6950
7282
8290
7407
9896
2031
8380
5932
3374
8551
3380
1684
1933
6419
5742
9895
5428
3537
9343
978
1948
2787
1527
8213
5122
8041
8030
9742
268
9358
7722
5796
9600
265
6022
5526
9232
9514
277
4858
3116
8877
5882
7889
7876
999
3932
3557
3934
6802
9181
3923
3501
5093
5503
8537
4968
2518
4101
5062
609
8033
5320
8632
4924
1764
6718
2462
2275
9310
5243
9245
818
3673
1466
8973
8218
2431
7887
7908
75
4321
3290
8930
5649
4203
8497
3106
8195
7576
5963
1016
7154
9990
5971
3658
4679
1955
7969
2932
5083
1664
4546
629
8789
8790
1369
1558
575
5448
2691
5983
1285
5481
8330
283
6247
2507
8785
1043
9502
8635
3645
4370
4899
2708
7056
7892
6699
6873
119
4453
4708
8488
3145
1119
5559
2556
8608
8837
1100
9022
5659
5722
8624
5933
2139
9753
8067
3921
994
9936
1065
1455
8220
5954
5658
3616
9109
8676
707
8411
6257
5988
8369
7289
1138
4254
3028
7699
8256
9616
9662
5292
9115
7129
6964
2415
3844
4213
7308
1310
8846
6377
3048
9705
325
4132
752
918
56
4264
3160
8183
2001
1739
6643
3207
9782
1298
1095
5761
7021
6179
4601
3030
9019
1239
9575
2733
1222
1127
1895
8001
1146
8768
900
1037
4770
8998
4450
6263
9798
9920
7191
8989
1051
2039
1223
6232
8277
2102
5464
9034
1375
2777
1805
4610
9503
1099
803
785
7302
6890
4583
4447
9551
8845
8472
1829
4698
8642
3437
3367
2677
8262
3349
1184
7656
6485
3807
5688
7281
9194
4270
3629
4123
3988
3089
8480
8936
1166
904
797
5939
292
6556
971
7461
2240
1551
570
2442
8508
7898
7211
2458
2917
9931
6286
3832
2410
1840
5528
5468
8913
8006
6144
9652
1561
3659
6688
9781
8869
7628
519
6395
7183
4562
8196
6913
4094
2670
1806
7116
1501
7790
9491
330
9987
2881
9875
3997
3487
8382
9697
2591
2960
32
996
2792
326
908
8787
5717
2060
4731
3746
9584
702
2038
9985
7034
7181
6829
7199
8366
7142
9394
6665
94
937
5009
4183
6536
9864
1666
1823
9780
319
6612
2935
3986
3975
515
8386
7666
6190
31
3261
9133
1523
4864
4025
8525
8362
1548
5437
4933
4339
6921
9185
9888
450
5880
9923
1869
3878
759
3012
5946
5353
5626
1768
2844
6755
3080
3452
9680
9887
9430
152
7660
3396
6933
8081
7533
3881
5736
8646
4618
2563
621
1997
9288
1513
7674
3348
9993
8307
4966
508
6468
4818
7133
5116
816
9913
8921
2034
7106
1303
3280
8627
5620
7444
9336
905
4003
599
5920
7671
2505
3850
6986
1049
8695
4806
5315
7543
1889
2601
5560
374
2741
9321
6199
3256
9572
1010
5327
9811
9897
9951
1133
647
2634
8907
1552
8194
2356
2762
2529
2788
49
9155
4771
6728
2926
4635
5050
5195
3351
8479
7165
4559
3228
5536
7947
802
1932
9200
561
2877
5189
7627
8519
7597
940
6953
5603
8025
4241
9918
5223
4720
4071
824
1550
3193
4138
2543
2663
1784
9131
4255
8663
2738
2062
1142
8113
4797
6843
3255
9249
303
2051
7810
239
2793
9488
6132
9243
3155
897
8434
6065
6817
3938
8003
8136
4350
9881
9311
4293
3895
4884
9877
6561
2931
8957
3946
9125
3031
6131
6644
3254
9878
1346
3006
9506
808
2478
7122
7806
2451
7088
108
3876
7478
607
5386
4928
4564
563
9494
3469
9290
7233
6496
9659
2919
713
3694
288
5047
652
779
8405
9291
5127
968
6659
2137
7062
4371
7683
41
1383
4109
3900
8883
2679
941
895
2560
4115
5884
1816
2120
6292
6088
3124
6047
8985
139
9146
2084
8579
1340
5372
9190
9484
7325
1132
6192
9078
9401
7158
1511
4030
7469
9169
2743
5556
8335
9766
9150
7695
9578
1618
3221
560
7474
4467
4640
7686
7980
8524
148
214
3756
5601
3703
2124
8193
827
3800
5791
793
5436
213
6693
7159
2654
4065
8082
3964
878
6708
8444
6126
2995
5385
7502
730
3433
4376
9513
6955
9590
7275
6407
8281
8794
6949
842
6846
4545
1098
73
536
715
8442
5416
8711
6071
1343
5638
8997
7114
2186
4122
1482
8811
3987
1191
1432
2274
548
9751
5046
9184
4645
3628
42
655
4749
8581
4107
4095
6315
3101
1034
6181
3587
3137
278
5249
1305
7525
3960
6173
3171
5929
7572
4700
9443
3795
24
7850
5576
9308
6234
3806
491
2537
4493
924
1045
3277
7941
964
59
1277
2423
1068
1740
2553
9277
5590
7733
3738
6019
3191
7029
9009
2954
1705
2178
9787
2817
8640
4524
7163
1759
3534
6608
6919
4378
7641
2326
1231
1984
4015
9892
4280
9862
617
2990
1272
1953
3892
6881
944
4984
4008
4615
640
4240
4013
1039
9564
3434
7879
5484
192
3838
9178
3995
4775
3573
6992
8541
1862
8661
7894
9094
4215
7594
1288
2020
4266
7094
6011
1546
3257
92
6309
772
2321
4633
1871
7744
5632
1249
6786
1848
7387
3870
1732
8684
2504
8141
8308
5077
9090
6102
2394
2597
3769
1799
7773
143
432
1683
1472
8589
8198
9233
2265
7504
8236
9943
3525
3547
9373
709
6604
7860
8149
6516
2639
564
1227
3247
845
3204
8255
5075
2009
6544
7517
1304
4898
9828
3358
8048
9152
3408
1925
2400
9783
8735
3458
4587
2635
3784
5881
883
4529
4219
1284
5834
9441
6742
5809
8471
3082
1646
8532
7186
7035
9605
6794
5302
65
9841
2185
26
3691
1356
5451
2167
7490
5838
3184
5757
2515
4114
1572
7762
9847
3604
4185
1520
4466
7075
8404
840
1708
61
4808
5474
1493
9938
1755
3068
3476
2734
9197
2334
6729
2911
5157
2194
3902
6967
7522
3488
4397
9339
6035
9478
147
4682
5605
3185
571
1890
135
2388
1947
665
1038
4179
782
3381
9777
4161
5550
9187
9738
9973
5090
8080
9639
9476
8613
2369
939
6818
1367
5110
5705
1874
2498
8060
7217
4029
8460
686
9303
7334
4037
8890
921
2750
2731
6291
7466
2782
4009
8045
4118
3840
1485
1754
3599
4657
6666
9487
4671
6203
48
2599
6405
4047
8747
7596
9176
8270
1726
7916
6637
4752
4274
5589
8389
8984
3859
3431
5582
614
1265
4028
4833
7032
671
604
9053
2306
8679
9966
557
6550
7203
8266
4523
632
4189
6869
4340
9606
960
122
5729
7132
1170
4612
150
8470
6129
9703
6233
2305
8054
1141
8265
5391
6226
3576
6985
6700
1102
353
9458
3519
9382
8863
4894
688
963
3783
3301
3211
8327
9868
9558
9098
4284
7639
3398
4460
273
4039
1499
6806
9621
501
6095
7396
2222
6000
1850
630
6304
8298
2821
1500
1607
9691
466
6663
9254
1478
7112
290
8669
7087
2297
3714
8027
958
7026
5333
489
1409
6475
9226
9528
2440
4750
2952
1072
9717
2511
8261
3483
5811
4048
7984
1480
6073
4991
1967
9827
2081
1663
1789
7046
9056
9116
706
7845
7725
8793
7047
8731
2602
6127
2837
1202
6917
5229
3020
5472
5640
5215
4135
7602
6235
8114
3354
7049
4273
7460
1439
8019
2736
6552
6956
3899
1847
4704
8392
7588
5906
9159
1760
7603
6314
1218
5952
3115
8071
6957
8631
4072
7123
1089
1710
1788
9204
1255
6163
7604
3822
4483
8055
2579
9362
8954
387
697
9979
2473
5997
5343
6645
8348
9253
9883
4556
8637
6513
3222
6230
8410
2612
7140
4816
4476
2193
2636
4882
5930
8417
8509
7310
5059
6130
9404
9765
9534
2808
6250
7072
6081
1691
8249
690
6965
6103
6584
1902
78
1589
9757
15
4581
2397
5656
1836
9416
8165
7640
222
7581
3274
9221
9743
4915
9714
9363
8734
4252
6727
9885
1924
3663
5977
5694
7435
4162
2273
2269
5898
1408
8955
5672
7710
1865
6911
1297
7963
6565
7245
9776
7006
9354
6198
5328
4905
8506
8971
9619
4836
1966
543
1877
5404
6884
6886
649
7391
540
5516
3388
2884
409
8328
9055
1124
6754
4942
9671
419
7453
8358
7616
1096
4625
7067
7720
1366
223
4287
3512
1226
9520
5018
8809
6511
9359
1111
7769
3973
8002
7382
1213
1058
3043
3378
8073
2570
2802
3270
7459
9806
5647
5679
1845
2593
3066
1687
9991
9212
2608
4128
4687
4719
1427
1125
666
3625
1487
6533
6756
5224
5888
1027
6089
2723
1362
1308
2236
5598
9271
5695
6236
3484
3577
5265
2887
6779
4296
9393
3865
8908
5073
3801
2023
5038
3875
4907
5569
1735
7216
9688
8561
1172
6255
1229
7376
5183
4368
3453
4888
5124
4204
7822
8237
3010
2379
1084
8059
6175
479
5782
8287
9677
7479
8690
6289
6117
5787
5673
979
9323
4941
359
8124
7408
3518
2618
5521
6347
6467
2401
8614
6265
7223
8097
9585
9352
6882
3428
3288
8775
6166
1456
9345
404
9375
9818
1167
9035
4409
7986
7164
9103
1697
156
5810
2938
8533
8098
3307
4124
3622
6722
7675
7120
2207
6492
3049
3852
9581
9960
4290
7239
1654
4509
5802
2251
318
9500
5565
7685
4592
3741
8321
806
1116
825
1608
9263
8619
5709
6603
5670
6641
9563
7004
6962
9433
6801
2749
1761
179
8578
8574
3350
1268
5338
7917
1715
7207
9994
9669
8272
1690
8326
4929
4294
3982
4821
2967
4869
850
8660
11
2695
1243
2495
7830
5627
480
7545
9549
728
6707
426
329
3038
7082
6410
9869
2299
7884
6752
2845
2349
654
1570
5331
2141
2527
9473
6719
5453
9627
3910
6357
3657
8217
1876
3612
7544
6762
8526
8759
7772
6033
2533
1996
7416
9477
6422
2592
3515
929
3196
9006
831
8083
9381
9775
860
3333
1064
2054
2202
4088
4811
5288
2699
9046
3156
8466
3831
6824
4500
6616
7248
9121
1642
8861
2657
6532
9992
1479
428
9283
9842
7859
3595
5227
8086
8036
9366
7218
7802
1212
9188
4331
5403
4195
2456
1495
320
8914
2433
6520
7585
45
9531
3841
2761
1647
7431
1421
5870
4178
5004
6164
6049
3327
4401
9624
5495
8692
3853
6504
2712
4932
238
8517
2572
3285
4441
3610
370
5652
5857
4307
1722
6026
315
302
7378
3981
8117
7915
289
2018
8441
5442
4922
4741
5194
6167
3667
8454
2809
5409
3994
6983
1074
4374
1405
8150
4313
7587
3813
6478
3763
5348
2006
5900
490
6611
1560
4879
8384
394
3253
8813
8670
1001
4957
3909
2539
305
4825
5380
5281
1307
1048
2345
6811
1293
1036
2279
8647
3530
693
8886
158
2045
3776
1655
7131
3299
1989
8795
4829
3063
527
8512
9040
2852
8014
178
1586
8385
2827
3338
7194
977
6984
7994
8313
9340
645
5737
5450
6875
9692
9391
3570
3940
4508
3705
980
7690
4390
834
9807
8436
2109
1859
3579
3494
5163
3014
7734
2314
3067
532
376
7355
4325
9447
8918
1907
2261
180
1457
6030
7606
7691
3692
89
7492
5671
9355
408
6003
4175
1368
2716
4609
2797
8941
272
8874
9
3567
9372
6080
3292
7547
3119
9039
6447
4167
4832
9142
3759
993
5479
7505
3045
6134
5865
4363
5836
4950
4977
4139
2382
6922
8808
8828
3489
8990
4389
7389
4670
8982
9255
1324
6923
138
2783
3423
1881
6294
4099
5733
5275
9653
5621
6229
6546
4291
1855
8087
2506
133
3126
3532
5354
9195
7237
2298
1720
4010
2617
7144
3168
459
3034
2445
3361
5134
5763
9950
175
511
5131
4990
4477
5541
608
9419
6593
2766
1723
4773
2319
3305
5789
2754
4198
8011
8701
5263
9939
7443
4394
4772
7493
3768
6564
5808
106
5080
2195
3092
781
581
970
221
9707
6012
9379
1778
7933
6813
8542
6915
2673
995
4116
2603
8776
767
8933
160
6361
8062
203
5820
9201
2253
5001
9080
3144
6761
4566
4019
3516
1653
8788
4351
6429
6001
1942
8688
3805
8355
5041
105
8178
6602
4056
1813
2822
9586
4226
9593
9635
8704
2607
1140
5336
4886
7150
7992
6618
8641
9577
6165
3526
7113
2714
9118
3908
8903
656
2166
5152
4367
2988
3799
9398
1394
1557
9655
2785
9466
631
6238
5710
369
382
5143
8902
6530
8318
3635
9674
6498
7697
8354
5599
2175
5043
9501
9840
9210
5666
9933
380
4130
1751
1204
3591
7288
7918
7740
4639
4534
2225
7424
3649
104
270
6085
2629
3311
7271
82
1899
1794
9666
7863
7568
1852
9002
9004
5191
3440
3227
3093
1624
9752
9246
3165
6821
7305
1200
5478
1711
189
3059
2351
6908
5770
4186
5826
362
6125
5383
9679
6023
7173
5149
6408
6626
1317
6037
1452
1921
1808
3531
8241
1143
651
9315
5176
6180
1241
7277
455
4875
6863
1526
9676
300
6557
4552
9417
9452
2805
1169
5663
6721
254
333
1199
2850
4366
6372
3449
388
9946
9822
4415
3343
9843
347
3652
7786
5247
8987
7279
7693
1063
2984
7436
2338
1896
8534
8752
7255
8103
3679
1203
6432
3765
247
9424
6197
5774
1734
9614
1540
820
1295
2925
2795
7115
1758
244
5602
5719
7542
5956
3176
8231
4196
8751
3278
8177
9269
5902
6518
3372
187
3597
6458
6435
1318
805
9749
6631
3510
4279
3492
3050
8075
8724
6303
7553
1938
1264
2942
1993
1897
4007
5099
2070
4935
8295
4498
1858
7068
1839
3181
2921
5586
2354
5130
7235
3678
9471
7003
591
855
1395
219
765
8924
6443
7782
3435
8448
5277
5991
1115
6716
5459
6539
365
5664
1652
8089
2951
7663
8425
3954
8056
8580
4489
8024
6231
275
2598
307
5007
3914
478
1713
9696
6369
2751
3146
4387
2289
922
7252
7485
569
9694
9298
8521
8905
146
9211
965
5641
1417
6078
8774
3755
8226
8691
7410
9970
8342
1605
9682
3809
3715
7906
2656
51
4426
1864
7632
2628
6947
8173
1935
7665
6924
5799
1597
4514
8540
9871
2230
336
5011
3058
1882
3682
4061
4766
7430
8806
3674
7865
8169
4577
5716
5161
355
6437
2648
9444
8463
8842
7580
3594
2499
6892
988
1757
5015
4807
233
5254
9630
2264
5644
610
6859
7291
5588
6712
7654
3722
2813
5768
6769
8988
1371
76
5245
9641
1053
1671
6045
7784
5369
79
1259
1610
9882
4265
7896
4791
8135
6439
8570
5452
1945
3939
7955
4801
5102
637
3619
6963
9242
7268
313
8678
8496
144
3125
2567
4069
9591
783
1461
2030
525
186
4027
863
2514
4150
7600
4098
6274
546
1604
2622
4097
9820
3035
4359
6029
7374
2840
962
6562
4557
7617
743
8077
1937
2835
930
367
7680
1462
4271
5088
1632
2267
103
1294
8798
3194
7071
4379
3162
6215
9029
2013
477
6392
9727
1390
3215
8535
1745
2129
3426
8078
957
1888
710
4955
225
4680
6736
6689
4086
5519
4892
6401
9455
9064
3441
3592
2228
7
3230
2022
2271
8139
844
5731
64
2363
1827
1825
8259
3355
9839
8432
3794
7036
5225
6076
7719
8349
215
4994
7662
5027
6382
9065
504
6182
8145
1985
6423
9285
1237
9802
3286
9873
2544
9214
3186
9848
768
9027
2237
7711
4073
197
8782
5081
3421
9702
8234
1381
8926
3589
1913
9395
6676
4430
9092
9333
1960
2248
3473
3936
8603
2184
4490
7644
9495
7009
7961
36
1155
3412
6206
3666
4420
6362
9041
4954
5056
5966
7926
3712
7321
6404
4715
2854
5950
892
2172
3830
4421
4075
114
7043
8317
3686
8179
5201
4292
1939
9368
1104
7297
5566
6757
7655
2181
7409
5518
9492
1497
6096
7250
2509
296
2581
6484
8176
619
5293
6808
7978
8500
6529
4804
4986
7254
6951
4057
8946
5608
6619
3443
420
8543
545
9160
5109
9747
8820
5168
1494
7673
5759
3637
4437
5253
5609
4357
3283
3183
3300
9957
7197
4912
1669
1023
5607
5010
8658
5780
8253
8017
3812
858
615
8446
1464
3136
5978
6063
9834
7351
8320
4155
6903
5965
6500
6692
271
2669
1562
9748
9853
3966
4909
451
8980
8698
8044
8319
3993
8208
2483
7779
8144
9891
7833
2110
9205
8239
4590
1678
5572
1752
1743
7883
6268
9446
5250
7689
8856
6891
7411
1575
1923
6018
6592
7261
8587
378
6306
6431
2211
8278
3846
2594
3075
3634
4643
8932
7402
5003
6228
3007
9266
6373
3081
5306
8854
1024
6313
9850
7395
5923
9265
9830
1892
6389
2523
8032
1518
2532
5777
3467
5367
172
2446
2063
7457
7913
3956
8456
3302
7546
6515
3122
2170
5734
5241
597
5542
679
4012
1193
3337
5727
2878
4839
9193
8462
4918
7988
4763
397
7738
6673
2300
9228
7354
7851
2684
2183
3385
745
5889
9810
7476
6690
1350
660
5680
4938
6547
7861
8755
3675
4725
7743
4472
1460
6789
4096
2650
4732
2471
5291
7590
5623
9632
9792
3046
6440
5570
5266
7017
6397
4544
4681
8970
7157
8994
9909
3057
1979
2713
9079
5844
5256
6617
6792
9545
3935
7014
4408
6075
3036
5471
4608
2730
8315
2526
7867
5682
1029
6453
5772
3676
9736
795
1569
2387
2460
4920
7292
5213
4848
8718
6820
6281
8550
8852
4528
1339
2975
8858
9562
2229
5415
4718
1834
2481
9916
8040
9475
5120
1447
7136
7500
8713
8215
9474
494
410
9465
1868
5285
1820
1766
9048
866
5286
4979
3141
4211
1508
6325
7705
8736
4651
4817
8147
3503
2027
5311
7025
2026
6748
6424
7570
859
7506
9067
5818
3817
9287
9403
5252
2848
5344
6717
3732
5045
6093
5654
4323
2355
6041
6136
9369
9995
1154
4632
533
2360
7742
8983
7726
279
7870
1026
22
6021
4513
8592
4502
8567
2906
6366
672
3842
9276
5420
242
966
8639
1118
762
411
5604
3457
9602
4696
8847
7531
9737
5023
4923
7808
5595
2492
8875
4429
4663
884
6674
399
5530
2375
9432
183
7637
3933
4827
1919
1393
6385
2245
33
1674
8880
7153
8888
1445
6880
8129
4694
8672
6284
497
7528
1943
8937
5868
7422
981
153
3142
9166
3779
6493
7267
4275
885
4971
6062
9570
8712
9955
6436
1908
2694
6994
7527
6545
7778
2164
558
8393
4691
9413
4424
1078
3281
4840
2486
7934
1767
1721
4320
43
2490
5878
6997
3630
7667
8401
8297
8865
9012
8595
5466
9295
8680
6221
6470
6112
907
3152
34
5951
4948
1113
9322
5959
1309
251
893
5173
2146
2474
5219
3322
3581
7998
174
1700
3485
3273
8093
6169
6974
6800
6563
5366
7990
4747
9726
5170
9154
3937
4628
9657
7715
3885
2600
7515
8171
5261
7763
5812
4480
579
9138
5257
4125
1160
2075
7185
6558
1588
9911
4593
5981
131
9468
1075
4774
7532
4904
6339
541
3583
8158
7847
673
8767
8346
7503
1148
2758
9377
5440
1179
5458
9028
5317
6865
7484
3276
1791
1995
4960
8527
6773
1242
873
9612
1153
4576
226
6219
3699
9434
9512
1431
4969
1863
6290
4092
5030
2312
8204
6032
2902
5244
4588
952
2864
230
5912
6988
9120
3781
1554
6845
2484
9638
2664
9272
4302
4812
9750
1872
2402
8375
2746
7601
8209
3422
9937
7022
1007
8577
1301
9144
8626
9091
6457
6074
6961
9521
6473
5376
5272
1442
901
8280
3827
198
125
5972
5188
8656
8445
8559
9202
4965
5517
4151
1731
847
9436
1044
6927
93
874
3387
992
4755
7780
3511
5499
4060
6251
486
1188
5723
4903
7330
1981
167
2383
3897
5100
503
8225
9620
4177
7925
5538
4445
8662
8421
2162
705
2219
9708
1883
4396
3212
5746
7615
6745
4017
2652
7834
252
6758
332
2485
6885
5650
7174
9930
2875
8293
1156
4895
577
3901
208
4443
6638
3000
1353
6977
926
3864
2234
3264
159
2916
1425
62
5642
7929
314
7141
6971
9209
60
1742
9634
2707
8306
4996
1047
1517
109
6068
7446
2256
9171
549
7823
9367
8018
7423
9408
1535
5693
7747
7921
7188
9971
7904
6743
8131
3442
2798
464
7269
7019
8943
6572
6067
2711
9723
1289
6249
6449
83
9980
9686
5128
1130
7520
8291
3477
4753
9156
8965
8949
9275
7661
6669
9948
3745
6159
5704
7970
1974
539
4411
1860
1224
4944
7464
9294
9650
9613
344
1019
9108
6370
1661
9981
4548
9893
3569
7171
1245
349
5298
5236
2584
8649
2980
7147
1553
6079
40
7759
7220
7516
3393
2353
4145
3651
4631
5821
4602
848
8622
1826
8341
6842
3471
2685
3208
3687
3508
1220
2528
9533
5980
6512
6327
8402
4959
5561
2968
7050
6613
8536
739
8963
6710
7192
9407
3175
9725
6244
3646
5135
5154
5531
8285
1719
8399
8227
4686
201
1076
7477
9934
4790
9353
6010
7078
2965
8771
3979
9622
398
6310
3919
876
5740
9248
4760
5033
2097
4853
7439
1777
1328
3723
8906
2666
846
7507
2079
4169
8007
9760
4104
8398
5114
8917
3922
1819
5815
4728
2324
2420
3065
8986
3071
9299
9767
1438
4947
2545
3316
4449
5751
3077
9237
2606
915
3132
2742
1391
9011
2096
2810
5482
2786
4571
8461
2313
4796
7816
7161
1201
2536
6048
4861
2573
1693
6695
7940
3234
953
2940
9778
3091
6804
448
2868
5400
8038
5330
2015
4087
9640
2958
2317
2285
8364
4260
9304
8012
6968
3110
7659
206
91
3854
2047
6868
3182
3496
3095
7982
9610
2559
3683
4685
5364
5886
8618
323
954
9435
8424
1581
603
196
8799
1704
7060
894
2855
3782
2482
5989
4510
8378
2461
4659
3438
1641
6812
415
7162
8072
938
3941
9328
7942
4701
5724
3708
2966
7357
6465
4281
4845
2212
2959
7643
6862
5846
6239
13
4377
9504
9553
5307
6874
6910
7758
4283
7099
7400
8064
3681
7975
5169
7030
1449
936
2444
4160
7168
4953
8769
9244
3767
9541
5825
9448
786
1022
2638
5940
1247
4245
2098
1412
8992
3072
1909
4641
2937
6733
2283
7827
4533
9349
3248
8329
5094
1378
2609
4336
1489
7427
2502
1334
5943
1469
5891
2477
6894
3598
1281
5423
4764
2994
4403
8008
3456
7240
3154
4005
3334
6691
1382
2689
2174
3527
1986
6696
4620
7044
8201
6445
9421
708
3268
8485
8754
7048
4034
4035
443
8868
5914
9824
7914
5504
9919
1793
2072
9592
8953
4705
4707
334
1041
8356
44
5515
5645
5578
2206
5976
2962
2905
1676
1137
3166
6946
5953
5072
881
9735
9643
9180
948
8602
5078
8881
169
2335
2286
1123
7560
8250
4062
2992
9445
8119
8583
5873
4434
5214
8732
813
1389
4333
9148
6795
909
5683
7757
5786
8956
1251
3606
1376
9208
8730
8112
1657
8630
17
9073
9628
1914
9161
8547
9128
5301
2857
9013
7401
7204
1729
5998
3315
4831
7053
1936
4603
8332
3267
1738
4197
1401
6246
7445
4438
5936
9884
5017
7828
7342
2806
9815
3198
3778
4082
749
8248
1725
3969
1253
4319
3792
8666
8263
4958
3461
4338
3051
8203
4433
2718
2250
4220
590
8190
8920
5304
4327
9047
8302
4934
6489
1320
1503
8781
3225
9854
267
4058
7065
6658
6099
969
4978
4762
9786
4607
2344
216
5476
6302
115
7849
9833
427
6334
2131
2993
8894
5674
1927
9186
741
6013
8796
7265
5877
3824
5699
5044
2161
5340
6553
562
3455
4810
6278
5351
4080
7609
377
5899
8804
9865
5616
5913
7012
5334
4165
5262
7472
3138
7956
3240
6578
6570
9631
8900
7270
4398
537
4066
1267
8610
4349
7514
4874
1515
5085
9498
5296
8028
5817
5199
6780
1612
8091
9045
9626
7345
6122
4249
258
8840
6599
9573
833
6461
8511
3786
3965
9206
3737
4232
5784
8457
7842
6391
5267
3571
9532
1025
7070
838
6735
2800
3250
5164
1903
1867
2147
7299
7882
5769
1185
6104
8797
9599
1532
2310
2425
7317
3967
633
6790
7698
7033
8565
2364
423
5984
2011
2973
8882
7977
4692
2103
2257
7098
6711
6883
9222
8210
3857
6298
3943
1450
4382
2092
9189
7901
5908
2641
9825
1254
4405
8821
9511
2946
5505
1818
5053
7468
5879
7958
1833
9063
2575
5289
4943
6732
4250
8741
7231
4457
2242
3011
499
542
4
5037
8459
4154
796
9924
6566
5411
2998
698
7766
8554
4916
461
7871
3390
9940
1621
2944
3238
5625
447
9855
1782
2190
7741
747
7151
4121
7450
7102
7370
9174
2870
776
7583
5314
9224
2391
8939
4549
5406
2861
7313
1444
6254
8723
7857
1815
3490
6240
2042
2
2416
2457
7864
3447
2107
2972
6775
2773
5856
7754
6650
7037
6738
2715
5392
9922
9542
6090
5000
9044
5145
517
3955
7897
3375
5944
524
2151
8539
1716
7015
4584
4736
1195
6
383
3889
7736
9390
1626
794
5151
9799
8451
6526
72
1139
7498
5166
5119
7339
8591
9601
1182
7895
9104
4883
4865
4451
3650
7905
4335
6338
1990
2668
4779
650
3499
7964
3797
4218
6652
7562
6390
1175
3005
6654
8860
322
2534
849
4448
8168
195
7367
7957
1483
7420
2409
4393
1962
5086
6077
4578
9968
2653
7584
8090
4873
439
3747
3522
8780
7167
1603
7676
4038
1559
4547
694
8549
123
6111
1069
5850
7333
8682
9438
7156
7979
6976
5368
7932
9700
5800
3079
445
4893
4985
9252
1131
8130
9704
2849
9318
2947
9507
5148
7200
9719
1763
7707
3642
6788
6087
6400
5532
2768
9241
4784
750
6723
8304
8374
7273
856
2422
5735
3346
625
6148
5767
3275
2291
7230
3611
2339
8172
5646
7893
5648
7647
7323
4201
157
5299
7706
224
2550
9745
5251
2370
7312
9153
902
9804
285
4410
4876
4594
8873
2512
321
748
4616
4735
3073
8968
5005
7226
6809
2016
3957
2119
7280
6981
8309
8909
1194
8052
4677
9537
1787
3025
2346
5773
4452
947
8966
2395
5483
9001
2341
4925
6825
6264
6438
5242
7946
5935
3860
6857
8000
3112
5558
3097
8864
9440
5066
5384
9143
6896
2894
5035
3556
8717
6016
4315
9579
7943
3726
4868
2452
484
8765
1446
8387
4885
8825
7274
7139
2288
6477
2069
1893
2302
8887
6379
5091
2231
2258
7787
1411
4734
433
6827
5814
130
9454
2086
916
3083
5174
729
6879
386
1006
9998
1322
7848
7818
474
9316
675
9485
1122
5554
5087
6661
2630
8271
9273
229
6907
4980
9389
414
4361
351
8710
2104
7126
8951
2828
5332
5401
4597
2574
4862
5805
9803
8707
7276
1580
3617
5280
2949
5455
6149
1536
5297
5422
5153
6920
7989
2439
7326
4440
6670
9259
1463
3733
5361
2133
9258
5371
5321
1506
358
3766
4532
8247
6577
510
1718
3639
9070
9699
2991
9274
2173
5962
2132
7558
6620
3064
7835
5382
5835
1956
6771
2368
7972
3672
1392
1189
7433
8391
7462
4527
1151
2732
4649
6559
298
9086
161
7614
7429
2407
8553
2044
8228
1176
5123
4386
7564
6634
4805
9739
2883
8416
1905
3210
506
3178
5141
7928
807
2171
6770
3312
699
468
595
865
5357
7577
6212
9754
8705
8104
2463
946
7729
5316
5356
8351
9552
3509
1337
6662
9425
7005
8268
6039
5221
2099
2320
6687
7625
4988
1879
9074
529
9962
3893
3647
38
8199
8800
7135
6279
5024
7143
3541
2616
5636
8807
6878
4565
5463
6979
7095
8311
6714
6944
7356
5905
8995
2065
5845
3695
6551
6348
7368
6914
5925
3219
9972
5669
984
8344
2637
1529
9230
2561
9043
9490
4024
4961
3590
3364
7803
2530
6208
1416
3894
3241
5076
2290
7404
3365
691
832
7776
1622
7804
3540
7953
601
2700
6381
9763
1629
7509
9107
6598
4209
7880
495
8167
5186
9516
7383
8972
6568
5513
6704
4385
4407
4754
6655
2311
7593
5264
3262
9974
3903
5708
4016
5524
4187
1238
6664
3029
8923
5928
4076
917
7911
7327
3689
547
9388
8638
4172
262
7149
9637
16
1149
3951
1112
1121
8617
4306
764
2322
6172
6135
7097
1790
2077
7007
3584
3339
3653
4555
5427
3863
3117
612
3588
4158
8634
7359
7385
9569
5633
3403
4930
6143
933
791
5903
7352
5741
2879
5335
7341
7672
2108
5426
1798
3360
8074
534
2005
3835
3542
1748
9795
6157
4360
6017
7178
913
6050
1999
4356
4108
3139
5748
8685
7093
5798
4168
2717
1073
2115
935
9554
5160
2578
8486
1880
635
9845
5949
4952
3654
976
826
5822
248
7611
4525
6072
9085
8244
4842
3244
218
2497
3229
98
5544
7653
465
2847
9899
1329
9031
8156
6522
3984
1054
4999
4976
1287
324
2756
5862
6760
449
8396
1372
8063
4690
6061
7592
2412
6814
8898
928
6004
9529
7559
7529
1215
3524
4149
3151
68
3209
4655
294
1134
4023
7152
4297
5829
1866
9997
4995
3867
6269
4573
4789
9543
6848
3470
5034
5921
8286
1566
1922
2740
5310
990
7027
9257
5396
6941
6531
3818
8737
4431
4567
2927
5146
9261
2610
8061
6183
8546
9162
2048
2233
5994
3439
1828
8871
6469
9867
2513
9544
7364
7381
2153
6888
8132
8503
6285
7458
6720
7797
3148
4604
9479
584
1429
6640
1306
9928
6384
2085
6715
1373
7541
943
8814
4989
1331
5345
1807
7684
8243
6355
6701
6764
6156
974
8088
8600
6960
5506
2702
6105
3535
868
8748
5101
2238
5743
5839
2580
424
6466
573
3008
624
6416
9732
5901
6252
2996
5726
680
2318
7405
725
9890
986
2546
3135
3736
853
3200
5105
1898
6367
8892
4733
6970
3460
5022
3189
509
2909
9347
9378
3233
458
7724
2522
8412
4044
1147
8492
5615
437
2549
5295
1323
372
3201
7196
8586
4697
2454
1601
8940
6656
9654
2565
4782
1675
4191
1364
9062
997
7945
8219
1857
5584
7495
3561
1505
2757
6576
2249
8085
5687
3284
6978
4711
396
2232
9234
1978
1225
9701
2780
8246
5537
3879
1940
4199
695
2135
1273
9264
2928
5580
5992
9582
6295
8152
8644
6133
6270
7760
5523
1918
7000
7081
7322
891
9462
7278
8468
1300
7737
9959
2869
7749
8557
6524
8187
1261
3785
7651
4702
1291
7985
9110
2332
6948
5872
5714
3329
1321
6833
9260
9812
6413
1568
4846
2377
9327
5407
5629
5438
8279
8664
1145
7290
1336
5230
6402
8205
2448
8991
2865
4318
830
9117
6887
7208
3866
8406
4345
1730
3823
9279
4689
496
1835
2858
7253
2963
9906
3463
1433
9728
6025
3131
1617
1685
3821
168
1696
4205
6008
8893
8264
7160
5611
6519
8482
86
2061
4481
5303
8066
4880
2223
3090
117
3466
871
3475
7619
9057
2595
5063
8288
5813
6459
6107
6849
3376
27
4491
9835
2366
1521
8109
1011
7981
210
5240
627
4305
9561
4495
5571
2843
4738
2159
4253
1358
1965
701
3529
2552
7063
1539
3054
5347
5942
2964
3945
7844
1434
2494
5394
8042
2475
5534
364
3962
7959
4648
4863
6759
2866
9713
2660
5885
4505
6785
7028
6867
2247
4558
790
983
2724
3884
4156
7487
335
9240
7394
8850
4147
6698
4181
1061
5465
4462
5779
7117
7510
1644
7595
9927
882
2619
9422
2019
3627
711
2347
149
3323
9526
732
7612
6999
2033
2974
3757
4355
6767
6189
973
384
875
8969
1509
8079
4586
5579
5181
1689
8899
3638
2371
5979
4471
4375
4740
9126
556
3543
9768
3359
9463
4146
5973
8484
872
879
9880
2665
6798
714
3282
7042
5208
7296
7483
4482
7526
6571
1183
3924
9797
5555
8005
1512
2722
9548
5702
3163
1004
8866
6331
5577
1031
4308
1481
659
8058
3037
857
5890
1950
6928
2582
4857
3833
2491
6753
7607
2180
6324
1459
8606
1003
6737
851
1008
7125
668
5084
57
385
6462
9007
1157
8229
9914
2094
4110
641
4975
1234
2833
677
8652
4676
7092
6514
2418
592
4974
9647
931
2583
4910
6601
4214
7891
1843
2662
6058
2979
7285
3318
3371
9623
6713
9673
9383
8202
6330
463
403
7155
5432
1398
8110
3636
6506
6615
5098
4751
295
3419
9721
2374
8407
3306
4288
7169
5486
9550
7586
1602
7995
1611
4314
869
2488
602
3538
5749
7417
1741
2897
5232
1465
328
8671
8435
5498
2357
623
7332
7486
6667
5745
3868
3920
2362
3032
4011
5064
9831
8368
620
8487
438
4600
2807
991
8049
6781
7567
5581
7781
8372
4484
3618
7338
6783
1437
3444
6502
8015
3680
7712
8337
9051
1707
492
202
1258
5567
3172
1802
8343
2605
727
9018
8050
9000
8047
9499
5271
9459
1951
6996
8597
8693
5197
3401
2913
9213
1326
4282
5546
880
5444
5435
47
6784
2893
6055
3976
6418
6191
8563
661
1217
2125
7134
6344
9989
8530
6595
3407
3815
9496
7101
6038
3871
8725
7813
7480
4727
8844
6877
9670
8180
3724
8576
1117
5924
9779
6982
2246
5140
9571
1092
3913
3121
8338
5209
514
5467
3291
6273
8111
9709
234
9556
4312
9935
435
6590
5910
1173
5268
1706
3259
8777
6409
3690
5125
703
9198
1159
8409
718
2254
7866
1473
7232
2100
3239
5441
3754
8491
3614
7011
6277
2880
2372
9088
2268
3820
3167
1901
6014
8467
1476
1695
2082
5525
1875
1235
7991
6417
8700
4422
7922
3389
429
7392
7064
4485
1426
7170
5755
194
4103
6837
3399
405
6441
4083
4834
2739
2566
4621
4142
1878
550
923
9524
3022
1198
8993
3731
9306
5830
485
5964
9412
4748
7127
5728
6119
6205
3085
6332
7549
8357
2614
4506
132
2752
7618
4402
9668
9024
7696
1976
5911
2651
4997
7700
9396
9791
5614
3384
5489
1998
2464
3226
7649
8584
97
1637
9814
245
2408
3047
2414
177
1537
1649
6349
975
67
9386
6943
2169
7398
6624
482
4173
2040
3179
7629
1351
5233
2199
7910
4662
7551
3661
9300
3258
8706
7826
7195
7314
7521
3632
896
4388
436
6678
9313
4499
6680
8166
3565
1387
1475
217
7534
8300
102
1944
9076
1399
8687
3379
4243
9149
8161
3620
4380
9996
3147
7650
1105
253
7491
4014
4693
9509
9559
7608
2824
63
2890
5248
1070
7681
9921
4127
3321
6538
6630
1252
8681
1645
6398
7789
8360
5624
2564
4617
3249
343
8076
7403
773
5788
9173
176
9344
8876
25
9587
1422
1266
8976
7657
8802
7692
5840
3432
1786
6734
2134
7415
342
5730
9305
4759
6649
6609
1021
7798
4781
1379
4787
5493
2307
6146
6856
7537
5960
2896
5511
8832
293
163
9849
3948
1436
6747
9644
2538
704
6113
3128
889
136
2380
1374
4768
9247
4496
9158
6554
6097
7885
8163
2165
9122
3700
8174
5707
1525
9033
5738
74
6537
2112
809
9941
8523
3134
8022
4650
1983
8181
7869
7868
9312
1640
7434
8029
4235
2853
9636
2071
8267
5501
9773
5096
2831
5052
7198
8839
4591
8689
360
4783
4224
3905
828
4794
3891
8251
1435
5446
8192
7228
4667
6989
5691
7451
1651
8849
553
4089
1110
1598
6059
2343
4901
7454
8843
2046
6356
3874
9072
2035
5260
3727
3968
8350
1838
5771
1961
5158
1490
5431
3362
2438
8742
5619
4041
3750
5520
6900
6337
4504
1636
4981
2719
6282
2196
2068
7315
684
3664
7907
6147
5405
1891
4051
2726
5847
3060
1257
6668
6510
3990
1931
4261
1544
430
1801
7246
2547
6214
4706
744
6671
9003
9135
3684
7523
9023
2804
2659
8162
2632
4078
7335
6491
9609
1365
5323
2825
6153
9100
4931
7023
2956
8784
7055
8727
5510
8831
9223
7805
5897
4724
5752
5485
8904
9689
4432
8339
9087
3958
8744
3798
3911
1765
7412
5635
2859
164
7353
5350
2328
3740
9555
7968
4054
1344
9595
6793
7079
7829
6648
861
6321
7579
3252
6161
9771
5765
674
2315
4425
6647
6726
4983
513
4285
8388
8153
5365
6091
1958
2611
7375
8301
3553
7634
4642
7508
5852
9530
142
3170
2432
7716
8
4468
181
4887
340
2301
777
8851
1582
912
3640
1809
1821
4900
4002
6204
3601
5509
8961
4442
1236
5938
6589
7465
3644
618
9341
657
1533
6222
9096
7900
814
9130
6517
7785
7621
7384
5460
4465
8715
5713
7569
8333
7089
2981
1400
4416
9132
1443
1567
2105
2838
457
5754
304
9301
2706
7937
2874
9809
7575
1174
1824
4079
2643
2156
20
9469
2535
3420
9597
6171
4102
1088
1428
7419
312
7565
9615
4575
7190
3613
4568
3173
6607
724
8423
9949
771
8697
5488
2631
1221
8498
232
2392
7814
1057
4133
6145
3707
2945
2224
4778
6288
8325
3084
910
4461
7670
8107
8334
2057
1573
4870
9089
2191
8474
6959
5036
6797
8289
286
4184
5475
4049
6945
4987
7311
7307
8827
835
9256
8134
6633
2405
6636
4233
8696
3586
7121
129
5051
6354
5258
6600
231
9898
236
4163
9449
643
7841
559
8629
3978
4844
2331
3716
766
8252
7467
6185
6020
2923
7775
3643
9467
8816
596
9093
9508
9225
3087
5824
3076
5917
5439
2450
3331
8925
7993
2686
1668
2977
1504
7890
5313
8593
6954
7358
7732
3777
4795
7172
7764
1659
8021
5341
9392
4828
5054
3105
256
9397
8312
3344
3491
5008
1081
6200
6266
998
8721
4212
6567
3886
7852
2863
5387
3319
518
2373
778
4507
8823
9140
1005
1050
6816
2430
235
3788
2554
2333
2997
5020
719
1991
7349
5863
6340
6969
5378
4897
3996
1246
870
6685
5502
5282
7687
9693
2087
1516
5686
5068
1335
837
1458
3603
8891
1349
9081
1341
7456
9598
2939
1152
7499
841
1067
1126
3395
2330
1670
4347
8528
2390
8895
1377
1803
5274
3026
890
9734
2192
4551
5660
6768
1773
8100
4503
7518
7652
1749
5744
5750
1423
1619
4120
3828
914
6932
9954
3324
7344
3188
7591
1454
7373
1672
1107
9114
6365
576
185
7658
39
2277
854
5342
8116
8889
4423
4550
812
4877
1648
9442
5909
77
9965
5324
3621
9908
6446
7130
5031
7718
3974
1491
2589
8118
9066
5552
3545
6860
6594
8353
6505
3898
2888
4717
7807
2898
1900
6318
1290
3851
9329
7031
4362
5549
3024
4855
4344
7812
801
6646
8123
2820
8594
8164
2503
800
3157
5795
2142
886
6906
220
9423
5198
3295
1639
6300
5220
799
4813
1673
6573
3383
7225
3710
760
2361
6677
4614
8665
2779
9286
8611
8283
18
6597
7809
2834
4458
3520
6606
3345
9785
8870
5665
589
1312
1082
7630
7578
502
2745
887
8084
1849
9317
1599
1042
6316
1354
3272
2542
4067
7249
5089
2941
6223
8426
8126
5424
5067
2055
3094
8959
6909
4908
4303
1060
8336
6751
6428
5028
5827
9589
8862
6889
5831
9172
7016
6893
7437
9905
1030
4729
4419
7243
9722
5061
6614
658
4518
3609
5806
8331
2961
2252
7668
8465
5374
600
8738
1795
7840
8453
7717
8667
903
955
3814
4417
9870
5349
3999
8483
740
4579
3298
5985
6006
6622
5864
4112
8912
3468
2681
716
1270
406
3931
7605
6902
2276
3266
8095
7234
1904
6543
6585
5097
6834
7202
3462
2260
628
2627
5657
8207
6582
9546
2053
3140
8170
5207
5337
1686
2871
2576
8477
696
5712
9215
9772
4765
1087
107
1
1954
6271
5276
1407
4439
5002
1702
9095
2469
6703
3502
1614
1699
4304
299
7371
9127
440
2429
667
2789
8121
6587
5701
8099
5982
9338
3837
3582
52
9314
2376
8034
1873
4469
736
2138
3224
3912
7337
2914
3862
7238
8645
3709
2205
4803
989
8224
5548
4936
7489
8604
638
588
7902
5491
7256
1347
5147
1615
2198
4809
84
2790
6442
4627
6243
4668
3521
8381
9429
8562
775
3991
6623
6329
3677
101
1248
1800
237
1625
6176
3055
1814
3098
8867
4856
3641
9515
1352
5071
8371
9942
9947
8420
7554
4479
5700
8443
7924
7219
7304
3310
567
9409
6657
1404
1000
6805
3706
9014
3572
8035
2920
2661
6778
5200
4896
9730
2367
7294
8694
3753
2496
9525
2304
7793
441
8518
7187
7475
1804
71
6376
7723
3949
481
2066
8186
9032
2143
1059
5308
8885
3429
7201
3596
2067
7815
2152
9886
4937
5875
7582
6261
9238
5237
6642
9236
5545
1772
9307
2510
8819
4105
4820
2803
7688
2008
166
1077
2644
4721
1013
7645
4666
4257
2123
6323
5895
9168
3336
8620
7862
2004
3752
2626
8438
3243
9175
8359
2882
1419
8490
1514
3513
3251
456
1587
4157
7091
2671
2187
4043
193
639
80
1101
9196
3890
6605
6766
6444
1987
331
9901
5021
8702
6335
6627
9139
5958
5696
798
3245
6455
7837
5150
2519
2411
301
8599
2784
2218
2352
1982
7669
5373
7557
9858
6187
9829
6803
3983
6227
7448
4286
7552
5231
6904
6835
8763
3770
1769
9384
5833
1837
3004
7721
4473
3118
3088
8140
3392
7881
7573
1524
9077
4032
9712
2024
2763
8996
5551
6936
4337
8901
8522
8151
2625
7513
6899
3397
2832
1240
6702
240
5360
1677
3446
8841
9170
7819
7085
3495
7987
2426
3061
9400
1831
5781
2000
1576
1894
7177
7624
6744
9451
6724
5778
6345
9963
2922
9611
8323
3260
4022
6975
1528
4554
8069
9988
4299
8292
4872
2385
1274
8931
3213
4488
4036
4786
8855
352
9280
6628
8057
4136
8450
9910
1530
8345
5040
689
2841
5192
9953
5860
5352
7258
9453
7340
69
5876
4672
5894
6686
1406
3425
6807
4141
2168
7205
2413
1484
6040
7379
9789
308
5606
6280
1052
6966
9629
3356
413
2468
770
7262
5756
1002
5573
5986
1846
4553
7449
9517
3507
2493
3992
2434
5402
5676
8753
9414
8648
6490
4665
6847
3114
3199
1851
8138
5014
3357
3129
2118
4501
170
5397
8544
402
4217
8623
8812
3411
6591
7939
8433
7746
184
4352
4258
116
6005
7002
2948
309
1440
7074
1959
9289
5854
3839
346
9836
5974
7648
5540
7180
7646
3523
2052
249
2873
453
925
6660
5662
7920
1519
5993
9420
4889
393
3633
6682
8801
1810
8810
551
5129
9756
5689
7677
2735
6937
7903
5575
8242
4531
8783
1097
6312
1361
2633
2404
6307
1565
6709
1094
6399
7794
2455
7111
6480
287
5947
1783
1178
7209
2957
3882
9220
2856
9932
3749
7538
390
280
5290
6935
9059
5294
2121
2393
4216
5948
8427
8564
3409
9683
664
755
6534
3482
505
434
7227
7952
9218
9889
3928
2389
1623
4093
4272
5874
3953
2729
9113
8245
6852
1403
9251
4956
5269
6162
1109
8848
126
5690
1920
7224
2126
6523
3558
7497
5628
6109
8945
1631
9536
2953
5883
7247
8598
2295
8758
8659
3834
5677
8772
6202
8766
7301
7010
4713
4815
8962
1545
5379
6819
1656
6296
6499
7951
1488
7983
5568
4046
4830
1774
9461
5492
7944
4777
2017
3366
6579
8185
3790
341
7566
2500
8975
5477
6009
5212
5931
9912
9191
2308
9203
2453
1210
2676
8473
2340
1692
4228
1934
4322
7878
7363
6838
2144
6939
751
6487
6343
7145
3159
1071
3554
2558
4134
8668
3493
6434
9123
3369
4153
7090
3353
4658
1662
5849
1319
6057
6675
2930
4365
2220
722
2359
7877
9565
8999
5228
2675
683
4227
1703
3671
9945
7110
7536
2150
9058
6170
173
2753
6629
6776
8046
3436
6186
9489
1727
4881
4190
9337
2428
4166
8316
9583
8720
1233
7872
1680
1355
4699
345
2970
2823
4256
6497
3793
1712
1796
4310
5414
9292
9566
7463
2270
9866
1957
6052
6114
1733
2867
3177
1762
520
1342
819
2078
4746
1964
6154
582
3263
7175
5514
8761
4743
2163
6450
5613
5443
12
4171
3500
9720
9406
1861
4946
2058
5497
9371
4758
8708
526
1385
3845
7701
1158
8643
4788
7770
4341
2241
4716
2950
6209
1756
6952
2683
1014
2645
5610
1091
1327
3040
6086
6352
4560
3303
920
2266
10
9217
5861
3504
5218
5823
7286
7563
2487
2296
7777
4967
8636
55
4516
5203
2696
4913
5013
2158
5792
2197
6830
7257
3192
9527
1363
1219
8729
7229
4517
9428
7441
2350
7096
8805
1930
1271
6328
2459
9695
5319
4052
5270
7767
3615
7425
1278
2080
3578
8128
7306
6472
3729
9658
7184
1531
1345
7831
4570
594
945
6731
6341
9656
1186
4373
9588
4871
8910
7936
9431
9519
7535
7086
2688
1592
7771
6796
3693
9642
7817
5058
5919
6839
5794
9678
4004
1747
8160
6832
9740
670
2014
7001
1910
4678
8120
8430
9724
2687
6581
7854
7571
338
9660
1015
3386
8221
7750
6178
5703
5739
5851
8154
284
8703
2704
2325
687
8455
5508
4798
7856
3102
8314
6521
2007
6359
5326
642
5859
3100
9370
2725
1333
8439
9376
5678
586
1564
8792
7967
4059
4646
476
4726
1496
8276
259
4202
2447
9297
2985
422
2117
2989
6958
4152
8395
2955
3320
1035
182
1832
8510
2272
7556
9907
2759
1594
544
7768
9876
9784
3237
8938
2929
5092
1348
3220
4963
124
8833
4309
4045
4785
4890
3952
9219
5358
9060
4814
6625
8958
3970
2892
9278
6044
3107
3335
3402
6525
2765
6635
8428
9976
3877
7623
421
6549
1968
5413
9330
7838
6007
5019
1941
1885
2329
5190
2177
2154
613
7100
1232
9915
6433
6053
9596
1797
1471
987
2796
2406
2829
5103
1556
5843
4837
9608
2386
2891
4683
3906
9902
6046
5512
8716
4326
3062
207
8157
8096
1630
1292
7752
3539
2043
6184
3187
9137
8859
6415
3161
8655
2621
1502
3563
2903
829
8125
1396
2517
9380
4478
5957
7853
4972
9794
7949
4596
269
9025
8853
734
2876
3804
1136
2113
4962
7638
4652
4843
4494
583
1370
7146
3400
6471
2727
8915
8031
3003
6028
3231
3289
4301
3836
9837
205
565
2470
7399
3326
5529
4539
2812
8269
381
3896
5359
5179
3656
470
2830
8499
9663
4515
7328
7962
1973
9796
3803
7054
9293
6193
4563
9145
9649
585
1781
4364
5562
5375
2472
8927
3791
5896
6850
2705
4757
9978
8189
8464
375
8590
2912
8628
9758
1207
8596
9964
5685
9346
5631
8383
4622
4598
5445
6861
8650
1260
5065
87
4737
2623
9082
9016
9821
6056
412
9664
7636
66
9326
8397
3600
1012
4673
5082
7418
3180
5918
646
4456
7377
1357
8529
3880
9284
2772
5
7909
7801
2443
4276
8452
1977
5429
3206
3269
9800
8739
1660
2983
7124
9648
3544
9005
6371
1208
1971
3917
8633
4919
1682
5283
5807
3555
9874
1811
9427
1299
3104
5362
531
4210
2969
2799
2148
1128
4854
7045
9859
8948
5309
3218
8094
4537
8746
337
9977
3789
2520
5159
3735
4369
7108
5828
8137
3451
6930
8367
3959
3718
4269
4970
1571
2213
2987
5955
720
5941
9625
9456
3415
1679
9415
9483
7599
5585
9480
7390
4119
6386
8791
554
9164
5162
843
7530
2002
2003
81
444
2091
4542
6876
9832
9464
4277
5753
6750
6583
9672
7128
7324
7471
6831
4709
2182
3015
3751
141
3950
6464
6463
9470
7221
4841
9075
498
6426
4144
7179
3242
721
8494
2210
2698
3069
6479
1451
5990
8053
2059
2508
8609
572
8621
6725
3918
8585
373
3648
3580
2127
4300
7366
9535
6854
7083
5527
3120
9729
6034
6272
6141
9351
3717
4194
3363
6507
6840
8947
2767
9698
6069
7598
3317
4859
4117
9177
2280
1093
3730
7919
8683
1579
934
6387
2901
2899
8437
1643
7694
8390
4113
2073
7610
4208
959
8916
8675
7494
5126
3623
2436
2819
5494
4131
4182
8981
8182
3223
6541
2208
888
2720
8575
761
911
8651
5287
3697
401
9020
3980
9580
2816
5832
6679
5284
8770
7664
354
4835
6158
8857
1325
9851
4487
8303
9183
171
4164
8365
4414
4561
417
3001
5142
9774
7438
9026
5104
5987
3013
5721
9759
407
8414
726
5454
7633
1590
9872
9576
757
3602
3279
8501
4100
9179
738
2933
53
4647
516
5995
1083
8235
8779
8677
199
1585
2106
1584
2284
4267
6066
6101
8944
8415
3685
6684
8065
5175
9267
9426
6220
6527
8023
5032
5718
9522
3309
4346
9711
8573
8216
788
9594
2721
9762
3103
7703
7795
4237
4945
4317
9385
7761
6351
4656
9235
1688
3370
4745
9134
1028
5206
5583
7783
3762
9335
6855
3517
3377
4688
2568
8897
35
3424
9733
2555
9925
4026
7293
9457
4050
4454
1448
522
769
8184
8475
1628
5204
2839
2596
9755
190
4143
1771
6448
3486
4756
3150
6070
5300
5553
4475
4653
127
1205
8582
4225
5155
8127
3977
8556
8206
165
4535
1468
3479
9052
3548
6360
8531
8016
8834
9302
6256
5246
4536
2093
9790
1283
611
7061
4230
4792
9015
452
8197
9744
9540
6872
276
7935
4585
4739
6596
3314
4085
3888
6308
4106
1507
862
1886
475
9356
5210
5132
6368
9410
8588
2227
311
2217
1180
5797
2571
5643
7058
9083
1062
4486
1032
5185
1775
7613
7320
5421
8010
3497
5785
7997
2540
7242
3748
2915
2885
6482
3764
1256
4624
4259
6460
4332
2025
8538
1033
8108
4395
3111
5706
950
3744
8686
7846
2697
653
6763
538
7626
5487
8310
6225
9141
605
2095
4906
8709
9008
692
7213
9364
2282
1380
8106
4278
4295
1577
3942
8299
2235
817
5597
7713
460
3704
8878
6430
4248
5600
9227
493
5393
1593
151
7735
9350
9718
8612
5172
9157
4940
471
6118
9731
1313
1418
780
95
8200
9645
8571
3761
4878
6916
5419
5026
5591
2775
128
1114
5790
2604
3963
4838
7555
5456
3052
7020
3130
4140
9538
3826
5630
1163
4606
7104
2101
8830
6319
5747
9105
6569
7874
5108
634
5057
3246
5904
1046
9405
7886
4644
3236
6918
9788
6333
6350
5858
4353
9904
5926
5178
1969
4180
2585
626
1085
1413
8514
9863
7548
2771
6027
5480
2569
1542
2303
8159
6042
6378
566
8815
4799
2521
3819
1980
9229
348
9944
5138
4111
3719
9685
6098
7214
8115
7447
7084
8505
2814
2278
4998
4492
3670
3796
1420
3562
3847
1620
5866
712
6051
9192
2128
400
4951
4611
6024
2479
4993
3149
7259
9819
3904
5273
5312
9071
3108
6412
9167
5106
9983
4246
1164
9607
6791
8105
8740
9956
8764
1574
4637
4412
4055
2872
7539
3070
7839
9361
7442
1197
8211
2130
3856
7138
8418
2348
774
8757
7210
2886
6494
263
1211
8964
6110
5801
5133
5916
6342
3843
21
5969
2010
9151
1214
6139
6540
1056
1698
4406
4311
6363
8504
9320
6799
4802
7825
4207
8674
9741
9706
5793
7041
7069
6082
2032
3328
6995
8934
3773
4582
8558
6740
9860
4654
3662
9482
5522
257
9332
2548
2437
4474
3758
7519
4926
6841
2818
9102
2029
7488
8260
2904
99
3551
681
2674
9365
2294
587
7824
3342
4223
110
8102
8919
6934
2682
3271
3417
5055
6653
8020
3404
1578
5819
1275
1549
5968
8413
3802
5667
3660
5893
1992
3711
4018
9604
5235
4251
6213
6694
6575
4383
8884
5934
5999
4329
2744
949
8572
3195
4268
6741
822
8142
366
5871
4964
9411
4001
2907
1750
4188
5681
7730
9325
6150
3873
2836
8749
8786
1650
7540
2658
3406
3096
2358
212
6871
8363
5593
2924
8122
6123
3023
1209
4081
9216
1583
7039
8726
7960
5557
9917
2037
8773
5182
4262
7899
1066
2465
5425
7189
5211
2255
3133
1970
9387
4193
6195
5592
2557
9861
2986
1388
6411
50
7931
4391
5111
7206
1709
9331
763
7166
6388
7678
5329
6942
6311
1728
2203
6548
9505
7728
1856
4703
5433
1332
3373
3294
5967
3872
3016
8493
1812
5907
6217
3848
3325
9518
246
1020
1161
1841
3394
1474
8258
4630
243
580
5322
2155
2590
7708
2781
3078
1753
6777
3450
3728
6987
836
723
1430
3669
5915
3017
1928
2728
4470
250
8568
3568
5205
7287
9675
7348
446
5012
8275
4847
8222
4613
4392
4800
8408
6216
7426
6138
5887
1870
1596
7511
4939
7635
4242
137
7473
2396
3481
9761
5025
8760
1279
3086
8373
4605
2157
7428
5461
9852
1386
8515
2226
8817
5113
1555
815
1830
4722
2216
8240
8188
7524
1196
7284
4730
1746
3998
792
4917
8051
6403
2365
1665
967
8257
3164
6305
4623
4538
3549
3546
8616
4982
9049
1190
9231
3472
3019
7103
297
6259
3869
9661
4574
4497
8935
19
2316
5217
2978
1492
8376
3042
9010
8212
2516
6926
7753
3528
6060
6870
7748
5533
3883
8743
9651
7501
7266
5725
8431
4091
9437
7105
1538
7303
1963
4826
5922
2815
3214
5563
3607
1917
310
2427
1994
3855
1162
3861
9486
5970
462
3575
2189
317
8872
5684
8719
593
1314
6242
2976
5543
8155
5848
8977
2480
9281
5869
5622
5278
4247
7244
663
4660
9646
6853
9493
5430
8394
6211
2755
3027
9136
29
2709
5945
5165
9207
3459
1547
5222
3041
4042
7118
1470
4511
3720
391
535
6844
3608
6588
5927
8013
7372
555
9618
4063
2680
9770
1842
1360
4033
6774
7973
8238
811
363
6241
877
1424
431
5469
4444
4334
1276
6031
821
7309
5390
6705
2476
4399
5612
6931
6380
8322
3340
7589
6358
8778
6476
6782
5618
9710
2642
7369
9472
5574
717
2649
8545
8950
3039
1616
6542
7888
2327
1330
4459
8625
7066
5587
8305
8607
6394
507
4636
8560
7051
1079
6406
6108
7260
9808
6414
8513
6353
7875
2860
7215
134
7965
8230
2551
8361
982
5434
3829
8824
1609
3414
4595
4129
9050
4192
6898
3391
6555
662
6128
6036
6501
7455
1770
5764
2083
3887
2399
2342
5539
2263
1282
291
6456
4263
9357
6137
7855
8400
7496
5803
4229
1296
3203
4522
1946
2449
5783
1144
2936
1477
85
4793
6322
1949
9099
5715
3021
3405
2667
8419
9036
6421
1302
9903
1338
6864
1177
3626
4822
5732
9097
5339
9826
4742
5171
5226
2900
7038
4973
3742
8714
6174
9510
9282
3688
8489
8070
9017
1315
6015
2801
7702
9030
754
4064
1018
1701
9823
4231
3593
4455
7550
8750
7574
5661
5500
4446
3056
5412
7182
8929
3153
7264
6938
6237
6201
3702
5653
1667
1216
1634
6990
5118
3505
8928
6115
1792
7792
4669
3605
4148
1415
4767
4244
5473
6925
4464
2041
9182
5937
932
1280
1779
228
8478
3696
3174
7727
6427
787
7080
2145
442
23
1262
7329
8370
3347
6681
261
120
6787
70
9199
7799
4723
6084
4330
7319
7024
6301
3382
1017
9603
3774
487
7298
9497
5144
2417
7283
4435
7927
9450
1467
3296
3169
2036
6495
5408
8274
8967
1563
6535
3989
4239
7440
8469
1595
1129
864
2201
2842
1887
3478
8552
4712
528
2419
1103
6297
7788
1635
7008
2064
4824
3190
7414
4769
5462
162
2908
9846
5867
9309
7709
784
4526
9857
8422
9879
9560
8043
6452
6100
9268
9539
9129
5837
8004
5760
2056
3775
500
2050
5079
9681
1168
7413
9856
7912
3480
1269
6488
1884
3465
1441
6905
2188
7137
6560
9684
3930
6651
2243
9567
5698
9523
3915
2910
4084
2918
4400
4418
8520
2678
4031
956
8273
7821
6064
112
6168
9147
7704
2116
1906
9054
1724
7052
2337
4222
8722
8879
4137
5496
4569
8829
6972
2647
8340
3205
756
7421
4634
7971
2770
1736
2381
3413
9793
1230
9348
8605
4675
3232
7040
4714
2281
4850
7350
9984
28
8822
8347
5238
5184
9374
3574
2049
2398
9958
3002
6276
9746
8566
7930
3332
6275
753
6121
9838
