8875
4462
6833
1466
1158
9536
6370
5315
3626
2793
352
9857
3492
1954
4752
7351
2070
7539
3870
336
1840
3963
8129
5184
8624
6783
2472
6571
8527
3866
1125
6281
1416
3358
7959
9006
1329
3270
6253
9140
8348
6028
918
8135
7732
5255
3096
4933
9243
4920
8097
3264
8734
1761
8642
7211
7949
7827
3550
3828
6780
30
8729
3200
1666
9350
7233
7434
630
7705
7021
2848
8657
4065
3484
5565
3592
7090
3018
1150
4633
1740
1129
9590
7191
3751
6119
4786
3186
9868
1043
8168
9951
6102
3893
7029
4648
5189
3449
1103
9889
1407
2580
7652
6730
8692
2609
7562
2387
2471
2392
9451
7812
6087
7343
974
7991
1786
5819
765
1428
9420
6043
7198
7665
2183
2657
696
1315
375
579
6393
2203
7052
9580
7906
5227
3391
1061
8716
7186
1791
2621
6700
1589
8392
5180
9696
2040
8240
4319
5834
4779
2830
9282
5392
172
1293
1268
3903
9095
1262
9122
8384
2990
10000
2039
8156
7851
8428
8553
4710
8434
9705
9101
2594
815
5060
818
2836
6059
1977
9909
1558
3188
8984
1551
1978
1945
4947
9756
565
7691
9960
3507
759
6071
8761
7843
386
7824
9060
805
9342
2305
9524
9661
7586
7154
6448
5499
6203
3047
84
2997
9952
9538
3225
7055
9921
9534
3369
8352
7864
2124
4456
812
3043
6187
5228
9297
1266
4588
8149
4511
7501
4676
6449
7076
799
2284
4229
6249
6195
6141
9230
3494
3676
7134
4357
1189
7792
3648
4942
4118
8889
2209
5116
5042
9887
3342
1767
4043
8710
1249
6972
9191
4571
399
5415
2949
4461
196
966
1258
5294
4782
1689
6526
238
6826
3817
1361
7805
1763
6534
5192
8727
1829
1090
7957
1409
6075
480
8460
5839
625
2466
4285
6439
7200
4993
5879
1035
647
1114
3725
4084
3357
5803
8377
8865
4544
2420
6884
3633
9200
5461
7881
5493
9812
5652
569
361
1096
5516
2255
5674
2147
7612
257
7872
3059
8643
9816
9966
1722
6226
5006
6189
4908
5686
1504
3367
3297
6156
4765
7070
3874
8075
8151
2739
1578
5489
8996
9388
7970
7769
9869
1107
8481
1347
4891
988
4003
1561
6362
9762
1351
764
5361
3553
6111
8155
4801
1048
3757
1634
1289
183
4928
7448
6425
6591
8189
9844
7068
5566
9352
5264
9741
1116
2516
734
4974
7788
751
7271
4349
8944
3066
1405
9190
2356
4768
8217
3416
9686
9050
7423
6291
1302
271
5707
4350
140
6118
8455
7043
1975
4862
6943
5030
7312
7224
6817
8636
4935
2491
1645
3365
2400
3482
1415
6508
4522
6856
8543
1890
2972
8573
4053
4820
7285
3993
9851
8433
5114
3120
9129
8250
7372
8300
4859
8111
9556
3421
2179
993
9655
5924
3748
5167
3080
7676
4856
9577
9062
7568
8347
2345
9048
9067
5519
3378
7962
2256
3044
9982
1774
9788
8730
783
8444
8690
9040
6683
830
1338
2801
8995
4345
5583
3128
4382
1980
42
9127
1481
4789
6799
221
3064
9790
594
5925
7641
6227
7059
3215
505
5310
6403
9515
7873
4089
5866
247
2517
9333
4615
2013
9994
4668
6766
8349
8785
935
4000
6742
6733
5798
4918
5914
9021
5039
7960
4590
4910
7998
6089
7817
6668
8092
8544
9671
5512
2310
1139
1450
773
4083
7204
8087
6228
4623
7875
543
8301
145
171
5467
9106
6793
1169
8966
6078
9152
8601
7609
2775
9736
1399
2648
7046
4136
4551
5250
6701
4416
836
5660
4006
5289
5244
6164
6729
3453
4240
189
8268
5306
2687
7832
6308
9911
497
8067
441
7958
2960
8526
5323
2143
7342
6928
8904
2419
6964
5720
6194
156
4103
7203
8050
1879
2442
9665
2649
5032
1434
2308
4440
9408
2309
2711
852
3435
5297
3593
1320
6051
688
833
7005
8885
770
2156
8325
4499
872
1825
431
9193
2544
1606
7850
5820
341
4607
8326
2211
7480
1942
1126
8802
2940
7660
6725
4432
2571
4031
5726
8403
2666
6987
8069
9410
4665
3193
4620
2395
638
9267
7510
2699
5749
3174
8195
1442
1586
8017
8279
7445
3945
186
6727
2608
8061
9894
8929
3150
4374
8645
1477
715
5796
5690
7765
4853
2307
2560
6794
174
6301
7742
3210
2809
9268
1372
2708
8668
2880
2897
6896
4190
263
4117
5977
8638
8959
7889
1992
6682
3865
9125
7020
1471
9120
3392
2795
2645
8682
5162
1486
7229
394
4639
6340
8034
5681
8399
6446
6922
459
7795
338
6602
2362
5385
1813
1122
3042
924
9612
2286
4747
4514
4114
6324
939
4094
7639
3351
6702
2459
7566
6107
2886
5651
5960
9210
3564
3860
4368
2080
8323
4576
6506
3607
434
1213
5904
1597
348
9171
2930
8776
5549
1569
9797
7017
6553
6423
1574
3736
5187
4714
9963
9539
6927
7422
6858
8617
7180
1990
3290
2015
9284
6155
2161
4467
9161
8085
8336
9569
3574
6882
4125
9703
1279
6126
4755
5263
1357
8308
9945
31
7485
9393
5861
8063
2527
4823
4543
7866
8412
7575
963
6235
7936
3624
678
8780
7428
9589
8456
3490
468
4981
4375
3931
9105
572
3669
3413
7120
5418
8388
9781
9624
9927
1252
8287
2804
2366
73
6942
2552
5988
8203
3582
2675
2630
2743
8510
7458
8603
1188
5571
3010
9037
7264
5009
1012
4376
479
882
2869
9832
4239
2410
2956
9606
1175
333
3465
6325
4812
4493
5955
6319
7596
1303
6849
6065
8862
2825
4951
851
8882
8252
245
7306
9871
8049
4913
4793
8021
7286
1814
6222
1373
3536
385
867
347
1004
9918
2249
5229
8783
5669
7361
4365
4268
8228
2833
498
616
6915
9254
6501
5741
1458
5147
6574
2075
2935
848
2727
5948
1701
3758
8304
5524
6809
5444
8807
9904
2519
5490
2754
2701
907
5154
9047
5595
2017
7252
8977
5922
4251
526
7157
6746
6143
2818
9335
899
1625
5141
4366
6578
4034
2558
8884
8010
384
3178
1819
9360
7307
6974
6463
4395
3148
7156
4525
5562
8171
5112
9278
5672
7758
7486
9428
4029
2403
6632
6445
21
4834
7986
6166
870
5889
429
1325
1186
9792
8618
2272
7336
4111
9207
7099
4986
9786
7384
4164
9674
9238
9180
3995
9853
1031
7195
400
50
1172
3246
3837
3792
1598
3259
8648
9157
1731
4700
816
7360
8292
2377
5639
3265
1462
8840
6273
548
5797
6744
4906
4475
483
7382
847
3338
2470
7556
1771
3049
7756
5918
9236
6831
3341
2230
2287
4254
9940
7356
1914
2748
4112
4984
8701
7275
6692
6868
1014
6336
5805
9288
7270
1454
7146
8289
4617
1388
9517
4593
2168
3451
4835
2141
4105
5396
2353
5638
7871
2918
6097
2670
3217
3390
7006
8539
3532
9044
6153
2953
2636
2184
3852
262
3155
8839
9931
9459
8316
9356
5624
3355
621
8860
1530
2398
1553
1800
1950
7894
2320
644
7785
9039
4014
2300
7220
3762
5587
6525
2352
4925
9098
5335
8152
3499
6877
1838
7302
2939
5740
4353
9357
7595
4505
3257
3734
9474
7808
4339
4923
2557
3980
3398
2440
4721
6563
7945
2524
2225
2506
383
290
9080
4872
6330
7293
6946
8369
5599
7589
9494
2931
447
6327
716
4101
1789
2504
3075
4591
7167
7500
9938
5382
1633
6547
1028
8742
8844
1076
553
2706
3716
9070
2248
9765
7435
488
9574
8784
9484
5388
4574
1157
8035
7634
4372
4255
9507
7380
1441
4850
9752
6519
9784
8728
2994
4044
2797
5150
2690
6213
8895
7371
5225
8489
2055
9684
3775
8357
4825
7349
4814
9656
6696
6880
8881
4784
5693
4457
2437
5240
5481
8590
9514
1291
2409
8202
1480
1282
1646
9377
1696
8992
7331
1299
9269
4247
9275
9437
9930
3157
2216
458
9591
3526
1467
300
4088
4540
5729
4625
6522
3319
5874
3140
3353
6905
956
6077
550
718
8170
6137
455
7527
454
6172
6062
6371
2878
2583
9253
6775
652
6279
5542
1742
5538
5427
9300
4145
8608
2087
5617
5575
3399
1420
7042
327
5563
5453
99
5400
817
7914
4562
3643
5238
866
2615
7365
8271
3477
8265
5535
1527
2806
1801
1493
1640
2839
1179
9184
5196
7292
2555
9980
3639
4535
3595
9458
5337
5823
4892
422
5016
4062
8586
6027
9991
3033
4606
1435
9329
3815
8458
8561
3983
2800
6524
3389
7550
7444
597
3082
4509
1702
6029
8672
1600
2257
5046
1610
46
9085
7427
8421
289
5219
6843
1443
6601
305
1358
3366
8221
5772
9412
6452
6764
2589
193
5878
8957
9091
7190
7476
326
1115
6271
2627
9799
2427
8556
4199
88
6584
8374
5462
1401
4033
94
9496
9379
2319
8974
1389
8653
886
795
5976
4548
8328
346
1489
1334
3383
9667
9707
264
6923
4718
1737
6236
7865
8707
7546
4205
883
4873
6483
9755
2242
7729
3242
5170
9662
4575
9165
7638
2165
411
3070
6716
3214
297
7821
3228
4852
5107
4495
8965
2764
2849
4518
5858
757
337
554
9482
3170
7162
5457
8501
3437
4783
1662
7254
2755
4430
518
9017
6454
3711
5515
5750
9175
9596
9815
8766
6055
8247
8814
2443
2264
5527
955
6776
4309
2122
2762
9760
2494
2291
5829
2576
3562
8927
6241
6038
9773
68
965
9988
6294
9565
3093
8418
8060
5028
8560
2426
3973
931
1364
9281
4200
1192
7217
6998
6541
668
1010
5174
1470
9339
2581
5983
8698
6305
3615
6272
9691
8963
3197
9541
8194
9233
2254
3617
3045
1490
1930
5821
8509
5005
7209
4284
315
5137
308
5144
6941
8214
6421
8843
7205
5096
856
8756
1138
9997
3908
5336
3250
8511
814
6183
5700
5015
1387
3827
6160
713
7666
3770
9485
2453
1669
9406
4157
695
1799
2914
6085
5151
948
6724
1
588
3247
6786
610
3790
2646
9111
606
953
438
2119
8735
5868
2917
6067
2579
2614
6344
3118
8565
9682
4940
3808
244
6902
534
3520
2312
6994
2874
1039
3243
4758
3559
8197
6650
409
381
1356
875
7269
2148
7504
669
9289
2044
5190
2518
3752
6677
8936
4732
4154
6079
1034
2961
9234
2030
5405
5974
655
6861
2202
932
6010
2289
1861
4138
7536
6443
5098
7234
8320
4018
558
5193
5676
6767
4858
6026
8177
8031
5479
3374
3845
545
3371
7829
2597
9856
4943
3684
2899
8906
5784
4603
8842
4039
3644
312
6750
3739
3842
8391
1202
7159
4670
1321
8230
1016
7565
1336
2067
3356
9725
8064
5811
7899
6173
212
6388
7502
2857
3478
6350
7605
6054
6461
5038
9187
4482
2317
8239
4502
3921
3495
5678
5684
1773
1124
4314
5007
6808
56
5896
9653
7232
7717
2452
4215
798
8578
6113
3368
9614
8469
8677
9030
1907
1759
8627
9241
3728
10
2974
1867
9355
790
4851
4219
1134
456
5775
2433
9317
2574
7366
5386
7953
3074
4188
4674
9535
5867
1984
519
5234
9814
2757
549
1697
9151
9715
8143
4661
8133
3807
2408
6453
2749
6791
6985
3801
3937
1288
9375
3062
5853
6961
7002
197
8127
8071
9158
7993
1673
9380
4977
4301
4948
5226
6919
7144
6488
8084
7841
4550
278
6025
5471
8953
4342
8795
5923
2438
493
9349
4414
591
7084
639
9026
1831
9381
8820
947
77
2832
4144
2982
6404
7977
7151
6734
5623
3381
8389
6803
1709
2351
8831
3476
5993
9983
2056
7672
8043
3040
3122
952
1432
5675
4731
6263
342
8288
4866
8169
2481
1755
4600
1088
4965
2660
3462
9295
2223
9731
2348
3127
1599
1214
748
8749
2059
8986
3835
8474
9842
3695
8951
461
8911
2021
9382
9385
6629
3546
6337
3142
5052
280
6728
4680
7015
3560
617
3144
6123
9501
992
3609
4450
3048
9603
7283
2838
4379
3760
9742
4169
9835
8283
3411
8699
8284
5664
3664
9092
5470
7771
7305
9029
6798
6737
6052
3459
1781
5992
9558
749
7558
3782
3979
2155
9369
9528
8099
4959
8614
1704
3819
5191
7971
6220
224
580
1234
166
2662
4992
227
4265
7735
6914
990
7614
1533
5689
7075
4139
1178
1822
2064
345
1999
7096
1314
5932
938
4689
8224
8117
8318
794
5934
885
1243
6647
733
6013
2735
5280
3486
5351
139
9521
3693
5498
7108
9498
3348
9525
7395
6318
1429
7837
9737
7197
9734
2434
5533
7409
3285
9099
3641
7274
75
230
9772
9391
9123
2526
4844
6887
478
4184
7608
4564
9309
2644
7786
6070
4997
9038
5941
5697
4813
1577
8683
8849
3229
8926
8625
2441
3952
2485
1887
6962
9240
9089
5569
218
5109
1339
9519
2551
1681
3848
5840
4557
5452
3671
3765
2063
2298
7731
9837
4183
4433
8286
2934
942
7516
7079
8922
8427
6290
3480
8108
1751
663
3638
7534
9817
991
8646
119
1185
2371
302
8011
4273
4167
8110
7172
4477
801
2788
6369
7622
1331
7215
6883
7170
1858
5465
1603
3441
6288
3113
7891
3543
1957
2177
9757
7687
699
7547
7128
6433
9505
8004
9583
3612
5135
7529
614
6999
5673
3557
829
419
7521
6510
7008
2139
3041
5127
2094
5466
511
6084
5895
1713
8572
1654
5262
6381
3856
1523
1418
5550
6662
5851
2879
6932
8131
9172
2072
1772
6427
9979
9975
1762
646
635
9710
1854
5789
1637
7091
57
6406
1862
418
9720
9477
4469
9116
2214
141
3680
420
2525
9649
444
2659
9427
7505
6995
8330
4581
7244
9188
2900
2361
9637
7280
2220
940
5607
3756
4833
1520
8219
3738
2364
7237
889
3092
7347
9630
6875
6435
4952
9798
1788
9108
7193
3335
8409
9768
5725
3599
8562
1328
2467
4583
7085
4650
1083
8015
1882
8065
5325
9914
1025
1269
6061
1657
8548
5770
806
1463
4436
6589
268
258
7720
3132
7722
4832
3207
7171
20
6659
270
3525
108
2821
1092
8861
7921
7937
5251
9139
7733
4569
3974
5888
4860
3496
8030
3406
118
5204
6269
7637
2081
5656
374
5633
8856
1725
8777
5329
5316
2980
8159
5767
4369
8772
9849
9605
9510
7782
5995
4231
1519
6490
5856
9211
8319
8295
4966
6274
4459
7127
1679
3791
8635
8519
9114
7499
6867
5541
325
7223
2241
9310
905
7221
5429
1951
3447
4757
3362
6120
8167
6282
7625
5801
7318
5999
951
3920
9398
6101
7807
3950
7506
192
1365
5186
5616
1514
9579
3611
1226
3941
1097
2679
1790
3199
1095
741
6745
267
5424
1497
7552
8506
4582
1921
4143
2228
3571
7304
8404
1872
9919
9203
2000
4691
6003
4696
4193
8312
1498
6416
7295
7884
1864
1912
4998
6947
82
5724
2480
8940
5436
7047
1219
6885
3006
7908
6615
3071
3590
2245
7779
5081
8140
6060
2545
6209
8461
4061
3944
3293
4159
5503
7869
1218
1962
7325
2425
7287
7194
7523
5887
6430
8579
7290
6848
4286
3597
4287
6150
7606
7855
2952
2505
5000
5917
6100
485
8536
6717
6620
1874
3031
2316
4672
3961
9274
6460
999
4626
8498
1820
7053
7917
5764
4804
8688
3198
4930
3535
4614
7177
7655
8871
1973
2768
664
8006
430
1817
4660
3154
1027
9343
3969
3709
80
4995
5484
5334
8345
287
3917
7591
5627
6739
7346
2369
1074
369
4598
1754
3226
4898
1601
891
4063
5168
8874
5133
8052
8568
5267
1439
1045
1534
3660
9791
2496
1711
69
7214
1491
6706
7519
7142
2054
4408
1911
1935
8816
6470
3766
4506
5768
4553
1318
2511
1239
4736
8106
3440
2586
4704
8016
5023
1374
7757
6047
8419
8381
8850
295
5881
8296
3137
2637
3871
5145
976
154
4563
3055
8597
2700
6091
9262
9119
5209
3796
334
7803
2890
1474
397
5602
7011
5596
9277
8675
9933
7997
1824
8095
7578
636
624
2642
3201
1741
203
2663
2461
66
9424
9628
8056
7253
1370
1381
7057
4042
4777
9362
4884
2326
2477
9726
3396
3288
5208
7262
8968
4173
9323
1108
7737
9639
700
2306
6216
3206
5807
6874
832
1959
3124
6761
1026
8533
5487
8483
9376
5202
4955
35
788
6298
5968
8334
9071
1208
4336
127
8743
3545
9668
7800
4881
8558
9433
6031
6970
5812
9747
7340
1936
6912
2118
5378
5842
8493
3430
1996
2744
623
8378
2654
8712
824
3291
3772
8051
583
8248
168
8912
3513
6377
9730
1718
4922
6671
1947
9209
450
2680
3767
424
9836
6722
6429
858
6859
1677
1305
1022
9981
8001
5931
2950
8704
6440
3036
1928
4949
868
5526
6477
1390
1575
501
6891
9678
2133
9607
110
8891
9185
3313
9113
1579
1313
4288
5891
9973
2919
512
8554
5781
4348
460
5156
9292
7810
7554
2294
113
4073
8719
2303
2311
8600
2528
261
3600
8096
3000
8066
1554
7723
5926
3949
2822
4503
4939
3614
556
4429
3050
6367
3634
3445
5073
6719
2201
5326
6530
6536
8647
2041
7417
6539
995
9841
6527
5636
3999
7451
4277
6989
8541
4781
6913
9344
577
8581
2235
6469
3918
3885
5233
5395
3203
1505
1728
5671
7857
5818
5791
5719
5655
9090
8774
1828
7602
2817
3237
6507
2380
5816
8162
6357
8393
367
2167
5494
3629
6622
4294
913
4390
7117
6159
5293
1379
3138
445
968
27
2946
3960
2115
987
6358
2079
6936
3875
2694
282
4266
7181
5773
7301
9821
8958
2388
9858
7125
1229
4245
7491
6414
5254
5317
3007
6122
5790
8105
5181
3967
6349
5536
3116
9967
4181
4523
6317
125
8665
803
6050
2154
8576
9330
909
3769
3419
6840
1968
3753
7344
509
1205
6832
7778
6117
1457
2932
3888
1671
3458
6637
7830
3468
5795
5737
298
6231
9537
2127
7235
4885
7248
1508
7909
7401
9223
9922
831
7143
7981
1588
9698
3117
8933
604
650
2479
2802
8440
228
8476
7083
4894
1362
2447
8790
2250
6142
5619
5286
9818
8426
8508
596
2947
5353
7560
8521
4803
4329
4351
9332
9892
666
276
53
6364
2012
1744
1340
243
9261
9326
2779
1793
2969
9751
5257
8138
5714
7478
618
4361
6485
6180
8083
6382
9034
5688
704
6812
8547
1246
8732
3833
9247
5307
8868
6475
671
328
32
1085
9069
3991
9953
709
3596
7853
6968
5921
2567
2773
9076
3964
6678
6224
1170
5702
1830
7161
4507
7289
8470
8277
2187
4735
8644
4192
8566
7600
4195
301
3902
215
6066
5507
7923
4110
7900
4070
8841
7895
7814
7188
8589
5910
1465
4839
3997
9051
9415
3623
2658
330
7759
8724
6955
9276
1691
1908
8859
6127
4388
8879
9367
922
5198
9363
3063
2057
9809
9503
1965
6511
6616
3164
9899
5491
9898
8759
1955
9251
3537
9949
7882
4155
7649
7862
1378
7816
3332
4643
8209
7481
7231
9248
9657
3008
8985
1319
6410
6399
9319
7489
5248
8146
389
7978
4282
8804
9301
1522
8160
1521
5373
7249
5945
5928
115
1207
9530
4074
3503
6359
9083
807
5358
5618
2965
8317
4771
5348
2042
3483
4587
3315
9873
4045
3743
5947
4012
5295
4017
7702
2048
1764
4567
14
475
7690
7697
908
6555
3408
9186
1206
2853
9491
2979
4692
1808
1270
2569
1524
5634
9553
941
2109
3604
8436
4470
6239
2004
1290
9564
8293
6428
7040
8181
1423
2106
9959
7457
4849
3089
7463
3024
4356
3932
4109
4032
9256
8680
7376
8411
9578
5744
7124
3097
8943
6037
3899
5981
164
1171
3936
1394
2856
6024
6661
5188
8913
388
4586
3749
3432
2088
9690
8118
3002
6270
9636
1210
9273
9848
5273
7210
687
3806
6074
5345
4079
9413
9075
3737
7597
1608
7677
3052
3816
448
3397
130
4364
2112
4134
4124
6471
1939
5783
1605
964
7320
4697
648
9977
8693
6109
2824
782
4156
1670
4091
9366
2652
8008
6108
7579
5605
4589
6424
3800
5800
8435
7700
8525
5089
7368
605
2071
1316
3276
6240
6795
7746
5568
7716
6415
1005
925
6751
3613
2321
3777
5952
5082
8276
5043
8445
2022
5320
7158
2769
2354
8462
7414
6163
1256
778
7947
3021
8486
149
2370
3906
9121
9011
5103
9783
983
4151
4659
8656
4914
6342
9675
248
5474
6810
8226
5779
7689
8923
7682
4442
8569
9623
728
1084
8535
4280
2076
249
2828
3123
521
4769
5249
6857
7497
368
5710
8487
5970
8210
4005
4292
1276
4903
3661
2596
4513
7956
7549
1159
8038
2971
1053
3744
3911
5071
6804
3493
8454
8808
944
6784
1020
7780
2937
3213
9819
8949
8154
4293
8370
6247
1881
5390
4407
4594
5757
679
2404
7236
3260
1154
3897
3286
223
272
2605
2702
7032
4455
153
317
2588
5620
8770
86
5937
2237
9828
7018
9102
3844
6178
4645
8973
711
1484
7898
667
8359
1512
2169
7326
7281
2563
7826
8424
3027
7750
8200
2299
9397
7919
1775
3301
7804
7319
5203
4165
494
7994
9383
1002
4360
8266
1236
946
7132
6855
9073
9217
7133
2349
453
6834
7391
6685
2024
7291
7599
998
3662
2376
8274
3248
5871
516
4946
7633
4941
4220
532
4380
2439
2746
8564
9599
5551
8484
3846
8360
642
9644
6000
6385
1518
9487
5330
7022
2198
5108
1060
8238
6758
3410
2577
5051
5399
3054
9495
72
8142
5909
3163
5050
6592
2789
2927
6588
5788
2866
7403
6254
7961
5765
3275
9479
6552
4915
7263
8275
7260
2810
3279
439
2229
3854
9621
1940
3730
7927
7854
1931
5364
1661
2185
2909
2941
4705
6419
6540
7294
2888
9847
7572
5355
7098
6372
1895
1408
4099
985
6587
9795
1482
791
1235
1698
2347
3442
4057
350
4809
9302
43
6979
7086
7695
8207
3261
5877
162
5902
7926
4677
8380
4258
3204
8599
3851
7797
4275
3195
5525
9405
2542
8497
6548
1417
1400
5223
6099
2036
9766
229
2170
777
2529
415
8164
5021
18
4311
9176
3894
8801
1812
911
6757
9447
5139
4412
2210
7989
6474
1971
4334
4807
1317
4232
9906
9228
1538
6633
1231
6663
8979
4304
2641
9100
6466
7026
9618
6681
5957
8386
980
2783
6146
5584
8829
8505
8964
4444
8887
7449
8516
970
1380
6579
320
3750
3873
169
8847
443
2966
8285
5460
6512
4976
973
6190
3192
7393
3797
437
8494
8363
3799
4667
4658
560
898
322
4934
7859
1835
1859
5451
499
318
9787
4238
8423
2331
2964
3501
3955
6787
1910
2986
6958
1926
4738
7322
7517
4283
2776
7610
2260
1354
5505
2842
5486
5649
4671
6699
2486
7013
266
5160
5711
4831
4451
5433
8845
8431
8076
6800
4085
2401
2473
3151
1335
9227
9803
3172
8942
960
1855
9970
7760
7844
372
9043
6517
1200
2029
7429
3302
5913
1177
446
5845
2541
4635
8754
5713
4302
2632
8593
4194
6917
7418
4307
6447
8714
6624
9664
589
3924
9932
5532
880
4399
5123
2819
6086
9562
67
1003
9829
7594
5971
4069
5409
28
5311
165
2492
5446
8540
2678
1297
8686
2181
4178
1585
9996
2086
6939
2565
2559
7037
9595
4120
6373
4081
7276
1052
2981
901
3858
1332
4121
7394
3855
5963
2338
989
9557
2482
2251
5732
3177
9805
7709
9025
6401
4969
4534
4415
1798
1167
9913
1941
2717
5523
1580
6560
1565
6977
9827
9077
5766
4093
5053
7667
4902
7542
2121
1948
8522
2726
6835
1254
7642
7714
6476
4261
2379
4794
4040
6001
834
7699
1924
5321
6145
9088
2854
9753
2911
6863
2243
1991
8864
2474
96
9224
3068
6442
7054
8858
9312
4857
155
1414
4402
5899
9723
2936
6625
694
9575
6289
3422
936
1967
3179
5815
5012
2196
4096
3598
7019
1355
3838
8452
1017
9015
1330
6277
1421
8417
4788
4305
1641
6723
2114
7671
6689
2268
1571
3208
3056
457
7259
9252
8649
4206
9013
6468
4030
8161
9604
6033
9584
4446
6957
3658
9617
4826
686
2445
7584
6257
4394
1082
8769
9294
5049
1925
4160
2020
4494
8353
5943
8137
2259
7436
9506
7308
4445
9701
4611
3839
4325
6538
8205
4612
2815
2592
3087
5998
8718
4263
2876
4972
2814
874
9845
9748
7112
6167
6230
5375
8253
5276
1248
9802
5761
7761
3253
3948
7828
4895
5437
3146
5083
4387
653
7317
6796
8982
7038
7439
1024
9839
6523
1903
4250
528
8338
5301
8925
5622
7668
9896
5165
5152
2561
5440
1112
5972
3274
5002
5534
7459
3506
8390
8835
2740
7933
8367
3350
1312
5035
97
4202
8762
6596
1121
8537
3439
1620
6597
4828
9489
7564
8726
8898
2623
8346
9345
9989
3889
7468
756
1875
5346
1546
6489
7791
7618
9137
4166
4476
3594
3935
9597
3585
5117
5455
8999
3573
7329
3277
8833
1105
8570
1884
5287
9934
3431
9229
5897
7330
6347
4602
9942
1917
2570
157
9041
2667
173
6984
3783
9793
1929
7548
8379
4170
4829
299
4447
7082
2750
6040
5140
6916
9764
8014
9287
8583
2301
3703
2584
4191
7684
9249
2304
5663
413
3471
5106
3455
7601
9560
3283
4244
6944
5308
7537
7773
8055
107
4393
3968
1075
3481
4740
4971
7490
39
4610
7897
2499
5422
5699
8976
537
620
5397
6103
8789
9660
1985
2150
5802
9640
177
9331
6132
6581
3098
3218
8577
5628
8768
2375
40
2188
5482
311
1397
515
9724
6191
1376
6116
9483
7122
5068
3004
4512
7094
862
9626
7951
2489
3152
4411
1987
5591
1997
6242
721
7718
9219
7495
9384
8022
7544
5642
4907
9046
9198
1067
5579
8883
3715
6361
4780
570
6261
6836
6612
8148
4845
3318
8674
2465
9035
780
2534
4346
5771
393
3175
7256
1587
5033
2537
4271
8748
6640
3551
802
8955
2989
3970
9033
4631
9414
5730
2999
2957
2373
1539
7431
6866
6004
9954
6112
5936
9148
5412
5594
2136
274
4640
8932
9232
3686
1953
6036
1563
8068
7528
1087
784
2162
4651
6248
1716
9542
3880
7493
6503
7406
3834
4437
7113
3954
6368
8396
3180
871
9677
4474
8757
5259
6058
7834
600
8457
5377
2593
520
1542
6198
3705
6457
5915
8241
8502
6691
945
6698
1382
6595
7541
3674
6170
1888
52
3575
6139
3249
3423
9673
7400
1038
5274
8218
85
7337
6542
5370
3326
7001
5806
7553
9387
9018
8355
8794
120
6341
7404
7831
9464
1375
313
562
701
2455
3929
6532
6201
4630
2924
732
9548
4854
2460
6016
3306
3196
2498
5363
5824
3182
5703
9885
9150
5473
4728
536
8962
7074
6157
4694
5296
3810
8382
4727
5146
5231
5031
5852
387
892
9865
6405
8660
5136
8220
7839
5927
2829
6390
5423
8978
1183
5008
4830
7538
4785
1787
2238
5374
90
36
265
4716
6873
1893
2383
378
5973
2603
2984
5964
7296
2495
5091
6839
4679
4637
3876
1714
4741
4911
2090
3464
1424
7496
4657
8988
1949
674
9923
9902
5657
5066
3823
4644
575
8778
6095
2313
5835
750
1363
2137
593
8322
71
8174
6600
8538
7109
9544
6473
2653
2929
4879
5411
9511
1715
1919
3057
6110
4713
3898
3678
677
4038
9337
6643
4026
540
9497
2530
2357
838
5520
6171
1079
8459
9859
7874
4572
8994
5253
8731
1946
6292
4187
9107
9045
7892
827
4381
523
6652
4491
4060
6653
8678
1209
502
7886
4604
9884
7645
8077
4397
4270
5939
9523
2578
2138
8335
6890
2342
3712
6703
8215
844
7823
986
5647
5826
8291
7507
7105
7915
8821
5982
8894
758
6904
1531
3034
5547
6144
3745
8518
3404
7727
55
6134
7903
8763
5504
6568
3900
6312
7130
8415
3746
1894
5252
5746
4624
5804
2722
8703
9467
2798
6657
1870
106
4485
1555
7569
3103
7577
6275
2484
2889
9246
2513
7452
167
7838
2436
7643
6181
5537
9708
9338
4298
9508
4932
5696
3160
3723
2962
5164
4750
7526
4198
9392
6580
9160
5332
6304
1891
4663
92
5333
6431
9346
5319
4496
7169
2640
9838
3849
7087
9104
1472
4687
7
6572
2672
9987
5600
9446
4953
6200
6076
4420
9925
3702
8706
3013
1938
1818
4627
3159
598
5449
675
6627
3017
842
6328
7559
8041
1511
4087
2428
117
4999
9822
6743
5477
5653
1836
2478
1506
3579
7916
4262
6959
4059
5178
1932
4991
7114
1062
2367
8661
3603
8179
1430
1054
5794
2736
3227
1077
2049
4257
7370
3183
7925
2173
3640
7522
3649
1792
5564
7772
1866
7604
571
2270
2396
9512
7453
9423
8082
2126
6731
7065
5743
1794
8407
1117
4264
1263
1545
8044
8819
4358
4291
781
2159
89
5034
2791
3677
2267
9834
7557
2618
5665
2721
4354
4242
8090
9823
8908
3321
4867
2631
5175
5480
9878
319
8758
6479
7514
1851
731
8042
5635
2913
2582
7069
3334
6331
1695
7051
442
9998
9336
6048
4458
4756
2507
3038
2684
4690
4666
5086
1437
5413
5938
1237
8811
7024
1193
5084
4340
5641
2638
2991
233
599
958
612
6635
3774
241
5989
8231
9231
5984
3788
7335
4158
4642
6021
5625
2763
5394
821
6515
7288
9492
1550
1111
2014
7531
6128
4605
7092
3972
723
1222
5408
9995
9774
2625
1510
7313
2194
1916
8897
7251
1377
9313
4682
5448
4552
4864
8607
202
4904
4798
9142
3169
2624
9431
8366
4409
2843
9128
256
3733
5246
104
4004
1648
1644
211
506
4068
1757
9610
4077
2279
2844
972
8760
5063
1655
5573
6264
8305
2234
7035
761
9648
8598
6679
1847
4886
3793
7968
6760
2464
9395
5359
3787
846
7858
9733
6464
9456
9881
4186
7179
6611
4131
6838
9441
4274
5677
915
513
1427
5072
6992
2290
3271
8073
8191
5753
9110
3542
13
2723
8571
1559
355
1848
1464
484
775
6732
5522
7966
8002
2673
9663
8232
4438
1166
5402
8270
2281
2745
3469
1632
4281
4719
6841
1736
9169
2190
1253
1562
3735
1106
7165
6441
410
9593
2595
5420
4711
3184
6966
4556
5010
5118
1653
5121
3504
329
3663
9271
5576
8773
7943
7659
33
7845
8416
37
6420
8880
3606
5717
843
8414
2073
1868
3491
4176
8870
6437
8089
5290
309
9616
3114
2598
2601
977
5017
607
7089
8946
181
391
835
3785
5270
7364
7939
1797
6218
3583
6233
2689
3395
637
9063
6570
9879
3863
6934
933
2384
2271
8604
2781
3651
9418
3428
6908
8619
210
5025
3037
6383
3156
6641
3289
3831
3487
8432
5912
4795
2532
6487
1070
3426
59
417
6221
3233
9888
5447
1224
2204
4924
7653
7745
8737
170
4654
9401
3473
1181
4766
5194
8873
9159
4703
9860
2007
8931
9984
4778
4675
1540
4182
3580
2959
9883
994
6741
4877
9444
7396
6781
6765
9549
8236
7212
9499
6252
2724
3646
2604
7870
6824
4632
3429
7840
3361
1684
2756
3719
6176
5299
5048
5303
7045
5554
6797
8751
8810
9103
4802
5831
2178
6293
6648
4577
5122
906
8447
4709
9480
1006
2280
3958
7150
9775
4708
4052
3190
1525
9305
4071
8580
222
7811
954
3879
5848
9676
3409
8449
5443
7698
2758
6931
3280
5344
6088
9999
8280
9709
9635
9068
3375
8549
4328
6969
9631
3605
9964
2429
2811
4492
1652
7743
691
6675
1906
551
3659
4466
7009
5588
9218
9
5997
2091
6356
4300
9900
7630
3789
4180
5734
8567
2894
3667
893
2713
7358
4963
359
6853
541
6926
414
3171
3472
1449
9435
2488
4312
7846
8837
9318
7976
9804
3360
8896
1752
2302
1976
3530
2585
5041
2276
7833
8342
7940
7469
6136
2807
6948
2882
6952
4957
539
8670
3305
5578
1809
9632
6168
1277
8451
659
9054
3773
8877
904
7328
5996
6018
2686
5283
2671
5497
6860
473
8184
2005
1783
310
7710
5905
5731
1342
6386
7121
9460
684
4929
5552
7265
60
2787
3106
2676
7694
5827
707
9170
3284
3433
7115
979
8739
3621
6644
9096
800
8857
2258
3847
5376
4137
1478
8717
9527
8471
3759
4585
2120
514
7441
5119
8356
1687
3563
839
8930
7014
160
2703
2852
492
7883
2948
6695
6630
2813
8637
9785
8251
1128
8822
564
7311
5756
6825
9739
1044
3077
4326
8260
9058
7363
5560
1566
5104
2456
5242
6151
8852
8255
8907
1152
3460
912
6185
343
5029
3415
5572
1827
4363
7261
7258
8098
4836
1240
7944
9255
1029
2050
5950
9426
161
2522
8941
489
8213
7890
937
7245
3794
9403
2993
9955
9341
2095
6444
8422
3685
9679
7530
7911
136
3538
7239
9732
2691
626
6057
9078
2069
8465
2766
670
2037
2363
8975
8667
3665
3126
7766
3570
4163
9072
5027
2548
4343
7603
3299
4347
8446
7060
9334
3514
2368
213
9138
3091
4341
5134
7044
3915
2422
3859
6363
7636
3115
3185
8206
5940
1257
8354
8196
3654
7297
8805
3500
4742
2424
209
9221
9714
2883
1369
9602
2549
2515
1972
5371
3168
5256
742
9573
1371
9693
613
7721
7922
4453
9081
6030
1712
4333
1664
9308
2315
3359
6844
7110
1385
2613
769
6278
5340
8109
8223
823
2647
6276
959
3452
4041
1543
7267
6494
4141
112
8153
2047
9592
1537
7222
7985
8720
6660
3529
619
6991
4597
8503
8464
54
1143
6712
4988
8183
138
919
2554
1433
5472
9695
1593
5142
4510
358
1278
4601
4799
8054
2803
6311
7354
1324
463
339
4570
3333
2531
5557
2085
1607
5185
7279
3840
6774
9469
3864
335
8467
1343
4664
8532
566
9789
7323
5416
1221
2006
7010
4753
3698
928
7748
5176
3268
5844
3400
6302
44
121
7619
6389
7513
4542
6845
7984
9808
9457
7867
8671
7272
9409
2497
9478
660
1760
7240
5428
3586
2916
8869
4213
3867
7107
5391
1617
9488
4207
7616
7582
1841
9266
1232
6022
8310
6950
1629
5454
2737
1260
8998
2805
4115
6956
7647
2244
2019
4950
4560
5745
6400
1473
8327
1500
8595
8767
3637
252
6910
6465
1081
7357
6754
3211
47
9449
7708
3747
4695
4289
2296
1528
4297
1766
5367
3707
5110
4233
4222
4821
6990
4684
4596
7332
1078
9993
7706
9957
7378
1805
5061
9036
4737
1535
8410
8713
1098
917
2297
1190
1663
4404
4890
7410
4919
2587
3811
4962
1359
7492
7741
5841
4521
3101
4090
6687
371
2634
5398
8361
6531
5752
7187
4810
6747
503
1281
428
2386
3826
9002
4871
6815
6586
4638
3527
9065
8425
5774
2908
4009
1348
8834
2655
366
4116
8339
1307
5728
122
7681
1238
7764
5694
1244
6307
3891
7023
5919
4058
8406
2016
152
3300
4982
7863
8350
2556
2568
8685
9561
7583
2855
3384
7080
8126
4517
6321
9969
6937
6455
3934
5543
2895
9020
6081
5018
530
1056
5614
4578
7877
9324
7163
7207
5555
8983
7751
9365
8018
9421
6900
3434
6646
3072
4214
4541
8779
1030
826
9946
6068
8591
8488
9861
5825
4855
1615
3830
8120
5230
3727
3267
9259
6636
2847
2144
8993
5776
9582
8664
4418
3194
7784
9239
1367
5608
4072
2920
8557
1909
1049
8970
314
9608
2573
8475
890
1119
2837
5115
4595
673
3121
3058
6121
4035
4367
285
6898
5220
7545
8
927
2772
5637
690
4055
2877
491
7243
1007
5630
3522
7184
7218
8150
6762
8725
5483
4174
2629
6407
6790
6083
114
2887
5217
9961
6605
6988
7912
3853
7126
8723
206
6676
7471
6232
943
957
5338
9028
240
3829
2904
5610
1251
1410
3802
9225
4127
881
9146
4218
2977
1856
5793
2463
8053
8028
9700
6773
9950
6606
6973
7138
6816
2500
9008
5613
5751
4480
2862
8800
8192
7078
465
8123
2682
260
5640
9728
8746
1765
1678
8997
7704
6802
6353
6651
876
5704
6486
3005
25
9729
7369
7793
8340
5341
2051
5064
6217
9937
3134
6237
7097
3107
527
6223
7646
1142
4926
3907
5966
5687
7066
2616
1447
7503
8886
4080
6960
9831
4036
796
8373
1468
7942
7904
5425
7651
9465
324
7381
930
4729
187
3461
3309
4722
6283
7398
8650
7093
8482
4975
8080
9000
5880
9205
8314
219
7063
4565
7818
2661
4417
6864
5965
2752
8261
4107
9450
9846
9813
5961
8584
6821
2224
4196
5236
8007
9924
1265
8606
8113
7064
3732
1557
7000
4100
6752
7952
5342
3694
2449
2885
4435
2134
9481
9265
4237
3985
1109
9003
3363
4944
5876
5235
4225
2263
3295
9882
8851
1734
2967
7813
3984
6374
5539
4970
6115
3822
6314
1516
3176
8872
7348
3892
5511
2060
2826
4848
4878
1000
3090
3051
8733
9716
9432
1233
8101
3584
9745
3444
2010
4865
5305
4047
934
5309
1810
2278
4905
6009
2591
4994
3003
1802
5421
2232
1548
2677
1502
3619
5920
3544
8201
6015
689
7856
4754
6165
6822
9864
8702
3329
5432
6035
1456
1993
6105
7164
7763
1876
142
6376
4681
6544
4002
3340
6188
6412
1479
5843
8313
7402
5590
1013
19
6933
1913
3414
1933
5850
1547
6543
9264
2335
5201
8697
8899
9570
4303
4253
9354
6566
9711
3401
2207
8512
8103
6387
9872
7724
8640
7460
7199
2217
7635
3105
529
1964
4472
103
771
4538
1611
7849
3731
9244
2231
1366
1118
3498
7876
4745
4520
377
6870
344
710
2925
9486
259
4900
8622
2337
3988
3349
5544
6366
370
3672
356
3108
7387
7799
5727
4869
7848
5372
4197
1485
2450
2725
1199
2968
6395
4843
2553
9086
9455
6092
5755
6360
7467
8741
8838
4276
307
916
1110
3385
4628
3618
8372
4385
6069
9179
8919
9722
5593
6045
1873
1621
4964
6206
9064
4146
7442
860
645
1068
3417
2219
7061
5586
1922
3011
6034
869
507
9118
3668
3956
9087
2032
9855
5024
3339
6738
7650
9189
3352
6801
4909
5099
2117
8528
296
2282
7644
7073
9361
8364
6709
705
9007
2405
8655
6214
65
7790
611
2149
8990
1745
5643
8892
4147
8700
9769
5379
4210
9867
3372
902
7878
7314
7802
7627
6726
6365
6753
2476
2996
9340
1726
5869
7472
6472
4290
7192
8225
8659
9322
8333
4811
6893
3679
7246
2104
3922
837
766
3650
6504
208
822
4465
601
4749
5589
2718
7048
2861
4228
4770
8832
4473
8514
5195
2023
5279
8249
8394
9181
6348
4549
1552
1743
5822
2951
128
9183
474
5735
1283
5291
251
9215
9353
7338
5492
4698
7426
5838
7455
8687
3588
9199
3382
2197
176
4227
5691
8825
8233
7036
6245
1988
3713
6897
2077
6763
4046
3141
1630
5339
9559
5205
8119
4532
4478
4669
4822
5163
5157
5718
7524
4172
7103
7620
3887
5953
4135
1796
2332
4996
4978
7116
98
9490
4086
1708
4824
4054
7095
2730
789
4519
6516
3625
2389
1245
2747
5288
4990
6558
7725
6569
9652
9875
5645
5247
9293
8303
1322
1452
1573
3292
8190
7129
504
7421
9744
8413
5695
2026
6829
8033
7056
3832
1699
3566
5282
9972
8721
7679
7189
5946
5441
1019
1706
1448
8112
4256
7242
5883
6559
6496
3273
7847
6869
2163
8480
6215
8000
2761
7282
2078
8234
6811
2942
6814
2863
9770
6138
6310
6384
1201
1983
3883
3450
8903
7774
477
1102
5545
547
2293
5111
8023
6704
6462
5258
200
7241
8989
8278
1113
2100
7739
3683
996
9470
4724
975
3322
2125
9974
8009
9646
4025
9010
466
5969
9540
7711
582
7310
9348
8020
7327
3942
1153
3110
8297
5959
6895
3030
351
7980
6879
2827
2753
1960
9270
5739
9782
7058
6594
3373
7225
15
9298
3028
9852
1898
9825
3878
6063
9182
8684
2796
665
4427
6355
8666
8775
5759
2639
5300
8074
1609
1131
8365
331
2501
7585
8855
4882
3601
8813
6756
1300
6438
2213
7963
3479
2334
4761
2128
6669
1596
9513
1612
2533
7389
9658
3886
6093
1395
2205
2611
4022
9642
8888
9854
8375
5275
4236
8782
3065
5014
2176
6618
6518
8136
8696
7532
9520
5510
2002
2212
2926
198
12
3925
628
7208
5357
7443
1693
1674
7662
2222
1686
470
3308
6967
2685
1659
6147
2385
3681
1230
4007
6575
5362
3320
9588
9079
643
8582
5478
7787
4530
9279
2710
4425
5210
9870
1174
8254
2174
2166
9400
9260
6498
3610
1923
8546
2381
6929
4763
1961
8102
7621
7982
3061
7781
2382
9713
1333
8212
8740
5929
8609
3425
4528
9613
820
6514
8630
2277
7227
1658
3354
923
2954
5873
1567
8012
3524
4320
6285
3162
5808
4649
6986
9213
6193
6306
5088
4321
3420
9425
1064
7255
793
8620
2731
5723
1494
9466
2226
5561
5906
640
2031
9220
9992
3073
3959
8796
5813
1272
7879
4102
9800
2538
7175
4332
8893
6901
6788
656
7893
1619
7388
863
6130
7902
6333
1228
9863
7835
641
9194
7770
984
64
2998
7039
2978
9721
7016
535
3216
7119
8901
2062
3345
1284
8332
8828
1668
9411
9685
735
1832
7573
8708
1211
8689
2108
5857
2083
4226
4468
8552
1287
9472
5019
5383
7196
7685
3344
4827
8216
552
4434
432
2192
4119
3608
5488
5456
8125
5994
5343
9916
7201
1055
4706
158
8405
3890
9404
9024
4230
195
7071
1223
3254
9697
2065
4413
8938
8358
1469
7386
7693
3219
1350
7598
4463
3337
4405
8294
4204
1564
6892
3336
4051
5211
524
1682
3509
5980
2823
5592
7397
5003
8934
1656
725
8939
1889
2175
6899
5500
5158
9550
191
8915
9004
8173
3223
2292
8306
294
291
622
3314
762
8809
6690
5518
8321
8047
4739
5155
4212
5161
5799
9009
9554
1845
9130
9956
5094
354
4840
2131
7887
4792
3531
8121
722
7657
3143
8246
2415
5758
3768
6207
1386
9735
5302
3205
950
2903
116
5093
1509
8633
7640
920
3910
1833
8960
3578
2765
1040
6889
2945
8134
9543
4323
9440
6299
8100
237
1685
7515
5685
2509
1556
6582
6736
8438
6346
8175
2698
2411
9633
3933
7755
2536
8631
9192
5079
4483
3690
1507
179
4775
6284
6971
8823
8781
2285
7303
1368
2283
3446
4037
1353
4318
3556
5597
6619
4508
7004
5986
3627
4489
7988
7228
5495
7972
2102
3754
6645
4441
9749
6981
3718
4471
3805
4841
9943
3517
4545
517
3161
7174
581
440
6617
7983
5159
8267
9031
3026
1707
7885
9173
743
205
6131
5870
7749
8037
1733
9968
9820
5668
8344
8045
6148
11
9109
1639
3868
9438
4075
1413
3039
3869
3379
6379
4150
2912
1120
5626
5055
26
4621
5890
1403
4011
4422
877
6907
6250
2487
2943
6847
1705
7362
9581
3489
7375
6495
8453
2771
2720
2009
1952
4760
3978
8817
5632
6020
574
6046
763
1216
1572
2864
7003
8157
4516
1897
6492
4306
3561
17
1094
6642
2208
8273
9807
2808
8815
7798
2414
9704
9634
6846
2846
4899
5221
8787
462
1264
5975
6823
2792
3928
7512
4883
5281
3224
3053
6975
3012
2135
3001
7355
1628
1650
3412
9214
1191
1295
3857
3622
5502
9893
2493
5426
5004
3467
4132
7257
9133
2733
8402
4064
6334
2599
8945
7520
736
8243
1717
5314
5387
6871
4501
2910
4815
8711
6865
4316
7405
740
126
3700
1541
1536
3850
7408
4937
8448
2543
7148
8072
8343
178
7183
9396
5318
3726
6345
4152
2101
7482
487
2840
1072
1204
6533
7031
4688
6755
402
6265
7419
8400
1970
9586
2058
533
4983
4168
3666
4647
1419
4874
2035
8531
6467
1730
8258
9463
500
4901
9702
4554
4797
9174
4980
3370
5442
5530
1086
9576
9442
3976
5949
3016
7913
563
7658
3403
809
4161
3541
1853
1492
3112
7315
4584
7563
5129
4985
423
8059
6665
6008
5132
4128
2191
7740
81
5556
6894
9910
5598
4773
4148
9394
5435
2514
5862
7648
2028
5369
2391
9321
9587
91
5166
8115
6154
7987
3245
7734
4968
8818
8490
4371
316
6686
2314
6396
5956
9563
1934
3896
6408
2695
6528
3670
6394
9594
4723
7654
634
6300
2359
9242
9454
5265
7581
6565
4392
2008
8866
8980
41
4759
1776
3555
1526
9216
5780
5810
3393
3252
5356
1197
2423
4352
6740
2378
7101
4725
6482
3236
6255
2103
4808
2233
5304
5328
9761
1459
9049
4524
4221
7588
4916
4391
7446
6708
1886
2712
2859
9019
7088
2860
6550
1308
602
5894
1680
8130
8918
8585
8967
752
6335
8307
546
9880
8187
3692
894
9084
813
1892
4419
926
3405
1009
8398
5670
2867
9468
754
1161
4847
6549
4209
5786
8826
7213
4149
8429
225
5331
6246
9659
482
5268
1782
6459
3020
1900
9027
7663
8450
6610
6169
2923
9055
9811
8654
1309
8803
8722
1225
2374
6041
8281
767
4454
1769
9386
6244
9912
3388
6983
8827
6072
7484
4816
1425
2683
962
1823
3516
3704
4547
7518
9777
2590
5666
1310
3189
273
739
6906
896
2458
74
6007
1694
9619
1488
4888
3803
3761
3533
8890
9833
253
615
1041
5705
9780
9082
9473
1583
124
102
9434
3994
1532
3821
2669
2799
5199
3131
4400
7580
2089
4223
5601
8479
9195
7715
657
603
4956
1920
658
9328
522
1217
144
8981
5644
100
3497
2970
3084
5232
9290
3251
3470
2431
7941
792
3296
9057
1839
8227
4431
631
2820
7946
4067
2715
3166
4216
2987
7430
5056
2074
9135
8786
7979
7266
8623
7131
2140
3076
9886
9476
2921
7454
8341
1165
62
5738
405
4818
395
360
6418
1570
9285
2324
9627
6608
1642
349
9669
3088
76
3591
5777
5476
3813
5143
6997
6963
4082
1998
4295
9167
6852
3364
2572
3278
7950
5942
3475
811
9163
576
5893
8093
6434
7656
6044
2247
4917
8186
8351
4622
559
8747
5172
2622
5065
3266
6715
3836
5865
5463
5269
6158
4078
8145
3647
1306
4701
1404
8744
3539
2955
2697
2728
7896
1595
8750
8027
7309
1966
3463
724
672
5417
1877
2741
4490
2457
4315
2901
6953
2963
8705
2295
2767
380
7447
3895
6771
3655
6497
3763
7543
5271
6212
6124
9131
6042
3953
7438
9948
8621
7333
1591
4267
4938
662
9066
7931
5792
8788
3966
1196
3
9126
4027
2160
7868
9061
5327
201
7688
5368
7593
9144
436
1487
6613
9272
703
5206
4359
9891
8574
8799
3418
2171
1770
9177
6149
4707
3904
6573
774
810
9929
288
207
3901
6196
9235
8070
3135
6721
3729
6521
5389
3824
1885
9962
9689
864
9806
8245
6925
292
6197
2503
1499
5419
5854
5855
7104
4893
1195
6303
3317
5366
9155
1426
4863
9651
7964
4021
2871
712
2018
683
7034
5962
3717
7955
7910
8235
9500
6199
1021
6768
4774
8679
5609
2508
6976
7776
105
3689
5709
3083
403
5837
4876
1151
9522
592
3843
4020
6039
5528
2626
2068
5080
6862
9654
2358
1250
9555
1631
9936
464
7590
1756
6807
7680
3312
7299
9905
1461
6819
2651
4423
5077
2099
2619
5153
8199
8948
9901
755
6210
9551
1163
6634
8935
8107
5278
7182
1727
7479
8299
1402
6208
4973
2794
217
6673
2215
747
8765
6792
9237
2780
1581
6397
5782
5892
1837
9022
3466
3568
1194
7102
8309
5138
6152
3528
6064
6409
4579
5407
1033
1915
2152
4653
7424
2355
1692
4398
1560
2418
4529
2778
9611
4171
9754
6590
7465
9509
4613
9629
7466
6918
5404
1549
469
3380
1311
9903
5979
1080
6598
1944
7730
5431
4772
6980
4024
2490
250
6654
2983
590
5531
1001
5846
9717
5762
2346
3812
561
3656
595
8937
4449
9263
8676
7152
6286
5680
5514
6674
6718
8165
3779
2786
7321
8032
7570
5381
3436
4486
63
4126
1618
9801
2469
4460
5754
3764
3508
2273
961
9250
2845
9907
6268
1156
2318
6954
5901
7140
7806
4396
2129
4246
9143
6628
3234
3035
1137
3262
3628
8408
7324
5859
8443
6456
7250
878
7726
9687
23
8094
4370
9532
5603
6082
254
9094
1241
4185
5485
226
8846
7930
7954
3688
9650
7754
4452
6056
2785
3795
180
1986
4497
2468
6599
1852
9876
5546
9052
2027
6777
1144
2620
9572
3456
8914
5001
5661
2705
5125
982
9327
6705
2633
3523
4481
7948
6006
9347
7139
9625
8158
7918
5100
51
9311
8836
1529
3549
2446
2142
6323
7670
6297
8057
7683
9448
7470
9399
1396
3861
7753
1063
6320
8229
3818
1614
2435
5169
2236
2454
1198
5069
5430
232
2674
3109
1164
5095
4142
2240
5908
5076
7929
3642
587
7461
4734
3324
1032
8026
8430
6806
7928
6631
5987
8900
8371
2976
1811
6872
706
1804
8524
5245
6204
7377
1393
3181
6313
1501
4410
729
2195
1391
7815
698
8612
8797
5216
1624
3780
70
4652
2146
776
651
5434
1184
421
3394
184
2696
2602
3241
4153
6911
3094
8594
2716
772
5130
7924
9796
6585
3331
6260
6499
3567
6262
5
3708
2097
204
1904
6945
9526
7975
231
2502
1613
7433
5875
7425
746
760
861
692
2261
3505
1622
3173
8830
8176
8039
1871
2881
5312
5148
6140
9168
4702
6513
2052
5272
9771
6296
8610
7136
3256
2612
3927
6664
9320
1675
1015
8662
8910
8950
6398
3652
5075
727
8256
8193
7416
9257
6256
5020
7752
3032
8639
6813
5885
6080
8337
5047
3701
1058
7567
1127
584
5944
472
476
2891
1037
1247
1162
7535
2011
3015
8315
150
4609
1476
9439
7230
6135
5013
5360
7147
9461
5659
9115
3231
1779
9683
406
8681
1857
4790
8439
1927
7747
8902
4129
1091
9958
8376
6032
9941
8331
5450
4558
9208
5567
9372
3548
6546
785
49
1135
8658
6175
2157
1267
1635
5836
5615
5261
7736
4313
5097
9417
1700
4248
2328
7775
5406
151
3877
4448
293
4764
5933
4656
8139
9681
5540
6881
1304
2038
1643
1104
4296
6710
1969
9718
6903
2407
6481
2393
3905
3258
5580
8629
6935
3239
1036
9001
9743
4515
3699
9641
5237
3518
3325
9316
4211
9149
8128
4960
2523
1729
4979
9738
7938
2898
1989
6179
111
2239
9746
8824
7935
2834
9598
48
720
1647
9162
188
4317
3820
2110
2782
4838
2322
8081
7707
6965
4279
1843
5513
1958
879
525
364
9156
6564
6266
2607
3740
1057
8628
9978
467
9201
22
9585
9976
5650
3675
6735
4464
8204
6878
768
4608
5011
3943
1323
8961
2413
6837
5886
9074
4241
5214
9416
6192
279
2227
8504
9680
9866
730
9390
4526
1688
3310
4373
3454
9012
2875
4561
8954
7498
8615
2975
1051
8329
8311
1739
7661
7551
1146
7783
8237
2132
7789
8264
8362
5706
7992
9197
5124
8468
58
7611
9567
9600
887
744
1815
7762
5509
8848
4278
3281
7284
1451
608
5218
9153
2323
714
3576
4424
2547
2399
7412
1982
3086
2432
4989
1337
3981
3710
6621
804
4536
6251
6649
2546
1826
9280
8764
8368
1173
129
4559
5559
5438
5701
7511
8198
745
8792
8147
8499
7626
6537
1274
6211
2045
7028
9740
7050
4123
8048
5778
284
1069
1869
5721
8738
5224
1326
3346
5985
1140
7861
2562
7353
7383
1136
7111
3755
9419
2784
3721
855
921
4861
531
9023
4733
4428
9093
425
1834
3387
5128
8013
5078
5872
5179
7298
242
6607
1732
4767
9364
7974
9824
2906
2770
4717
5285
1101
7118
7273
1273
1880
4235
8122
3165
7822
1182
2199
3304
8302
1438
2995
34
8905
3558
2098
5736
6711
4715
819
3635
490
8956
8602
4599
9166
3046
6545
4791
9826
9947
6426
6413
3102
5045
4629
8854
3814
9529
2850
5747
2774
949
4201
6182
6338
4875
1806
7226
2851
4327
8441
5352
6789
5026
786
5085
7934
2402
9117
1636
3616
8793
5558
7920
3645
5241
2760
8495
9493
7268
2339
2180
7334
1750
4616
9571
7141
5469
3244
9645
3632
1676
7385
7477
2729
7278
3771
7399
9359
676
1690
8259
435
8188
3424
5506
9986
4580
1918
5585
2915
239
1071
853
8663
5967
4140
9452
4337
8472
7561
1349
3565
8282
4546
4533
3909
5733
6562
7392
2922
7432
9719
3552
1285
3235
147
6500
6993
1100
4746
1627
697
3653
9370
8208
5037
8587
1896
6658
1584
4322
9545
997
4162
8500
2288
7719
4805
8180
6096
1346
1227
1974
649
5284
3512
8387
5266
3697
5458
2539
4338
416
1544
4958
9552
7149
2790
1133
9042
9226
578
4362
5716
3589
9862
8921
8924
5860
3946
2327
6450
1406
2066
9643
5833
4683
2566
7474
5239
5393
4260
3386
4936
246
1286
7049
4179
859
7540
1483
7820
340
4961
2704
9196
7777
9935
6161
8029
7995
4484
9204
6287
9016
9504
8575
185
4751
2033
6782
4662
5907
9767
8695
3023
5604
633
7571
5631
4066
1738
5496
3238
6748
8242
8611
3724
6680
3029
5916
3232
1758
9985
1626
4646
131
7852
9222
568
4870
1411
7350
1860
8420
1073
1785
865
220
9750
2025
4189
3872
2390
9368
2892
5222
8545
8559
8555
4487
5468
2269
9547
83
797
1271
1345
1517
2693
6520
1995
1749
9971
3990
4568
5581
2858
1130
3510
6759
2275
8058
4967
4921
538
4655
2751
2444
1392
6280
4401
3343
8520
3099
6714
5062
148
1089
7341
1665
1899
3125
3111
8972
1066
1050
708
9134
4954
9429
8691
1735
3145
7030
3581
9672
6422
6951
9325
382
2325
3347
4896
7842
9351
4272
5131
2330
3631
2182
7674
3947
7901
1902
4685
2719
981
8755
9990
2617
3272
3209
5183
2218
2113
1384
8513
5380
5882
3912
8651
6011
4931
6186
8673
6693
8091
8917
9358
5059
1327
407
1047
5414
7623
2153
4076
7703
8878
1495
2650
4678
1360
2884
3187
967
5101
6688
269
4249
8086
1168
7202
2992
5849
426
7696
3862
6576
9810
9566
3303
6315
2246
5954
8442
2105
726
1778
6258
137
6098
8853
9303
3485
7932
6583
5445
6309
1943
7155
9291
2253
6133
4269
6909
3519
6949
235
9471
5022
7905
8592
3986
6509
8079
4426
5742
6785
7166
6818
5621
6339
2053
7967
3263
4331
1155
2600
9638
2274
7767
4095
2656
5243
6921
9206
2043
9926
3377
3804
3014
2336
6614
5698
1979
8025
5828
3136
5679
4299
3975
332
2
6094
2938
3025
5384
6129
3220
2575
9776
396
3691
897
3307
5864
1672
9850
452
1255
4686
4712
8550
8752
5459
8812
1275
7965
2643
845
1023
5990
7123
9688
3930
5313
873
9502
8463
24
6019
2343
5654
1768
3971
7411
2001
5292
132
9546
390
2973
9453
6229
6417
6005
4573
1132
8715
2093
6458
2451
2893
143
6225
2668
3202
9890
4386
2988
8211
7420
4133
2350
2709
7100
6322
2151
2550
2714
5439
5769
4344
6491
6174
1803
7067
495
3572
779
6451
6114
1147
8971
737
5173
6535
365
3139
2096
7809
3776
2417
3923
7686
3938
159
1863
9283
6484
1616
6267
2200
2475
8626
1844
9601
6014
8991
3269
9692
1422
3427
661
3939
3488
1683
449
8507
8383
4048
1398
6940
8916
5475
8745
6380
412
2164
133
1176
4592
929
4403
8669
4383
6343
2521
1436
1956
6561
4308
4504
3977
7027
7473
9389
2262
5951
6391
1453
7135
8652
8596
5662
8806
7628
6023
7673
5991
433
3104
29
5832
6851
5126
1515
8290
7819
5087
5298
573
123
9178
1576
3882
6666
408
5464
888
4636
9609
7664
6205
7216
9430
2206
3255
7440
9145
6924
7632
1710
5200
2186
7509
808
7836
2628
4056
8114
508
3962
1821
3696
8046
1719
685
7041
2340
8298
7374
5054
5582
9944
8534
362
4634
9840
9296
8798
7860
2333
2872
1623
6352
398
7483
16
8104
7033
7390
255
6778
1849
6375
8178
7407
9314
6551
61
6670
8753
7415
3913
2046
1748
1816
5935
8185
2520
6828
6567
7587
6626
2365
8244
3841
8876
9712
4837
1883
5548
1294
8003
1259
6978
9032
8437
194
4618
6505
146
7713
1592
7373
163
629
5809
7487
2145
9374
7768
7081
8163
6493
5070
2734
9164
2421
2831
2360
9245
3554
6012
5074
1145
4010
3781
6684
283
4806
6707
4537
9056
7801
8132
4796
2759
7316
6842
6982
7794
7062
2394
7145
2933
7488
3153
1649
1780
6554
903
8736
353
2902
4800
1878
3926
3019
3282
5708
9647
1455
3720
1383
7744
214
3940
1261
4001
8385
2172
7525
7185
2928
2412
1602
8928
7494
182
7345
6
3240
5785
2123
895
4106
738
8397
4050
6603
9965
3119
8605
4217
304
4122
8694
2812
3230
3327
5349
9874
4699
277
5903
3881
7533
379
8523
7464
884
4098
9053
7300
854
1850
3407
6436
7072
8262
1604
3521
38
5658
7106
1141
3130
9915
6184
1444
2732
4987
4330
4252
9014
9533
2189
8024
6238
7728
5577
9141
9895
1123
2252
2907
6770
5347
1777
8477
6694
216
2082
4479
9897
6202
5403
1242
7437
8036
9112
5521
199
7413
392
9843
8040
1180
3987
5715
6820
451
6938
6162
2681
6996
9699
2111
175
5067
5365
3630
4846
101
5260
1842
3951
3547
471
6259
3167
7450
1018
3212
8492
2944
6639
3569
8952
654
4130
3742
544
6073
8969
4335
3287
286
3602
8530
5410
6104
4912
3965
693
6604
6053
5830
6850
1846
2841
404
1590
8401
7631
5748
9445
3957
1065
8867
6556
840
3741
4104
7508
2416
7178
2835
6854
4203
4023
3540
5722
9794
6623
2692
4013
8613
978
4619
8088
1865
2372
45
9407
753
1460
5763
5322
627
6529
609
6326
5646
7996
1905
7173
510
5863
3620
680
3511
4008
4897
2896
2448
7969
3515
5817
2265
5648
6329
6749
4566
1431
8542
9154
542
3989
1099
5350
2329
8551
3657
632
6090
4776
4488
234
6295
3085
3328
9759
1901
6219
2738
6557
275
4015
1215
6480
2107
9615
8078
7701
8166
2341
3673
6930
5911
8272
3809
5212
9666
9005
9258
5354
6392
2092
1212
9778
1352
7153
1475
3222
3330
3323
2664
9928
6720
4421
8588
9124
6002
8478
6609
900
78
5508
1807
6234
9518
9307
7880
7137
4234
2266
3474
4108
5113
3078
8395
4049
7012
3992
4730
9132
6177
8987
5847
2535
5570
4310
3149
3081
7206
1724
2610
5213
4868
3884
3191
2868
9917
5057
6827
914
2564
3919
1093
7669
2777
5036
93
7176
3534
4527
4498
9147
7462
3577
190
5958
4113
5529
6667
5149
5692
3129
236
373
1042
8863
2873
8473
9939
8466
9779
3722
2985
2397
1446
3457
5611
4945
6805
9136
9758
717
9286
4817
7712
9462
4880
1963
3502
6920
3438
3402
3825
3009
87
7007
4748
4177
6593
6378
3687
4028
2084
3682
486
8634
7025
9830
5171
1187
4208
3095
6411
2905
1638
3448
2061
7607
3786
1981
555
7888
5712
3294
8324
8920
8257
3706
971
1059
4259
134
8124
5058
8641
6049
1994
7617
6656
1723
9212
4324
2221
2430
3147
2665
8005
4641
3443
8485
6772
7825
6672
9706
5324
9622
5401
2193
6638
1149
5092
5787
7990
6106
9371
4887
401
4019
5090
4389
7576
9877
6886
1296
7796
4819
9097
9202
7999
6888
6830
8791
5667
4443
1582
2816
2003
4762
8632
5930
7692
7615
2688
6697
5606
1440
6351
8515
702
1412
9568
4406
5197
281
2865
3914
1503
5040
5207
1160
1568
4927
321
7678
6502
7973
7219
9531
7624
5277
7168
5760
1280
9306
1721
3998
1594
4889
825
9422
496
4377
2483
4673
135
6402
8263
9516
8062
8496
4439
3784
7277
1703
95
1344
2606
1937
6316
1148
3100
4539
3916
3587
1292
8529
4693
1496
5629
2540
4016
109
841
1784
2406
8172
4500
7339
6478
6354
8947
7160
4175
5044
1011
557
376
7613
3376
3221
857
5182
5898
787
1046
6713
3060
6432
3636
2707
7574
1667
5553
427
8182
4384
9059
9727
8771
8269
1220
6655
586
4243
4224
1746
3298
969
9373
6769
6779
7907
7077
3069
3778
1513
5102
8019
4720
9694
9436
1651
4555
4726
3316
3982
6125
8909
8563
2344
3996
1753
7379
9443
8616
7675
849
9475
7475
7367
2510
9378
7238
1660
7359
303
9670
585
2742
3067
8491
3079
481
567
3133
3022
8141
4842
9315
5517
682
7629
4787
9908
5612
5978
357
9920
2158
4097
4744
4531
7456
2130
3798
9763
681
1203
5105
5900
9620
8222
5814
323
3311
4
850
4355
719
2462
6577
8517
5884
1445
1341
828
4378
5120
7738
2034
3714
7555
7352
5501
1298
7592
5177
8144
1301
5215
8116
363
9299
79
2512
306
5574
9402
1795
5683
1747
9304
910
2958
2870
4092
6876
2635
5682
4743
1720
6017
6243
6332
7247
8709
2116
3158
1008
