7167
6414
4658
2405
1171
3502
7668
188
6624
4864
1482
1790
4276
5393
5898
3690
1733
1435
7537
6351
4980
5864
8191
5384
2996
999
985
5639
5071
7458
6480
6876
9870
5585
2678
5659
3427
4141
2134
9711
7008
4240
5005
6717
3261
7168
26
164
4653
2796
9859
552
9822
9433
8223
9367
5073
3439
7811
4910
2824
1525
1543
4317
8637
4120
168
6745
5649
5736
1667
4290
6429
7492
6212
8075
4992
4492
9424
7245
5765
5685
4363
7825
4143
6896
4453
4993
5074
245
4030
6172
8029
1168
2433
7298
6693
6499
5477
9895
7457
8289
4404
5075
5716
1780
5274
6214
6250
7279
6836
4826
9059
1338
2920
2916
4673
7587
1070
3806
9780
9594
9959
2364
8358
1
8401
32
2257
7027
395
7092
3797
3871
8537
1206
988
1333
4183
145
1169
3034
1259
2223
7561
6763
9382
2274
630
1496
3073
2817
4323
2951
8788
2111
3039
8979
3575
3264
2766
5162
9017
4241
7485
6796
7792
9901
1700
6675
7379
3863
7523
1379
9566
608
8697
3860
3771
2025
9573
1843
100
8431
9035
3233
2150
3772
1104
5938
3011
7414
9581
9309
7956
9718
4487
7200
7450
1047
5761
5152
2052
124
5578
8535
977
20
682
9122
5925
5990
9104
7251
7364
3345
4252
1046
5957
8093
4588
2771
3975
4685
1784
7420
3168
603
4739
2209
1013
1660
2097
5264
9013
1948
7486
8430
3354
8611
2123
2578
6134
3796
8754
6873
7477
3722
1738
6238
2249
4003
417
7850
4341
4286
8290
5138
6539
8442
2474
667
89
8096
3019
9330
201
9563
7570
597
3032
5747
9886
1190
9466
2331
7305
9686
3995
2890
7502
6762
7120
4997
8670
8616
8260
2975
3505
6540
4882
7751
4680
3342
1624
7524
4735
2856
5170
1422
2004
5621
6755
5404
9487
7219
4775
5146
6496
7510
1549
5945
1215
3716
2904
2
3927
9685
3513
3178
1281
3162
7075
9343
9049
5607
3445
8205
6746
5336
3295
3187
944
968
6402
9129
5986
9181
8647
6204
3004
7129
3545
6513
9762
8993
2623
7605
1471
6057
5599
3793
2992
133
3008
8606
2963
1846
5291
9279
2846
7800
5327
7440
7880
9378
1294
7442
5286
872
8470
6593
4626
505
8893
2896
1500
4785
8208
2047
6308
6892
7674
1585
71
8174
7886
4556
7484
4449
4416
3363
7734
5935
1570
2326
4331
7542
1160
5178
2592
5896
6350
7292
628
1049
7073
4979
659
7126
6907
8974
4557
1481
4230
8374
6198
7812
7506
1445
8589
3346
5887
3359
158
8463
1725
8911
8779
8495
2834
9655
8321
4584
3384
6063
8144
388
2189
8744
3481
2825
6729
5576
4807
7644
2837
2484
4703
3956
3855
2813
7371
7284
3507
6082
9391
6252
3314
3573
2700
7077
2576
4139
8059
3983
320
3615
478
457
384
1819
5620
462
4728
7425
7901
4903
1265
6428
7663
8020
3750
969
2138
2282
7192
7519
1328
1743
4203
9353
4823
7211
9170
6672
6394
1719
7541
1078
4137
873
7048
522
2227
6484
6168
4554
1628
2252
198
2952
9902
9029
4092
2427
2298
7132
5424
5895
3957
9990
3021
2658
7093
7495
8110
9615
39
4134
6993
5206
8823
2982
4571
9693
6436
5226
7961
9266
7299
9299
8063
1339
9880
1664
249
5672
9324
5608
2713
3861
8753
5882
1692
7452
648
6105
6714
9289
583
6207
8551
6127
9973
9105
5697
663
5209
8559
8490
3788
6445
9551
5932
9137
7959
9674
7900
2760
553
9736
9624
1920
878
6705
6169
5283
9737
1870
368
6807
833
5943
8824
1908
7102
8441
7153
8270
8407
9083
9676
8392
903
8859
9584
5518
3144
2332
7838
900
3864
7499
1933
2105
6121
9394
4836
9851
7725
2467
6506
6342
4947
7239
3150
7043
4200
2696
5053
8837
7410
6455
8914
7470
5276
7739
6227
4443
7422
4740
5851
4901
372
9501
6361
2724
3647
7274
8849
9364
6246
1691
1017
510
3466
8975
8916
3552
6897
8458
4455
473
4723
6766
7415
852
7675
4746
9552
432
8073
3357
4271
5263
6959
5732
4707
461
1972
8858
2076
880
2668
3761
4284
4918
8058
8025
3813
4146
9667
4959
9213
6712
5605
1463
8178
6813
6051
3327
5792
5325
349
9522
1326
9355
5682
8329
4370
6161
6299
533
4890
2630
1683
7539
1260
4863
8379
1712
1566
4577
8158
4253
6476
5061
9905
6846
1912
3798
984
947
9340
5970
1343
5583
1363
715
8013
7196
7580
2024
285
1563
9666
933
769
4007
4562
9907
6224
9795
9212
2577
6566
3742
6514
528
2954
7556
1388
367
9830
1044
6994
8026
7557
1926
4365
5097
9198
1578
7656
2878
4110
606
9297
8085
1441
3905
7849
8249
4274
9456
466
3475
9475
6865
9848
6647
5200
2962
2515
96
224
5179
2094
572
5577
716
6730
592
8153
5520
543
4483
6489
8678
2922
573
7896
5421
8672
7020
6708
4827
9070
2723
9461
6483
6529
6457
3696
5755
7832
5433
8444
9986
7853
2204
3778
1701
7548
9037
1862
7082
8138
8169
2314
6131
1352
4620
5137
5168
9997
4724
9183
8546
9184
8726
4632
9984
3223
4222
2475
7965
4279
4204
2593
3067
2715
3779
7989
139
9514
5573
4503
979
2343
7513
936
3902
6125
6646
8522
1254
8393
5791
2225
6937
4465
8847
1392
2831
7641
1008
3999
7086
8710
5598
6050
8954
1095
1167
793
9603
7353
3117
824
7262
5709
9319
2041
6930
5531
3107
2900
8376
6258
6290
677
2165
7951
8768
9231
1794
5624
9186
3182
1366
7144
225
6893
5637
929
1952
1438
2870
5664
7646
5611
602
4460
866
1841
2537
4982
6670
1975
4786
7306
1429
6279
8783
4621
5871
2350
5184
8631
6355
1127
7873
6089
7702
9085
1805
7652
7408
8275
123
3133
7061
794
6440
162
7111
6821
1407
8088
2717
1345
8227
3186
4716
5859
6548
1036
7490
4544
2985
3391
3535
9804
1273
9658
2722
990
4238
8140
7197
1836
8748
1742
2498
1886
2264
6719
4597
9611
3996
219
6306
4950
4540
5446
4741
8357
2754
1019
4371
7918
3070
629
5702
9614
1381
3493
7790
2149
5019
5356
9915
8319
1026
2121
5643
5367
1320
5513
6735
2214
2602
4705
4763
3469
8084
9185
2993
5554
411
8552
6365
1216
6061
4423
2383
5110
1996
1468
6581
3183
2829
693
7946
7618
9957
4942
4652
3880
385
6621
8498
4174
8931
8868
9876
1110
6116
5207
5088
7713
8685
5366
6357
1524
8236
9232
6638
1499
7881
2536
5056
4645
1758
6261
3873
3938
6236
1373
8976
9033
1827
2218
1706
5589
6498
5910
7799
9453
2247
5985
8038
3821
539
8146
4806
4401
1149
3609
9640
2860
897
7598
5754
2019
7761
8330
8047
4395
6408
5132
8230
6528
837
8479
6532
1518
1162
8827
9287
9064
6780
6384
5892
9034
9081
148
2847
5099
1890
5246
6181
1144
433
8427
9519
7335
2629
3911
3515
2867
5751
1301
5351
2346
1793
3581
190
7908
9648
591
1546
7441
1512
4259
5687
3847
7889
2843
2886
4367
4464
5731
1979
2488
1234
1638
379
7314
4855
2848
4497
7105
644
7687
3800
4764
1815
5494
6903
7407
7116
6119
2450
2874
4393
5426
6644
8888
8499
2541
1487
346
6536
9260
1633
6864
3508
8988
6520
8176
3566
8571
1125
7055
5183
8703
3081
2338
1368
9782
1603
6673
1825
4467
6709
7459
6093
2128
4581
7190
9864
1377
6698
3588
937
1359
5828
8494
6584
6303
2584
1322
2328
169
8473
3035
2610
3325
5469
6195
9626
4184
6560
1611
7377
5647
420
8918
8109
4616
184
2130
6568
3511
1540
3298
5353
939
1439
2500
2306
4358
4709
3245
3423
4140
6659
5017
4970
7439
9940
9464
3317
6651
5483
9425
5128
6825
1956
6418
689
7374
6381
6575
8816
2370
9753
8653
7248
3986
5596
2780
8527
6849
8327
6867
896
7588
8194
842
6727
4983
4352
1394
2127
7786
2137
3990
3910
6610
1864
917
415
7461
4683
863
7469
3914
5006
980
4102
4532
5512
8200
3867
8700
2572
2296
5218
3379
9151
7772
8030
6678
1474
1964
2619
6467
268
9542
5963
4536
6451
1396
9265
1245
9069
8724
3501
7520
3882
4177
4579
6585
6753
6107
4800
8811
2388
6728
5290
3592
3221
9106
585
3299
3890
1550
4329
3720
2477
5277
1489
8573
6954
406
1497
7599
7258
7592
2022
4885
9435
3977
2528
9196
2442
9041
3120
799
3928
4830
220
7762
3428
2420
9945
487
1092
4865
3348
9018
5505
7564
3730
7634
4713
8986
3636
6932
4420
5683
4928
9958
6545
1088
7893
7018
7104
1253
5841
7682
5030
4832
2828
4283
1386
9842
2239
7640
3322
2194
4975
1299
654
3308
2104
8692
2110
5383
8010
6037
5992
5493
6595
4592
1904
9972
8438
3360
8394
2599
3731
9000
9304
4610
7944
5444
5646
4515
3940
1693
4792
6747
5547
9747
6120
8292
9653
1037
1413
5320
4409
9370
6848
6389
909
7332
7595
9763
2258
5410
3484
23
1031
1894
9276
2863
4843
3472
2039
6104
2693
191
8971
18
2673
9995
332
8037
6988
6034
3246
2547
2066
1676
4106
5553
7984
6002
4768
649
4604
3764
5302
6947
9001
1071
6835
4198
6798
7972
7749
1645
941
1929
5202
5107
3726
7856
4227
7185
1278
600
2192
3718
5914
9341
5310
9098
9616
3913
7098
3598
9954
3255
1751
7409
7421
2902
9300
5397
6417
1516
1052
2635
9775
6870
7621
3650
8757
1884
989
922
9223
6704
3201
4717
1048
33
3619
1747
4862
9938
3392
6569
9246
8339
4550
3007
8131
1773
2084
9360
1658
1888
1014
9713
3693
8581
3607
9469
529
9440
6657
4164
4131
9974
549
151
8423
6465
9254
7307
8170
29
3841
5811
4218
5293
8246
436
3658
7022
7671
8213
4065
7933
7594
9023
5272
4337
6240
8263
6011
7352
4913
1400
5191
2694
5722
8416
397
9190
4627
4738
6739
906
8565
9226
4932
7685
2069
5699
7503
7591
5161
810
3569
798
905
9779
8594
6062
5626
7123
504
687
858
6838
2447
6312
2289
5269
6354
3408
6975
1084
5865
7
4069
9498
284
966
4839
412
7555
6660
2085
1469
5572
4727
4244
1699
2440
4714
2245
6388
3558
7803
9459
9668
8882
6501
4824
7311
6473
4931
3044
1121
170
1629
4225
8099
7365
6938
7650
4679
8136
7689
9375
566
6438
7497
7317
177
3135
4481
4192
2026
4545
752
1011
7488
6239
541
206
9233
3555
1946
9930
5795
208
770
4269
958
1275
2378
1068
7340
1483
7244
9898
5625
8400
8863
5082
7083
3468
1498
8867
5627
1159
1702
3115
7194
3485
9728
1076
831
5913
7658
6537
2799
6031
189
4861
807
2915
2087
1892
3422
692
3839
2029
6768
6917
3748
4869
7133
4394
1800
3023
691
4373
307
194
4860
9550
9074
9694
2080
1455
7802
3585
5757
5060
1911
9829
1910
2640
4962
3596
67
7498
3284
7386
2882
1276
7004
2483
9921
2625
363
1762
6982
1437
3289
9075
1852
5528
8526
313
9383
2666
6150
1811
3643
3519
6152
470
9625
9955
9177
5036
877
2404
7487
8195
5874
5304
2928
9174
7699
6487
8800
8680
7589
1477
9438
7643
3633
5905
5406
6145
340
6275
3204
3053
4944
9058
4805
997
298
7360
2621
4612
4693
4850
8050
1178
9740
7654
3126
9298
3158
434
330
6665
3994
4387
3020
672
4989
3170
3438
5044
3559
8958
5412
9741
8165
180
4778
3668
7805
4417
3810
6656
217
1116
8435
5796
4486
8833
8595
1871
9911
3819
2787
4684
7444
3634
2938
5815
2775
5923
9608
4457
1618
435
7338
6992
5173
2853
5836
9193
2342
4437
2955
7858
8404
6844
9963
4268
7840
9312
819
2100
4430
2728
8173
7372
2232
7149
7157
6592
6427
2213
7396
2487
1659
1179
5250
6889
1816
65
1442
2574
5395
9092
9975
2569
1307
3618
5405
239
4205
241
509
9237
3835
9836
1724
5334
4656
7718
2082
2077
7578
2699
7375
9411
734
6080
7958
7387
2221
6368
2631
2163
5802
2737
1885
8286
8132
4233
6102
6589
4099
4068
2769
9793
1153
2568
2503
8689
9613
9067
4265
8261
362
7731
3431
6504
6750
1262
376
8372
5614
7100
9731
4415
2489
8048
4619
5703
5962
3723
128
2434
3981
8508
8705
1745
5090
2551
334
3877
1257
4018
3687
727
1916
3362
8981
2869
7906
6174
202
1803
4322
6284
8344
5924
4731
8846
908
7291
3662
5975
6781
3497
4594
9380
3389
806
1801
2226
3516
7602
4402
1723
6525
4027
7025
6330
5467
9987
6027
4076
5294
1981
1465
4666
1372
4149
4803
1447
4250
9275
2053
9068
2410
5474
2943
9422
4700
9201
7256
8067
3237
7843
3541
6083
4973
8414
7397
4878
7980
6291
2154
3429
3889
3755
9042
7773
3251
2880
5454
6758
3729
9890
7581
5634
2998
9204
2117
6562
299
1405
1009
9460
3161
5503
17
7301
5460
2318
5361
6854
9144
8475
9206
195
768
5587
1985
581
2336
2059
5567
4909
7151
6920
5092
7252
6285
3029
7312
4255
4167
6722
8397
5372
7573
1905
7985
1002
2622
3683
3584
756
3234
9602
4399
6969
2497
131
8949
3653
3680
1617
5059
4496
6748
6558
2740
4335
4152
7976
3444
6352
8155
6655
8295
5031
8841
5964
1271
9819
3725
2147
5118
1269
1430
3196
4032
2819
9985
6634
8654
6470
8802
899
2835
7696
5777
8039
9778
1029
6340
6629
2823
5797
1783
3942
2429
9316
338
3350
620
8360
2647
4761
9875
7462
7887
3377
8861
7355
1851
3945
594
2479
2730
16
7345
2689
5119
5926
3305
7266
9010
8740
516
7089
5842
9345
8517
9490
8172
4273
2782
4844
2001
5862
4916
1582
6642
141
8808
3697
2921
8331
5222
5947
5965
3688
3320
1176
8663
6313
627
7285
6215
6572
3504
7936
87
515
4748
642
2354
8832
2814
6128
8309
9401
9722
8471
3443
9256
1460
6972
5817
8409
7114
6423
6286
8120
1998
7657
1568
9692
7399
8774
8935
9486
2036
7417
719
4845
4570
577
4498
339
1527
9726
1417
497
7859
488
7392
8776
5733
5442
5971
9702
1016
953
1074
8803
1375
6689
6448
7094
3421
935
2513
6395
4750
8796
679
6845
6060
4502
7423
8305
7526
8406
5708
5622
4267
8474
5833
7270
4319
6770
2065
1102
7177
4526
111
5186
2868
1393
5411
5377
7865
3248
3082
1599
5674
4988
182
3217
8336
4234
4558
2261
6653
822
8068
1367
2459
9387
3735
2444
1726
1960
9267
4087
5326
4905
6997
2363
4494
940
1538
1138
4987
6022
2089
5770
5846
643
4974
1571
7777
4687
4115
7700
887
9109
5076
3369
5256
399
1544
5147
3128
3838
5024
8511
3064
1385
1480
8784
1126
9769
9823
2315
9582
7181
3077
8371
1119
3033
5825
5441
8378
6587
7940
7466
9472
695
5135
9303
6803
2159
6044
2329
2058
5966
6232
4791
9118
4029
634
1735
1198
1502
4133
8865
1452
6823
9350
5109
9555
9642
5745
1491
9965
6617
7127
6264
1754
2302
5948
9892
4718
1436
1098
4998
7516
1296
4101
6622
7287
3286
955
3412
6433
2832
4548
8857
5690
1220
6420
5123
4051
8241
6744
5101
9449
1317
9660
631
8926
5863
9006
8690
7673
7813
4330
1978
721
4343
601
3665
4375
5154
3808
1775
4743
8156
8572
1086
1765
4628
1106
1193
9855
9922
3272
7608
9272
9030
4678
9056
2641
5507
316
6713
3089
1728
1791
4522
1111
7910
7220
6042
308
9661
3805
8461
622
6184
857
6891
3888
4733
3901
4870
7590
5266
305
8395
6088
4648
5014
1572
1424
3918
4302
2096
3343
3548
8326
6386
9314
4578
1032
73
2300
4369
4892
5894
3946
2589
4908
8157
8079
8445
8529
9953
5808
110
5159
6159
4281
8554
1443
6895
6533
8064
9745
6814
2518
70
102
5281
983
9308
1382
282
9620
8218
4704
2145
3783
534
9352
4495
204
8996
1189
8355
9849
5597
4613
6943
6936
2596
7160
3868
9785
5539
3934
301
9150
1694
9621
7359
1093
1306
3769
2196
4166
7653
1175
4784
8675
1786
3242
2179
3980
7711
7051
9076
1155
3991
3732
2721
6855
4292
4256
1097
1521
2368
5980
626
7733
5180
9154
5741
8148
684
7158
6431
7953
2337
4194
2727
5098
3870
4701
1147
5968
109
9452
7346
8142
8936
7931
8380
8624
5249
5663
323
930
6477
7831
7757
1877
8398
3950
410
762
8491
9654
9689
6090
8353
6310
3000
4473
344
8555
3893
2327
656
3208
5085
1788
6751
6974
1023
927
9159
8207
2566
4318
6648
7052
7394
9983
383
7554
4421
4917
6983
476
2176
3517
6913
3402
2358
5561
2461
4113
2299
882
355
6679
1134
2844
8212
7867
9787
9860
5504
2768
3365
7703
8283
2840
8992
408
2786
6509
1542
6637
7862
4336
7096
5354
9423
1657
3407
1936
1842
296
9133
6703
2366
8229
9292
843
5946
1240
7049
3071
9102
14
4179
9595
3017
3405
5121
4305
7059
1181
3080
7341
1768
278
8206
1930
7428
9176
3321
1896
9420
6092
7434
7627
4516
7993
2012
6884
9891
3352
6596
1391
5473
6618
1869
2994
1555
6324
3202
7282
6380
345
7476
1075
8354
2505
1917
5396
6886
1318
4765
4058
4564
1776
493
5526
2384
6209
8497
7818
9994
1314
2079
568
8943
7738
2395
9188
1212
8399
6878
6534
555
596
5153
3998
4293
8324
6517
6115
5464
2854
7253
9125
3414
2749
2480
8622
9913
2792
9650
9768
706
6066
4533
6481
1579
8377
5370
1511
4999
6687
6316
6196
7971
6248
2633
5739
8793
7512
2956
5214
25
567
7373
3060
8820
3425
317
7606
4236
3334
3494
4665
4310
448
5227
9167
9690
3895
2141
3122
921
2396
3154
575
4073
9296
7463
5942
4237
8264
1419
7619
7193
1203
2914
1731
4871
2295
6688
4894
3296
6543
5037
8603
7226
5231
34
6885
5848
5645
5257
3260
8001
9171
3705
6255
8564
8780
6946
5347
394
3583
5163
8869
791
4354
1556
3967
8035
2071
7413
4013
867
9838
3063
4691
364
3830
8799
2241
8709
7826
3632
414
1517
7480
2934
2794
9918
8217
6990
1654
47
4338
4925
8977
7454
1597
4214
9593
2425
6444
1837
8683
4235
8866
4572
5549
2591
6139
6443
924
3689
6070
1792
4756
750
8515
8094
8384
6038
2021
1472
5345
1749
2542
4541
8706
2413
5409
584
885
9553
1937
3530
2822
486
6301
2624
222
2020
1214
9637
1858
4599
8772
6273
8721
8472
4804
3055
8761
9970
7024
178
745
2494
6315
7575
6866
7404
9944
5332
8648
6142
2095
6834
2319
5220
3930
1165
579
9496
1980
6459
2054
3175
6021
2781
1954
7758
9882
8250
9937
5804
8883
4772
6331
8610
6940
6412
5157
1832
5487
3624
5670
9531
1459
366
5681
2949
8061
4518
90
5124
9865
5774
2330
6695
1532
8348
159
6984
2586
6663
1977
3948
1462
1173
4986
7710
9429
4461
4501
9264
8674
2093
1261
6797
3534
4633
1879
2499
8560
8657
4762
8673
6507
1195
3850
1503
7475
6737
6153
2706
1211
8257
3781
2937
5829
9426
9714
8095
9175
413
5268
1669
8727
8711
1141
9328
8870
4136
6942
7857
517
760
7033
3645
1043
8302
1594
1059
3766
2171
6991
5489
3626
1453
4229
4347
1592
6734
7300
350
5638
2632
9011
8439
9365
150
5973
7091
9647
3380
1108
5142
4458
2871
4525
1655
9982
6112
1383
326
8147
6577
821
1277
5052
8923
5838
4769
2613
8679
635
8065
683
1922
6851
1636
7447
8388
1951
3628
6337
8871
8929
8806
6320
6862
6278
444
1867
4155
3127
291
6122
7347
9871
618
6547
2883
8940
7465
1859
976
805
3323
6130
9283
5217
1919
8773
7960
6358
2470
9484
7263
7150
2774
9630
4359
9809
1861
7430
2583
7171
6666
9863
1696
7054
5906
7576
45
380
9481
5346
7271
5041
5148
8090
7616
5784
37
8449
7571
7988
8525
4340
938
4389
7119
9146
8964
9592
5619
5414
8662
9786
5881
7637
9349
3473
2692
5978
9430
1770
3280
226
707
993
753
6017
7294
134
8503
2040
8777
1953
2310
2680
244
6645
490
4313
3840
746
2508
7719
274
5488
2035
108
4090
8887
6829
8446
9103
8367
4859
9014
5242
4646
3282
4019
3364
2018
2112
5563
5280
238
3922
3532
1626
6711
714
698
3795
9139
9980
2642
6519
9117
3290
4787
328
214
2676
8881
3069
5844
4767
7665
1709
9505
1647
4159
8411
6170
7030
518
1716
4345
3955
2901
2944
4744
875
6221
9110
36
5001
6650
735
7708
7402
2933
9169
64
1880
6406
4307
3247
283
8965
1967
3268
7235
3456
10
2238
6869
542
3760
9477
9952
4408
3149
1746
160
9474
59
88
7844
2950
2070
6915
7325
5876
8684
3199
9258
4476
6801
812
9717
7323
9951
9854
5698
6390
3965
4355
4995
3406
6383
83
4935
9465
1635
1740
2600
2919
1627
7791
3522
4158
3738
4189
3091
9724
7507
6521
5998
8787
1834
3487
1157
491
276
9238
2251
9208
1466
6998
7403
6237
3479
6916
7983
7222
7165
9120
4270
4010
5499
5545
9053
9057
1087
4441
9950
5299
5262
5861
9638
5742
7445
5667
2191
611
7147
5278
5612
4213
5941
8876
7724
3989
4147
1163
3159
1493
3370
3453
4299
6144
7926
3635
6934
7066
4828
6527
4833
4391
5548
1721
7221
1583
287
8284
1356
5613
2090
1757
6699
3993
4575
8734
978
2260
7241
8074
9643
9205
3951
1830
8077
9195
8258
9335
5219
2626
12
1949
3457
9513
870
6295
9527
8489
7124
2864
4513
2523
2007
2976
1734
9586
3022
13
4100
9549
758
7297
5203
9488
8728
9947
197
49
2210
4324
580
9168
1989
4428
4708
856
9294
2865
9471
7932
8149
9956
7142
5540
9919
9636
6599
1058
3463
2570
7367
8577
9755
7039
9925
5344
8316
2912
5824
1767
2275
8317
8656
3288
4435
54
1284
9820
6010
7794
8651
7308
9291
5636
6500
6241
2412
3706
7528
1124
3602
1541
7770
3274
8007
3608
2947
5435
521
8851
855
8566
4085
6213
6192
5478
5860
6516
5899
2113
3259
4346
1631
8875
4023
5764
3639
2964
7216
774
2458
1040
9247
6806
6827
7508
5239
6202
9414
4877
1283
2229
146
7037
3306
1652
5244
9093
2392
3812
6208
9192
9302
5120
7617
5378
7272
4729
4479
2734
2527
5070
4887
9163
3858
6370
404
1665
6868
9538
9774
6203
232
8520
6197
7967
5013
8141
4886
8012
8576
6033
6466
619
5958
2873
1114
77
3491
2783
127
7154
4004
7491
423
2627
6288
775
4070
4187
7870
8945
6639
4410
6178
428
3226
2539
3987
1485
218
5026
4482
2139
7249
8233
3564
8701
5252
4263
46
3230
881
2397
8231
5897
9799
9005
6453
5799
7108
7834
9556
7855
5707
3098
2102
9128
5055
8994
1501
8232
2367
1820
6604
1642
5580
6600
2353
1963
3620
7620
2286
7922
4688
2385
69
6918
6189
7780
8480
3329
8618
9320
3935
7436
8259
6109
3026
8023
1336
3172
5763
7552
9313
4625
3601
6754
9766
2519
8561
3449
9285
1117
5117
696
2046
8842
6486
7265
926
9229
6068
1020
8523
3451
5260
6346
2929
3979
8903
449
2506
9699
5532
186
2889
1529
4301
248
8112
1446
5593
2567
5087
4674
6194
4107
6576
9358
886
5428
4696
2712
6524
4559
4015
3721
4439
3235
7999
9160
7888
2926
6760
4686
5389
6095
5909
5067
1154
1616
382
4368
2255
5772
8211
7715
9536
1227
2496
2971
1651
2710
7478
4081
4510
779
3610
4469
3134
9631
3151
4795
6612
9091
4489
8306
8951
5889
8645
1387
7839
4720
2983
4059
1752
494
8179
559
5160
8746
4654
7914
1866
7631
22
4565
5035
157
8900
4037
9808
6305
2344
6345
6374
1042
6375
5953
84
5738
3701
7064
9964
3140
5689
331
93
5471
1817
163
2311
8150
6148
4649
4614
7679
6419
4725
9402
9357
5918
9826
2923
2454
6416
9877
7670
2290
3482
4232
1560
7432
9236
1789
1118
498
8957
2788
6333
6114
7514
6764
5089
7603
1185
3157
3733
7866
1605
6461
9062
6573
6570
5823
8688
1247
1687
9680
6905
8519
3582
9529
1164
8536
9729
1909
257
6970
3294
6902
2014
1508
6690
4096
4083
8281
2197
2288
8069
6925
3857
185
9346
9066
3267
9384
5470
675
3376
9671
5758
4509
7664
5671
6117
3713
7370
7899
3520
8630
390
8812
9858
4837
3794
4396
2981
731
480
8216
7209
9979
4242
9082
3219
5566
3958
4605
4873
4162
156
1681
3045
5822
9101
2991
9261
4899
5194
5853
5652
7998
2297
8300
9318
894
9262
8055
7540
429
9099
4812
1327
6242
5868
9578
7145
3734
3416
8168
9839
8862
2135
4549
60
7872
6908
6023
9604
3829
4031
9738
2681
1535
5165
6028
8204
125
4062
5187
1398
5725
2509
9532
6671
2324
1547
9813
565
3741
3390
9810
5856
1292
9618
3309
2426
9155
6761
6551
1467
2074
8556
8801
2793
7934
2403
3745
9797
1096
844
7545
4868
3489
7969
1475
9306
5126
5760
2562
609
5691
781
1649
5133
3200
7737
8580
7398
9750
6385
4405
6077
8390
8747
7789
3842
7099
8478
7303
3518
9560
1440
9906
8122
5920
7917
2739
8199
3574
3784
7180
2445
3054
1573
9038
3595
4858
9473
589
8655
5618
9861
4822
5016
5633
7996
1329
4014
2389
5525
4448
2557
8864
4606
2493
1814
8854
7110
4380
7709
9943
8080
7406
365
7327
4789
271
6511
8389
5213
361
5113
5669
2908
1720
797
6674
7809
2714
502
7596
8939
5676
8533
9476
8899
3613
3218
3926
263
3969
2558
7615
5779
5028
4104
8953
1433
8819
8531
2188
9202
467
5989
426
1324
2313
3700
3279
1478
6087
4642
5849
7698
5588
2606
1258
1272
3079
7416
4468
9418
2548
4044
8226
7736
6956
8276
2961
1492
6898
7156
4043
5363
7748
8396
2801
9293
2283
7203
4334
9399
112
5008
3675
2521
5788
766
2186
5172
9852
5357
9020
6515
5491
8884
2805
4682
6274
1401
916
9295
3316
9900
1632
3300
1280
8046
5373
6339
431
9388
333
3580
5982
8661
5729
4094
8429
7128
6720
4325
5678
6030
7547
4383
1609
3536
1882
7163
6710
5581
2538
5062
749
8544
8162
8834
8078
8532
5893
960
9327
5094
3915
1545
4766
8613
3646
4930
8591
9225
6976
4977
1158
9400
2884
43
9164
1868
3003
5333
7973
8481
143
4966
2416
9828
286
681
912
2081
9807
9843
6852
9480
1263
4471
5810
3297
9998
4386
7388
9215
8468
1488
314
4119
1006
8437
3396
2849
5984
8092
2219
5776
1918
5869
4866
2187
4262
2375
3630
4264
4660
8343
535
8197
7754
3012
213
3966
9502
7273
2811
4829
3213
9482
161
4118
8307
2986
6282
7903
4726
4607
2158
7852
2356
5115
9462
6464
8681
6978
6842
7694
7246
7683
4615
550
6256
4692
3851
3005
4328
4585
6625
7609
7455
4710
9077
1756
6218
1152
9431
1473
9878
3676
6347
6097
2471
7028
7368
3214
9221
3740
3326
5020
4036
2380
1316
6437
3293
1103
1217
570
7418
2161
2078
3727
3116
5533
5131
2580
7919
4039
3594
1341
8733
2762
7112
6111
8219
7837
6802
1688
9935
5216
454
1650
3192
9044
8443
1107
2206
4080
91
8878
9837
2233
8507
6623
1507
8578
1494
7322
9503
5205
7509
5267
546
6721
4888
8043
5084
9143
1847
6147
7184
4567
1450
499
8771
6933
318
9547
7079
8434
9088
7259
6175
4751
3616
6206
4436
2966
4379
7366
4419
513
3024
2281
7905
4759
1304
7829
524
4422
9148
9999
4608
243
1334
1034
297
2028
907
7053
1282
3685
8056
19
8797
1151
1252
588
1362
1856
3397
9656
7238
9561
9899
6328
7622
2638
2702
7464
4896
3206
889
3047
3318
6890
3898
4287
3165
7218
7023
1315
7891
586
75
670
1763
8557
7629
4491
9879
2747
3059
7069
2899
4021
2598
1860
2628
6989
3576
7797
7666
4075
9757
2564
1476
690
6041
7945
4223
9792
6771
6222
8805
4376
1001
4919
2525
4940
8568
8510
7628
4747
3782
246
6510
1332
4889
7041
4948
1522
7085
475
8440
2340
6452
4432
2667
3692
7692
3458
3655
6321
7062
2708
7427
3543
5002
9451
9162
8642
1340
446
3195
302
173
6833
472
5569
7947
2402
38
4574
5786
7662
3304
6268
5284
8447
1976
743
4773
9268
7264
2705
4000
1997
8287
5371
5134
3525
2650
2779
2063
1192
9028
1365
1184
9574
8419
2168
6614
2005
4332
561
2399
733
7010
7237
7280
7076
655
5201
2517
3198
126
3874
8462
9373
5727
8836
4719
122
1354
6404
6234
1201
1251
5255
3373
1370
9015
9145
6683
1210
6049
1588
50
309
6872
1961
9939
6926
3486
7822
9734
5033
1689
1406
4320
3037
4672
1066
6009
55
5375
5270
6020
4398
3337
4186
1940
5452
6302
3770
176
9253
5103
6635
1619
1831
5481
1067
3074
4145
849
6523
8607
5602
6505
5215
6018
8234
5308
9725
44
8015
7000
377
7206
4991
3125
6966
1581
4382
6332
5223
9934
3400
1878
657
892
8742
9929
3185
8743
6818
5827
1523
724
7948
2773
1623
7214
2126
7057
6948
923
4946
7289
4327
6046
7707
9920
2741
1264
6804
6912
3557
5852
2435
6271
5872
2222
9688
7909
2312
9715
7778
4403
6421
4097
3699
8666
1410
8973
9597
3433
113
7169
7927
4609
8722
6151
8828
4856
9251
5931
7546
7433
8839
1191
2199
4737
6488
9772
6968
2979
6772
3066
5692
5629
8586
7141
9008
4303
891
5746
7290
1209
2228
7904
3709
3831
1561
6559
6277
3654
8166
2942
1620
4182
1587
4123
6086
9393
1182
962
6837
6494
8452
1684
5922
6787
3358
6071
8677
5309
2011
4964
7339
4006
2321
6999
8890
3563
8922
1224
2419
6769
5907
255
8612
354
6809
1297
6929
5149
6085
5040
5337
137
961
4638
9095
7544
8813
4333
4112
5616
860
9683
9914
9977
3765
598
9917
8334
6778
5515
2099
8193
2977
4314
5635
66
7957
8192
8538
8268
9579
8641
6785
7302
2391
2808
1402
1818
3947
1950
5502
827
8408
5023
7923
9376
3869
652
1286
8469
228
9730
492
4342
6434
4201
9612
9290
105
5564
3138
4960
9701
4529
6008
3523
8920
3970
7530
5517
281
3383
7928
4298
3866
4561
7212
9045
4048
3239
2372
512
787
2301
8373
1024
5211
9419
8351
8426
6094
6376
2504
2652
7774
5151
9191
8253
8163
3539
1312
8822
8730
9525
6398
1798
8782
1698
1608
9893
1774
7746
3672
2872
6
8315
2152
4257
7316
5890
9138
6343
2220
3544
6458
3648
3820
8126
7635
179
7695
422
8955
4041
7084
8575
2166
4699
6980
7232
5057
8534
7125
7978
6235
8550
7164
293
2033
7730
6792
7717
3227
9344
7726
3900
4216
8987
8127
9629
9936
6773
3865
7979
6426
6497
2376
8795
2446
6757
8969
240
895
2254
7686
1321
4109
9197
9269
7784
7798
8051
9537
2365
8303
9235
3454
7676
636
2180
9577
6879
5604
5086
8585
6615
8314
788
3968
8222
4282
970
6392
6692
8910
5884
841
8154
569
251
6043
5915
4212
270
5969
2431
2142
8028
2207
8262
3617
4142
6379
7764
3211
1335
9284
9770
3715
6985
4841
6479
8528
1226
5106
1353
1213
5902
4663
5392
7691
5066
7560
9800
4050
9301
8917
1897
595
3763
1840
8902
4981
6179
2758
2587
9600
9436
1161
7479
9996
1230
8540
2481
7494
8807
4715
3790
5140
3952
646
8347
378
3978
5492
6446
1962
3904
4126
6024
1461
1039
7276
118
4818
9086
7529
2230
1325
8809
8930
848
2333
7515
2612
5177
2169
7390
3816
4880
1766
3068
4552
5537
3285
4808
3106
957
4176
4462
9632
8778
1305
7081
8615
934
9885
400
2008
2182
4580
9700
3270
4049
3673
7489
5136
5677
1456
8960
5419
6129
3310
4530
1983
2124
6245
8694
7877
7625
3832
4576
9230
9113
9887
9791
6923
2153
7269
4440
6906
2917
1704
6736
2278
8682
3565
4547
2534
3052
8288
9777
3711
5996
744
8889
5847
9903
430
9580
7836
6607
9495
1686
2361
2056
6786
1596
1727
8991
1601
1432
2491
3197
15
2653
9989
5988
6257
5472
9022
8034
4344
6081
4500
5049
8477
6140
1420
4915
8714
7344
5717
5623
7898
8323
419
4711
4001
3094
754
8052
1942
9493
3225
8062
8650
3758
6356
2756
7716
2804
153
2649
4695
678
2401
3622
7058
2750
1924
5083
931
9339
3560
4831
1030
5510
8363
8925
9931
9968
4261
5453
9619
2575
4151
7680
8116
7720
2511
729
1881
1133
2616
5650
956
3262
4105
2683
4542
9816
8466
3437
4790
4842
1204
4745
7357
8359
8938
8548
8456
9485
8620
3231
3307
2244
9589
2190
5661
9242
4853
175
4311
2381
5542
2746
4442
2119
6628
814
4590
2201
9873
593
2203
3853
9333
3167
2355
2280
3916
2701
6471
1266
5584
2490
132
2764
8627
6924
3263
1033
5524
673
9310
4669
7405
3666
3959
8704
4637
8103
8524
7070
2842
9458
9054
9559
7213
3276
3027
2114
9798
5247
3549
6251
3488
7333
3623
3143
8989
9783
8720
3753
3533
7714
8066
3529
4816
7320
7966
1414
6941
8504
7109
2927
9697
4289
6588
9812
4091
1242
9510
304
8022
8106
310
9326
2270
5051
4215
1973
6146
4563
3176
8608
1637
3109
235
8335
9004
2556
8850
2618
615
8962
3638
1901
9853
7137
9523
1319
6718
4662
6371
8385
7582
8454
8271
3338
1451
5189
2903
5543
5401
8852
8500
2271
952
2957
6502
2850
4655
3238
2677
8633
8583
4553
4519
9078
3440
9348
6123
8848
373
9274
1194
1714
6677
2359
4207
6341
7806
1808
5077
2006
4971
8853
3554
8708
9219
9130
4589
9321
1295
8349
8387
1229
9111
6155
9203
8897
4150
6160
3281
114
2269
651
4054
8915
4296
5511
9948
5995
1848
1421
2448
4384
2351
4280
7991
3825
5775
3919
1148
7532
8717
8715
1237
4360
6462
3164
9966
9119
6756
4231
8060
7182
481
9644
7162
5956
963
4976
5900
6223
9720
913
2753
5939
5903
3562
1813
6830
3854
3954
7883
7318
7861
41
2439
741
2973
7597
6201
5816
2259
7535
4912
625
7032
942
2590
4385
8995
9329
2736
7224
7223
2430
850
2377
2709
2881
6601
8669
1806
4961
3477
4814
6847
4742
4008
5704
911
5807
9606
4955
8368
7688
8180
2691
5656
4127
1041
1274
4732
6782
9698
3173
4148
9742
3088
5445
30
7242
1828
3671
718
9288
8687
697
8338
3418
3277
2441
1906
8076
2418
536
7977
4493
9080
6493
3256
3459
455
2466
9651
4300
9684
1323
9161
6684
2136
8391
1228
8121
7438
5821
6882
558
2535
8632
6857
943
439
4952
9598
6492
5390
3759
6900
9704
8111
8108
8018
8298
484
8605
8273
3899
8712
645
5465
2293
5240
7337
3480
4698
975
4277
6185
9051
9135
661
8664
418
2675
3361
1913
8198
3762
507
48
9116
8798
1826
8117
2657
1574
7963
7349
5999
702
991
3637
7660
7817
463
52
3191
2790
7118
9055
3833
4603
5721
2634
3215
8696
2512
6029
700
7140
2785
9336
4811
6826
9760
2684
273
6056
4690
9063
5039
964
252
8318
2573
465
8756
4304
9835
7681
4060
85
5875
1614
4994
4078
705
6765
3924
8731
5104
438
1174
7659
633
3177
3818
1990
773
7139
9338
1671
6605
8081
8102
5933
7807
1409
207
8224
3787
6162
5653
2707
8135
3269
9735
1003
4689
3292
9368
5976
452
9257
4472
6776
2772
4802
4851
7878
1779
686
9569
4046
1416
7550
851
1656
1514
6952
8891
237
1090
761
3756
9721
425
2810
5259
9442
1255
3086
4478
914
6054
3754
5546
3579
6186
6401
4939
6609
3827
8623
3328
5783
9182
5812
5335
1083
95
1874
948
3547
1129
8382
321
2757
3393
5657
7324
5004
9706
119
8590
792
107
6861
8579
5230
3351
6794
3908
3785
8729
275
4921
8082
2132
1741
8660
3075
658
8738
616
4316
2398
5718
4490
9408
9969
7229
3145
5125
5628
3232
5350
6694
6812
8907
1505
1412
6716
2456
2803
2151
676
2030
5519
6249
4945
8322
825
1772
6191
3287
327
4914
680
21
8415
5032
3002
7759
9036
4702
8855
4098
5394
1530
3093
1249
531
4754
5042
8487
3426
6025
2276
2939
9746
1199
3845
1957
2761
7851
5737
8413
3417
6620
4539
4938
5440
5301
2565
4965
4957
3568
9889
2400
8686
142
8366
489
3130
4749
7795
4504
2263
2997
6662
341
2224
2339
5311
3382
3179
7400
8432
5193
7760
1300
6075
8045
335
3051
4224
1010
6962
4433
776
6449
2178
5693
8765
2682
4374
7152
8087
2617
4840
3340
9673
8932
3550
4521
3811
4852
7225
5324
2092
9765
7050
5579
6334
7815
7122
2473
4499
5558
8770
9716
8983
6597
2731
500
9761
2118
1661
2651
3229
1715
5769
5654
9443
5582
2463
8280
3083
3385
4512
725
726
7202
8602
3001
9672
8311
4927
9571
9817
6322
8838
8695
5176
7278
5574
8381
2763
915
3258
3371
7747
3909
1857
2273
9682
129
1490
8755
7684
9754
4511
9607
4659
6945
9405
7942
9558
5730
5640
8786
7648
7950
4459
2009
703
4154
5479
4760
965
5287
9645
7690
2462
7035
6048
7342
5790
7962
343
751
4153
4941
5251
5065
4135
482
2091
2411
4782
4438
2334
9446
8886
2820
3728
7210
9354
9850
8584
3921
904
8124
5288
1713
8403
862
9927
8296
9591
1428
1838
7014
6403
2170
3050
2685
4315
7727
8476
3419
8967
8054
7260
4071
5237
8516
2742
778
1418
8972
1552
359
6166
2075
5466
1697
9178
7500
4534
3537
2806
3962
2432
7821
5701
4758
2485
1506
2608
6788
6026
5058
2208
5236
2911
2382
8950
6508
4907
6266
820
685
7166
1640
3503
5541
5348
8792
2174
5949
5559
1750
554
3249
9026
8518
3101
4297
7970
6632
1202
8790
6741
6124
7172
2236
2818
375
5756
8460
1764
8282
2690
551
4601
3944
5740
5130
7517
8143
4643
3113
8736
2953
7706
8604
5819
7231
7755
6583
7997
1207
7115
4881
103
1243
4047
5960
1426
5530
3049
2088
4596
6944
901
2437
972
152
9507
7810
7968
8652
4990
2561
2807
2049
1376
1177
8455
7044
6289
1677
3747
5007
2140
337
2125
4002
9455
4520
7882
4450
777
1099
8337
8751
5358
6482
1865
2164
982
4624
7385
3792
1854
5934
6349
6921
4936
1873
641
7752
8128
2243
3153
3526
7897
2999
4454
7047
469
8601
4507
7135
8749
8274
8383
3512
2866
247
7178
5544
2362
3470
4736
2661
4418
883
5096
5456
7254
6047
4641
9127
3691
9941
9447
7577
9381
3
5018
6839
8759
4055
5535
4161
8247
537
2862
3171
1823
6922
6259
1559
7939
4779
6977
4867
5781
2520
7040
3273
11
4586
7868
9709
6871
3016
7875
7697
6880
6799
9993
1072
5987
9548
1718
3941
6530
5369
8019
424
8285
4956
9007
4815
3355
5937
1057
5318
5423
3546
8033
7775
7742
7819
4781
4872
1591
1484
4064
5961
9252
3464
2614
8190
4834
2585
6783
9833
3649
3092
496
8072
6606
9678
7281
950
5700
3339
8312
9281
9179
6738
1364
2726
7358
1994
3222
6225
6832
1984
1641
2037
755
7874
9374
557
4181
2988
3743
6263
2335
8545
5300
1863
2279
6789
2160
7376
1968
7871
3174
5322
5455
94
1577
5167
8000
7088
1958
8151
1680
7902
8750
8181
2156
2875
2131
2062
8702
5355
8638
1395
8885
2468
1889
1630
9883
7005
5027
8220
4560
836
1082
639
325
3367
3424
590
1135
1753
5069
9323
7451
9441
115
7745
4933
8369
6267
8941
5814
1548
5063
4165
3129
796
6270
6005
8937
7188
3686
9200
5809
1739
9733
1236
5981
9635
7704
4220
1824
2394
5983
3324
2925
3652
5705
4900
2965
6598
1526
3207
624
8448
6919
1186
5174
9153
801
1270
5093
6231
2892
6211
6875
5038
6233
389
4272
2266
3180
3844
7981
839
1035
6928
8345
4366
4074
4407
8100
8845
8513
7921
8243
154
6914
357
3883
7101
2857
3939
4128
360
7722
9568
9904
6731
2017
5468
9437
9664
3799
9096
9545
3884
1208
6397
4629
4777
1038
8629
8959
7038
790
5047
8898
7411
5208
5655
7431
3704
8668
8698
8177
9249
8625
7036
2695
8428
834
6883
1404
3625
9910
7841
8567
6260
3057
4066
9540
5630
5243
4312
9199
6616
4895
9818
6100
2407
9628
7453
2086
2877
6254
6535
5557
5285
5839
9048
441
3010
2743
6579
5228
9413
7257
7304
8741
3923
4378
453
6841
6973
9840
5379
1883
9061
2821
9050
2183
4721
511
1510
2861
7382
371
3205
5029
5129
1399
6967
1690
2155
7763
7869
9908
8294
7179
9646
236
8640
3932
9097
6904
6767
3450
5590
8596
5303
8412
4052
604
3090
3353
6556
2876
5407
4466
8352
7016
192
4024
1675
3886
7765
3929
3499
171
292
250
9263
7283
7103
8984
2532
9541
5155
9743
8405
6118
2064
7068
2791
6843
4505
9278
7011
9546
9788
1707
2507
5416
9634
4978
8636
4444
9923
3275
3123
6187
3404
1132
5565
967
9090
9379
772
6137
315
8425
6247
669
2234
9518
674
1534
4675
5297
2833
7534
865
6819
8723
4535
6578
2795
6563
4920
3684
7234
2931
6682
9801
8944
2216
8598
7677
9933
9691
4752
8175
847
9675
3474
1091
9016
8248
1064
5768
1205
3061
7204
7729
9978
6777
7361
7766
3401
8418
4206
3712
1358
6372
7201
6032
5710
2106
5974
4755
5805
1504
8036
4602
5459
6292
7705
7611
5665
9825
3184
5399
2109
582
1256
2748
623
8970
8252
2027
3878
6555
1069
3076
7723
2930
1025
5951
8436
393
7336
4661
5820
3627
5234
5744
7572
8609
6641
3131
9497
5658
7482
5952
117
1932
4309
8665
443
5917
6468
2212
8009
9657
5398
7191
1678
694
1520
6590
2287
2595
8159
3155
2603
6909
121
8221
668
1470
732
2436
6323
2457
7380
1143
5484
3018
447
3703
3228
2905
3973
5911
7460
2655
8924
5292
7601
1225
4474
7443
290
2116
826
9857
4879
1056
8070
5972
6158
269
6877
8942
2195
5509
8667
3972
1551
3892
2907
7732
370
9239
5387
1515
7756
1844
9767
7412
9366
9065
8386
5448
3767
4026
6840
8239
9867
4020
3430
7600
5696
4528
6133
6649
5901
5210
3678
1934
6475
813
2133
9583
4555
660
8003
9512
5591
5323
6554
6132
7669
1045
6681
7113
4258
2103
1900
3006
3046
9084
1666
2945
9332
6067
3036
5403
5631
230
9696
6336
2428
6981
2686
6702
4671
8265
665
4285
5680
2660
1872
4278
6531
7864
2855
1128
2495
4635
1575
2620
7913
9244
8814
3824
2601
4260
7330
1015
9599
6190
7895
8350
9134
8202
1971
5977
8254
1679
5317
8277
5750
1150
6824
3009
3843
9796
8764
9572
6478
5785
196
3540
9926
1005
9516
7744
6269
7295
4788
4061
8593
3599
5498
348
1293
6311
1580
3614
166
3381
8769
6039
7329
4411
6817
216
6574
4245
6064
2858
6163
4351
5431
6366
5606
6881
3072
4924
8356
9617
4202
5743
3121
9470
3906
5164
6101
2387
2050
2924
5315
2802
9331
6369
8272
2839
7198
2841
6724
9708
4103
1248
8362
6828
8328
8829
6084
8860
6901
7240
4114
6391
3087
9337
5254
5417
4517
5068
4969
3907
9149
5684
2893
8963
3823
6069
5534
1565
6317
6193
1673
3891
3224
3538
5514
8422
4835
666
4734
234
9227
7381
4794
8101
1231
5789
4846
1835
6740
8877
9960
808
6822
3142
7824
5712
9888
2122
5891
3679
2571
7393
803
5950
8032
7310
8189
5720
1021
3455
6424
1925
5955
1812
1060
9489
7842
4838
8892
1748
2888
6113
4121
3802
4753
5595
1915
8745
3807
6353
8450
946
6626
144
6860
6995
7013
928
4527
6939
6613
6014
7661
5143
9043
8201
7296
3368
5878
6072
2604
4012
72
4209
701
7937
829
3695
4111
6348
9448
1080
2776
8417
5490
6326
7080
6156
2659
7667
4730
9363
5660
6325
5312
1569
9131
1337
4631
8547
5908
3837
7525
8928
6485
5904
5386
7632
6377
6407
9444
4884
5734
8901
783
106
3411
8587
9271
9506
2936
3737
7384
8496
632
6015
3749
3963
9395
5806
4377
5506
5855
1615
2752
3395
612
9385
4079
5432
4356
526
1531
7796
2386
6335
7814
7136
5169
136
9409
8014
650
2522
4958
5679
6619
2016
7776
7929
2859
4082
7741
6210
621
8880
3257
7911
8997
4171
9981
3852
2672
9377
5600
9280
3631
5449
3925
174
815
7448
9
6759
5439
5476
712
1218
959
1935
6106
2406
5012
474
3441
7952
3931
79
786
6382
1444
7949
5748
5197
6491
183
1342
8105
6474
442
8242
713
7348
74
8184
4582
1887
7860
8818
3156
1643
4566
2348
5343
3356
704
2654
2235
3241
3330
6230
6472
4125
5762
9511
5329
2308
3933
7566
3708
3349
739
9831
3163
2148
9789
6795
2482
6396
3240
1670
2478
1777
4035
7767
8835
4172
2543
5359
5773
6935
2669
8879
2733
5420
6512
6469
9040
7143
3667
1348
5316
8948
8791
6164
7930
7456
8501
3181
6447
2205
2453
1330
3591
9398
7604
7026
9776
7435
527
4817
3757
3434
2812
637
405
336
5196
9248
7173
5122
9942
2581
3136
5480
2013
4294
1079
1610
1061
7170
4667
7286
3166
5365
3152
495
2369
8821
607
8506
8794
7315
816
8053
7130
514
5328
4072
8810
1156
3015
2181
7183
5936
9499
1796
4793
35
785
6045
9220
617
973
1495
3084
421
7982
3403
8676
2042
5521
9166
578
2526
300
613
4251
3189
996
5342
211
2501
387
1898
9827
4774
9802
5102
256
2738
5313
4219
3815
485
4796
2073
7994
3146
8187
5475
8909
6958
3244
1235
893
4208
8027
2316
9307
1360
140
6664
3252
2323
5752
548
329
4985
1755
5944
9520
688
8789
5408
7369
1303
3078
5888
4949
1875
8107
918
7063
1018
6899
1200
5079
9627
6779
998
8597
104
7504
8752
7827
3097
2972
80
4810
76
8152
818
4362
9187
1797
902
3387
1028
3589
5235
3988
6276
2514
5156
7567
6526
2217
2032
272
6078
5527
2987
5046
5022
6820
4893
9771
8509
2816
879
6805
8451
3674
6108
9781
7473
5282
6149
5601
8530
6791
6888
4063
7255
7236
9250
6216
9046
6450
3062
8113
8365
2984
3013
8671
9450
3789
9362
1730
8699
2492
324
9180
9012
3872
4275
3997
3104
8874
6987
8098
525
5666
740
5642
9132
9136
262
8732
7097
9024
3374
3943
2719
8115
1736
5150
835
9971
5522
7543
748
6199
7148
838
3303
9322
1759
9428
1357
2978
6188
5929
4288
3586
7351
260
9361
1089
8815
8843
4011
5141
6442
9601
149
6409
1120
9415
130
2588
7638
2464
7533
3452
3590
1457
2277
9072
5485
7610
7678
9596
4523
2932
4514
3500
7511
6182
6567
9773
9255
8024
2143
7830
97
8626
4175
3664
9194
6307
9245
2272
2157
6963
6707
7558
7823
1142
7521
3147
2838
5719
396
1355
5258
4694
809
7607
971
86
4798
8521
8238
767
6955
4210
28
9123
6733
479
7449
9528
233
599
5111
3707
722
2639
4400
7261
6217
1027
6001
9114
6808
9517
8123
9494
2360
1431
2698
8600
2798
6000
3510
4445
3849
4954
571
9156
2250
51
3336
3521
4424
9881
951
3527
2144
662
6950
3876
81
5321
7426
4904
2611
5080
3822
2193
2895
7095
2755
7935
8361
471
1970
6099
8658
4446
987
6167
2735
2720
4190
7207
3651
1146
1853
2688
3774
5675
9454
920
1112
3105
8209
7793
8934
7740
9524
3103
8982
8488
8410
4587
391
3836
2530
1390
9814
4130
10000
6749
7328
58
7481
4170
5415
6859
7623
6244
4077
2549
5461
5422
9406
4477
2540
5241
8433
3462
4357
8161
5928
6550
1849
6294
5927
8017
5265
7884
8785
8894
2687
7208
8279
6319
6135
3312
295
6552
562
3984
9121
9610
7334
2789
6058
7636
407
223
1621
5724
8758
9089
1839
3542
8553
1403
416
2770
503
9562
1170
8990
1389
765
4168
2967
5940
8558
7362
2582
2679
4180
1509
2292
5617
3095
3828
5391
9234
4067
1137
4425
5048
8691
9060
7247
9389
2545
9623
3612
1595
8716
98
2060
259
7920
764
2390
9173
605
3974
780
3524
450
8539
8240
7941
4799
4640
5021
9570
6863
4364
2827
7250
8086
8952
8492
3169
7565
3682
6911
356
9748
7001
4392
2248
547
7060
6546
3746
277
42
3644
4857
3341
322
6309
5340
3593
6522
6557
1744
8707
1708
9009
9847
5364
8634
647
4757
5199
3188
1054
5425
6012
4647
6165
7876
1810
1458
7833
7354
6964
6927
3041
4722
2322
6359
1771
890
5959
4819
832
2898
1982
6318
9590
9585
1349
544
1969
6874
2200
7585
8946
5095
1703
1668
1285
5648
8299
8
9962
919
9158
303
861
5078
6091
986
8908
1344
9872
1782
6676
7350
5238
4953
3366
6219
7391
3739
7712
5551
7925
4160
7331
9866
3659
888
854
9412
7894
6553
5457
2424
4537
8467
8659
5555
728
8041
4891
5753
871
4406
2662
9758
62
8251
4361
2034
8237
7538
9019
8643
3603
1411
1634
7424
2371
1109
5204
638
8137
5185
3698
1914
9483
4821
4951
576
2897
9342
5339
6074
520
1729
6858
8125
4670
1622
5158
5192
9909
2211
3409
3597
5382
1833
7019
4677
1105
3641
7845
3964
5536
9564
7227
2352
9834
7693
4797
538
6154
8919
4295
2836
1311
2716
254
7326
4413
4431
1662
9479
9491
5360
409
5835
6400
7288
1397
2167
4350
6910
1625
6405
6016
2703
9932
7584
9874
9912
4854
6173
3509
1705
8766
1347
6743
8182
2031
1122
3102
1737
8308
8619
1279
3953
1576
120
3702
5114
2751
8021
5632
3210
9147
5979
9241
6410
3446
8465
2711
9207
6979
2107
4173
9862
5706
1004
7121
8256
3100
2531
165
5447
6640
5000
3148
5171
27
242
1233
7975
7009
868
7986
7006
5834
369
6685
1101
2959
7848
7483
2307
7995
9967
6742
720
7768
1959
199
4934
1893
8906
4321
1945
4116
3578
9712
155
3887
5043
9924
9305
8725
2108
4568
6831
9071
4848
1554
1590
3442
5400
9463
7175
265
6541
5994
1423
5771
6053
1241
845
3985
5463
1384
7583
8817
1674
1094
311
3313
3040
8826
9141
7820
9224
7782
4028
1682
6971
5912
5711
6126
4306
8183
2341
5714
3388
3803
8895
181
3897
8904
7468
3478
859
699
8739
5181
9079
8196
9087
7029
8269
3110
5826
1822
9467
445
9369
1238
7649
7146
5289
737
6661
1331
4122
8639
6732
5368
2524
4089
3265
5295
9530
7672
3137
7612
1131
9811
200
747
7056
2784
5570
3894
2455
5034
352
2663
6297
6586
374
4595
3656
9533
3717
7017
3030
9677
5991
1267
2560
2974
9587
4488
1290
2745
3629
1250
6362
4193
4531
7015
4926
9622
2643
1454
4266
9723
6220
8420
2670
9565
7493
2885
9539
6052
2253
3461
4996
7161
4163
468
3085
6265
5857
9115
6960
3266
9669
5271
9347
6627
9434
5105
4593
2305
5886
1000
2265
294
7990
2544
2414
3801
5458
9107
4636
40
9222
2083
5330
289
5723
8185
7992
9126
8781
1289
1063
135
205
3467
9567
1537
7943
2644
9421
9609
7074
3714
5127
1166
6654
2460
4847
5050
4617
6636
4157
7626
2045
9681
8542
6399
8543
6580
4470
6314
3657
5212
9410
2946
2146
6571
2067
1519
258
7090
8097
9976
9707
8872
802
6378
5954
3333
5279
7309
3132
3250
5997
9457
167
2559
2309
7383
5866
4623
9744
6367
4943
7907
2646
6293
3780
3118
1584
1717
9845
5175
6036
5610
7501
7174
7645
2202
7021
2215
7553
264
5224
2552
5609
9659
4178
5385
5921
3660
2469
9928
2449
3531
4217
8635
3203
5450
2373
9397
7639
8301
3937
8011
3399
1785
9665
4480
3600
1187
9543
6564
8402
6544
9500
3048
7586
9311
459
9806
483
7474
5091
4246
5430
1999
1711
1448
3773
8145
7321
784
6594
5003
1927
7863
1931
2852
7138
427
2010
6441
2510
9824
5144
5015
3506
7343
5845
7267
2597
9856
7562
3694
7828
5388
8332
5854
5497
3347
8118
2960
2246
5728
6996
2408
187
4228
5100
1769
7915
6961
9521
2815
2718
1053
9112
817
884
6811
8614
9687
9739
5930
3302
5427
2198
4849
2665
6435
5275
3141
2345
7356
9396
9416
3606
8203
9325
846
4485
8569
2320
9052
6243
3398
3139
8228
2995
1802
2237
2906
6951
840
9841
4972
464
1991
215
8340
78
5045
4086
2664
8421
342
3114
8171
3335
3912
5221
6157
8493
477
7471
2452
7787
9478
9896
7651
2502
4883
7045
925
5832
403
280
2268
5349
7753
730
3640
5858
6696
8905
2744
4801
6228
116
736
4984
3028
7954
6815
1007
6630
6686
5586
4506
795
6006
9216
2894
5486
9432
6007
4451
7624
5550
2615
7938
2607
4005
7536
5314
5116
7107
898
5418
1219
8008
4040
2989
7042
7217
8044
9371
7067
1907
5603
9439
1598
2674
7518
5338
6697
2303
8980
203
8133
2476
7195
2048
6177
671
1350
4390
3917
3465
1062
7134
5195
8002
7701
1136
8235
4676
9386
6200
2910
2553
5560
8762
7159
5556
1722
6582
5437
3014
7505
312
7378
9172
7846
789
5166
8049
9021
5145
3804
5482
8978
8291
6957
6076
3415
9821
5673
3112
4339
9228
1533
1425
2516
2830
9259
501
9869
7313
5552
2291
5592
2262
2115
6103
2732
8186
9894
3420
4427
9504
4381
7924
1760
460
1239
2184
231
9468
1787
9916
4657
6035
9961
3621
7613
4243
995
1992
5010
227
4634
4348
3448
4783
7275
3311
9719
1876
7964
2240
8966
4611
8693
1966
9211
3663
8134
6329
8563
4967
3791
8570
3971
63
4776
7467
8457
4095
804
7559
6176
4874
1781
1246
2968
4484
8562
3775
5248
5749
6055
1223
9949
981
9002
7816
5641
5800
2415
5081
6549
6110
2671
3436
5362
9633
2529
5307
8998
7655
9534
3826
7531
6281
8912
1602
1486
5870
8333
4712
2002
3099
8325
9073
8214
4248
3605
3677
8130
4169
5916
4033
5443
1821
7187
7781
9695
8313
3332
31
4780
9356
6986
8267
9403
398
267
1351
763
3435
2990
1648
9094
4211
8005
9243
3862
4809
9039
8588
2729
876
8985
2980
6463
8927
5843
1589
2417
757
1600
1974
82
53
1374
2656
3903
6262
437
1558
4199
1077
5500
3848
3124
3669
5538
6701
3642
2057
5245
1809
5571
3528
4583
2648
4825
4569
2918
3243
6631
6667
8767
5782
8225
4144
1607
4372
8310
8541
9544
2357
6691
5319
3025
3961
4898
4196
8278
5072
5694
8502
9334
8644
1536
4414
7955
386
4117
3752
7072
4911
3571
4016
5993
6327
8370
3920
5064
2697
3212
3982
830
7750
4226
9157
6387
6226
1653
2267
358
3896
7131
1232
3394
7743
9108
5523
2845
5877
4249
8968
9732
7268
6344
9803
9189
7176
7046
351
8549
9210
1313
4538
229
6003
6591
3038
9047
306
3936
5198
5818
8760
7879
3447
3561
8830
6775
1309
945
9649
3194
7563
3776
7568
8004
5380
5668
4937
2913
2374
8485
874
2098
1528
7735
5801
6272
1051
8913
1710
3492
5376
9663
7007
3108
5879
2891
3031
3253
3881
5306
1145
1115
9286
9508
353
4551
1022
3567
508
4923
4434
7186
8255
138
5232
5883
4185
709
2185
1196
9884
1012
6700
1183
9992
3875
4038
6518
8057
6364
4
3949
564
5759
7395
4022
5713
6098
2294
717
8071
1298
7078
3058
3577
9270
9142
3111
6287
4017
288
8719
3786
6495
3160
7012
7472
5501
1778
5054
4897
6456
6059
5644
6752
9217
9427
9988
2177
2451
545
1941
4412
3604
7912
3413
800
782
2317
7199
1130
2055
3661
2304
710
7205
6141
5305
8599
1993
1513
68
8266
2605
532
7801
9417
9025
8245
8775
5009
9273
5780
7574
4353
1672
2023
3751
7496
8956
7551
6460
6668
4247
4191
7401
6360
8804
8856
4045
8042
5695
5436
8831
3291
3719
6816
2826
2129
9844
1287
4618
5225
523
6853
3724
5402
6430
8592
7233
9351
1938
5496
4456
6706
4968
3817
1995
3611
2935
6393
4681
8424
6643
910
7155
9404
4963
8215
9727
1308
4188
2579
1172
2636
519
1369
392
6415
6229
1923
2072
8735
5233
6413
1464
6608
7835
5331
7293
9832
9575
3190
3992
1371
5495
3056
6725
4156
1415
2472
5873
3301
6680
4426
954
7721
4388
9662
8304
7847
3670
2285
8947
3236
1123
1663
1221
4308
3209
5341
1055
2172
3476
5296
6363
3846
6887
3410
7106
2851
2068
3432
5793
9509
2003
4668
5253
7002
6143
7389
9240
6503
6019
4771
1902
172
8160
8617
8574
7783
2563
1899
9868
1891
6965
6658
8342
3809
6183
4875
4042
3885
9535
4138
640
6425
4195
4025
1604
3378
5575
2443
5840
402
3856
9815
3119
1695
6490
6298
6013
8483
711
6726
2940
7642
2120
8167
6253
1268
3490
4650
5508
1139
147
1947
949
6300
5568
6073
6205
1567
7630
1449
9557
401
8896
9317
5615
7769
4508
5025
2465
6439
5735
7243
209
4239
664
2101
8763
7916
4084
2409
4057
8649
4573
2777
381
4093
1378
6784
8031
3278
8961
4813
1302
1180
1291
24
932
6793
1113
5413
4429
2969
1380
2909
8512
6931
9282
5726
3570
9526
2044
3556
6538
8453
2546
5562
9152
5787
1073
1939
8621
4447
1427
560
4922
8119
7788
723
2765
4124
2609
2423
3319
1310
8320
7419
853
347
6304
5273
3859
7647
253
2256
2284
4644
1553
5662
3271
7071
2948
458
9751
5767
5188
6602
5139
5434
319
7117
6723
7779
4291
3065
6373
3372
3777
8083
8873
5885
6411
9991
3460
6565
5381
8040
6810
2550
614
8464
8375
9218
2173
1799
7319
9124
7230
771
1188
92
221
6669
9372
3768
1732
3216
5462
708
9100
4349
1606
1845
212
4622
1081
8628
738
4651
9209
7363
8089
9003
1921
9445
8139
9277
992
5594
9784
2970
6432
7065
653
2422
2061
7614
4820
2162
5182
61
5190
9759
5686
1850
3315
1564
3553
9407
823
7974
6850
3344
7429
1593
1612
9315
3976
9670
759
9705
7579
440
7527
8844
5867
9703
3042
2242
5967
3254
994
5880
99
2887
8999
3681
7785
3220
8104
2231
5451
2349
506
57
451
5229
2637
8482
3375
1562
4591
9359
56
3043
3496
2043
9752
4034
1955
2051
6611
5108
9946
8514
4906
563
1050
3960
1646
1557
5
9749
1987
3814
9794
2555
2421
9576
8718
1928
4108
587
4546
6603
8364
4630
6652
8346
3879
4326
1795
7885
8505
4009
3483
530
7804
7728
3736
1761
1986
1408
4639
6180
1222
6004
9165
6138
4452
1943
9790
4664
6040
1539
5429
3744
7228
1644
4088
6171
2704
3283
8459
456
1586
1197
9390
3514
610
5813
4600
8114
3834
4254
4598
3551
5831
2809
9605
4706
5438
1479
9641
1361
7215
7522
6542
2725
4902
7808
3572
2797
7854
4475
7446
5261
8341
6856
6338
9846
3096
9515
7987
4132
556
7771
9554
9214
8091
5798
8129
8825
5688
6280
9140
7087
1085
8016
8006
3495
6715
6894
3471
2554
8484
8713
9756
8737
3587
6296
3331
2000
5298
9652
5778
1346
7549
1903
261
2347
2379
4129
2879
2015
1244
811
5112
4543
5919
4876
7593
5374
5794
2175
6800
2941
9897
7189
8933
8582
4053
7437
8486
9031
193
4463
2645
2759
101
5766
9392
4524
6953
7890
8210
3193
1065
1288
4770
6949
210
2958
7003
742
574
9639
2038
7277
2393
2800
5850
6136
3710
2325
4197
9032
4221
4056
7892
2533
279
8297
6422
5651
6065
5352
6774
1140
2767
1100
9679
8293
864
6096
1807
1434
974
1855
7569
2594
6283
6633
1944
7633
8646
540
8164
8921
8188
6561
1639
7034
828
5011
5516
5529
9805
4397
8244
1965
5803
5837
9588
1895
1804
2486
5715
9492
6454
3386
266
2778
9764
3498
1988
1613
5830
1829
6079
2438
869
9027
7031
1685
4697
9710
6790
4929
8840
